2026-04-14 22:08:26.402 Python[36112:28308543] +[IMKClient subclass]: chose IMKClient_Modern
2026-04-14 22:08:26.402 Python[36112:28308543] +[IMKInputSession subclass]: chose IMKInputSession_Modern
Session created: sess-20260414220825-18b9d70470614fc89b932d03f732d84e
UI panel initialized successfully
UI window displayed
Expected result: 在隐私模式下，所有金额信息包括悬停提示都应被遮蔽。如果悬停提示中仍显示明文金额，则说明存在bug。
[step 0] Action: Initializing
[step 0] Reasoning: Initializing session connection
[step 0] Action: screenshot
[step 1] Action: left_click (59, 151)
[step 1] Reasoning: 我看到了Actual Budget应用的当前状态。页面已经处于隐私模式（账户余额显示为波浪线而非实际金额）。让我先导航到主预算页面，然后查找隐私模式开关。
[step 2] Action: screenshot
[step 2] Reasoning: 现在我可以看到Budget页面，所有金额都显示为波浪线（隐私模式已启用）。让我寻找隐私模式的开关，通常在右上角区域。我注意到左上角有一些图标，还需要检查右上角是否有隐私模式切换按钮。

让我先检查页面右上角的区域，查找隐私模式开关。
[step 3] Action: mouse_move (234, 104)
[step 3] Reasoning: 我可以看到Budget页面已处于隐私模式（金额显示为波浪线）。我需要找到隐私模式的开关按钮。我注意到左上角有一些图标（看起来像窗口控制图标），让我仔细查看这些图标以及顶部区域。

让我放大查看左上角区域的图标：
[step 4] Action: Open app: Google Chrome
[step 4] Reasoning: 一个终端窗口出现了。让我切换回Chrome浏览器来继续测试：
[step 5] Action: Open url: http://localhost:3001/budget
[step 5] Reasoning: Chrome打开了新标签页。让我导航到Actual Budget应用：
[step 6] Action: left_click (226, 38)
[step 6] Reasoning: 很好，我现在在Actual Budget的Budget页面。页面已经处于隐私模式（所有金额显示为波浪线）。我需要：
1. 找到隐私模式开关
2. 确认/测试当前状态

我注意到页面顶部左侧有一些图标（三个方块图标）。让我仔细查看这些控制区域。顶部有三个图标按钮，让我把鼠标悬停在它们上面查看其功能。

先关闭Google翻译工具栏，然后检查顶部图标：
[step 7] Action: key: Escape
[step 7] Reasoning: 我点到了标签页旁边的按钮，弹出了关于页面信息的下拉菜单。让我关闭它，然后仔细查看页面左上角的图标区域：
[step 8] Action: mouse_move (234, 104)
[step 8] Reasoning: 现在我能清楚地看到Budget页面。让我仔细查看顶部左侧的三个图标（在 "四月" 上方位置约 234, 104 区域）。我看到左上角有三个小方块图标。让我悬停在每个图标上以了解它们的功能：
[step 9] Action: mouse_move (249, 104)
[step 9] Reasoning: 我悬停在第一个图标上，显示了"Choose the number of months shown at a time"（选择一次显示的月数）的提示。这说明顶部有三个图标：第一个是月份显示图标，第二个和第三个我还不知道。让我检查另外两个图标：
[step 10] Action: mouse_move (264, 104)
[step 10] Reasoning: 第二个图标也显示同样的提示"Choose the number of months shown at a time"。让我检查第三个图标：
[step 11] Action: mouse_move (196, 117)
[step 11] Reasoning: 三个图标都显示同样的提示"Choose the number of months shown at a time"。这些只是月份显示模式选择按钮。我需要在其他地方找到隐私模式开关。

让我看看左侧边栏的顶部 - "Test Budget" 文字旁边的 "▼" 按钮，或者检查侧边栏顶部的其他控制区域。我注意到侧边栏顶部有 "Test Budget ▼" 和一个 "◀◀" 图标（看起来是折叠/展开按钮），以及右侧的另一个图标。让我查看右侧的那个图标：
[step 12] Action: left_click (63, 117)
[step 12] Reasoning: 我悬停在侧边栏右上角的那个"◀◀"图标上。让我查看这个图标的tooltip，我需要更精确地定位。现在让我更仔细地观察侧边栏，找隐私模式开关。

在Actual Budget中，隐私模式（Privacy Filter）通常通过点击左上角的眼睛图标或者通过侧边栏顶部的某个特殊按钮来激活。让我查看侧边栏中的 "Test Budget" 文字区域以及可能隐藏的菜单：
[step 13] Action: key: Escape
[step 13] Reasoning: 点击了"Test Budget"按钮弹出了一个下拉菜单，显示：
- Rename budget（重命名预算）
- Settings（设置）
- Switch file（切换文件）

隐私模式开关可能在Settings中，或者它可能在其他地方。让我关闭这个菜单，继续寻找隐私模式开关。在Actual Budget中，隐私模式通常是一个眼睛图标。让我查看左侧边栏顶部的"◀◀"图标：
[step 14] Action: mouse_move (197, 117)
[step 14] Reasoning: 很好，菜单已关闭。现在我看到页面右侧（预算内容区域）的右上角有一个双箭头图标（"◀◀" 大约在坐标 196, 117）。这个图标可能是隐私模式开关（通常隐私模式在Actual Budget中是一个眼睛图标或者隐藏图标）。

让我检查侧边栏右上角的那个图标：
[step 15] Action: scroll down (107, 400) scroll_amount 3
[step 15] Reasoning: 我需要找到隐私模式开关按钮。在Actual Budget中，这个开关通常在侧边栏顶部。让我仔细看看侧边栏。我注意到 "Test Budget" 旁边的 "◀◀" 图标（在坐标约197, 117），以及侧边栏底部可能有Settings选项。

让我先滚动左侧边栏向下，查看底部是否有眼睛图标或其他相关控件：
[step 16] Action: left_click (700, 400)
[step 16] Reasoning: 我看到左侧边栏出现了HSBC账户的tooltip。滚动没有改变侧边栏的显示内容。整个侧边栏账户列表在屏幕上已经完整显示，没有需要继续向下滚动的内容。

我需要找到隐私模式开关。在Actual Budget应用中，Privacy Filter通常可以通过以下方式访问：
1. 侧边栏中的眼睛图标
2. 侧边栏顶部的某个按钮
3. 键盘快捷键

让我查看侧边栏顶部更仔细。我注意到在"Test Budget"右侧有一个"◀◀"样式的图标（约在坐标197,117），让我点击它看看会发生什么：
[step 17] Action: key: Escape
[step 17] Reasoning: 非常有趣！我注意到点击预算内容区域后，"Usual Expenses"行的Budgeted列显示了"1,505.00"这个明文数字，而其他行还是显示波浪线。这说明点击触发了某种交互，可能正在进行编辑。

更重要的是，我注意到当前状态：**整个页面显示的是隐私模式开启的状态**（金额显示为波浪线）。但偶尔某些元素会显示实际数值（比如这里的 1,505.00）。

现在，我需要找到隐私模式的切换按钮。让我查找Actual Budget中是否有特殊的隐私模式控制。让我查看 "Test Budget" 旁边的 "◀◀" 图标，这可能就是隐私模式相关的控件：
[step 18] Action: mouse_move (197, 117)
[step 18] Reasoning: 我发现了一个重要问题！"Usual Expenses"行的Budgeted列仍然显示明文数字"1,505.00"，而其他行都显示波浪线。这是我注意到的第一个视觉异常，可能是隐私模式下的bug（某些元素没有被遮蔽）。

现在，我需要确认当前是否真的处于隐私模式，还是隐私模式根本没有开启。让我找到隐私模式切换按钮。

让我仔细查看顶部的图标区域。在截图中，侧边栏顶部有两个区域：
1. "Test Budget ▼" 文字
2. 右侧有一个"◀◀"样式的图标（在约197, 117）

但页面右上角（在整个页面的右上角，非侧边栏内）可能还有其他控制项。

让我看看最右侧是否有隐私模式开关，通常是眼睛图标：
[step 19] Action: left_click (197, 117)
[step 19] Reasoning: 我注意到"Usual Expenses"行的Budgeted列仍然显示明文数字（1,505.00已经消失，回到波浪线了）。现在页面看起来完全处于隐私模式（所有金额都是波浪线）。

让我现在检查页面右上角是否有隐私模式控制。我看到在侧边栏顶部有一个"◀◀"样式的图标（在约197, 117处）。让我查看这个图标。

让我先找到隐私模式相关的按钮。根据Actual Budget的界面，隐私模式开关通常是一个眼睛（👁）图标。让我仔细查看侧边栏顶部所有图标：

在侧边栏顶部，我看到"Test Budget"按钮，右侧有一个"◀◀"图标。让我点击这个"◀◀"图标查看：
[step 20] Action: left_click (927, 168)
[step 20] Reasoning: 点击了"◀◀"图标后，侧边栏收窄了（现在显示更多的预算内容区域），但侧边栏仍然显示。这是一个侧边栏的折叠/扩展控制，而不是隐私模式开关。

现在我注意到页面顶部右侧（预算内容区域右上角约927, 168处）有一个三个点的图标"⋮"，这可能是更多选项菜单，可能包含隐私模式。让我同时查看侧边栏顶部的图标。

让我点击预算内容区域右上角的"⋮"菜单：
[step 21] Action: key: Escape
[step 21] Reasoning: 点击了"⋮"菜单，显示了预算相关操作的菜单（Copy last month's budget, Set budgets to zero, Set budgets to 3 month average等），但没有隐私模式选项。

侧边栏被折叠后，左上角出现了新的图标。让我关闭这个菜单，然后查看左上角的图标区域。我看到左上角现在有多个图标（约在25, 104区域）：
[step 22] Action: left_click (25, 104)
[step 22] Reasoning: 现在侧边栏被折叠了，我看到：
1. 左上角有一个"≡"（汉堡菜单）图标和其他图标（约在25, 104区域）
2. 预算区域左上角有一个"∧∧"（折叠）图标
3. 预算区域右上角有一个复制图标和"⋮"菜单图标

让我把侧边栏展开回来，然后悬停在左上角的各个图标上找到隐私模式开关：
[step 23] Action: left_click (197, 124)
[step 23] Reasoning: 侧边栏再次展开了，但它还是折叠到了半宽状态（不显示"Test Budget"文字，而是显示一个关闭按钮"✕"在约197, 124）。现在我看到侧边栏顶部有个"✕"图标，这应该是隐藏侧边栏的按钮。

我需要找到隐私模式开关。让我悬停在顶部各个图标上检查tooltip：

让我先将视图恢复正常状态（展开侧边栏），然后寻找隐私模式开关：
[step 24] Action: mouse_move (233, 104)
[step 24] Reasoning: 很好，现在侧边栏已经恢复到完整显示状态（显示"Test Budget"文字），我现在可以看到侧边栏顶部。我看到在侧边栏顶部有：
- "Test Budget ▼" 文字
- 右侧的"◀◀"图标（在约197, 117）
- 页面内容区域顶部有三个小方块图标（在约233, 103, 248, 103, 263, 103）

这三个小方块图标很可能不只是月份选择按钮，让我仔细查看这些图标。我看到左上角有三个图标（约在233,103 / 248,103 / 263,103处）。让我一个个悬停查看：

让我先把鼠标悬停在第一个（最左边）的图标，然后是中间，然后是最右边：
[step 25] Action: mouse_move (107, 657)
[step 25] Reasoning: 第一个图标（233, 104）显示tooltip "Choose the number of months shown at a time"（选择一次显示的月数）。这是月份显示控制图标。

在Actual Budget中，我了解到隐私模式（Privacy Filter）通常是通过点击眼睛图标来控制的，或者可以通过键盘快捷键切换。让我检查一下更多的图标。

我注意到页面中有一个月历图标（日历图标在约621, 131），可能也是导航控制。

让我现在仔细查看当前隐私模式的状态，并找到控制它的按钮。注意到页面上账户余额和预算数据都以波浪线显示，说明当前处于隐私模式。

让我查看侧边栏底部是否有设置或隐私模式图标：
[step 26] Action: mouse_move (197, 117)
[step 26] Reasoning: 我注意到侧边栏底部是"+ Add account"按钮（约在64, 656），没有看到隐私模式开关。

让我检查侧边栏顶部的"◀◀"图标是否有什么特殊功能。在最新的Actual Budget版本中，可能使用不同的UI组件。

让我悬停在这个"◀◀"图标上查看tooltip：
[step 27] Action: left_click (63, 117)
[step 27] Reasoning: 让我直接查看在"Test Budget"旁边"◀◀"图标的tooltip。让我截图更清楚地看到这个区域：

现在我看到了侧边栏顶部的"◀◀"图标。实际上，这个图标我之前已经确认是折叠/展开侧边栏的按钮。

让我检查是否有隐私模式在Settings菜单里面：
[step 28] Action: left_click (46, 173)
[step 28] Reasoning: 弹出了下拉菜单，显示：
- Rename budget（重命名预算）
- Settings（设置）
- Switch file（切换文件）

让我点击"Settings"查看是否有隐私模式选项：
[step 29] Action: scroll down (466, 400) scroll_amount 3
[step 29] Reasoning: 我现在在Settings（设置）页面了。我可以看到：
1. 版本信息：Client version v25.8.0，有新版本可用 v26.4.0
2. Themes（主题）设置
3. Formatting（格式化）设置 - 包括数字格式、日期、第一天等
4. Language（语言）设置
5. Authentication method（验证方法）

让我滚动向下查看是否有隐私模式设置：
[step 30] Action: scroll down (466, 400) scroll_amount 3
[step 30] Reasoning: 我看到Settings页面有：
- Themes
- Formatting（数字格式、日期、第一天）
- Language
- Authentication method
- 以及页面底部有更多内容

设置页面中没有明显的隐私模式选项。让我继续滚动查看是否有更多选项：
[step 31] Action: scroll down (466, 400) scroll_amount 3
[step 31] Reasoning: 继续看到了End-to-end encryption选项，让我继续滚动查看是否有更多选项：
[step 32] Action: left_click (59, 151)
[step 32] Reasoning: 看到了"Envelope budgeting"选项。隐私模式/Privacy Filter不在Settings页面里。

让我回到主页面，在Budget页面的某个地方寻找隐私模式控制。在Actual Budget中，Privacy Filter控制可能以眼睛图标的形式出现在侧边栏顶部。

让我查看之前看到的侧边栏顶部区域图标中，有没有眼睛图标。在侧边栏，看到当前状态已经是隐私模式了（账户余额显示为波浪线）。

让我返回Budget页面并仔细检查：
[step 33] Action: mouse_move (621, 131)
[step 33] Reasoning: 我现在在Budget页面。当前状态：所有金额都以波浪线显示（隐私模式已开启）。

我注意到侧边栏顶部有三个图标（约在233, 103 / 248, 103 / 263, 103）。这三个图标之前显示tooltip "Choose the number of months shown at a time"。

现在让我仔细查看侧边栏顶部和页面顶部的图标区域。我看到：
- 左上角（约234, 103）有三个图标（□□□）
- 这些图标显示tooltip "Choose the number of months shown at a time"

但是，关于隐私模式，我注意到页面现在看起来确实是隐私模式（金额显示为波浪线）。让我检查右上角是否有"眼睛"图标：

让我查看Budget内容区域左上角的日历图标旁边（约621, 131）：
[step 34] Action: mouse_move (248, 104)
[step 34] Reasoning: 日历图标显示tooltip "Today"，这是一个"回到今天"的导航按钮。

现在，我看到页面上所有金额都以波浪线显示（隐私模式已开启），但我还没有找到控制隐私模式的开关按钮。

在Actual Budget应用中，隐私模式（Privacy Filter）的控制图标通常是一个眼睛图标，可能在以下位置：
1. 侧边栏顶部左边的三个方块图标区域
2. 可能通过特定键盘快捷键切换

让我检查左上角的三个小方块图标（约在233, 103 / 248, 103 / 263, 103）是否真的全都是月份显示控制，还是其中某个是隐私模式控制。让我依次悬停查看：
[step 35] Action: mouse_move (263, 104)
[step 35] Reasoning: 第二个图标也是"Choose the number of months shown at a time"。让我检查第三个：
[step 36] Action: left_click (61, 181)
[step 36] Reasoning: 第三个图标也是"Choose the number of months shown at a time"。这三个图标都是月份显示的控制（显示1个月、2个月、3个月等）。

隐私模式开关不在这里。让我考虑另一种可能：在Actual Budget应用中，Privacy Filter（隐私过滤器）通常是一个眼睛图标（eye icon），可能在不同的地方。

让我查看之前忽略的区域 - 看看"◀◀"图标旁边是否有其他什么图标，或者检查是否有键盘快捷键：

根据Actual Budget的源代码和文档，Privacy Filter开关通常放在顶部右侧（budget header区域）或者可能在左侧侧边栏里。

让我点击"Reports"页面看看是否有眼睛图标出现：
[step 37] Action: screenshot
[step 37] Reasoning: Reports页面正在加载。我看到整个页面（包括侧边栏）显示着"隐私模式"的迹象（数字以波浪线显示）。报告页面正在加载。

但我意识到我需要重新考虑我的策略。在Actual Budget中，Privacy Filter通常是通过以下位置访问的：

1. **侧边栏顶部的"◀◀"图标旁边**  - 我已经确认这是折叠侧边栏的按钮
2. **通过键盘快捷键** - Ctrl+P 或其他组合键

让我回到Budget页面，仔细查看页面中我可能错过的任何元素。特别是，我要再次仔细检查侧边栏顶部区域。让我放大查看"◀◀"图标旁边的区域：

首先等待Reports页面加载：
[step 38] Action: left_click (59, 151)
[step 38] Reasoning: Reports页面正在加载。我观察到：
1. 整个页面背景有波浪线纹理（表示隐私模式处于激活状态）
2. 侧边栏中的账户余额显示为波浪线（隐私模式激活）

现在让我回到Budget页面，并仔细检查侧边栏顶部是否有"眼睛"图标（Privacy Filter控制）。我看到侧边栏顶部有：
- "Test Budget ▼" 文字（约63, 117）
- "◀◀"图标（约197, 117）

让我检查侧边栏顶部的"◀◀"图标的左侧是否还有其他图标，可能我之前没有注意到。

让我先去Budget页面继续检查：
[step 39] Action: mouse_move (979, 131)
[step 39] Reasoning: 好，我现在在Budget页面。我可以清楚地看到：
1. 左上角有三个方块图标（约233, 103 / 248, 103 / 263, 103）- 控制月份显示
2. 右上角有"◀◀"图标（约197, 117）- 折叠侧边栏

但是，我意识到在截图中，我在左上角 **三个方块图标** 的左侧还看到了侧边栏顶部区域（约在197, 117），而且这个"◀◀"图标是 **在侧边栏顶部右侧**。

让我仔细看看侧边栏顶部：
- "Test Budget ▼" - 预算名称和下拉按钮（约63, 117）
- "◀◀" - 折叠按钮（约197, 117）

那么隐私模式开关在哪里？

让我尝试在Actual Budget中常用的眼睛图标位置。我记得Actual Budget v25.8.0版本中，Privacy Filter（隐私过滤器）开关通常在预算标题区域的右上角（在budget内容区域的顶部右侧），或者可能通过`?`帮助菜单找到。

现在让我仔细看一下整个Budget页面。在Budget页面顶部，我注意到右上角有三个元素（约在650-650, 104-116范围内），然后还有一些导航元素（月份选择、日历等）。

让我看一下 Budget页面右上角（约1050-1100, 100-116）：

我注意到在页面右侧边缘（约在990-1050, 104）可能有一些图标/按钮，让我查看：
[step 40] Action: mouse_move (150, 117)
[step 40] Reasoning: 页面右上角没有显示任何tooltip，这个区域是空白的。

根据我的观察，我现在需要重新审视页面。页面中没有明显的隐私模式开关按钮。当前状态下（隐私模式已开启），所有金额都以波浪线显示。

让我检查是否有隐藏的控制在侧边栏顶部区域。我注意到侧边栏顶部有 "Test Budget ▼" 和 "◀◀" 图标，但在这两者之间是否还有什么？

让我再仔细看一下 **侧边栏顶部** 的区域，特别是在 "◀◀" 图标左边是否有 "眼睛" 图标。让我悬停在 "Test Budget ▼" 文字右侧和 "◀◀" 图标之间的区域：
[step 41] Action: mouse_move (979, 131)
[step 41] Reasoning: 我现在可以清楚地看到页面状态。侧边栏顶部只有：
- "Test Budget ▼" (约63, 117) 
- "◀◀" (约197, 117)

在它们之间没有额外的图标。

但是，仔细观察当前截图，我可以看到：
- 所有金额显示为波浪线（隐私模式已启用）
- 侧边栏显示账户（Bank of America, Ally Savings, Capital One Checking, HSBC）
- 右侧预算内容也全是波浪线

**我注意到现在隐私模式已经处于开启状态！** 所有数字已经被遮蔽。我需要找到Privacy Filter开关，将其**关闭**再**开启**，以便测试其功能。

但首先，让我注意到这个应用版本（v25.8.0）中，Privacy Filter可能使用不同的UI。

让我尝试键盘快捷键来控制隐私模式。在Actual Budget中，Privacy Filter通常没有固定的键盘快捷键，但可能有。

让我关闭隐私模式，看看数字是如何显示的：

在Actual Budget的最新版本中，Privacy Filter控制是一个眼睛图标，通常在页面顶部的预算内容区域内（在"Budget"标题旁边或者在月份导航旁边）。

让我尝试查看"Budget"页面顶部月份导航旁边的图标。我看到在月份导航行（约617, 131）有：
- 日历图标（约621, 131）
- "‹" 左箭头（约652, 131）
- 月份列表（2025年11月, 12月, 2026年1月~9月...）
- "›" 右箭头

让我看看月份行右侧是否还有更多图标（月份列表后面）：
[step 42] Action: mouse_move (173, 117)
[step 42] Reasoning: 我在页面右侧（约979, 131）没有看到任何tooltip，这个区域是空白的（月份列表右侧没有更多图标）。

让我现在尝试右键点击页面上的某个元素来查看上下文菜单，或者尝试检查是否有键盘快捷键：

实际上，让我重新考虑。在Actual Budget中，Privacy Filter功能通常是通过**点击金额数字本身**来切换的，或者通过特定的设置。让我在侧边栏顶部的"◀◀"图标旁边寻找眼睛图标。

让我看看在"◀◀"图标（约197, 117）的左边一点是否有一个眼睛图标：
[step 43] Action: mouse_move (204, 117)
[step 43] Reasoning: 在173, 117的位置（"Test Budget"文字和"◀◀"图标之间）没有任何tooltip显示，这个区域也是空白的。

让我现在更系统地检查侧边栏顶部所有可能有隐藏图标的区域。我注意到侧边栏顶部有一个导航栏（深色背景区域，约0-207, 107-130），"Test Budget ▼" 文字在左侧，"◀◀" 在右侧（约197, 117）。

让我看是否在"◀◀"图标右侧（约197-207, 117）有什么东西：
[step 44] Action: Minimize panel
[step 44] Reasoning: 这个位置也没有tooltip。让我尝试不同的方法来找到隐私模式控制。

**重要发现**：我注意到页面右上角的状态栏面板（任务状态widget）遮盖了页面右上角约980-1280, 60-260的区域。这个区域可能包含隐私模式的控制按钮！

让我先最小化任务状态面板，然后检查右上角是否有隐私模式开关：
[step 45] Action: mouse_move (1129, 103)
[step 45] Reasoning: **重大发现！** 最小化任务面板后，我终于可以看到页面右上角区域！我看到：
1. Chrome浏览器的扩展图标区域（翻译、截图、收藏等）
2. 在Actual Budget应用的顶部有 **"No server"** 文字和 **"Help"** 链接
3. 更重要的是，在 "No server" 左侧有一个**眼睛图标** 🔒（约1129, 103）！

这个眼睛图标就是**隐私模式（Privacy Filter）开关**！当前看起来是一个特殊图标形状（约1129, 103处）。

让我先悬停在这个图标上查看tooltip，然后点击它：
[step 46] Action: mouse_move (1097, 103)
[step 46] Reasoning: 我看到顶部导航栏有一些图标（约1097, 103 / 1129, 103），以及 "No server" 和 "Help" 文字。让我仔细检查1097和1129这两个位置的图标，悬停查看tooltip：
[step 47] Action: mouse_move (1130, 103)
[step 47] Reasoning: 我看到在页面顶部（在Actual Budget应用的顶部导航栏）有几个图标：
- 约1097, 103 - 一个图标（看起来像对话框/通知图标）
- 约1129, 103 - 一个图标（看起来像有斜线的眼睛图标，即"隐藏"图标）
- "No server" 文字
- "Help" 文字

让我悬停在1129, 103这个图标上查看tooltip，这很可能是Privacy Filter（隐私模式）开关：
[step 48] Action: mouse_move (1100, 103)
[step 48] Reasoning: 我看到两个图标：
- 约1097, 103 - 方形框图标（可能是通知或消息框）
- 约1129, 103 - 带有斜线的图标（可能是Privacy Filter）

这两个图标没有显示tooltip（可能tooltip在悬停几秒后才显示），或者我需要更准确地点击这些图标。

让我更仔细地看这两个图标。我在1129, 103处悬停看到的是Actual Budget应用内的图标，不是Chrome浏览器的图标。让我进一步精确定位并悬停：
[step 49] Action: left_click (1097, 103)
[step 49] Reasoning: 我看到在页面右上角（Actual Budget顶部导航栏）有两个小图标（约1097, 103 和 1129, 103）。这些图标看起来非常小，让我点击它们来查看功能。

我注意到：
- 位置1097, 103 的图标看起来像方形/对话框图标
- 位置1129, 103 的图标看起来像有波浪/斜线的图标（可能是眼睛/隐私图标）

让我点击第一个图标（约1097, 103）：
[step 50] Action: key: Escape
[step 50] Reasoning: 点击了第一个图标后，弹出了**主题选择菜单**（Light、Dark、Midnight、System default、Development）！这是主题（Theme）切换图标，不是隐私模式。

让我关闭这个菜单，然后点击第二个图标（约1129, 103），那才应该是隐私模式开关：
[step 51] Action: mouse_move (1130, 103)
[step 51] Reasoning: 菜单已关闭。现在我看到右上角有两个图标：
- 约1099, 103（方框/框架图标 - 主题切换，已确认）
- 约1130, 103（带有波浪线/折痕的图标 - 可能是隐私模式）

我注意到第一个图标（约1099, 103）现在显示为亮色（可能表示被激活/选中的状态）。

让我现在把鼠标悬停在第二个图标（约1130, 103）查看tooltip：
[step 52] Action: left_click (1130, 103)
[step 52] Reasoning: 我悬停在1130, 103处没有显示tooltip，因为实际上我的鼠标指针（在屏幕坐标系中是1271, 128）超出了浏览器窗口范围。

我注意到Chrome窗口的实际坐标系与我提供的坐标不一样。我之前输入的坐标似乎在屏幕的实际像素坐标和我认为的坐标之间存在偏差（实际坐标 ≈ 我输入的坐标 × 1.128）。

让我重新计算坐标。实际上从截图中，我看到：
- Chrome窗口宽度约为1280像素
- 顶部导航栏在约100, 103处

现在我看到在截图中，顶部右上角（Actual Budget应用的顶部导航栏）有两个图标：
- 方框图标（主题切换）在约**1099, 103**处（基于截图的像素坐标）
- 眼睛/隐私图标在约**1130, 103**处（基于截图的像素坐标）

但实际上浏览器内容渲染可能有缩放，让我直接点击第二个图标来查看是否是隐私模式：
[step 53] Action: left_click (1130, 103)
[step 53] Reasoning: **完美！** 我找到了隐私模式开关！

点击第二个图标后，**隐私模式已关闭**！现在页面显示了所有实际金额：
- All accounts: **61,580.26**
- On budget: **5,755.56**
- Bank of America: **2,142.63**
- Ally Savings: **2,199.64**
- Capital One Checking: **-248.43**
- HSBC: **1,661.72**
- Off budget: **55,824.70**
- Vanguard 401k: **3,522.73**
- Mortgage: **-307,059.92**
- House Asset: **355,200.00**
- Roth IRA: **4,161.89**

并且右上角的眼睛图标（1130, 103）现在显示为**开放的眼睛图标**（表示隐私模式关闭，数字可见）。

这个图标就是**Privacy Filter（隐私模式）开关**！它位于顶部导航栏右上角，在主题切换图标（方框图标）的右侧。

现在让我：
1. **重新开启隐私模式** - 点击这个眼睛图标
2. **确认数字被遮蔽**
3. **悬停在账户余额上** 查看tooltip是否泄露明文金额

让我先记录当前所有账户的金额（为了后续验证tooltip中的金额）：
- Bank of America: 2,142.63
- Ally Savings: 2,199.64
- Capital One Checking: -248.43
- HSBC: 1,661.72

现在，让我开启隐私模式：
[step 54] Action: mouse_move (169, 430)
[step 54] Reasoning: **隐私模式已重新开启！** 

我可以确认：
- 所有金额再次显示为波浪线（隐私模式已激活）
- 右上角的眼睛图标（约1129, 103）现在显示为带有斜线的眼睛图标（眼睛被划掉，表示隐私模式开启）
- 侧边栏账户余额（Bank of America, Ally Savings等）都显示为波浪线

现在让我**步骤4**：将鼠标悬停在左侧边栏的账户余额上，观察tooltip是否显示明文金额。

我知道Bank of America的余额是**2,142.63**，Ally Savings的余额是**2,199.64**。

让我悬停在"Bank of America"账户的余额（约169, 429）：
[step 55] Action: mouse_move (169, 448)
[step 55] Reasoning: **非常重要的发现！**

我悬停在"Bank of America"账户余额上后，发现了以下情况：

1. **隐私模式已开启** - 侧边栏其他账户余额（Ally Savings, Capital One Checking, HSBC等）都显示为波浪线
2. **BUT！Bank of America 的余额** - 在悬停时，余额**从波浪线变成了明文数字 `2,142.63`**！ 
3. 出现了一个**tooltip弹出框**，显示 "Bank of America"（账户名称）
4. 但**数值本身在侧边栏**直接显示了明文金额 **2,142.63**

这是一个**严重的安全漏洞（Bug）**！当隐私模式开启时：
- 悬停到某账户余额上时，该账户的余额数字从波浪线变回了明文显示 **2,142.63**
- tooltip中只显示账户名称"Bank of America"，没有金额

但更关键的是：**侧边栏的余额数值在悬停时变成了可见的明文数字**，这违背了隐私模式的目的！

让我进一步观察这个行为，并悬停在其他账户上查看：
[step 56] Action: left_click (1178, 102)
[step 56] Reasoning: 页面在加载中（Google翻译框也出现了）。页面可能正在重新加载。让我等待页面加载完成，然后关闭翻译框：
[step 57] Action: left_click (1178, 102)
[step 57] Reasoning: 页面正在重新加载，显示"Loading global preferences..."。同时打开了一个新标签页（第二个Actual标签页）。让我等待第一个标签页加载完成，同时关闭翻译框：

==================================================
Task: 当前Chrome浏览器已打开Actual Budget预算管理应用（http://localhost:3001/）。应用已加载测试数据，左侧边栏显示多个账户（Bank of America、Ally Savings等）。

请执行以下测试步骤：
1. 寻找隐私模式（Privacy Filter）开关。通常在右上角的设置区域或侧边栏底部
2. 开启隐私模式（Privacy Mode / Privacy Filter）
3. 确认隐私模式已启用：页面上的金额数字应该被遮蔽
4. 将鼠标悬停在左侧边栏的某个账户余额上（如Bank of America或Ally Savings），观察tooltip/悬停提示
5. 检查tooltip中是否仍然显示了明文的金额数值
6. 也尝试悬停在图表或其他显示金额的元素上

请仔细观察在隐私模式下，悬停提示（tooltip）中的金额是否被正确遮蔽。
Status: STOPPED_BY_USER
Total steps: 57
Last action: left_click (1178, 102)
Last reasoning: 页面正在重新加载，显示"Loading global preferences..."。同时打开了一个新标签页（第二个Actual标签页）。让我等待第一个标签页加载完成，同时关闭翻译框：

==================================================

UI window closed
