2026-04-14 22:19:58.361 Python[38246:28325532] +[IMKClient subclass]: chose IMKClient_Modern
2026-04-14 22:19:58.361 Python[38246:28325532] +[IMKInputSession subclass]: chose IMKInputSession_Modern
Session created: sess-20260414221957-ee730a6a4ea94253a1caf964adf01069
UI panel initialized successfully
UI window displayed
Expected result: 银行同步的账户关联设置应在选择后正确保存。如果选择了账户但保存后设置丢失，则说明存在 bug。
[step 0] Action: Initializing
[step 0] Reasoning: Initializing session connection
[step 0] Action: screenshot
[step 1] Action: Open url: http://localhost:3001/settings
[step 1] Reasoning: 我看到了Actual Budget应用的主界面。现在我需要找到银行同步（Bank Sync）设置的入口。通常在Settings（设置）中可以找到这个选项。让我先查看设置页面。
[step 2] Action: scroll down (640, 400) scroll_amount 5
[step 2] Reasoning: 设置页面已打开。我可以看到客户端版本是v26.4.0，服务器版本是N/A（未连接服务器）。现在需要向下滚动查找Bank Sync（银行同步）相关设置。
[step 3] Action: scroll down (640, 400) scroll_amount 5
[step 3] Reasoning: 继续向下滚动查找Bank Sync设置。
[step 4] Action: scroll down (640, 400) scroll_amount 5
[step 5] Action: left_click (57, 430)
[step 5] Reasoning: 我看到设置页面底部有一个"Show advanced settings"链接，但我没有看到直接的Bank Sync设置。Bank Sync通常是通过账户设置来进行的。让我先尝试通过某个账户来进行银行同步设置。让我点击左侧的某个账户（如Bank of America）来查看银行同步选项。

但首先，我注意到Bank Sync的设置入口通常在账户详情中。让我先点击一个账户，然后查找"Link account"或"Set up bank sync"的选项。
[step 6] Action: left_click (1253, 191)
[step 6] Reasoning: 我已进入Bank of America账户页面。我可以看到账户交易列表，还有顶部的一些操作按钮。我需要找到"Bank Sync"选项，通常是在账户的三点菜单（...）或账户设置中。让我点击右上角的三点菜单按钮（...）。
[step 7] Action: key: Escape
[step 7] Reasoning: 菜单打开了，我可以看到一些选项：Show running balance, Show balance chart, Hide "cleared" checkboxes, Hide reconciled transactions, Export, Close account。但没有直接的"Bank Sync"选项。

Bank Sync通常需要通过另一个途径来设置。让我关闭这个菜单，然后尝试通过"Add account"或直接在账户设置中查找。让我先关闭当前菜单，然后查找是否通过账户标题点击可以进入账户设置。
[step 8] Action: mouse_move (1221, 191)
[step 8] Reasoning: 在Actual Budget中，Bank Sync功能通常是通过右侧的同步图标（旋转箭头图标）来访问，或者是在"Add account"流程中设置。让我检查账户页面上其他图标的功能。我注意到右上角有几个图标，让我检查锁图标旁边的图标（可能是同步图标）。

让我尝试点击账户名称旁边看看是否有编辑选项，或者直接导航到银行同步设置URL。

在Actual Budget中，Bank Sync设置通常在账户设置页面中。让我尝试通过URL直接访问，或者右击账户名查找"Link account"选项。

让我先检查一下那个同步相关的图标：
[step 9] Action: left_click (64, 657)
[step 9] Reasoning: 我看到那个图标的提示是"Collapse split transactions"。现在让我检查其他图标，特别是锁图标。Bank Sync的设置入口可能需要通过"Add account"流程来进入，或者通过一个特定的功能按钮。

在Actual Budget应用中，银行同步（Bank Sync）通常通过 GoCardless 或 Plaid 等服务提供。让我尝试通过"Add account"来开始银行同步设置流程。
[step 10] Action: left_click (640, 434)
[step 10] Reasoning: 现在我看到了"Add account"对话框，其中有两个选项：
1. "Create a local account" - 用于手动添加交易的本地账户
2. "Set up bank sync" - 连接到Actual服务器设置自动同步

我需要点击"Set up bank sync"按钮来开始银行同步设置。
[step 11] Action: left_click (849, 296)
[step 11] Reasoning: "Set up bank sync"按钮显示为灰色且点击没有响应。这是因为界面提示"Connect to an Actual server to set up automatic syncing" - 需要连接到Actual服务器才能使用此功能，而当前显示"No server"（右上角）。

但任务要求我尝试进行银行同步的初始账户关联设置。让我关闭这个对话框，并尝试另一种方式 - 通过现有账户的设置来链接银行账户。在Actual Budget中，有时可以通过账户侧边栏中右键点击来访问"Link account"选项。

让我先关闭这个对话框，然后尝试右键点击侧边栏中的账户名。
[step 12] Action: right_click (57, 430)
[step 12] Reasoning: 现在我需要尝试在已有账户上设置银行同步。在Actual Budget中，可以通过右键点击账户来查看更多选项，或者通过Settings中的银行同步设置来进行。

让我尝试右键点击左边侧栏的"Bank of America"账户，看看是否有"Link account"或"Set up bank sync"的选项。
[step 13] Action: key: Escape
[step 13] Reasoning: 右键点击账户只显示了"Rename"和"Close"两个选项，没有"Link account"或银行同步相关的选项。

让我关闭这个菜单，然后尝试通过Settings页面中的高级设置来找到Bank Sync选项。
[step 14] Action: left_click (65, 329)
[step 14] Reasoning: 让我导航到Settings页面，查看"Show advanced settings"选项中是否有Bank Sync相关设置。
[step 15] Action: scroll down (640, 400) scroll_amount 10
[step 15] Reasoning: 设置页面已加载。让我向下滚动到底部找到"Show advanced settings"链接并点击它，看看是否有Bank Sync相关设置。
[step 16] Action: scroll down (640, 400) scroll_amount 5
[step 17] Action: left_click (297, 577)
[step 17] Reasoning: 我看到了"Show advanced settings"链接。让我点击它来查看是否有Bank Sync相关设置。
[step 18] Action: scroll down (640, 400) scroll_amount 5
[step 18] Reasoning: "Advanced Settings"区域已展开。让我向下滚动查看更多设置，特别是寻找Bank Sync相关的选项。
[step 19] Action: scroll down (640, 400) scroll_amount 5
[step 19] Reasoning: 在高级设置中我看到了IDs信息（Budget ID: _test-budget, Sync ID: (none)）和"Reset budget cache"按钮，但没有直接的Bank Sync设置。让我继续向下滚动，看看是否还有其他选项。
[step 20] Action: left_click (57, 430)
[step 20] Reasoning: 在Settings页面中没有找到直接的Bank Sync设置。Bank Sync设置通常不在这里，而是通过"Link account"功能进行的。

从前面的观察可知，Bank Sync的主要入口是通过"Add account" → "Set up bank sync"按钮，但由于当前处于"No server"状态（没有连接服务器），该按钮是禁用的（灰色）。

然而，在Actual Budget v26.4.0中，还有另一个入口 - 通过已有账户的"Link account"功能。让我检查是否可以通过点击账户旁边的同步图标来访问Bank Sync。让我回到Bank of America账户页面，检查账户右上角的图标。

让我点击Bank of America账户查看其详情，并尝试找到"Link account"选项：
[step 21] Action: mouse_move (1189, 191)
[step 21] Reasoning: 好的，我在Bank of America账户页面。现在我需要检查右上角的图标区域，特别是那些与银行同步相关的按钮。让我先检查右上角的所有按钮图标，看看哪个是与银行同步相关的。

在页面右上角有几个图标：锁图标（1189左右），一个展开图标（1219左右），三点菜单（1251左右）。让我仔细查看这些图标并悬停在上面以查看工具提示。

先查看那个看起来像"刷新"或"同步"的图标：
[step 22] Action: mouse_move (1220, 191)
[step 22] Reasoning: 我看到锁图标的工具提示显示"Not yet reconciled"（还未对账），而在右边还有其他图标。让我查看其他图标的工具提示。

让我查看带有箭头/方向图标的工具提示：
[step 23] Action: left_click (1253, 191)
[step 23] Reasoning: 这个图标是"Collapse split transactions"。现在让我查看三点菜单（...）旁边左侧的图标的工具提示。在现有账户界面中，Bank Sync选项通常在三点菜单（...）里。我之前已经查看过那个菜单，没有直接的Bank Sync选项。

让我重新尝试点击三点菜单（...），更仔细地查看它的选项：
[step 24] Action: key: Escape
[step 24] Reasoning: 三点菜单显示了以下选项：
- Show running balance
- Show balance chart
- Hide "cleared" checkboxes
- Hide reconciled transactions
- Export
- Close account

没有"Link account"或"Set up bank sync"选项。这说明在当前版本（v26.4.0）中，没有连接服务器的情况下，Bank Sync功能无法使用。

让我关闭这个菜单，并尝试一种不同的方式 - 直接查看是否有类似于"Link account"的功能按钮在账户名旁边（在账户标题右侧）。

让我先查看左侧列表中账户名旁边是否有一个同步图标，该图标有时候在账户名称右边显示一个小圆圈或同步图标。
[step 25] Action: left_click (64, 657)
[step 25] Reasoning: 在Actual Budget中，当连接到一个服务器时，会有GoCardless银行同步功能。但当前显示"No server"，意味着没有连接到Actual服务器。

不过，在v26.4.0中，Bank Sync有一个特别的设置流程。让我尝试通过"Add account"按钮，然后点击"Set up bank sync"来进入设置流程，即使该按钮看起来是禁用状态，我也需要再试一次：
[step 26] Action: left_click (640, 434)
[step 26] Reasoning: 我看到"Add account"对话框，其中"Set up bank sync"按钮显示为灰色（禁用状态）。虽然外观上是禁用的，但让我尝试点击它，看看是否有响应：
[step 27] Action: left_click (712, 467)
[step 27] Reasoning: "Set up bank sync"按钮点击没有响应 - 这是因为该按钮处于禁用状态（灰色），需要连接到Actual服务器才能使用。

我看到对话框中有一个链接"automatic syncing"，让我点击它看看是否会导航到服务器设置或提供更多信息：
[step 28] Action: left_click (609, 35)
[step 28] Reasoning: "automatic syncing"链接打开了一个新的空白标签页（about:blank），显示页面为空白。这说明该链接指向的URL失败了，这是一个**视觉/功能异常**。

让我关闭这个新标签页，返回到原来的Actual Budget页面，并尝试通过Settings或其他方式进入Bank Sync设置流程。

**已观察到的问题：**
1. "automatic syncing"链接在新标签页中打开了一个空白页面（about:blank）- 这是一个bug，链接失效。

现在让我切换回原来的Actual Budget标签页，并尝试通过Settings连接到服务器来启用Bank Sync功能：
[step 29] Action: left_click (848, 296)
[step 29] Reasoning: 我看到第4个标签页"Connecting Your Bank | Actu..."（看起来是Actual Budget的文档页面）也已经打开了。我仍然在Bank of America账户页面，"Add account"对话框仍然显示。

注意到"automatic syncing"实际上打开的是一个文档页面（"Connecting Your Bank | Actu..."），不是空白页。我之前看到的空白页是因为页面还在加载中。

让我先关闭当前对话框，然后尝试通过Settings连接服务器来启用Bank Sync功能。实际上，我需要先登录到服务器（连接到localhost:3001）。

让我关闭这个对话框，找到连接服务器的入口（右上角的"No server"按钮）：
[step 30] Action: left_click (1178, 103)
[step 30] Reasoning: "Add account"对话框已关闭。现在我看到右上角有"No server"按钮。这个Actual Budget应用正在 localhost:3001 运行，而它自身就是服务器。

让我尝试点击"No server"按钮，看看是否可以连接服务器。这可能会让我输入服务器URL来连接，然后就可以启用Bank Sync功能：
[step 31] Action: left_click (1148, 135)
[step 31] Reasoning: 点击"No server"按钮后，显示了一个下拉提示"Start using a server"。这说明可以通过这个入口连接到服务器。让我点击"Start using a server"按钮：
[step 32] Action: left_click (520, 468)
[step 32] Reasoning: 很好！我看到了服务器配置页面，标题是"Where's the server?"，其中有：
- 一个URL输入框（placeholder: https://example.com）
- OK按钮
- "Use current domain"链接
- "Don't use a server"链接
- "Create test file"按钮

由于应用本身运行在localhost:3001，我可以点击"Use current domain"来连接本地服务器，或者直接输入"http://localhost:3001"：
[step 33] Action: left_click (841, 427)
[step 33] Reasoning: "Use current domain"按钮已经自动填入了"http://localhost:3001"到输入框。现在我需要点击"OK"按钮来连接服务器：
[step 34] Action: Open url: http://localhost:3001
[step 34] Reasoning: 连接服务器出现了错误提示："Server does not look like an Actual server. Is it set up correctly?"（服务器看起来不像是Actual服务器。它是否已正确设置？）

这说明虽然URL是localhost:3001，但服务端没有返回正确的Actual服务器响应。这是因为localhost:3001本身只是提供Web UI的前端，后端服务器API可能需要其他端口或配置。

这个应用正在以测试文件模式运行（看标题"Create test file"）。在这种情况下，Bank Sync功能（通过服务器连接）无法直接配置。

不过，即使在这个状态下，我也可以尝试另一种方法：通过一个现有账户的链接设置（如果该账户页面有一个"link account"或"set up bank sync"的功能）。

让我查看是否Actual Budget提供了一个直接的Bank Sync配置页面URL：
[step 35] Action: left_click (228, 37)
[step 35] Reasoning: 好的，我回到了Actual Budget主页面。我可以看到Budget视图，左侧有各种账户：Bank of America, Ally Savings, Capital One Checking, HSBC（在"On budget"下），以及Vanguard 401k, Mortgage, House Asset, Roth IRA（在"Off budget"下）。

还注意到一个Google翻译工具栏出现了，这是Chrome的自动翻译功能，是一个干扰因素，不是应用本身的问题。

让我先点击"x"关闭Google翻译工具栏，然后继续：
[step 36] Action: left_click (609, 35)
[step 36] Reasoning: 我看到了一个关于第一个标签页的提示（localhost:3001, 内存521MB），而不是关闭翻译栏。让我点击别处关闭这个提示，然后继续。

我需要换一个思路。由于之前的测试表明localhost:3001无法作为Actual服务器来连接（错误："Server does not look like an Actual server"），我需要找到另一种方式来测试Bank Sync功能。

让我切换到第3个标签页（Actual Budget），并通过Settings页面找到Bank Sync的配置入口。在某些版本的Actual Budget中，有一个"GoCardless"或"SimpleFIN"的银行同步配置，位于Settings的"Integrations"部分：
[step 37] Action: left_click (1046, 35)
[step 37] Reasoning: 我还在"config-server"页面。我注意到第5个标签页（最右边的"Actual"标签）可能是之前打开的一个不同标签。让我切换到第5个标签，它可能是一个已经连接到服务器的界面：
[step 38] Action: left_click (52, 242)
[step 38] Reasoning: 很好！我在第5个标签页（localhost:3001/budget）上，这是Actual Budget的主预算视图。右上角仍然显示"No server"。

现在让我尝试另一种方式进行Bank Sync设置。在Actual Budget中，Bank Sync可以通过Settings页面中的"GoCardless" 或 "SimpleFIN"集成来设置。让我点击左侧的"Settings"（设置）。

但首先，我注意到左侧边栏中有一个"More"按钮，让我展开它查看是否有其他选项：
[step 39] Action: left_click (65, 329)
[step 39] Reasoning: "More"下拉菜单展开了，显示了：Payees, Rules, Tags, Settings。让我点击"Settings"进入设置页面：
[step 40] Action: scroll down (640, 400) scroll_amount 5
[step 40] Reasoning: 我在Settings页面（localhost:3001/settings）。现在我需要向下滚动，找到Bank Sync或GoCardless/SimpleFIN相关的设置。让我向下滚动查看：
[step 41] Action: scroll down (640, 400) scroll_amount 5
[step 41] Reasoning: 向下滚动后，我看到了：
- Language设置
- End-to-end encryption（灰色，"Enable encryption"按钮禁用，因为没有服务器）
- Envelope budgeting 设置

继续向下滚动查找Bank Sync相关设置：
[step 42] Action: scroll down (640, 400) scroll_amount 5
[step 42] Reasoning: 我看到了：
- End-to-end encryption（灰色，禁用）
- Envelope budgeting / tracking budgeting 设置
- Export设置

继续向下滚动查找Bank Sync：
[step 43] Action: left_click (297, 577)
[step 43] Reasoning: 我看到了Settings页面的底部，有：
- End-to-end encryption（禁用）
- Envelope/tracking budgeting 切换
- Export data
- "Show advanced settings"链接

Settings页面中没有直接的Bank Sync设置。现在让我点击"Show advanced settings"来查看高级设置中是否有Bank Sync相关设置：
[step 44] Action: scroll down (640, 400) scroll_amount 5
[step 44] Reasoning: 高级设置已展开，显示了"Advanced Settings"标题和IDs相关的信息。让我继续向下滚动查看更多高级设置内容：
[step 45] Action: left_click (57, 430)
[step 45] Reasoning: 在高级设置中，我看到了：
- **IDs**: Budget ID: `_test-budget`, Sync ID: `(none)`
- **Reset budget cache** 按钮

这个Settings页面中没有直接的Bank Sync/GoCardless/SimpleFIN设置选项。

现在我理解了整体情况：
1. Bank Sync功能需要通过"Add account"流程中的"Set up bank sync"来配置
2. 但"Set up bank sync"按钮是灰色禁用的，因为没有连接服务器
3. 连接服务器时，localhost:3001报错"Server does not look like an Actual server"

这说明虽然有UI界面，但Bank Sync功能需要后端服务器支持。在这个测试环境中，Actual Budget以测试模式（test file mode）运行，没有完整的服务器后端。

然而，我应该更仔细地检查"Set up bank sync"按钮是否真的无法点击，或者是否只是视觉上显示为禁用状态但实际上可以点击。让我再次尝试"Add account"流程：
[step 46] Action: scroll down (108, 500) scroll_amount 3
[step 46] Reasoning: 好的，我在Bank of America账户页面了。让我观察一下账户名称左边或右边是否有一个特殊的图标，这个图标可以打开银行同步设置。

我注意到账户名"Bank of America"在侧边栏上显示了。让我向下滚动到"Add account"按钮并点击它：
[step 47] Action: left_click (57, 657)
[step 47] Reasoning: 我现在可以看到"+ Add account"按钮在左侧底部。让我点击它来打开"Add account"对话框，然后尝试通过"Set up bank sync"来进行银行同步设置：
[step 48] Action: left_click (640, 434)
[step 48] Reasoning: "Add account"对话框再次打开了。我可以清楚地看到：
1. **"Create a local account"** - 紫色按钮，可点击
2. **"Set up bank sync"** - 灰色按钮，看起来禁用
3. 提示文字："Connect to an Actual server to set up **automatic syncing**"（点击"automatic syncing"链接）

"Set up bank sync"按钮是灰色的，看起来是禁用状态。但任务要求我尝试进行银行同步的初始账户关联设置。

让我仔细观察"Set up bank sync"按钮的外观：它的颜色与"Create a local account"（紫色）不同，呈灰色，且边框也是灰色。

让我再次尝试点击"Set up bank sync"按钮，确认它是否完全禁用还是可以点击但没有响应：
[step 49] Action: left_click (848, 296)
[step 49] Reasoning: "Set up bank sync"按钮被点击但没有任何响应 - 对话框没有变化，没有打开新的页面或弹窗。这确认了该按钮处于**完全禁用**状态，点击无效。

现在让我尝试另一种方案。我知道这个Actual Budget应用运行在localhost:3001，而且它自身也是一个Actual服务器。让我关闭这个对话框，然后尝试通过不同的方式连接服务器。

在Actual Budget中，如果本身就是后端服务器（而不只是前端），服务器URL可能需要设置为特定的API端点。让我先尝试在Settings中重新配置服务器连接，使用不同的URL（如`http://localhost:3001/api`）：

不过，我现在意识到有一个更好的方法。在Actual Budget中，如果应用本身就是后端（自托管模式），用户通常需要登录（有密码）来连接。这时，服务器URL就是应用自己的URL（localhost:3001）。

让我先关闭这个对话框，然后重新尝试连接服务器，这次我需要更仔细地查看错误信息：
[step 50] Action: left_click (1181, 104)
[step 50] Reasoning: 对话框已关闭。我现在在Bank of America账户页面上。右上角显示"No server"状态。

让我再次尝试点击"No server"来连接服务器，这次我会更仔细地检查服务器连接：
[step 51] Action: left_click (1149, 135)
[step 51] Reasoning: 点击"No server"后，弹出了一个提示框"Start using a server"。让我点击它：
[step 52] Action: left_click (520, 468)
[step 52] Reasoning: 我在"Where's the server?"配置页面（localhost:3001/config-server）。我看到：
- URL输入框（placeholder: https://example.com）
- OK按钮
- "Use current domain"链接
- "Don't use a server"链接
- "Create test file"按钮

这说明当前是以测试文件模式（test file mode）运行，没有连接任何Actual服务器后端。让我点击"Use current domain"来尝试使用localhost:3001作为服务器URL：
[step 53] Action: left_click (841, 427)
[step 53] Reasoning: "Use current domain"已自动填入"http://localhost:3001"。现在让我点击"OK"来尝试连接：
[step 54] Action: left_click (651, 484)
[step 54] Reasoning: 服务器连接失败，错误信息（红色文字）显示：
**"Server does not look like an Actual server. Is it set up correctly?"**

这确认了localhost:3001无法作为Actual服务器后端来使用。这个应用是以Web UI形式运行，但后端API服务器没有正确配置或没有运行。

由于这个问题，"Set up bank sync"功能无法通过正常的服务器连接流程来访问。

让我尝试最后一种方法：使用"Create test file"按钮来创建一个测试文件，看看是否在测试文件模式下能够访问Bank Sync设置。点击"Don't use a server"可能让我访问某些功能，同时我可以再次尝试进行银行同步设置：
[step 55] Action: left_click (640, 375)
[step 55] Reasoning: 现在我在文件列表页面（localhost:3001），显示：
- 一个预算文件："Test Budget" (Local)
- 底部显示"No server configured"和"Change"链接
- 按钮：Import file, Create new file, Create test file

底部显示"No server configured"这是因为我刚才点击了"Don't use a server"。我看到已有一个"Test Budget"文件（Local）。

让我点击"Test Budget"来打开这个预算文件并继续进行Bank Sync测试：
[step 56] Action: mouse_move (57, 346)
[step 56] Reasoning: 我回到了预算页面（Budget视图）。右上角仍显示"No server"。

我注意到预算数据（金额）显示为波浪线（~~~~），这可能是隐私模式，也可能是应用的一个视觉特性（为了隐藏实际数字）。

现在我明白了这个应用的运行情况：
1. 应用运行在localhost:3001（Web UI）
2. 后端服务器API没有正确配置或不可用
3. Bank Sync功能需要连接Actual服务器才能使用

由于"Set up bank sync"按钮在不连接服务器的情况下是禁用的，我需要找到另一种方式来进行银行同步设置的测试。

让我仔细检查，是否有账户图标或者其他图标可以访问Bank Sync。让我鼠标悬停在账户"Bank of America"旁边的图标上，看看是否有同步相关的图标：
[step 57] Action: left_click (187, 35)
[step 57] Reasoning: 当悬停在"Bank of America"账户上时，显示了一个提示框只显示账户名"Bank of America"，没有其他图标出现（比如银行同步图标）。

现在我意识到当账户已经关联银行时，才会在账户名旁边显示一个同步图标。当账户没有关联银行时，不会显示该图标。

由于当前没有服务器连接，Bank Sync功能无法通过正常流程使用。但让我思考一下：任务中提到要"尝试进行银行同步（Bank Sync）的初始账户关联设置"。这是一个测试任务，要求我观察这个流程是否正确工作。

我已经进行了以下测试：
1. 通过"Add account"对话框，"Set up bank sync"按钮显示为灰色（禁用），点击无效 ✓ 
2. 服务器连接（localhost:3001）失败：报错"Server does not look like an Actual server" ✓

这是一个关键发现：根据Actual Budget的设计，它应该既是前端也是后端（自托管方式）。但连接本身的URL失败，说明API端点或服务器健康检查接口（/health或类似路径）没有返回正确的响应。

这可能意味着：
- 应用在测试/开发模式下运行，后端服务器功能有限
- 或者存在一个Bug：即使服务器正常运行，也会显示"Server does not look like an Actual server"

让我尝试一个不同的方法：尝试使用第1个、第2个、第3个标签页中的Actual Budget应用，看看它们的状态是否不同（它们可能是更早打开的，可能有不同的配置）：
[step 58] Action: left_click (57, 346)
[step 58] Reasoning: 我看到所有5个Actual Budget标签页都显示"No server"状态。这是一致的状态。

现在让我尝试不同的策略：我需要直接在已有账户（Bank of America）上尝试访问Bank Sync设置，看看是否有任何关联账户的按钮或图标。让我点击Bank of America账户进入交易视图：
[step 59] Action: mouse_move (1219, 191)
[step 59] Reasoning: 我在Bank of America账户页面。我需要悬停在账户名"Bank of America"的标题（右上角区域）的各个图标上，以查看是否有银行同步相关的按钮。

我注意到右上角有几个图标（锁图标、展开/折叠图标、三点菜单）。让我查看这些图标的工具提示：

锁图标（约1189, 191）- 这是"Reconcile"功能
展开图标（约1219, 191）- 之前确认是"Collapse split transactions"
三点菜单（约1251, 191）- 已检查，无Bank Sync选项

让我检查是否有其他我遗漏的图标。在一些版本的Actual Budget中，有一个"Bank Sync"图标直接显示在账户名旁边（当账户已关联时）或在三点菜单（...）后面。

让我更仔细地检查账户页面右上角区域：
[step 60] Action: mouse_move (278, 162)
[step 60] Reasoning: 确认了右侧图标的工具提示为"Collapse split transactions"。

现在，让我仔细查看账户名"Bank of America"下方是否有任何与银行同步相关的图标或按钮（我注意到账户名下有一些波浪线）：

让我鼠标悬停在账户名下方的波浪线图形上，看看它是否是一个可点击的元素：
[step 61] Action: left_click (64, 656)
[step 61] Reasoning: 悬停在账户名下方的区域后，余额显示为"2,142.63"（数字显示出来了，之前是波浪线）。旁边有一个">>"（展开）图标，这是账户余额的显示切换。这不是银行同步相关的图标。

现在，我已经全面尝试了所有可能的Bank Sync入口。让我做一个全面的总结：

**总结：Bank Sync设置尝试结果**

1. **"Add account" → "Set up bank sync"按钮**：
   - 按钮显示为灰色（禁用状态）
   - 点击无响应
   - 原因：需要连接Actual服务器

2. **服务器连接（localhost:3001）**：
   - 尝试连接后报错："Server does not look like an Actual server. Is it set up correctly?"
   - 这说明后端API没有正确响应服务器健康检查

3. **账户三点菜单（...）**：
   - 没有"Link account"或"Set up bank sync"选项

4. **账户右键菜单**：
   - 只有"Rename"和"Close"选项，没有Bank Sync相关选项

**观察到的Bug/问题**：
1. **"Set up bank sync"按钮被禁用**：即使服务器（localhost:3001）正在运行，该按钮也无法使用，因为服务器未通过Actual服务器验证。
2. **"automatic syncing"链接失效**：点击后打开了一个文档页面（不是空白页，是Actual文档），但这个行为可能是预期的（指向帮助文档）。
3. **服务器验证失败**：输入localhost:3001后，显示"Server does not look like an Actual server"，说明这个应用以测试文件模式运行，没有完整的后端服务器。

让我现在用"Add account"对话框最后再尝试一次，以便截图记录所有状态：
[step 62] Action: left_click (640, 434)
[step 62] Reasoning: 很好！现在我可以清楚地看到"Add account"对话框的完整内容：

1. **"Create a local account"** - 紫色按钮，已启用，可点击
2. **"Set up bank sync"** - 灰色按钮，**禁用状态**，无法点击
3. 说明文字："Connect to an Actual server to set up **automatic syncing**."

"Set up bank sync"按钮明显呈灰色（禁用状态），这是因为没有连接到Actual服务器。

让我仔细确认"Set up bank sync"按钮确实被禁用，并且无法进行任何操作：
[step 63] Action: left_click (848, 296)
[step 63] Reasoning: 再次点击"Set up bank sync"按钮后，对话框没有任何变化 - **按钮完全禁用，点击无效**。

这是对Bank Sync设置流程的完整测试。现在让我关闭这个对话框，并提供详细的测试报告：
[step 64] Action: DONE
[step 64] Reasoning: 对话框已关闭。我现在回到Bank of America账户页面。

## 测试总结报告

以下是对Actual Budget（localhost:3001，v26.4.0）银行同步（Bank Sync）初始账户关联设置的完整测试报告：

---

### 🔍 测试结果：**设置未能正确保存（功能被阻止）**

---

### 📋 测试步骤与发现

#### 1. 入口：通过"Add account"对话框
- **路径**：左侧导航栏底部 → "+ Add account"
- **发现**：对话框显示两个选项：
  - ✅ "Create a local account"（紫色，可用）
  - ❌ **"Set up bank sync"（灰色，完全禁用）**
- **测试**：多次点击"Set up bank sync"按钮 → **无任何响应**
- **说明文字**："Connect to an Actual server to set up automatic syncing."

#### 2. 服务器连接尝试
- **路径**：右上角"No server" → "Start using a server"
- **尝试URL**：`http://localhost:3001`（当前域名）
- **结果**：🔴 错误 - **"Server does not look like an Actual server. Is it set up correctly?"**
- **原因**：服务器健康检查API未正确响应，或应用以纯测试文件模式运行

#### 3. 账户三点菜单（...）
- **发现的选项**：Show running balance, Show balance chart, Hide "cleared" checkboxes, Hide reconciled transactions, Export, Close account
- ❌ **无 "Link account" 或 "Set up bank sync" 选项**

#### 4. 账户右键菜单
- **发现的选项**：Rename, Close
- ❌ **无银行同步相关选项**

---

### 🐛 观察到的问题/Bug

| # | 问题描述 | 严重程度 |
|---|---------|---------|
| 1 | **"Set up bank sync"按钮被禁用**：虽然应用运行在localhost:3001，但银行同步按钮完全无法点击，无法进入任何设置流程 | 高 |
| 2 | **服务器验证失败**：尝试连接`http://localhost:3001`时报错"Server does not look like an Actual server"，表明后端API服务器未正确配置或运行 | 高 |
| 3 | **应用以测试文件模式运行**：底部显示"No server configured"，Settings中Sync ID为"(none)"，意味着Bank Sync功能根本无法初始化 | 中 |
| 4 | **"Set up bank sync"按钮没有提供任何替代方案**：即使服务器无法连接，按钮完全禁用而不是提示用户如何配置服务器 | 低 |

---

### ✅ 结论

银行同步（Bank Sync）的初始账户关联设置**无法完成**。"Set up bank sync"按钮在没有连接服务器的情况下被完全禁用，而当尝试连接`localhost:3001`作为Actual服务器时，系统报错"Server does not look like an Actual server"。

**设置未被正确保存**，因为整个Bank Sync设置流程无法启动。这是一个功能性障碍（functional barrier），设置流程在第一步就被阻断，无法选择任何账户。
Evaluating task result...

==================================================
Task: 当前Chrome浏览器已打开Actual Budget预算管理应用网站，地址是http://localhost:3001。请尝试进行银行同步（Bank Sync）的初始账户关联设置。在设置过程中选择账户后，观察设置是否被正确保存。
Status: COMPLETED
Total steps: 64
Last action: DONE
Last reasoning: 对话框已关闭。我现在回到Bank of America账户页面。

## 测试总结报告

以下是对Actual Budget（localhost:3001，v26.4.0）银行同步（Bank Sync）初始账户关联设置的完整测试报告：

---

### 🔍 测试结果：**设置未能正确保存（功能被阻止）**

---

### 📋 测试步骤与发现

#### 1. 入口：通过"Add account"对话框
- **路径**：左侧导航栏底部 → "+ Add account"
- **发现**：对话框显示两个选项：
  - ✅ "Create a local account"（紫色，可用）
  - ❌ **"Set up bank sync"（灰色，完全禁用）**
- **测试**：多次点击"Set up bank sync"按钮 → **无任何响应**
- **说明文字**："Connect to an Actual server to set up automatic syncing."

#### 2. 服务器连接尝试
- **路径**：右上角"No server" → "Start using a server"
- **尝试URL**：`http://localhost:3001`（当前域名）
- **结果**：🔴 错误 - **"Server does not look like an Actual server. Is it set up correctly?"**
- **原因**：服务器健康检查API未正确响应，或应用以纯测试文件模式运行

#### 3. 账户三点菜单（...）
- **发现的选项**：Show running balance, Show balance chart, Hide "cleared" checkboxes, Hide reconciled transactions, Export, Close account
- ❌ **无 "Link account" 或 "Set up bank sync" 选项**

#### 4. 账户右键菜单
- **发现的选项**：Rename, Close
- ❌ **无银行同步相关选项**

---

### 🐛 观察到的问题/Bug

| # | 问题描述 | 严重程度 |
|---|---------|---------|
| 1 | **"Set up bank sync"按钮被禁用**：虽然应用运行在localhost:3001，但银行同步按钮完全无法点击，无法进入任何设置流程 | 高 |
| 2 | **服务器验证失败**：尝试连接`http://localhost:3001`时报错"Server does not look like an Actual server"，表明后端API服务器未正确配置或运行 | 高 |
| 3 | **应用以测试文件模式运行**：底部显示"No server configured"，Settings中Sync ID为"(none)"，意味着Bank Sync功能根本无法初始化 | 中 |
| 4 | **"Set up bank sync"按钮没有提供任何替代方案**：即使服务器无法连接，按钮完全禁用而不是提示用户如何配置服务器 | 低 |

---

### ✅ 结论

银行同步（Bank Sync）的初始账户关联设置**无法完成**。"Set up bank sync"按钮在没有连接服务器的情况下被完全禁用，而当尝试连接`localhost:3001`作为Actual服务器时，系统报错"Server does not look like an Actual server"。

**设置未被正确保存**，因为整个Bank Sync设置流程无法启动。这是一个功能性障碍（functional barrier），设置流程在第一步就被阻断，无法选择任何账户。

==================================================

UI window closed
