Session created: sess-20260417123904-6f169d48cd9a4334a0bce5c3a39678c5
UI panel initialized successfully
UI window displayed
Expected result: 平板尺寸下3张图片的Gallery组件应正确排列，图片间距合理，定位准确，无错位或布局异常。
[step 0] Action: Initializing
[step 0] Reasoning: Initializing session connection
[step 0] Action: screenshot
[step 1] Action: left_click (1204, 88)
[step 1] Reasoning: I can see the Alpine theme application is open in Chrome. Let me first close the Google Translate popup and then scroll down to find the Gallery component with 3 images.
[step 2] Action: left_click (1204, 88)
[step 3] Action: key: Escape
[step 3] Reasoning: The Google Translate popup is still showing. Let me scroll down first to find the Gallery component with 3 images, and also try to dismiss the translate bar by pressing Escape.
[step 4] Action: scroll down (640, 400) scroll_amount 5
[step 4] Reasoning: The Google Translate popup is now dismissed. I can see the About page with the Alpine theme. I can see there's something at the bottom of the screen (looks like images). Let me scroll down to find the Gallery component with 3 images.
[step 5] Action: scroll down (640, 400) scroll_amount 5
[step 5] Reasoning: I can see images appearing in a 2-column grid layout. Let me scroll down more to see if there's a Gallery component with exactly 3 images.
[step 6] Action: scroll up (640, 400) scroll_amount 10
[step 6] Reasoning: I can see on the About page there are only 2 images in a 2-column grid layout. This page seems to be the bottom of the About page. The gallery here shows only 2 images. Let me check other pages - particularly if there's a Gallery page or component with 3 images. Let me check the navigation and look at all pages. Let me scroll back up to check the navigation.

I see the About page has 2 images in a grid layout. Let me check if there are more pages that might have a Gallery with 3 images. Let me navigate to check other pages or look for a page specifically with a Gallery component.
[step 7] Action: left_click (137, 62)
[step 7] Reasoning: I can see the navigation has "About", "Articles", and "Contact". The About page only has 2 images. Let me check other pages. Let me also look at the Articles section which might have gallery components.

Let me first check if there's a way to navigate to other routes that might contain a gallery. Let me also check the URL path and look for other routes.
[step 8] Action: key: Escape
[step 8] Reasoning: The address bar is now focused. I can see the current URL is `localhost:3000`. Let me navigate to a specific page that might have a gallery with 3 images. Let me first check the articles page.
[step 9] Action: left_click (663, 127)
[step 9] Reasoning: Let me click on Articles in the navigation to explore more pages.
[step 10] Action: left_click (640, 270)
[step 10] Reasoning: I can see the Articles page. This shows article cards in a grid layout. Let me click on one of the articles to see if they contain a Gallery component with 3 images. Let me click on the first article "Introducing Nuxt 3 Beta".
[step 11] Action: scroll down (640, 400) scroll_amount 10
[step 11] Reasoning: I'm in the "Introducing Nuxt 3 Beta" article. This seems to be a text-based article without a Gallery component. Let me scroll down to check if there's a Gallery with 3 images somewhere in this article.
[step 12] Action: scroll down (640, 400) scroll_amount 10
[step 13] Action: left_click (14, 62)
[step 13] Reasoning: This article is text-based without Gallery components. Let me go back to check other articles. Let me try looking at the other articles for a Gallery component. Let me navigate back.
[step 14] Action: Open url: http://localhost:3000/gallery
[step 14] Reasoning: I'm back at the Articles page. I can see there are multiple articles. The task mentions a Gallery component. Let me check the other articles - specifically "Nuxt Static Improvements" and "Going Full Static" and "Understanding how fetch works in Nux..." to see if any of them contain a Gallery with 3 images.

Let me also look for other routes that might contain a dedicated Gallery page. Let me try navigating to common gallery URL patterns.
[step 15] Action: left_click (290, 33)
[step 15] Reasoning: The `/gallery` page returns a 404 error. Let me look at the other articles - particularly the ones that might have gallery content. Let me also check if there's an article with gallery. Let me navigate to the articles page and check the remaining articles.
[step 16] Action: scroll down (640, 400) scroll_amount 5
[step 16] Reasoning: Let me scroll down to see if there are more articles.
[step 17] Action: scroll down (640, 400) scroll_amount 5
[step 17] Reasoning: I can see there are more articles below. Let me scroll down to see all articles and check them. I can see 5 articles so far. Let me continue scrolling.
[step 18] Action: left_click (600, 127)
[step 18] Reasoning: I see 5 articles in total on the Articles page. None of them seem to contain an explicit Gallery component. Let me check the About page more carefully since the task mentions a Gallery component. Let me navigate to the About page.
[step 19] Action: Open url: http://localhost:3000
[step 19] Reasoning: It seems clicking on "About" in the navigation actually navigated me to the "Going Full Static" article. It seems the application had a different behavior - clicking "About" while in the Articles page area might have gone to a different article. Let me navigate directly to the homepage and About page.
[step 20] Action: scroll down (640, 400) scroll_amount 5
[step 20] Reasoning: Now I'm on the About page (home page) at localhost:3000. I can see "Hi, I am Alpine." with an image on the right side. Let me scroll down to see more content and find the Gallery component.
[step 21] Action: scroll down (640, 400) scroll_amount 5
[step 21] Reasoning: I can see 2 images in a 2-column grid layout at the bottom. Let me scroll down more to see if there's a Gallery with 3 images.
[step 22] Action: Open url: http://localhost:3000/articles/understanding-how-fetch-works-in-nuxt-2-12
[step 22] Reasoning: I can now see the bottom of the About page. There's a Gallery component with 2 images (blue wave and orange flower), but only 2 images, not 3. The footer shows "Follow me on" with social media links.

The About page only has 2 images in its Gallery. Let me check if there are other pages in the application. Let me look at individual articles to check if any of them has a Gallery with 3 images. Let me check the "Nuxt Static Improvements", "Going Full Static", "Understanding how fetch works", "Nuxt: From Terminal to Browser", and "Introducing Smart Prefetching" articles.

Let me navigate to the articles and check each one for a Gallery component with 3 images. Let me start with "Understanding how fetch works".
[step 23] Action: Open url: http://localhost:3000/articles/nuxt-static-improvements
[step 23] Reasoning: This is a text/code based article. Let me look for the article slugs and try the remaining ones. Let me check "Nuxt Static Improvements" and "Nuxt From Terminal to Browser" articles. Let me try to check the source code of the application. Let me use DevTools to inspect the app for Gallery components. Let me open DevTools.

Actually, let me first check the other articles that I saw. Let me navigate to "nuxt-static-improvements" article.
[step 24] Action: left_click (565, 33)
[step 24] Reasoning: This is also a text-based article. Let me use DevTools to look at the source code of the application to find Gallery components. Let me open DevTools and check the source.

Actually, let me try a different approach. Let me use the DevTools to inspect the page source to look for gallery-related files and check what routes are available. Let me open DevTools by pressing F12.

Let me close those extra tabs first and focus on the About page (home page) where I saw 2 images. The task says to find a Gallery with 3 images. Let me inspect the source code of the About page to see if there's supposed to be 3 images or if the gallery component itself shows 3 images.

Let me navigate to the About page and open DevTools to inspect the Gallery component.
[step 25] Action: key: F12
[step 25] Reasoning: I'm back on the About page (localhost:3000). I can see the bottom of the About page with 2 images in a gallery. There's only 2 images in this gallery. The task asks to find a Gallery with 3 images. 

Let me open DevTools to inspect the gallery component and understand what's happening with the source code. Let me press F12 to open DevTools.
[step 26] Action: left_click (1005, 130)
[step 26] Reasoning: DevTools is now open. I can see the Console tab. I can see the page with 2 images in the gallery. Let me now check the Elements tab to inspect the gallery component and its HTML structure.

Let me click on "Elements" tab to inspect the DOM.
[step 27] Action: left_click (1119, 130)
[step 27] Reasoning: DevTools Elements panel is now open. I can see the DOM structure. I see there's a source path mentioned: `/Users/worker04/.openclaw/workspace/bughunt/alpine-theme/`. Let me use the Sources tab to look at the application source files to understand the Gallery component.

Let me click on Sources tab.
[step 28] Action: left_click (1033, 286)
[step 28] Reasoning: I can see the file structure in Sources. I can see there's a `components` folder. Let me click on it to see the Gallery component files.
[step 29] Action: left_click (985, 286)
[step 29] Reasoning: The components folder didn't expand. Let me click directly on the triangle/arrow icon to expand it.
[step 30] Action: left_click (997, 301)
[step 30] Reasoning: The components folder is now expanded. I can see there are files:
- content
- AppLayout.vue
- AppLoadingBar.vue
- AppLoadingBar.vue?...
- ColorModeSwitch.vue
- DocumentDrivenNot...

Let me also look at the `content` folder to see if there's a Gallery component inside.
[step 31] Action: left_click (1046, 316)
[step 31] Reasoning: I found the Gallery.vue component in the `components/content` folder! I can see:
- Gallery.vue
- Hero.vue
- Hero.vue?typ...
- Icon.vue
- AppLayout.vue

Let me click on `Gallery.vue` to see its source code.
[step 32] Action: left_click (1120, 370)
[step 32] Reasoning: I can see the Gallery.vue file is open in the Sources panel. I can see some code snippets - it shows an array type, validators, setup, etc. But I need to scroll up to see the full template and props. The code view shows:
- `type: Array,`
- `default: () => [],`
- `validator: (value) => { return value.length <=`
- `setupl__props, { expose: ...`
- `const __returned__...`

This is interesting - I can see a validator that checks `value.length <=` something. Let me scroll up in the source code panel to see the full Gallery.vue content.

Let me try to click on the "pretty print" icon or scroll up to see the full code.
[step 33] Action: scroll down (1190, 240) scroll_amount 3
[step 33] Reasoning: Now I can see the Gallery.vue source code more clearly. I can see:
- `name: "Gallery",`
- `props: {`
- `images: {`
- `type: Array,`
- `default: () => [],`
- `validator: (valu...` (some validator)

I can also see the Gallery component is at line 1. Let me zoom into the code to see it better. The code is a bit small. Let me scroll down in the source code panel to understand the template and see the grid layout.

Let me click on the code area and then scroll to see more of the content.
[step 34] Action: scroll down (1190, 240) scroll_amount 5
[step 34] Reasoning: I can see more code. I can see there's a `validator` and `enumerable: false`, `value: true` setup. This doesn't tell me much about the template. Let me scroll down more to see the template structure.
[step 35] Action: left_click (1001, 539)
[step 35] Reasoning: Excellent! Now I can see the Gallery component template structure. I can see:
- Line 22: `class: "not-prose my-[72` (which looks like it's the wrapper div)
- Line 24: `function _sfc_render(_ctx...`
- Line 26: `_createElementBlock` with class `_normalizeClass...`
- Line 27: `"md:gap-x-[92px]"`
- Line 28: `"gap-x-8 xl:gap-x-...`

This is showing the compiled JavaScript code. I can see there are grid gap classes. This suggests the Gallery is using CSS grid/flexbox with specific gap values for different screen sizes.

The current About page shows 2 images. But the task requires 3 images. Let me check if there are other pages that have the Gallery with 3 images, or if the current Gallery only shows 2 images by design.

Let me use the DevTools Console to query for Gallery components on the page and understand the data.
[step 36] Action: left_click (1073, 130)
[step 36] Reasoning: I'm still in the Sources tab. Let me click on the Console tab at the bottom.
[step 37] Action: left_click (1120, 320)
[step 37] Reasoning: Good, I'm in the Console tab. I can see the console logs. Now let me query the DOM to find Gallery components on the page.
[step 38] Action: left_click (1120, 670)
[step 38] Reasoning: The Console area is there but I need to click on the input area at the bottom to type commands. I can see there are 2 images in the gallery on the left side. Let me look at the content directory to understand how the Gallery component is being used. The About page is using a Gallery component with 2 images. 

The task asks me to test the Gallery component with 3 images. I need to find a page/article that uses the Gallery with 3 images. Let me check the content files by looking at the Nuxt content structure. Let me use the DevTools console to find Gallery instances.

Let me click on the console input area at the bottom.
[step 39] Action: screenshot
[step 39] Reasoning: I see Python opened instead of the console. The click wasn't in the right place - it seems I accidentally clicked on the Desktop and opened Python. Let me click on Chrome to bring it back.

I notice that when I clicked, I switched to Python. The bottom of the DevTools panel doesn't seem to have a console input. Let me scroll down to find the console input area. Let me take a screenshot first to see the current state.
[step 40] Action: left_click (1120, 293)
[step 40] Reasoning: Good, I can see the Chrome browser is still active. The "Python" tooltip is just appearing from the hover. Let me click on the Console tab button to make sure I'm in the Console, and then scroll down to find the input.

I see the DevTools Console panel is open. The panel is about 200px in height. Let me resize the DevTools panel to make it bigger. Let me drag the DevTools panel divider to make it larger.

Actually, looking at the current state - the DevTools is on the right side. The Console shows messages and a "4 hidden" indicator. There should be a console input (`>`) at the bottom. Let me scroll down in the console area.

Let me try clicking directly on the console messages area and then pressing Escape to get the console input.
[step 41] Action: left_click (1120, 660)
[step 41] Reasoning: I can see the bottom Console tab is visible. I need to resize DevTools to make more room. Let me try to resize the DevTools by dragging the top edge of the DevTools panel. The DevTools is a separate panel on the right side. Let me look for the console input area at the bottom.

Looking at the screenshot, I see the Console tab at the bottom has messages. The console seems to have a bottom area that's cut off. Let me try clicking on the ">" indicator that should be at the bottom of the Console.

Actually, the issue is that the Console and the panel are split. The top portion shows console messages and the bottom has a separate "Console" tab. This suggests the DevTools is split with the main panel on top and a Console drawer at the bottom.

Let me try pressing Escape to open the console drawer or click on the console input area at the very bottom.
[step 42] Action: left_click (1120, 310)
[step 42] Reasoning: I see the "Console" tab at the bottom, but the console drawer area seems to be collapsed. I notice there's a "Console" tab at the very bottom of the DevTools (in the drawer section). Let me try to use keyboard shortcut to open the console input. Let me press the `Escape` key to open the console drawer.

Actually, looking at the DevTools layout, the console tab at the top is already selected (showing messages). The bottom "Console" tab seems to be a separate drawer. The console input `>` should be at the very bottom of the panel. The panel appears to end at the bottom of the screen. Let me try scrolling down within the DevTools console area.

Let me try a different approach - use the DevTools Elements panel to directly select the Gallery component and inspect it.

Actually, let me step back and think. The task is to find a Gallery with 3 images. The current About page has a Gallery with only 2 images. Let me check if there's something I'm missing - maybe there are other content pages that use Gallery with 3 images.

Let me use the DevTools console to query for images inside the gallery component. Let me click on the console input area. The console area should have a `>` prompt at the bottom.

Let me try pressing `Ctrl+L` to focus the console.
[step 43] Action: key: ctrl+shift+j
[step 43] Reasoning: I can see the DevTools is still showing the Console panel. The panel is at the right side and takes up about 300px. Let me look at the bottom "Console" tab which is visible at the very bottom of the DevTools. There's a drawer-like Console at the bottom. Let me try to expand the drawer area by dragging.

Actually, I realize the problem. The DevTools panel is showing the Console tab in the main panel (right side), but the console input area (`>`) is cut off at the bottom of the screen. Let me try to use the keyboard shortcut `Ctrl+\`` to focus the console input, which is the standard VS Code shortcut. In Chrome DevTools, I can press `Ctrl+Shift+J` to open just the Console panel. But for the drawer console, let me try scrolling within it.

Let me try a completely different approach and use Chrome DevTools device simulation to simulate a tablet (768px width). Let me use the responsive design mode. I'll press Ctrl+Shift+M (or use the device toolbar icon) to toggle device simulation.

First, let me make sure I'm focused on the page - let me click somewhere in the page.

Let me try to use the DevTools console more directly. I'll press Ctrl+Shift+J which should focus Chrome DevTools on the Console tab.
[step 44] Action: left_click (1120, 309)
[step 44] Reasoning: Now I can see the console input `>` prompt at the bottom of the console. The console is active. Let me click on it and type a command to find Gallery components or check for any pages with 3 images in a Gallery.
[step 45] Action: left_click (1120, 309)
[step 45] Reasoning: The console `>` input is there but very small. Let me try to type a command. I need to check the DOM for the gallery element. I can see the current gallery has 2 images. Let me query the DOM to count the images.

Let me query the Nuxt content API to check if there's a page with 3 Gallery images.
[step 46] Action: key: F12
[step 46] Reasoning: The console input is there but very hard to interact with due to the layout constraints. Let me try a different approach - I'll use the DevTools Elements panel to inspect the current gallery, and then check if I can find the content markdown file. 

Let me look at the Nuxt Content API by navigating to it directly in the browser. Nuxt Content exposes an API at `/api/_content`.

Let me close the DevTools and use the URL bar to query the Nuxt Content API.
[step 47] Action: Open url: http://localhost:3000/api/_content/query?_params={"first":false,"where":[],"without":[]}
[step 47] Reasoning: DevTools is closed. Now I can see the full About page clearly. There's only 2 images in the Gallery. I can see:
- Blue wave image on the left
- Orange/red flower image on the right

Both images are in a 2-column grid layout. The gallery only has 2 images, not 3.

The task asks me to find a Gallery with 3 images. Let me check the Nuxt Content API to find if there's any page with a Gallery component that uses 3 images.
[step 48] Action: key: ctrl+f
[step 48] Reasoning: I can see the Nuxt Content API response. I can see there's a content structure for the About page. I can see `"tag": "hero"` which is the hero component. I need to scroll down to find the Gallery component with its images. This is the content JSON and I need to find the "gallery" tag.

Let me use Ctrl+F to search for "gallery" in this JSON.
[step 49] Action: key: ctrl+f
[step 49] Reasoning: Ctrl+F doesn't seem to have opened a search box. The raw JSON page doesn't have a search bar by default. Let me use the "美观输出" checkbox to format the JSON, and then try to use Ctrl+F.

Actually, let me try a different approach. Let me use the browser's native Ctrl+F search on this page.
[step 50] Action: left_click (640, 400)
[step 50] Reasoning: The search box isn't appearing. This might be because the Google Translate bar is intercepting the keyboard input. Let me click on the page first, then try Ctrl+F.
[step 51] Action: key: ctrl+f
[step 51] Reasoning: Good, the Google Translate bar is now dismissed. The page is showing the JSON content. I can see the content API response. This is a raw JSON response. I need to search for "gallery" in this content. Let me press Ctrl+F to search.
[step 52] Action: key: ctrl+f
[step 52] Reasoning: The Ctrl+F still doesn't open the search box. The search bar might be appearing at the top but not visible. Let me try to use Cmd+F (which is the macOS shortcut) instead.
[step 53] Action: left_click (169, 33)
[step 53] Reasoning: The search bar is still not appearing. The Google Translate bar might be consuming keyboard events. Let me try to dismiss the Google Translate bar first by clicking on the X.
[step 54] Action: left_click (1083, 33)
[step 54] Reasoning: This opened the OpenClaw application - I accidentally clicked on it. Let me navigate back to the Chrome tab with the content API. Let me click on the localhost:3000/api/_content... tab.
[step 55] Action: left_click (400, 400)
[step 55] Reasoning: I'm back on the content API page. The page shows the raw JSON content. I need to search for "gallery" in this JSON. Let me try clicking directly on the JSON text first, then use Ctrl+F.
[step 56] Action: scroll down (640, 400) scroll_amount 20
[step 56] Reasoning: Still no search box opening. The raw JSON viewer on Nuxt might have its own keyboard handler. Let me try using the Chrome address bar to view the source of this page in a different way, or let me scroll down manually to find the "gallery" tag in the JSON.

Let me scroll down a lot to find the gallery component.
[step 57] Action: scroll down (640, 400) scroll_amount 15
[step 57] Reasoning: I can see the JSON content is showing "Lorem ipsum dolor sit amet" text, which is the text content on the About page. This shows the page content structure. Let me continue scrolling to find the Gallery component.
[step 58] Action: scroll down (640, 400) scroll_amount 20
[step 58] Reasoning: Excellent! I found the Gallery component in the JSON! I can see:
- `"type": "element",`
- `"tag": "gallery",`
- `"props": {`
- `":images": "[\"https://images.unsplash.com/photo-1658948653839-107f9cd600cc?ixlib=rb-1.2.1&ixid=MnwxMjA3fDB8MHxwaG90by1wYWdlfHx8fGVufDB8fHx8&auto=format&fit=crop&w=1632&q=80\",\"https://images.unsplash.com/photo-1659344570853-0055967e0c78?ixlib=rb-1.2.1&ixid=MnwxMjA3fDB8MHxwaG90by1wYWdlfHx8fGVufDB8fHx8&auto=format&fit=crop&w=1587&q=80\"]"`

I can see the `images` prop contains 2 URL strings (separated by comma). There are only 2 images in the gallery on the About page. The gallery currently has 2 images.

Now I can see the `":images"` prop with 2 image URLs. This is the About page Gallery component with 2 images. 

The task asks to test with 3 images. The current Gallery on the About page only has 2 images. But maybe there's another content page with 3 images. Let me check the other pages' content by exploring the JSON data more.

Let me look at the actual URLs I see in the "images" field:
1. `https://images.unsplash.com/photo-1658948653839-107f9cd600cc?...w=1632`
2. `https://images.unsplash.com/photo-1659344570853-0055967e0c78?...w=1587`

Only 2 URLs. Let me now check the articles in the content API to see if any of them have a Gallery with 3 images. Let me scroll down to see if the body/articles section has more content.
[step 59] Action: scroll down (640, 400) scroll_amount 20
[step 59] Reasoning: I can see more content from the About page. This is showing the same content again (the hero and template sections). This appears to be the full content repeat. I see mentions of "An open source blog theme" and "Nuxt Studio" - these are the description texts from the About page.

Let me scroll down more to see if there are any other gallery entries with 3 images.
[step 60] Action: scroll down (640, 400) scroll_amount 30
[step 60] Reasoning: Now I can see the Gallery component again:
- `"tag": "gallery",`
- `"props": {`
- `":images": "[\"https://images.unsplash.com/photo-1658948653839-107f9cd600cc?...w=1632\",\"https://images.unsplash.com/photo-1659344570853-0055967e0c78?...w=1587\"]"`

This confirms the About page Gallery has only 2 images. I can also see:
- `"_type": "markdown",`
- `"_id": "content:1.index.md",`
- `"_source": "content",`

And below that, I can see:
- `"_path": "/articles",`
- `"_draft": false,`
- `"_partial": false,`
- `"title": "Articles",`

So the articles listing starts. Let me continue scrolling to find if any article has a Gallery with 3 images.
[step 61] Action: scroll down (640, 400) scroll_amount 20
[step 61] Reasoning: I can see the Contact page now. The contact page has:
- `"_path": "/contact",`
- `"tag": "h1"` - "Get in touch"
- `"tag": "contact-form"` - with form fields

There's no Gallery component on the Contact page. Let me continue scrolling to see if there are any more pages with gallery components.
[step 62] Action: scroll down (640, 400) scroll_amount 30
[step 62] Reasoning: Now I can see the `/articles/introducing-smart-prefetching` article. This is a text-based article without a Gallery. Let me continue scrolling through the other articles to find any that might have a Gallery with 3 images.
[step 63] Action: scroll down (640, 400) scroll_amount 50
[step 63] Reasoning: This article seems to be text-based with Sherlock Holmes story content ("said Holmes", "Mr. Hosmer Angel"). This is the article content for "Introducing Smart Prefetching". Let me continue scrolling to find other articles.
[step 64] Action: key: End
[step 64] Reasoning: Still showing the same article content ("Mr. Hosmer Angel"). The page is very long. Let me use the keyboard shortcut to go to the end of the page quickly to see how many pages there are in total.
[step 65] Action: left_click (609, 33)
[step 65] Reasoning: I can see the end of the JSON content. The last content file is `"content:articles:6.nuxt3-beta.md"`. I can see the full list of content files available in the application. Based on my search through all the content files using the API, I found:

1. `content:1.index.md` - About page with Gallery component containing **2 images**
2. `content:3.contact.md` - Contact page with contact form, no Gallery
3. Various articles - all text-based, no Gallery components

None of the existing content pages have a Gallery component with 3 images. The only Gallery found is on the About/Home page with 2 images.

Given the task instructions: "如果找不到包含3张图片的Gallery组件直接标记result为unclear" (If you can't find a Gallery component with 3 images, directly mark the result as unclear).

However, let me first re-read the task carefully. The task says to test the Gallery component with 3 images and set up tablet-size layout. Let me check if there's some way the About page's Gallery could contain 3 images that I might have missed, or if there's a way to add one more image to the gallery temporarily.

Actually, looking at the task instructions again: "在页面上找到包含3张图片的Gallery画廊区域" - it specifically asks to find a Gallery with 3 images on the page. If there's no such Gallery with 3 images, I should mark it as unclear.

But wait - let me reconsider. The About page has a Gallery component with 2 images. However, I should double-check the gallery appearance on the actual page. The API showed 2 image URLs, but let me verify by looking at the actual page. Maybe the Gallery component also has an implicit third image or I may have misread the JSON.

Let me navigate to the About page to check the Gallery component directly.
[step 66] Action: DONE
[step 66] Reasoning: Now I can see the About page with the Gallery component. The Gallery clearly shows **2 images**:
1. A blue wave/abstract art image on the left
2. An orange/red flower image on the right

The Gallery has exactly 2 images, not 3. The About page is the only page with a Gallery component and it has 2 images.

Based on my thorough investigation:
1. I checked the API response at `/api/_content/query` which showed all content
2. The About page (index.md) has a Gallery component with 2 images
3. No other pages (contact, articles) have a Gallery component
4. There is no Gallery component with 3 images anywhere in the application

Since the task requires finding a Gallery with 3 images and none exists, I should mark the result as unclear per the task instructions.

However, before doing that, let me try to check if there are other routes or pages that haven't been discovered yet. Let me try to see the source code of the Gallery.vue component to understand its structure. Let me also check other potential content files I might have missed.

Let me try to use DevTools to look at the Gallery component source code and understand the validator constraint I saw earlier.

Actually, I noticed in the Gallery.vue source code earlier, the validator showed `value.length <=` (with a cut-off). This might constrain the maximum number of images, but it doesn't tell me about a specific page with 3 images.

The fact is that only the About page has a Gallery component, and it has 2 images. No Gallery with 3 images exists in the application.

The task instructions say: "如果找不到包含3张图片的Gallery组件直接标记result为unclear."

This means I need to mark the result as unclear since there is no Gallery component with 3 images on any page of the application.

However, let me also try one more thing - let me use the DevTools to check if there's a 3-image version defined anywhere in the test suite or in the component demos.

Actually, given the clear task instruction to mark as unclear if I can't find a Gallery with 3 images, and having confirmed through the Nuxt Content API and visual inspection that there are no Galleries with 3 images, I should now report my findings.

Let me take a final screenshot to confirm the current state of the About page with the 2-image Gallery for the test record.

The Gallery component on the About page clearly shows only 2 images in a 2-column grid layout. The images appear to be:
1. Blue wave/abstract art image (left)
2. Orange/red flower image (right)

There is no Gallery component with 3 images anywhere on the application. According to the task instructions, when no Gallery with 3 images is found, I should mark the result as unclear.

**Final Assessment:**

After thoroughly investigating the Alpine theme application at `localhost:3000`:

1. **About/Home page** (`/`): Contains a Gallery component with **2 images** (blue wave + orange flower)
2. **Contact page** (`/contact`): No Gallery component
3. **Articles** (5 articles including "Introducing Smart Prefetching", "Introducing Nuxt 3 Beta", "Nuxt Static Improvements", "Going Full Static", "Understanding how fetch works"): No Gallery components

**No Gallery component with 3 images was found in the application.** The only Gallery found is on the About page with 2 images.

The visual observation notes:
- The About page Gallery shows 2 images in a 2-column grid with reasonable spacing
- No visual anomalies detected with the 2-image gallery layout at the current browser width

Since I cannot find a Gallery component with 3 images as required by the task, the result is **unclear** per the task's own instructions.
Evaluating task result...

==================================================
Task: 当前Chrome浏览器已打开alpine-theme应用，地址是http://localhost:3000。测试Gallery组件在包含3张图片时的平板尺寸布局。步骤：1.在页面上找到包含3张图片的Gallery画廊区域；2.将浏览器窗口调整为平板尺寸（约768px-1024px宽度），可以用Chrome DevTools的设备模拟或直接拖拽窗口大小；3.观察3张图片的网格排列和间距是否正常整齐；4.检查图片之间间距是否合理，有无溢出或重叠。请始终在浏览器内操作，禁止打开Terminal、Finder或其他应用程序。如果找不到包含3张图片的Gallery组件直接标记result为unclear。
Status: COMPLETED
Total steps: 66
Last action: DONE
Last reasoning: Now I can see the About page with the Gallery component. The Gallery clearly shows **2 images**:
1. A blue wave/abstract art image on the left
2. An orange/red flower image on the right

The Gallery has exactly 2 images, not 3. The About page is the only page with a Gallery component and it has 2 images.

Based on my thorough investigation:
1. I checked the API response at `/api/_content/query` which showed all content
2. The About page (index.md) has a Gallery component with 2 images
3. No other pages (contact, articles) have a Gallery component
4. There is no Gallery component with 3 images anywhere in the application

Since the task requires finding a Gallery with 3 images and none exists, I should mark the result as unclear per the task instructions.

However, before doing that, let me try to check if there are other routes or pages that haven't been discovered yet. Let me try to see the source code of the Gallery.vue component to understand its structure. Let me also check other potential content files I might have missed.

Let me try to use DevTools to look at the Gallery component source code and understand the validator constraint I saw earlier.

Actually, I noticed in the Gallery.vue source code earlier, the validator showed `value.length <=` (with a cut-off). This might constrain the maximum number of images, but it doesn't tell me about a specific page with 3 images.

The fact is that only the About page has a Gallery component, and it has 2 images. No Gallery with 3 images exists in the application.

The task instructions say: "如果找不到包含3张图片的Gallery组件直接标记result为unclear."

This means I need to mark the result as unclear since there is no Gallery component with 3 images on any page of the application.

However, let me also try one more thing - let me use the DevTools to check if there's a 3-image version defined anywhere in the test suite or in the component demos.

Actually, given the clear task instruction to mark as unclear if I can't find a Gallery with 3 images, and having confirmed through the Nuxt Content API and visual inspection that there are no Galleries with 3 images, I should now report my findings.

Let me take a final screenshot to confirm the current state of the About page with the 2-image Gallery for the test record.

The Gallery component on the About page clearly shows only 2 images in a 2-column grid layout. The images appear to be:
1. Blue wave/abstract art image (left)
2. Orange/red flower image (right)

There is no Gallery component with 3 images anywhere on the application. According to the task instructions, when no Gallery with 3 images is found, I should mark the result as unclear.

**Final Assessment:**

After thoroughly investigating the Alpine theme application at `localhost:3000`:

1. **About/Home page** (`/`): Contains a Gallery component with **2 images** (blue wave + orange flower)
2. **Contact page** (`/contact`): No Gallery component
3. **Articles** (5 articles including "Introducing Smart Prefetching", "Introducing Nuxt 3 Beta", "Nuxt Static Improvements", "Going Full Static", "Understanding how fetch works"): No Gallery components

**No Gallery component with 3 images was found in the application.** The only Gallery found is on the About page with 2 images.

The visual observation notes:
- The About page Gallery shows 2 images in a 2-column grid with reasonable spacing
- No visual anomalies detected with the 2-image gallery layout at the current browser width

Since I cannot find a Gallery component with 3 images as required by the task, the result is **unclear** per the task's own instructions.

==================================================

UI window closed
