Session created: sess-20260417042023-024d0c6114124766b358224db2d61b4c
UI panel initialized successfully
UI window displayed
Expected result: 日期选择器能正常打开、选择日期、关闭，页面导航或刷新时不应出现控制台错误，组件销毁过程应正常完成。
[step 0] Action: Initializing
[step 0] Reasoning: Initializing session connection
[step 0] Action: screenshot
[step 1] Action: key: F12
[step 1] Reasoning: 我可以看到Angular Date/Time/Month Picker应用正在运行。现在让我先打开Chrome开发者工具来监控控制台错误，然后测试日期选择器功能。
[step 2] Action: left_click (1075, 130)
[step 2] Reasoning: DevTools已打开，可以看到Console面板。我看到有7个issues，包括一些警告/错误。让我先查看Console中的内容，然后点击日期选择器输入框进行测试。

首先，让我点击Console标签来查看现有错误：
[step 3] Action: left_click (989, 148)
[step 3] Reasoning: 我可以看到Console已经显示了一些内容。让我先清除现有的控制台消息，然后再测试日期选择器，以便更清楚地看到交互产生的错误。先清除控制台：
[step 4] Action: left_click (989, 148)
[step 4] Reasoning: 现在Console已经切换到正确的面板。我看到"7 Issues: 🔴1 🔵6"。让我清除控制台再开始测试。我将点击控制台的清除按钮（🚫图标）：
[step 5] Action: left_click (1113, 200)
[step 5] Reasoning: 我看到页面正在加载（标题栏左侧有PayPal广告横幅显示），控制台也出现了两个资源加载失败错误（`net::ERR_TIMED_OUT`）- 这些是外部资源加载失败，不影响核心功能测试。

现在让我使用键盘快捷键清除控制台，然后开始测试日期选择器：
[step 6] Action: left_click (1113, 200)
[step 6] Reasoning: 我注意到控制台已经显示了两个网络错误（`Failed to load resource: net::ERR_TIMED_OUT`），这些是外部资源（pixel.gif和btn_donate_LG.gif）加载失败，与日期选择器功能无关。

现在让我点击Clear Console按钮（使用键盘快捷键Ctrl+L）来清除现有错误，然后测试日期选择器：
[step 7] Action: left_click (541, 132)
[step 7] Reasoning: 现在我可以看到控制台显示了预加载错误。这些是外部资源错误（PayPal的图片资源）。现在让我**步骤1**：点击日期选择器输入框，打开日期选择面板。输入框显示"Choose a date..."，位于页面顶部中央：
[step 8] Action: left_click (543, 234)
[step 8] Reasoning: **步骤1成功**：日期选择面板已正常打开，显示2026年4月的日历。我可以看到：
- 日历显示当前月份（Apr, 2026）
- 今天（16日）被高亮显示
- 还有时间选择器（01:20 PM）
- 控制台也出现了"opened"消息，来自`demo.component.ts:277`

现在让我**步骤2**：选择一个日期。我将点击日期"15"（4月15日）：
[step 9] Action: left_click (800, 400)
[step 9] Reasoning: 我点击了日期15，可以看到：
- 输入框中已显示日期 `15-04-2026 13:21:31`
- 日期15被高亮选中（蓝色圆圈）
- 控制台显示了 `15-04-2026 13:21:31`（来自demo.component.ts:363）
- 但是面板**没有关闭**！面板仍然保持开着

这是一个重要的观察：这是一个包含时间选择的日期时间选择器（Day Time Picker），点击日期后面板保持开放可能是预期行为（需要用户也确认时间）。让我点击页面其他地方来关闭面板：
[step 10] Action: screenshot
[step 10] Reasoning: **步骤2成功**：
- 日期选择面板已正常关闭
- 输入框中正确显示了所选日期 `15-04-2026 13:21:31`
- 控制台显示了 "closed"消息（来自`demo.component.ts:281`）

现在进行**步骤3**：刷新页面，观察控制台是否出现错误。让我先截图记录当前控制台状态，然后刷新：
[step 11] Action: left_click (1231, 131)
[step 11] Reasoning: 现在开始**步骤3**：刷新页面，观察控制台错误。我将使用Cmd+R刷新页面并保留控制台日志（需要先保留日志功能）。让我先检查"Preserve log"选项是否开启，然后刷新：

首先，我要在控制台设置中开启"Preserve log"，然后再刷新。让我点击控制台设置：
[step 12] Action: left_click (1265, 91)
[step 12] Reasoning: 这里打开了DevTools的Settings面板。我需要关闭它并转到Console设置来启用"Preserve log"。让我关闭Settings，然后找到Console选项来启用保留日志功能：
[step 13] Action: left_click (1047, 165)
[step 13] Reasoning: 好的，Settings已关闭。现在让我查看Console的设置齿轮图标来开启"Preserve log"。我需要点击Console面板工具栏中的齿轮图标：
[step 14] Action: left_click (966, 199)
[step 14] Reasoning: Console设置面板已展开。我看到"Preserve log"选项（未勾选）。让我勾选它来在刷新时保留日志记录：
[step 15] Action: left_click (1047, 165)
[step 15] Reasoning: "Preserve log"已被勾选（✅）。现在让我关闭这个设置面板，然后刷新页面：
[step 16] Action: left_click (541, 132)
[step 16] Reasoning: 现在设置面板已关闭，Preserve log已开启。现在我要先打开日期选择器，然后**在面板开着的情况下**刷新页面，观察是否有控制台错误（这是测试生命周期行为的关键部分）。

首先让我点击日期选择器打开面板：
[step 17] Action: key: F5
[step 17] Reasoning: 日期选择面板已再次打开，控制台显示"opened"（来自demo.component.ts:277）。现在我将**在面板开着的状态下**刷新页面，观察是否有控制台错误：
[step 18] Action: key: cmd+r
[step 18] Reasoning: F5键似乎没有刷新页面（页面仍显示日期选择器打开状态）。让我使用Cmd+R来刷新：
[step 19] Action: left_click (1204, 89)
[step 19] Reasoning: 非常重要的发现！页面刷新后，控制台显示了新的信息。让我分析：

1. **刷新前的记录**：`opened`、`15-04-2026 13:21:31`、`closed`、`opened`（在面板开着时刷新）
2. **刷新后**：
   - `Navigated to http://localhost:4200/` - 正常导航记录
   - `Angular is running in the development mode. Call enableProdMode() to enable the production mode.` - 正常Angular警告
   - `undefined` (来自 `demo.component.ts:363`)
   - `undefined` (来自 `demo.component.ts:363`)

⚠️ **发现Bug**：刷新后控制台出现了两个 `undefined` 日志，来自 `demo.component.ts:363`（这是日期值输出的地方，之前输出 `15-04-2026 13:21:31`）。刷新后日期变成 `undefined`，这说明组件初始化时可能存在未定义值的问题。

让我等页面完全加载后截图查看：
[step 20] Action: screenshot
[step 20] Reasoning: 页面正在加载，让我等待完成后截图查看控制台详情：
[step 21] Action: wait
[step 21] Reasoning: 页面仍在加载中。让我等待几秒钟：
[step 22] Action: left_click (541, 132)
[step 22] Reasoning: 页面已完全加载（可以看到PayPal广告横幅出现了）。控制台现在显示了更多内容。让我仔细分析控制台内容：

**刷新后控制台显示的内容**：
1. ✅ 保留日志（Previous session）:
   - 2个 `Failed to load resource: net::ERR_TIMED_OUT` (pixel.gif, btn_donate_LG.gif) - 外部资源
   - `opened` (demo.component.ts:277)
   - `15-04-2026 13:21:31` (demo.component.ts:363) - 日期选择值
   - `closed` (demo.component.ts:281)
   - `opened` (demo.component.ts:277) - 刷新前最后的open状态

2. **新刷新产生的日志**:
   - `Navigated to http://localhost:4200/`
   - `Angular is running in the development mode...` (core.es5.js:3825) - 正常
   - ⚠️ **`undefined`** (demo.component.ts:363) - **Bug！**
   - ⚠️ **`undefined`** (demo.component.ts:363) - **Bug！**
   - ❌ `GET https://www.paypalobjects.co.S/i/scr/pixel.gif: net::ERR_TIMED_OUT` - 外部资源错误
   - ❌ `GET https://www.paypalobjects.com/en_US/i/btn/btn_donate_LG.gif: net::ERR_TIMED_OUT` - 外部资源错误

**关键Bug发现**：刷新后出现两个 `undefined` 日志（来自 `demo.component.ts:363`），说明组件初始化时 `onDateChanged` 回调被触发但值为 `undefined`。

现在进行**步骤4**：再次与日期选择器交互后导航离开页面，观察是否有控制台错误。

首先点击日期选择器，再次选择一个日期：
[step 23] Action: left_click (501, 253)
[step 23] Reasoning: 日期选择面板已打开（控制台显示"opened" - demo.component.ts:277）。今天16日被圆圈高亮。让我点击日期"20"来选择一个日期：
[step 24] Action: left_click (30, 240)
[step 24] Reasoning: **日期选择成功**：
- 日期20被选中（蓝色圆圈高亮）
- 输入框显示 `20-04-2026 13:24:08`
- 控制台显示 `20-04-2026 13:24:08`（demo.component.ts:363）
- 面板仍然开着（时间选择器日期时间类型是保持开着的）

现在我需要**在面板开着的状态下导航离开页面**，这是测试生命周期/销毁时是否有错误。我将点击左侧导航栏的"Day Picker"（不含时间的日期选择器）来切换组件视图：
[step 25] Action: scroll down (1113, 400) scroll_amount 3
[step 25] Reasoning: **非常重要的发现！** 导航到"Day Picker"组件后：

1. **新组件加载时出现错误**：
   - ⚠️ `undefined` (demo.component.ts:363) - 导航到新组件时触发，值为undefined
   - ❌ **`Invalid date`** (demo.component.ts:363) - **这是一个明显的Bug！** 新组件加载时，日期回调被触发但值是 "Invalid date"（无效日期）

2. **视觉Bug**：输入框显示 `Invalid date` 红色错误状态，输入框下方有 `invalid format` 的错误提示

3. URL 变为 `localhost:4200/#`，使用了哈希路由

4. Issues计数从 7 增加到 **8**（新增了一个问题）

5. 控制台计数：🔴4 🔵7

让我截图查看更多细节，特别是控制台中的详细错误：
[step 26] Action: left_click (972, 461)
[step 26] Reasoning: 现在我可以清楚地看到完整的控制台日志。让我总结所有测试结果。让我再截一张图以确保完整记录：

现在让我点击控制台中的"▶"展开按钮查看是否有更多错误信息：
[step 27] Action: DONE
[step 27] Reasoning: 现在我已经完成了所有测试步骤。让我整理并总结完整的测试结果。

---

## 📊 测试报告：Angular Date/Time/Month Picker 基本功能和生命周期行为

### 测试环境
- 应用：Angular Date/Time/Month Picker (`http://localhost:4200`)
- 浏览器：Chrome（已开启 DevTools Console + Preserve Log）
- 测试时间：2026年4月16日

---

### 步骤1：点击打开日期选择面板
**✅ 正常**
- 点击 "Choose a date..." 输入框后，日期选择面板正常弹出
- 显示 2026年4月的日历
- 控制台输出：`opened`（来自 `demo.component.ts:277`）
- 面板包含日历区域 + 时间选择器（01:23 PM）

---

### 步骤2：选择日期，确认显示
**✅ 基本正常（含一个设计观察）**
- 点击日期 "15" 后：
  - 输入框显示：`15-04-2026 13:21:31` ✅
  - 控制台输出：`15-04-2026 13:21:31`（来自 `demo.component.ts:363`）✅
  - **日期选择面板未立即关闭**（因为此为 Day Time Picker，包含时间选择功能，保持开放是预期行为）
- 点击页面空白处后：
  - 面板正常关闭 ✅
  - 控制台输出：`closed`（来自 `demo.component.ts:281`）✅

---

### 步骤3：刷新页面，观察控制台错误
**⚠️ 发现 Bug**

刷新后控制台出现以下新增日志：
| 日志 | 来源 | 性质 |
|------|------|------|
| `Angular is running in the development mode...` | `core.es5.js:3825` | 正常警告 |
| ⚠️ `undefined` | `demo.component.ts:363` | **Bug** |
| ⚠️ `undefined` | `demo.component.ts:363` | **Bug** |
| `GET ...pixel.gif: net::ERR_TIMED_OUT` | 外部资源 | 外部依赖问题（与应用无关） |
| `GET ...btn_donate_LG.gif: net::ERR_TIMED_OUT` | 外部资源 | 外部依赖问题（与应用无关） |

**Bug #1**：页面刷新时，`onDateChanged` 回调在组件初始化阶段被触发两次（两个 `undefined`），说明组件在没有选中日期时仍然触发了日期变更事件，传出了 `undefined` 值。这是初始化生命周期中的逻辑缺陷。

---

### 步骤4：再次交互后导航离开，观察控制台错误
**❌ 发现严重 Bug**

重新选择日期（20-04-2026 13:24:08）后，在面板开着的状态下点击导航至"Day Picker"组件，控制台出现：
| 日志 | 来源 | 性质 |
|------|------|------|
| `opened` | `demo.component.ts:277` | 正常（打开面板） |
| `20-04-2026 13:24:08` | `demo.component.ts:363` | 正常（日期选择） |
| ⚠️ `undefined` | `demo.component.ts:363` | **Bug** |
| ❌ `Invalid date` | `demo.component.ts:363` | **严重 Bug** |

**Bug #2（严重）**：导航到新路由（Day Picker）时：
1. 新组件 `onDateChanged` 被触发但值为 `undefined`
2. 紧接着再次触发，值为 **`"Invalid date"`**（无效日期字符串）
3. 新组件的输入框显示红色 `"Invalid date"`，并有 `"invalid format"` 错误提示

这说明组件销毁/切换时，存在日期值传递错误——可能是前一个组件的日期格式（含时间的 `DD-MM-YYYY HH:mm:ss`）被传递到新的不含时间的 Day Picker 组件，导致解析失败产生 "Invalid date"。

---

### 视觉观察
- PayPal 广告横幅（`pixel.gif`、`btn_donate_LG.gif`）加载失败，显示破损图片占位
- 导航后 "Day Picker" 输入框显示红色 `Invalid date` 错误状态（视觉+功能双重异常）

---

### 结论
| 测试项 | 结果 |
|--------|------|
| 打开日期选择面板 | ✅ Pass |
| 选择日期并显示 | ✅ Pass |
| 刷新页面控制台错误 | ⚠️ **Fail**（2次 `undefined` 初始化回调） |
| 导航离开后控制台错误 | ❌ **Fail**（`undefined` + `Invalid date`，组件显示错误状态） |

**总体评定：FAIL** — 日期选择器在页面刷新时和组件路由切换（销毁）时存在生命周期管理缺陷，会产生 `undefined` 和 `Invalid date` 等非预期回调，影响组件正确初始化和状态管理。
Evaluating task result...

==================================================
Task: 当前Chrome浏览器已打开angular-datepicker应用，地址是http://localhost:4200。测试日期选择器的基本功能和生命周期行为。步骤：1.找到日期选择器输入框，点击打开日期选择面板；2.选择一个日期，确认面板正常关闭且日期正确显示在输入框中；3.刷新页面，观察控制台是否出现错误；4.再次与日期选择器交互后导航离开页面，观察是否有控制台错误。请始终在浏览器内操作，禁止打开Terminal、Finder或其他应用程序。如果找不到目标功能直接标记result为unclear。
Status: COMPLETED
Total steps: 27
Last action: DONE
Last reasoning: 现在我已经完成了所有测试步骤。让我整理并总结完整的测试结果。

---

## 📊 测试报告：Angular Date/Time/Month Picker 基本功能和生命周期行为

### 测试环境
- 应用：Angular Date/Time/Month Picker (`http://localhost:4200`)
- 浏览器：Chrome（已开启 DevTools Console + Preserve Log）
- 测试时间：2026年4月16日

---

### 步骤1：点击打开日期选择面板
**✅ 正常**
- 点击 "Choose a date..." 输入框后，日期选择面板正常弹出
- 显示 2026年4月的日历
- 控制台输出：`opened`（来自 `demo.component.ts:277`）
- 面板包含日历区域 + 时间选择器（01:23 PM）

---

### 步骤2：选择日期，确认显示
**✅ 基本正常（含一个设计观察）**
- 点击日期 "15" 后：
  - 输入框显示：`15-04-2026 13:21:31` ✅
  - 控制台输出：`15-04-2026 13:21:31`（来自 `demo.component.ts:363`）✅
  - **日期选择面板未立即关闭**（因为此为 Day Time Picker，包含时间选择功能，保持开放是预期行为）
- 点击页面空白处后：
  - 面板正常关闭 ✅
  - 控制台输出：`closed`（来自 `demo.component.ts:281`）✅

---

### 步骤3：刷新页面，观察控制台错误
**⚠️ 发现 Bug**

刷新后控制台出现以下新增日志：
| 日志 | 来源 | 性质 |
|------|------|------|
| `Angular is running in the development mode...` | `core.es5.js:3825` | 正常警告 |
| ⚠️ `undefined` | `demo.component.ts:363` | **Bug** |
| ⚠️ `undefined` | `demo.component.ts:363` | **Bug** |
| `GET ...pixel.gif: net::ERR_TIMED_OUT` | 外部资源 | 外部依赖问题（与应用无关） |
| `GET ...btn_donate_LG.gif: net::ERR_TIMED_OUT` | 外部资源 | 外部依赖问题（与应用无关） |

**Bug #1**：页面刷新时，`onDateChanged` 回调在组件初始化阶段被触发两次（两个 `undefined`），说明组件在没有选中日期时仍然触发了日期变更事件，传出了 `undefined` 值。这是初始化生命周期中的逻辑缺陷。

---

### 步骤4：再次交互后导航离开，观察控制台错误
**❌ 发现严重 Bug**

重新选择日期（20-04-2026 13:24:08）后，在面板开着的状态下点击导航至"Day Picker"组件，控制台出现：
| 日志 | 来源 | 性质 |
|------|------|------|
| `opened` | `demo.component.ts:277` | 正常（打开面板） |
| `20-04-2026 13:24:08` | `demo.component.ts:363` | 正常（日期选择） |
| ⚠️ `undefined` | `demo.component.ts:363` | **Bug** |
| ❌ `Invalid date` | `demo.component.ts:363` | **严重 Bug** |

**Bug #2（严重）**：导航到新路由（Day Picker）时：
1. 新组件 `onDateChanged` 被触发但值为 `undefined`
2. 紧接着再次触发，值为 **`"Invalid date"`**（无效日期字符串）
3. 新组件的输入框显示红色 `"Invalid date"`，并有 `"invalid format"` 错误提示

这说明组件销毁/切换时，存在日期值传递错误——可能是前一个组件的日期格式（含时间的 `DD-MM-YYYY HH:mm:ss`）被传递到新的不含时间的 Day Picker 组件，导致解析失败产生 "Invalid date"。

---

### 视觉观察
- PayPal 广告横幅（`pixel.gif`、`btn_donate_LG.gif`）加载失败，显示破损图片占位
- 导航后 "Day Picker" 输入框显示红色 `Invalid date` 错误状态（视觉+功能双重异常）

---

### 结论
| 测试项 | 结果 |
|--------|------|
| 打开日期选择面板 | ✅ Pass |
| 选择日期并显示 | ✅ Pass |
| 刷新页面控制台错误 | ⚠️ **Fail**（2次 `undefined` 初始化回调） |
| 导航离开后控制台错误 | ❌ **Fail**（`undefined` + `Invalid date`，组件显示错误状态） |

**总体评定：FAIL** — 日期选择器在页面刷新时和组件路由切换（销毁）时存在生命周期管理缺陷，会产生 `undefined` 和 `Invalid date` 等非预期回调，影响组件正确初始化和状态管理。

==================================================

UI window closed
