Session created: sess-20260418050452-4cc8c6f3f2a54679a86c2cf88073695f
UI panel initialized successfully
UI window displayed
Expected result: 滑块在拖动释放后应回到非激活的默认视觉状态，不应保持激活样式；按钮在点击后涟漪效果应正常消退，按钮应恢复正常外观，不应有残留的变暗或聚焦效果。
[step 0] Action: Initializing
[step 0] Reasoning: Initializing session connection
[step 0] Action: screenshot
[step 1] Action: scroll down (640, 400) scroll_amount 5
[step 1] Reasoning: I can see the Beer CSS website is open. I need to navigate to find the slider and button components. Let me scroll down to find them, or navigate through the left menu.
[step 2] Action: scroll down (640, 400) scroll_amount 10
[step 2] Reasoning: The page is showing the main landing page. I need to navigate to find slider and button components. Let me scroll down more to find the components section.
[step 3] Action: scroll down (640, 400) scroll_amount 15
[step 3] Reasoning: I can see the page is a documentation/demo page. I need to find the slider and button components. Let me look at the left sidebar - I can see there's a menu icon and some navigation items. Let me click on the hamburger menu to see more navigation options, or scroll down more to find the components.
[step 4] Action: left_click (84, 185)
[step 4] Reasoning: I can see the page is showing an introductory section. I need to navigate to the components page to find sliders and buttons. Let me click on the "Explore" button or click the hamburger menu to open the navigation.
[step 5] Action: scroll down (160, 400) scroll_amount 3
[step 5] Reasoning: The Explore menu is now open. I can see a list of components including "Buttons". I need to scroll down in this menu to find "Sliders". Let me first click on "Buttons" to navigate to the buttons section, then come back for sliders.

Actually, let me first scroll down in this menu to find "Sliders" and then decide the order of testing. Let me scroll down in the menu.
[step 6] Action: scroll down (160, 400) scroll_amount 5
[step 7] Action: scroll down (160, 400) scroll_amount 5
[step 8] Action: scroll down (160, 400) scroll_amount 5
[step 9] Action: scroll down (160, 400) scroll_amount 5
[step 10] Action: scroll down (160, 400) scroll_amount 3
[step 11] Action: scroll down (160, 400) scroll_amount 3
[step 12] Action: scroll down (160, 400) scroll_amount 3
[step 13] Action: scroll down (160, 400) scroll_amount 3
[step 14] Action: left_click (94, 643)
[step 14] Reasoning: I can see "Sliders" at the bottom of the menu. Let me click on it to navigate to the Sliders page.
[step 15] Action: left_click_drag (350, 368)
[step 15] Reasoning: I can now see the Sliders page. I can see multiple slider components. I'll now test the slider interaction - I'll click and drag the first slider to a new position and then observe if it returns to its non-active visual state.

Let me first take a closer look at the first slider. I can see there's a "Default slider" section with sliders. Let me interact with the first slider (leftmost one).

The first slider appears to be around x=260, y=368. Let me click and drag it to the right.
[step 16] Action: left_click (700, 160)
[step 16] Reasoning: I can see the first slider has been dragged - the filled portion appears to be larger now (going from about 25% to about 65% of the track). The drag operation moved the slider. Now I need to observe if the slider returned to its normal (non-active) visual state after releasing the mouse.

Looking at the screenshot, the slider appears to have moved to the right position. The slider thumb seems to be at around 65% of the track. The slider looks like it's in a normal state (not highlighted or showing active state). Let me take a closer screenshot to confirm this.

Let me now click somewhere else away from the slider to ensure focus is removed, and then observe the slider state.
[step 17] Action: left_click (84, 185)
[step 17] Reasoning: I can observe the slider after clicking elsewhere. Looking at the first slider (leftmost in the Default slider section), I can see:

1. The slider has been moved to approximately 75-80% of the track (the purple filled bar extends to about 3/4 of the slider's width).
2. The slider appears to be in its normal visual state - the thumb (the vertical bar at the end of the filled portion) seems to show a subtle indicator bar at the position, but the overall slider looks normal.

However, I notice something potentially anomalous - the slider thumb appears to still show a visible vertical bar/separator at the end of the filled section. Let me zoom in to get a better look at the slider state.

Let me now perform a more careful drag test - this time, I'll do a slow drag to observe the active state, then check the state after release. Let me use a different approach: click on the slider, drag it, then observe.

First, let me observe the current state more carefully. The first slider is showing the drag position appears normal. Now let me test the button component. Let me navigate to the Buttons section.
[step 18] Action: scroll up (160, 400) scroll_amount 10
[step 18] Reasoning: I can see the Explore menu is open. I need to scroll up in this menu to find "Buttons". Let me scroll up to find it.
[step 19] Action: scroll up (160, 400) scroll_amount 10
[step 20] Action: scroll up (160, 400) scroll_amount 10
[step 21] Action: scroll up (160, 400) scroll_amount 10
[step 22] Action: left_click (97, 297)
[step 22] Reasoning: I can see "Buttons" in the menu. Let me click on it.
[step 23] Action: left_click (249, 375)
[step 23] Reasoning: Excellent! I can now see the Buttons page with many different button variants. I can see there are multiple rows of buttons including filled (dark purple), with icons, and unfilled variants. Let me now:

1. Click on a button
2. Move the mouse away
3. Observe if the button returns to its normal state (no residual darkening or ripple effect)

Let me click on the first "Button" (filled, dark purple) and then move the mouse away.
[step 24] Action: mouse_move (700, 200)
[step 24] Reasoning: I clicked on the first "Button" and then the mouse has moved away. Now I need to observe if the button looks normal after clicking. The screenshot shows the button's appearance after clicking. The first "Button" (top-left dark purple) appears to be in its normal state now - it shows the standard dark purple fill without any visible ripple or darkened residue.

Let me move the mouse to a neutral position away from any buttons to get a clearer view of the button's resting state.
[step 25] Action: left_click (249, 488)
[step 25] Reasoning: I can now see the Buttons page with the mouse moved away. Looking at the buttons:

1. The first "Button" (top-left, dark purple filled) appears to be in its normal state - it shows the standard dark purple fill. However, I notice the button appears slightly darker than the second row's "Button" which also appears filled. Let me take a closer look.

Actually, looking at both rows of filled buttons:
- Row 1 (top): The first "Button" at (249, 375) - appears to be in normal state
- Row 2 (below): The "Button" at (249, 431) - also appears normal

The buttons appear to be showing their normal, resting visual states. No visible ripple or persistent hover/active state.

Now let me do a more thorough test by clicking one of the outlined buttons (row 3) and observing:
[step 26] Action: mouse_move (700, 200)
[step 26] Reasoning: I clicked on the outlined "Button" at row 3 (which was Button at 249, 488). Looking at the screenshot after clicking, I can see:

- The button at row 3, column 1 (249, 488) shows a slightly different appearance - it has a light grey/white background and border, showing a subtle highlighted state compared to the button below it (249, 545).

Wait, actually looking more carefully, the Button at (249, 488) now appears to be showing a slightly darker/more visible state vs the Button at (249, 545) below it. The Button at row 3 appears to have a very subtle grey fill which might be a residual active/hover state, while the Button at row 4 is truly "clean" (just an outlined button with no fill).

However, this could also just be because my mouse cursor is currently on or near the button (since I just clicked it and the `left_click` action usually captures the state right after the click). Let me move the mouse completely away and take another screenshot.
[step 27] Action: Open url: http://localhost:5173/sliders
[step 27] Reasoning: Now I can see the buttons with the mouse moved away. Looking at the buttons:

- Buttons in rows 1 and 2 (dark purple filled): Both appear to be in their normal states - uniform dark purple color
- Buttons in row 3 (outlined): The button at (249, 488) appears the same as the one at (249, 545) - both showing as outlined buttons with white/transparent background

The buttons seem to be returning to their normal visual states correctly. However, I notice that the outlined Button at row 3 looks slightly different from row 4 - it appears the row 3 button might have a slightly lighter/elevated appearance. Let me zoom in on these two buttons for closer inspection.

Actually, comparing more carefully:
- Row 3 buttons (249, 488), (373, 488), (481, 488), (605, 488) - these appear as outlined buttons
- Row 4 buttons (249, 545), (373, 545), (481, 545), (605, 545) - these also appear as outlined buttons

They look similar. The visual states appear to be correctly restored.

Now let me go back to the slider page to do a more thorough test of the slider component. Let me navigate using the URL directly.
[step 28] Action: wait
[step 28] Reasoning: The page is loading. Let me wait for it to load completely.
[step 29] Action: left_click (14, 62)
[step 29] Reasoning: The page is still loading. The page is blank. It seems the URL `/sliders` might not exist as a direct route. Let me go back to the main page and navigate through the left menu to find the sliders.
[step 30] Action: left_click (451, 33)
[step 30] Reasoning: The page is still blank. The back button didn't work as expected. The URL shows `localhost:5173/sliders` which is a blank page. Let me try navigating directly to the beercss page using the previous tab that was the Buttons page.
[step 31] Action: left_click (84, 185)
[step 31] Reasoning: I'm back on the Buttons page. Now let me navigate to the Sliders page through the Explore menu. Let me click on the "Explore" button to open the menu.
[step 32] Action: scroll down (160, 400) scroll_amount 10
[step 32] Reasoning: The Explore menu is open. I can see the menu items. I need to scroll down in the menu to find "Sliders". Let me scroll down in the left sidebar.
[step 33] Action: scroll down (160, 400) scroll_amount 10
[step 33] Reasoning: I can see more menu items. I need to scroll more to find "Sliders". Let me continue scrolling.
[step 34] Action: scroll down (160, 400) scroll_amount 10
[step 35] Action: scroll down (160, 400) scroll_amount 5
[step 35] Reasoning: I can see more menu items now. I need to scroll a bit more to find "Sliders". Let me scroll down a bit.
[step 36] Action: left_click (94, 643)
[step 36] Reasoning: I can see "Sliders" at the bottom of the menu list. Let me click on it.
[step 37] Action: left_click_drag (600, 368)
[step 37] Reasoning: Excellent! Now I can see the Sliders page. I can see:
1. **Default slider** section - There are 5 slider components showing different sizes (tiny, small, medium, large, and extra+large). The "tiny" option is selected showing horizontal sliders.
2. **Value indicator** section - Another set of sliders with value indicators
3. **Value indicator bottom** section - More sliders

The current page shows:
- First slider (leftmost): A filled slider that appears to be at about 80% of the track
- Second slider: At about 30%
- Third slider: At about 50%
- Fourth slider: At about 50%
- Fifth slider: A very small slider (appears very narrow)

Now let me perform the slider interaction test. I need to:
1. Click and drag the first slider (leftmost in the Default slider section)
2. Release the mouse
3. Observe if the slider returns to non-active visual state

Looking at the first slider in the Default slider section, the slider thumb appears to be around x=447, y=368 (the vertical bar at the end of the purple fill). Let me click and drag it.

First, let me take a screenshot to understand the current slider positions more clearly.

The first slider appears to be positioned with:
- Left edge at about x=228
- Thumb at about x=447 (the vertical bar)
- Right edge at about x=1253

Let me now drag the slider thumb from position ~447 to about 600 (to the right).
[step 38] Action: left_click (340, 368)
[step 38] Reasoning: I can see the Sliders page. Looking at the first slider in the Default slider section after the drag operation:
- The first slider still shows the same position (at about 80%) - the thumb is at position ~447
- The slider appears to be in its normal, non-active state after the drag

Wait, the slider doesn't seem to have moved after the drag. The thumb is still at the same position (around x=447, y=368). This is odd. The slider may not have been properly dragged. Let me look more carefully.

Looking at the screenshot, the first slider (leftmost) still shows the purple fill ending at around x=447. The drag operation may have been to the Value indicator section (at y=552) instead of the first slider (y=368).

Actually looking at the drag, it went from (447, 368) to (600, 368). But the drag_to said "(900, 552)" which means the cursor actually moved to position (900, 552) on screen. This doesn't match what I specified - there seems to be a discrepancy in the coordinate system reported.

Let me try again. Let me click directly on the slider track to change its value, and then observe the visual state. I'll click on the first slider track, then move the mouse away.

Let me look more carefully at the slider positions. The first slider in the Default slider section appears to have:
- Track running from approximately x=228 to x=1255 (the full width)
- The current thumb position appears to be at around x=447

Let me try clicking directly on the slider thumb area and observe.
[step 39] Action: mouse_move (340, 368)
[step 39] Reasoning: I can see the slider has moved now. The first slider in the Default slider section now shows the thumb at around x=340, y=368, with the purple fill going from x=228 to about x=340 (about 25% of the track width instead of 80% before). The slider has responded to the click!

Looking at the current state:
- The slider thumb appears to be at about 25% of the track
- The slider looks like it's in its normal non-active state - the thumb is just the vertical bar at the end of the purple fill
- There's no visible highlight ring or extra emphasis around the thumb

**Observation**: The slider appears to be functioning correctly. After clicking, it moved to the clicked position and appears to be in normal state.

However, I notice something: the slider thumb shows as a thin vertical bar (I-beam/line style). I need to check if there's a "bubble" or indicator that should appear during active state and disappear after. Let me do a proper drag test - click and drag slowly, then release.

Let me now do a proper drag test to see the active state and then observe the release:

**Step 1:** First, let me move the mouse over the slider thumb to see if a hover state appears.
[step 40] Action: left_mouse_down
[step 40] Reasoning: I can see the mouse has moved but the screenshot shows the same slider state - the first slider is at about 25% position. Looking at the slider area more carefully, I notice:

1. The first slider thumb is at approximately x=340, y=368 (the thin vertical line at the end of the purple fill)
2. There's no visible hover ring or highlight bubble around the thumb when hovering

Now let me perform a click-and-drag interaction on the first slider to test the active state behavior. I'll use `left_mouse_down` and then `left_mouse_up` sequence to perform a proper drag:

**Step 1: Press mouse down on the slider thumb**
**Step 2: Drag to new position**
**Step 3: Release mouse**
**Step 4: Take screenshot to observe visual state**
[step 41] Action: left_click_drag (600, 368)
[step 41] Reasoning: Let me use the left_click_drag action instead to perform the drag:
[step 42] Action: mouse_move (700, 160)
[step 42] Reasoning: I can see the slider has moved again. Looking at the first slider in the Default slider section:
- The slider was at 25% before
- After the drag from (340, 368) to (600, 368), the slider is now back at approximately 80% (the purple fill extends to about x=447 - the same position as initially)

Wait, looking carefully at the screenshot, the slider first (leftmost) one now shows the thumb at approximately x=447 again - it appears to have gone back to about 80%. This seems like the drag went from x=340 to x=600, which should have increased the value, not kept it the same.

Actually, looking more closely at the first slider track - the purple fill extends from x=228 to about x=445, with the thumb (vertical bar) at around x=447. This is at approximately 80% again. But earlier after the click at (340, 368), the slider was at 25%.

This is interesting behavior - it might be that the drag didn't work as expected. Let me observe the slider more carefully.

**Critical observation**: The slider thumb after the drag operation from (340,368) to (600,368) appears to be at approximately 80% position (x≈447). But the click at (340,368) had moved it to 25%. The drag seems to have resulted in a different outcome than expected.

Let me now check if the slider shows any residual active state (like a persistent glow or ring around the thumb). Looking at the first slider thumb in the screenshot - I can see the vertical bar at x≈447, and it appears to have a thin rectangular indicator at the thumb position. This looks normal.

Now let me look at whether there are any visual anomalies - the task status panel says the drag went to (900, 552) which seems wrong for target (600, 368). This suggests there might be a coordinate mapping issue. But regardless, the slider did move.

Let me move the mouse away from the slider and take a clean screenshot to observe the slider's resting state:
[step 43] Action: left_click (370, 544)
[step 43] Reasoning: Now I can see the slider page with the mouse moved away. Looking at the first slider in the "Default slider" section:

**Slider Visual State Observations:**

1. **First slider (leftmost, "tiny" size)**: The slider thumb (vertical bar) is at approximately x=447. The purple filled track goes from x=228 to x=445. The thumb appears as a thin vertical bar. This looks like the **default/normal state** - no visible active ring, glow, or persistent highlight around the thumb. The visual state appears to be correctly restored to the non-active state.

2. **Second slider**: Positioned at about 30%, appears normal.

3. **Third slider**: Appears centered (50%+), looks normal.

4. **Fourth slider**: Positioned at about 50%, looks normal.

5. **Fifth slider (rightmost)**: Very narrow slider, appears normal.

**Key Observation**: After dragging and releasing the slider, the slider thumb appears to be in its normal resting state - just a thin vertical bar with no additional visual indicators (no glow ring, no persistent active state). This looks **correct behavior**.

However, let me zoom in to examine the slider thumb more carefully to see if there's any residual state. Let me look at the area around x=445-450, y=355-380.

Let me now test the slider by doing a more deliberate drag and check the before/after states. First let me click on an empty area to deselect everything, then look at the slider carefully.

Actually, looking at the current screenshot, the slider state looks correct - there are no obvious residual active states. Let me now check the **Value indicator** sliders at y≈544 to see if they show any value bubble after interaction.

Let me click on the value indicator slider:
[step 44] Action: mouse_move (700, 160)
[step 44] Reasoning: Interesting! I clicked on the Value indicator slider at (370, 544). Looking at the "Value indicator" section:
- The first slider in the Value indicator section (at around x=288, y=544) shows the thumb at approximately x=288
- The Value indicator slider doesn't seem to have moved when I clicked at (370, 544)

Wait, looking more carefully:
- The first Value indicator slider still shows the thumb at approximately x=288 (left side)
- But the click was at (370, 544), which should have moved the slider thumb to about 25% of the track

Actually the slider thumb appears to be where the cursor is now (at x≈370). Looking at the first Value indicator slider, the thumb appears to be at around x=288, and the cursor is at about x=370 (I can see the cursor in the screenshot).

**Observation**: The Value indicator sliders don't show any visible value bubble/indicator above the thumb after clicking. For a "Value indicator" slider, I would expect to see a bubble showing the numerical value appearing above the slider thumb during interaction. This might be a **bug** - the value indicator tooltip is not appearing.

Let me move the mouse away to observe the slider state better:
[step 45] Action: left_click (84, 185)
[step 45] Reasoning: Now I can see both sections clearly with the mouse moved away. Let me analyze the visual states:

**Default slider section (top row at y≈368):**
- First slider (leftmost): Thumb is at about 25-30% (x≈305). Track shows purple fill to that point, remaining track shows lighter purple/grey. The thumb appears as a thin vertical bar. **Normal state - no residual active style.**

**Value indicator section (second row at y≈544):**
- First slider (leftmost): Thumb is at about 20% (x≈288). No value bubble visible above the thumb. **Normal state.**

Both sliders appear to be in their correct resting states. The sliders don't appear to have any residual active visual states (no highlighted rings, no stuck value bubbles, no persistent glow effects).

**Key observation**: The "Value indicator" sliders should show a value bubble/tooltip during interaction (when you're actively dragging). However, since I couldn't observe this in real-time during the drag, I need to verify if this behavior is working correctly. The current screenshot shows the static state after the click, and no value bubble is shown, which is the **expected** behavior for the resting state.

Now let me navigate to the Buttons page to test button visual state restoration:
[step 46] Action: scroll up (160, 400) scroll_amount 15
[step 46] Reasoning: The Explore menu is open and I can see the slider sections in the background. The menu is showing Pages, Progress, Radios, Responsive, Scrolls, Search, Selects, Shapes, Sliders. I need to scroll up to find "Buttons". Let me scroll up in the menu.
[step 47] Action: scroll up (160, 400) scroll_amount 10
[step 48] Action: scroll up (160, 400) scroll_amount 10
[step 49] Action: left_click (97, 297)
[step 49] Reasoning: I can now see "Buttons" in the menu. Let me click on it.
[step 50] Action: left_click (249, 375)
[step 50] Reasoning: Excellent! Now I can see the Buttons page with many button variants. I can see:

**Common buttons section:**
- Row 1: 4 filled dark purple buttons: "Button", "Button" (with home icon), "Button" (with beer icon yellow), "Button" (with beer icon on yellow bg)
- Row 2: Same 4 button variants but different shade
- Row 3: 4 outlined/border buttons (white background with border): "Button", "Button" (with home icon), "Button" (with beer icon), "Button" (with beer icon on yellow bg)  
- Row 4: Same as Row 3

The current state shows "medium" and "no-elevate" and "horizontal" options are selected.

**Initial Observation**: The buttons in rows 1 and 2 appear identical in style. Looking more carefully, Row 1 appears slightly darker than Row 2. This could be:
1. Normal design difference
2. A visual bug where one row appears to have a persistent active/hover state

Let me now click on a button to test the ripple effect and observe post-click state. I'll click on the first button (dark purple "Button" at top-left).

**Before Click**: The first button (249, 375) appears dark purple.

Let me click on the button and immediately move the mouse away to observe the ripple and post-click state:
[step 51] Action: mouse_move (700, 160)
[step 51] Reasoning: I can see the Buttons page after clicking on the first "Button" at (249, 375). Looking at the current state:

**Observation of Buttons after click:**
- **Row 1 Button 1** (249, 375): Appears dark purple. Looking at the button, it appears to be in the normal resting state.
- **Row 2 Button 1** (249, 431): Also appears dark purple, seemingly similar shade to Row 1.

However, I notice something important: **Both Row 1 and Row 2 buttons appear to be the same color (dark purple)**. This is unusual because normally a button page would show variations between:
- Default state (normal dark purple)
- Row 2 which might be a different variant

Looking more carefully at the visual difference between Row 1 and Row 2:
- Row 1 buttons: Appear to be standard dark purple
- Row 2 buttons: Also appear dark purple, maybe slightly different shade

This could indicate different button variants (like "no-elevate" vs standard), which is normal.

Now let me move the mouse completely away from the first button to observe any residual state:
[step 52] Action: left_click (249, 488)
[step 52] Reasoning: Now I can see the button page clearly with the mouse moved away. Let me carefully analyze each button's visual state:

**Detailed Button Visual State Analysis:**

Looking at the 4 rows of buttons in the "Common buttons" section:

**Row 1 (y≈375):**
- Button 1 (249, 375): Dark purple filled button - **appears normal**
- Button 2 (357, 375): Dark purple with home icon - **appears normal**  
- Button 3 (481, 375): Dark purple with beer icon (yellow) - **appears normal**
- Button 4 (605, 375): Yellow background with beer icon - **appears normal**

**Row 2 (y≈431):**
- Button 1 (249, 431): Dark purple filled - **appears slightly darker than Row 1?**
- Button 2 (357, 431): Dark purple with home icon - **appears similar to Row 1**
- Button 3 (481, 431): Dark purple with beer icon - **appears normal**
- Button 4 (605, 431): Yellow background with beer icon - **appears normal**

**Row 3 (y≈488):**
- Button 1 (249, 488): White/outlined button - **appears normal**
- Button 2 (357, 488): White/outlined with home icon - **appears normal**
- Button 3 (481, 488): White/outlined with beer icon - **appears normal**
- Button 4 (605, 488): White/outlined with beer icon - **appears normal**

**Row 4 (y≈545):**
- All buttons appear as outlined/white buttons - **appears normal**

**🔍 Critical Visual Anomaly Detected:**
Looking very carefully at Row 1 Button 1 (249, 375) vs Row 2 Button 1 (249, 431):

**Row 1 Button 1 appears LIGHTER (brighter purple) than Row 2 Button 1 which appears DARKER.**

Wait - this pattern might indicate that:
- Row 1 = default variant with elevation (has shadow)
- Row 2 = "no-elevate" variant (no shadow)

Or this could be:
- Row 1 = normal state
- Row 2 = still in hover/active state with darker appearance (bug!)

The difference in darkness between Row 1 and Row 2 is a key observation. Let me look more carefully...

Actually, I notice that I clicked on Row 1 Button 1 (249, 375), and NOW looking at the current state:
- Row 1 buttons appear to be a standard medium-dark purple
- Row 2 buttons also appear to be dark purple, but possibly a slightly different shade

This could be intentional design (showing different elevation variants) or it could be a visual bug.

Let me now click on Row 2 Button 1 (249, 431) which appeared darker, then move the mouse away and compare.

Let me also click on the Row 3 Button 1 (outlined) to test the ripple effect on outlined buttons:
[step 53] Action: mouse_move (700, 200)
[step 53] Reasoning: I can now see the button page after clicking the Row 3, Button 1 (outlined button at 249, 488). Looking at the current state:

**🔍 VISUAL BUG DETECTED - Critical Finding:**

Looking at Row 3, Button 1 (249, 488) - the outlined "Button" - after clicking it and taking a screenshot, I can see it appears to have a **slightly grayish/darkened background** compared to the other outlined buttons in Row 3 (357, 488), (481, 488), (605, 488) and compared to Row 4 buttons.

The first button in Row 3 (249, 488) appears to have a subtle grey tint/darker appearance than the second button in Row 3 (357, 488). This could indicate:

1. **The button is retaining a hover/active state** after the click (the button background darkened but didn't reset to white/transparent)
2. The mouse cursor is still on the button (hovering effect)

Actually looking more carefully at the screenshot, the Row 3 Button 1 (249, 488) appears slightly lighter than the surrounding buttons with a subtle grey background. This could be because:
- The cursor was on it during the click (the screenshot was captured right at the moment of the click before the mouse moved)

Let me move the mouse away and take another screenshot to compare:
[step 54] Action: scroll down (640, 400) scroll_amount 5
[step 54] Reasoning: Now the mouse has been moved away and I can clearly see the button states. **Comparing Row 3 and Row 4:**

**Row 3 (y≈488):**
- Button 1 (249, 488): White/outlined - appears with a subtle light grey/white background
- Button 2 (357, 488): White/outlined with home icon - similar white background
- Button 3 (481, 488): White/outlined with beer icon
- Button 4 (605, 488): White/outlined with beer icon

**Row 4 (y≈545):**
- All buttons appear as white/outlined buttons

After moving the mouse away, **both Row 3 and Row 4 buttons now appear to have the same visual appearance**. The outlined buttons appear to have returned to their normal white/transparent state.

**Key finding so far:**
- Buttons appear to correctly restore to their normal state after clicking
- No obvious persistent darkening or residual ripple effect observed

However, I notice something about the **Row 1 vs Row 2** filled buttons. Looking at the screenshot:
- **Row 1** (darker shade): The buttons in Row 1 appear to be a **slightly darker shade of purple** compared to Row 2
- **Row 2** (lighter shade): The buttons in Row 2 appear **slightly lighter/more vibrant**

Wait - I need to re-examine this. Looking at the current screenshot more carefully:

Row 1 (249, 375): Dark purple - this button I CLICKED earlier (step 50)
Row 2 (249, 431): Also dark purple - but appears to be a SLIGHTLY different shade

Actually, based on the current screenshot, both Row 1 and Row 2 dark purple buttons appear to be the **same shade**. The visual difference I noticed earlier might have been due to the ripple animation or cursor position during that earlier screenshot.

**Important**: The buttons DO appear to be correctly restoring to their resting state. No persistent darkening or stuck hover states are visible.

Let me scroll down to see more button variants and test additional button types:
[step 55] Action: left_click (249, 264)
[step 55] Reasoning: Excellent! Now I can see the full Common buttons section and the beginning of the "Responsive buttons" section. Let me analyze the visual state of all 4 rows of buttons:

**Reviewing Common buttons (now fully visible):**

**Row 1 (y≈208):** 4 filled dark purple buttons - all appear the same shade
**Row 2 (y≈264):** 4 filled dark purple buttons - **Row 2 appears NOTICEABLY DARKER than Row 1!**

This is a **significant visual difference**. Comparing:
- Row 1 buttons (208): Standard dark purple
- Row 2 buttons (264): Significantly darker purple

This could be:
1. Intentional design (Row 2 might be a "no-elevate" or different variant showing a darker shade)
2. A **visual bug** where Row 2 buttons retained a hover or active state (darkened state)

**Row 3 (y≈321):** Outlined buttons - all appear with consistent white backgrounds
**Row 4 (y≈378):** Outlined buttons - also appear consistently white

Looking at the Responsive buttons section at the bottom, I can see two large dark purple buttons that appear to be at the same shade.

**Important Observation**: The persistent visual difference between Row 1 and Row 2 in the filled buttons section is suspicious. Let me click on one of the Row 2 buttons to see if it changes, then compare.

Actually wait - I notice that the page is showing "default" mode with "medium" and "no-elevate" and "horizontal" options selected. These options likely cause the rows to show different button variants:
- Row 1: Default fill button (with elevation)
- Row 2: No-elevate button (same fill but without shadow)

The difference in shade between Row 1 and Row 2 might be due to the shadow effect - Row 1 has a subtle shadow that makes it appear lighter, while Row 2 without elevation appears darker/more flat.

Let me compare more carefully... **Actually, looking at the current screenshot more carefully**:
- Row 1 buttons appear as a **medium-dark purple**
- Row 2 buttons appear as a **darker purple** (almost like a pressed/active state)

This shade difference IS concerning from a visual testing perspective. It might indicate a bug where Row 2 buttons appear to have a persistent "hover" or "active" state styling.

Let me click on a Row 2 button and observe if there's any change:
[step 56] Action: mouse_move (700, 460)
[step 56] Reasoning: After clicking on the Row 2 Button 1 (249, 264), the screenshot shows the same visual state as before. **The visual difference between Row 1 and Row 2 buttons persists:**

- Row 1 (208): Standard lighter dark purple
- Row 2 (264): Darker purple - potentially showing a persistent state

Let me now move the mouse away to get a clean comparison:
[step 57] Action: left_click (249, 321)
[step 57] Reasoning: Now with the mouse moved to the bottom-right area (far from the buttons), I can see the buttons clearly. Let me compare:

**Row 1 (y≈208):** The 4 filled buttons appear as a standard medium-dark purple - this is the standard fill appearance.

**Row 2 (y≈264):** The 4 filled buttons appear to be the **SAME shade as Row 1** buttons! 

Wait - comparing again more carefully... Actually looking at this screenshot, Row 1 and Row 2 buttons now appear to have the SAME shade of dark purple! The visual difference I thought I saw earlier might have been due to:
1. The mouse cursor hovering over Row 2 causing a subtle hover state
2. Screenshot artifacts

After moving the mouse completely away to (700, 460), both rows now appear to have the same purple shade. This suggests the buttons ARE correctly restoring to their default visual state.

**Refined Conclusion for Buttons:**
The buttons appear to be correctly handling their visual states:
- When hovered: Might show a slightly different shade (hover state)
- After click and mouse moved away: Returns to the standard purple shade
- No persistent active/ripple state visible

Let me now do a more comprehensive test. Let me use Chrome DevTools to inspect the button element for any persistent CSS classes or state indicators. But first, let me try testing the outlined buttons more thoroughly.

Let me now test the third row outlined "Button" (249, 321) by clicking and moving away:
[step 58] Action: mouse_move (700, 460)
[step 58] Reasoning: **🔍 CRITICAL VISUAL BUG DETECTED:**

Looking at the screenshot after clicking the Row 3, Button 1 at (249, 321):

**Row 3 (y≈321) - Outlined buttons:**
- **Button 1 (249, 321)**: Shows a **noticeable grey/light tinted background** - this appears to be a **darker/grey background** compared to the other outlined buttons in the same row
- **Button 2 (357, 321)**: Clean white/transparent background with just a border
- **Button 3 (481, 321)**: Clean white/transparent background
- **Button 4 (605, 321)**: Clean white/transparent background

**The first outlined button (249, 321) clearly has a grey tinted background that the others do NOT have.**

This is visually anomalous! The first outlined button appears to have a **persistent active/focused state** (shown as a light grey background). This is a potential bug where the button retains a visual state after being clicked.

Let me move the mouse away to confirm this is not just a hover state:
[step 59] Action: left_click (249, 321)
[step 59] Reasoning: Now the mouse has been moved completely away from the buttons to (700, 460) - far from all buttons. Looking at the current screenshot:

**Row 3 (y≈321) - Outlined buttons with mouse moved away:**
- **Button 1 (249, 321)**: Now appears to be **back to normal** - white/transparent background with border
- Button 2, 3, 4: Also appear normal

Wait, comparing the two screenshots:
1. In the previous screenshot (Step 57 - right after clicking): Row 3 Button 1 appeared to have a grey tinted background
2. In the current screenshot (Step 58 - mouse moved away): Row 3 Button 1 now appears the same as the others (white/transparent)

This means the grey tinted background I saw was **the hover/cursor state** showing while my mouse was still on the button during the click screenshot. It was NOT a persistent state! After the mouse moved away, the button correctly returned to its normal appearance.

However, let me look more carefully at Row 3 in the current screenshot (Step 58):
- Row 3 Button 1 (249, 321): Has a subtle **very light grey** background vs Button 2 (357, 321) which appears completely white

Actually... Both Row 3 buttons (249, 321) and (357, 321) now appear similar - both with white/light grey backgrounds. This looks normal.

But wait - I notice something about Row 4 (y≈378):
- Row 4 Button 1 (249, 378): Appears as outlined button with white/clear background
- Row 4 Button 2 (357, 378): Same
- All Row 4 buttons appear the same

The buttons in Row 3 and Row 4 now look **consistent** with the mouse moved away.

**Updated Analysis**: After moving the mouse completely away, the buttons appear to correctly restore to their normal visual state. The grey tinted background I saw earlier was just the hover/cursor presence effect, not a persistent bug.

However, I want to verify this by using the Chrome DevTools "focus" indicator. The button might be retaining a **focus state** (shown with a focus ring or subtle background) even after the mouse has moved away. This would be the case if the button still has keyboard focus.

Let me click on a button and then press Escape or Tab to remove focus, and compare:

Actually, let me try clicking a button, then clicking somewhere completely unrelated (like the page title) to force focus away from the button:
[step 60] Action: mouse_move (700, 460)
[step 60] Reasoning: I can see the screenshot captured immediately after clicking on Row 3, Button 1 (249, 321). Comparing the buttons:

**Immediate post-click state (Step 59 - cursor still on button):**
- **Row 3 Button 1 (249, 321)**: Shows a **clearly visible light grey background** - significantly different from the other outlined buttons
- Row 3 Button 2 (357, 321): Shows normal white/transparent background
- Row 3 Button 3 (481, 321): Normal white/transparent
- Row 3 Button 4 (605, 321): Normal white/transparent

**Row 4 (y≈378):**
- All 4 buttons appear with normal white/transparent backgrounds

So the grey tint in Row 3 Button 1 is still visible when the cursor is on the button. Now let me move the mouse away immediately to see if it persists:
[step 61] Action: key: F12
[step 61] Reasoning: **Now I can confirm the visual state comparison:**

After moving the mouse to (700, 460) - far from the buttons:

**Row 3 (y≈321) - Outlined buttons:**
- **Button 1 (249, 321)**: Now appears to be **back to white/transparent** - same as the other outlined buttons
- Button 2 (357, 321): Normal white/transparent
- Button 3 (481, 321): Normal white/transparent
- Button 4 (605, 321): Normal white/transparent

**All buttons in Row 3 now appear consistent!** The grey background I saw earlier in the button was the **hover state** (which appears when the cursor is on the button), not a persistent state.

**🔍 Visual Analysis - KEY FINDINGS:**

1. **Button hover state**: When cursor is on the button, it shows a grey tint (hover effect) - this is **normal behavior**
2. **Button after click + mouse moved away**: The button correctly restores to its white/transparent state - **no persistent active state bug**
3. **Row 1 vs Row 2 filled buttons**: The color difference appears to be intentional design (possibly different opacity/elevation variants), not a visual bug
4. **Button ripple**: The ripple effect appears to work correctly (it animates and then disappears)

However, I'm wondering if the button might retain **keyboard focus state** after clicking. Let me check by clicking a button and then using a keyboard action to check if a focus indicator is visible.

Let me now look at the slider more carefully. Let me navigate back to the sliders page:

Let me also test to see if there is any **persistent focus ring** on a button after clicking. When a button is clicked, it typically receives keyboard focus too. I'll click on the button and then press Tab to see if the focus moves away cleanly.

Let me first go back to the Buttons page top to see the buttons in the initial resting state, then compare with the post-click state.

Let me use DevTools to inspect the button. First, let me open DevTools (F12) to examine CSS states. Actually, per the task constraints, I should stay within the browser UI. I can use DevTools for inspection.

Let me open DevTools:
[step 62] Action: left_click (65, 441)
[step 62] Reasoning: DevTools is now open at the bottom. I can see the Console tab is active showing some messages. The page shows the Common buttons section (Row 3 and Row 4 outlined buttons are visible at the top, with the Responsive buttons section below).

Let me switch to the Elements tab to inspect the button state after clicking. Let me click on the Elements tab:
[step 63] Action: left_click (11, 459)
[step 63] Reasoning: I can see the Elements panel is now open. The HTML structure shows `<body class="light">`. I can see the CSS variables for the color theme. 

Now I need to click on one of the outlined buttons in the page to inspect it in the Elements panel, then check its CSS state. Let me use the "inspect element" feature - I'll right-click on the Row 3 outlined button to inspect it:

Actually, let me use the element picker tool (the cursor icon at the top-left of DevTools) to click and inspect the outlined button. Let me click the inspect element picker:
[step 64] Action: left_click (249, 92)
[step 64] Reasoning: I can see the element inspector is active. The Elements panel now shows the DOM structure but I need to click on a button in the page to inspect it. Let me click on the outlined button "Button" at the top of the visible area (Row 3, approximately y≈92 in the current scroll):

Let me scroll up in the page to see the Common buttons section, then click on an outlined button to inspect it:
[step 65] Action: key: F12
[step 65] Reasoning: Interesting! I can see the outlined button at Row 3 (at y≈92) is now **highlighted/selected** in the page - it has a visible blue outline/selection indicator. This confirms the button is now **focused** after the click (keyboard focus). The button at (249, 92) shows a visible focus indicator (blue outline around it).

However, looking at the Elements panel in DevTools, the DOM structure still shows the basic HTML structure without drilling into the specific button element. The inspector seems to not have selected the button properly - the Elements panel shows the `<html>` element selected.

**Critical Finding**: The outlined button at (249, 92) shows a **visible focus ring/border** - this is the keyboard focus state that persists after clicking. This is expected Web behavior (buttons receive focus when clicked), BUT the question is whether this focus indicator is appropriate for this design system.

Looking at the page screenshot:
- Row 3 Button 1 (249, 92): Has a **visible blue/grey selection border** around it
- Row 3 Button 2 (357, 92): No such border - normal state

The button DOES retain a focus indicator after clicking. This is **normal browser behavior** (not a bug per se), but might be the "残留变暗效果" (residual darkening effect) mentioned in the task.

However, per the task description: "按钮是否恢复到正常的未聚焦外观（不应有残留的变暗效果）" - buttons should return to their "unfocused appearance" with no residual darkening effects.

Looking at the current state, the outlined button (249, 92) shows:
1. The button is now **focused** with a visible selection indicator
2. This focus state persists because I clicked on it

This could be:
1. **Normal browser behavior** (focus ring after click) - typically addressed with CSS `:focus-visible` 
2. A **design bug** in the Beer CSS component library where focus rings persist in an unwanted way

Let me close DevTools and test this more carefully by clicking a filled button (which might show the focus state more clearly) and comparing:
[step 66] Action: left_click (309, 79)
[step 66] Reasoning: Excellent! Now I can clearly see the crucial visual state! DevTools is closed and the page is showing all 4 rows of buttons. 

**🔍 CRITICAL VISUAL BUG CONFIRMED:**

Looking at Row 3 (y≈321) - Outlined buttons:

**Button 1 (249, 321)**: 
- Has a **VISIBLE PURPLE/DARK RING/BORDER** around it - a clear focus ring indicator
- The button has a **prominent dark purple border** that is DIFFERENT from the standard grey border of the other buttons
- This button has **retained a persistent focus state** after clicking!

**Button 2 (357, 321)**: 
- Has the normal light grey/white outline - **no focus ring**
- Appears as a clean outlined button

**Button 3 (481, 321)**: Normal state
**Button 4 (605, 321)**: Normal state

**Row 4 (y≈378):**
All 4 buttons appear with their standard light grey outline - **no focus rings**

**THE BUG**: The first outlined button (249, 321) has a **persistent purple focus ring** that is NOT present on any of the other buttons. This focus ring persists after the click and mouse-move-away interaction. This is the **"残留变暗效果" (residual styling effect)** mentioned in the task.

However, I need to verify: Is this a **focus ring** (expected browser accessibility behavior when clicked via mouse) or an **unexpected persistent state**?

Looking at the visual:
- The button shows a thick **dark purple circular border/ring** around the button
- This is distinctly different from the normal button appearance
- Other buttons in the same row don't show this ring

This appears to be the **CSS `:focus-visible` state** - in some browsers, clicking with a mouse still shows the focus ring on certain elements. This could be a **design issue** in Beer CSS where the button doesn't properly implement `:focus-visible` to suppress focus rings for mouse clicks.

**However**, this focus ring could also be the button's INTENDED behavior - Beer CSS might intentionally show a focus indicator after click. Let me click elsewhere to remove the focus and compare.

Let me click somewhere that's not a focusable element (like the page title text) to remove the focus:
[step 67] Action: scroll up (640, 300) scroll_amount 3
[step 67] Reasoning: **Observation after clicking on a non-focusable area (309, 79):**

Now looking at Row 3 (y≈321) - Outlined buttons:
- **Button 1 (249, 321)**: The **purple focus ring is GONE** - the button now appears with a normal light grey/white outline, same as the other buttons in the row
- All buttons in Row 3 now appear consistent with normal outlined button appearance

This confirms:
1. The purple focus ring/indicator WAS showing after I clicked the button (this was the keyboard focus state)
2. After clicking elsewhere (a non-interactive text area), the focus was transferred away from the button
3. The button correctly lost its focus indicator and returned to normal visual state

**UPDATED FINDING**: The behavior is essentially **correct** - the button shows a focus indicator when focused (after click), and loses it when focus moves elsewhere. This is **standard browser accessibility behavior**.

However, the question from the task is whether this focus indicator represents an issue. Looking at the behavior:
- If a user clicks a button with their mouse, the button should ideally NOT show a visible focus ring (this is what `:focus-visible` CSS pseudo-class is supposed to handle)
- In modern browsers, mouse-click on a button should use `:focus-visible` which suppresses the focus ring for mouse users
- If the focus ring IS showing after mouse click, it might indicate that Beer CSS is not properly implementing `:focus-visible`

But looking at the screenshots I captured, when I clicked button (249, 321) using the DevTools element picker (which might have triggered a keyboard-navigation type focus), the focus ring appeared. This might have been an artifact of using the DevTools element picker rather than a regular mouse click.

Let me now test this properly - close DevTools entirely and do a clean test:

1. Click an outlined button
2. Move mouse away
3. Take screenshot
4. Compare with the button's normal state

Let me scroll up to see the Common buttons section and test properly:
[step 68] Action: left_click (249, 421)
[step 68] Reasoning: Now I can see all 4 rows of buttons in the "Common buttons" section clearly with no DevTools, and the mouse appears to be away from the buttons:

**Comprehensive Visual Analysis of Button States (Clean State - No Recent Click):**

**Row 1 (y≈308) - Dark Purple Filled Buttons:**
- All 4 buttons appear as standard dark purple - **consistent, no anomalies**

**Row 2 (y≈364) - Dark Purple Filled Buttons:**
- All 4 buttons appear as dark purple - **same shade as Row 1, consistent**

Wait! Looking very carefully:
- Row 1 (308): The buttons appear to be a standard MEDIUM dark purple
- Row 2 (364): The buttons appear to be a slightly DARKER purple

Actually, now looking VERY carefully at the two rows:
- **Row 1 buttons**: Standard dark purple background
- **Row 2 buttons**: Appear to have a **slightly different shade** - possibly slightly darker

This could be:
1. The difference between "default" (Row 1) and "no-elevate" (Row 2) button variants - the "no-elevate" might have different styling
2. Normal page design where rows show different button states/variants for comparison

**Row 3 (y≈421) - Outlined Buttons:**
- All 4 buttons appear normal - white/transparent with grey border, **no focus rings visible**

**Row 4 (y≈478) - Outlined Buttons:**
- All 4 buttons appear normal - consistent with Row 3

**Current State Summary**: The buttons appear to be in their correct default visual states when no interaction has occurred recently. No persistent focus rings or active states are visible.

Now let me do the definitive test: Click a button, immediately move mouse away, and compare:

**Step 1**: Note the current appearance of Row 3, Button 1 (249, 421) - normal outlined button with grey border

**Step 2**: Click Button 1 in Row 3:
[step 69] Action: mouse_move (700, 600)
[step 69] Reasoning: **🔍 CRITICAL VISUAL BUG CONFIRMED - Step 68:**

After clicking Row 3, Button 1 (249, 421), I can see a **very clear visual anomaly**:

Looking at Row 3 (y≈421) - Outlined buttons:
- **Button 1 (249, 421)**: Shows a **DARKER grey/shadowed background** compared to all other outlined buttons! The button appears to have a **translucent grey overlay/tint** that makes it look distinctly different from:
  - Button 2 (357, 421): Normal white/transparent background
  - Button 3 (481, 421): Normal white/transparent background  
  - Button 4 (605, 421): Normal white/transparent background
  - Row 4 (478): All buttons with normal white/transparent backgrounds

**The Button 1 at (249, 421) appears NOTICEABLY DARKER than all other outlined buttons.**

The screenshot was taken RIGHT after the click (the cursor appears to still be at or near the button position at this point in the screenshot). The button shows what appears to be:
1. A **grey hover/pressed overlay** (the darkened appearance)
2. OR a **persistent focus state** showing the button is still focused

The fact that this button appears DARKER than the identical-type buttons next to it (Button 2, 3, 4 in the same row) is a clear visual discrepancy.

**Key comparison:**
- Row 3, Button 1 (249, 421): Darker grey tinted background
- Row 3, Button 2 (357, 421): Clean white/transparent background  
- Row 4, Button 1 (249, 478): Clean white/transparent background

Now let me move the mouse completely away and capture the state again to confirm if this persists:
[step 70] Action: left_click (249, 421)
[step 70] Reasoning: **Now comparing the button states with the mouse moved away to (700, 600):**

Looking at Row 3 (y≈421) - Outlined buttons after mouse moved away:
- **Button 1 (249, 421)**: The button now appears to be back to its **normal white/transparent** state - same appearance as Button 2 (357, 421), Button 3 (481, 421), and Button 4 (605, 421)
- All buttons in Row 3 appear consistent and normal

**Row 4 (y≈478):**
- All buttons appear normal and consistent

**Comparison Between Step 68 and Step 69:**

| State | Row 3, Button 1 Appearance |
|-------|---------------------------|
| Step 68 (right after click, cursor ON button) | **Darker grey tinted background** |
| Step 69 (mouse moved far away) | **Normal white/transparent** - same as other buttons |

**CONCLUSION**: The darkening I saw in Step 68 was the **HOVER/ACTIVE CSS state** that was still showing because the cursor was on the button at the time of the screenshot. Once the cursor moved away, the button correctly returned to its normal state.

**This means**: 
1. ✅ The button correctly handles the hover state (shows darker background when cursor is on it)
2. ✅ The button correctly restores to normal state after cursor moves away
3. ✅ NO persistent residual darkening bug for basic mouse hover/click

However, earlier when I used DevTools element picker, the button retained a **purple focus ring**. Let me do one more test to verify if clicking a button with a regular mouse click (not DevTools picker) causes the focus ring to appear:
[step 71] Action: mouse_move (700, 600)
[step 71] Reasoning: **Important observation from Step 70:**

After clicking Row 3, Button 1 (249, 421) again, the screenshot shows:
- **Button 1 (249, 421)**: Shows a **grey/darker background** - the button has the hover/active state because the cursor is currently ON the button

But looking at the buttons now, I can see the screenshot was captured right after the click. The cursor appears to still be on the button.

**Note**: I observe that the `left_click` action appears to leave the cursor AT the clicked position (it doesn't move the cursor away). So the screenshots taken immediately after `left_click` will always show the hover state of the clicked element.

Let me move the mouse away to see the clean state:
[step 72] Action: key: Tab
[step 72] Reasoning: **Step 71 - Clean State Analysis (Mouse at 700, 600 = far from buttons):**

Looking at all 4 rows of buttons with the cursor completely away:

**Row 1 (y≈308) - Filled Buttons:**
- All 4 buttons: Standard dark purple - **consistent, no anomalies**

**Row 2 (y≈364) - Filled Buttons:**
- All 4 buttons: Dark purple - **appears slightly darker than Row 1**
- This consistent shade difference between Row 1 and Row 2 suggests it's an **intentional design difference** (Row 1 = default with elevation, Row 2 = no-elevate variant)

**Row 3 (y≈421) - Outlined Buttons:**
- **Button 1 (249, 421)**: White/transparent - **NO focus ring, NO darker tint** 
- Button 2 (357, 421): Same as Button 1
- All 4 buttons appear consistently white/outlined

**Row 4 (y≈478) - Outlined Buttons:**
- All 4 buttons appear consistently white/outlined - **same as Row 3**

**KEY FINDING**: After moving the mouse away to (700, 600), the Row 3 Button 1 correctly returns to its **normal white/transparent appearance**. The darker grey I saw in Step 70 was just the **hover/active state** while the cursor was on the button.

**However, I need to verify if there's a persistent FOCUS RING.** Looking at the current screenshot, I do NOT see any focus ring on Row 3 Button 1. But this button DOES have keyboard focus (since I just clicked it). The absence of a visible focus ring might mean:
1. Beer CSS uses `:focus-visible` correctly (showing focus ring only for keyboard navigation, not mouse clicks) - **CORRECT behavior**
2. OR the focus ring is simply not visible in this screenshot but might appear

Let me use Tab key to navigate and check if a focus ring appears on the button:
[step 73] Action: key: Tab
[step 73] Reasoning: **Excellent! Step 72 - Tab Key Navigation Focus Indicator:**

After pressing the Tab key, the focus has moved to **Row 3, Button 2 (357, 421) - the "Button" with home icon**. I can now see a **VISIBLE FOCUS RING** on this button:
- Row 3, Button 2 (357, 421): Shows a **visible circular/oval focus ring/border** around the button - a distinct dark circle around the outlined button
- Row 3, Button 1 (249, 421): NOW shows NO focus ring - appears as normal white/outlined

This confirms:
1. **Keyboard focus (Tab navigation)**: Shows a visible focus ring → This is **correct accessible behavior**
2. **Mouse click focus**: Looking at Button 1 (249, 421) - which I clicked via mouse and then pressed Tab to move focus away - it now shows NO focus ring → This suggests the button **correctly uses `:focus-visible`** CSS (showing focus ring for keyboard navigation but NOT for mouse clicks)

**Wait, let me reconsider the earlier observation**: When I used the DevTools element picker to click the button earlier (Step 64), a purple focus ring appeared. That was because the DevTools picker counts as a keyboard-like interaction (which triggers `:focus-visible`). 

The Tab key moves the focus indicator to Button 2 (Row 3), showing a clear focus ring. This is correct keyboard navigation behavior.

**IMPORTANT VISUAL OBSERVATION**: The focus ring on Row 3, Button 2 (357, 421) appears as a **prominent circular dark outline** around the entire button. This is the CSS focus indicator for keyboard navigation.

Now let me verify: When I press Tab again, does the focus move cleanly to the next button, and does Button 2 (357, 421) correctly lose its focus ring?
[step 74] Action: key: Escape
[step 74] Reasoning: **Step 73 - Tab Navigation Test Results:**

After pressing Tab again:
1. **Row 3, Button 2 (357, 421)**: The focus ring has **DISAPPEARED** - the button is now back to its normal outlined appearance (grey border, white background, no focus ring) ✅
2. **Row 3, Button 3 (481, 421)**: Now has the **visible focus ring** - shows a dark circular border around the button with "Button" text and beer icon ✅

This confirms:
- ✅ **Focus ring appears correctly** on the focused element during keyboard navigation
- ✅ **Focus ring disappears correctly** when focus moves away from a button
- ✅ **No persistent focus ring** remains on buttons after focus moves elsewhere

**Summary of Tab navigation test:**
- Step 72: Focus was on Button 2 (357, 421) - visible focus ring ✅
- Step 73: Focus moved to Button 3 (481, 421) - Button 2's focus ring correctly disappeared, Button 3 shows new focus ring ✅

This is **correct behavior** for keyboard focus management.

Now let me press Escape to remove focus from all buttons and then verify the final state:
[step 75] Action: left_click (483, 421)
[step 75] Reasoning: **Step 74 - After pressing Escape:**

Interesting! The focus ring is **STILL visible** on Row 3, Button 3 (481, 421) - the beer icon button. Pressing Escape did NOT remove the focus from the button. This is expected browser behavior - Escape key doesn't typically remove focus from a button element.

However, looking at the current state, I can see:
- **Row 3, Button 3 (481, 421)**: Still has the **visible focus ring** (dark circular border around it)
- **Row 3, Button 2 (357, 421)**: Normal appearance - no focus ring
- **Row 3, Button 1 (249, 421)**: Normal appearance - no focus ring

The focus ring on Button 3 is the correct current state - it has keyboard focus from the Tab navigation I did earlier.

**Now let me do a final comprehensive test**: I'll click on Button 3 (which already has keyboard focus), and then click somewhere else, and check if the button returns to a clean state:
[step 76] Action: mouse_move (700, 600)
[step 76] Reasoning: **Step 75 - Click on Button 3 which had keyboard focus:**

After clicking Button 3 (483, 421) which already had keyboard focus, I can see:
- **Row 3, Button 3 (481, 421)**: Still shows the **focus ring** (the button was clicked and the cursor is still on it, also the button retains keyboard focus after click)

The focus ring remains visible on Button 3. This is expected - clicking a button that already has focus keeps the focus on that button.

Now let me move the mouse away from all buttons and see the final state:
[step 77] Action: left_click (309, 95)
[step 77] Reasoning: **Step 76 - Final State with Mouse Away:**

**🔍 PERSISTENT FOCUS RING BUG CONFIRMED:**

Looking at Row 3 (y≈421) with the mouse completely away at (700, 600):
- **Button 3 (481, 421)**: Still shows the **visible focus ring** (dark circular/oval border around the button) even though the mouse has been moved away!
- **Button 1 (249, 421)**: No focus ring - normal state ✅
- **Button 2 (357, 421)**: No focus ring - normal state ✅
- **Button 4 (605, 421)**: No focus ring - normal state ✅

**This is the key finding**: **Button 3 (481, 421) RETAINS A VISIBLE FOCUS RING after clicking and moving the mouse away!** 

The focus ring was established when I used Tab to navigate to Button 3 (keyboard navigation), and clicking on it and moving away did NOT remove the focus ring. The button **retains keyboard focus** (shown as a visible ring) even after the mouse has moved away.

**Why Button 1 vs Button 3 are different:**
- **Button 1 (249, 421)**: Was clicked only with regular mouse clicks → No focus ring visible (consistent with `:focus-visible` suppressing focus rings for mouse interactions)
- **Button 3 (481, 421)**: Received keyboard focus via Tab navigation → Shows a persistent focus ring (focus ring appears because it was set via keyboard navigation, and remains because the button still has focus)

**The critical distinction**: 
- When focus is gained via **mouse click only**: No visible focus ring (Beer CSS correctly implements `:focus-visible`) ✅
- When focus is gained via **keyboard (Tab)** and then mouse-clicked: **Focus ring persists even after mouse moves away** ✅ (this is also expected behavior)

**So the behavior is:**
1. **Mouse-only interaction**: Button correctly shows NO focus ring after mouse moves away ✅ 
2. **Keyboard + Mouse interaction**: Button shows focus ring (keyboard focus persists until Tab or click elsewhere) - this is **expected accessibility behavior**

**But wait**: The task asks specifically about "按钮是否恢复到正常的未聚焦外观" (whether button returns to normal unfocused appearance). In the case of keyboard-focused buttons, the focus ring IS the "focused state" and it SHOULD persist until focus is explicitly removed. This is correct browser/accessibility behavior.

However, the task specifically asks about what happens after "点击按钮后将鼠标移开" (clicking button then moving mouse away). Let me verify the mouse-only click scenario once more to confirm there's no focus ring in that case.

The key question is: **Does clicking a button with the mouse (without prior keyboard focus) leave a visible focus ring?**

Based on my tests:
- Steps 70-71: Clicked Button 1 (249, 421) with mouse only → After moving mouse away (Step 71), NO focus ring visible ✅

So for **pure mouse-click interactions**, buttons correctly restore to their normal unfocused appearance.

Now let me go back to the sliders page and do a more thorough test of the slider drag interaction. Let me navigate there through the menu:
[step 78] Action: left_click (933, 689)
[step 78] Reasoning: Oh! I accidentally clicked on (309, 95) which appeared to be the "Buttons" page title text, but it actually switched to a Safari browser window or opened a new Safari tab! The page is now showing Safari's start page instead of the Chrome Beer CSS page.

I also notice a Terminal window is visible in the background. The task says "始终在浏览器内操作，禁止打开 Terminal 或其他应用程序" - I should not open Terminal. The Terminal appears to be already open from a previous operation, not something I opened.

Let me navigate back to the Chrome browser with the Beer CSS page:
[step 79] Action: left_click (302, 333)
[step 79] Reasoning: Chrome is now active and showing a new tab page. I can see the Beer CSS shortcut in the "Most Visited" section. Let me click on the Beer CSS shortcut to go back to the Beer CSS page, or let me navigate to the Beer CSS Buttons page directly by clicking on one of the open tabs that should have the Buttons page.

Let me click on the "Beer CSS" shortcut icon to navigate back to the Beer CSS page:
[step 80] Action: left_click (84, 185)
[step 80] Reasoning: I'm now back on the Beer CSS home page (localhost:5173). The page shows the main landing page with the yellow beer mug illustration and "Build material design in record time without stress for devs" text.

Now I need to navigate to the Sliders page to complete the slider interaction test. Let me click on "Explore" to open the menu:
[step 81] Action: scroll down (160, 400) scroll_amount 10
[step 81] Reasoning: The Explore menu is now open showing:
- App bars
- Badges
- **Buttons** ← I can see this!
- Cards
- Checkboxes
- Chips
- Colors
- Containers
- Dialogs

I can see the menu clearly now. I need to scroll down in this menu to find "Sliders". Let me scroll down in the left sidebar:
[step 82] Action: scroll down (160, 400) scroll_amount 10
[step 82] Reasoning: I can see the menu has scrolled down. The visible items are:
- Colors
- Containers
- Dialogs
- Directions
- Dividers (currently selected/highlighted)
- Expansions
- Fieldsets
- Grids
- Icons

I need to scroll down more to find "Sliders". Let me continue scrolling:
[step 83] Action: left_click (84, 185)
[step 83] Reasoning: The Explore menu appears to have closed! The page is now showing the main Beer CSS landing page (with "Build material design in record time without stress for devs"). The left sidebar shows Left, Right, RTL, Code items but the Explore menu panel is gone.

Also I notice there are now 2 Chrome tabs open. Let me click on the "Explore" button to open the navigation menu again:
[step 84] Action: scroll down (160, 400) scroll_amount 5
[step 84] Reasoning: The Explore menu is now open again. I can see:
- App bars (selected/highlighted)
- Badges
- **Buttons** ← Available
- Cards
- Checkboxes
- Chips
- Colors
- Containers
- Dialogs

I need to scroll down in this menu to find "Sliders". Let me scroll in the menu by scrolling slowly:

==================================================
Task: 当前Chrome浏览器已打开beercss网站，地址是http://localhost:5173。测试 beercss 组件库中滑块（slider）和按钮（button）组件在交互后的视觉状态恢复行为。具体步骤：1. 打开页面后，找到页面上的 slider（滑块）组件，用鼠标点击并拖动滑块到某个位置后松开鼠标，观察滑块是否正确回到非激活的视觉状态（不应保持高亮或激活样式）。2. 找到页面上的按钮组件，点击按钮后将鼠标移开，观察按钮的涟漪（ripple）效果是否正常结束，按钮是否恢复到正常的未聚焦外观（不应有残留的变暗效果）。3. 对多个不同的交互组件重复上述操作，确认点击或交互完成后组件都能正确失去焦点并恢复到默认视觉状态。始终在浏览器内操作，禁止打开 Terminal 或其他应用程序。如果在浏览器中找不到目标功能，直接报告 unclear。 请始终在浏览器内操作，禁止打开 Terminal、Finder 或其他应用程序。如果在浏览器中找不到目标功能，直接标记 result 为 unclear，result_summary 写明'未在页面中找到目标功能入口'。
Status: STOPPED_BY_USER
Total steps: 84
Last action: scroll down (160, 400) scroll_amount 5
Last reasoning: The Explore menu is now open again. I can see:
- App bars (selected/highlighted)
- Badges
- **Buttons** ← Available
- Cards
- Checkboxes
- Chips
- Colors
- Containers
- Dialogs

I need to scroll down in this menu to find "Sliders". Let me scroll in the menu by scrolling slowly:

==================================================

UI window closed
