Session created: sess-20260419174922-d61c5228886a4e6f9e46b9d3fcbad352
UI panel initialized successfully
UI window displayed
Expected result: 窗口缩放比例输入框的最大值应被限制为500%，无法输入或设置超过500的数值；最小值为1%，输入范围应被严格约束在1-500之间。
[step 0] Action: Initializing
[step 0] Reasoning: Initializing session connection
[step 0] Action: screenshot
[step 1] Action: key: F5
[step 1] Reasoning: 页面当前是空白的。让我检查浏览器控制台是否有错误，并尝试刷新页面。
[step 2] Action: key: F12
[step 2] Reasoning: 页面仍然是空白的。让我打开开发者工具查看控制台错误信息，同时检查页面状态。
[step 3] Action: left_click (67, 455)
[step 3] Reasoning: 我可以看到控制台有错误：
1. `Uncaught TypeError: Cannot read properties of undefined (reading 'metadata')` - 这是一个 Tauri API 相关错误
2. `Failed to load resource: the server responded with a status of 404 (Not Found)` - favicon.ico 未找到

页面是空白的，错误信息表明 Tauri API 不可用（在浏览器中运行时缺少运行时）。让我查看完整的错误信息，点击错误详情。

但根据任务说明，如果页面空白或报错（如 Tauri API 不可用），直接标记 result 为 unclear。

但等一下，让我先仔细检查 - 页面确实是空白的（整个内容区域都是白色的），控制台有 `TypeError: Cannot read properties of undefined (reading 'metadata')` 错误，这表明是 Tauri API 不可用导致的。

不过，让我再尝试一次，看看是否能够通过某种方式访问页面。让我检查一下页面的 HTML 结构，看看是否有任何内容被渲染了。
[step 4] Action: DONE
[step 4] Reasoning: 现在我可以看到 Elements 面板的 HTML 结构：
```html
<html lang="zh">
  <head>...</head>
  <body>
    <div id="app"></div>
    <script type="module" src="/src/main.ts"></script>
  </body>
</html>
```

`<div id="app"></div>` 是空的 - 说明 Vue 应用没有成功挂载/渲染。这是因为 Tauri API 不可用（在浏览器中运行时缺少 Tauri 运行时），导致了 JavaScript 错误使得 Vue 应用无法渲染。

右侧面板也显示了错误信息：`undefined (reading 'metadata') at useWindowState.ts:...`

这确认了：
1. 页面是空白的（`#app` div 为空）
2. 有 Tauri API 相关的运行时错误（`Cannot read properties of undefined (reading 'metadata')`）
3. 这是因为该应用需要在 Tauri 桌面运行时中运行，而不是普通浏览器

根据任务说明的第1步：如果页面空白或报错（如 Tauri API 不可用），直接标记 result 为 **unclear**。

## 测试结果报告

**页面状态：空白 + 报错**

### 观察到的问题：

1. **页面完全空白** - `http://localhost:1420/preference` 页面没有渲染任何可见内容
2. **`<div id="app"></div>` 为空** - Vue 应用没有成功挂载，说明 JavaScript 执行失败
3. **控制台报错：**
   - `Uncaught TypeError: Cannot read properties of undefined (reading 'metadata')` - 位于 `useWindowState.ts`，这是典型的 Tauri API 不可用错误
   - `Failed to load resource: the server responded with a status of 404 (Not Found)` - favicon.ico 资源找不到
4. **根本原因** - BongoCat 是一个 Tauri 桌面应用，其前端调用了 Tauri 原生 API（如窗口状态管理 `useWindowState`），这些 API 在普通 Chrome 浏览器环境中不存在，导致应用无法初始化

### 结论：

由于页面空白且存在 Tauri API 不可用的报错，无法进行后续的猫猫设置区域、窗口缩放比例输入框测试。

**Result: unclear** - 页面因 Tauri 运行时 API 不可用而无法在浏览器中正常渲染偏好设置界面，无法测试窗口缩放比例（scale）的最大值限制功能。
Evaluating task result...

==================================================
Task: 当前Chrome浏览器已打开BongoCat应用的偏好设置页面，地址是http://localhost:1420/preference。注意：这是一个Tauri桌面应用的Vue前端，在浏览器中运行时可能会因为缺少Tauri运行时API而报错或页面空白。步骤：1. 查看页面是否正常显示偏好设置界面。如果页面空白或报错（如Tauri API不可用），直接标记result为unclear。2. 如果页面正常显示，找到猫猫（Cat）相关的设置区域。3. 找到窗口缩放比例（scale）的输入框（带百分比%后缀）。4. 尝试输入超过500的数值（如600、1000、5100），验证最大值是否被限制为500%。5. 尝试用键盘直接输入、上下箭头调节等方式测试限制是否生效。始终在浏览器内操作，禁止打开Terminal或其他应用。
Status: COMPLETED
Total steps: 4
Last action: DONE
Last reasoning: 现在我可以看到 Elements 面板的 HTML 结构：
```html
<html lang="zh">
  <head>...</head>
  <body>
    <div id="app"></div>
    <script type="module" src="/src/main.ts"></script>
  </body>
</html>
```

`<div id="app"></div>` 是空的 - 说明 Vue 应用没有成功挂载/渲染。这是因为 Tauri API 不可用（在浏览器中运行时缺少 Tauri 运行时），导致了 JavaScript 错误使得 Vue 应用无法渲染。

右侧面板也显示了错误信息：`undefined (reading 'metadata') at useWindowState.ts:...`

这确认了：
1. 页面是空白的（`#app` div 为空）
2. 有 Tauri API 相关的运行时错误（`Cannot read properties of undefined (reading 'metadata')`）
3. 这是因为该应用需要在 Tauri 桌面运行时中运行，而不是普通浏览器

根据任务说明的第1步：如果页面空白或报错（如 Tauri API 不可用），直接标记 result 为 **unclear**。

## 测试结果报告

**页面状态：空白 + 报错**

### 观察到的问题：

1. **页面完全空白** - `http://localhost:1420/preference` 页面没有渲染任何可见内容
2. **`<div id="app"></div>` 为空** - Vue 应用没有成功挂载，说明 JavaScript 执行失败
3. **控制台报错：**
   - `Uncaught TypeError: Cannot read properties of undefined (reading 'metadata')` - 位于 `useWindowState.ts`，这是典型的 Tauri API 不可用错误
   - `Failed to load resource: the server responded with a status of 404 (Not Found)` - favicon.ico 资源找不到
4. **根本原因** - BongoCat 是一个 Tauri 桌面应用，其前端调用了 Tauri 原生 API（如窗口状态管理 `useWindowState`），这些 API 在普通 Chrome 浏览器环境中不存在，导致应用无法初始化

### 结论：

由于页面空白且存在 Tauri API 不可用的报错，无法进行后续的猫猫设置区域、窗口缩放比例输入框测试。

**Result: unclear** - 页面因 Tauri 运行时 API 不可用而无法在浏览器中正常渲染偏好设置界面，无法测试窗口缩放比例（scale）的最大值限制功能。

==================================================

UI window closed
