No application knows how to open URL chrome://downloads (Error Domain=NSOSStatusErrorDomain Code=-10814 "kLSApplicationNotFoundErr: E.g. no application claims the file" UserInfo={_LSLine=1973, _LSFunction=runEvaluator, _LSFile=LSBindingEvaluator.mm, _LSErrorMessage=kLSApplicationNotFoundErr}).
Session created: sess-20260417234426-fc8194f86f354de2b39868a94c44f2f2
UI panel initialized successfully
UI window displayed
Expected result: 英文 EPUB 电子书能够成功导入，不出现任何错误信息，书籍内容正常显示并可阅读。
[step 0] Action: Initializing
[step 0] Reasoning: Initializing session connection
[step 0] Action: screenshot
[step 1] Action: Open url: http://localhost:3000
[step 1] Reasoning: I can see the ttu-reader website is open at `localhost:3000/manage`. The page shows an upload/import area with a large upload icon. Let me navigate to the homepage first and explore the interface more carefully.
[step 2] Action: scroll up (640, 400) scroll_amount 3
[step 2] Reasoning: The page is still showing `localhost:3000/manage` with the large upload icon. The page redirected to `/manage`. I can see this is the Book Manager page with an upload area. The large upload icon in the center of the page appears to be a drag-and-drop zone for importing books. Let me scroll down to see if there are more elements and check if the upload area is clickable.
[step 3] Action: left_click (853, 345)
[step 3] Reasoning: The page appears to show only the upload icon area. The page seems minimalistic - it's the Book Manager with an upload/drag area. Let me click on the upload icon to see if it opens a file dialog.
[step 4] Action: left_click (703, 289)
[step 4] Reasoning: A file picker dialog has opened. I can see the macOS file picker with folders like 公共, 图片, 文稿, 下载, 音乐, 影片, 桌面, MonoProxy. I need to find an EPUB file to import. Let me check the Downloads folder (下载) since EPUB files are commonly found there, or check the Documents folder (文稿).
[step 5] Action: left_click (703, 275)
[step 5] Reasoning: I can see the Downloads (下载) folder contents. There are files like googlechrome.dmg, MonoProxyMac, VSCode-darw...-universal.dmg, worker03 folder, and worker03.zip. I don't see any EPUB files here. Let me check the Documents (文稿) folder.
[step 6] Action: left_click (601, 320)
[step 6] Reasoning: The view is still showing the Downloads folder. Let me click on "文稿" (Documents) in the left sidebar.
[step 7] Action: left_click (601, 299)
[step 7] Reasoning: The Documents (文稿) folder is empty. Let me check the Desktop (桌面) folder to see if there's an EPUB file there.
[step 8] Action: left_click (614, 406)
[step 8] Reasoning: The Desktop (桌面) folder only shows an "Old_Homebrew" folder. No EPUB files there. Let me check the worker04 home folder and also look at "我的Mac" (My Mac) to find any EPUB files.
[step 9] Action: left_click (1019, 213)
[step 9] Reasoning: I can see the worker04 home folder with directories: 公共, 图片, 文稿, 下载, 音乐, 影片, 桌面, MonoProxy. I need to look more carefully. Let me check the "Macintosh HD" which might have more files, or use the search functionality to find EPUB files.

Let me use the search field in the file picker to search for EPUB files.
[step 10] Action: type: epub
[step 10] Reasoning: The search field is now active. Let me type "epub" to search for EPUB files on the system.
[step 11] Action: left_click (1065, 322)
[step 11] Reasoning: I can see a dropdown with search suggestions including:
- 文件名: 名称包含 "epub" 
- 内容: 包含 "epub"
- 种类: ePub出版物

Let me click on "种类: ePub出版物" to search specifically for EPUB files.
[step 12] Action: left_click (723, 245)
[step 12] Reasoning: The search is now set to search for "种类: ePub出版物" (ePub publications) but the results area is empty. This means there are no EPUB files found in the worker04's search scope. Let me try expanding the search to the entire Mac by clicking on "这台 Mac" option.
[step 13] Action: left_click (1055, 469)
[step 13] Reasoning: Still empty results. The search is showing no EPUB files found on this Mac. There are no pre-existing EPUB files on the system. 

Since I cannot use Terminal or Finder to download an EPUB file, I need to try another approach. I can try to download an EPUB file directly from the browser. Let me first cancel this file picker dialog and try to download a sample EPUB file from the web, then use it for the import test.

Let me cancel the file dialog and try downloading a sample EPUB from the internet.
[step 14] Action: Minimize panel
[step 14] Reasoning: Good, the dialog is closed. Now I need to download an EPUB file from the internet. Let me open a new tab and download a free EPUB book from a public domain source like Project Gutenberg.
[step 15] Action: Open url: https://www.gutenberg.org/ebooks/84.epub.images
[step 15] Reasoning: Now I can see the full page. I notice there's a toolbar at the top right with various icons. The page is now fully visible. I can see there's a navigation bar with icons. Let me now open a new tab to download an EPUB file from Project Gutenberg.
[step 16] Action: screenshot
[step 16] Reasoning: The page is loading. Let me wait for it to complete.
[step 17] Action: wait
[step 17] Reasoning: Still loading. Let me wait a moment more.
[step 18] Action: wait
[step 18] Reasoning: The page is still loading (or the content is blank). This URL format redirects to the actual EPUB file download page. The page might be loading slowly. Let me wait more or try a direct EPUB file download URL from Project Gutenberg.
[step 19] Action: wait
[step 19] Reasoning: The tab with gutenberg.org has closed and we're back at localhost:3000/manage. The Gutenberg page seems to have triggered a download and closed - I can see the download indicator (the arrow icon at the bottom right of Chrome in the dock). It looks like the EPUB download may have started (there's a green download indicator on the Chrome icon in the dock). 

Now let me check if the download completed. I can see a download activity indicator in the network stats at the top (73.0kb/s 73.0kb/s). Let me wait for it to complete.
[step 20] Action: Open url: chrome://downloads
[step 20] Reasoning: I can see there's still the download indicator (badge) on the Chrome icon in the dock. The EPUB file might be downloading. Let me check Chrome's downloads to see if the file has been downloaded. I'll click on the Chrome download icon or go to chrome://downloads.

Let me check Chrome downloads to see the status:
[step 21] Action: left_click (853, 345)
[step 21] Reasoning: The chrome://downloads URL didn't navigate to a new page - it seems it's still showing the Book Manager page. This is because the ttu-reader app is intercepting the page. Let me try to click on the upload icon to open file picker and navigate to Downloads folder where the EPUB should be.

Let me click the upload icon to open file picker:
[step 22] Action: left_click (601, 342)
[step 22] Reasoning: Good, the file picker is open. Now let me click on "下载" (Downloads) folder to check if the EPUB file was downloaded there.
[step 23] Action: left_click (735, 275)
[step 23] Reasoning: Excellent! I can see in the Downloads folder there is an EPUB file: **pg84-images.epub** (this is Project Gutenberg book #84 - "Frankenstein" by Mary Shelley). The file has been successfully downloaded! Now let me click on it to select it, then click "打开" (Open) to import it.
[step 24] Action: left_click (1107, 469)
[step 24] Reasoning: I can see the EPUB file "pg84-images.epub" is selected - it shows a preview with the Frankenstein book cover, file type "电子出版物 (EPUB) - 475 KB", created today at 08:46. This is the "Frankenstein" by Mary Wollstonecraft Shelley from Project Gutenberg. 

Now let me click "打开" (Open) to import this EPUB file into ttu-reader.
[step 25] Action: wait
[step 25] Reasoning: Excellent! The EPUB file has been imported! The application has automatically navigated to `localhost:3000/b?id=1` which is the book reader page. The page is now showing a loading spinner (spinning dots), which means the book is being loaded. The title bar shows "ッツ Ebook Reader" and there's a bookmark icon and "20x" label in the top left. 

Let me wait for the book to fully load.
[step 26] Action: wait
[step 26] Reasoning: The book is being processed! The tab title now shows "Frankenstein; or, the modern..." which confirms the book "Frankenstein; or, the Modern Prometheus" has been imported successfully. The page appears to be white/loading content. The URL is `localhost:3000/b?id=1`. Let me wait a bit more for the full content to render.
[step 27] Action: wait
[step 27] Reasoning: The page is still showing a white screen. The tab title shows "Frankenstein; or, the modern..." which means the book was recognized, but the content area is blank. This might be a visual bug where the content needs more time to render, or there's an issue with the reader page rendering.

Let me wait a bit more and then scroll to see if there's content.
[step 28] Action: left_click (640, 400)
[step 28] Reasoning: The page is still blank with a white background. The tab title shows "Frankenstein; or, the modern..." which means the book was recognized, but the reader area is completely blank. This is a potential visual bug - the book content area is not rendering.

Let me try clicking on the page to see if it triggers content to appear, or try scrolling.
[step 29] Action: key: F5
[step 29] Reasoning: The page is still blank. The content area is completely white with no book text, no toolbar, no reading interface - just an empty white page. The network traffic indicator shows 73.0kb/s which means there's still activity happening in the background.

This is a **visual/functional bug**: the book reader page at `localhost:3000/b?id=1` appears blank even though the tab title correctly shows "Frankenstein; or, the modern..." which means the book was imported and recognized, but the reader UI is not rendering any content.

Let me try refreshing the page to see if it renders content after a reload.
[step 30] Action: wait
[step 30] Reasoning: The page is still completely blank after refreshing. The tab title still shows "Frankenstein; or, the modern..." but there's no reading content visible. Let me wait a bit more to give the reader time to render the content.
[step 31] Action: scroll down (640, 400) scroll_amount 3
[step 31] Reasoning: The reader page remains completely blank even after 10+ seconds of waiting. This is a bug in the ttu-reader application. The page shows:
- ✅ Tab title correctly shows "Frankenstein; or, the modern..." - book was imported successfully
- ✅ URL is `localhost:3000/b?id=1` - navigated to book reader page
- ❌ The reading content area is completely blank/white - reader UI is not rendering content

Let me try scrolling on the page to see if there's any hidden content, or click somewhere to see if the UI appears.
[step 32] Action: left_click (291, 33)
[step 32] Reasoning: Now I can see the book content! After scrolling down, the book content has appeared on the right side of the screen, but it's displayed **rotated 90 degrees**. The text is reading vertically (rotated), which is a visual anomaly/bug. I can see:

- "Frankenstein;" in large text (rotated)
- "or, the Modern Prometheus" (rotated)
- "by Mary Wollstonecraft (Godwin) Shelley" (rotated)
- And metadata text on the right side including "Credits:", "HTML version by Al Haines", etc. (all rotated)

This is a **visual rendering bug**: The book content is displayed rotated 90 degrees clockwise instead of normal horizontal text. Also, the content only appears in the right portion of the screen, suggesting a layout issue where the vertical reading mode may be active but misrendering.

The content IS loaded (the book was successfully imported), but there's a rendering/display bug where:
1. The text is rotated 90 degrees
2. The content area only occupies the right portion of the screen
3. The left majority of the screen is empty white space

Let me check the Book Manager page to confirm the book appears there as well.
[step 33] Action: DONE
[step 33] Reasoning: Excellent! The Book Manager page (`localhost:3000/manage`) now shows the imported book **"Frankenstein; or, the modern prometheus"** with its cover image displaying "FRANKENSTEIN - THE MODERN PROMETHEUS" and "Mary Wollstonecraft Shelley". The book has been successfully imported and is visible in the library.

Now let me summarize the test results:

## Test Summary

### Import Process:
1. ✅ **Opened the ttu-reader app** at `localhost:3000` → redirected to `localhost:3000/manage` (Book Manager)
2. ✅ **Found the import button/area**: The large upload icon in the center of the Book Manager page is clickable and opens a file picker dialog
3. ✅ **Successfully imported an EPUB file**: Downloaded "pg84-images.epub" (Frankenstein by Mary Wollstonecraft Shelley, 475KB) from Project Gutenberg and imported it using the file picker
4. ✅ **Book appears in the library**: The book cover and title appear correctly in the Book Manager
5. ✅ **Book opened in reader**: Navigated to `localhost:3000/b?id=1`

### Bugs Observed:
1. **🐛 VISUAL BUG - Blank Reader Screen Initially**: After importing and navigating to the reader page, the content area appeared completely blank for about 15+ seconds before showing content after scrolling
2. **🐛 VISUAL BUG - Text Rotated 90 Degrees**: When the book content finally appeared (after scrolling), the text was rotated 90 degrees clockwise instead of displaying in normal horizontal orientation. The book title "Frankenstein;" and content were all rotated and displayed only in the right portion of the screen, with the left majority of the screen empty.

The **import functionality works** (book appears in library with correct cover and metadata), but the **reader/rendering has significant visual bugs** - the book text is rotated 90 degrees making it unreadable in its default display orientation.

---

**结论：**

- **导入功能**：✅ 成功 - 英文EPUB文件（《弗兰肯斯坦》）成功导入，书籍出现在书库中，封面和书名正确显示
- **阅读功能**：❌ 存在Bug - 打开书籍后，阅读页面初始显示空白（约15秒以上），滚动后内容出现但**文字旋转了90度**，无法正常阅读

**发现的Bug：**
1. 阅读器页面初始渲染为空白，需要滚动才能触发内容显示
2. 书籍内容文字旋转90度显示（应为水平文字，实际显示为竖向旋转文字），属于严重的视觉渲染错误
Evaluating task result...

==================================================
Task: 当前Chrome浏览器已打开ttu-reader网站，地址是http://localhost:3000。测试在 ttu-reader 中导入英文 EPUB 电子书的功能。操作步骤：1. 打开应用首页；2. 找到导入/上传书籍的按钮或区域；3. 尝试导入一本英文 EPUB 格式的电子书文件（如果页面上有示例文件或拖拽区域，尝试使用该功能）；4. 观察导入过程是否顺利完成，书籍是否成功加载并可以阅读，页面上不应出现任何错误提示。始终在浏览器内操作，禁止打开 Terminal 或其他应用程序。如果在浏览器中找不到目标功能，直接报告 unclear。 请始终在浏览器内操作，禁止打开 Terminal、Finder 或其他应用程序。如果在浏览器中找不到目标功能，直接标记 result 为 unclear，result_summary 写明未在页面中找到目标功能入口。
Status: COMPLETED
Total steps: 33
Last action: DONE
Last reasoning: Excellent! The Book Manager page (`localhost:3000/manage`) now shows the imported book **"Frankenstein; or, the modern prometheus"** with its cover image displaying "FRANKENSTEIN - THE MODERN PROMETHEUS" and "Mary Wollstonecraft Shelley". The book has been successfully imported and is visible in the library.

Now let me summarize the test results:

## Test Summary

### Import Process:
1. ✅ **Opened the ttu-reader app** at `localhost:3000` → redirected to `localhost:3000/manage` (Book Manager)
2. ✅ **Found the import button/area**: The large upload icon in the center of the Book Manager page is clickable and opens a file picker dialog
3. ✅ **Successfully imported an EPUB file**: Downloaded "pg84-images.epub" (Frankenstein by Mary Wollstonecraft Shelley, 475KB) from Project Gutenberg and imported it using the file picker
4. ✅ **Book appears in the library**: The book cover and title appear correctly in the Book Manager
5. ✅ **Book opened in reader**: Navigated to `localhost:3000/b?id=1`

### Bugs Observed:
1. **🐛 VISUAL BUG - Blank Reader Screen Initially**: After importing and navigating to the reader page, the content area appeared completely blank for about 15+ seconds before showing content after scrolling
2. **🐛 VISUAL BUG - Text Rotated 90 Degrees**: When the book content finally appeared (after scrolling), the text was rotated 90 degrees clockwise instead of displaying in normal horizontal orientation. The book title "Frankenstein;" and content were all rotated and displayed only in the right portion of the screen, with the left majority of the screen empty.

The **import functionality works** (book appears in library with correct cover and metadata), but the **reader/rendering has significant visual bugs** - the book text is rotated 90 degrees making it unreadable in its default display orientation.

---

**结论：**

- **导入功能**：✅ 成功 - 英文EPUB文件（《弗兰肯斯坦》）成功导入，书籍出现在书库中，封面和书名正确显示
- **阅读功能**：❌ 存在Bug - 打开书籍后，阅读页面初始显示空白（约15秒以上），滚动后内容出现但**文字旋转了90度**，无法正常阅读

**发现的Bug：**
1. 阅读器页面初始渲染为空白，需要滚动才能触发内容显示
2. 书籍内容文字旋转90度显示（应为水平文字，实际显示为竖向旋转文字），属于严重的视觉渲染错误

==================================================

UI window closed
