Session created: sess-20260417235815-982d48b0d4f84454aacc9080ffafa26d
UI panel initialized successfully
UI window displayed
Expected result: 侧边栏统计面板中显示的阅读目标起始日期和结束日期应与主统计页面一致，剩余阅读时间应为非负的合理数值，周期切换时数据应正确更新。
[step 0] Action: Initializing
[step 0] Reasoning: Initializing session connection
[step 0] Action: screenshot
[step 1] Action: left_click (291, 33)
[step 1] Reasoning: I can see there's a Chrome browser open with a ttu-reader tab showing "Frankenstein; or, the modern prometheus". There's also a tab suggestion dropdown. Let me click on the Frankenstein tab to go to the reader.
[step 2] Action: screenshot
[step 2] Reasoning: The page seems to be loading (white/blank). I can see the URL is `localhost:3000/b?id=1` which is the reader view. Let me wait for it to load.
[step 3] Action: Open url: http://localhost:3000
[step 3] Reasoning: The page is still blank. Let me navigate to the home page first to see what's available.
[step 4] Action: left_click (451, 33)
[step 4] Reasoning: A new tab opened but it's also blank. It seems the pages are loading slowly. Let me click on this new tab and wait for it to load.
[step 5] Action: wait
[step 5] Reasoning: The page is still blank. The URL still shows `localhost:3000/b?id=1`. It seems both tabs are showing the reader view but the content isn't visible. Let me wait a moment and then take a screenshot.
[step 6] Action: left_click (154, 62)
[step 6] Reasoning: Still blank. This second tab is also showing the reader URL (`localhost:3000/b?id=1`). Let me navigate the current tab to `localhost:3000` explicitly to go to the home page.
[step 7] Action: type: localhost:3000

[step 7] Reasoning: Good, the address bar is now selected. Let me type the URL to navigate to the home page.
[step 8] Action: screenshot
[step 8] Reasoning: I can see the homepage option "Home | ッツ Ebook Reader - localhost:3000" in the dropdown. The Enter key has already been pressed (I included it in the type). Let me wait for the page to load.
[step 9] Action: left_click (211, 89)
[step 9] Reasoning: The dropdown is still showing. Let me click on the "Home | ッツ Ebook Reader" option to navigate to the homepage.
[step 10] Action: wait
[step 10] Reasoning: The page is still blank/loading. The URL still shows `localhost:3000/b?id=1`. It seems like the page may be slow to load. Let me wait a bit more and then try refreshing.
[step 11] Action: left_click (291, 33)
[step 11] Reasoning: The page is still blank. The URL is still `localhost:3000/b?id=1`. It seems the navigation didn't change the URL. This second tab may be broken. Let me try clicking on the first tab (Frankenstein) which has the reader loaded, and then navigate from there.
[step 12] Action: key: F5
[step 12] Reasoning: The tab is still blank. Both tabs seem to be showing blank content. This is strange since the tab title says "Frankenstein; or, the modern..." which means the reader was loaded at some point. Let me try pressing F5 to refresh the page.
[step 13] Action: key: cmd+r
[step 13] Reasoning: Still blank. The page is loading but the content isn't rendering visually. Let me try using Cmd+R to refresh:
[step 14] Action: wait
[step 14] Reasoning: The page is still blank. The content might be rendering in a dark mode or the text might be white on white background. This seems like there might be a display issue. Let me wait a moment and try clicking somewhere on the page to interact with it.
[step 15] Action: left_click (500, 400)
[step 15] Reasoning: The page continues to appear blank. This seems like the reader content is not rendering. The page shows `localhost:3000/b?id=1` in the URL which is the book reader URL. The issue might be that the book reader content renders in a way that appears blank in screenshots. Let me try clicking on the center of the page to see if there's any content there.
[step 16] Action: key: cmd+t
[step 16] Reasoning: The page is still blank. This is puzzling. The ttu-reader app might render its content in a way that's not captured in screenshots. Let me try a different approach - let me use the browser's DevTools or inspect element to see if there's any content on the page. Actually, let me try right-clicking to see a context menu which would indicate if there's content.

Wait, actually, looking more carefully - the page might be a reader that renders content in an iframe or with dark styling. The screenshots I've been getting show no visual elements besides the browser chrome and the task widget. 

Let me try opening a new tab and going directly to localhost:3000 home page.
[step 17] Action: left_click (741, 335)
[step 17] Reasoning: A new tab opened with Google's new tab page. I can see there's a "Home" shortcut and "localhost:3000..." shortcut on the shortcuts bar. The task widget appears to be working. Let me click on the "localhost:3000..." shortcut or navigate directly to the ttu-reader.
[step 18] Action: left_click (836, 91)
[step 18] Reasoning: Excellent! Now I can see the settings page at `localhost:3000/settings`. The page shows the "Settings | ッツ Ebook Reader" and has two tabs - "Reader" and "Data". This is the settings page. I need to find the statistics settings to set a weekly reading goal.

Let me scroll down to see if there are more settings on this page, or let me check the "Data" tab which might have statistics settings.
[step 19] Action: Open url: http://localhost:3000
[step 19] Reasoning: I can see the "Data" tab is now selected but I only see "Persistent Storage", "Cache Data", "Auto Import" (partially cut off), "Import/Export Behavior", "Show Placeholder", and "Storage Sources" settings. This doesn't seem to have statistics settings.

The statistics settings should be in a dedicated statistics section. Let me navigate to the statistics page. The ttu-reader usually has a separate statistics page. Let me navigate to `localhost:3000/statistics` or look for it in the navigation.

Let me first go to the home page to see the full navigation:
[step 20] Action: left_click (769, 33)
[step 20] Reasoning: A new tab opened with the URL still showing `localhost:3000/b?id=1` in the address bar, and it's blank. This is the same behavior as before - the reader page appears blank in screenshots. Let me click on this new tab to see the tab title.

The new tab that just opened seems to have gone to the home page. But I can see in the URL it still says `localhost:3000/b?id=1`. Wait, looking at the tab bar, a new tab was opened with the Frankenstein book. The `open_url` function might be opening the URL in a new tab but the URL redirect is taking it to the book reader.

Let me use the address bar of this blank tab to navigate to the home page. But wait, let me click on this tab first:
[step 21] Action: triple_click
[step 21] Reasoning: Still blank and showing `localhost:3000/b?id=1`. The reader is there but rendering as blank in screenshots. This seems very strange. Let me try navigating from the address bar of this tab to `localhost:3000` home:
[step 22] Action: type: localhost:3000/
[step 22] Reasoning: Good, the address bar is selected and showing `localhost:3000/b?id=1`. Let me type the home page URL:
[step 23] Action: left_click (211, 89)
[step 23] Reasoning: I can see the dropdown showing "Home | ッツ Ebook Reader - localhost:3000" at the top. Let me click on that:
[step 24] Action: right_click (500, 400)
[step 24] Reasoning: Still showing `localhost:3000/b?id=1` in the URL and the page appears blank. It seems the navigation is always redirecting to the book reader page. This is because there's a book already open and it redirects to it. 

The ttu-reader might be rendering content in the dark with white text on black background. Let me try right-clicking on the page to see if there's any visual response that indicates the page has content:

Wait, let me check if the reader is actually running but just not visible. The reader might have dark background and all the content is there. Let me try right-clicking to see a context menu:
[step 25] Action: key: Escape
[step 25] Reasoning: A context menu appeared. I can see options like "返回" (Back), "前进" (Forward), "重新加载" (Reload), "存储为" (Save As), "打印" (Print), etc. There's also "显示网页源代码" (View Page Source) and "检查" (Inspect). The page seems to be loaded but showing blank/white. Let me close this context menu and instead try clicking on "检查" (Inspect) to see if there's content in the DOM, but that would open DevTools.

Actually, let me close this menu and try a different approach - the page might be dark mode with dark background that looks white in screenshots. Let me look at the settings page which worked earlier. 

Actually I notice the reader page is at `localhost:3000/b?id=1` and this is working but seems blank visually. The ttu-reader is a Single Page Application (SPA). The blank appearance might be because the content is using white text on white background.

Let me close this context menu and try looking at the reader - the settings page worked earlier so there's definitely content there. Let me navigate to the statistics page:
[step 26] Action: triple_click
[step 26] Reasoning: The page continues to look blank. The ttu-reader page at `localhost:3000/b?id=1` appears to be there but the content is not visible in screenshots. This could be because the reader is using a canvas or the content rendering is completely white or transparent in screenshots.

Let me try to navigate to the statistics page URL directly. In the ttu-reader, the statistics page might be at a different URL. Let me try:
[step 27] Action: type: localhost:3000/st...
[step 28] Action: wait
[step 29] Action: left_click (172, 89)
[step 29] Reasoning: I can see the URL autocomplete is showing `localhost:3000/statistics` at the top. The Enter key was already pressed (from my previous type command which included `\n`). The page is loading. Let me wait for it to finish loading.

The dropdown is still there showing the statistics URL. Let me click on it to navigate:
[step 30] Action: scroll down (640, 400) scroll_amount 3
[step 30] Reasoning: Excellent! Now I can see the Statistics page at `localhost:3000/statistics`. The page shows:
- "Reading Data for 2026" with a calendar grid showing months (Jan through Sep visible)
- Days shown: Mon, Tue, Wed, Thu, Fri, Sat, Sun
- There's a red highlighted cell on April 17 (Thu/Fri area - today's date April 15 is Wednesday)
- "Days read (All Time): 0 / 0 days (0%)"
- "Longest Streaks (All Time): 0 days"
- "Current Streak (All Time): 0 days"

The statistics page is visible. Now I need to:
1. Find the reading goal settings to set a weekly reading goal
2. The page appears to only show reading data so far

I notice there's a small icon in the top right area. Let me check what the navigation looks like. I can see there's a layer/stack icon at the top right of the statistics area (next to the refresh icon). Let me scroll down to see if there's more content, and also look for a way to set reading goals.

First, let me scroll down to see if there are reading goal settings on this statistics page:
[step 31] Action: left_click (929, 127)
[step 31] Reasoning: The page doesn't seem to scroll much - the content is the same. The statistics page appears to only have:
1. The "Reading Data for 2026" header with a calendar grid
2. Statistics for Days read, Longest Streaks, Current Streak

There doesn't seem to be a reading goal section here. The statistics page might be missing a reading goal section, or it might be accessible via the settings. Let me check the icon at top right of the statistics area (the layer/stacked icon at position approximately 929, 127):
[step 32] Action: left_click (608, 33)
[step 32] Reasoning: I notice the statistics changed slightly - now it shows "Days read (2026)" instead of "All Time" - so clicking that icon toggled the view from "All Time" to "2026" year view. The icon is a filter/layer toggle. 

But I still don't see a reading goal section. The statistics page appears to be missing it, or I need to navigate to the settings. Let me check the settings page specifically for reading/statistics settings. Let me go to the settings page and look for reading goal settings:
[step 33] Action: left_click (583, 91)
[step 33] Reasoning: I'm now on the Settings page (Data tab). I can see:
- Persistent Storage (Off/On)
- Cache Data (Off/On)
- Auto Import (Off/Up)
- Import/Export Behavior (New Only/Overwrite)
- Show Placeholder (Off/On)
- Storage Sources (+ Add)

This is the Data tab. Let me click on the "Reader" tab to see if there are reading goal settings there:
[step 34] Action: scroll down (640, 400) scroll_amount 5
[step 34] Reasoning: Now I'm on the "Reader" tab of the settings page. I can see various settings:
- Theme (multiple color swatches including dark themes)
- View Mode (Continuous)
- Font Family (Group 1) - Noto Serif JP
- Font Family (Group 2) - Noto Sans JP
- Font Size: 20
- Line Height: 1.65
- Reader Left/Right Margin: 0
- Reader Max Height: 0
- Swipe Threshold: 10
- Writing Mode (Horizontal/Vertical)
- Disable Wheel Navigation (Off/On)
- Close Confirmation (Off/On)
- Manual Bookmark (Off/On)
- Auto Bookmark (Off/On)
- Blur Image (Off/On)
- Blur Mode (All/After ToC)
- Hide Furigana (Off/On)

These are all reader display/navigation settings. Let me scroll down to see if there are statistics/reading goal settings below:
[step 35] Action: scroll down (640, 400) scroll_amount 5
[step 35] Reasoning: More settings visible - Avoid Page Break, Selection To Bookmark, etc. Let me continue scrolling to find reading goal settings:
[step 36] Action: scroll right (640, 90) scroll_amount 3
[step 36] Reasoning: The page seems to be showing the same content - it doesn't appear to be scrolling beyond what's already shown. The settings page seems to end with "Avoid Page Break" and "Selection To Bookmark". There might be a scrollable area issue. Let me try scrolling the main content area rather than the page area. The settings might not contain reading goal settings.

Looking at ttu-reader architecture, I recall that the reading goal / statistics settings are typically accessed from within the reader itself. The statistics settings including reading goals might be in a dedicated "Statistics" section of the settings, which might be a third tab not visible. Let me check if there's more tabs by scrolling up:
[step 37] Action: scroll up (640, 400) scroll_amount 10
[step 37] Reasoning: The settings page only has two tabs: "Reader" and "Data". The settings seems to be stuck showing the same content even when scrolling. This might be because the content is actually a fixed layout and the visible content IS all there is.

Let me try to scroll up to see all settings again:
[step 38] Action: left_click (291, 33)
[step 38] Reasoning: I'm back at the top of the Reader settings. There's a page header row that's missing - no "Statistics" tab visible in the navigation. The settings only has "Reader" and "Data" tabs. 

However, I notice that the statistics might be accessible from within the reader (book view). Let me now go to the reader and access the statistics from there. The task says to access the "Statistics side panel" from the reading view. Let me navigate to the Frankenstein book reader first.

Let me click on the Frankenstein tab:
[step 39] Action: key: cmd+r
[step 39] Reasoning: The reader tab is blank again showing `localhost:3000/b?id=1`. The content isn't rendering visually. This is the same issue I noticed before.

Let me try a different approach - let me reload the tab to see if it renders properly:
[step 40] Action: left_click (640, 380)
[step 40] Reasoning: The tab is still blank. The reader content is simply not rendering visually in screenshots. However, I know from the tab title that it shows "Frankenstein; or, the modern..." which means the reader app has loaded and knows the book. 

Let me try the second Frankenstein tab which also had blank content. Maybe there's a navigation bar or other UI elements that I'm missing. The reader content might be using a canvas element or some rendering method that screenshots don't capture.

Wait - I see there are currently 4 tabs:
1. "OpenClaw Control" (first tab)
2. "Frankenstein; or, the modern..." (second tab - blank) 
3. "Frankenstein; or, the modern..." (third tab - blank)
4. "Settings | ッツ Ebook Reader" (fourth tab - the settings page we just visited)

And there's also the "ッツ Ebook Reader" tab (fifth) that we visited with statistics.

Let me try something different - I'll try to interact with the blank page by pressing keyboard shortcut keys that might open the sidebar. In ttu-reader, the sidebar might be opened with a keyboard shortcut like 's' or by pressing Escape.

Wait, I notice the issue. When I look at the screenshots, the Frankenstein tab content IS loading but all the text might be white on a white background (which would make it appear blank). Or the reader might be using an #app div with transparent/hidden content. 

Let me try clicking in the middle of the blank screen to see if there's any interaction:
[step 41] Action: key: Escape
[step 41] Reasoning: The reader tab continues to show blank content. This is a persistent issue with the rendering in screenshots. Let me try pressing the Escape key which might open a menu/sidebar in the reader:
[step 42] Action: mouse_move (640, 80)
[step 42] Reasoning: The reader is still blank. The ttu-reader application seems to not be rendering any content visually in the screenshot. This is concerning. 

Let me try a different approach - maybe the issue is that the reader is rendering with white text on a white background. This could happen if there's a theming issue. Let me try hovering over the top area of the page where the navigation/toolbar should be (around y=80-100):

Actually, let me try to minimize the task panel and then interact with the reader. The task panel might be blocking some UI elements. But first let me check if there's any UI in the page by hovering at the top of the page:
[step 43] Action: mouse_move (20, 80)
[step 43] Reasoning: Interesting - the mouse_move showed the cursor went to (960, 120) even though I requested (640, 80). The reader page is still completely blank. There seems to be a rendering issue with the reader.

Wait, I think I understand the issue now. Looking at the screenshots - the reader IS rendering but the content is white text on a white background (the default white theme). The sidebar and navigation elements would be visible if there were any colored elements, but since the reader uses a white/light theme and renders white text on white background, everything looks blank.

Actually, let me reconsider. Looking at the statistics page which showed proper content - that worked fine. The issue is specifically with the reader page. The reader content might be in an iframe or rendered in a way that isn't captured by screenshots properly.

Let me try a completely different approach. I'll look at the page source to understand what's happening. Let me use keyboard shortcut to view the page source:

Actually, let me try hovering over the very top-left area of the reader (around 20-80px from the top) where a navigation hamburger menu might be:
[step 44] Action: mouse_move (640, 85)
[step 44] Reasoning: Something interesting - the actual cursor position is at (30, 120), but I requested (20, 80). The cursor seems to be offset by about 40px in Y. This suggests the browser chrome takes up about 40px at the top. But regardless, the reader content is still blank.

I notice the reader might be using the same theme as the page background. Let me try to hover at very specific locations where the ttu-reader toolbar would normally be. The reader toolbar is usually at the top of the content area.

Actually wait - let me reconsider. The ttu-reader might put the navigation/toolbar at the very top edge of the reading area when you hover. Let me try clicking at the very top of the viewport area (below the browser chrome) to reveal the reader navigation:

==================================================
Task: 当前Chrome浏览器已打开ttu-reader网站，地址是http://localhost:3000。测试电子书阅读器中阅读目标统计功能的正确性。具体步骤：1. 打开应用首页，导入或选择一本电子书进入阅读视图。2. 进入统计设置页面，设置一个每周阅读目标（weekly reading goal）。3. 在阅读视图中，打开侧边栏的统计面板（Statistics side panel），查看阅读目标的相关数据，包括起始日期、结束日期和剩余阅读时间。4. 验证侧边栏中显示的阅读目标起始日期和结束日期是否与主统计页面中显示的日期范围一致。5. 验证剩余阅读时间的数值是否合理（应为非负值）。6. 如果可能，观察阅读目标周期结束后进入下一个周期时，侧边栏中的日期和剩余时间是否正确更新。始终在浏览器内操作，禁止打开 Terminal 或其他应用程序。如果在浏览器中找不到目标功能，直接报告 unclear。 请始终在浏览器内操作，禁止打开 Terminal、Finder 或其他应用程序。如果在浏览器中找不到目标功能，直接标记 result 为 unclear，result_summary 写明未在页面中找到目标功能入口。
Status: STOPPED_BY_USER
Total steps: 44
Last action: mouse_move (640, 85)
Last reasoning: Something interesting - the actual cursor position is at (30, 120), but I requested (20, 80). The cursor seems to be offset by about 40px in Y. This suggests the browser chrome takes up about 40px at the top. But regardless, the reader content is still blank.

I notice the reader might be using the same theme as the page background. Let me try to hover at very specific locations where the ttu-reader toolbar would normally be. The reader toolbar is usually at the top of the content area.

Actually wait - let me reconsider. The ttu-reader might put the navigation/toolbar at the very top edge of the reading area when you hover. Let me try clicking at the very top of the viewport area (below the browser chrome) to reveal the reader navigation:

==================================================

UI window closed
