Session created: sess-20260418232727-f140c14d800b4bdfb92ea1e7f31bd3ea
UI panel initialized successfully
UI window displayed
Expected result: 编辑器在 render 空 blocks 数组后不应崩溃，应正常显示（可能显示一个默认的空段落块），用户可以正常点击编辑器、输入文字、添加新块，浏览器控制台不应出现错误。
[step 0] Action: Initializing
[step 0] Reasoning: Initializing session connection
[step 0] Action: screenshot
[step 1] Action: left_click (440, 33)
[step 1] Reasoning: The Editor.js demo page is already loaded at localhost:3303. I can see the editor with content. Now I need to open the browser's developer tools console and execute the `editor.render({ blocks: [] })` command. Let me open DevTools.
[step 2] Action: key: F12
[step 2] Reasoning: Good, I'm now on the Editor.js page. Let me open the developer tools console with F12.
[step 3] Action: left_click (640, 645)
[step 3] Reasoning: DevTools is open and I can see the Console tab is active. I can already see some messages:
1. `[vite] connected.`
2. A warning: `Editor.js 2.28.0 «blocks.stretchBlock()» is deprecated and will be removed in the next major release. Please use the «BlockAPI» instead.`

Now I need to click on the console input area and type the command to get the editor instance and call `editor.render({ blocks: [] })`. Let me click on the console input area.
[step 4] Action: type: editor.render({ b...
[step 4] Reasoning: The console input area is now active (I can see the cursor blinking). Now let me first check what the editor instance variable is called by typing a command to find the editor object. I'll try to access the `editor` variable which is typically the name used in Editor.js demos.
[step 5] Action: key: Return
[step 5] Reasoning: I can see the command `editor.render({ blocks: [] })` has been typed in the console. Now let me press Enter to execute it.
[step 6] Action: screenshot
[step 6] Reasoning: Excellent! This is very interesting! The `editor.render({ blocks: [] })` command executed and returned a `Promise {<pending>}`. The editor view has changed dramatically:

1. **The editor content area is now empty** - all the previous content (Editor.js title, Key features, etc.) is gone
2. **The editor is showing an empty state** - the content area appears blank
3. **The console shows**: `editor.render({ blocks: [] })` → `Promise {<pending>}`
4. **No errors** appear in the console - no red error messages

However, I notice that the editor area appears completely blank - there's no default empty paragraph block visible. Let me scroll up in the editor to check if there might be content above, and also check if a default empty block was created. Let me take a closer look at the console output and the editor state.

Let me wait a moment for the Promise to resolve and take another screenshot.
[step 7] Action: left_click (640, 300)
[step 7] Reasoning: The state remains the same. The editor area is empty - no visible paragraph block. The console shows `Promise {<pending>}`. Let me now:

1. Check the console for any errors that might have appeared
2. Try clicking on the editor area to see if we can interact with it
3. Check if there's an invisible empty block

Let me scroll up in the console to check if there are errors, and then try clicking in the editor area. First, let me click in the editor content area to see if it's interactive.
[step 8] Action: scroll down (640, 620) scroll_amount 3
[step 8] Reasoning: **Critical Bug Found!** When I clicked on the editor area after rendering empty blocks, a **JavaScript error appeared** in the console:

```
Uncaught TypeError: Cannot read properties of undefined (reading 'holder')
    at UI.redactorClicked (ui.ts:727:53)
    at HTMLDivElement.<anonymous> (ui.ts:308:12)
```

This is a significant bug! The error count changed from `1 ⚠1` to `1🔴 ⚠1` (error icon now shows). Let me take a closer look at the error and the editor state.

The key observations so far:
1. ✅ `editor.render({ blocks: [] })` executed without an immediate error (returned Promise)
2. ✅ The editor didn't crash outright - the page is still visible
3. ⚠️ The editor shows a completely blank area - **no default empty paragraph block was created**
4. ❌ **CRASH/ERROR**: When clicking on the editor area, a `TypeError: Cannot read properties of undefined (reading 'holder')` error occurs
5. ❌ The error counter in DevTools changed to show an error (🔴 icon)

Let me scroll the console to see the full error and check if there are more errors. Let me also try typing text in the editor area.
[step 9] Action: left_click (640, 250)
[step 9] Reasoning: The error message is clearly visible:
```
Uncaught TypeError: Cannot read properties of undefined (reading 'holder')
    at UI.redactorClicked (ui.ts:727:53)
    at HTMLDivElement.<anonymous> (ui.ts:308:12)
```

The error icon in DevTools shows `1🔴 ⚠1` (1 error and 1 warning). Let me now try to type some text in the editor area to see if text input works despite the error.
[step 10] Action: type: Hello World
[step 10] Reasoning: Each click on the editor area triggers the same error. The error count is now `2🔴 ⚠1`. The editor area remains completely blank with no visible blocks or cursor. I can see the error is being repeated every time I click.

Now let me try typing text to see if any text can be entered:
[step 11] Action: scroll up (640, 617) scroll_amount 3
[step 11] Reasoning: **Text input doesn't work!** After typing "Hello World", nothing appeared in the editor area. The editor is completely broken - no text can be entered. The editor area is still blank.

Let me now check the console more thoroughly to see all the errors. Let me scroll up in the console to see if there are more errors accumulated.
[step 12] Action: scroll down (640, 617) scroll_amount 3
[step 12] Reasoning: Now I can see the full console history. Let me scroll down a bit to see all the messages after the `editor.render({ blocks: [] })` command:
[step 13] Action: left_click (67, 574)
[step 13] Reasoning: I can see that the console shows errors aggregated (the `2` count next to the error icon shows 2 occurrences of the same error). The error that appears is:

```
Uncaught TypeError: Cannot read properties of undefined (reading 'holder')
    at UI.redactorClicked (ui.ts:727:53)
    at HTMLDivElement.<anonymous> (ui.ts:308:12)
```

Now let me also check what happens when trying to use the "+" button to add a new block. But first, let me check the Elements tab to see what's actually in the editor DOM after render with empty blocks. Let me click on the Elements tab.

Actually, let me check the Elements panel to verify what the editor DOM looks like after the empty render. Let me click on "Elements" tab.

==================================================
Task: 当前Chrome浏览器已打开Editor.js编辑器演示页面，地址是http://localhost:3303。测试 Editor.js 编辑器在使用 render 方法加载空 blocks 数组时的表现。操作步骤：1. 打开测试页面，等待 Editor.js 编辑器完全加载完成。2. 在浏览器的开发者工具控制台中，获取编辑器实例，然后调用 editor.render({ blocks: [] })。3. 观察编辑器在 render 空 blocks 后是否崩溃，是否正常显示（可能显示一个默认的空段落块），用户是否可以正常点击编辑器、输入文字、添加新块，浏览器控制台是否出现错误。请始终在浏览器内操作，禁止打开 Terminal、Finder 或其他应用程序。如果在浏览器中找不到目标功能，直接标记 result 为 unclear，result_summary 写明'未在页面中找到目标功能入口'。
Status: ERROR
Total steps: 13
Last action: left_click (67, 574)
Last reasoning: I can see that the console shows errors aggregated (the `2` count next to the error icon shows 2 occurrences of the same error). The error that appears is:

```
Uncaught TypeError: Cannot read properties of undefined (reading 'holder')
    at UI.redactorClicked (ui.ts:727:53)
    at HTMLDivElement.<anonymous> (ui.ts:308:12)
```

Now let me also check what happens when trying to use the "+" button to add a new block. But first, let me check the Elements tab to see what's actually in the editor DOM after render with empty blocks. Let me click on the Elements tab.

Actually, let me check the Elements panel to verify what the editor DOM looks like after the empty render. Let me click on "Elements" tab.

Error: Task execution failed: Request step failed: HTTPSConnectionPool(host='mano.mininglamp.com', port=443): Max retries exceeded with url: /v1/sessions/sess-20260418232727-f140c14d800b4bdfb92ea1e7f31bd3ea/step (Caused by ConnectTimeoutError(<HTTPSConnection(host='mano.mininglamp.com', port=443) at 0x10d89dd10>, 'Connection to mano.mininglamp.com timed out. (connect timeout=600)'))
==================================================

UI window closed
