Session created: sess-20260418025557-d5abc7fe8b28467891c652ed0b4d91d4
UI panel initialized successfully
UI window displayed
Expected result: 长名称emoji在预览区域应被正确截断（如用省略号），不应溢出容器边界。如果文本溢出或不截断则为abnormal。
[step 0] Action: Initializing
[step 0] Reasoning: Initializing session connection
[step 0] Action: Open url: http://localhost:1234
[step 1] Action: scroll down (640, 500) scroll_amount 3
[step 1] Reasoning: I can see the Emoji Mart picker. Let me scroll down to see the full picker and find the bottom preview area, then look for family emojis with long names.
[step 2] Action: mouse_move (253, 575)
[step 2] Reasoning: Now I can see the Emoji Picker clearly. I need to scroll down more within the emoji picker to find the bottom preview area, and also look for family emojis. Let me first hover over one of the visible emojis to see the preview area at the bottom.
[step 3] Action: scroll down (640, 500) scroll_amount 5
[step 3] Reasoning: I can see the thumbs up emoji is highlighted but I don't see the bottom preview area yet. It seems the preview area might be below the visible area. I need to scroll down more within the emoji picker to see the full component. Let me scroll down more to see the bottom of the picker.
[step 4] Action: scroll down (640, 580) scroll_amount 10
[step 4] Reasoning: I can see "Smileys & People" section is now visible. The picker seems to have a scrollable emoji list but the bottom preview area isn't visible. The picker seems to be within a fixed height container. Let me scroll within the picker itself to find the bottom preview area. Let me try scrolling inside the emoji picker area to see the preview section at the bottom.
[step 5] Action: scroll up (640, 400) scroll_amount 20
[step 5] Reasoning: I notice the emoji picker seems to have a fixed height with the emojis in a scrollable container. I can see the emoji categories at the top and the emoji list. However, the bottom preview area is not visible. It seems the picker might extend beyond the visible area of the page. The picker might need to be viewed differently. Let me try scrolling up to see the full picker from the top, and hover over emojis to see if a preview appears at the bottom.

Let me first scroll the page up to see the complete Emoji Picker from top to bottom.
[step 6] Action: key: ctrl+minus
[step 6] Reasoning: I can see the emoji picker from the top. The picker's emoji list is scrollable. I can see the top category bar and the search box, and below that is the emoji list. I notice the component doesn't show a bottom preview area in the current viewport. The bottom preview area might be hidden below the fold or could be part of the picker.

Let me zoom out the browser to see the full emoji picker component at once.
[step 7] Action: key: command+minus
[step 8] Action: left_click (640, 62)
[step 9] Action: key: Escape
[step 9] Reasoning: I accidentally clicked the address bar. Let me close this dropdown and use the Chrome zoom feature instead.
[step 10] Action: left_click (400, 200)
[step 10] Reasoning: The dropdown is still showing. Let me click somewhere else to close it.
[step 11] Action: left_click (1265, 62)
[step 11] Reasoning: Good. Now I can see the emoji picker. I notice the picker doesn't seem to have a visible bottom preview area in the current view. The picker appears to be cut off at the bottom. Let me use the Chrome menu to zoom out to see the full picker.
[step 12] Action: left_click (1265, 62)
[step 12] Reasoning: The Chrome menu didn't open. Let me try clicking on the three dots menu at the top right of Chrome.
[step 13] Action: mouse_move (253, 638)
[step 13] Reasoning: The menu isn't opening. I notice the picker is very large on the page. The emoji picker component seems to be larger than the screen. I need to zoom out to see it all. Let me try using the keyboard shortcut to zoom out in Chrome.

Let me hover over an emoji first to check if a preview area appears somewhere on the page. Let me hover over one of the emojis that's currently visible.
[step 14] Action: left_click (153, 9)
[step 14] Reasoning: The emoji seems to be partially visible at the bottom of the screen. The picker is very large and the bottom preview area is likely below the visible area. I need to zoom out the browser to see the full picker. Let me use the View menu in Chrome to zoom out.

Let me use the macOS menu bar to zoom out via the 显示 (View) menu.
[step 15] Action: left_click (166, 221)
[step 15] Reasoning: I can see the Chrome View menu is open. I can see "缩小" (Zoom Out) option with Command+- shortcut. Let me click on "缩小" to zoom out.
[step 16] Action: scroll down (640, 500) scroll_amount 5
[step 16] Reasoning: Now I can see more of the page. The emoji picker is now visible with its category bar at the top, search bar, and emoji list. I can also see on the right side the settings: Set: Native, Theme: Auto, Icons: Auto, Emoji version: 14, Locale (UI): English. But I still need to scroll down to see if there's a bottom preview area. Let me scroll down to see the bottom of the picker.
[step 17] Action: left_click (153, 9)
[step 17] Reasoning: The page is scrolling but the emoji picker seems to be one big scrollable component. The picker still doesn't show the bottom preview area. This might be a very tall component. The emoji list inside the picker seems to be scrollable internally - the page itself isn't the scrolling area. Let me try scrolling specifically within the emoji list area (not the page scroll). But the issue is that the picker appears to be a scrollable list where the emojis scroll, and the bottom preview area might be fixed at the bottom of the picker component.

Looking at the screenshots, the picker seems to extend far below the visible area. It looks like the entire emoji list is contained within the page scroll. Let me zoom out more to see if the bottom preview area is visible.
[step 18] Action: left_click (166, 221)
[step 19] Action: left_click (153, 9)
[step 19] Reasoning: Now I can see more of the picker! I can see the category bar at the top, the search bar, and the emoji list. The emoji list is scrollable. I can see more settings on the right side. I still need to scroll down to see the bottom preview area of the picker. Let me zoom out a bit more.
[step 20] Action: left_click (166, 221)
[step 21] Action: scroll down (640, 450) scroll_amount 5
[step 21] Reasoning: Excellent! Now I can see the full page at a better zoom level. I can see the emoji picker with more content, and on the right I can see the configuration options including "Preview position: Bottom". This confirms there IS a bottom preview area. The picker is now partially showing in the viewport. I need to scroll down to see the bottom of the picker where the preview area should be visible.

Also I notice the emoji list inside the picker seems to scroll, not the whole page. Let me scroll within the emoji list area to see if there's a preview area at the bottom of the picker.
[step 22] Action: scroll down (640, 450) scroll_amount 20
[step 22] Reasoning: I can now see the emoji picker is scrollable - the emoji list is scrolling within the picker! The picker has the category bar and search bar at the top (sticky), and the emoji list scrolls inside. The bottom preview area is below the visible portion of the picker. I need to scroll down more to see the bottom of the picker. But wait - looking at the structure, the emoji list is INSIDE the picker, and the bottom preview area is at the BOTTOM of the picker container. 

Let me try to scroll the entire page down to see if the picker has more content below.
[step 23] Action: left_click (153, 9)
[step 23] Reasoning: The emoji list inside the picker is scrolling, but the picker container and bottom preview area are not visible. The bottom of the picker seems to be cut off (below the visible area of the browser viewport). It seems the picker is taller than the browser window.

Let me try zooming out more to see the complete picker including the bottom preview area.
[step 24] Action: left_click (166, 221)
[step 25] Action: left_click (153, 9)
[step 25] Reasoning: Now I can see the picker has more settings visible on the right (Preview position: Bottom, Search position: Sticky, Skin tone position: Preview). I can also see the emoji list is showing people/persons emojis. The picker still extends below the screen. I can see the bottom edge of the picker is cut off. Let me zoom out more to see the full picker.