Session created: sess-20260418024824-db643fd573a04fa8b5fae3bc9744c6c2
UI panel initialized successfully
UI window displayed
Expected result: 搜索family应显示唯一的emoji列表无重复。如果有重复emoji则为abnormal。
[step 0] Action: Initializing
[step 0] Reasoning: Initializing session connection
[step 0] Action: Open url: http://localhost:3000/iframe.html?id=picker--default
[step 1] Action: left_click (471, 280)
[step 1] Reasoning: 页面已成功加载，可以看到emoji选择器界面，包含顶部的分类图标导航栏、搜索框（Search）以及"Frequently Used"部分。现在我来点击搜索框并输入 "fam"。
[step 2] Action: type: fam
[step 2] Reasoning: 搜索框已获得焦点（可以看到光标出现在搜索框中）。现在输入 "fam"：
[step 3] Action: type: ily
[step 3] Reasoning: **观察结果（输入 "fam" 后）：**
- 搜索框显示 "fam"，出现了 "Search Results" 区域
- 显示了 **2个emoji**：两个看起来相似的"family"图标（👨‍👩‍👧‍👦 风格的图标）
- 两个emoji看起来外观相似但细节不同（一个可能是单人家庭，另一个是多人家庭）
- ⚠️ **视觉异常**：两个emoji都是灰色轮廓风格，而非正常的彩色emoji，这可能是一个视觉问题

现在继续输入完整的 "ily" 来变成 "family"，观察结果：
[step 4] Action: mouse_move (88, 450)
[step 4] Reasoning: **观察结果（输入 "family" 后）：**
- 搜索框显示 "family"
- "Search Results" 仍然显示 **2个emoji**
- 这两个emoji与输入 "fam" 时显示的完全相同

现在让我仔细检查这两个emoji是否相同。让我将鼠标悬停在每个emoji上查看其tooltip/名称：
[step 5] Action: mouse_move (184, 450)
[step 5] Reasoning: 第一个emoji在悬停时显示了高亮（灰色背景圆圈），让我再悬停在第二个emoji上：
[step 6] Action: key: F12
[step 6] Reasoning: 让我使用浏览器开发者工具来深入检查这两个emoji的内容，以确认它们是否相同（重复）或不同。我将使用F12打开DevTools：
[step 7] Action: left_click (114, 441)
[step 7] Reasoning: DevTools已打开，切换到Console标签来检查emoji数据，同时也可以看到缩小的emoji picker显示了两个emoji图标。让我切换到Console来运行JavaScript查询：
[step 8] Action: left_click (640, 525)
[step 8] Reasoning: Console标签已打开。我可以看到有一个警告："in v4 keys/values of the options argument are reversed"。现在让我点击Console输入区域并运行JavaScript来检查emoji picker中显示的emoji：
[step 9] Action: left_click (640, 600)
[step 9] Reasoning: 让我点击控制台底部的输入区域来输入JavaScript命令：
[step 10] Action: left_click (66, 441)
[step 10] Reasoning: 让我使用Elements面板来检查这两个emoji的DOM结构。先切换到Elements面板：
[step 11] Action: left_click (114, 441)
[step 11] Reasoning: Elements面板已打开。让我使用检查器工具点击第一个emoji来查看其DOM元素。我需要点击DevTools左上角的元素检查图标（inspect element），然后点击emoji：
[step 12] Action: left_click (640, 524)
[step 12] Reasoning: Console标签已激活。让我在console中运行JavaScript代码来检查emoji的DOM属性。我需要先点击Console输入区域：
[step 13] Action: left_click (640, 524)
[step 13] Reasoning: 我注意到console的输入区域在底部。让我滚动到底部并点击">"提示符旁边的区域来输入命令：
[step 14] Action: type: Array.from(docume...
[step 14] Reasoning: 现在Console输入框已激活（可以看到">"后面有光标）。让我输入JavaScript来检查emoji按钮的data-unified属性或title属性，以识别这两个emoji是否相同：
[step 15] Action: key: Return
[step 16] Action: left_click (640, 554)
[step 16] Reasoning: 结果返回了 `[]`（空数组），说明 `button.epr-btn` 这个选择器没找到元素。这可能是因为页面在iframe中。让我尝试不同的选择器来查找emoji按钮：
[step 17] Action: left_click (640, 554)
[step 17] Reasoning: 看起来DevTools的console并不直接连接到iframe中的内容。这是一个Storybook iframe页面，所以内容在iframe中。让我尝试使用document.querySelector查找iframe，然后访问其内容：
[step 18] Action: type: document.querySel...
[step 18] Reasoning: 我注意到这个页面的URL是 `iframe.html`，所以这实际上是直接的页面而不是嵌套的iframe。让我尝试查找按钮的方式——可能emoji按钮使用了不同的类名。让我先查找所有按钮：
[step 19] Action: left_click (640, 580)
[step 19] Reasoning: 找到了 **1587个按钮**！这说明页面有很多emoji按钮。当前搜索词是"family"，但按钮总数很多（这可能是所有emoji按钮的总数，包括隐藏的）。让我查找当前可见（显示）的emoji按钮来检查其data属性：
[step 20] Action: left_click (640, 580)
[step 20] Reasoning: 共有1587个按钮（这是所有emoji加上导航按钮）。现在，让我用console查询当前可见的emoji按钮，特别是查找搜索结果中的emoji。让我输入一个更精确的查询：
[step 21] Action: left_click (680, 580)
[step 21] Reasoning: 让我点击console的输入框（底部的 ">" 提示符旁边），然后输入新命令：
[step 22] Action: scroll down (640, 540) scroll_amount 3
[step 22] Reasoning: 我需要点击console底部的输入区域。让我滚动下面来找到 ">" 提示符：
[step 23] Action: left_click (640, 590)
[step 23] Reasoning: 我看到console的输入区域没有显示新的">"提示符。让我点击控制台区域最底部，即"1587"下面的空白区域，然后再次输入：
[step 24] Action: left_click (66, 441)
[step 24] Reasoning: Console输入区域似乎没有激活。让我使用Elements面板的方法来检查emoji。我切换到Elements面板，使用检查元素来查看这两个emoji：
[step 25] Action: left_click (10, 471)
[step 25] Reasoning: Elements面板已经激活。我需要使用inspect元素功能来检查这两个emoji按钮。让我点击Elements面板左上角的"inspect element"图标（小鼠标图标）：
[step 26] Action: left_click (541, 203)
[step 26] Reasoning: inspector工具已激活。现在让我点击第一个emoji按钮来检查其HTML元素：
[step 27] Action: left_click (541, 203)
[step 27] Reasoning: 我悬停在第一个emoji上时，底部显示了非常重要的信息！显示的是 **"Family :man-woman-boy: :family:"** - 说明第一个emoji名字是 **"Family"**，关键词包含 `:man-woman-boy:` 和 `:family:`。

现在让我点击第一个emoji来检查其DOM属性，然后再检查第二个emoji：
[step 28] Action: left_click (10, 471)
[step 28] Reasoning: 我注意到inspector模式已被取消（底部的"Family :man-woman-boy: :family:"信息是悬停工具提示显示的）。这说明第一个emoji是 "Family"（👪），包含 `:man-woman-boy:` 和 `:family:` 关键词。

现在让我激活inspector模式，然后悬停在第二个emoji上来查看其信息：
[step 29] Action: mouse_move (563, 203)
[step 29] Reasoning: Inspector模式已激活。现在让我移动鼠标到第二个emoji上（在第一个emoji旁边，稍微靠右）来查看其信息：
[step 30] Action: key: Escape
[step 30] Reasoning: 底部显示了第二个emoji的信息，同样是 **"Family :man-woman-boy: :family:"** - 与第一个emoji完全相同的名称！这是一个重大发现。让我关闭inspector模式，改用console来深入分析这两个emoji的data属性，以确认它们是否真的重复：
[step 31] Action: left_click (1190, 441)
[step 31] Reasoning: 我看到右侧打开了一个Console面板！这是一个分离的drawer console。让我点击Console标签来切换到控制台：
[step 32] Action: left_click (114, 441)
[step 32] Reasoning: 让我直接切换到Console标签（主面板）：
[step 33] Action: left_click (640, 575)
[step 33] Reasoning: Console面板已显示，可以看到之前的命令历史。我看到console底部没有显示输入提示符（">"）。让我点击console面板的空白区域来激活输入：