Session created: sess-20260418024021-3d013dda5e164cb2b303fce7c8abdc12
UI panel initialized successfully
UI window displayed
Expected result: 分类图标应可通过Tab键聚焦。如果Tab键无法聚焦到分类图标则为abnormal。
[step 0] Action: Initializing
[step 0] Reasoning: Initializing session connection
[step 0] Action: Open url: http://localhost:3000
[step 1] Action: screenshot
[step 1] Reasoning: 页面正在加载中，让我等待一下再截图。
[step 2] Action: wait
[step 2] Reasoning: 页面还在加载，让我等待更长时间。
[step 3] Action: wait
[step 3] Reasoning: 页面还在加载中，我注意到有很多标签页正在加载。让我等待更长时间并检查当前标签页的状态。
[step 4] Action: wait
[step 4] Reasoning: 页面还是空白，仍在加载中。有很多标签页在加载，让我继续等待。
[step 5] Action: wait
[step 5] Reasoning: 页面依然空白，仍在加载。有许多其他标签在加载资源，这可能导致当前页面加载缓慢。让我再等一下。
[step 6] Action: left_click (640, 400)
[step 6] Reasoning: 页面仍在加载中，还是空白。我注意到地址栏显示的是 `localhost:3000`，但有很多其他标签也在加载。让我尝试点击页面中间以确保焦点在当前标签，然后等待页面加载完成。
[step 7] Action: wait
[step 7] Reasoning: 我看到标签栏中的 `localhost:3000` 标签（当前激活的标签，第三个标签）。页面内容区是空白的，这可能是因为 Storybook 页面内部在 iframe 中渲染内容。让我等待页面彻底加载完毕，然后再截图。
[step 8] Action: key: F5
[step 8] Reasoning: 页面已经加载很长时间了但内容区域还是空白。我注意到其他标签页名称包含 "Stor"（应该是 Storybook），也许我需要使用其中一个已打开的 Storybook 标签。让我尝试刷新当前的 localhost:3000 页面。
[step 9] Action: wait
[step 9] Reasoning: 页面正在刷新，但仍然显示空白。我看到很多标签包含 "Stor"（Storybook）的名称，让我尝试点击第一个 Storybook 标签来查看它是否有内容。但首先，让我看看已经打开的有 "Stor" 标签是否有内容。让我尝试点击其中一个带有 "Stor" 的标签。

实际上，让我检查一下当前地址栏中的完整 URL，并尝试等待当前页面完全加载。
[step 10] Action: left_click (280, 33)
[step 10] Reasoning: 页面还在加载，一直是空白。让我尝试点击已打开的带有 "Stor" 标题的标签之一，看它是否有内容。让我点击第一个 "Stor" 标签（看起来是第三个标签）。

等等，当前激活标签就是第三个（`localhost:3000`），但页面空白。让我尝试点击其他 "Stor" 标签——比如第四个标签。
[step 11] Action: left_click (216, 33)
[step 11] Reasoning: 很好！我找到了一个包含 emoji picker 的标签页。地址栏显示 `localhost:3000/iframe.html?id=picker--default`，这是 Storybook 的 iframe 内容，显示的是 "Smileys & People" 类别的 emoji。但这是 iframe 页面，不是完整的 Storybook 界面。

让我切换回 `localhost:3000` 的主标签来寻找完整的 Storybook 界面。看起来 `localhost:3000` 在加载。让我切换回第三个标签（`localhost:3000`）。

实际上，我看到第四个标签（现在激活的）显示了 `localhost:3000/iframe.html?id=picker--default`，这是 emoji picker。但任务要求我在主 Storybook 界面操作。

让我检查一下当前标签旁边的带 "Stor" 标签——让我先回到 `localhost:3000` 主页面。让我点击第三个标签。
[step 12] Action: left_click (855, 400)
[step 12] Reasoning: 现在我可以看到 Storybook 界面，并且 emoji picker 已经可见。我可以看到：
1. 左侧是 Storybook 的导航栏（Picker > Default, Custom "Not four component", Custom category icons）
2. 右侧显示了 emoji picker，顶部有分类图标（9个圆形图标）
3. 下方有搜索框、"Frequently Used" 和 "Smileys & People" 类别

页面已经加载完成了！现在我需要：
1. 按键盘 D 键隐藏 Storybook 的 addons 面板以显示更清晰的 emoji picker
2. 然后使用 Tab 键测试顶部分类图标的键盘可访问性

我注意到顶部分类图标区域有9个图标，第一个（时钟图标）似乎已有下划线/选中状态。

让我先按 D 键来隐藏 addons 面板。

**视觉观察：** 
- 顶部分类图标栏可见，共9个图标（时钟⏰, 笑脸😊, 动物🐶, 植物🍎, 运动🏀, 交通🚗, 灯泡💡, 符号🔣, 标志🏳️）
- 当前第一个图标（时钟）有紫色下划线表示选中状态
- Storybook 界面正常显示

让我先点击页面主内容区域（右侧 emoji picker），以确保焦点在正确位置，然后按 D 键。
[step 13] Action: left_click (180, 405)
[step 13] Reasoning: 好的，我可以看到 Storybook 界面和 emoji picker。现在我注意到右侧的 emoji picker 是在一个 iframe 中，不是在 Storybook 的主界面中。当前 URL 显示这是主 Storybook 页面。

现在我需要按 D 键来隐藏 Storybook 的 addons 面板。但首先我需要确认焦点在 Storybook 主界面而不是 iframe 中。我看到我点击了 emoji picker 区域，所以焦点可能在 iframe 中。

让我先点击 Storybook 的主界面区域（左侧导航区域），然后按 D 键：
[step 14] Action: key: d
[step 14] Reasoning: 我点击了左侧导航"Default"，现在焦点在 Storybook 的主界面。我可以看到状态栏显示了 Storybook 的 URL 参数。现在按 D 键来切换 addons 面板的显示。

注意：在 Storybook 中，按 D 键会切换 addons 面板（底部面板）的显示/隐藏，但因为当前界面没有显示 addons 面板，所以 D 键可能无法在这里工作。让我按 D 键试试。

实际上，让我查看一下当前界面。我看到右侧的 emoji picker 直接显示在主内容区，没有底部的 addons 面板。这可能是因为该 Storybook 版本已经隐藏了 addons 面板，或者界面布局不同。

让我先按 D 键，然后查看结果。
[step 15] Action: left_click (855, 185)
[step 15] Reasoning: 我看到按 D 键后，"Default" 条目有了蓝色边框（获得焦点），但布局没有发生变化——仍然是同样的界面，emoji picker 在右侧，Storybook 导航在左侧。

这个 Storybook 界面没有显示底部的 addons 面板，可能是因为该 URL 包含了 `addonPanel=storybook%2FFactions%2FFactions-panel` 参数，已经配置了。另外，D 键在 Storybook 里是切换 addons 面板的快捷键，但由于焦点在导航项上，按 D 可能只是将焦点移到了该元素。

让我先看一下这个界面是否有显示 addons 底部面板。看起来没有，所以我需要确保 emoji picker 完整显示出来。让我先尝试向下滚动查看是否有 addons 面板：

实际上，现在我看到 emoji picker 已经是完整显示的（顶部有分类图标，搜索框，以及 emoji 列表）。现在的任务是测试分类图标的键盘可访问性。

我需要聚焦到 iframe 内的 emoji picker，然后使用 Tab 键导航。问题是当前焦点在 Storybook 主界面（左侧导航），不在 iframe 内。

让我尝试点击 emoji picker 中的某个地方，然后使用 Tab 键测试。首先点击 emoji picker 区域（右侧），但要先从顶部开始，确保焦点进入 iframe。

**重要**：Storybook 使用 iframe 嵌入 story 内容。按 D 键应该是 Storybook 的键盘快捷键，但因为当前焦点在导航项目上，所以 D 键被解释为导航字符而不是快捷键。

让我先按 Escape 取消当前焦点，然后在页面空白区域点击，再按 D 键：

实际上，在 Storybook 中，快捷键通常需要焦点不在输入框或导航项时才生效。我注意到现在的布局已经显示了 emoji picker（右侧），而且没有明显的底部 addons 面板，所以可能 D 键已经起作用了，或者这个版本的 Storybook 布局本就如此。

让我直接开始测试核心任务：进入 iframe 中的 emoji picker，然后使用 Tab 键测试顶部分类图标的键盘可访问性。

我先点击 emoji picker 的右侧区域以聚焦到 iframe，然后使用 Tab 键尝试聚焦到分类图标。