Session created: sess-20260418023422-707e7659ed2340a7b5919ef1f75817a9
UI panel initialized successfully
UI window displayed
Expected result: emoji选择器应正常渲染，各分类切换正常，滚动流畅，可以选择表情。如果组件无法渲染或分类切换异常则为abnormal。
[step 0] Action: Initializing
[step 0] Reasoning: Initializing session connection
[step 0] Action: Open url: http://localhost:3000
[step 1] Action: screenshot
[step 1] Reasoning: The page is loading. Let me wait a moment and take a screenshot to see the current state.
[step 2] Action: left_click (1163, 33)
[step 2] Reasoning: The page appears to be loading (blank content). I can see there are many tabs open - it seems to be loading in a new tab. Let me click on the new tab that's loading (the rightmost one with the spinning indicator).
[step 3] Action: wait
[step 3] Reasoning: The page is loading at localhost:3000. I can see it's still blank. Let me wait for it to load.
[step 4] Action: wait
[step 4] Reasoning: The page is still loading. Let me wait a bit more.
[step 5] Action: left_click (247, 33)
[step 5] Reasoning: The page is still loading. I notice there are many existing Storybook tabs open. Let me check if one of the existing Storybook tabs already has the content loaded, and then navigate to the right content.
[step 6] Action: left_click (180, 405)
[step 6] Reasoning: I found a Storybook tab that's already loaded with the Picker > Default story open. I can see:
- Left sidebar: "Picker" with "Default" highlighted, and other options like "Custom 'Not four component'" and "Custom category icons"
- Right side: KNOBS panel showing Unicode checkbox (checked), Emoji pack (apple), Emoji size (24), Per line (9), Idle text

The URL shows `http://localhost:3000/?path=/story/picker--default` - this is exactly what I need. But I don't see the actual emoji picker in the canvas area. Let me look for the canvas view. I need to scroll up or look for a different panel. Let me check if there's a canvas area I'm missing.

**Step 1: I'm already on Picker > Default** - it's already selected in the left sidebar. Now let me look at the actual emoji picker canvas. I need to navigate to see the picker itself. Let me click somewhere to see if there's a canvas view.
[step 7] Action: scroll up (840, 400) scroll_amount 5
[step 7] Reasoning: I can see the Storybook interface with Picker > Default selected. The right panel shows KNOBS. However, I need to see the actual emoji picker canvas/preview. In Storybook, the main canvas is usually in an iframe. I notice the current view is showing only the KNOBS panel - I need to find where the actual emoji picker is rendered. 

Looking at the layout, it seems the canvas area might be hidden or this is a different layout. Let me check if there's an iframe with the picker. Let me try to navigate directly to the iframe URL to see the picker, or look for a "Canvas" tab.

Looking at the screenshot more carefully - the layout seems unusual. In standard Storybook, there's a canvas area on the right where the component renders, and the Knobs/Actions panel is typically at the bottom. Here it seems the knobs panel is taking up the entire right side. 

Let me check if there's a way to see the canvas by looking for another button or by scrolling up in the right panel.
[step 8] Action: Open url: http://localhost:3000/iframe.html?id=picker--default
[step 8] Reasoning: I see that the layout shows KNOBS on the right side, but the canvas with the actual emoji picker is not visible. This looks like a visual layout issue in this Storybook version - the canvas and addons panels seem to be merged or the canvas is hidden. 

Let me try to access the iframe directly to see the emoji picker. In Storybook, the iframe is usually at `/iframe.html`. Let me navigate there directly.

**⚠️ Visual anomaly observed**: The Storybook layout appears abnormal - the right panel shows only KNOBS/ACTION LOGGER tabs without the main canvas area where the emoji picker component should render. The canvas iframe seems to be completely absent from the layout.

Let me try navigating to the iframe URL directly to see the emoji picker component.
[step 9] Action: wait
[step 9] Reasoning: The iframe page is loading. Let me wait for it to fully load.
[step 10] Action: left_click (234, 33)
[step 10] Reasoning: Still loading. Let me go back to the Storybook main interface and try to understand the layout better. Let me click on the Storybook tab that was working earlier.
[step 11] Action: key: ctrl+minus
[step 11] Reasoning: I'm back at the Storybook interface with Picker > Default selected. I can see the KNOBS panel on the right, but the actual emoji picker canvas is missing. 

**⚠️ Critical Visual Anomaly**: The Storybook interface is missing the canvas/preview area. In a standard Storybook layout, there should be an iframe/canvas area where the emoji picker renders, and the addons (KNOBS, ACTION LOGGER) panel should be at the bottom or side. Here, the canvas is completely absent and only the KNOBS panel is visible on the right side.

This is an abnormal layout where the canvas area is not rendering. Let me check if there's a scrollable area or if the canvas is hidden. Let me try using the keyboard shortcut to toggle the panel or look for a different view.

Let me check if the layout issue is that the canvas iframe is present but hidden above the visible area by checking if I need to scroll up. Also let me try to zoom out to see more of the page.
[step 12] Action: key: ctrl+shift+minus
[step 13] Action: key: super+minus
[step 14] Action: key: cmd+minus
[step 14] Reasoning: Let me try zooming out using the browser's zoom feature through the menu.
[step 15] Action: key: cmd+0
[step 16] Action: key: d
[step 16] Reasoning: The layout remains the same. I notice the storybook interface is showing only the addons panel (KNOBS/ACTION LOGGER) on the right without the canvas area for the component preview. 

**⚠️ Major Visual Bug**: The Storybook canvas area is completely missing. Only the addons panel (KNOBS, ACTION LOGGER) is visible on the right side. In a standard Storybook layout, the component preview should occupy the main area. This suggests there's a layout bug where the canvas and addons panels are not correctly positioned.

Let me check if maybe the canvas is hidden and there's a divider I can drag, or if there's a button to show/hide the canvas. Let me look at the keyboard shortcut "D" which in Storybook toggles the addons panel.
[step 17] Action: left_click (598, 185)
[step 17] Reasoning: Excellent! 🎉 The emoji picker is now visible! Pressing "D" toggled the addons panel and revealed the canvas showing the emoji picker. Now I can see:

**Step 2 - Emoji Picker is loaded!** ✅ 
- The emoji picker is fully loaded and visible
- I can see category icons at the top (clock/recent, smileys, animals, food/apple, sports/basketball, travel/car, objects, symbols, flags)
- There's a Search box
- "Frequently Used" section with emojis (thumbs up, happy face, kissing face, heart eyes, laughing, tongue out, etc.)
- "Smileys & People" section with more emojis

The layout looks good. Now let me proceed with Step 3 - clicking different category tabs.

**Step 3: Click different category tabs**

I can see the category icons at the top. Let me identify them:
1. Clock/Recent (currently selected - the first one with underline)
2. Smiley face
3. Animal face (dog/panda)
4. Apple/Food
5. Basketball/Sports
6. Car/Travel
7. Lightbulb/Objects
8. Symbols
9. Flags

Let me click on the smiley face category (second icon).
[step 18] Action: key: Escape
[step 18] Reasoning: A right-click context menu appeared! I must have accidentally right-clicked instead of left-clicking. Let me close this menu and try again.
[step 19] Action: left_click (900, 400)
[step 19] Reasoning: The context menu is still open. Let me click somewhere else to close it.
[step 20] Action: left_click (598, 185)
[step 20] Reasoning: The context menu is closed. Now I can see the emoji picker clearly with the category icons at the top and the emojis below. Let me now click on the smiley face category (second icon from left). I need to make sure I left-click it properly this time.

Looking at the category icons in the toolbar:
1. Clock icon (Recently used) - position around x=511, y=185 - currently active (underline visible at bottom)
2. Smiley face - around x=598, y=185
3. Animal face (dog) - around x=685, y=185
4. Apple/Food - around x=771, y=185
5. Basketball/Sports - around x=857, y=185
6. Car/Travel - around x=944, y=185
7. Objects/Lightbulb - around x=1030, y=185
8. Symbols - around x=1117, y=185
9. Flags - around x=1203, y=185