Session created: sess-20260418021954-2d45420970a944f0b6a2214b69cbf1b2
UI panel initialized successfully
UI window displayed
Expected result: 方向键应能在emoji间导航。如果无法导航则为abnormal。
[step 0] Action: Initializing
[step 0] Reasoning: Initializing session connection
[step 0] Action: Open url: http://localhost:3000
[step 0] Reasoning: I'll help you test the emoji picker keyboard navigation. Let me start by opening the browser and navigating to the URL.
[step 1] Action: screenshot
[step 1] Reasoning: I can see the Storybook is already open and the Picker section is visible in the left sidebar with "Default" already selected. Let me take a screenshot to see the current state better and look for the emoji picker in the main area.
[step 2] Action: left_click (179, 405)
[step 2] Reasoning: I can see the Storybook page is open. The "Picker" section is expanded and "Default" story is selected. However, I notice the right side shows KNOBS and ACTION LOGGER tabs, but I don't see the actual emoji picker preview. This appears to be a Storybook interface. The emoji picker preview must be in an iframe somewhere. Let me click on "Default" in the Picker section to make sure it's properly selected, and then look for the emoji picker.
[step 3] Action: scroll up (400, 400) scroll_amount 5
[step 3] Reasoning: I can see the Storybook is showing the Picker > Default story, but the emoji picker preview is not visible in the current view. This Storybook layout seems to have the story panel on the left and the KNOBS/ACTION LOGGER on the right. The actual emoji picker preview must be in an iframe below. I need to scroll up or check if there's a canvas area. Let me look at the current URL and try to navigate to see the emoji picker. It seems the layout might have the emoji picker in an area I'm not seeing. Let me try scrolling up in the page to find the preview area.

Actually, looking at the interface more carefully, this appears to be an older Storybook (v4/v5) layout where the story preview is typically at the top left and the sidebar is on the right or the layout is different. The URL shows `localhost:3000` with query parameters, suggesting this might be a specific layout. Let me scroll up to see if there's a preview area.
[step 4] Action: left_click (625, 140)
[step 4] Reasoning: I see the same layout. It appears that the emoji picker preview isn't visible in this view. The layout seems unusual - the left panel shows the story list and filter, and the right panel shows KNOBS. The actual story preview/canvas seems to be missing from this view. This might be because the story preview is in an iframe that loads separately or there's a different layout. 

Let me check if there's a way to see the story preview. In Storybook v5, there's usually a canvas area. Let me try navigating directly to the iframe URL to see the emoji picker. Or maybe the emoji picker is embedded in the left side but we need to scroll down in the story panel. Let me look at the "CONTRIBUTE ON GITHUB" and the "⌘" button - the ⌘ button might toggle the layout.
[step 5] Action: key: Escape
[step 5] Reasoning: A keyboard shortcuts dialog appeared. I can see various Storybook keyboard shortcuts. Let me close this dialog and look for the actual story preview area. The emoji picker should be in the main canvas area of Storybook. Let me press Escape to close this dialog.
[step 6] Action: Open url: http://localhost:3000/iframe.html?id=picker--default
[step 6] Reasoning: I notice the layout is showing the sidebar and KNOBS panel but no main canvas/preview area. This seems like this is a Storybook v4 layout where the preview is embedded in the page. The layout currently has the left panel for navigation (Filter, Picker > Default, etc.) and the right panel for KNOBS. The actual emoji picker preview appears to not be visible because the iframe might be hidden.

Looking at the URL, it seems to be a Storybook with specific parameters. The layout is split - left has navigation, right has knobs. Let me try navigating to the iframe version of the story by modifying the URL to access the canvas.

Actually, let me try to look for a resizable divider between the left panel and what might be the main canvas. The vertical gray line at x≈680 seems to be a divider. The preview might be in the area between the left panel and the KNOBS panel, but it's collapsed. Let me look more carefully.

Looking at the screenshot again, I see:
- Left part (0-680px width): Storybook sidebar with story navigation
- Right part (680-1280px): KNOBS and ACTION LOGGER

There's a middle column that should contain the actual story preview canvas. Let me try to access the iframe URL directly.
[step 7] Action: left_click (471, 281)
[step 7] Reasoning: Excellent! Now I can see the emoji picker! It's showing:
- Category icons at the top (Frequently Used, Smileys & People, Animals, Food, Travel, etc.)
- A search box labeled "Search"
- "Frequently Used" section with emojis
- "Smileys & People" section with emojis

The emoji picker is loading correctly. Now I need to go back to the Storybook interface and test the keyboard navigation. But actually, I can test the keyboard navigation directly here in the iframe view. Let me click on the search box first and then try arrow key navigation.

Wait, actually the task says to "find the Picker story in Storybook and click it". I've already found and clicked Default, but let me go back to the main Storybook page and do it properly. However, since I can see the emoji picker working here, let me test the keyboard navigation directly.

Let me click on the Search box first:
[step 8] Action: key: Down
[step 8] Reasoning: I've clicked on the Search box and it now has focus (I can see the cursor blinking in the search box). Now I need to navigate properly. The task requires me to:
1. Find the Picker story in Storybook and click it
2. Click on the search box in the emoji picker
3. Use arrow keys to navigate in the emoji list
4. Observe if focus moves between emojis

I'm currently looking at the iframe version. Let me go back to the main Storybook page first to follow the task requirements properly, then test the keyboard navigation.

Actually, I'm currently in the iframe view which IS the emoji picker. Let me proceed with testing keyboard navigation from here. The search box is focused. Let me try pressing the Down arrow key to see if focus moves to the emoji list.

Let me first press Enter or some key to trigger navigation, then try arrow keys:
[step 9] Action: Open url: http://localhost:3000
[step 9] Reasoning: I pressed the Down arrow key and the search box lost its cursor focus indicator. The emoji list doesn't appear to have received focus either - no emoji appears highlighted. Let me re-click on the search box to focus it again and try different approaches.

However, I first need to go back to the main Storybook page to follow the task instructions properly. Let me navigate back to the main Storybook URL and then find the Picker story.
[step 10] Action: screenshot
[step 10] Reasoning: The page is loading. Let me wait for it to load.
[step 11] Action: wait
[step 11] Reasoning: The page is still loading. Let me wait a bit more.
[step 12] Action: wait
[step 12] Reasoning: The page is still loading and showing blank. This is taking longer than expected. Let me wait a bit more.
[step 13] Action: left_click (350, 33)
[step 13] Reasoning: The page is still loading and blank. This might be a loading issue with the new tab. Let me switch to one of the existing Storybook tabs instead.
[step 14] Action: left_click (680, 400)
[step 14] Reasoning: I'm back to the Storybook page with the Picker > Default story selected. I can see the left panel with the story navigation and the right panel with KNOBS. The layout seems to only show the sidebar and knobs panel. The emoji picker canvas/preview area must be embedded in an iframe in the middle area.

Looking more carefully at this layout - the left side (0-680px) is the navigation sidebar, and the right side (680-1280px) is the knobs/addons panel. The actual story preview should be in a separate iframe. The current URL structure suggests that the main Storybook view is showing the story picker in an embedded iframe between these two panels.

Wait - I realize that the layout I'm seeing is abnormal. In standard Storybook, there should be a main canvas area where the story renders. In this layout, the canvas seems to be completely hidden or collapsed. 

Let me try looking at the layout more carefully. The vertical divider at x≈680 seems to be the boundary between the sidebar and a different section. The "middle" canvas area might be completely missing or the layout is very different.

Let me try clicking in the area between the Filter panel and the KNOBS panel to see if there's a hidden canvas:
[step 15] Action: left_click (478, 33)
[step 15] Reasoning: I see the layout is the same. The Storybook canvas seems to be missing from the main view. This is unusual. The layout normally would have the emoji picker displayed in the canvas area between the navigation panel and the addons panel. But in this case, the canvas area seems to have zero width - the sidebar and the addons panel are directly adjacent.

This could be a **visual bug** in the Storybook layout - the canvas/preview panel may have been collapsed to zero width.

Let me look at the URL parameters in the address bar more carefully. I see there's an `addonPanel=storybook%2Factions%2Factions-panel` parameter. Let me try to see the story preview by accessing it directly.

Actually, let me try a different approach - let me use the existing Storybook tabs I can see in the tab bar. There are multiple Storybook tabs open. Let me try clicking on one of the other Storybook tabs to see if they have a different view.

**Visual anomaly noted**: The Storybook layout is broken - the canvas/preview panel appears to have zero width, with the navigation sidebar and addons panel directly adjacent to each other. The emoji picker preview component should be visible in a canvas area.

Let me try one of the other Storybook tabs:
[step 16] Action: scroll up (471, 400) scroll_amount 5
[step 16] Reasoning: Excellent! This is the iframe view of the emoji picker (`localhost:3000/iframe.html?id=picker--default`). Now I can see the emoji picker properly! I can see:
- "Frequently Used" section with emojis
- "Smileys & People" section with many emojis
- One emoji (the laughing face 😆 at position 5 in "Frequently Used") appears to have a **blue highlight ring around it** - this might indicate it has focus!

Wait, this is very interesting! The 😆 emoji in "Frequently Used" section has a circular highlight/focus indicator (gray ring) around it. This might be a result of my earlier Down arrow key press when the search box was focused.

But I need to follow the full test procedure from the main Storybook page. The emoji picker iframe tab is already open and showing the picker. Let me scroll up to find the search box in this tab.
[step 17] Action: left_click (350, 33)
[step 17] Reasoning: Now I can see:
1. The category icons at the top
2. The Search box
3. "Frequently Used" section
4. "Smileys & People" section

I can see that the **5th emoji** in the "Frequently Used" row (😆) has a **circular gray highlight** around it, which appears to be a focus indicator. This happened from my earlier Down arrow key press! 

Also, I notice there's a **blue border around the emoji list area** (the lower section from "Frequently Used" to "Smileys & People"). This blue border indicates the emoji list container has focus.

Now I need to properly test this. Let me:
1. First go back to the main Storybook to follow the task instructions
2. Find the Picker story and click it
3. Then test keyboard navigation

But actually, since this is the Picker > Default iframe and the task says to find the Picker story in Storybook and click it, let me navigate back to the main Storybook page.

Let me first click on the Storybook tab that has the main interface:
[step 18] Action: left_click (180, 405)
[step 18] Reasoning: I'm back to the main Storybook page. I can see the Picker > Default is already selected (shown in bold). The layout still shows the two-panel view without a canvas area. This is the **visual anomaly** I noted before - the canvas area is missing.

The URL shows this is the main Storybook page, but the canvas area (where the emoji picker would be rendered) is completely absent. This appears to be a layout bug in the Storybook UI.

**Key observations so far:**
1. **Visual bug**: The Storybook layout doesn't show the canvas/preview area - only the sidebar and addons panel are visible.
2. The emoji picker is accessible through the iframe URL directly (`localhost:3000/iframe.html?id=picker--default`).

Now let me properly follow the task:
1. ✅ Opened `http://localhost:3000`
2. ✅ Found Picker story in left sidebar and clicked Default

Now I need to test the keyboard navigation. Since the canvas is not visible in the main view, I'll use the iframe tab. But first, let me try clicking on "Default" again to ensure it's properly selected and see if anything changes:
[step 19] Action: left_click (478, 33)
[step 19] Reasoning: I can see at the bottom of the screen the URL being shown when hovering over "Default" - it shows the full story URL. This confirms "Default" is selected. The canvas area is still missing from this view.

Looking at the layout more carefully - the layout shows the sidebar (0-680px) and the KNOBS panel (680-1280px) side by side. There is NO canvas/preview area visible in this tab. This is a layout bug.

Now, let me switch to the iframe tab which shows the actual emoji picker, and properly test keyboard navigation. The emoji picker is properly visible there.

Let me switch to the iframe tab:
[step 20] Action: scroll up (471, 300) scroll_amount 5
[step 20] Reasoning: I'm now in the iframe tab showing the emoji picker (`localhost:3000/iframe.html?id=picker--default`). I can see:

1. The **Search** text box is visible
2. The **emoji list area** has a **blue border** around it (indicating it may currently have focus)
3. "Frequently Used" section with emojis
4. "Smileys & People" section with emojis

**Visual anomaly noted**: The previous focus indicator (circular gray ring around the 😆 emoji) is no longer visible. The blue border around the emoji list area is still present.

Now I need to scroll up to see the full picker with the category icons at the top, and then click on the search box:
[step 21] Action: left_click (471, 280)
[step 21] Reasoning: Now I can see the full emoji picker including:
1. **Category icons row** at the top (10 category icons: Add/Recently Used, Smileys, Animals, Food, Activities, Travel, Objects, Symbols, Flags, Custom)
2. A **purple/pink progress bar** below the categories (indicating the scroll position within the "Frequently Used" category)
3. **Search box** labeled "Search"
4. **Emoji list** with a blue border containing:
   - "Frequently Used" section with 9 emojis
   - "Smileys & People" section with emojis

**Visual observations**:
- The emoji list container has a **blue border** around it
- The progress bar under category icons is purple/pink
- The layout looks proper

Now let me click on the **Search box** to give it focus:
[step 22] Action: key: Down
[step 22] Reasoning: I can see the Search box now has a text cursor (blinking `|` before "Search") and the **blue border around the emoji list has disappeared**. This indicates the search box now has focus. The search box is showing a cursor which confirms focus is on the search input.

**Observations**:
- Search box now has focus (cursor `|` visible)
- The blue border around the emoji list container disappeared when search box gained focus
- This is expected behavior - the emoji list lost focus

Now let me try pressing the **Down arrow key** to see if focus moves from the search box to the emoji list:
[step 23] Action: key: Down
[step 23] Reasoning: Interesting! After pressing the **Down arrow key**, I can observe:
1. The search box **no longer shows a cursor** (the `|` cursor disappeared)
2. **No emoji appears to be highlighted/focused** with a visible indicator
3. The blue border that previously appeared around the emoji list is NOT shown

This suggests that pressing the Down arrow from the search box moved focus somewhere, but it's not clear where. There's no visible focus indicator on any emoji. Let me press Down again to see if focus moves to an emoji:
[step 24] Action: left_click (471, 280)
[step 24] Reasoning: Interesting! After pressing **Down arrow** a second time, the cursor in the search box **returned** (`|` cursor is visible again before "Search"). This seems like the focus is cycling between the search box and some other element. 

The pattern appears to be:
- First Down arrow: Focus moves somewhere (search box loses cursor, but no emoji appears focused)
- Second Down arrow: Focus returns to search box

This is very unusual behavior. Let me try a different approach - let me click on the search box first, then check if pressing Down arrow should move to emoji list. Maybe I need to type something in the search first to see emojis in search results, and then use arrow keys to navigate.

Actually, wait - looking more carefully, it seems the first Down press moved focus from the search box to the emoji list container (blue border appeared previously), and the second Down press returned focus to the search box. But there was NO visible focus indicator on any specific emoji.

Let me try clicking the search box, then pressing the arrow keys multiple times while observing the behavior closely:
[step 25] Action: key: Down
[step 25] Reasoning: The search box now has focus (cursor `|` is visible). Now let me press **Down arrow** once and take a careful screenshot to observe what happens:
[step 26] Action: left_click (471, 280)
[step 26] Reasoning: **Important observation!** After pressing Down arrow:
- The search box **STILL shows the cursor** (`|` is visible in the search box)
- **NO emoji is highlighted** with a focus indicator
- The cursor in the search box appears to still be there

Wait - looking at the tab bar, the active tab shows `|` (a thin cursor icon) which is the favicon of the tab, indicating the page is in a loading/processing state. Let me look more carefully.

Actually, the `|` symbol in the tab bar is a favicon indicator showing the page might be in a state of activity. But the cursor in the search box is still showing.

This is very peculiar behavior. The Down arrow key from the search box is NOT moving focus to the emoji list - instead, it seems the focus is staying in the search box or moving somewhere not visually indicated.

Let me try pressing Tab key instead to see if that moves focus to the emoji list:
[step 27] Action: key: Tab
[step 27] Reasoning: Good, the search box is focused (cursor visible). Now let me try pressing **Tab** to see where focus moves:
[step 28] Action: key: Right
[step 28] Reasoning: Excellent! **Very significant observation!** After pressing **Tab** from the search box:

1. The page **scrolled down** to show the emoji list
2. The emoji list container now has a **blue border** around it (the entire list container is outlined in blue)
3. The category icons and search box scrolled out of view
4. The emoji list is now showing "Frequently Used" with 9 emojis and "Smileys & People" with multiple rows

**However**, there is still **NO specific emoji highlighted** with a focus indicator. The blue border is on the entire emoji list container, but no individual emoji has a focus ring or highlight.

Now let me try pressing the **Arrow keys** (Down, Right, Left, Up) to navigate between individual emojis and observe if any emoji gets a focus indicator:
[step 29] Action: key: Down
[step 29] Reasoning: After pressing the **Right arrow key**:
- The emoji list still has the **blue border** around it
- **Still NO individual emoji is highlighted/focused**
- The view looks the same as before

This is a **navigation bug** - pressing arrow keys when the emoji list has focus should move focus to individual emojis, but no focus indicator appears on any emoji. Let me try pressing **Down arrow**:
[step 30] Action: key: Left
[step 30] Reasoning: After pressing **Down arrow**:
- The emoji list **scrolled down** slightly (the "Frequently Used" section emojis are now smaller at the top, suggesting the list scrolled)
- The **blue border** is still around the entire emoji list
- **Still NO individual emoji is highlighted/focused**

This is a critical observation! The Down arrow key is **scrolling the emoji list** (moving the viewport) instead of moving focus to individual emojis. This is a **keyboard navigation bug** - the arrow keys should move focus between emojis, not scroll the container.

Let me try pressing **Left arrow**:
[step 31] Action: key: Up
[step 31] Reasoning: After pressing **Left arrow**:
- The view looks **identical** to the previous screenshot
- The blue border is still around the emoji list
- **NO individual emoji highlighted/focused**
- Left arrow had no visible effect on the view

Let me try pressing **Up arrow** now:

==================================================
Task: 测试emoji选择器键盘导航。浏览器打开 http://localhost:3000。在Storybook左侧找到Picker故事并点击。然后在emoji picker中点击搜索框，使用键盘上下左右方向键尝试在emoji列表中导航。观察焦点是否在emoji间移动。始终在浏览器内操作，禁止打开Terminal。
Status: STOPPED_BY_USER
Total steps: 31
Last action: key: Up
Last reasoning: After pressing **Left arrow**:
- The view looks **identical** to the previous screenshot
- The blue border is still around the emoji list
- **NO individual emoji highlighted/focused**
- Left arrow had no visible effect on the view

Let me try pressing **Up arrow** now:

==================================================

UI window closed
