Session created: sess-20260417013327-229e3df0c33d44d6bedaadd7c705ee32
UI panel initialized successfully
UI window displayed
Expected result: None
[step 0] Action: Initializing
[step 0] Reasoning: Initializing session connection
[step 0] Action: screenshot
[step 1] Action: left_click (1205, 88)
[step 1] Reasoning: I can see FactorioLab is open with the Space Age mode already selected. Let me close the Google Translate popup and proceed with adding items. I'll click "Add items" to start setting up a production plan.
[step 2] Action: left_click (640, 371)
[step 2] Reasoning: Good, the Google Translate popup is closed. I can see that "Space Age" is already selected as the mode. Now I'll click "Add items" to search for and add a Cryogenic Plant-related science pack.
[step 3] Action: type: cryogenic
[step 3] Reasoning: An item selection dialog is open. I need to search for a science pack that can be produced by the Cryogenic Plant. In Factorio Space Age, the Cryogenic Plant produces items related to Aquilo planet. Let me search for "cryogenic" to find relevant items, or search for "science" to find science packs.
[step 4] Action: mouse_move (344, 260)
[step 4] Reasoning: I can see there's one item in the Production category that matches "cryogenic". Let me hover over it to see what it is.
[step 5] Action: left_click (344, 260)
[step 5] Reasoning: I can see the "Cryogenic plant" item which is the Cryogenic Plant machine itself. This shows it can produce something. However, I need a recipe that uses a Cryogenic Plant. Let me look for what the Cryogenic Plant actually produces. 

Looking at the tooltip, it seems the item shown is actually the Cryogenic plant production item. Let me search for science packs that are made in the Cryogenic Plant. In Space Age, the Cryogenic Plant produces "cryogenic science pack" or similar. Let me search differently.

Let me first check what this item is and click on it to add it to the production list.
[step 6] Action: left_click (406, 219)
[step 6] Reasoning: Excellent! The page has loaded with a production plan for "Cryogenic plant". I can see there's a Factory section showing the production chain. The first row shows "Cryogenic plant" as the main item being produced at 1 item/m. 

Now I need to find the row that specifically uses a Cryogenic Plant machine for the recipe, so I can add beacons with efficiency modules. Let me first look at the current state more carefully.

I can see:
- The first row shows: Items/m = 1, Power = 38.4 kW, with Beacons column showing "0" and "2"
- There are various ingredient rows below

Let me click on the first row to see details about the Cryogenic plant production, and then I'll set up beacons. But first, let me understand what I'm looking at. The task says to add a Cryogenic Plant producing science packs. Let me check if I should instead search for a specific science pack.

Actually, looking at the page, "Cryogenic plant" is the machine I need. The item I added is the Cryogenic plant (machine) item. But I need to add a science pack recipe that uses the Cryogenic Plant machine. 

Let me search for "cryogenic science" to find the correct science pack.
[step 7] Action: type: cryogenic science
[step 7] Reasoning: A search dialog opened. Let me search for "cryogenic science" to find science packs made in the Cryogenic Plant.
[step 8] Action: mouse_move (341, 257)
[step 8] Reasoning: I can see there's a result in the "Intermediat..." (Intermediates) category. Let me hover over it to see what item it is.
[step 9] Action: left_click (341, 257)
[step 9] Reasoning: I can see "Cryogenic science pack" is the item, and it shows it's produced by the Cryogenic plant (the Producers section shows the machine icon). This is exactly what I need. Let me click on it to add it to the production plan.
[step 10] Action: left_click (275, 459)
[step 10] Reasoning: Now I have both "Cryogenic plant" and "Cryogenic science pack" in my objectives. I can see the Factory section shows several rows. Now I need to find the row that specifically uses the Cryogenic Plant machine to produce the Cryogenic science pack, and then add beacons with efficiency modules to it.

Let me first remove the "Cryogenic plant" objective since it was just the machine itself, and focus on the "Cryogenic science pack". Actually, let me keep both and focus on the Cryogenic science pack row. Let me look at the first row more carefully.

Let me scroll down a bit to see all the rows in the Factory section and identify which row is the Cryogenic science pack recipe.
[step 11] Action: left_click (474, 499)
[step 11] Reasoning: I can see the first row has expanded showing Recipe, Machine, and Item/Recipes tabs. The row shows the Cryogenic plant production. Now I need to click on "Machine" tab to see the machine details and add beacons.
[step 12] Action: left_click (275, 459)
[step 12] Reasoning: I can see the Machine tab is now selected. It shows the machine details for the Cryogenic plant production. I can see the machine inputs and outputs. The row shows the Cryogenic plant producing 1 item/m with Power = 38.4 kW.

Now I need to work with the Cryogenic science pack recipe specifically. This first row seems to be for the Cryogenic plant machine itself. Let me scroll down to find the Cryogenic science pack row and its machine settings.

Let me scroll down to see more rows.
[step 13] Action: mouse_move (323, 497)
[step 13] Reasoning: I can see the list of rows in the Factory section. I need to identify which row is the Cryogenic science pack recipe (the one using the Cryogenic Plant machine). Let me hover over the items to understand each row better.

Looking at the rows:
- Row 1: 1 item (Cryogenic plant item) - 38.4 kW
- Row 2: 20 items (probably something like cryogenic science pack ingredients) - 493.3 kW
- Row 3: 28.4 items - 305.4 kW
- Row 4: 71.0 items - 12.0 kW
- Row 5: 40 items - 210 kW
- Row 6: 80 items - 518.1 kW

I need to identify the second row in the list (first child row), which seems to be 20 items at 493.3 kW. Let me hover over the item icon in row 2.
[step 14] Action: left_click (981, 188)
[step 14] Reasoning: I can see the second row shows "Processing unit" as the item. That's one of the ingredients for the Cryogenic science pack recipe. 

The first row at the top level (with items = 1) should be the Cryogenic plant machine itself. Let me look more carefully at the structure. I need to understand which row is for the Cryogenic science pack production.

Actually, looking at the Objectives again, we have:
1. Cryogenic plant (output = 1 item/m)
2. Cryogenic science pack (output = 1 item/m)

The factory rows are showing the entire production chain. The top-level rows are likely the main objectives, and the nested rows are sub-components.

Let me click on the row with the Cryogenic science pack item icon (the blue science pack icon in row 1 of the factory list). Actually, the first row has the Cryogenic plant icon (machine). Let me look for the Cryogenic science pack row.

Wait - looking at the original search result, the Cryogenic plant that I first selected WAS the item (the machine being produced), not the science pack. The second item I added was the Cryogenic science pack. 

Now, the first row in the factory should be for producing the Cryogenic plant itself (1 per minute). The second major row should be for producing the Cryogenic science pack.

Let me look for the Cryogenic science pack row. It should be at the top level since it's an objective. Let me scroll down to find it.

Actually, wait - let me reconsider the factory structure. Both items are in the Objectives at the top. But in the Factory List, rows are organized by item. Let me look more carefully.

I see row 1 has Power = 38.4 kW with 0.3 machines. Let me click on the row with item 1 to expand it and see what recipe it uses.

Let me instead start fresh and focus just on the Cryogenic science pack. Let me remove the "Cryogenic plant" objective and keep only the Cryogenic science pack. Then I'll work on adding beacons to the Cryogenic Plant machine row.

Let me delete the first objective (Cryogenic plant):
[step 15] Action: left_click (275, 429)
[step 15] Reasoning: Now I have only the "Cryogenic science pack" objective. The factory shows:
- Row 1: 1 item, 0.2 machines, Power = 300 kW (this is the Cryogenic science pack itself)
- Row 2: 6 items, 87.5 kW (ingredient 1)
- Row 3: 6 items, 57.5 kW (ingredient 2)
- Row 4: +0.4, 0.1 (some byproduct)
- Row 5: 3 items, 5% output, 4.5 kW
- Row 6: 1 item, 0.2 machines, 0.3 kW

The first row (1 item, 300 kW) is the Cryogenic science pack recipe. It shows 0.2 machines and the Beacons column shows "0" and "2". 

Now I need to click on the first row to expand it and find the beacon settings. Let me click the expand arrow on row 1.
[step 16] Action: mouse_move (940, 429)
[step 16] Reasoning: The Machine tab is now shown. I can see the machine details for producing Cryogenic science pack:
- The machine processes 36 liquid, 18 solid, 6 other items and produces the output
- The main row shows 1 item/m, 0.2 machines, Power = 300 kW

Now I need to access the beacon settings for this recipe. I see the "Machine" tab is highlighted. The Beacons column in the main row shows "0" and "2" (which appears to be 0 efficiency modules per beacon and 2 beacons).

Let me look at the beacons icon/button in the row. I can see in the row there are icons in the "Beacons" column area. Let me look at what shows "0" and "2" in the beacons column of the first row.

Actually, let me look at the left sidebar - I can see beacon configurations there:
- Row with "2" icon on the left sidebar

Let me look at the "Beacons" column in the main table more carefully. The beacons column shows:
- A beacon icon with "0" (number of modules inside the beacon)
- A number "2" (number of beacons)

To add beacons to the Cryogenic science pack recipe, I need to click on the beacon count or settings for that row. Let me click on the beacon icon in row 1 of the factory list.
[step 17] Action: left_click (940, 429)
[step 17] Reasoning: Excellent! A tooltip appeared showing details about the Beacon:
- Efficiency: 1.5
- Modules: 2
- Range: 3
- Energy source: electric
- **Power: 480 kW**
- Disallowed effects: productivity, quality
- Dimensions: 3×3

I can see the beacon details. The current configuration shows that there's a beacon with efficiency 1.5, modules 2, and power 480 kW. 

Now I need to click on the beacon area to open the beacon configuration dialog to add efficiency modules and adjust the number of beacons. Let me click on the beacon button in the first row.
[step 18] Action: left_click (1001, 475)
[step 18] Reasoning: A popup appeared showing the beacon configuration. I can see:
- First row: "0" (number of modules) with a module icon and delete button
- Second row: "2" (number of beacons) with another icon and delete button
- "Add beacons" button
- OK and Cancel buttons

Currently there are 0 modules in the first field and 2 beacons. I need to:
1. Add efficiency modules to the beacons
2. Set specific numbers of beacons (2, 4, 8)

But first, let me understand the current structure. It looks like:
- Row 1: "0" with a module slot icon (this might be the number of modules in the beacon)
- Row 2: "2" with a beacon/count icon (this might be the count of beacons)

Let me hover over the icons to understand better. But first, let me try to click on the module slot icon to change it to an efficiency module.

Wait, actually looking at the left panel in the settings, I can see "Preferred modifiers" section. Let me look at what the two rows in the popup represent:
- Row 1 (0): Modules inside beacon (currently 0 modules selected)
- Row 2 (2): Number of beacons (currently 2 beacons)

I need to click on the module icon in row 1 to select an efficiency module. Let me click on it.
[step 19] Action: left_click (1057, 541)
[step 19] Reasoning: A dropdown appeared showing beacon options. This seems to be for selecting the TYPE of beacon machine, not the module. I see multiple "Beacon" options listed. This isn't the module selector - it's the beacon machine selector.

Let me close this and understand the popup structure better. The first row "0" seems to be for the module count inside the beacon, and I clicked on what appears to be a selection for the beacon type itself. Let me press Escape and look at the popup again.

Wait, looking more carefully, I think:
- Row 1: "0" is the module count, the icon next to it is for selecting the module type
- Row 2: "2" is the beacon count

Let me click somewhere else to close this dropdown and try clicking the module slot icon differently.

Actually, looking at the dropdown showing "Beacon, Beacon, Beacon..." it seems this is selecting the beacon type. The row 1 with "0" and icon might be asking for the number of modules in the beacon and which beacon type. Let me select the first Beacon option.
[step 20] Action: left_click (976, 466)
[step 20] Reasoning: The dropdown closed and I can see the beacon configuration popup again. Row 1 shows "0" with a beacon icon (now showing the selected beacon type). Row 2 shows "2" with another icon. 

I see that the structure is:
- Row 1: "0" modules per beacon + beacon type icon (currently showing a beacon icon)
- Row 2: "2" total beacons count + another beacon variant icon

Actually wait, looking again at the popup:
- Row 1: count "0" + up/down arrows + beacon icon 
- Row 2: count "2" + up/down arrows + another icon

The "0" in row 1 might be the number of beacons of this type, and the "2" in row 2 might be another configuration. Or it could be:
- Row 1: modules inside the beacon (currently 0)
- Row 2: beacon count (currently 2)

But if modules = 0, how does the beacon function? Let me think about this differently.

Looking at the main row again, the Beacons column shows an icon with "0" and then "2". This likely means:
- 0 = number of modules in the beacon
- 2 = number of beacons

So in the popup:
- Row 1: "0" = number of modules in each beacon slot
- Row 2: "2" = number of beacons

Actually, I think the "0" is the beacon count (0 beacons of type 1), and "2" is another beacon set count. But that doesn't make sense either.

Let me check if the "0" can be changed by clicking the up arrow. Let me click the up arrow next to the "0" in the popup.
[step 21] Action: mouse_move (1001, 475)
[step 21] Reasoning: I can see the number changed from "0" to "1" in row 1. Now the popup shows:
- Row 1: "1" beacon with a beacon icon
- Row 2: "2" with another icon

Wait, I think I now understand the structure:
- Row 1: This is the number of beacons of a specific configuration/type (currently 1 beacon using the default Beacon type, with no module selected)
- Row 2: This is another beacon group (count = 2)

Actually, I think the structure might be:
- Row 1: "1" = count of beacons in this row, beacon icon = the beacon type
- Row 2: "2" = count of something else

Hmm, but looking at the main row Beacons column which showed "0" and "2"... Let me look more carefully. The "0" might have been the module count inside the first beacon row.

Wait - looking at the beacon popup, I think:
- Each row is a "beacon configuration" with:
  - A count (how many of these beacons)
  - A beacon type icon
  - Possibly module slots within

But I don't see module slots here. Let me look at the second row (count 2). Let me click on that beacon icon to see what module it's using.

Actually, let me re-examine. I think the structure is:
- The first "0" that was shown was actually the number of the first row's beacons was "0" (meaning no beacons of beacon type 1)
- The "2" was the number of beacons of the second type

But I changed the first row's "0" to "1" by clicking up. So now:
- Row 1: 1 beacon of beacon type (with no modules)
- Row 2: 2 beacons of another type

This doesn't seem right. Let me click OK and check what changed in the main row.

Actually, let me think about this differently. Looking at the Beacons column in the main row which showed:
- An icon with "0" (likely modules = 0 inside beacon)  
- An icon with "2" (likely number of beacons = 2)

The popup structure might be:
- Row 1: Input = number of modules in each beacon
- Row 2: Input = number of beacons

If that's the case, I need to:
1. Set row 1 to 2 (2 efficiency modules in each beacon)
2. Change row 2 to 2, 4, or 8 (number of beacons)

I just increased row 1 from 0 to 1. Let me increase it more to see what happens. But first, I need to understand what module type is being selected. The icon next to row 1 should indicate which module.

Let me look at the icon in row 1 - it shows what appears to be a generic beacon icon. I need to click on it to select an efficiency module.
[step 22] Action: left_click (1009, 557)
[step 22] Reasoning: Now I can see the tooltip for the beacon icon showing:
- **Beacon**
- Efficiency: 1.5
- Modules: 2
- Range: 3
- Energy source: electric
- **Power: 480 kW**
- Disallowed effects: productivity, quality
- Dimensions: 3×3

So the icon in row 1 of the popup is the Beacon machine type. The popup structure is now clearer:
- Row 1: "1" = number of beacons of this Beacon type, with icon showing which beacon
- Row 2: "2" = number of beacons of another Beacon type (probably same type but different tier)

Wait, but if both rows are beacon counts, what's the module configuration?

Actually, let me re-read the popup. I think I misread it. Looking at the popup when I hovered over the icon (which shows the beacon info), the beacon itself has Modules: 2 capacity, and Efficiency: 1.5. So the popup rows seem to be:
- Row 1: "1" = number of modules in the beacon (module count), and the icon shows the beacon type
- Row 2: "2" = number of beacons that affect this machine

Wait, that doesn't make sense with "Modules: 2" in the tooltip.

OK let me try a different approach. Let me look at the full popup more carefully and try to understand what each element does by clicking the "1" value in row 1 to edit it directly.

Actually, I think now I understand better:
- The popup is a list of beacon GROUPS
- Each group has: count (number of beacons in the group) + beacon type
- The "Modules: 2" in the beacon tooltip means the beacon has 2 module slots
- The numbers "1" and "2" are the counts of beacons in each group

So currently I have: 1 beacon of type Beacon + 2 beacons of another type

But the question is: what modules are placed inside these beacons? Let me try to click directly on the number "1" to change it, or look for where to select the module type.

Actually, I wonder if the first row is about selecting modules for the beacons, and when I clicked the up arrow on "0" I changed the number of efficiency modules from 0 to 1. Let me think about this differently.

Let me close this popup and look at the beacon column in the main list. I'll click Cancel.
[step 23] Action: left_click (940, 429)
[step 23] Reasoning: Good, I'm back to the main view. The first row shows the Cryogenic science pack production with Power = 300 kW and Beacons column showing some icons.

Now I need to understand how to properly configure beacons with efficiency modules. The key insight I'm missing is how to:
1. Select the MODULE type inside beacons (efficiency module)
2. Set the beacon count

Let me look more carefully at what the "Beacons" column shows. Looking at the Beacons column, I see an icon with "0" and another icon with "2". The "0" might be the number of modules selected, and the icon might show the module type (which is currently blank/none = 0 modules). The "2" shows the number of beacons.

Actually, I think the interface works differently. The first icon (with 0) shows the module inside the beacon, and the second icon shows the beacon count. I need to:
1. Click on the beacon area to open the configuration
2. In the first row, click on the module icon to select "efficiency module"
3. Set the beacon count to 2, 4, 8 and observe power changes

Let me also first understand the default configuration by looking at what values the second row icon shows. Let me hover over the second icon in the Beacons cell.

Actually, let me click on the beacons cell to open the beacon configuration popup again.
[step 24] Action: mouse_move (1001, 501)
[step 24] Reasoning: Good, the beacon configuration popup is open again. I can see:
- Row 1: "0" + up/down arrows + beacon icon + X button
- Row 2: "2" + up/down arrows + another icon + X button
- "+ Add beacons" button
- OK and Cancel buttons

Looking more carefully at the icons:
- Row 1 icon: looks like a circular/gear icon (the default beacon icon?)
- Row 2 icon: looks like a calculator/module icon

Wait, I think I now understand the structure differently:
- Row 1: This is a MODULE row - "0" is the count of modules (efficiency module), and the icon shows which MODULE type
- Row 2: This is the BEACON row - "2" is the count of beacons, and the icon shows the beacon type

So the "0" means 0 efficiency modules (or whatever module is selected) are placed in the beacon. I need to change this to a number that represents how many modules are in each beacon.

But wait, if I look at the earlier tooltip that appeared when clicking the row 1 icon, it showed "Beacon" information (Power: 480 kW, Modules: 2, etc.). So row 1's icon IS the beacon type, not the module type.

Let me try a completely different approach. Let me look at the URL to understand the data structure:
- Current URL: `localhost:4200/spa/list?o=cryogenic-science-pack&v=11`

The URL gives me a hint about the query parameters used. Let me also try clicking the icon in row 2 to see what it shows.
[step 25] Action: left_click (1001, 501)
[step 25] Reasoning: Now I can see a tooltip that says "**Module slots**" appearing over the icon in row 2. This clarifies the structure:
- Row 2: "2" = 2 module slots with icon showing "Module slots" 

So now I understand:
- Row 1: "0" = count of beacons (0 currently means no beacons added), with beacon icon
- Row 2: "2" = module slots (the beacon has 2 module slots), and the icon with "Module slots" label

Actually wait - the tooltip "Module slots" appeared on row 2's icon. And row 2 shows "2" which is the number of module slots the beacon has. This confirms that:
- Row 1: Number of beacons = 0 (with the Beacon type icon)
- Row 2: Module slots per beacon = 2 (with the "Module slots" icon)

But that means the popup structure shows beacon count and beacon properties, not modules per se. But where do I select WHICH module to put in the beacon?

Let me look at where "0" appears. The Beacons column in the main list showed an icon "0" - perhaps that "0" in the icon refers to the number of module slots currently configured with a module type.

OK, I think the structure is completely different from what I thought. Let me:
1. Click on the "Module slots" icon in row 2 to see if it opens a module selection
[step 26] Action: left_click (1066, 371)
[step 26] Reasoning: Excellent! Now I can see the module selection dropdown! It shows:
- None
- Speed module
- Speed module 2
- Speed module 3
- **Efficiency module**
- Efficiency module 2
- Efficiency module 3
- Speed module (another tier)
- Speed module 2 (another tier)

This is exactly what I need! I can see "Efficiency module", "Efficiency module 2", and "Efficiency module 3". Let me select "Efficiency module 3" for the best efficiency reduction. But first, let me start with "Efficiency module" (basic) to understand the base case.

Wait, the task says to put "efficiency modules" in beacons. Let me select "Efficiency module 3" as it would give the maximum energy reduction.

Actually, let me select "Efficiency module" first (the basic one) to test with that, and then we can see the effects. Let me click on "Efficiency module".
[step 27] Action: left_click (976, 466)
[step 27] Reasoning: I can see the popup has updated. Now row 2 shows a green icon (which is the Efficiency module) with the count "2". The popup shows:
- Row 1: "0" + up/down arrows + beacon icon 
- Row 2: "2" + up/down arrows + green efficiency module icon + X button

Wait, the row 2 icon changed from a "module slots" icon to a green icon (efficiency module). And the count is still "2". So "2" in row 2 means 2 efficiency modules are selected for the module slots in the beacon.

But wait, the beacon has 2 module slots (Modules: 2 in the beacon tooltip), and now "2" efficiency modules are selected. So this means each beacon will have 2 efficiency modules.

Now I need to understand row 1:
- Row 1: "0" + beacon icon = 0 beacons are configured? But the main list shows "2" beacons...

Let me check the current state of the beacon count. Looking at the main list row, the Beacons column shows an icon with "0" and another icon with "2". 

OK, I think I finally understand the structure:
- Row 1: "0" = number of beacons (currently 0 beacons of beacon type 1)
- Row 2: "2" = number of module slots filled (or count per beacon?) with efficiency module

But if beacon count is 0, why does the main list show 300 kW? Let me check by clicking OK to confirm and see what changes.

Actually, let me first try to understand by changing the beacon count in row 1. Currently it shows "0". Let me increase it to 2 by clicking the up arrow twice.
[step 28] Action: left_click (976, 466)
[step 28] Reasoning: Now row 1 shows "1" (previously "0", now "1"). But I notice the Power is still showing 300 kW in the main list (background). The popup still shows both rows without confirmation yet.

Wait, I see now:
- Row 1: "1" with beacon icon = 1 beacon configuration with the default beacon type
- Row 2: "2" with efficiency module green icon = 2 efficiency modules per beacon

This is starting to make sense! The structure is:
- Row 1: How many beacons to use (count = 1)
- Row 2: What modules to put in each beacon (2 efficiency modules)

But the structure has "1" beacon with "2" efficiency modules. But earlier when I started, the default was "0" beacons with "2" something. Let me check - maybe the "2" in row 2 is the MODULE SLOTS FILLED per beacon (2 efficiency modules = fills all 2 slots).

Actually, looking at the left sidebar in the background, I can see some previous beacon configurations like "3₀ ₂" and "0₃ ₂". These subscript numbers might indicate the beacon count and module configuration.

Let me try to increase the count to 2 in row 1 and click OK to see the effect on power.
[step 29] Action: left_click (951, 557)
[step 29] Reasoning: Now both rows show "2". Row 1 has "2" with beacon icon, and row 2 has "2" with efficiency module icon. This looks like:
- 2 beacons
- 2 efficiency modules per beacon

Now let me click OK to apply this and see the power change.
[step 30] Action: left_click (18, 602)
[step 30] Reasoning: Excellent! Now I can see the results! The Power changed from 300 kW to **180 kW** after adding 2 beacons with 2 efficiency modules each. 

The URL also updated to: `localhost:4200/spa/list?o=cryogenic-science-pack&e=*efficiency-module&b=2*0&r=cryogenic-science-pack***0&v=11`

This confirms the beacon configuration:
- `e=*efficiency-module` = efficiency modules in beacons
- `b=2*0` = 2 beacons

Now I can see the Beacons column shows two green efficiency module icons (2₂ beacon configuration) and the Power shows **180 kW**.

Let me now take note of this:
- **0 beacons: 300 kW** (baseline)
- **2 beacons (2 efficiency modules each): 180 kW**

Now let me test with 4 beacons. I'll click on the Beacons cell to open the configuration popup again.

Let me also check the "Estimate beacon power usage" checkbox in the left sidebar to ensure beacon power is included in the calculation. I notice there's a checkbox labeled "Estimate beacon power usage" that's unchecked.

Let me first check that checkbox to get more accurate results.
[step 31] Action: left_click (18, 602)
[step 31] Reasoning: Now "Estimate beacon power usage" is checked and I can see the Power jumped significantly to **1,060 kW**! This is because now it's also including the power consumption of the beacons themselves.

The URL shows: `&mbr=1` added to the URL, indicating "estimate beacon power usage with 1 machine per beacon receiver".

The Beacons column now shows more icons (3 groups of icons) and Power = 1,060 kW.

Now I can see:
- With beacon power estimation ON: 2 beacons with 2 efficiency modules = **1,060 kW** (including beacon power consumption)
- Without beacon power estimation: 2 beacons with 2 efficiency modules = **180 kW** (just machine power)

The difference is the beacon power: 1060 - 180 = 880 kW = 2 beacons × 480 kW each / some efficiency factor ≈ 880 kW (with 0.2 machines this makes sense as beacon power per machine = 2 × 480 × 0.2? No, that's 192 kW... let me think again).

Actually wait - the "Estimate beacon power usage" might show the TOTAL beacon power for the entire recipe chain, not just one recipe. Let me check by looking at just the first row.

Actually, the Beacons column now shows something different - it appears to show 3 groups of beacon icons. This might be showing the beacon configuration for the recipe chain.

Let me look at the current state more carefully. The first row (Cryogenic science pack) shows:
- Items/m: 1
- Machines: 0.2
- Beacons: (3 groups of beacon icons) 
- Power: 1,060 kW

This includes beacon power. Let me uncheck the "Estimate beacon power usage" to get cleaner numbers, and then test different beacon counts.

Actually, let me keep "Estimate beacon power usage" OFF to focus on just the machine's power consumption (which changes based on efficiency modules in beacons). Let me uncheck it.
[step 32] Action: left_click (908, 429)
[step 32] Reasoning: Good, the "Estimate beacon power usage" is now unchecked (showing the checkbox as unchecked). The Power shows **180 kW** which is the machine power only with 2 beacons each having 2 efficiency modules.

Now let me take a careful screenshot to note the current state:
- **Baseline (0 beacons)**: 300 kW
- **2 beacons with 2 efficiency modules each**: 180 kW

The Cryogenic Plant machine (when producing 0.2 machines worth of Cryogenic science packs per minute) uses:
- 0.2 machines × (base power of Cryogenic Plant)
- The base power of a Cryogenic Plant is... let me check. With 0.2 machines and 300 kW without beacons, base power = 300/0.2 = 1500 kW per machine.

Wait, that seems too high. Let me check. Actually, the Power column shows the TOTAL for this step (including all machines needed), so 0.2 machines × 1500 kW = 300 kW. That actually makes sense since the Cryogenic Plant is a high-tier machine.

Now with 2 efficiency modules per beacon, each affecting the machine:
- Efficiency module -30% power = 1 × (-30%) = -30% per beacon
- But with beacon efficiency 1.5, effective reduction = 1.5 × (-30%) per module per beacon... 

Wait, let me recalculate. The beacon has:
- Efficiency: 1.5 (how this affects module effects)
- 2 module slots

Hmm, with 2 beacons each containing 2 efficiency modules (Efficiency module basic = -30% energy):
- Each module: -30% energy
- With beacon efficiency 1.5: effective reduction per module = -30% × 1.5 / 1.5? 

Actually in Factorio, beacon efficiency means the module effect is multiplied by the beacon efficiency. So with efficiency 1.5:
- Each efficiency module in a beacon provides: -30% × 1.5 = -45%... but that seems odd.

Wait, no. In Factorio, beacon "efficiency" for the purpose of this calculator means something else. Let me check by looking at the URL: `b=2*0` indicates 2 beacons with some configuration.

Let me now check the power calculation. Going from 300 kW (no beacons) to 180 kW (2 beacons, 2 efficiency modules each):
- Reduction: (300 - 180) / 300 = 120/300 = 40%

Now let me check with 4 beacons. Let me click on the Beacons cell.
[step 33] Action: left_click (942, 466)
[step 33] Reasoning: The beacon configuration popup is showing:
- Row 1: "2" (beacon count) + up/down arrows + beacon icon + X
- Row 2: "2" (module count) + up/down arrows + efficiency module icon + X
- "Add beacons" button
- OK and Cancel buttons

Now I need to change the beacon count from 2 to 4. I'll click the up arrow on row 1 twice.
[step 34] Action: left_click (942, 466)
[step 34] Reasoning: Row 1 now shows "3". I need to increase it to 4. Let me click up arrow again.
[step 35] Action: left_click (917, 557)
[step 35] Reasoning: Row 1 now shows "4" beacons and row 2 shows "2" efficiency modules. This means 4 beacons, each with 2 efficiency modules. Now let me click OK to see the power change.
[step 36] Action: left_click (908, 429)
[step 36] Reasoning: Interesting! With 4 beacons (each with 2 efficiency modules), the Power is STILL **180 kW**! The URL shows `b=4*0` indicating 4 beacons.

The Beacons column now shows "₄₂" (4 beacons, 2 efficiency modules each) but the power remains the same at 180 kW. 

This is actually an expected behavior in Factorio! The power consumption has a minimum floor - it can't go below 20% of base power (this is the Factorio game mechanic). So with 2 beacons already hitting the minimum floor at 180 kW (which would be 60% of 300 kW), adding more beacons doesn't reduce it further because it's already at the minimum.

Wait, 180/300 = 60% - is that the minimum? Actually, in Factorio, the minimum power consumption is 20% of base power. But the efficiency module 1 gives -30% energy consumption per module. With 2 beacons × 2 modules × 1.5 (beacon efficiency) × (-30%) = 2 × 2 × 1.5 × (-30%) = -180%... but that would take it to minimum.

Wait, I'm confused about how beacon efficiency works. Let me think again:
- The beacon efficiency factor (1.5) might NOT multiply the module effects. Instead, it might be a different type of "efficiency" for the beacon dispatch (like how many machines receive the beacon signal).

Actually, looking at the Factorio wiki:
- Efficiency module 1: -30% power consumption
- Beacon efficiency: the fraction of the module's effect that is transmitted (in Space Age, beacon efficiency = 0.5 by default for regular beacon, but the Space Age beacon has efficiency 1.5? No wait...)

Actually the "efficiency 1.5" shown in the tooltip is the BEACON EFFICIENCY FACTOR (not the energy efficiency). In Space Age, beacons have different efficiency factors. Let me re-read the tooltip:
- "Efficiency: 1.5" in the beacon tooltip means the module effects are multiplied by 1.5 when transmitted through the beacon.

So with 2 efficiency modules (each -30% energy) in a beacon with efficiency 1.5:
- Per beacon: 2 × (-30%) × 1.5 = -90% energy reduction
- With 2 beacons: effectively -180%... but capped at -80% (minimum 20%)

Hmm but 300 → 180 is only 40% reduction. Let me recalculate:

Actually, maybe Factorio's beacon efficiency doesn't work that way in this calculator. Let me look at the result differently:
- 300 kW → 180 kW = -40% reduction with 2 beacons and 2 efficiency modules

Let me now check - maybe the "2" in row 2 of the popup doesn't mean 2 efficiency modules. Let me try with a different module count.

But first, let me note the data point: **4 beacons with 2 efficiency modules each = 180 kW** (same as 2 beacons).

This suggests the minimum is already reached at 2 beacons. Let me now try with just 1 beacon to see if the transition is linear.
[step 37] Action: left_click (942, 480)
[step 37] Reasoning: I can see the popup now shows:
- Row 1: "4" beacons with beacon icon
- Row 2: "2" efficiency modules

Wait, the background Power still shows 180 kW. I need to understand the relationship between the popup structure better. Let me think:

The popup has:
- **Row 1**: Number = "4", Icon = Beacon type (the beacon machine)
- **Row 2**: Number = "2", Icon = Efficiency module 

This structure means:
- 4 beacons, each using the beacon machine type
- 2 efficiency modules placed in each beacon (filling all 2 module slots)

So with Efficiency Module 1 (basic) providing -30% energy:
- Per module in beacon: -30% × beacon efficiency (1.5) = -45%
- With 2 modules per beacon: -90% per beacon effect
- With 4 beacons affecting the machine...

But wait! The important thing to understand is how beacon effects stack. The machine accumulates all beacon effects. So:
- Total energy reduction from beacons = beacon_count × modules_per_beacon × module_effect × beacon_efficiency
- = 4 × 2 × (-30%) × 1.5 = -360%

But that's way more than the minimum, so it would be capped at -80% (minimum 20% of base).

However, the minimum power in Factorio is 20% of base (i.e., max 80% reduction). 

300 kW × 20% = 60 kW (minimum)

But we're seeing 180 kW with just 2 beacons, which is 60% of base. That suggests the efficiency module effect through beacon is calculated differently.

Let me check: maybe the module effect in a beacon is halved (standard Factorio beacon behavior for non-Space Age):
- Standard beacon: module effect × 0.5
- Efficiency module 1: -30% energy
- Per module in standard beacon: -30% × 0.5 = -15%
- 2 beacons × 2 modules × (-15%) = -60%
- Total: 300 × (1 - 0.60) = 300 × 0.40 = 120 kW

That doesn't match 180 kW either.

Actually, looking at the Space Age beacon stats (efficiency: 1.5 shown in the tooltip), let me check another interpretation. Maybe "efficiency: 1.5" means the beacon's "distribution effectiveness" is 1.5x (compared to the standard beacon with 0.5x).

Actually in Factorio Space Age, the "Beacon" item (which is the standard one) has an efficiency of 0.5, not 1.5. And there's also the "Supercharged" version or different tiers. But this calculator shows efficiency 1.5...

Hmm, let me just focus on documenting the observed power values. Let me change the count to 1 and check.
[step 38] Action: left_click (942, 480)
[step 38] Reasoning: Row 1 now shows "3". Let me click the down arrow again to get to 2.

Wait, I think the down arrow is at coordinate (942, 487) and the up arrow at (942, 467). Let me click the down arrow again.
[step 39] Action: left_click (942, 480)
[step 39] Reasoning: Now row 1 shows "2" beacons and row 2 shows "2" efficiency modules. This is the 2-beacon configuration. Let me click down one more time to get to 1 beacon.
[step 40] Action: left_click (917, 557)
[step 40] Reasoning: Now row 1 shows "1" beacon and row 2 shows "2" efficiency modules. Let me click OK to see the power with 1 beacon.
[step 41] Action: left_click (908, 429)
[step 41] Reasoning: Interesting! With **1 beacon having 2 efficiency modules**, the Power is STILL **180 kW**. The Beacons column shows "₁₂" (1 beacon, 2 efficiency modules) and the power remains at 180 kW.

URL shows: `b=1*0` - so 1 beacon.

The power stays at 180 kW even with just 1 beacon. This is because the minimum power floor is hit. Let me understand the minimum threshold.

Actually wait - let me re-examine my data. Let me check the baseline (0 beacons). Let me set 0 beacons.
[step 42] Action: left_click (978, 557)
[step 42] Reasoning: Good, the popup shows:
- Row 1: "1" beacon
- Row 2: "2" efficiency modules

I need to understand the actual baseline with NO beacons. Looking at the URL, I see `b=1*0`. When I had no beacons originally, the power was 300 kW. Now with 1 beacon with 2 efficiency modules, power is 180 kW.

But wait - looking at the left sidebar beacon configurations, I can see several rows in the Settings panel. These might be global/default beacon settings. Let me check if those were affecting the calculation earlier.

Actually, looking at the sidebar, I can see multiple rows with icons and numbers like:
- Row with "0₂" and beacon icons 
- Row with "3₀" icon and "₂" icon
- Row with calculator/module icon and numbers

These are the "Preset" beacon configurations that might be globally affecting the factory calculation. My beacon change in the popup might be specifically overriding the global settings for just the Cryogenic science pack recipe row.

Let me close this popup (Cancel) and check if I had correctly captured the baseline before any beacons were configured.
[step 43] Action: left_click (640, 62)
[step 43] Reasoning: I can see the current state shows:
- Power = **180 kW** with 1 beacon (2 efficiency modules) for the Cryogenic science pack recipe (row 1)
- The Beacons column shows "₁₂" icons

Now I understand the Power = 180 kW with even just 1 beacon having 2 efficiency modules. This is because the minimum power floor has been reached. 

The baseline (without any beacons configured for THIS recipe) was 300 kW. But wait, the left sidebar shows GLOBAL beacon settings that might be affecting this recipe. Let me look at the left sidebar more carefully.

Looking at the left sidebar "Preferred modifiers" section, I can see some rows. But these might be for modules inside machines, not beacons. Let me also check the "Preset" configuration.

Actually, I need to reset to understand the true baseline. The URL still shows `b=1*0` indicating 1 beacon. My current configuration shows Power = 180 kW.

Let me think about what I need to do to get a proper baseline:
1. I need to check the power with NO beacons specifically set for the Cryogenic science pack recipe
2. This means the "override" for the first row should be removed

Looking at the URL: `localhost:4200/spa/list?o=cryogenic-science-pack&e=*efficiency-module&b=1*0&r=cryogenic-science-pack***0&v=11`

The `e=*efficiency-module&b=1*0` part sets global efficiency module and global beacon count to 1. The `r=cryogenic-science-pack***0` seems to be overriding the recipe-specific beacon settings.

Wait, I think the settings I've been changing are GLOBAL settings (the `b` parameter), affecting all recipes in the factory. The `e` parameter sets the default module type inside beacons.

But I initially saw 300 kW before adding any beacons. Then I added 2 beacons and saw 180 kW. Then 4 beacons still 180 kW. Then 1 beacon still 180 kW.

This is confusing. Let me try to understand the baseline better by resetting everything. Let me navigate to the URL directly to start fresh.
[step 44] Action: type: localhost:4200/sp...
[step 44] Reasoning: Good, the address bar is selected and shows the full URL. Let me navigate to a clean URL with just the Cryogenic science pack as the objective, with no beacons configured. I'll type the URL.
[step 45] Action: key: Return
[step 45] Reasoning: The page loaded with the clean URL. I can see the first suggestion shows the Cryogenic science pack page. The URL `localhost:4200/spa/list?o=cryogenic-science-pack&v=11` was entered. Now I need to press Enter or click the first suggestion to navigate to the clean URL.

Wait, I see the URL suggestion from autocomplete. Let me press Enter to navigate.
[step 46] Action: mouse_move (942, 429)
[step 46] Reasoning: Excellent! Now I have a clean view with the URL `localhost:4200/spa/list?o=cryogenic-science-pack&v=11`. The Factory table shows:

**BASELINE (0 Beacons configured):**
- Row 1 (Cryogenic science pack): Items/m = 1, Machines = 0.2, Beacons = "₀₂" (0 beacons, 2 module slots?), **Power = 300 kW**

Wait! Looking at the Beacons column, I can see the Beacons cell for row 1 shows what appears to be "₀₂" - there are TWO icons. The first icon shows "0" and the second shows "2". 

But the Power is 300 kW! This is the baseline. The left sidebar shows some beacon rows but this clean URL doesn't have beacon parameters.

Now I can see:
- Row 1 (Cryogenic science pack): **Power = 300 kW** (no beacons)
- Row 2 (ingredient 1): Power = 87.5 kW
- Row 3 (ingredient 2): Power = 57.5 kW
- Row 4 (byproduct): -
- Row 5 (another item): Power = 4.5 kW
- Row 6 (another item): Power = 0.3 kW

Now let me hover over the Beacons column in row 1 to understand what "₀₂" means.
[step 47] Action: left_click (942, 429)
[step 47] Reasoning: Now I can see the tooltip for the Beacons column in row 1! The tooltip shows:
- **Beacon**
- Efficiency: 1.5
- Modules: 2
- Range: 3
- Energy source: electric
- **Power: 480 kW**
- Disallowed effects: productivity, quality
- Dimensions: 3×3

And the Power column in row 1 shows no specific value visible now (the tooltip is covering it). But I know from the baseline that **Power = 300 kW** without beacons.

Also, looking at the left sidebar, I can see preset beacon configurations are set there - these are GLOBAL default settings. The sidebar shows:
- A row with a beacon icon and "0₂" 
- Other rows with module configurations

These global presets are part of the "Preset: Minimum" configuration but they don't seem to be adding beacons by default (since the Beacons column shows "₀₂" which likely means "0 beacons configured, 2 module slots available").

Now let me click on the Beacons cell to open the configuration popup and add beacons.

Looking at the screenshot again, I notice:
- The Beacons column shows something highlighted (the row 1 Beacons cell is selected/highlighted)
- Power column is not visible (tooltip is covering it)

Let me take the screenshot to confirm the baseline power.

The baseline (0 beacons) = **300 kW** for the Cryogenic science pack recipe (0.2 machines).

Now let me systematically test different beacon counts. I'll click on the Beacons cell to open the popup.
[step 48] Action: left_click (1003, 503)
[step 48] Reasoning: Now the Beacon configuration popup is open and I can see the FULL details:
- Row 1 (Beacon count): "0" + up/down arrows + beacon icon (Beacon machine type)
- Row 2 (Module count): "2" + up/down arrows + module slots icon

And importantly, the **Power = 300 kW** is still visible for the first row (Cryogenic science pack), confirming the baseline.

Now I understand the structure:
- Row 1: "0" = number of BEACONS (currently 0 beacons)
- Row 2: "2" = number of MODULE SLOTS per beacon (the beacon has 2 module slots)

But there's no module type selected! The second row's icon is just a generic "module slots" icon. I need to:
1. Select a module type for the module slots
2. Set the beacon count

Let me click on the module slots icon in row 2 to select a module type (efficiency module).
[step 49] Action: left_click (1071, 421)
[step 49] Reasoning: The module selection dropdown is open! I can see:
- None
- Speed module
- Speed module 2
- Speed module 3
- **Efficiency module** (green icon)
- **Efficiency module 2** (green icon)
- **Efficiency module 3** (green icon)
- Speed module (another tier)
- Speed module 2 (another tier)

Now I need to select "Efficiency module 3" for the maximum efficiency reduction. In Factorio Space Age, the Efficiency Module 3 reduces energy consumption by 50% per module.

Let me select "Efficiency module 3".
[step 50] Action: left_click (960, 469)
[step 50] Reasoning: I can see the module was selected. Row 2 in the popup now shows "2" with a green icon (Efficiency Module 3). Now I need to:
1. Set the beacon count in row 1 from "0" to "2" (for the first test)
2. Click OK to apply

Looking at the popup:
- Row 1: "0" beacons (with beacon icon, up/down arrows, X button)
- Row 2: "2" efficiency module 3 slots (with green icon, up/down arrows, X button)

The Power column in row 1 still shows **300 kW** (the Cryogenic science pack row in background).

Now I'll increase the beacon count to 2. I'll click the up arrow on row 1 twice.
[step 51] Action: triple_click
[step 51] Reasoning: I can see row 1 still shows "0" (or "0" with cursor). Looking at the number in row 1, it appears I might have clicked on the input field rather than the up arrow. Let me try clicking directly on the up arrow (the upward-pointing triangle above the number).

Looking at the popup:
- The up arrow should be at approximately the upper part of the up/down arrows
- The down arrow below it

Let me try clicking the up arrow more precisely.
[step 52] Action: type: 2
[step 52] Reasoning: I can see the input field is now selected (showing "0" highlighted). The input field is editable! Let me type "2" to set the beacon count to 2.
[step 53] Action: left_click (951, 557)
[step 53] Reasoning: Row 1 now shows "2" (2 beacons) and row 2 shows "2" (2 efficiency module 3's per beacon). The background Power column still shows 300 kW (hasn't been applied yet). 

Now let me click OK to apply this configuration.
[step 54] Action: left_click (912, 429)
[step 54] Reasoning: Excellent! With **2 beacons each containing 2 Efficiency Module 3**, the Power for the Cryogenic science pack recipe is now **180 kW**.

The URL shows: `localhost:4200/spa/list?o=cryogenic-science-pack&e=*efficiency-module-3&b=2*0&r=cryogenic-science-pack***0&v=11`

This confirms:
- `e=*efficiency-module-3` = Efficiency Module 3 selected as the module type for beacons
- `b=2*0` = 2 beacons per machine

Wait, looking at the URL, it says `b=2*0`. The "2" is the beacon count and "0" might be the module slots count override. But we selected 2 modules per beacon (efficiency module 3). Let me check the Beacons column icons.

The Beacons column in row 1 shows two icon groups. Looking at the URL parameter `b=2*0`, the "0" after the asterisk might mean something different than module count.

Now let me record the data points:
- **0 beacons**: 300 kW
- **2 beacons (2 Efficiency Module 3 each)**: **180 kW** → 40% reduction

Now let me test with 4 beacons. I'll click the Beacons cell to open the popup.
[step 55] Action: triple_click
[step 55] Reasoning: The beacon configuration popup is open again. I can see:
- Row 1: "2" beacons (with beacon icon)
- Row 2: "2" efficiency module 3s (with green module icon)

The Power in the background shows **180 kW** for row 1 (2 beacons). Now I need to change the beacon count to 4. Let me triple-click the "2" in row 1 to select it and type "4".
[step 56] Action: type: 4
[step 56] Reasoning: Good, I can see row 1 shows "2" (highlighted/selected). The row 2 also shows "2". Let me type "4" to change the beacon count.
[step 57] Action: left_click (919, 557)
[step 57] Reasoning: Row 1 now shows "4" beacons and row 2 shows "2" efficiency module 3s. The Power in the background is still showing 180 kW (the previous value). Now let me click OK to apply 4 beacons.
[step 58] Action: left_click (912, 429)
[step 58] Reasoning: With **4 beacons (each with 2 Efficiency Module 3)**, the Power for the Cryogenic science pack recipe is still **180 kW**. The URL now shows `b=4*0`, confirming 4 beacons.

The power remains at 180 kW - the same as with 2 beacons. This confirms the machine has hit its minimum power floor.

Now let me also test with 1 beacon to see if even 1 beacon already hits the minimum, and also test with a slightly less powerful efficiency module (like Efficiency Module 1) to see the progressive reduction.

But first, let me also check with 8 beacons as specified in the task. Let me click the Beacons cell.
[step 59] Action: triple_click
[step 59] Reasoning: Good, the beacon configuration popup is open. I can see:
- Row 1: "4" beacons with beacon icon
- Row 2: "2" efficiency module 3 with green icon

Let me change to 8 beacons by triple-clicking the "4" and typing "8".
[step 60] Action: type: 8
[step 60] Reasoning: Good, I can see row 1 shows "4" and row 2 shows "2". Let me type "8" to set 8 beacons.
[step 61] Action: left_click (919, 557)
[step 61] Reasoning: Row 1 now shows "8" beacons and row 2 shows "2" efficiency module 3s. The background Power shows 180 kW. Now let me click OK to apply 8 beacons.
[step 62] Action: left_click (912, 429)
[step 62] Reasoning: With **8 beacons (each with 2 Efficiency Module 3)**, the Power is still **180 kW**. The URL shows `b=8*0`, confirming 8 beacons.

Now I have all the data points with Efficiency Module 3:
- **0 beacons**: 300 kW
- **2 beacons**: 180 kW (40% reduction)
- **4 beacons**: 180 kW (40% reduction, same - floor reached)
- **8 beacons**: 180 kW (40% reduction, same - floor reached)

The minimum power floor is 180 kW (60% of 300 kW), meaning the maximum reduction allowed is 40%.

Wait, but 40% reduction seems low for 2 beacons with 2 Efficiency Module 3s each. Let me think about what Efficiency Module 3 does:
- Efficiency Module 3 reduces energy consumption by **50%** each module
- With beacon efficiency 1.5, the effective reduction per module through beacon = 50% × 1.5 = 75%... 

But in standard Factorio game mechanics, beacon efficiency means the effect is 50% (not multiplied by efficiency). Wait, let me check: in the tooltip it shows "Efficiency: 1.5" which in Space Age means the module effects are at 1.5x the normal 0.5 transmission (so total transmission = 1.5 × 0.5 = 0.75?... no, that doesn't make sense either).

Actually, looking at the result:
- 300 → 180 kW with 2 beacons × 2 efficiency module 3 per beacon
- Reduction = (300 - 180) / 300 = 40%
- Per module effect = 40% / (2 beacons × 2 modules) = 10% per module
- With beacon efficiency: effective transmission = 10% / 50% = 20%... 

Hmm, this doesn't match any obvious Factorio mechanic. Let me also check the minimum power threshold. In Factorio, the minimum power consumption for a machine is 20% of base power. 

If base power = 1500 kW (for one Cryogenic Plant) and we have 0.2 machines:
- 0.2 × 1500 = 300 kW (matches the baseline)
- Minimum = 0.2 × 1500 × 20% = 60 kW

But we're seeing 180 kW as the minimum. That's 60% of 300 kW. Let me check if there's a different minimum in Space Age.

Wait, maybe the minimum is 20% and we're not at the minimum yet with 2 beacons! Let me test with efficiency module 1 and just 1 beacon to get a reading that's above the minimum.

Let me now try with Efficiency Module 1 (basic) with 1 beacon to see the gradual reduction. Let me reload the page and start fresh to compare with a less powerful module.

Actually, let me try a different approach. Let me use 1 efficiency module (rather than 2) per beacon. This means changing the module count from 2 to 1 in the popup. But looking at the popup structure, row 2 shows the module count which is the number of module slots. I can change this from 2 to 1.

Let me click on the Beacons cell to open the popup.
[step 63] Action: left_click (966, 503)
[step 63] Reasoning: The beacon configuration popup is open. I can see:
- Row 1: "8" beacons with beacon icon
- Row 2: "2" efficiency module 3 (green icon)

Now I want to understand the efficiency calculation better. Let me first try with the Efficiency Module 1 (basic, -30% per module) and 1 module per beacon. Let me change row 2's module type from Efficiency Module 3 to Efficiency Module 1.

Let me click on the green module icon in row 2 to open the module selection.
[step 64] Action: left_click (1035, 371)
[step 64] Reasoning: The module selection dropdown is open. I can see "Efficiency module 3" is currently highlighted (the previously selected module). The options available are:
- None
- Speed module
- Speed module 2
- Speed module 3
- **Efficiency module** (basic, -30% energy)
- **Efficiency module 2** (-40% energy)
- **Efficiency module 3** (-50% energy) [currently selected, highlighted]
- Speed module (another tier)
- Speed module 2 (another tier)

Let me select "Efficiency module" (basic) to test with the lower-tier module.
[step 65] Action: left_click (919, 557)
[step 65] Reasoning: I can see the popup now shows:
- Row 1: "8" beacons with beacon icon
- Row 2: "2" with what appears to be an efficiency module icon

But wait, looking at the row 2 icon, it's still showing a green icon. Let me hover over it to confirm it's the Efficiency module (basic) not Efficiency Module 3.

Actually, looking at the URL in the top, it still shows `&e=*efficiency-module-3&` which means the URL wasn't updated yet (the change is pending in the popup). The popup row 2 should now show "Efficiency module" (basic, lighter green icon) instead of "Efficiency module 3" (darker green icon).

Looking at the popup, the module icon in row 2 appears to be a lighter shade of green compared to before (previously it was Efficiency Module 3's icon). Let me click OK to apply this configuration and see the effect.
[step 66] Action: left_click (912, 429)
[step 66] Reasoning: With **8 beacons (each with 2 Efficiency Module 1, basic)**, the Power is **180 kW**.

Wait, the URL changed to `&e=*efficiency-module&b=8*0&` - the `e=*efficiency-module` shows that Efficiency Module (basic) is now selected. But the Power is STILL 180 kW! Even with the basic Efficiency Module 1, 8 beacons hits the minimum.

This means the minimum power floor is 180 kW (60% of 300 kW). In standard Factorio, the minimum power is 20% of base power. But here we're seeing the minimum at 60%.

Actually wait - I think I may have misread the value. Let me look more carefully at the Power column. The Beacons column shows what appears to be "₈₂" (8 beacons, 2 modules each) for row 1, and Power shows **180 kW**.

Let me now test with fewer beacons to find where the reduction starts. Let me try with 2 beacons and Efficiency Module 1 (basic, -30% per module).
