Session created: sess-20260417003928-14a244e4720e49aea257836094d0566b
UI panel initialized successfully
UI window displayed
Expected result: None
[step 0] Action: Initializing
[step 0] Reasoning: Initializing session connection
[step 0] Action: screenshot
[step 1] Action: left_click (648, 526)
[step 1] Reasoning: I can see the FactorioLab welcome screen. I need to first skip this and then go to settings to switch to Space Age mod preset. Let me click "Skip" to proceed.
[step 2] Action: left_click (116, 264)
[step 2] Reasoning: I can see the Settings panel is open on the left side with a "Preset" dropdown showing "Minimum". I need to switch to the Space Age preset. Let me click on the Preset dropdown.
[step 3] Action: key: Escape
[step 3] Reasoning: I can see a dropdown with options: Minimum, Modules, 8 Beacons, 12 Beacons. I don't see "Space Age" here. The Space Age preset might be available if I switch to the Space Age mod. Let me first check if I need to switch the game/mod first. I see at the top there are different game icons. Let me close this dropdown and look at the top area more carefully.

First, let me close this dropdown by pressing Escape and then look at the top navigation options.
[step 4] Action: left_click (116, 176)
[step 4] Reasoning: I notice there are game icons at the top (with what appears to be different game/mod options). I need to switch to Space Age which is likely one of these icons. Let me look at the "Game" section in settings. I see "Game 2.0" - let me click on it to expand it and see if there's a Space Age option.
[step 5] Action: left_click (100, 280)
[step 5] Reasoning: I can see the Game settings expanded. The current "Mod set" is "2.0". I need to check if there's a Space Age mod set. Let me click on the Mod set dropdown to see what options are available.
[step 6] Action: left_click (48, 346)
[step 6] Reasoning: I can see the dropdown with options including "Space Age", "2.0", "1.1", "1.1 Expensive", "1.0", "0.17". I need to select "Space Age" to switch to that preset.
[step 7] Action: left_click (640, 300)
[step 7] Reasoning: I've successfully switched to "Space Age" mod set. I can see the URL has changed to "localhost:4200/spa/list?v=11" and the mod set now shows "Space Age" with "275 technologies researched". The Factory section shows "Minimum" preset. There's a tooltip about excluded recipes. Let me close this by clicking elsewhere, and then I'll proceed to add Water to the output list.

Let me click elsewhere to close the tooltip and then click "Add items" to add Water.
[step 8] Action: left_click (399, 193)
[step 8] Reasoning: Good, I'm now in the Space Age mod set. The Factory section shows "Minimum" preset. Now I need to add Water (or another fluid) to the output list. Let me click "Add items" button at the top.
[step 9] Action: type: water
[step 9] Reasoning: A dialog appeared to select an item. I can see there are different categories including "Fluids". Let me search for "water" in the search box to find it quickly.
[step 10] Action: left_click (347, 255)
[step 10] Reasoning: I can see water appeared as a result (the water droplet icon under "Fluids" tab). Let me click on it to select it.
[step 11] Action: left_click (979, 187)
[step 11] Reasoning: I see that "Water barrel" was added instead of water itself. The URL shows "water-barrel". I need to look for the actual water fluid. Let me check what was added - it shows "Water barrel" in the Objectives. I need the actual water fluid for this test. Let me remove this and try to find water under the Fluids category.

Let me click the X to remove this item and try again.
[step 12] Action: left_click (399, 193)
[step 12] Reasoning: Good, the water barrel was removed. Now I need to add water properly. Let me click "Add items" and this time navigate to the Fluids tab to find water.
[step 13] Action: left_click (820, 222)
[step 13] Reasoning: Good, the item selection dialog is open. Let me click on the "Fluids" tab to find water.
[step 14] Action: left_click (640, 188)
[step 14] Reasoning: I'm now in the Fluids tab. I can see many fluid icons. The water drop at the bottom left (the plain water droplet icon) should be water. Let me hover over some of them to find "Water". Let me type "water" in the search box to filter.
[step 15] Action: type: water
[step 15] Reasoning: I can see the Fluids tab is active. I can see the water drop icon at the bottom left. Let me hover over it to confirm it's water, or I can type "water" to search within the current Fluids category. Let me type water.
[step 16] Action: left_click (481, 222)
[step 16] Reasoning: I can see "Intermediat..." and "Fluids" tabs, and the item I selected before (the water barrel icon in "Intermediat...") is showing. Let me click on the "Fluids" tab to filter to just fluids.
[step 17] Action: mouse_move (347, 259)
[step 17] Reasoning: Now I can see only one fluid result under the Fluids tab which appears to be water (a blue water drop icon). Let me hover over it to confirm it's "water" and then click on it.
[step 18] Action: left_click (347, 259)
[step 18] Reasoning: I can see a tooltip showing "Water" when hovering over the blue water drop icon. Let me click on it to select Water.
[step 19] Action: left_click (276, 428)
[step 19] Reasoning: Excellent! Water has been added to the output list. Now I can see the Factory section shows:
- Items/m: 1
- Belts: <0.1
- Wagons/m: <0.1
- Machines: <0.1
- There's a pump icon (the machine with the gear/pump icon) showing some machine count

I can see there's a pump icon in the Machines column. But the numbers are very small (<0.1). I need to look more carefully at the pump count. Let me look at the row in the Factory section - I can see 1 Water icon in the row with <0.1 for machines. Let me hover over the machine icons to see the pump count.

Let me first expand the tree to see more details by clicking on the ">" arrow next to the Water row.
[step 20] Action: mouse_move (730, 428)
[step 20] Reasoning: I can see the expanded details. There's a Recipe panel showing the Water recipe details with Time: 1 second and Outputs: 1 water. I can see in the Machines column shows "<0.1" with machine icons (including what appears to be an offshore pump icon). 

I need to see more details about the machines. Let me hover over the machine icon to see the pump count. But first, let me also check the Machines column - I can see there are two icons in the Machines column for the Water row (the gear icon and what appears to be a pump). Let me hover over them.

Let me hover over the machines to understand what they are.
[step 21] Action: scroll down (116, 400) scroll_amount 3
[step 21] Reasoning: Excellent! I can see a tooltip showing "Offshore pump : Water" with a value of 1200 (the water output per minute). This shows the machine used is an **Offshore pump**. The Machines column shows "<0.1" offshore pumps are needed for 1 item/min of water.

I need to see the exact pump count. The machines column shows "<0.1" which makes sense since 1 offshore pump produces 1200 water/min and we only need 1 water/min. 

Let me now increase the water output rate to see the pump count more clearly. Let me change the output amount to something larger like 1200 to see exactly 1 pump, or I can change to see the pump numbers in the columns.

Actually, looking at the current display, I can see the Machines column shows "<0.1" offshore pumps. Let me note this initial state and then look for the "belt stack size" setting to change.

Let me scroll down in the settings panel to find the "belt stack size" setting. First, let me close the expanded recipe details by clicking on the row again, and then scroll down in the settings.

Actually, wait - I need to look more carefully. The task is about "Pump count" (likely the offshore pump count), and whether it's affected by the belt stack size. The "belt stack size" is a setting that should be in the Settings panel. Let me scroll down in the settings on the left to find this setting.

Let me first scroll down in the left settings panel to find "belt stack size".
[step 22] Action: scroll down (116, 400) scroll_amount 3
[step 22] Reasoning: I can see more settings now - including Preferred modifiers and Preferred fuels, and some other settings below. I can see there are some module/machine settings. Let me scroll down more to look for "belt stack size" or similar setting.
[step 23] Action: scroll down (116, 400) scroll_amount 3
[step 23] Reasoning: I can see "Default transport belt" section at the bottom with a "Transport belt" option. This is related to belt settings. Let me scroll down more to see the full "Default transport belt" section and find the "belt stack size" setting.
[step 24] Action: triple_click
[step 24] Reasoning: I can now see the "Default stack size" setting with a value of 1. This is likely the "belt stack size" setting I need to change. Let me also look at the current state before changing.

Now let me first understand the current pump count. Looking at the Machines column showing "<0.1" with the offshore pump icon. Let me look at the exact value by hovering over the machines number in the row.

First, let me note the current state:
- **BEFORE:** The Machines column shows "<0.1" offshore pumps for 1 item/min of water with "Default stack size" = 1.

Let me change the "Default stack size" to 4. First, let me click the input field and change the value.
[step 25] Action: key: Escape
[step 25] Reasoning: I can see the "Default stack size" field is now selected (showing "1" highlighted in blue). But wait - I need to first note the pump count before changing the stack size. 

Looking at the current state:
- The Machines column shows "<0.1" with an offshore pump icon for Water output.

The current "Default stack size" is 1. Let me first scroll back up and note the exact pump count, or better yet, let me increase the Water output to a higher value (like 1200) so I can see a meaningful pump count.

Actually, let me use a better approach. Let me increase the water output from 1 to 1200 items/min so that the pump count becomes exactly 1. That way it's easy to see if it changes.

First, let me press Escape to not change the stack size yet, then update the water output amount.
[step 26] Action: triple_click
[step 26] Reasoning: Let me scroll up to the Objectives section and change the water output quantity from 1 to 1200 items/min so I can see a clear pump count.
[step 27] Action: type: 1200
[step 27] Reasoning: I can see the quantity field "1" in the Objectives is now selected (highlighted). Let me type 1200 to set it to 1200 items/min, which should require exactly 1 offshore pump.
[step 28] Action: mouse_move (700, 428)
[step 28] Reasoning: I've set the output to 1200 water/min. Now I can see:
- Items/m: 1200
- Machines column still shows "<0.1" with the machines icons

Wait, the Machines column shows "<0.1" still? That seems odd for 1200 water/min. The offshore pump produces 1200 water/min, so 1 pump should be needed. Let me hover over the machines column to see more details.

Let me hover over the machines value in the row.
[step 29] Action: mouse_move (700, 429)
[step 29] Reasoning: I see the Machines column shows "<0.1" still. But looking at the "Total" row, I can see "1" in the Machines column. This means 1 total machine (pump) is needed. Wait, but the row itself shows "<0.1"? Let me hover over the Machines value in the main water row to see a tooltip.

Let me hover directly over the "<0.1" text in the Machines column for the Water row.
[step 30] Action: mouse_move (760, 428)
[step 30] Reasoning: I can see the machines column shows "<0.1" but the Total row shows "1" machine total. The display seems to be showing something different. Let me look at the Machines column icons more carefully. The water row shows "<0.1" with a water drop and then a different icon. Let me hover directly over those machine icons.

Actually, I see two separate sets of icons in the Machines column:
1. "<0.1" with what appears to be a water drop and an offshore pump icon
2. Then "<0.1" again with another icon

Wait - the first "<0.1" and a water drop icon in the Machines column might represent something else. Let me look at the "Outputs" row in the details section which also shows "<0.1" in the Machines column.

Actually, looking at the display more carefully - I think the water row in Factory shows:
- Items/m: 1200
- Belts: <0.1 (with belt item icon)
- Wagons/m: <0.1 (with wagon icon)
- Machines: <0.1 (with offshore pump and factory icons)

The "<0.1" might be wrong. Let me hover directly over the machines value (the orange water icon + the machine icons) in the main water row.

Let me hover over the machines area in the water row at around x=720-760, y=428.
[step 31] Action: mouse_move (700, 428)
[step 31] Reasoning: Now I can see a tooltip showing "Offshore pump - Crafting speed 1 - Dimensions 1×2". This confirms the machine for Water is the Offshore pump. 

But why does the Machines column show "<0.1"? An offshore pump produces 1200 water/min, and we need 1200 water/min, so it should need exactly 1 pump. Wait - looking at the tooltip earlier, it said "1200" for the water recipe - that was the output per second/minute. Let me look at the Total row which shows "1" machine total.

Actually wait - looking at the Machines column: the "<0.1" is for the water item-related number, but the machine I see at the right side is the offshore pump icon. Let me look at the actual number to the left of the machine icons.

Actually, looking at the row data again:
- Items/m: 1200
- Belts: <0.1 [belt icon] [small number]
- Wagons/m: <0.1 [wagon icon] [small number]  
- Machines: <0.1 [water drop icon] [pump icon]

I think the Machines column shows "<0.1" because that's the count of machines, and in the Total row it shows "1" offshore pump total. But these should be the same!

Let me try to hover over the "<0.1" text in the Machines column.
[step 32] Action: left_click (484, 468)
[step 32] Reasoning: I see the display is a bit confusing. Let me click on the "Machine" tab to see more machine details, and then go back to check the actual pump counts.

Wait - looking more carefully at the layout, I think the issue is that the Machines column shows "<0.1" because the number is not meaningful (it's showing a very low number), but the **Total row** shows "1" for machines.

Actually, I think I'm misreading the table. Let me look more carefully at the layout:

Row items: 
- **Tree**: water drop icon
- **Items/m**: 1200 
- **Belts**: "<0.1" | belt icon + small subscript
- **Wagons/m**: "<0.1" | wagon icon + small subscript
- **Machines**: "<0.1" | water drop | pump icon

But then a separate "▼" dropdown to the right...

Actually wait, I think what I'm seeing is that the Machines column shows "<0.1" but then also has an icon column that shows another display - the water drop icon and the pump icon. The "<0.1" may be the count relative to something else.

Let me try clicking on the "Machine" tab in the expanded panel to see the actual machine counts.
[step 33] Action: triple_click
[step 33] Reasoning: Excellent! Now I can see the Machine tab details! This shows:
- **1** [water drop icon] [offshore pump icon] → **86.7** [something] **1** [another icon] **72000** [water drop]
- **60** [clock icon]

This shows **1 offshore pump** for the Water recipe. The numbers show:
- Machine count: **1** offshore pump
- Output rate: 72000 water (per hour? per minute?)

Wait, looking at the numbers:
- "1" = 1 offshore pump
- "86.7" and "1" and "72000" = probably 86.7 items/min, 1 something, 72000 water capacity

Let me hover over those numbers to understand them better.

Actually, the key information I need is already clear: **1 offshore pump** is required for 1200 water/min with "Default stack size" = 1.

Wait, but looking more carefully at the machine tab display - "60" at the bottom might be a clock (time), and there's "1" offshore pump count. And the total shows "1" for machines.

Now I need to note this **BEFORE** state:
- **Pump count (before):** 1 offshore pump (with Default stack size = 1)

Now let me change the "Default stack size" to 4 and check if the pump count changes.

Let me click on the "Default stack size" field in the settings panel and change it to 4.
[step 34] Action: type: 4
[step 34] Reasoning: Good, I can see the "Default stack size" field is selected (showing "1" highlighted). I need to note the current values before changing:

**BEFORE (Default stack size = 1):**
- Machine tab shows: **1** offshore pump
- Total machines: **1**
- Machines column in the table: **<0.1** (with 1 total)

Now let me type "4" to change the stack size and press Enter.
[step 35] Action: mouse_move (310, 511)
[step 35] Reasoning: I can see the "Default stack size" is now showing "4" in the field. The URL has changed to "localhost:4200/spa/list?o=water*1200&ist=4&v=11" which confirms the stack size has been updated to 4.

Now looking at the Machine tab panel:
- **AFTER (Default stack size = 4):**
- Machine tab still shows: **1** offshore pump
- Total machines: **1** (unchanged)
- The machine count shows "1" in the Machine details panel

The pump count remains **1** even after changing the "Default stack size" from 1 to 4!

Let me check the Machine tab more carefully to confirm. Let me hover over the numbers in the Machine tab to get a clear reading.
[step 36] Action: mouse_move (485, 428)
[step 36] Reasoning: I can now clearly see the data. With "Default stack size = 4", the Machine tab still shows:
- **1** [water drop] [offshore pump icon]
- Output: **86.7** [inserter icon] **1** [item icon] **72000** [water icon]
- **60** [clock icon]
- Total: **1** machine

The pump count is still **1** even after changing belt stack size to 4.

Let me now take a more careful look and make sure I understand the values. Let me hover over the "1" machine count and the "86.7" values to understand what they represent.

Let me also check what happens in the Belts column (the "<0.1" value) to see if that changed when I changed the stack size. Let me hover over the Belts column.
[step 37] Action: mouse_move (486, 428)
[step 37] Reasoning: I can clearly see:
- Current state: Default stack size = **4** (showing in the field at bottom left)
- Machine tab shows: **1** offshore pump → **86.7** [inserter] **1** [item] **72000** [water]
- Total machines: **1**

The Belts column still shows "<0.1" and the Machines column still shows "<0.1".

Now let me go back and change the stack size back to 1 to confirm the before state again, and carefully compare the machine count numbers. Let me check the exact numbers more carefully.

Actually, let me now look at the complete picture by comparing:
1. The Belts column value (to see if belt stack size changes the belts count)
2. The Machine count

Let me hover over the Belt value ("<0.1") to see its tooltip.
[step 38] Action: mouse_move (700, 428)
[step 38] Reasoning: I can now clearly see the current state with stack size = 4:
- The Machine tab shows: **1** [water drop + offshore pump] → **86.7** [inserter icon] **1** [item icon] **72000** [water]
- Belts: **<0.1**
- Total machines: **1**

Both values (Belts and Machines) appear to show the same values. Let me try changing the stack size back to 1 to confirm and compare.

Let me now navigate to the URL directly to go back to stack size = 1 and compare. Actually, I can just click the "Default stack size" field and type 1.

But wait - I notice something important. Looking at the Machine panel more carefully:
- It shows **"1"** offshore pump
- And then **"86.7"** inserters → **"1"** item → **"72000"** water

The "1" before the water drop + offshore pump icon IS the pump count! So the pump count is **1** with both stack size = 1 and stack size = 4.

Let me now go back and look at the exact state with stack size = 1. I'll change the stack size back to 1 and compare.

Actually, looking at this task again - I noticed that the number "86.7" appears next to an inserter icon. This might be about inserter throughput calculations. But the pump count (offshore pump count) is clearly shown as "1" both before and after changing the stack size.

However, let me look at the "Machines" column in the main table more carefully. The column header says "Machines" and the value shows "<0.1" for the Water row. But the Total row shows "1". This inconsistency is strange.

Let me check the "Column settings" to understand what's being displayed, and also check what the Machines column "<0.1" value means vs the "1" in Total.

Actually, looking at this more carefully - I think the "<0.1" in the Water row might be because the Machines column is showing a **rate** or normalized value (like per minute), not the raw count. The Total row shows the **actual count**.

Let me verify by looking at the Machines column tooltip when hovering over the "<0.1" value.

Let me hover directly over "<0.1" in the Machines column for the Water row.
[step 39] Action: mouse_move (425, 527)
[step 39] Reasoning: Now let me look at the state before and after the stack size change more carefully. I can confirm with stack size = 4:
- Machine count: **1** offshore pump 
- Total: **1**
- Default stack size field shows: **4**

Now let me also understand what the "86.7" inserter number means. Let me hover over it.
[step 40] Action: triple_click
[step 40] Reasoning: I can see the current state with stack size = 4:
- Machine tab shows: **1** offshore pump | → 86.7 [inserter] 1 [item] 72000 [water]
- Default stack size: **4**
- Total machines: **1**

The Machines column in the Factory list shows **<0.1** with machine icons. Let me now switch back to stack size = 1 and compare all the values carefully. The key thing I'm tracking is whether the pump count changes.

Let me now navigate directly via URL to compare. I'll set the stack size back to 1 by changing the URL parameter `ist=1`.

Actually, let me just click the "Default stack size" field and change it back to 1.
[step 41] Action: type: 1
[step 41] Reasoning: Good, the "Default stack size" field shows "4" selected. Let me type "1" and press Enter to go back to stack size = 1.
[step 42] Action: mouse_move (430, 527)
[step 42] Reasoning: Now I can see the **complete comparison**:

**With Default stack size = 1** (current state, URL shows `ist=1`):
- Machine tab shows: **1** offshore pump → 86.7 [inserter] 1 [item] 72000 [water]
- Total machines: **1**
- Belts: **<0.1**
- Machines column: **<0.1**

**With Default stack size = 4** (previous state, URL showed `ist=4`):
- Machine tab showed: **1** offshore pump → 86.7 [inserter] 1 [item] 72000 [water]
- Total machines: **1**
- Belts: **<0.1**
- Machines column: **<0.1**

The pump count is exactly the same (**1 offshore pump**) in both cases! The belt stack size setting does NOT affect the pump count.

Now let me look more carefully at the numbers. The display shows "<0.1" which seems odd for machines. And I also notice that the machine panel shows exactly the same values (**1**, **86.7**, **1**, **72000**, **60**) in both cases.

Let me take a final comprehensive screenshot to confirm the values with stack size = 1.

Let me also look at the machine panel values more carefully. I see:
- "1" = 1 machine (offshore pump)
- The arrow "→" then shows: "86.7" [inserter icon] "1" [item icon] "72000" [water icon]
- "60" [clock]

The "86.7" is likely the inserter throughput (items/min) needed. But for water (a fluid), there shouldn't be inserters! This might be display data about inserters for something else.

Let me hover over the "86.7" to understand what it represents.
[step 43] Action: triple_click
[step 43] Reasoning: I can see now with stack size = 1 (URL shows `ist=1`):
- Machine tab: **1** offshore pump → 86.7 [inserter] 1 [item] 72000 [water]
- Total: **1**
- Default stack size: **1**

The machine count is exactly the same (**1 offshore pump**) whether stack size is 1 or 4. 

Now let me also check the "Belts" column values. The Belts column shows "<0.1" in both cases. This is actually expected because water is a fluid and doesn't use belts - it uses pipes! So the belt count doesn't change for fluids.

Let me now try changing the stack size to 4 one more time and carefully compare the Machine details panel to make sure the numbers are the same.

Actually, I think I've gathered sufficient data. Let me provide a clear comparison by doing the final verification.

Let me change the stack size to 4 again:
[step 44] Action: type: 4
[step 44] Reasoning: Good, the Default stack size field "1" is selected. Now let me type 4 and press Enter to change it to 4 and see the final comparison.
[step 45] Action: DONE
[step 45] Reasoning: I can now see the final state with stack size = 4 (URL shows `ist=4`):
- Machine tab shows: **1** offshore pump → 86.7 [inserter] 1 [item] 72000 [water]
- Total machines: **1**
- Default stack size: **4**
- All values are identical to when stack size = 1

The comparison is now complete. Here is a clear summary of my findings:

---

## 🧪 Test Results: Does Pump Count Change with Belt Stack Size in Factorio Space Age?

### Setup
- **Game Mod**: Space Age (switched from 2.0 to Space Age via Settings)
- **Output**: Water at 1200 items/min (offshore pump produces 1200 water/min, so exactly 1 pump is needed)
- **Machine used**: Offshore pump

### Results

| Setting | Belt Stack Size | Offshore Pump Count | Belts | Machines Total |
|---------|----------------|---------------------|-------|----------------|
| **BEFORE** | 1 (default) | **1** | <0.1 | 1 |
| **AFTER** | 4 (changed) | **1** | <0.1 | 1 |

### Conclusion

**🔴 The Pump count is NOT affected by belt stack size.**

- **Before** (Default stack size = 1): **1 Offshore Pump** required
- **After** (Default stack size = 4): **1 Offshore Pump** required

The pump count remained **exactly 1** in both cases. This makes logical sense because:

1. **Water is a fluid** — it flows through pipes, not belts. Belt stack size only affects how many items can be stacked on a belt (relevant for solid items), not fluid handling.
2. **Offshore pumps** extract water at a fixed rate of **1200 water/min** regardless of belt configuration.
3. The **"Default stack size"** setting in FactorioLab's `ist` parameter influences calculations for items transported on belts (i.e., it affects the Belts column for solid items), but it has **zero impact** on fluid-related machines like offshore pumps.
4. The Belts column also stayed at `<0.1` because water doesn't use belts at all — confirming that belt stack size is irrelevant for fluid recipes.

==================================================
Task: Chrome is open on factoriolab at http://localhost:4200. Task: Test whether Pump count is affected by belt stack size in Factorio Space Age preset. Steps: 1) Switch to Space Age mod preset in settings. 2) Add Water (or another fluid) to the output list. 3) Note the number of Pumps shown. 4) Find belt stack size setting and change it to a value > 1 (e.g. 4). 5) Check if the Pump count changed. Report both Pump counts (before and after changing belt stack size). Stay in browser only.
Status: COMPLETED
Total steps: 45
Last action: DONE
Last reasoning: I can now see the final state with stack size = 4 (URL shows `ist=4`):
- Machine tab shows: **1** offshore pump → 86.7 [inserter] 1 [item] 72000 [water]
- Total machines: **1**
- Default stack size: **4**
- All values are identical to when stack size = 1

The comparison is now complete. Here is a clear summary of my findings:

---

## 🧪 Test Results: Does Pump Count Change with Belt Stack Size in Factorio Space Age?

### Setup
- **Game Mod**: Space Age (switched from 2.0 to Space Age via Settings)
- **Output**: Water at 1200 items/min (offshore pump produces 1200 water/min, so exactly 1 pump is needed)
- **Machine used**: Offshore pump

### Results

| Setting | Belt Stack Size | Offshore Pump Count | Belts | Machines Total |
|---------|----------------|---------------------|-------|----------------|
| **BEFORE** | 1 (default) | **1** | <0.1 | 1 |
| **AFTER** | 4 (changed) | **1** | <0.1 | 1 |

### Conclusion

**🔴 The Pump count is NOT affected by belt stack size.**

- **Before** (Default stack size = 1): **1 Offshore Pump** required
- **After** (Default stack size = 4): **1 Offshore Pump** required

The pump count remained **exactly 1** in both cases. This makes logical sense because:

1. **Water is a fluid** — it flows through pipes, not belts. Belt stack size only affects how many items can be stacked on a belt (relevant for solid items), not fluid handling.
2. **Offshore pumps** extract water at a fixed rate of **1200 water/min** regardless of belt configuration.
3. The **"Default stack size"** setting in FactorioLab's `ist` parameter influences calculations for items transported on belts (i.e., it affects the Belts column for solid items), but it has **zero impact** on fluid-related machines like offshore pumps.
4. The Belts column also stayed at `<0.1` because water doesn't use belts at all — confirming that belt stack size is irrelevant for fluid recipes.

==================================================

UI window closed
