Session created: sess-20260417011146-9f8db61231a34f188bb96abbd2facd47
UI panel initialized successfully
UI window displayed
Expected result: None
[step 0] Action: Initializing
[step 0] Reasoning: Initializing session connection
[step 0] Action: screenshot
[step 1] Action: left_click (1204, 88)
[step 1] Reasoning: I can see the FactorioLab welcome screen with Factorio and Space Age already selected. Let me close the Google Translate popup and then proceed with the setup. I'll click "Skip" to get past the welcome screen.
[step 2] Action: left_click (640, 526)
[step 2] Reasoning: The welcome screen shows Factorio with Space Age already selected. I can see it already has "Space Age" in the dropdown. Now I need to navigate to the main app. Let me navigate directly to the FactorioLab URL with the Space Age game mode. First, let me click "Skip" to proceed to the main interface.
[step 3] Action: left_click (399, 193)
[step 3] Reasoning: I can see the FactorioLab interface is now open with Factorio Space Age game mode (I can see "spa" next to Game in the settings panel on the left, and the URL shows "localhost:4200/spa/list?v=11"). The interface shows the Factory section with a List view.

Now I need to:
1. The game is already set to Space Age (spa) - Step 1 is done
2. Add Scrap as an INPUT item with 8 turbo transport belts at 4 stack size
3. Add a Maximize objective for Copper Plate

Let me click "Add items" to add the Scrap item:
[step 4] Action: type: scrap
[step 4] Reasoning: The item selection dialog is open. I need to search for "Scrap". Let me type "scrap" in the search box:
[step 5] Action: left_click (347, 257)
[step 5] Reasoning: I can see a Scrap item icon in the "Intermediat..." tab. Let me click on it:
[step 6] Action: left_click (884, 187)
[step 6] Reasoning: Scrap has been added as an item. I can see it's currently set as "Output" with 1 item/m. I need to:
1. Change it from "Output" to "Input" 
2. Set the quantity to 8 turbo transport belts at 4 stack size

First, let me change it to "Input" by clicking the "Output" dropdown:
[step 7] Action: left_click (833, 244)
[step 7] Reasoning: I can see the dropdown with options: Output, Input, Maximize, Limit. I need to select "Input":
[step 8] Action: left_click (727, 187)
[step 8] Reasoning: Scrap is now set as "Input". Now I need to change the unit from "Items/m" to belts and set it to 8 turbo transport belts at 4 stack size. 

I need to click on the "Items/m" dropdown to change the unit type to belts:
[step 9] Action: left_click (675, 244)
[step 9] Reasoning: I can see the dropdown with options: Items/m, Belts, Wagons/m, Machines. I need to select "Belts":
[step 10] Action: triple_click
[step 10] Reasoning: Now I can see it's set to "Belts" with 1 belt. Now I need to set it to 8 belts. Currently the value shows "1". I need to change this to 8. Let me click on the number field and change it to 8:
[step 11] Action: type: 8
[step 11] Reasoning: The number field is selected (showing "1"). Now let me type "8" to set it to 8 belts:
[step 12] Action: left_click (511, 429)
[step 12] Reasoning: I can see the value is now 8 Belts (7200 items/m), which seems to be using regular transport belts. The total shows 8 belts and 4 wagons/m. However, I need to set it specifically to "turbo transport belts" and "stack size 4".

The task says "8 turbo transport belts at 4 stack size". This means I need to:
1. Change the belt type to "turbo transport belt" 
2. Set the stack size to 4

I need to look at the belt icon/type. Let me hover over the belt icon in the objectives row to see what type it is. The belt type appears to be a regular transport belt currently. I need to change it to turbo transport belt.

Let me look for a way to change the belt type. I need to click on the belt icon in the Scrap row in the factory list to change it to a turbo transport belt. Let me click on the belt icon in the objectives:
[step 13] Action: left_click (609, 471)
[step 13] Reasoning: A small popup appeared with a number field (showing 1) and a belt icon. This seems to be for setting the belt count/type. I can see there's a belt icon next to the number. Let me look more carefully - there's a number field with "1" and what appears to be belt icons. Let me click on the belt icon to the right of the number field to select belt type:
[step 14] Action: left_click (678, 614)
[step 14] Reasoning: I can see a dropdown list with belt types: Transport belt, Fast transport belt, Express transport belt, and Turbo transport belt. Let me select "Turbo transport belt":
[step 15] Action: left_click (534, 502)
[step 15] Reasoning: I can see the belt icon has changed to what appears to be a turbo transport belt (it looks different from before). Now I can see the popup has the number "1" and the turbo belt icon. I need to also set the stack size to 4. I can see there's still a number field. Let me look at this more carefully.

The popup shows a number spinner with "1" and the turbo belt icon. I notice there's a stack size that needs to be set. But first, let me check if there's a way to set the stack size here. The task says "8 turbo transport belts at 4 stack size" - this likely means the stack size multiplier for the wagons. 

Let me click OK first to confirm the turbo belt selection, and then look for the stack size setting:
[step 16] Action: left_click (643, 429)
[step 16] Reasoning: I can see the URL has changed to include "turbo-transport-belt" and the Belts column now shows 8 (with a turbo belt icon). The Items/m shows 28800, which is correct for 8 turbo transport belts (turbo belts carry 900 items/s = 54,000 items/m... wait, that doesn't match). Let me check - actually turbo transport belts in Space Age carry 60 items/s = 3600 items/m per belt, so 8 belts would be 28,800 items/m - that matches!

Now I need to set the stack size to 4. The task says "4 stack size". I see the Wagons/m shows 14.4 and there's a wagon icon. The stack size is likely related to the wagons. Let me click on the wagon icon to set the stack size:
[step 17] Action: key: Escape
[step 17] Reasoning: I can see a dropdown appeared showing "Cargo wagon" as the wagon type. This is the wagon selection - not what I need for stack size. Let me press Escape to close this and look for the stack size setting differently.

The "4 stack size" might refer to the stack size setting in the input row. Let me press Escape and look at the overall interface more carefully:
[step 18] Action: left_click (511, 429)
[step 18] Reasoning: Now I need to find the stack size setting. The "4 stack size" might mean I need to click on the belt icon in the objectives row to open the belt configuration popup, and there should be a stack size option. Let me click on the belt icon in the objectives bar (the belt icon next to the number 8):

Looking at the URL: `localhost:4200/spa/list?o=scrap**8*1*1&i=scrap*turbo-transport-belt&v=11`

The URL shows `scrap**8*1*1` - the first `1` might be the stack size. Let me try to navigate to the URL with the correct stack size parameter. The format appears to be `scrap**8*1*4` for stack size 4.

But first, let me try to find the stack size setting in the UI. Let me click on the belt icon in the objectives row:
[step 19] Action: triple_click
[step 19] Reasoning: I can see the popup with number "1" and the belt icon (turbo transport belt). This number is the stack size multiplier! I need to change it from 1 to 4. Let me click on the number field and change it to 4:
[step 20] Action: type: 4
[step 20] Reasoning: The number "1" is now selected (highlighted) in the number field. Let me type "4" to set the stack size to 4:
[step 21] Action: left_click (528, 502)
[step 21] Reasoning: The number field now shows "4". This is the stack size. Now let me click "OK" to confirm:
[step 22] Action: left_click (399, 219)
[step 22] Reasoning: Excellent! The stack size has been set to 4. I can see:
- The URL now shows `turbo-transport-belt**4` which confirms stack size 4
- The Items/m shows 115200 (which is 8 turbo transport belts × 3600 items/min per belt × 4 stack size = 115,200)
- The Belts column shows 8 with a "4" notation below, confirming the stack size
- The Wagons/m shows 57.6

Wait, I need to re-examine. Looking at the items/m: turbo belts carry 60 items/s = 3,600 items/min. With 8 belts that's 28,800 items/min. With stack size 4, that would be 28,800 × 4 = 115,200 items/min. ✓

Now Step 2 is complete. Now I need to add a Maximize objective for Copper Plate (Step 3). Let me click "Add items" to add another objective:
[step 23] Action: type: copper plate
[step 23] Reasoning: The item selection dialog is open. I need to search for "Copper Plate". Let me type in the search box:
[step 24] Action: left_click (347, 257)
[step 24] Reasoning: I can see the Copper Plate item (the orange/copper colored item) under "Intermediat..." category. Let me click on it:
[step 25] Action: left_click (884, 217)
[step 25] Reasoning: Copper Plate has been added as a second objective, but it's currently set as "Output" with 8 items/m. I need to change it to "Maximize". Let me click on the "Output" dropdown for the Copper Plate row:
[step 26] Action: left_click (843, 297)
[step 26] Reasoning: The dropdown is showing options: Output, Input, Maximize, Limit. I need to click "Maximize":
[step 27] Action: left_click (356, 308)
[step 27] Reasoning: I can see that the Copper Plate is now set to "Maximize", but there's a warning message saying "The solver indicates maximize objectives are unlimited due to the recipe: Calcite" and offering to "Add a limit for this recipe". The Factory section shows "Failed" at the bottom, and "0 of 0" results.

This is happening because the Calcite recipe allows unlimited production. I need to add a limit for the Calcite recipe to constrain the optimization. The interface is asking if I want to add a limit for Calcite. Let me click on "+ Add a limit for this recipe":
[step 28] Action: left_click (356, 337)
[step 28] Reasoning: A Calcite limit has been added (Calcite with 8 Machines, Limit), but there's another warning about "Pipe to ground" recipe being unlimited. I need to add a limit for Pipe to ground as well. Let me click "+ Add a limit for this recipe":
[step 29] Action: triple_click
[step 29] Reasoning: Now I can see the objectives have 4 entries:
1. Scrap - 8 Belts - Input
2. Copper plate - 8 - Maximize
3. Calcite - 8 Machines - Limit (recipe #3)
4. Pipe to ground - 8 Machines - Limit (recipe #4)

But there's an error: "Solution is unbounded - Limit objectives may not be restrictive enough for Maximize objectives. Return code: ok, Simplex status: unbounded"

This means the Limit objectives with default values of 8 machines are still not restrictive enough. The problem is the approach - we're trying to add external limits for recipes like Calcite and Pipe to ground. These are unbounded because the solver can infinitely use these recipes to produce copper plates.

Actually, looking at this differently - the scrap recycling process in Factorio Space Age produces various outputs including Copper Ore (from which you make Copper Plates). The issue is that there are some recipes that can produce copper plates without using scrap as input.

Looking at the task description again: "Add Scrap as an INPUT item with 8 turbo transport belts at 4 stack size. Add a Maximize objective for Copper Plate."

The intent seems to be to find out how much copper plate can be produced from scrap. Let me think about this - in Factorio Space Age, Scrap can be recycled into various items including Copper Ore. Calcite is a byproduct that can be used in some recipes.

The issue is that the "Calcite" and "Pipe to ground" recipes are showing as unbounded because they don't actually require scrap - they produce things independently. 

Let me try a different approach. I'll remove the extra limit objectives and instead just look at what the scrap recycling produces. Let me first remove the Calcite and Pipe to ground limit objectives, then re-approach this:

Wait - looking at the problem more carefully. The warning said the Maximize objective is "unbounded" because of these recipes. In FactorioLab, when you set up an Input constraint (Scrap) and a Maximize objective (Copper Plate), the solver will try to find the maximum copper plate that can be produced. But some recipes like Calcite might be unbounded (can produce infinite copper plate without using scrap as input, by some chain).

Let me remove the Calcite and Pipe to ground limit objectives (which were auto-added) and instead try to understand the actual scrap recycling production chain. Let me first try setting the Preset to "Maximum" instead of "Minimum" to see if that helps:

Actually, looking at the current state - the Factory section shows "Failed" with "0 of 0" results and "Simplex status: unbounded" error. This means the current configuration can't produce results.

The task says to test the Maximize function - it should work. Let me think about what the issue might be. The problem is:
1. Scrap recycling produces byproducts like Calcite
2. Calcite can be used in the Calcite recipe to produce... more Calcite? Or some other product that leads to Copper Plates
3. This creates an unbounded loop

The suggestion was to add limits for Calcite recipe and Pipe to ground recipe. These limits constrain how many machines can be used. But with 8 machines limit it's still unbounded.

Let me try setting the Calcite limit to 0 machines (to essentially disable the Calcite recipe), and the Pipe to ground limit to 0 as well:
[step 30] Action: triple_click
[step 30] Reasoning: I can see the Calcite number field shows "8". I need to click on it specifically. Let me triple-click on the number field for Calcite (row 3):
[step 31] Action: triple_click
[step 31] Reasoning: The problem is the system is still showing "unbounded" with the 8-machine limit for both Calcite and Pipe to ground. The issue is that these limits are too high. I need to set them to 0 to completely disable those recipes.

Let me try a completely different approach. The task description says to test the Maximize function with Scrap as Input and Copper Plate as Maximize objective. In Factorio Space Age, Scrap recycling is the key mechanic - you feed scrap into a recycler machine, and it produces various outputs.

The problem seems to be that FactorioLab is finding some circular or unbounded production paths through Calcite and Pipe to ground recipes. The proper approach here would be to set the limit for these problematic recipes to 0.

Let me click directly on the number "8" in the Calcite row and change it to 0:
[step 32] Action: left_click (601, 245)
[step 32] Reasoning: I'm having trouble clicking on the number field. Let me try a different approach and modify the URL directly. Looking at the current URL:
`localhost:4200/spa/list?o=scrap**8*1*1&o=copper-plate*8**2&o=calcite*8*3*3&o=pipe-to-ground*8*3*3&i=scrap*turbo-transport-belt**4&v=11`

I need to change the Calcite and Pipe to ground quantities from 8 to 0. Let me try clicking on the URL bar and modifying the URL:

Actually, let me try a completely different approach. Instead of using the GUI to change the numbers, let me try to click specifically on the up/down arrows in the number field to decrease the values. First, let me try clicking on the down arrow of the Calcite number input to decrease it:

Let me try clicking on the number input field for Calcite more precisely. Looking at the layout, the number inputs appear to be at around x=614, y=245 for Calcite. Let me try clicking exactly on the field:
[step 33] Action: triple_click
[step 33] Reasoning: The field still shows "8" and seems to be selected (I can see the cursor is in the Calcite field with value 8). Let me try triple-clicking to select all text and then type "0":
[step 34] Action: left_click (640, 62)
[step 34] Reasoning: Let me try using the URL bar to navigate to a modified URL that sets the Calcite and Pipe to ground limits to 0. Let me click on the URL bar:
[step 35] Action: key: ctrl+a
[step 35] Reasoning: I can see the URL is now selected: `localhost:4200/spa/list?o=scrap**8*1*1&o=copper-plate*8**2&o=calcite*8*3*3&o=pipe-to-ground*8*3*3&i=scrap*turbo-transport-belt**4&v=11`

Now I need to understand the URL format:
- `o=scrap**8*1*1` - Scrap objective: quantity=8, unit=1(belts), type=1(input)
- `o=copper-plate*8**2` - Copper plate: quantity=8, maximize=2
- `o=calcite*8*3*3` - Calcite: quantity=8, machines=3, limit=3
- `o=pipe-to-ground*8*3*3` - Pipe to ground: quantity=8, machines=3, limit=3
- `i=scrap*turbo-transport-belt**4` - Scrap with turbo belt, stack=4

I need to remove the Calcite and Pipe to ground limit entries to make the calculation work, or understand the situation differently.

Actually, let me reconsider the whole approach. The task is about testing the Maximize function for producing Copper Plate from Scrap. The issue might be that FactorioLab is finding circular paths. 

Let me try to navigate to a URL that just has the basic 2 objectives (Scrap Input + Copper Plate Maximize) without the auto-added Calcite and Pipe to ground limits:
[step 36] Action: type: localhost:4200/sp...
[step 36] Reasoning: Good, the URL is selected. Now let me type the modified URL to set Calcite to 0 machines and Pipe to ground to 0 machines:
[step 37] Action: key: Escape
[step 37] Reasoning: I can see the URL was typed but it appended to the existing URL. I need to clear the address bar first. Let me select all and delete, then type the correct URL:
[step 38] Action: Open url: localhost:4200/spa/list?o=scrap**8*1*1&o=copper-plate*8**2&o=calcite*0*3*3&o=pipe-to-ground*0*3*3&i=scrap*turbo-transport-belt**4&v=11
[step 38] Reasoning: I see the URL is now garbled. Let me click the URL bar and use Cmd+A to select all, then type the correct URL:
No application knows how to open URL localhost:4200/spa/list?o=scrap**8*1*1&o=copper-plate*8**2&o=calcite*0*3*3&o=pipe-to-ground*0*3*3&i=scrap*turbo-transport-belt**4&v=11 (Error Domain=NSOSStatusErrorDomain Code=-10814 "kLSApplicationNotFoundErr: E.g. no application claims the file" UserInfo={_LSLine=1973, _LSFunction=runEvaluator, _LSFile=LSBindingEvaluator.mm, _LSErrorMessage=kLSApplicationNotFoundErr}).
[step 39] Action: left_click (640, 62)
[step 39] Reasoning: I see the URL bar is still showing the old garbled URL and the open_url function didn't work as expected. Let me try clicking on the URL bar directly and using keyboard shortcuts to clear it:
[step 40] Action: key: ctrl+a
[step 40] Reasoning: The URL bar is now active and showing the garbled URL. Let me select all and replace with the correct URL:
[step 41] Action: type: localhost:4200/sp...
[step 41] Reasoning: The URL text should be selected now. Let me type the correct URL to replace it:
[step 42] Action: key: Escape
[step 42] Reasoning: I can see the URL is getting appended rather than replaced. The issue is that Ctrl+A is selecting page content instead of the URL bar text. Let me take a fresh approach. I'll try to use the down-arrow button in the Calcite row to change the value from 8 to 0. First, let me press Escape to close the address bar and then try clicking the down arrow buttons.

Actually, I see that the problem is that I can't easily modify the URL. Let me take a step back and try a fresh approach.

The best approach here is to:
1. Remove the Calcite and Pipe to ground limit objectives (by clicking their X buttons)
2. Then re-evaluate whether the calculator works without them

Let me press Escape first and then click the X button for the Calcite and Pipe to ground rows:
[step 43] Action: left_click (640, 62)
[step 43] Reasoning: The URL bar is still showing the old garbled URL but the page itself seems to be rendering the objectives correctly (showing all 4 objectives). Let me try a completely different approach. I'll start fresh from the FactorioLab URL with a proper URL.

Let me click on the URL bar and try to clear and replace the URL:
[step 44] Action: key: cmd+a
[step 44] Reasoning: The URL bar is active. I need to select all the content in it and replace. Let me use the keyboard shortcut to select all in the URL bar:
[step 45] Action: type: localhost:4200/sp...
[step 45] Reasoning: I can see the URL bar is now showing the selected text. The URL bar appears selected (the text is highlighted in blue). Now I can see the URL shows the problem - it has duplicated URL. Let me type the correct URL to replace the selection:
[step 46] Action: key: Return
[step 46] Reasoning: Now I can see in the URL bar the text:
`localhost:4200/spa/list?o=scrap**8*1*1&o=copper-plate*8**2&o=calcite*0*3*3&o=pipe-to-ground*0*3*3&i=scrap*turbo-transport-belt**4&v=11`

And there's a suggestion showing the same URL. I can see the URL now has the correct format with `calcite*0*3*3` and `pipe-to-ground*0*3*3` (0 machines for both). Let me press Enter to navigate to this URL:
[step 47] Action: left_click (640, 62)
[step 47] Reasoning: I can see the URL has changed to the correct one. Looking at the objectives:
1. Scrap - 1 - [no belt unit shown] - Input (seems the belt/unit changed to 1 Items/m)
2. Copper plate - 8 - Maximize
3. Calcite - 0 - Machines - Limit ✓
4. Pipe to ground - 0 - Machines - Limit ✓

The Calcite and Pipe to ground are now set to 0 machines (disabled), but it's STILL showing "Solution is unbounded". The problem is that even with 0 machines limit, it's still unbounded. 

Looking at the Scrap row - it now shows "1" without a belt unit, which means the URL format for the scrap input with turbo transport belts wasn't parsed correctly. The URL I used was missing some parameters.

Also, I notice the Scrap doesn't have the belt unit icon anymore. The URL format might not be correct for specifying turbo belts with stack size.

The bigger problem is that even with 0 limit machines, the solution is still unbounded. This might indicate there are other recipes creating the unbounded condition.

Let me try a fresh approach. I'll start over with a clean URL and properly set up all the parameters. Let me navigate to the base URL first:

Actually, let me re-examine the whole situation. Looking at the current state more carefully:
- The Scrap row shows "1" and no unit (not "8 Belts" as expected)
- The URL doesn't have the turbo transport belt specification
- Still unbounded error

Let me try a completely different approach. I'll:
1. Start fresh from localhost:4200
2. Set up everything through the UI properly

Let me navigate to the base URL:
[step 48] Action: key: cmd+a
[step 48] Reasoning: Good, I can see the URL bar is active. Now the URL shows `localhost:4200/spa/list?o=scrap**8*1*1&o=copper-plate*8**2&o=calcite*0*3*3&o=pipe-to-ground*0*3*3&i=scrap*turbo-transport-belt**4&v=11`

Wait, actually looking at it carefully - the URL shows `scrap**8*1*1` which should parse as `scrap` item, 8 quantity, unit 1 (belts), type 1 (input). But in the objectives panel, Scrap shows just "1" for the quantity, which is strange.

Actually I think I may have misread. Let me look at the current URL more carefully. The URL in the bar shows:
`localhost:4200/spa/list?o=scrap**8*1*1&o=copper-plate*8**2&o=calcite*0*3*3&o=pipe-to-ground*0*3*3&i=scrap*turbo-transport-belt**4&v=11`

But the Scrap row in objectives shows "1" as the quantity. This doesn't match. Maybe my URL format isn't correct for FactorioLab.

Let me start completely fresh. I'll go to the base URL and set everything up through the UI carefully:
[step 49] Action: type: localhost:4200/sp...
[step 49] Reasoning: The URL bar shows:
`localhost:4200/spa/list?o=scrap**8*1*1&o=copper-plate*8**2&o=calcite*0*3*3&o=pipe-to-ground*0*3*3&i=scrap*turbo-transport-belt**4&v=11`

Looking at the current state - Calcite is set to 0 machines limit, Pipe to ground is set to 0 machines limit, but the error persists. The issue might be with a different problematic recipe. 

Let me try a completely different strategy. Let me:
1. Start fresh (navigate to localhost:4200)
2. Set up everything from scratch
[step 50] Action: left_click (640, 89)
[step 50] Reasoning: I can see a dropdown with browser history suggestions. I can see `FactorioLab - localhost:4200/spa/list` at the top which is a clean URL. Let me click on it to start fresh:
[step 51] Action: left_click (399, 193)
[step 51] Reasoning: Excellent! I now have a fresh clean FactorioLab with Space Age (spa) and no objectives. The page shows:
- URL: `localhost:4200/spa/list?v=11`
- Game: spa (Space Age) ✓
- No objectives listed
- Status: "Skipped"

Now let me set everything up properly step by step:
**Step 1: Game mode is already Space Age (spa) ✓**

**Step 2: Add Scrap as INPUT with 8 turbo transport belts at stack size 4**

First, let me click "Add items":
[step 52] Action: type: scrap
[step 52] Reasoning: The item selection dialog is open showing the Logistics tab by default. I need to search for "Scrap". Let me type in the search box:
[step 53] Action: left_click (347, 257)
[step 53] Reasoning: I can see the search results showing one Scrap item under the "Intermediat..." tab. Let me click on it:
[step 54] Action: left_click (884, 188)
[step 54] Reasoning: Excellent! Scrap has been added as an "Output" objective with 1 Items/m. Now I need to:
1. Change it to "Input" type
2. Change the unit to "Belts" and set to 8
3. Change belt type to Turbo transport belt with stack size 4

Let me first change from "Output" to "Input" by clicking the Output dropdown:
[step 55] Action: left_click (833, 244)
[step 55] Reasoning: The dropdown is showing: Output, Input, Maximize, Limit. Let me click "Input":
[step 56] Action: left_click (727, 188)
[step 56] Reasoning: Scrap is now set as "Input" with 1 Items/m. The URL shows `?o=scrap***1&v=11`. Now I need to:
1. Change the unit from "Items/m" to "Belts"
2. Set the value to 8
3. Set belt type to Turbo transport belt with stack size 4

Let me click on the "Items/m" dropdown to change the unit:
[step 57] Action: left_click (675, 244)
[step 57] Reasoning: The dropdown shows: Items/m, Belts, Wagons/m, Machines. Let me click "Belts":
[step 58] Action: triple_click
[step 58] Reasoning: Now the unit is set to "Belts" with 1 belt (900 items/m - this confirms it's using the regular Transport belt at 900 items/min × 1 belt = 900 items/m). The URL shows `?o=scrap**1*1&v=11`.

Now I need to:
1. Change the quantity from 1 to 8 belts
2. Change belt type to Turbo transport belt
3. Set stack size to 4

Let me click on the number "1" to change it to 8:
[step 59] Action: type: 8
[step 59] Reasoning: The number "1" is selected in the Scrap row. Now let me type "8" to change it to 8 belts:
[step 60] Action: left_click (511, 429)
[step 60] Reasoning: Now I can see Scrap is set to 8 Belts (7200 items/m with regular transport belt). The Factory shows:
- Items/m: 7200
- Belts: 8 (with belt icon)
- Wagons/m: 3.6
- URL: `?o=scrap*8*1*1&v=11`

Now I need to change the belt type to "Turbo transport belt". I can see in the Objectives row there's a belt icon - I need to click on the Scrap item icon in the objectives or find the belt configuration. Let me look at the Factory section - I see a belt icon in the "Belts" column (showing 8 with belt icon). 

Actually, I should look at the Objectives section more carefully. In the objectives row for Scrap, the unit shows "Belts". The belt type can be configured by clicking on the belt icon in the Objectives row or through the Factory list column settings.

Looking at the previous attempts, I know I need to click on the Scrap belt icon in the Factory section list to open a popup that lets me change the belt type. Let me click on the belt icon (showing "8" in the Belts column) in the Factory list:
[step 61] Action: left_click (609, 471)
[step 61] Reasoning: A popup has appeared with:
- A number field showing "1" (this is the stack size)
- A belt icon (currently showing a regular transport belt)
- "OK" and "Cancel" buttons

The stack size is currently 1, and the belt is currently a regular transport belt. I need to:
1. Change stack size to 4
2. Change belt type to Turbo transport belt

Let me first click on the belt icon (the right icon) to change the belt type:
[step 62] Action: left_click (678, 614)
[step 62] Reasoning: Excellent! A dropdown with belt types appeared showing:
1. Transport belt (highlighted/selected)
2. Fast transport belt
3. Express transport belt
4. Turbo transport belt

Let me click on "Turbo transport belt":
[step 63] Action: triple_click
[step 63] Reasoning: I can see the belt icon has changed to a turbo transport belt (the icon looks different - it appears to be the turbo transport belt in yellow/golden color). The popup now shows:
- Number field: 1 (stack size)
- Belt icon: Turbo transport belt (the icon on the right appears to be the turbo belt)
- "OK" and "Cancel" buttons

Now I need to change the stack size from 1 to 4. Let me click on the number field "1" and change it to 4:
[step 64] Action: type: 4
[step 64] Reasoning: I can see the number "1" is selected (highlighted in blue) in the popup. The belt icon now shows the Turbo transport belt. Now let me type "4" to set the stack size to 4:
[step 65] Action: left_click (534, 502)
[step 65] Reasoning: The number is now "4" and the belt icon shows the Turbo transport belt. Now let me click "OK" to confirm:
[step 66] Action: left_click (399, 219)
[step 66] Reasoning: Excellent! Now I can see the configuration is set correctly:
- **URL**: `localhost:4200/spa/list?o=scrap*8*1*1&i=scrap*turbo-transport-belt**4&v=11`
- **Scrap**: 8 Belts, Input ✓
- **Items/m**: 115,200 (which is 8 turbo belts × 3,600 items/m per belt × 4 stack size = 115,200) ✓
- **Wagons/m**: 57.6 (with a "4" notation on the belt icon indicating stack size 4) ✓
- The belt column shows "8" with a "4" subscript (stack size 4) ✓

**Step 2 is complete!** The Scrap Input is set to:
- 8 Turbo transport belts
- Stack size: 4
- Total: 115,200 items/min

Now I need to **Step 3: Add a Maximize objective for Copper Plate**.

Let me click "Add items":
[step 67] Action: type: copper plate
[step 67] Reasoning: The item selection dialog is open. Let me search for "copper plate":
[step 68] Action: left_click (347, 257)
[step 68] Reasoning: I can see the search results showing one Copper Plate item (the reddish/copper colored item) under "Intermediat..." category. Let me click on the Copper Plate item:
[step 69] Action: left_click (884, 217)
[step 69] Reasoning: Copper Plate has been added as an "Output" with 8 Items/m. The Factory is now showing some production results. I can see the production chain is being calculated. But I need to change the Copper Plate objective from "Output" to "Maximize". Let me click on the "Output" dropdown for the Copper Plate row:
[step 70] Action: left_click (843, 297)
[step 70] Reasoning: The dropdown is showing the options: Output, Input, Maximize, Limit. Let me click "Maximize":
[step 71] Action: left_click (356, 308)
[step 71] Reasoning: I can see:
- Copper plate is now set to "Maximize" ✓
- There's a warning message: **"The solver indicates maximize objectives are unlimited due to the recipe: Calcite"**
- There's a button: **"+ Add a limit for this recipe"**
- The Factory section shows "Failed" with "0 of 0" results

This is the same issue as before - the Calcite recipe is creating an unbounded condition. The warning says the solver indicates the Maximize objective is unlimited due to the Calcite recipe. I need to add a limit for Calcite to make it bounded.

Let me click **"+ Add a limit for this recipe"** to add a limit for Calcite:
[step 72] Action: left_click (356, 337)
[step 72] Reasoning: Good progress! Now I can see:
- Calcite recipe has been added as a **Limit** with 8 Machines (#3)
- There's another warning: **"The solver indicates maximize objectives are unlimited due to the recipe: Pipe to ground"**
- Still need to add a limit for "Pipe to ground"
- Factory section still shows "Failed"

Let me click **"+ Add a limit for this recipe"** again to add a limit for Pipe to ground:
[step 73] Action: triple_click
[step 73] Reasoning: Now I can see:
- 4 objectives:
  1. Scrap - 8 Belts - Input ✓
  2. Copper plate - 8 - Maximize ✓
  3. Calcite - 8 Machines - Limit (#3)
  4. Pipe to ground - 8 Machines - Limit (#4)
- Error: **"Solution is unbounded - Limit objectives may not be restrictive enough for Maximize objectives. Return code: ok, Simplex status: unbounded"**
- Factory shows "Failed"

The issue is that even with 8 machine limits for Calcite and Pipe to ground, the solution is still unbounded. The default limit of 8 machines isn't enough to constrain the optimization.

In Factorio Space Age:
- **Calcite**: This is a resource that can be mined on Fulgora planet and used in various recipes. A recycler can process scrap, and calcite can potentially be used in unbounded ways.
- **Pipe to ground**: This is a buildable item that can be recycled back into itself in an unbounded loop.

The issue with the "Pipe to ground" recipe might be related to the underground pipe recipe - where you can recycle pipes into pipe segments and back, creating infinite production. Similarly, Calcite might have a recipe that creates infinite copper somehow.

I need to set the limit of these recipes to **0 machines** to completely disable them. The current limit of 8 machines isn't enough because even with 8 machines, the solver can still produce infinite copper by scaling.

Wait - actually in linear programming, a "limit" of 8 machines means the solver can use UP TO 8 machines for that recipe. So if the simplex method says it's unbounded, it means even with 8 machines of Calcite and Pipe to ground, it can still find infinite copper plate production.

This suggests there are other unbounded recipes. But the warning only showed these two. Let me try changing the Calcite and Pipe to ground limits from 8 to 0 to completely disable those recipes and see if there are more problems or if this fixes it.

Let me click on the "8" quantity field in the Calcite row and change it to 0:
[step 74] Action: type: 0
[step 74] Reasoning: I can see the Calcite row shows the "8" value selected (highlighted in the number field). But I'm not sure if the number field is actually selected for editing. Let me try clicking directly on the number "8" in the Calcite objectives row more precisely:

Looking at the screenshot more carefully, I can see:
- Row 3 (Calcite): value is "8" at approximately x=616, y=246
- Row 4 (Pipe to ground): value is "8" at approximately x=616, y=275

The field appears to be selected (the "8" is highlighted in the Calcite row). Let me type "0" to change it:
[step 75] Action: triple_click
[step 75] Reasoning: I can see that the Calcite Limit is now set to **0 machines** (the URL shows `calcite*0*3*3`). But the solution is still unbounded because the Pipe to ground limit is still at 8 machines. Let me also change the Pipe to ground limit to 0:

Let me triple-click on the Pipe to ground number field (showing "8") to select it:
[step 76] Action: left_click (616, 275)
[step 76] Reasoning: I can see the Pipe to ground row shows "8" and the URL shows the Calcite is now 0. The Pipe to ground still shows 8. It seems the click on Pipe to ground didn't select the field. Let me try to click directly on the "8" number field for Pipe to ground:
[step 77] Action: key: ctrl+a
[step 77] Reasoning: I can see the cursor is now inside the Pipe to ground number field (it shows "8" with a text cursor). Let me select all and type 0:
