Session created: sess-20260418054402-f4af7c9065964ef1929af7f566904d0f
UI panel initialized successfully
UI window displayed
Expected result: 设置了border-radius的DecoratedBox在Canvas渲染时，背景颜色应被正确裁剪到圆角区域内，不会出现背景色溢出到圆角外的直角区域；box-shadow也应正确跟随圆角形状显示。
[step 0] Action: Initializing
[step 0] Reasoning: Initializing session connection
[step 0] Action: screenshot
[step 1] Action: left_click (157, 97)
[step 1] Reasoning: I can see the flitter application at localhost:5173. There are two navigation links: "Performance" and "Interaction". Let me explore these pages to find DecoratedBox examples with background color and border-radius. Let me also check the other tabs that are open.
[step 2] Action: left_click (57, 97)
[step 2] Reasoning: The Interaction page shows the same content. Let me check the Performance page and also explore the other open tabs to find the DecoratedBox example.
[step 3] Action: left_click (133, 33)
[step 3] Reasoning: The Performance page shows charts. I can see a "Render diagram" link. Let me also check the other tabs (the two "localhost" tabs). Let me also look at the other localhost tabs to find if there are any DecoratedBox examples. Let me click on the first localhost tab.
[step 4] Action: left_click (291, 33)
[step 4] Reasoning: This tab shows a different localhost URL that's not accessible. Let me check the second "localhost" tab.
[step 5] Action: Open url: http://localhost:5173
[step 5] Reasoning: This tab shows localhost:5173/sliders which is also not accessible. Let me navigate back to the main flitter app at localhost:5173 and explore it more carefully to find DecoratedBox examples. Let me navigate to the main page and look for any relevant routes.
[step 6] Action: Open url: http://localhost:5173/interaction
[step 6] Reasoning: I'm on the main page of the flitter application. I can see "Performance" and "Interaction" navigation links. The main page shows "Test Package" description. Let me explore the Interaction page more carefully, as it might have more sub-routes related to DecoratedBox. Let me also try navigating to potential routes like `/decorated-box` or check the page source for routes.

Let me try some common routes that might contain DecoratedBox examples:
[step 7] Action: left_click (49, 128)
[step 7] Reasoning: Now I can see the Interaction page shows two links: "Performance" and "Interaction". The Interaction link itself is there as a sub-link. Let me click on "Interaction" to see what sub-pages it contains.
[step 8] Action: key: ctrl+u
[step 8] Reasoning: The page stays the same at /interaction. Let me look at the source code to understand the available routes. Let me use the browser's developer tools to view the page source and find routes or navigate to them.
[step 9] Action: key: F12
[step 9] Reasoning: The source view didn't open. Let me use the developer tools (F12) to inspect the page and understand the app structure, routes, and find any DecoratedBox examples.
[step 10] Action: left_click (114, 441)
[step 10] Reasoning: Good, the developer tools are open. Let me navigate to the Console tab to explore the app's routes and structure. Let me switch to the Console tab and look at available routes.
[step 11] Action: left_click (158, 441)
[step 11] Reasoning: I can see the Console tab. It shows some vite messages. Let me look at the Sources tab to see the app's files and routes, which will help me understand what pages are available.
[step 12] Action: left_click (27, 583)
[step 12] Reasoning: I can see the Sources tab with the file structure. I can see there's a "src/routes" folder with an "interaction" file. Let me expand the src/routes folder to see all available routes.
[step 13] Action: left_click (27, 627)
[step 13] Reasoning: I can see that the src/routes folder has been expanded and shows:
- `+page.svelte` (two of them at root level)
- `interaction` folder

Let me scroll down in the file tree to see more files and expand the interaction folder to see its structure.
[step 14] Action: scroll down (560, 560) scroll_amount 3
[step 14] Reasoning: I can see the `interaction` file is now showing its HTML content. I can see in line 10 there are links to pages like `/interaction/number-change-on-click`. Let me read this file more carefully. I can see on line 10: `<div style="display: flex; flex-direction: column; gap: 10px;"><a href="/interaction/number-change-on-click"...`. Let me scroll the code view to see all the links in this interaction file.
[step 15] Action: key: F12
[step 15] Reasoning: I can see the interaction file HTML. On line 11, I can see a link to `/interaction/number-change-on-click`. Let me look at the full interaction file content by using the console to fetch the list of routes. Let me navigate to the interaction page directly in the browser to see all its links.

Let me close the developer tools and navigate to the interaction page to see the sub-pages.
[step 16] Action: left_click (160, 61)
[step 16] Reasoning: I notice that the "Interaction" page only shows two items when I navigate to /interaction. But I noticed that the HTML showed a link to `/interaction/number-change-on-click`. This page seems to be a SvelteKit app, but the sub-links didn't render correctly in the interaction page. Let me look at the source view more carefully. The page is rendered as a static HTML file. 

Wait - looking at the interaction page again, I notice it shows two links: "Performance" and "Interaction" - these are the top-level nav links. But the actual sub-pages for interaction might be listed only in the source code.

Let me try navigating directly to a page that might contain DecoratedBox - perhaps there are routes like `/decorated-box` or the interaction/canvas rendering tests. Let me try some possible routes.

Let me first navigate to the interaction page and look at its HTML source properly.
[step 17] Action: type: view-source:http:...
[step 17] Reasoning: I see the URL bar is highlighted. Let me look for the interaction page source to find all routes. Let me view the page source directly from the browser by typing "view-source:" prefix.
[step 18] Action: left_click (219, 89)
[step 18] Reasoning: I can see the view-source option. It seems the Enter key didn't navigate yet - let me click on the first suggestion "view-source:http://localhost:5173/interaction".
[step 19] Action: key: ctrl+f
[step 19] Reasoning: I can now see the source of the interaction page. On line 10, I can see a link to `/interaction/number-change-on-click`. This is the only visible link on this line, but the text is cut off. Let me look at the full line 10 to find all the sub-routes available. Let me use Ctrl+F to search for "href" to find all the links.
[step 20] Action: left_click (500, 244)
[step 20] Reasoning: The search dialog doesn't seem to have opened visually. Let me click on the page first and then try Ctrl+F again.
[step 21] Action: Open url: http://localhost:5173/interaction
[step 21] Reasoning: I can see line 10 has multiple routes that are cut off. The visible part shows `/interaction/number-change-on-click`. I need to see all the routes. The content is very long on line 10. Let me try to use the horizontal scrollbar or try a different approach - let me navigate to the interaction page in the actual browser and look at the rendered links.

Let me navigate back to the interaction page URL.
[step 22] Action: key: F12
[step 22] Reasoning: I notice that the interaction page only shows two links: "Performance" and "Interaction". But the source code clearly shows there are sub-routes. This is a SvelteKit app and the links might be rendered client-side after JavaScript loads. However, the page appears to be fully loaded but only shows 2 links.

Wait - I noticed something. Looking at the source code, line 10 shows content in the body. The interaction route links must be inside the container `div` that's shown on line 10 - but they're rendered as text that's not visible because the page is using server-side rendering with the content only in the HTML source.

Let me use the browser console to explore the actual links rendered by the app by running JavaScript to find all anchor elements.
[step 23] Action: left_click (114, 441)
[step 23] Reasoning: I can see the Sources tab is still showing the source of the interaction page. I can see on line 10 there's a link to `/interaction/number-change-on-click` followed by text "Num..." that's cut off. Let me click on the Console tab to run JavaScript to get all the anchor tags and their hrefs.
[step 24] Action: left_click (640, 580)
[step 24] Reasoning: Good, I'm now on the Console tab. Let me click on the console input area and type a JavaScript command to get all the anchor tags on the page.
[step 25] Action: left_click (640, 625)
[step 25] Reasoning: I need to click on the console input at the bottom. Let me try clicking near the bottom where the console prompt would be.
[step 26] Action: left_click (97, 508)
[step 26] Reasoning: Let me try clicking on the `>` symbol at line 508 which seems to be the console input area.
[step 27] Action: left_click (107, 508)
[step 27] Reasoning: I see the console but I'm having trouble typing in it. Let me try a different approach - click directly at the end of the `>` symbol to activate the console input, then type my JavaScript command.
[step 28] Action: left_click (640, 508)
[step 28] Reasoning: I see the console area has a `>` prompt. The console seems to be showing two messages from [vite]. I need to click on the actual console input prompt which should be at the bottom. Let me try clicking directly on the console area below the existing messages and then type the command.
[step 29] Action: type: Array.from(docume...
[step 29] Reasoning: Now I can see the console input prompt is active (there's a cursor visible after `>`). Let me type a JavaScript command to get all the anchor tags on the page and their hrefs.
[step 30] Action: left_click (67, 441)
[step 30] Reasoning: I can see the result: `{2} ['http://localhost:5173/performance', 'http://localhost:5173/interaction']`. This means the interaction page only has 2 links visible. The sub-routes I saw in the source were inside the page component for the interaction route but weren't rendered in this page.

Wait - looking at the source code again, I saw that line 10 of the HTML source for the `/interaction` page had links to `/interaction/number-change-on-click`. But the current page only shows 2 links. This is strange. Maybe the content of the interaction page component was different and the source view was showing a different source.

Let me re-read the source view. Looking at the screenshot from earlier: the source code showed:
- Line 10: `<div style="display: contents"> <div style="display: flex; flex-direction: column; gap: 10px;"><a href="/interaction/number-change-on-click" data-sveltekit-h="svelte-xy0x">Num...`

But the current rendered page only shows 2 links (Performance and Interaction). This means the interaction page content IS showing sub-links for the interaction section, but they might not be visible on the current rendered page. Wait, the JavaScript result only showed 2 links.

This is confusing. Let me look at the DOM more carefully by checking all the div elements. Perhaps the interaction sub-links are in the page but not visible or are rendered in a different way. Let me check the Elements tab to see the full DOM structure.

Let me switch to the Elements tab to inspect the DOM.
[step 31] Action: left_click (15, 499)
[step 31] Reasoning: Now I can see the Elements tab. I can see the DOM structure:
- `<!DOCTYPE html>`
- `<html lang="en">`
- `<head>...</head>`
- `<body data-sveltekit-preload-data="hover">` == $0
  - `<div style="display: contents">...</div>`
  - `</div>`
- `</body>`
- `</html>`

Let me expand the body's div to see its contents. I can see the `<div style="display: contents">` element. Let me click on the expand arrow.
[step 32] Action: left_click (22, 499)
[step 32] Reasoning: I can see that the div with `style="display: contents"` is now selected. It says `<div style="display: contents">...<div> == $0`. The contents are collapsed. Let me click on the arrow to expand it.
[step 33] Action: left_click (27, 510)
[step 33] Reasoning: Excellent! Now I can see the expanded DOM structure. I can see:
- `<div style="display: flex; flex-direction: column; gap: 10px;">` ... `</div>` (with [flex] badge) - this contains the navigation links
- `<div style="padding: 20px; background-color: rgb(240, 240, 240); border: 1px solid rgb(220, 220, 220); border-radius: 5px; margin-top: 20px;">` - this is the "Test Package" box
- `<!--<page>-->`
- `<!--<Layout>-->`
- The live announcer div

Now I understand! The navigation shows only "Performance" and "Interaction" as the top-level links. The interaction page itself is just a layout wrapper. The actual sub-pages for interaction are rendered when you navigate to `/interaction`.

Wait - looking at the view-source I found earlier, there was a link to `/interaction/number-change-on-click`. Let me look at the div with `display: flex; flex-direction: column; gap: 10px;` which should contain the navigation links. Let me expand it.
[step 34] Action: key: F12
[step 34] Reasoning: Now I can see the full DOM structure. The navigation contains exactly 2 links:
- `<a href="/performance" ...>Performance</a>`
- `<a href="/interaction" ...>Interaction</a>`

This confirms that the interaction page itself only has these 2 top-level navigation links, not sub-pages listed. The sub-pages should be accessible by navigating to the `/interaction` URL and then clicking "Interaction", which would take us to the interaction index page showing all interaction examples.

Wait - looking at the source HTML from earlier, line 10 showed content in the body that included:
`<a href="/interaction/number-change-on-click">...`

This means the sub-links ARE in the page source. Let me reconsider - the interaction page source had content on line 10 that was a long line. The JavaScript showed only 2 links. But the view-source showed more links. This is a contradiction.

Wait, I think I understand now. The `view-source:http://localhost:5173/interaction` was showing the SERVER-SIDE RENDERED (SSR) HTML, which DID contain the sub-routes as links. But the JavaScript has re-hydrated the page differently. OR, the view-source was cached from a different render.

Actually, looking more carefully at the browser display when I was on the view-source page - I saw `<a href="/interaction/number-change-on-click"`. This was in the SSR HTML. But when JavaScript loaded, the page was re-rendered with only the nav links. This is strange SvelteKit behavior.

Let me check the actual rendered page from the view-source more carefully. But instead of doing that - let me look at the actual source file structure using the Sources tab to find what sub-pages exist under the `routes` folder.

Let me close the developer tools and directly try navigating to some known sub-routes of the interaction path. Based on what I saw: `/interaction/number-change-on-click`. Let me also try other common routes that might contain DecoratedBox examples.
[step 35] Action: left_click (49, 128)
[step 35] Reasoning: Good. Now let me understand the app structure better. The app is a SvelteKit test package with two main sections: Performance and Interaction. The interaction section has sub-routes. Let me click "Interaction" in the navigation to see the interaction page.
[step 36] Action: key: F12
[step 36] Reasoning: I can see I'm already at `localhost:5173/interaction` and it still shows the same page with "Performance" and "Interaction" links and the "Test Package" box. The interaction page itself does not show sub-pages.

Looking at the view-source earlier again, the source showed that on line 10, there were links to sub-pages. But those were not rendered in the browser's JS-rendered version. This is likely because the server-rendered HTML (SSR) contained those links but the SvelteKit client-side routing overrode it.

Actually, wait - I re-read the source view screenshot. It was view-source:localhost:5173/interaction and on line 10 I saw: `<a href="/interaction/number-change-on-click"...`. Let me think about this differently.

The SvelteKit app might have the interaction page as a layout that CONTAINS sub-routes. But we're at `/interaction` without a matching child route, so the sub-routes list is empty. The sub-links I saw in view-source might have been from a DIFFERENT cached response.

Let me try another approach - navigate directly to the `/interaction/number-change-on-click` page, and also explore the Sources panel to see all available routes in the source files.

Let me open developer tools again and check the Sources tab to see all available route files.
[step 37] Action: left_click (158, 441)
[step 37] Reasoning: Good, the developer tools are open again. I can see the Elements tab. Let me switch to the Sources tab to look at the file structure of the application.
[step 38] Action: left_click (68, 583)
[step 38] Reasoning: Excellent! Now I can see the Sources tab with the file tree on the left. I can see:
- `top`
- `localhost:5173`
  - `.svelte-kit/generated`
  - `@fs/Users/worker02/b...`
  - `@id/__x00__virtual-...`
  - `@vite`
  - `node_modules/vite/de...`
  - `src/routes`
    - `interaction` (a file, not a folder)

Wait, the `src/routes` folder only shows one item: `interaction`. Let me expand it to see if there are sub-routes.

Also, looking at the code view on the right side (which shows the "interaction" file), I can see on line 10: `<div style="display: contents"> <div style="display: flex; flex-direction: column; gap: 10px;"><a href="/interaction/number-change-on-click" data-svelte-h="svelte-xy0x">Num...`. So this confirms the interaction page DOES have a link to `/interaction/number-change-on-click`.

But why wasn't it visible in the rendered page? Let me look more carefully. I see the interaction file is SHOWING links to sub-pages in its HTML. But when the page is rendered in the browser, only 2 links are visible: "Performance" and "Interaction".

Wait, I think I understand now! The `src/routes/interaction` file is a SERVER-SIDE rendered layout file. Looking at line 10, I can see:
```
<div style="display: contents"> <div style="display: flex; flex-direction: column; gap: 10px;"><a href="/interaction/number-change-on-click" data-svelte-h="svelte-xy0x">Num...
```

This content IS in the HTML source, but it's being HIDDEN or REPLACED by the client-side rendering. The `display: flex; flex-direction: column; gap: 10px;` div contains the interaction sub-links. But when I scroll up in the browser, I see only 2 links!

Actually wait - let me re-look at the rendered page. When I go to `/interaction`, the page shows:
1. "Performance" link (top nav)
2. "Interaction" link (top nav)
3. Gray box with "Test Package" content

But the source shows the page DOES have sub-links to interaction sub-pages. This might mean those links are hidden below the visible area. But I scrolled and didn't see them.

OR - these are links INSIDE the gray "Test Package" box? Let me check by looking at the page's gray box more carefully.

Actually, looking at the source code again on line 10:
```
<div style="display: contents"> <div style="display: flex; flex-direction: column; gap: 10px;"><a href="/interaction/number-change-on-click"...
```

The `display: flex; flex-direction: column; gap: 10px;` div IS the top navigation div (I confirmed this earlier in the Elements tab). So the top navigation shows "Performance" and "Interaction" links, but the source shows there should be more links!

Actually wait, I previously expanded the nav div in Elements and saw ONLY 2 links. But the source file shows more. This means the SOURCE FILE for the `interaction` route represents the interaction INDEX page that should list all sub-routes, NOT the layout.

I think the SvelteKit structure is:
- `src/routes/+layout.svelte` - the top-level layout (has Performance and Interaction nav)
- `src/routes/+page.svelte` - the home page
- `src/routes/interaction` - might be a file that is the interaction INDEX page listing all sub-routes
- The sub-routes under `interaction/` are rendered by navigating to the interaction index page

But clicking "Interaction" navigates to `/interaction` which is rendering something, but NOT the interaction index with sub-links.

Wait - actually, looking at the file tree: I see `src/routes` > `interaction` (it's a FILE, not a folder with an expand arrow). This single file IS the interaction page content.

Actually let me look more carefully at the file tree. Let me click on `src/routes` to expand it.
[step 39] Action: left_click (14, 525)
[step 39] Reasoning: I can see the Sources tab now shows:
- `src/routes`
  - `interaction` (a file, not a folder)

Wait, the `src/routes` folder only has one visible item: `interaction`. But this is a SvelteKit app, so there should be more files. Let me look at the `@fs/Users/worker02/b...` folder which might contain the actual source files. Let me click on it to expand it.
[step 40] Action: left_click (93, 525)
[step 40] Reasoning: I can see the @fs/Users/worker02/b... folder is now expanded (but it seems it expanded to show the src/routes folder already). I can see that `src/routes` is now showing with `interaction` as a file underneath it. 

The important thing is: The `interaction` file in the Sources tab shows the server-rendered HTML content, which includes links to sub-routes like `/interaction/number-change-on-click`. Let me look at the `@fs/Users/worker02/b...` folder to find the actual source files.
[step 41] Action: left_click (14, 525)
[step 41] Reasoning: I can see in the Sources file tree that `@fs/Users/worker02/b...` is now highlighted. Let me click on the triangle/arrow next to it to expand it.
[step 42] Action: left_click (114, 441)
[step 42] Reasoning: I can see the Sources file tree. The `@fs/Users/worker02/b...` folder doesn't seem to be expanding further. Let me try a different approach - use the Console to navigate to the source files. Let me try using the Console tab to find all available routes in the SvelteKit app by looking at the router state.

Let me switch to the Console and run some JavaScript to inspect the router and find all available routes.
[step 43] Action: left_click (640, 510)
[step 43] Reasoning: Good, I can see the Console tab is showing messages from vite. Let me click on the console input area (the `>` prompt at the bottom) and type a command to inspect the SvelteKit router and find all available routes.
[step 44] Action: left_click (97, 509)
[step 44] Reasoning: I can see the console with the `>` prompt. Let me click on the `>` prompt itself.
[step 45] Action: type: fetch('/_app/mani...
[step 45] Reasoning: I see that I've clicked on the console prompt. Now I can type in the console. Let me type a JavaScript command to get information about SvelteKit's app manifest or routing information.
[step 46] Action: key: Return
[step 46] Reasoning: The command has been typed but hasn't been executed yet. Let me press Enter to execute it.
[step 47] Action: left_click (400, 509)
[step 47] Reasoning: Hmm, it seems the console command isn't being typed into the console input area. The console still shows the same output without any new entries. Let me click directly on the console input area at the bottom where the `>` symbol is.

Looking at the screenshot, the console shows `[vite] connecting...` and `[vite] connected.` with a `>` prompt on the left side of the console at the bottom. Let me try clicking right next to the `>` symbol.
[step 48] Action: left_click (105, 509)
[step 48] Reasoning: I can see the console but I'm having trouble interacting with the console input. The `>` prompt is visible at around y=509. Let me try pressing Escape first to clear any state, then click exactly on the `>` symbol and try typing.

Actually, looking at the console layout, the `>` symbol appears at the very bottom left of the console area. It seems the console IS the input area and clicking elsewhere in it doesn't activate the input. Let me try clicking right on the `>` arrow at the bottom.
[step 49] Action: Minimize panel
[step 49] Reasoning: I can see the console with `[vite] connecting...` and `[vite] connected.` with a `>` prompt on line 509. The console input seems to be the area right after the `>`. Let me try pressing Escape first to clear any selection, then try a different approach.

Let me try a completely different approach. Instead of trying to type in the console, let me close the developer tools and directly navigate to the pages I know about from the source. I already know from the view-source that there's a page at `/interaction/number-change-on-click`. Let me also try to find if there are other pages by using the Network tab to see what requests are made.

But first, let me try the most direct approach: navigate directly to potential DecoratedBox example routes.
[step 50] Action: left_click (640, 510)
[step 50] Reasoning: The panel is minimized. Now I can see the console better. I can see the `>` prompt with a cursor on line 509. The console input is clearly active (I can see the cursor blinking after `>|`). Let me type the command directly.
[step 51] Action: type: document.querySel...
[step 51] Reasoning: Good, I can see `> |` at the bottom which shows a cursor after the `>` prompt. The console input is active. Now let me type a JavaScript command to find all the links on the page.
[step 52] Action: left_click (765, 33)
[step 52] Reasoning: The console executed the command. I can see:
- `> document.querySelectorAll('a')`
- `< NodeList(2) [a, a]`

So the page only has 2 anchor elements (Performance and Interaction nav links). The interaction page does NOT show any sub-links. This confirms that the `/interaction` page only shows the top navigation.

Wait - but I clearly saw `/interaction/number-change-on-click` in the source HTML. That was the SERVER-SIDE rendered content. But when the client-side JavaScript runs, the interaction page shows only 2 links. Something strange is happening.

Let me look at the view-source tab to understand this better. The view-source was `view-source:localhost:5173/interaction`. Let me navigate to the view-source page and look at the full HTML content, especially the body part.

Actually, I think I understand now. Looking back at the view-source image:
- Line 10 in the body showed: `<div style="display: contents"> <div style="display: flex; flex-direction: column; gap: 10px;"><a href="/interaction/number-change-on-click" data-svelte-h="svelte-xy0x">Num...`

The `data-svelte-h="svelte-xy0x"` attribute is a SvelteKit hash for server-side rendered content. When JavaScript loads (the client bundle), it REPLACES this server-rendered content with the actual client-side rendered content. The interaction INDEX page (server-rendered) shows sub-links, but the client-side JavaScript hydrates the page differently.

Wait, that doesn't make sense either. The SSR HTML should match the client-side rendering.

Let me think about this differently. Perhaps the `src/routes/interaction` FILE I saw in Sources is not the route file but the SSR-rendered HTML. The actual SvelteKit routes would be in `src/routes/interaction/+page.svelte` or `src/routes/interaction/+layout.svelte`.

Let me take a completely different approach. Let me navigate to the view-source tab and read ALL the links from the server-rendered HTML.
[step 53] Action: key: ctrl+f
[step 53] Reasoning: Excellent! Now I can see the view-source of the interaction page. On line 10, I can see:
```
<div style="display: contents">  <div style="display: flex; flex-direction: column; gap: 10px;"><a href="/interaction/number-change-on-click" data-sve...
```

The line is cut off. Let me scroll right to see the full content of line 10 to find all the sub-route links.
[step 54] Action: left_click (640, 244)
[step 54] Reasoning: The Ctrl+F didn't open a visible search dialog. Let me try clicking on the page content first, then use Ctrl+F.
[step 55] Action: key: ctrl+f
[step 55] Reasoning: I'm looking at the view-source of the interaction page. I can see on line 10, the content includes multiple links. The line is very long and scrolls horizontally. Let me use Ctrl+F to search for "href" in this page.
[step 56] Action: left_click (640, 244)
[step 56] Reasoning: The Ctrl+F doesn't seem to be working in this view-source page. Let me look at line 10 in the source view more carefully. I can see the hyperlink to `/interaction/number-change-on-click` is highlighted in blue. This is the SSR rendered HTML that contains the list of interaction sub-pages. 

Rather than trying to navigate through the source code, let me take a more pragmatic approach. I know from the source that the `/interaction` page SHOULD show links to sub-pages. But the rendered page only shows 2 navigation links.

Wait - I think I understand now! Looking at the interaction page rendering:
- The page shows "Performance" and "Interaction" as nav links
- Below that shows a gray box with "Test Package" description

The "Interaction" link IS the sub-page list! When I'm at `/interaction`, the PAGE shows the list of interaction sub-examples. But wait, I saw it only shows "Performance" and "Interaction" and the gray box.

Actually, let me re-read the HTML from the interaction page more carefully. I see on line 10:
```
<div style="display: contents">  <div style="display: flex; flex-direction: column; gap: 10px;"><a href="/interaction/number-change-on-click"...
```

The outer `div style="display: contents"` is the SvelteKit rendering wrapper. The inner `div style="display: flex; flex-direction: column; gap: 10px;"` contains the links. In the rendered page, I saw TWO links. But WAIT - looking at the Elements tab earlier, the div with `display: flex; flex-direction: column; gap: 10px;` was the NAVIGATION div with Performance and Interaction. 

Unless... this is the PAGE content div, and it's SEPARATE from the nav. Let me look again at the rendered interaction page Elements. I need to check if there's a SECOND div with `display: flex; flex-direction: column; gap: 10px;` that's the sub-pages list.

Actually, I recall from the Elements tab earlier: The DOM showed:
1. `<div style="display: flex; flex-direction: column; gap: 10px;">` - nav with 2 links
2. `<div style="padding: 20px; background-color: rgb(240, 240, 240);...">` - the gray "Test Package" box
3. `<!--<page>-->` - comment placeholder for page content
4. `<!--<Layout>-->` - another comment

Wait! There were comment placeholders: `<!--<page>-->` and `<!--<Layout>-->`. This means the CLIENT-SIDE rendering replaced the SSR content with EMPTY placeholders. The sub-pages list that should be in the interaction page is not being rendered client-side.

But the source shows it IS rendered (there are links to sub-pages in line 10). This is very confusing. Let me scroll down in the view-source page to see the FULL content of line 10.

Let me scroll the current view-source page horizontally to see the rest of line 10.
[step 57] Action: Open url: http://localhost:5173
[step 57] Reasoning: I can see line 10 is showing the content with a link to `/interaction/number-change-on-click`. The line wraps off to the right. Instead of trying to read the whole line, let me try a completely different approach.

Looking at what I know:
1. The `view-source:localhost:5173/interaction` shows the SSR rendered HTML with links to interaction sub-pages
2. The client-rendered page only shows 2 links (Performance and Interaction)

This STRONGLY suggests a BUG: The interaction index page (which should list all interaction examples) is NOT rendering its content in the client-side JavaScript. The SSR content is being replaced with empty content.

But wait - I know there's at least one sub-page: `/interaction/number-change-on-click`. Let me navigate directly to this page and see what it shows. I might find more links from there.

But actually, what I should be doing is FINDING the DecoratedBox example. Let me try navigating to some potential DecoratedBox routes directly. Based on the flitter framework (which seems to be a Flutter-like rendering framework for the web), the routes might be named like:
- `/interaction/decorated-box`
- `/decorated-box`
- `/canvas/decorated-box`

Let me also check the view-source line 10 more carefully by scrolling horizontally.

Actually, I notice something in the view-source - looking at the `node_ids: [0, 3]` in line 29. This tells us how many server-rendered nodes there are (3 nodes, ids 0 to 2). The SSR content on line 10 is a compressed representation of the whole page including the interaction sub-links.

Let me take a completely different approach. Let me navigate to the `localhost:5173` page and look for a way to expand the interaction menu or find all available examples.

Let me navigate to the main page first.
[step 58] Action: key: F12
[step 58] Reasoning: I can see the main page of the flitter application at localhost:5173. It shows "Performance" and "Interaction" as nav links, and a "Test Package" description box. This is the home page.

Looking at the view-source earlier, I can see that the interaction page HAD content in line 10 that includes a link to `/interaction/number-change-on-click`. The interaction page is supposed to show a list of examples.

But the problem is that the interaction INDEX page is not rendering the list of examples in the browser. This is likely a BUG in the application.

However, I know the sub-page `/interaction/number-change-on-click` exists. Let me directly navigate to it and see if there are other sub-pages linked from there. Let me also try to navigate to the interaction page directly and look at its full source.

But first, let me try to read the full content of the view-source:interaction page by fetching it as text. Let me navigate to the view-source page and use the browser's search functionality to find all "href" links.

Actually, a much simpler approach: Let me navigate to the view-source page and look at line 10 by scrolling horizontally. Or better yet, let me use the Network tab to find all the source files loaded by the app, which will reveal the routes.

Actually, I know the most efficient approach now: Look at the `flitter` GitHub repository structure or check the source files via the Sources tab in DevTools. Let me use the Sources tab to navigate through the app's source files and find all available routes.

Let me open DevTools and navigate to the Sources tab.
[step 59] Action: left_click (640, 523)
[step 59] Reasoning: I can see DevTools is open with the Console tab showing. There's a warning about "Fetch event handler is recognized as no-op. No-op fetch handler may bring overhead during navigation. Consider removing the handler if possible."

More importantly, I can see the console prompt `>` at the bottom. The console input is ready. Let me click on the console area and type a command to look at SvelteKit's routing manifest to find all available pages.
[step 60] Action: type: fetch('http://loc...
[step 60] Reasoning: I can see the console prompt `> |` at the bottom, indicating the console input is active. Let me type a command to fetch and display all available routes from the SvelteKit app manifest.
[step 61] Action: key: Return
[step 61] Reasoning: I can see the command has been typed in the console. Let me press Enter to execute it.
[step 62] Action: scroll up (640, 560) scroll_amount 3
[step 62] Reasoning: Excellent! The command executed and returned a list of href values from the interaction page. I can see:
- `href="./favicon.png"`
- `href="/interaction/number-change-on-click"` 
- `href="/interaction/bubbling-on-nest-child-click"`
- `href="/interaction/stop-bubbling-on-nest-child-click"`
- `href="/interaction/hover-effect"`
- `href="/interaction/set-state-on-post-frame-callback"`

These are the interaction sub-routes. The list seems to be incomplete (the view is cut off at the top). Let me scroll up to see if there are more routes, and also check if there's any route related to "DecoratedBox".

None of the visible routes seem to be directly related to DecoratedBox. Let me scroll up in the console output to see if there are more routes listed above `/favicon.png`.
[step 63] Action: left_click (640, 610)
[step 63] Reasoning: I can see the console output now. The full list of hrefs from the interaction page is:
- `href="./favicon.png"`
- `href="/interaction/number-change-on-click"`
- `href="/interaction/bubbling-on-nest-child-click"`
- `href="/interaction/stop-bubbling-on-nest-child-click"`
- `href="/interaction/hover-effect"`
- `href="/interaction/set-state-on-post-frame-callback"`

These are 5 interaction sub-routes. None of them mention "DecoratedBox". However, I should also check the Performance page for DecoratedBox examples, and look at what the interaction page sub-pages contain (they might use DecoratedBox internally).

Also, I should note that the interaction page is NOT rendering the sub-links in the browser's rendered view - the JavaScript replaces the server-rendered content but doesn't show the sub-links list. This is a bug (or the page is supposed to only show nav links without sub-page list).

Let me also check the Performance page for any routes that might contain DecoratedBox. Let me do the same fetch for the performance page.
[step 64] Action: type: fetch('http://loc...
[step 64] Reasoning: I can see the console input prompt `> |`. The console is ready for input. Now let me fetch the performance page hrefs to see if there are any DecoratedBox examples there.
[step 65] Action: key: Return
[step 65] Reasoning: I can see the command is typed but not yet executed. Let me press Enter to execute it.
[step 66] Action: Open url: http://localhost:5173/interaction/hover-effect
[step 66] Reasoning: I can now see the results from the performance page. The performance page contains:
- `href="./favicon.png"`
- `href="/performance/diagram"`

So the performance page only has one sub-route: `/performance/diagram`.

And the interaction page sub-routes are:
- `/interaction/number-change-on-click`
- `/interaction/bubbling-on-nest-child-click`
- `/interaction/stop-bubbling-on-nest-child-click`
- `/interaction/hover-effect`
- `/interaction/set-state-on-post-frame-callback`

None of these routes explicitly mention "DecoratedBox". However, these interaction examples might USE DecoratedBox internally. Let me now navigate to each of these interaction pages to check if any of them use DecoratedBox with background color and border-radius.

But first, let me also check if there's a dedicated page for Canvas/DecoratedBox by trying some guessed routes.

Let me also check what the existing tab shows at `localhost:5173/sliders` - wait, that was a "localhost" tab that might have been a different port. Let me look at the tabs I have open:
1. localhost (first tab - might be localhost without port)
2. localhost (second tab)
3. localhost:5173/performance 
4. localhost:5173
5. view-source:localhost:5173/
6. localhost:5173/interaction
7. localhost:5173 (current)

Let me check the first two "localhost" tabs to see what they are. They might be at a different port with different content.

First, let me check the interaction sub-pages one by one to find DecoratedBox usage. Let me navigate to `/interaction/hover-effect` as that's likely to use decorated boxes for visual effects.
[step 67] Action: key: F12
[step 67] Reasoning: I can see the `/interaction/hover-effect` page. It shows a yellow box with "hover me" text. This is clearly a Canvas-rendered component. The yellow box appears to be a DecoratedBox with a yellow background. Let me hover over it to see the hover effect.

But more importantly, I need to check if this box uses background color AND border-radius. Looking at the current state:
- The yellow box has a yellow/orange background color
- I can't tell if it has border-radius from this view (it appears to be a rectangle)

Let me inspect this element with DevTools to understand what's rendering it.
[step 68] Action: left_click (67, 441)
[step 68] Reasoning: I can see the DevTools console with an important message: `Module "perf_hooks" has been externalized for browser compatibility. Cannot access "perf_hooks.performance" in client code.` This is a module compatibility warning. But more importantly, this confirms the app is running with a Canvas renderer.

The yellow box "hover me" is rendered on the Canvas. It appears to be a simple colored rectangle without visible border-radius. 

Let me check the Elements tab to see if the page uses a Canvas element.
[step 69] Action: left_click (22, 499)
[step 69] Reasoning: I can see the Elements tab. The DOM structure shows:
- `<body data-sveltekit-preload-data="hover">` == $0
  - `<head>...</head>` (collapsed)
  - `<div style="display: contents">...</div>` 

Wait, this is strange. The body shows `<head>` as a child? That doesn't look right. Let me look more carefully at the DOM structure. I can see:
- `<!DOCTYPE html>`
- `<html lang="en">`
- `<head>--</head>` 
- `<body data-sveltekit-preload-data="hover">` == $0
  - `<div style="display: contents">...</div>`
- `</body>`
- `</html>`

The `<div style="display: contents">` is the SvelteKit wrapper div that contains the page content. But the DOM view is showing the body is selected ($0). And the box model shows 1264x300 size.

Wait - the body is 1264x300? That's interesting. The page content (the yellow "hover me" box) is at the top of the page, so the body should be tall. But 1264x300 seems like it could be the dimensions of the content area or a Canvas element.

Let me expand the `<div style="display: contents">` to see if there's a Canvas element inside.
[step 70] Action: left_click (29, 510)
[step 70] Reasoning: Excellent! Now I can see the expanded DOM structure inside `<div style="display: contents">`. I can see:
- `<div style="--width: 100%; --height: 300px; class="s-0qM_O1iJ5cNd">...</div>` - This is the Widget div with auto width/height dimensions
- `<!--Widget-->`
- `<!--<page>-->`
- `<!--<Layout>-->`
- `<div id="svelte-announcer" aria-live="assertive" ...>` - accessibility div

The key element is `<div style="--width: 100%; --height: 300px" class="s-0qM_O1iJ5cNd">`. This div is likely the Canvas container with a height of 300px. Let me expand this div to see if there's a Canvas element inside.
[step 71] Action: left_click (36, 521)
[step 71] Reasoning: Excellent! Now I can clearly see the DOM structure. The `<div style="--width: 100%; --height: 300px" class="s-0qM_O1iJ5cNd">` div contains an `<svg class="flitter s-0qM_O1iJ5cNd">...` element! This is the key finding:

**The flitter framework uses SVG, not Canvas, for rendering!**

The app renders an SVG element with class "flitter". The "hover me" box is rendered inside this SVG. The Styles panel on the right shows:
- `div.s-0qM_O1iJ5cNd { --width: 100%; height: var(--height); }` 

So this confirms the rendering is done via SVG, not a `<canvas>` element. The task asks about "Canvas渲染模式" (Canvas rendering mode), but looking at the actual implementation, this app uses SVG rendering.

Let me look more closely at the SVG element to understand how the DecoratedBox is rendered. Let me expand the SVG element to see its children.
[step 72] Action: left_click (44, 531)
[step 72] Reasoning: This is a crucial finding! Inside the `<svg class="flitter s-0qM_O1iJ5cNd">`, I can now see:
- `<g data-render-type="RenderColoredBox" pointer-events="none">...</g>` - This is the DecoratedBox with colored background!
- `<g data-render-type="RenderParagraph" pointer-events="none">...</g>` - This is the text "hover me"

The `data-render-type="RenderColoredBox"` clearly identifies this as a DecoratedBox renderer! The framework renders a colored box using SVG (not Canvas as I initially thought).

Now I need to:
1. Check if this RenderColoredBox has both a background color AND border-radius
2. Verify that the background color is correctly clipped to the border-radius

Let me expand the `<g data-render-type="RenderColoredBox">` to see its SVG children and understand how the border-radius and background color are applied.
[step 73] Action: key: F12
[step 73] Reasoning: Now I can see the expanded `<g data-render-type="RenderColoredBox">`. Inside it, there's:
- `<rect data-render-name="rect" fill="yellow" width="61" height="19.2" style="transform: matrix3d(1, 0, 0, 0, 0, 1, 0, 0, 0, 0, 1, 0, 601.5, 140.4, 0, 1);"></rect>`

This is the yellow rectangle that draws the background of the "hover me" box. Looking at the attributes:
- `fill="yellow"` - the background color is yellow
- `width="61"` - width is 61px
- `height="19.2"` - height is 19.2px
- No `rx` or `ry` attributes (which would indicate border-radius in SVG)

This is the `rect` element that draws the background. It does NOT have any `rx` or `ry` attributes, which means there's NO border-radius applied to this hover effect box.

The Styles panel on the right shows:
- `g[AttributeSelector] { pointer-events: none; }` - styling for the `<g>` element
- `style attribute { --width: 100%; --height: 300px; }` 

Now I understand the structure. The hover-effect page shows a simple colored box with a background color but WITHOUT border-radius. This is NOT the example I need to test.

I need to find an example that has BOTH background color AND border-radius. Let me look at the other interaction sub-pages. But first, let me check if the hover-effect has any border-radius by interacting with it (hovering to see if the border-radius changes on hover).

Actually, looking at the current element, the `RenderColoredBox` uses an SVG `<rect>` without any `rx` value. The box in the current state has no border-radius.

But wait - I need to check ALL the interaction examples to see if ANY of them use DecoratedBox with both background color AND border-radius. The task says to find or CREATE a DecoratedBox example with both properties.

Let me navigate through the other interaction pages. But first, let me check what the "number-change-on-click" page shows.

Actually, looking at the task requirements again - the task says: "找到或创建一个使用DecoratedBox的示例，该示例同时应用了背景颜色和border-radius（圆角）"

The current hover-effect uses RenderColoredBox (which corresponds to DecoratedBox in Flutter) with yellow background, but NO border-radius. I need to find a page that uses BOTH.

Let me check the other interaction pages for border-radius usage. Let me navigate to them.

Also - I realize now that this app uses SVG rendering, not Canvas rendering (despite the task mentioning Canvas). The `<svg class="flitter">` element IS the rendering surface. This might be what the task calls "Canvas渲染模式" - the framework's own rendering mode that uses SVG as the underlying technology.

Let me navigate to check other pages for DecoratedBox with border-radius. Let me close DevTools first and navigate to the other interaction pages.

Let me also re-examine the hover-effect: the task says "hover effect". When I hover over the "hover me" box, does it change to have border-radius?

Let me close DevTools and hover over the box to observe the change.
[step 74] Action: mouse_move (639, 237)
[step 74] Reasoning: I can see the hover-effect page with the "hover me" yellow box. The yellow box appears to be a simple rectangle without visible border-radius. Let me hover over it to see the hover effect and any visual changes.

First, let me note that the current rendering shows a yellow rectangle with text "hover me" - it appears to be a DecoratedBox with yellow background color but no visible border-radius. The corners of the box appear to be sharp (90 degree) rather than rounded.

Let me hover over the "hover me" box to see the hover effect.
[step 75] Action: left_click (97, 33)
[step 75] Reasoning: When hovering over the "hover me" box, a "tooltip" text appears below it. The yellow box still has no visible border-radius - it appears as a sharp-cornered rectangle. The hover effect simply shows a "tooltip" text.

This hover-effect page doesn't appear to have border-radius. Let me check the other interaction pages. Let me also look at the source code of the hover-effect page via the Source tab to understand what it's using (DecoratedBox parameters).

But first, let me note a visual observation: The "hover me" text and the yellow background appear to be a DecoratedBox with yellow fill but no border-radius. The current hover interaction only shows a tooltip text.

Now, let me check if any of the other interaction pages have DecoratedBox with border-radius. Let me navigate to the other pages. Let me also check what's on the two "localhost" tabs (without port number) - they might have different content.

Let me first navigate to the first "localhost" tab.
[step 76] Action: left_click (265, 33)
[step 76] Reasoning: The first "localhost" tab shows `localhost:5173/#waves-and-ripples` - but it's showing a connection error (ERR_CONNECTION_REFUSED) because it seems to be trying to connect to a different port (just "localhost" without the 5173 port). The URL is `localhost:5173/#waves-and-ripples` but the tab shows an error. Wait, the URL bar says `localhost:5173/#waves-and-ripples` but the page shows "无法访问此网站" (Cannot access this website). This is strange.

Wait - looking at the address bar: `localhost:5173/#waves-and-ripples`. This is a hash route at localhost:5173. Why is it showing a connection error? Oh wait, I see - the page title says "localhost" (without the port number) but the URL says `localhost:5173/#waves-and-ripples`. Actually I'm confused - the tab title shows just "localhost" which is the title of the error page (Chrome shows the domain as the tab title when there's an error).

Wait, looking more carefully - the URL is `localhost:5173/#waves-and-ripples`. This should be accessible since localhost:5173 is running. But it's showing ERR_CONNECTION_REFUSED. That's odd.

Actually wait - looking at the URL bar again: `localhost:5173/#waves-and-ripples`. Hmm, but it shows the error. Let me check - maybe this tab is pointing to a different URL. Let me look at the second "localhost" tab.
[step 77] Action: Open url: http://localhost:5173/interaction/number-change-on-click
[step 77] Reasoning: The second "localhost" tab shows `localhost:5173/sliders` - but it's also showing a connection error! That's very odd since we know localhost:5173 is running. 

Wait - I think I understand. These tabs might be trying to connect to localhost on port 80 (the default HTTP port), not port 5173. The URL bar shows `localhost:5173/sliders` but the error page shows it can't connect. This might be a display issue in the tab/address bar.

Actually, looking at the Chrome address bar, it clearly says `localhost:5173/sliders` in the second tab. But it shows ERR_CONNECTION_REFUSED. This is very confusing.

Actually wait - maybe these tabs have already been loaded once (from a different session when the server was at a different port), and now when they try to reconnect, the server has changed. Or perhaps the port 5173 was accessible but these pages are at routes that don't exist (`/sliders`).

Wait, but port 5173 IS accessible (we've been navigating to it just fine). The `/sliders` route might not exist in the SvelteKit app, which would return a 404, not ERR_CONNECTION_REFUSED.

Let me think... ERR_CONNECTION_REFUSED means the server refused the connection entirely, which would mean the server isn't running on that port. But we've been successfully loading pages from localhost:5173 in other tabs! 

Oh I think I understand - these two "localhost" tabs might actually be pointing to localhost WITHOUT the port (i.e., `http://localhost/` on port 80), and the URL bar is showing the wrong URL. Or Chrome is caching the old URL.

Let me not worry about these tabs and focus on finding the DecoratedBox example. Let me navigate to the interaction pages to find one with border-radius.

Let me go back to the localhost:5173 page and check all interaction sub-pages. Let me navigate to each one to look for DecoratedBox with both background color and border-radius.
[step 78] Action: Open url: http://localhost:5173/interaction/bubbling-on-nest-child-click
[step 78] Reasoning: The "number-change-on-click" page shows a yellow "click" box at the top and a "0" number below it. This is a simple counter - clicking increments the number. The yellow box appears to be a DecoratedBox with yellow background, no border-radius visible.

Let me check the other interaction pages. Let me navigate to the bubbling examples and set-state examples.

Let me also check for any pages that might have decorated boxes with border-radius by inspecting the source code via fetch in the console. But first, let me navigate through the remaining pages quickly.
[step 79] Action: Open url: http://localhost:5173/interaction/stop-bubbling-on-nest-child-click
[step 79] Reasoning: The "bubbling-on-nest-child-click" page also shows the same pattern: a yellow "click" box and a "0" counter. Same as before - yellow background, no visible border-radius.

Let me check the remaining pages quickly.
[step 80] Action: left_click (640, 300)
[step 80] Reasoning: The "stop-bubbling-on-nest-child-click" page also shows the same "click" box and "0" counter. The "click" box appears to be just the text without the yellow background this time (it looks different - it doesn't have a colored background like the others).

Wait, looking more carefully at the "click" text - it appears to be in black text without a yellow background. This is interesting. Let me close the popup tooltip (from hovering over a tab) and look more carefully.

Let me click somewhere to dismiss the popup.
[step 81] Action: Open url: http://localhost:5173/interaction/set-state-on-post-frame-callback
[step 81] Reasoning: I can see the stop-bubbling page clearly now. It shows just the text "click" without a yellow background (unlike the previous pages which had yellow backgrounds). This means the RenderColoredBox or DecoratedBox here doesn't have the yellow background color visible - or it might be using a transparent/white background.

Let me check the last interaction page - set-state-on-post-frame-callback.
[step 82] Action: Open url: http://localhost:5173/performance/diagram
[step 82] Reasoning: The "set-state-on-post-frame-callback" page also shows "click" text without background color and "0" counter. Same pattern as the stop-bubbling page.

Now let me check the performance page. Let me navigate to `/performance/diagram`.
[step 83] Action: left_click (32, 98)
[step 83] Reasoning: The performance/diagram page shows a "Show" button and a large gray area below it. This is clearly using some kind of Canvas or SVG rendering to display a performance diagram. Let me click "Show" to see what it reveals.
[step 84] Action: key: F12
[step 84] Reasoning: Excellent! The "performance/diagram" page reveals a database schema diagram rendered on a flitter Canvas/SVG surface. I can see several database table boxes (space, post, post_content, meta_content, refresh_queue) rendered as dark-colored boxes on a gray background with connecting lines.

Looking at the rendered boxes:
- Each box appears to be a **DecoratedBox** with:
  - **Dark background color** (near-black dark color)
  - **Sharp corners** - no visible border-radius (corners appear to be right angles)

Wait, I notice something interesting! The boxes appear to have SHARP corners (no border-radius). But let me zoom in to check if there are actually rounded corners that might be hard to see at this zoom level.

Actually, looking more carefully at the corners of the boxes (e.g., the "space" table box in the top-left) - the corners appear to be SHARP (90 degrees), not rounded. However, looking at the header sections of each box (like "space", "post", "post_content"), they appear to be dark-colored divs with text.

The interesting question for the task is: Are any of these boxes using border-radius along with background color?

Let me inspect the DOM of this page to understand how the boxes are rendered. Let me open DevTools and inspect the SVG elements.
[step 85] Action: left_click (22, 499)
[step 85] Reasoning: I can see the DevTools Elements panel showing the body element is selected. The DOM shows:
- `<!DOCTYPE html>`
- `<html lang="en">`
- `<head>--</head>`
- `<body data-sveltekit-preload-data="hover">` == $0
  - `<div style="display: contents">...</div>`
- `</body>`
- `</html>`

The box model in the Styles panel shows the body has 1264x355 dimensions (the inner content area). The diagram is rendered on the page. 

But wait - looking at the rendered diagram, I see the dark table boxes appear to have SHARP corners. Let me use the element inspector to look inside the `<div style="display: contents">` to see the SVG structure.

Let me expand the `<div style="display: contents">` element.
[step 86] Action: left_click (29, 521)
[step 86] Reasoning: Now I can see the expanded DOM structure inside `<div style="display: contents">`:
- `<div class="s-ga4lBAxvZmZl">` (collapsed, has triangular expand arrow)
- `<div class="diagram-wrapper s-ga4lBAxvZmZl">` (collapsed, this is the diagram wrapper!)
- `<!--<page>-->`
- `<!--<Layout>-->`
- `<div id="svelte-announcer"...>`
- `<!--<Root>-->`

The key element is `<div class="diagram-wrapper s-ga4lBAxvZmZl">`. This is the wrapper for the diagram (which contains the flitter rendering). Let me expand it to see the SVG structure.
[step 87] Action: left_click (37, 531)
[step 87] Reasoning: Now I can see the expanded DOM structure. Inside `<div class="diagram-wrapper s-ga4lBAxvZmZl">`:
- `<div class="s-0qM_O1iJ5cNd" style="--width: 100%; --height: 100%;">...</div>`
- `<!--<diagram>-->`

The Styles panel on the right shows:
- `.diagram-wrapper.s-ga4lBAxvZmZl { padding: 16px; width: 100%; height: 500px; background-color: darkgrey; }` - this is the diagram wrapper with a darkgrey background
- `<style> { display: block; unicode-bidi: isolate; }` (user agent stylesheet)

And there are 12 messages, 4 user messages, 7 errors, 1 info in the console. The errors are notable - let me check them.

But first, let me look at the inner `<div class="s-0qM_O1iJ5cNd" style="--width: 100%; --height: 100%;">` which should contain the flitter SVG rendering.
[step 88] Action: left_click (44, 542)
[step 88] Reasoning: Now I can see the key structure! Inside the `<div class="s-0qM_O1iJ5cNd" style="--width: 100%; --height: 100%;">` there is:
- `<svg class="flitter s-0qM_O1iJ5cNd" preserveAspectRatio="none" viewBox="0 0 1264 500">` -- this is the main SVG rendering surface with viewBox="0 0 1264 500"

The styles panel on the right shows:
- `div.s-0qM_O1iJ5cNd { width: var(--width); height: var(--height); }`
- `.s-0qM_O1iJ5cNd { }` (empty)

And there are now 27 messages, 4 user messages, 22 errors, 2 warnings in the console. There are 22 ERRORS! This is very concerning and suggests the rendering might be broken.

Also critically important: **The SVG has viewBox="0 0 1264 500"** - this is the rendering canvas. The flitter framework uses an SVG element to render all the boxes. 

The console shows 22 errors. Let me check the console to see what errors are occurring, as they might be related to rendering issues including the border-radius clipping problem.

But first, let me expand the SVG to see the `<g data-render-type="RenderDecoratedBox">` elements (if any) that might have border-radius.
[step 89] Action: left_click (114, 441)
[step 89] Reasoning: Excellent! Now I can see the CRITICAL information! The SVG element is expanded and shows:
1. Multiple `<g data-render-type="RenderCustomPaint" pointer-events="none">` elements
2. A `<g data-render-type="RenderColoredBox" pointer-events="none">` element (near the bottom of the visible list!)
3. A `<g data-render-type="RenderParagraph" pointer-events="none">` element

The Styles panel on the right shows very important information:
- `.flitter.s-0qM_O1iJ5cNd { height: 100%; }` - the SVG has full height
- `.s-0qM_O1iJ5cNd { }` (empty)
- `svg:not(:root) { overflow-clip-margin: content-box; overflow: hidden; }` ← **USER AGENT STYLESHEET** - this is the browser's default SVG overflow behavior

And importantly, the error count has increased to **37 errors**! This is very significant - there are rendering errors happening.

Also, looking at the SVG elements listed:
- Many `RenderCustomPaint` elements
- One `RenderColoredBox` element (near the bottom)
- One `RenderParagraph` element

The `RenderCustomPaint` elements are likely being used for the custom-painted table boxes (using Canvas-like custom painting). The `RenderColoredBox` element is a specific colored box.

Wait - looking at the diagram rendering from the visual, the table boxes (space, post, post_content) are being rendered as dark boxes on the gray background. Given the `RenderCustomPaint` elements, these boxes might be drawn using a custom paint approach (similar to Flutter's CustomPainter) rather than a simple DecoratedBox.

Now, the key question is: Is the `RenderColoredBox` in this diagram using BOTH background color AND border-radius? And are there any `RenderDecoratedBox` elements?

Also there are now 37 errors in the console! Let me check what those errors are - they could be related to the rendering issues with DecoratedBox.

Let me click on the Console tab to see the errors.
[step 90] Action: left_click (640, 642)
[step 90] Reasoning: This is very revealing! The Console tab shows:
- **60 messages**
- **4 user messages**
- **55 errors** (increased from 37)
- **2 warnings**
- **1 info**

And in the error list, I can see multiple:
```
GET http://localhost:5173/  net::ERR_CONNECTION_REFUSED  fetcher.js?v=1ec3ee05:65
```

So there are 55+ GET requests to `http://localhost:5173/` that are failing with `ERR_CONNECTION_REFUSED`! This means the flitter application is trying to fetch data from localhost:5173 but getting connection refused errors. But we ARE successfully loading the app from localhost:5173...

Wait - looking at the URL: `GET http://localhost:5173/` (without a port number in the error might be misleading). Actually, looking at the URL shown: `http://localhost:5173/` - this IS localhost with port 5173. But why is it getting ERR_CONNECTION_REFUSED when the app itself is running on localhost:5173?

Actually, I think I understand now. These might be requests to localhost WITHOUT port 5173 (i.e., http://localhost/ on port 80). The URL shown as `http://localhost:5173/` might be the app that launched the request, not the target URL. Let me look more carefully at the error messages. The error shows:
`GET http://localhost:5173/  net::ERR_CONNECTION_REFUSED`

This is very interesting because the app IS running on localhost:5173 (we're viewing it right now). But some internal fetch calls to `http://localhost:5173/` are failing. 

Wait - looking at the column structure of the Console: It seems the format is:
`[icon] [GET|POST] [URL] [error message]   [source file]`

So the requests are:
- `GET http://localhost:5173/ net::ERR_CONNECTION_REFUSED` from `fetcher.js?v=1ec3ee05:65`

The `fetcher.js` file at line 65 is making GET requests to `http://localhost:5173/` that fail. The performance diagram might be trying to fetch data from a backend API that's not running. 

The `http://localhost:5173/` URL in the error message is suspicious - it looks like the flitter performance diagram is trying to fetch data from the same server (perhaps via Server-Sent Events or WebSocket), and those connections are failing.

Actually wait - let me re-read the error. The format `GET http://localhost:5173/  net::ERR_CONNECTION_REFUSED` shows:
- HTTP Method: GET
- URL: `http://localhost:5173/` 
- Error: `net::ERR_CONNECTION_REFUSED`
- Source: `fetcher.js?v=1ec3ee05:65`

But the app IS accessible at `http://localhost:5173/`! This doesn't make sense unless there's a SPECIFIC endpoint at `http://localhost:5173/` that returns a different result than the HTML page, OR if these are WebSocket connection attempts being shown as GET requests.

Actually, flitter might have a WebSocket connection for real-time rendering updates, and the WebSocket server is not running. These `ERR_CONNECTION_REFUSED` errors might be WebSocket upgrade requests being shown as GET requests.

However, looking at the rendered diagram - it IS showing content despite the errors. So the basic rendering is working. The errors might be for some data-fetching feature (like fetching the actual schema data from a backend database).

This is getting complex. Let me re-focus on the core task: Finding a DecoratedBox with BOTH background color AND border-radius.

I've checked all available pages:
1. `/interaction/number-change-on-click` - yellow box, no border-radius
2. `/interaction/bubbling-on-nest-child-click` - yellow box, no border-radius
3. `/interaction/stop-bubbling-on-nest-child-click` - text only, no colored box
4. `/interaction/hover-effect` - yellow box, no border-radius
5. `/interaction/set-state-on-post-frame-callback` - text only, no colored box
6. `/performance/diagram` - dark boxes, uses RenderCustomPaint (not DecoratedBox), no visible border-radius

None of the available pages use DecoratedBox with BOTH background color AND border-radius.

Let me look more carefully at the source code to see if any of the pages might have a DecoratedBox with border-radius that I might have missed. Let me use the console to search through the SVG elements more carefully.

Actually, let me take a step back and think about what "DecoratedBox" is in the flitter framework. In Flutter, `DecoratedBox` is a widget that paints a `BoxDecoration` behind or in front of its child. A `BoxDecoration` can have:
- `color` (background color)
- `borderRadius` (corner radius)
- `boxShadow`
- border, image, etc.

In the SVG rendering of the flitter framework, I saw `<g data-render-type="RenderColoredBox">` in the hover-effect page. But there's also a `<g data-render-type="RenderDecoratedBox">` which would be the actual DecoratedBox renderer. 

Let me search for "RenderDecoratedBox" in the current page's SVG.

Let me use the console to search for DecoratedBox elements in the SVG.
[step 91] Action: left_click (640, 642)
[step 91] Reasoning: I can see the console now shows **89 errors** (and growing). The errors are all `GET http://localhost:5173/  net::ERR_CONNECTION_REFUSED` from `fetcher.js`. This is a major bug - the performance diagram page is making continuous failed requests. The error count keeps increasing, which means these are being made at regular intervals (polling).

The console prompt `> |` is visible at the bottom. Let me click on it and type a command to search for DecoratedBox elements in the SVG.
[step 92] Action: Open url: http://localhost:5173/interaction/hover-effect
[step 92] Reasoning: The errors keep growing (now 101 errors). The page at `/performance/diagram` is continuously making failed requests. Let me navigate away from this page to stop the errors and then search for DecoratedBox examples.

I need to focus on the task. Let me navigate back to the hover-effect page which had the most relevant content for testing DecoratedBox, and use the console to look for any border-radius rendering. Also, let me use the console to search for any SVG elements with `rx` attribute (which indicates border-radius in SVG).

Let me navigate to the hover-effect page first to avoid the flooding errors.
[step 93] Action: key: F5
[step 93] Reasoning: OH! Now the hover-effect page is showing "无法访问此网站" (Cannot access this website) - ERR_CONNECTION_REFUSED! The server at localhost:5173 is NOW DOWN! It appears that the performance/diagram page's continuous failed requests caused something to happen to the server, or the Vite dev server crashed.

This is a very concerning situation. The localhost:5173 server appears to be DOWN now. The page shows:
- "无法访问此网站" (Cannot access this website)
- "localhost 拒绝了我们的连接请求。" (localhost refused our connection)
- "ERR_CONNECTION_REFUSED"

Let me wait a moment and try refreshing to see if the server recovers.
[step 94] Action: wait
[step 94] Reasoning: The server is still down (ERR_CONNECTION_REFUSED). The localhost:5173 server appears to have crashed. Let me wait a few more seconds and try again.
[step 95] Action: wait
[step 95] Reasoning: The server is still down. The ERR_CONNECTION_REFUSED persists. Let me wait a bit longer and try again.
[step 96] Action: wait
[step 96] Reasoning: The server is still not accessible. Let me wait a bit longer.
[step 97] Action: key: F5
[step 97] Reasoning: The server is still down after 15 more seconds. The localhost:5173 Vite dev server appears to have crashed. Let me try refreshing the page to see if it comes back.
[step 98] Action: Open url: http://localhost:5173
[step 98] Reasoning: Interesting! The page that loaded after pressing F5 is NOT the hover-effect page but instead "Open5e" - a D&D 5e resource website at `localhost:3001`. This is a completely different application running on port 3001! The current URL shows `localhost:3001`.

It seems that the `open_url` tool opened this URL in the currently active tab OR the tab that was selected changed. Looking at the tab list at the top, I can see many tabs open including one for "Open5e" which is now highlighted. The URL bar shows `localhost:3001`.

This is confusing. It seems either:
1. The F5 refresh somehow navigated to a different URL
2. The "open_url" function opened the URL in the current Chrome window which had localhost:3001 as the active tab

Wait - looking at the address bar, it says `localhost:3001`. But before I pressed F5, the URL was `localhost:5173/interaction/hover-effect`. Something caused a redirect to localhost:3001 (which is the Open5e app). This is very strange behavior.

Actually, looking at the tab list more carefully, the active tab (highlighted in red/orange) is "Open5e" at localhost:3001. This was likely a pre-existing tab that was already open, and somehow the focus switched to it.

Let me navigate back to the flitter app at localhost:5173 to check if the server is back up.

But wait - this means the localhost:5173 server might have been down earlier because we navigated AWAY from that tab. Actually, looking at the first two "localhost" tabs (without port) - those might have been the localhost:3001 tabs from the Open5e app! And the "localhost:5173" app might still be running fine, but the hover-effect page returned ERR_CONNECTION_REFUSED...

Actually, I think I understand now. When I pressed F5 to refresh the `localhost:5173/interaction/hover-effect` page, and it showed ERR_CONNECTION_REFUSED, the browser might have somehow redirected to or activated the Open5e tab at localhost:3001. Or the `open_url` function opened `http://localhost:5173/interaction/hover-effect` in a new tab but the active tab was already localhost:3001.

Actually wait - looking at the URL bar: `localhost:3001`. This is NOT localhost:5173. The Vite dev server running the flitter app is at port 5173. Port 3001 is a completely different server (Open5e).

Let me try navigating directly to localhost:5173 to see if the flitter server is back up.
[step 99] Action: wait
[step 99] Reasoning: The localhost:5173 server is confirmed to be DOWN (ERR_CONNECTION_REFUSED). The Vite dev server for the flitter application has crashed. The URL bar shows `localhost:5173` but the page shows the connection refused error.

This is a critical situation. The server is not running. Let me wait more time for it to potentially restart automatically (Vite sometimes auto-restarts).

However, I cannot use the terminal to restart it (the task says I must stay in the browser). Let me wait and keep trying.

Let me wait for 30 seconds and then try again.

==================================================
Task: 当前Chrome浏览器已打开flitter应用，地址是http://localhost:5173。测试在Canvas渲染模式下，DecoratedBox组件同时设置背景颜色（background color）和圆角（border-radius）时的渲染效果。具体步骤：1. 打开应用首页或示例页面；2. 找到或创建一个使用DecoratedBox的示例，该示例同时应用了背景颜色和border-radius（圆角）；3. 观察在Canvas画布上渲染的盒子，确认背景颜色是否被正确裁剪（clip）到圆角范围内，即背景色不应溢出圆角边界；4. 同时检查如果有box-shadow（阴影），阴影是否也正确跟随圆角形状。始终在浏览器内操作，禁止打开Terminal或其他应用程序。如果在浏览器中找不到目标功能，直接报告unclear。请始终在浏览器内操作，禁止打开Terminal、Finder或其他应用程序。如果在浏览器中找不到目标功能，直接标记result为unclear，result_summary写明'未在页面中找到目标功能入口'。
Status: STOPPED_BY_USER
Total steps: 99
Last action: wait
Last reasoning: The localhost:5173 server is confirmed to be DOWN (ERR_CONNECTION_REFUSED). The Vite dev server for the flitter application has crashed. The URL bar shows `localhost:5173` but the page shows the connection refused error.

This is a critical situation. The server is not running. Let me wait more time for it to potentially restart automatically (Vite sometimes auto-restarts).

However, I cannot use the terminal to restart it (the task says I must stay in the browser). Let me wait and keep trying.

Let me wait for 30 seconds and then try again.

==================================================

UI window closed
