Session created: sess-20260424222506-a8511a5a69864afaa747467250e3acde
UI panel initialized successfully
UI window displayed
Expected result: 页面正常加载且Google Fonts字体成功应用，字体加载不会阻塞页面首次渲染，不出现因字体CSS阻塞导致的长时间白屏。
[step 0] Action: Initializing
[step 0] Reasoning: Initializing session connection
[step 0] Action: screenshot
[step 1] Action: left_click (291, 33)
[step 1] Reasoning: I can see the browser has the localhost:3000 tab open. Let me click on that tab to bring it to focus and examine the page.
[step 2] Action: left_click (640, 300)
[step 2] Reasoning: The page is showing with "Works!" and "About" text. Let me click elsewhere to dismiss the dropdown and then view the page source to examine how Google Fonts is loaded.
[step 3] Action: key: ctrl+u
[step 3] Reasoning: I can see the page at localhost:3000 with "Works!" text and an "About" link. The page looks very minimal. Now let me view the page source to check how Google Fonts is being loaded. I'll use Ctrl+U to view source.
[step 4] Action: left_click (640, 62)
[step 4] Reasoning: The Ctrl+U shortcut didn't open a new tab with the source. Let me try using the view-source URL directly in the address bar.
[step 5] Action: type: view-source:local...
[step 5] Reasoning: Good, the address bar is now active. Let me type the view-source URL.
[step 6] Action: key: Return
[step 6] Reasoning: I can see the view-source URL suggestion. Let me press Enter to navigate to it.
[step 7] Action: scroll up (640, 150) scroll_amount 5
[step 7] Reasoning: Excellent! Now I can see the page source. I can already see the Google Fonts loading code. Let me zoom in on the relevant parts of the source to examine the loading method more carefully. I can see several important elements on lines 3-9:

- Line 3: `<link data-hid="gf-prefetch" rel="dns-prefetch" href="https://fonts.gstatic.com/">`
- Line 4: `<link data-hid="gf-preconnect" rel="preconnect" href="https://fonts.gstatic.com/" crossorigin="true">`
- Line 5: `<link data-hid="gf-preload" rel="preload" as="style" href="https://fonts.googleapis.com/css2?family=Roboto&family=Lato">`
- Line 6: `<link rel="stylesheet" href="https://fonts.googleapis.com/css2?family=Roboto&family=Lato" media="print" onload="this.onload=null;this.removeAttribute('media');">`
- Line 7: `<noscript>...</noscript>`
- Line 8: `<script data-hid="noscript"><link rel="stylesheet" href="https://fonts.googleapis.com/css2?family=Roboto&family=Lato"></script>`

Let me zoom in closer to see these lines more clearly.
[step 8] Action: key: ctrl+f
[step 8] Reasoning: I can see the source code. Let me use Ctrl+F to find the Google Fonts related code to examine it more carefully.
[step 9] Action: key: ctrl+plus
[step 9] Reasoning: The find bar doesn't seem to have opened. Let me try to zoom in on the top portion of the source to read the Google Fonts loading lines more clearly. I'll use Ctrl+A to select all and then Ctrl+C to copy, but first let me try zooming in on the page to read the source code.

Let me use keyboard shortcut to zoom in on the browser.
[step 10] Action: key: ctrl+equal
[step 11] Action: key: ctrl+shift+equal
[step 12] Action: screenshot
[step 12] Reasoning: Let me try to zoom in using the Chrome menu. But first, let me take a closer screenshot of the relevant lines in the source code to read them more clearly.
[step 13] Action: mouse_move (640, 150)
[step 13] Reasoning: I can see the source code clearly. Let me analyze what I can read from the screenshot. I can see the key lines about Google Fonts loading. Let me zoom into the top section of the source to read lines 3-9 more carefully.
[step 14] Action: left_click (640, 62)
[step 14] Reasoning: I can see the source code with the Google Fonts loading method. Let me carefully read the key lines from the screenshot. I can see:

- Line 3: `<link data-hid="gf-prefetch" rel="dns-prefetch" href="https://fonts.gstatic.com/">`
- Line 4: `<link data-hid="gf-preconnect" rel="preconnect" href="https://fonts.gstatic.com/" crossorigin="true">`
- Line 5: `<link data-hid="gf-preload" rel="preload" as="style" href="https://fonts.googleapis.com/css2?family=Roboto&family=Lato">`
- Line 6: `<link rel="stylesheet" href="https://fonts.googleapis.com/css2?family=Roboto&family=Lato" media="print" onload="this.onload=null;this.removeAttribute('media');">`
- Line 7: `<noscript>...</noscript>`
- Line 8: `<script data-hid="noscript"><link rel="stylesheet" href="https://fonts.googleapis.com/css2?family=Roboto&family=Lato"></script>`

Now let me go back to the main page to observe the page rendering and font application. Let me navigate back to localhost:3000.
[step 15] Action: key: Escape
[step 15] Reasoning: A context menu appeared. Let me close it and navigate to localhost:3000.
[step 16] Action: left_click (400, 400)
[step 17] Action: Open url: http://localhost:3000
[step 17] Reasoning: Now I can see the source code clearly. Let me carefully read lines 3-9 from the screenshot. I can see the content but the text is small. Let me navigate back to localhost:3000 and observe the page rendering. First, let me open a new tab with localhost:3000.
[step 18] Action: left_click (291, 33)
[step 18] Reasoning: Good, I can see the localhost:3000 page again with "Works!" and "About" text. The page appears to have loaded without white screen issues. The text seems to be using default browser fonts (not custom Google Fonts). Let me observe more carefully by right-clicking on the text to inspect it (but I should not open DevTools per the rules). 

Let me go back to the source view tab and look more carefully at the relevant lines. Let me click on the view-source tab.
[step 19] Action: key: Escape
[step 19] Reasoning: I accidentally right-clicked and a context menu appeared. Let me press Escape and then left-click on the view-source tab.
[step 20] Action: left_click (640, 400)
[step 21] Action: left_click (291, 33)
[step 21] Reasoning: I can see both tabs are visible now. I'm on the localhost:3000 tab. Let me now click on the view-source:localhost:3000 tab to see the source code again.
[step 22] Action: key: Escape
[step 22] Reasoning: I see a context menu has appeared again. Let me close it and try to navigate directly to the view-source URL from the address bar.
[step 23] Action: left_click (640, 400)
[step 23] Reasoning: It seems clicking the tab with position 291,33 is triggering a right-click context menu. This is the tab area. Let me try clicking on the body of the page to close the context menu, and then try navigating to the view-source URL from the address bar.
[step 24] Action: Open url: view-source:http://localhost:3000
[step 24] Reasoning: I can see both tabs. I'm currently on the localhost:3000 tab. The view-source tab is at position around 291,33. Let me navigate from the address bar. I'll click on the address bar and type the view-source URL.
No application knows how to open URL view-source:http://localhost:3000 (Error Domain=NSOSStatusErrorDomain Code=-10814 "kLSApplicationNotFoundErr: E.g. no application claims the file" UserInfo={_LSLine=1973, _LSFunction=runEvaluator, _LSFile=LSBindingEvaluator.mm, _LSErrorMessage=kLSApplicationNotFoundErr}).
[step 25] Action: left_click (291, 33)
[step 25] Reasoning: It seems the tool opened the URL in the existing tab but didn't navigate to view-source. I can see the view-source tab is already open (view-source:localhost:3000). Let me try navigating to it through the address bar.

I need to click on the view-source tab. The tab label shows "view-source:localhost:3000" at position around 291. Let me try to click on it more precisely - it appears I need to click in the center of the tab label text area.

Looking at the tabs, the view-source tab is at approximately x=291, y=33. Let me try clicking with a left click more to the center of the tab.
[step 26] Action: key: Escape
[step 26] Reasoning: A right-click context menu is appearing. There seems to be an issue. The context menu appears when I click the tab. This might be because the location I'm clicking is triggering the right-click handler. Let me close the context menu and try using the keyboard shortcut Ctrl+Tab to switch tabs, or navigate through the address bar.
[step 27] Action: key: Escape
[step 27] Reasoning: The context menu persists. I notice there's "在右侧新增标签页" (Add tab to the right) and other tab options. This is the right-click context menu for the tab. Let me close this by pressing Escape key. It seems the context menu keeps showing. Let me navigate using the address bar approach instead.
[step 28] Action: key: ctrl+l
[step 28] Reasoning: The context menu is persistent. There seems to be an issue with my mouse location. The current tab I'm on seems to be the localhost:3000 tab based on the URL in the address bar. Let me click elsewhere to close the menu and then try to use Ctrl+L to focus the address bar, then navigate.

I'll click on the "复制" option which would copy the tab, but that's not what I want. Let me click somewhere else to close this menu - I need to click outside the menu area.

The menu appears to be covering a large area. Let me try clicking at the very bottom of the page.

Actually, looking at the situation: I already viewed the source code in the first view-source tab, and I gathered the important information I needed. Let me now close this context menu and summarize what I observed.

From the first screenshot of the view-source page, I could clearly read the following lines from the source code:

**Line 3:** `<link data-hid="gf-prefetch" rel="dns-prefetch" href="https://fonts.gstatic.com/">`
**Line 4:** `<link data-hid="gf-preconnect" rel="preconnect" href="https://fonts.gstatic.com/" crossorigin="true">`
**Line 5:** `<link data-hid="gf-preload" rel="preload" as="style" href="https://fonts.googleapis.com/css2?family=Roboto&family=Lato">`
**Line 6:** `<link rel="stylesheet" href="https://fonts.googleapis.com/css2?family=Roboto&family=Lato" media="print" onload="this.onload=null;this.removeAttribute('media');">`
**Line 7:** `<noscript>...</noscript>`
**Line 8:** `<script data-hid="noscript"><link rel="stylesheet" href="..."></script>`

Let me close the menu and navigate to the source view to confirm these findings.
[step 29] Action: key: cmd+l
[step 29] Reasoning: The context menu is still there. Let me try pressing cmd+L (on macOS) instead of ctrl+L.
[step 30] Action: left_click (700, 500)
[step 30] Reasoning: The context menu is still visible. It seems that I'm in a state where the context menu is blocking all interactions. Let me try pressing the keyboard key to dismiss it by pressing Enter on one of the options or try clicking on the page area that's visible below the menu.

Looking at the screenshot more carefully, I can see the context menu is in the upper-left area. The page content (Works! and About) is visible below. Let me try clicking on the "About" text to close the menu.

Wait - I realize the address bar shows "localhost:3000" which means I'm currently on the localhost:3000 tab (not the view-source tab). The view-source tab is at position ~291,33 and the localhost:3000 tab is at ~453,33. The menu appeared because I was clicking in the tab strip area.

Looking at the screenshots again, I can already see from my earlier view-source screenshot that the key lines are:
- Line 6: `<link rel="stylesheet" href="https://fonts.googleapis.com/css2?family=Roboto&family=Lato" media="print" onload="this.onload=null;this.removeAttribute('media');">`

This is the **async/non-blocking** loading method for Google Fonts. The `media="print"` trick with the `onload` handler is a well-known technique to load CSS asynchronously without blocking rendering.

Let me try clicking in the page area below the menu to dismiss it.
[step 31] Action: left_click (640, 62)
[step 31] Reasoning: The context menu is now closed. I can see both tabs in the browser. I'm currently on the localhost:3000 tab (shown in the address bar as "localhost:3000"). I can see the page with "Works!" and "About" text.

Now I need to navigate to the view-source:localhost:3000 tab. I can see the "view-source:localhost:3000" tab is at position ~291,33. Let me now try to navigate to the source using the address bar.

Let me click on the address bar and navigate.
[step 32] Action: type: view-source:local...
[step 32] Reasoning: The address bar is now focused and selected with "localhost:3000". I can see a suggestion to "问问 Google 有关此页面的问题 - localhost". Now let me type the view-source URL.
[step 33] Action: left_click (304, 90)
[step 33] Reasoning: I can see the autocomplete is suggesting "view-source:localhost:3000" and showing "切换到这个标签页" (Switch to this tab). This means the view-source tab is already open. Let me click on "切换到这个标签页" to switch to that tab.
[step 34] Action: scroll up (640, 150) scroll_amount 3
[step 34] Reasoning: Excellent! Now I can see the page source clearly! I can read the key lines in the source code. Let me analyze the Google Fonts loading lines more carefully:

**Line 4 (Line 3 counting from `<html>`):**
`<link data-hid="gf-prefetch" rel="dns-prefetch" href="https://fonts.gstatic.com/">`

**Line 5:**
`<link data-hid="gf-preconnect" rel="preconnect" href="https://fonts.gstatic.com/" crossorigin="true">`

**Line 6:**
`<link data-hid="gf-preload" rel="preload" as="style" href="https://fonts.googleapis.com/css2?family=Roboto&family=Lato">`

**Line 7:**
`<link rel="stylesheet" href="https://fonts.googleapis.com/css2?family=Roboto&family=Lato" media="print" onload="this.onload=null;this.removeAttribute('media');">`

**Line 8:**
`<script data-hid="gf-noscript"><link rel="stylesheet" href="https://fonts.googleapis.com/css2?family=Roboto&family=Lato"></noscript>`

Let me zoom in on lines 3-9 to read more carefully.
[step 35] Action: key: ctrl+f
[step 35] Reasoning: I can now clearly see the source code. Let me analyze the key lines in detail. The source is clearly visible from the top. Let me use Ctrl+F to search for "fonts.googleapis.com" to find all Google Fonts related code.
[step 36] Action: key: cmd+shift+plus
[step 36] Reasoning: The Ctrl+F didn't open the find bar. This might be because the view-source page uses a special implementation. I can already read the important lines clearly from the source code visible on screen. Let me now carefully analyze what I see:

**Line 4 (line 3 in screen):** `<link data-hid="gf-prefetch" rel="dns-prefetch" href="https://fonts.gstatic.com/">`

**Line 5 (line 4 in screen):** `<link data-hid="gf-preconnect" rel="preconnect" href="https://fonts.gstatic.com/" crossorigin="true">`

**Line 6 (line 5 in screen):** `<link data-hid="gf-preload" rel="preload" as="style" href="https://fonts.googleapis.com/css2?family=Roboto&family=Lato">`

**Line 7 (line 6 in screen):** `<link rel="stylesheet" href="https://fonts.googleapis.com/css2?family=Roboto&family=Lato" media="print" onload="this.onload=null;this.removeAttribute('media');">`

**Line 8 (line 7 in screen):** `<script data-hid="gf-noscript"><link rel="stylesheet" href="https://fonts.googleapis.com/css2?family=Roboto&family=Lato"></noscript>`

Let me zoom in to read line 6, 7, and 8 more clearly by clicking on those areas.

Let me look at the actual source page more carefully. I can see lines 1-9 at the top clearly. Let me zoom in with Ctrl+Plus equivalent.
[step 37] Action: key: cmd+KP_Add
[step 38] Action: left_click (152, 9)
[step 38] Reasoning: Let me try using the Chrome menu to zoom in. I'll use the "显示" (View) menu in the Mac menu bar.
[step 39] Action: left_click (165, 206)
[step 39] Reasoning: I can see the 显示 (View) menu with "放大" (Zoom In) and "缩小" (Zoom Out) options. Let me click on "放大" to zoom in.
[step 40] Action: left_click (152, 9)
[step 40] Reasoning: Excellent! Now I can clearly read the source code. Let me analyze lines 4-9 in detail:

**Line 4:** `<link data-hid="gf-prefetch" rel="dns-prefetch" href="https://fonts.gstatic.com/">`
**Line 5:** `<link data-hid="gf-preconnect" rel="preconnect" href="https://fonts.gstatic.com/" crossorigin="true">`
**Line 6:** `<link data-hid="gf-preload" rel="preload" as="style" href="https://fonts.googleapis.com/css2?family=Roboto&family=Lato">`
**Line 7:** `<link data-hid="gf-stylesheet" rel="stylesheet" href="https://fonts.googleapis.com/css2?family=Roboto&family=Lato" media="print" onload="this.onload=null;this.removeAttribute('media');">`
**Line 8:** `<noscript data-hid="gf-noscript"><link rel="stylesheet" href="https://fonts.googleapis.com/css2?family=Roboto&family=Lato"></noscript>`

Let me zoom in more to read lines 6, 7, and 8 precisely.
[step 41] Action: left_click (165, 206)
[step 41] Reasoning: I can see the View menu again. Let me click "放大" again to zoom in more.
[step 42] Action: screenshot
[step 42] Reasoning: Now I can clearly read the source code. Let me read lines 4-9 carefully:

**Line 4:** `<link data-hid="gf-prefetch" rel="dns-prefetch" href="https://fonts.gstatic.com/">`

**Line 5:** `<link data-hid="gf-preconnect" rel="preconnect" href="https://fonts.gstatic.com/" crossorigin="true">`

**Line 6:** `<link data-hid="gf-preload" rel="preload" as="style" href="https://fonts.googleapis.com/css2?family=Roboto&family=Lato">`

**Line 7:** `<link data-hid="gf-stylesheet" rel="stylesheet" href="https://fonts.googleapis.com/css2?family=Roboto&family=Lato" media="print" onload="this.onload=null;this.removeAttribute('media');">`

**Line 8:** `<noscript data-hid="gf-noscript"><link rel="stylesheet" href="https://fonts.googleapis.com/css2?family=Roboto&family=Lato"></noscript>`

This is excellent! Now let me verify line 7 more precisely since it's crucial. Let me zoom in further by scrolling horizontally or clicking on line 7 to see its full content.

Let me now also look at the `<head>` area for any `<script>` tags related to Google Fonts. From what I can see:

- **No `<script>` tags** are used for Google Fonts loading
- The loading uses a **CSS `<link>` tag** with `media="print"` trick

Now let me also check the actual page rendering on localhost:3000 to see if fonts are being applied. Let me switch back to the localhost:3000 tab.

Now I have enough information to provide a comprehensive analysis. Let me take a final screenshot of the source view for confirmation.
[step 43] Action: left_click (449, 33)
[step 43] Reasoning: Now I can clearly read all the critical information from the source code. Let me now also visit the actual page (localhost:3000) to observe how the fonts are rendered.
[step 44] Action: left_click (640, 62)
[step 44] Reasoning: Interesting! The address bar shows "view-source:localhost:3000" but the page content shows "Works!" and "About" link. Wait - this is actually strange. The tab I clicked was labeled "localhost:3000" but the address bar shows "view-source:localhost:3000". 

Wait, looking more carefully - I clicked on the third tab (at position 449,33) which shows "localhost:3000", but the address bar shows "view-source:localhost:3000". This is inconsistent. Let me click on the address bar to confirm.

Actually, looking again at the screenshot - the address bar shows "view-source:localhost:3000" but the page is rendering as the actual localhost:3000 page (with "Works!" and "About"). This is a visual anomaly - the address bar URL doesn't match the page content displayed.

Wait, actually looking at the tab at position 449 - it says "localhost:3000" and the address bar shows "view-source:localhost:3000". But the page content shows the normal rendered page view. This suggests there's a discrepancy - either the URL got changed in the address bar while the content wasn't updated, or there's a visual bug. Let me click on the address bar to check.

Actually, I think I may have mis-identified which tab I'm on. Let me look at the page content: it shows "Works!" in what appears to be a **sans-serif font** which could be Roboto or Lato, or it could be the system default font. The text is rendered without any obvious FOUT (Flash of Unstyled Text) that I can observe.

Let me now navigate to the actual localhost:3000 page to better observe the page.
[step 45] Action: type: http://localhost:...
[step 45] Reasoning: Now I can see the address bar clearly shows "view-source:localhost:3000" but the page content is rendering as the actual normal page view (showing "Works!" and "About"). This is a **visual anomaly** in the application - the view-source page is rendering the actual HTML content instead of showing raw source code, OR the tab labeled "localhost:3000" is actually showing the normal page while the address bar incorrectly reads "view-source:localhost:3000".

Wait, actually looking at this again - the tab with the "compass-like" icon at position 449 is the "localhost:3000" tab. When I clicked it, the page shows "Works!" and "About" which is correct. But the address bar is showing "view-source:localhost:3000". This is likely because the address bar was pre-filled from my earlier typing.

Let me now type localhost:3000 in the address bar to navigate to the actual page and observe the rendering.
[step 46] Action: key: Return
[step 46] Reasoning: I can see the autocomplete dropdown with "localhost - http://localhost:3000" as the first suggestion. The page content behind shows "Works!" and "About". I can also see that the page is actually loading properly. Let me press Enter to navigate.
[step 47] Action: key: ctrl+shift+r
[step 47] Reasoning: I can now clearly observe the localhost:3000 page. The page shows:
1. "Works!" text (appears to be in a sans-serif font)
2. "About" as a blue hyperlink
3. The page loaded immediately without any visible white screen or rendering delay
4. The address bar shows "localhost:3000" 

The page has a very minimal content with only 2 text elements. The "Works!" text appears to be using a standard sans-serif font. Looking at the fonts that should be loaded (Roboto and Lato from Google Fonts), the text visually appears to be using a generic sans-serif font - it's hard to tell definitively without font inspection tools whether Roboto/Lato is actually being applied since those fonts look very similar to system sans-serif fonts.

**Visual anomalies observed:**
- The page content is extremely minimal - just "Works!" and "About" link, with no other content
- There's no visible application of custom Google Fonts styling beyond what system fonts might render
- The task bar shows the previous view-source tabs are gone (only one tab remains now)

Let me do a hard refresh to observe the page loading process from scratch.
[step 48] Action: DONE
[step 48] Reasoning: The page has reloaded without any noticeable white screen or rendering blockage. The page immediately shows "Works!" and "About" text without delay. Now let me view the source again to get a clear reading of the complete source code.

Now I have all the information needed for a comprehensive analysis. Based on my observations from the source code:

**Summary of Findings:**

---

## 📋 分析报告：localhost:3000 Google Fonts 加载方式

### 1. 字体加载方式（源代码分析）

通过查看 `view-source:localhost:3000`，源代码中 `<head>` 部分关于 Google Fonts 的加载代码如下（按顺序）：

**Line 4 - DNS预解析：**
```html
<link data-hid="gf-prefetch" rel="dns-prefetch" href="https://fonts.gstatic.com/">
```

**Line 5 - 预连接：**
```html
<link data-hid="gf-preconnect" rel="preconnect" href="https://fonts.gstatic.com/" crossorigin="true">
```

**Line 6 - 预加载（非阻塞）：**
```html
<link data-hid="gf-preload" rel="preload" as="style" href="https://fonts.googleapis.com/css2?family=Roboto&family=Lato">
```

**Line 7 - 异步CSS加载（核心技术）：**
```html
<link data-hid="gf-stylesheet" rel="stylesheet" href="https://fonts.googleapis.com/css2?family=Roboto&family=Lato" media="print" onload="this.onload=null;this.removeAttribute('media');">
```

**Line 8 - noscript降级方案：**
```html
<noscript data-hid="gf-noscript"><link rel="stylesheet" href="https://fonts.googleapis.com/css2?family=Roboto&family=Lato"></noscript>
```

### 2. 加载方式判断

**✅ 使用的是异步非阻塞加载方式（CSS link 异步加载），而非传统阻塞式 CSS link，也非 script 标签异步加载。**

具体技术是 **`media="print"` + `onload` 回调** 的经典异步CSS加载技巧：
- 初始设置 `media="print"` 使浏览器认为该样式仅用于打印，从而**不阻塞页面渲染**
- 字体CSS加载完成后，`onload` 回调执行 `this.removeAttribute('media')` 将其切换回 `all` media，使字体正常应用
- 同时配合 `rel="preload"` 提前获取字体资源

### 3. 页面渲染观察

- **✅ 无白屏问题**：由于采用异步非阻塞加载，页面立即渲染，"Works!" 和 "About" 文本瞬间显示
- **字体应用情况**：页面显示 "Works!" 和 "About" 两个文本元素，文本使用无衬线字体（可能是 Roboto 或 Lato），视觉上与系统默认字体难以区分
- **FOUT风险**：由于使用异步加载，可能存在 FOUT（Flash of Unstyled Text）现象，但在本次测试中未明显观察到

### 4. 视觉异常记录

- **页面内容极度简单**：整个页面仅有 "Works!" 和 "About" 两个元素，内容区域几乎为空，这可能是应用尚在开发阶段的正常状态，也可能是渲染不完整
- **字体效果不明显**：Roboto 和 Lato 两种字体都从 Google Fonts 加载，但由于页面内容极少，难以直观验证字体是否成功应用

---

**结论：** Google Fonts 字体在页面源代码中**采用异步 CSS `<link>` 标签加载方式**（使用 `media="print"` + `onload` 技术实现非阻塞异步加载），**不是**通过 `<script>` 标签加载，**也不是**传统的阻塞式 CSS link。页面加载过程中未出现渲染阻塞（白屏），字体以非阻塞方式加载，同时提供 `noscript` 降级方案。
Evaluating task result...

==================================================
Task: 当前Chrome浏览器已打开Google Fonts网站，地址是http://localhost:3000。观察页面加载过程中Google Fonts字体的加载方式和页面渲染表现。检查字体是否正常应用到页面文本上，观察页面是否出现渲染阻塞（白屏时间过长）。查看页面源代码中Google Fonts的加载方式是通过script标签异步加载还是传统CSS link阻塞加载。请始终在浏览器内操作，禁止打开 Terminal、Finder 或其他应用程序。如果在浏览器中找不到目标功能，直接标记 result 为 unclear，result_summary 写明未在页面中找到目标功能入口。
Status: COMPLETED
Total steps: 48
Last action: DONE
Last reasoning: The page has reloaded without any noticeable white screen or rendering blockage. The page immediately shows "Works!" and "About" text without delay. Now let me view the source again to get a clear reading of the complete source code.

Now I have all the information needed for a comprehensive analysis. Based on my observations from the source code:

**Summary of Findings:**

---

## 📋 分析报告：localhost:3000 Google Fonts 加载方式

### 1. 字体加载方式（源代码分析）

通过查看 `view-source:localhost:3000`，源代码中 `<head>` 部分关于 Google Fonts 的加载代码如下（按顺序）：

**Line 4 - DNS预解析：**
```html
<link data-hid="gf-prefetch" rel="dns-prefetch" href="https://fonts.gstatic.com/">
```

**Line 5 - 预连接：**
```html
<link data-hid="gf-preconnect" rel="preconnect" href="https://fonts.gstatic.com/" crossorigin="true">
```

**Line 6 - 预加载（非阻塞）：**
```html
<link data-hid="gf-preload" rel="preload" as="style" href="https://fonts.googleapis.com/css2?family=Roboto&family=Lato">
```

**Line 7 - 异步CSS加载（核心技术）：**
```html
<link data-hid="gf-stylesheet" rel="stylesheet" href="https://fonts.googleapis.com/css2?family=Roboto&family=Lato" media="print" onload="this.onload=null;this.removeAttribute('media');">
```

**Line 8 - noscript降级方案：**
```html
<noscript data-hid="gf-noscript"><link rel="stylesheet" href="https://fonts.googleapis.com/css2?family=Roboto&family=Lato"></noscript>
```

### 2. 加载方式判断

**✅ 使用的是异步非阻塞加载方式（CSS link 异步加载），而非传统阻塞式 CSS link，也非 script 标签异步加载。**

具体技术是 **`media="print"` + `onload` 回调** 的经典异步CSS加载技巧：
- 初始设置 `media="print"` 使浏览器认为该样式仅用于打印，从而**不阻塞页面渲染**
- 字体CSS加载完成后，`onload` 回调执行 `this.removeAttribute('media')` 将其切换回 `all` media，使字体正常应用
- 同时配合 `rel="preload"` 提前获取字体资源

### 3. 页面渲染观察

- **✅ 无白屏问题**：由于采用异步非阻塞加载，页面立即渲染，"Works!" 和 "About" 文本瞬间显示
- **字体应用情况**：页面显示 "Works!" 和 "About" 两个文本元素，文本使用无衬线字体（可能是 Roboto 或 Lato），视觉上与系统默认字体难以区分
- **FOUT风险**：由于使用异步加载，可能存在 FOUT（Flash of Unstyled Text）现象，但在本次测试中未明显观察到

### 4. 视觉异常记录

- **页面内容极度简单**：整个页面仅有 "Works!" 和 "About" 两个元素，内容区域几乎为空，这可能是应用尚在开发阶段的正常状态，也可能是渲染不完整
- **字体效果不明显**：Roboto 和 Lato 两种字体都从 Google Fonts 加载，但由于页面内容极少，难以直观验证字体是否成功应用

---

**结论：** Google Fonts 字体在页面源代码中**采用异步 CSS `<link>` 标签加载方式**（使用 `media="print"` + `onload` 技术实现非阻塞异步加载），**不是**通过 `<script>` 标签加载，**也不是**传统的阻塞式 CSS link。页面加载过程中未出现渲染阻塞（白屏），字体以非阻塞方式加载，同时提供 `noscript` 降级方案。

==================================================

UI window closed
