Session created: sess-20260424211957-85b61826a8594466ad317586d9577f18
UI panel initialized successfully
UI window displayed
Expected result: 页面正确加载所有配置的Google字体，不出现重复的字体请求，后配置的字体不会错误覆盖先前配置的字体，各元素按预期应用对应的字体样式并正确渲染显示。
[step 0] Action: Initializing
[step 0] Reasoning: Initializing session connection
[step 0] Action: screenshot
[step 1] Action: Open url: view-source:http://localhost:3000
[step 1] Reasoning: I can see the page at localhost:3000 with "Google Fonts" title and two font names: "Roboto" and "Mulish". Now I need to view the page source to check for font stylesheet links and potential duplicate Google Fonts requests.
No application knows how to open URL view-source:http://localhost:3000 (Error Domain=NSOSStatusErrorDomain Code=-10814 "kLSApplicationNotFoundErr: E.g. no application claims the file" UserInfo={_LSLine=1973, _LSFunction=runEvaluator, _LSFile=LSBindingEvaluator.mm, _LSErrorMessage=kLSApplicationNotFoundErr}).
[step 2] Action: left_click (137, 62)
[step 2] Reasoning: The view-source didn't open in a new tab. Let me try using the keyboard shortcut to view source, or use the address bar directly.
[step 3] Action: type: view-source:http:...
[step 3] Reasoning: Good, the address bar is now selected. Let me type the view-source URL:
[step 4] Action: key: Return
[step 5] Action: key: ctrl+shift+plus
[step 5] Reasoning: Excellent! I can see the page source. Let me zoom in to read the details more clearly, particularly the `<link>` elements for stylesheets.
[step 6] Action: key: ctrl+equal
[step 7] Action: key: ctrl+plus
[step 8] Action: key: ctrl+f
[step 8] Reasoning: Let me use the Find function to search for "google-fonts" or "fonts.googleapis" in the source:
[step 9] Action: key: ctrl+a
[step 9] Reasoning: The Ctrl+F didn't open a search box. Let me try Command+F:
[step 10] Action: scroll up (640, 97) scroll_amount 3
[step 10] Reasoning: I can already see a lot of important information in the page source. Let me zoom in carefully on the first line which contains the link elements. I can see from the screenshot that line 1 starts with the HTML structure. Let me zoom in on the top portion to read the URLs more clearly.
[step 11] Action: left_click (640, 97)
[step 11] Reasoning: I can see the source code. I notice that all the content is compressed into just a few lines. Let me zoom in more closely to read line 1 carefully which contains the critical link elements. I can see:
- Line 1: `<!DOCTYPE html><html><head><meta charset="utf-8"><meta name="viewport" content="width=device-width, initial-scale=1"><link rel="stylesheet" href="/_nuxt/node_modules/.cache/nuxt-google-fonts/css/nuxt-google-fonts.css" crossorigin><link rel="stylesheet" href="/_nuxt/Users/worker05/bughunt/google-fonts-84/node_modules/.cache/nuxt-google-fonts/css/nuxt-google-fonts.css" crossorigin><link rel="modulepreload" as="script" crossorigin href="/_nuxt/Users/worker05/bughunt/google-fonts-84/node_modules/nuxt/dist/app/entry.async.js"><script type="module" src="/_nuxt/@vite/client" crossorigin></script><script type="module" src="/_nuxt/Users/worker05/bughunt/google-fonts-84/node_modules/nuxt/dist/app/entry.async.js" crossorigin></script>`

This is very interesting! I can see **TWO** stylesheet links for nuxt-google-fonts. Let me zoom in to read this more carefully by clicking on the first line.
[step 12] Action: left_click (640, 97)
[step 12] Reasoning: Let me carefully analyze the content visible on line 1. I can see the text but I need to read it more carefully. Let me use the browser's Find feature to search for specific patterns. Let me use Command+F:
[step 13] Action: Open url: http://localhost:3000/_nuxt/node_modules/.cache/nuxt-google-fonts/css/nuxt-google-fonts.css
[step 13] Reasoning: I can see the source code clearly now. Let me analyze what I can see in the first few lines:

**Line 1** (very long, all on one line):
`<!DOCTYPE html><html><head><meta charset="utf-8"><meta name="viewport" content="width=device-width, initial-scale=1"><link rel="stylesheet" href="/_nuxt/node_modules/.cache/nuxt-google-fonts/css/nuxt-google-fonts.css" crossorigin><link rel="stylesheet" href="/_nuxt/Users/worker05/bughunt/google-fonts-84/node_modules/.cache/nuxt-google-fonts/css/nuxt-google-fonts.css" crossorigin>...`

I can clearly see there are **TWO** `<link rel="stylesheet">` elements loading `nuxt-google-fonts.css`. Let me navigate to each of those CSS files to check their content, and also check the actual CSS file to see if there are duplicate font imports.

First, let me check the first CSS file:
[step 14] Action: Open url: http://localhost:3000/_nuxt/Users/worker05/bughunt/google-fonts-84/node_modules/.cache/nuxt-google-fonts/css/nuxt-google-fonts.css
[step 14] Reasoning: I can see the first CSS file. At the top it shows:
```
/* https://fonts.googleapis.com/css2?family=Roboto&family=Mulish&display=swap */
```

This CSS file contains both `Mulish` and `Roboto` font-face declarations. Now let me check the second CSS file:
[step 15] Action: left_click (289, 33)
[step 15] Reasoning: Very interesting! The **second stylesheet link** returns **"Not Found"** (404 error). This is a bug - the second CSS file path uses an absolute system path (`/_nuxt/Users/worker05/bughunt/google-fonts-84/node_modules/.cache/nuxt-google-fonts/css/nuxt-google-fonts.css`) that doesn't resolve correctly on the server.

Now let me go back to the view-source page to carefully re-read all the details and also check the rendered font-family values. Let me navigate back to the main page and examine the CSS more carefully.
[step 16] Action: left_click (449, 33)
[step 16] Reasoning: Good, I'm back on the view-source page. Now I can see the HTML source more clearly. Let me zoom into the key parts. I can read:

**Line 1:** The `<head>` section contains two `<link rel="stylesheet">` tags:
1. `href="/_nuxt/node_modules/.cache/nuxt-google-fonts/css/nuxt-google-fonts.css"` 
2. `href="/_nuxt/Users/worker05/bughunt/google-fonts-84/node_modules/.cache/nuxt-google-fonts/css/nuxt-google-fonts.css"`

**Line 2:** Contains:
- `href="/_nuxt/Users/worker05/bughunt/google-fonts-84/node_modules/nuxt/dist/app/entry.async.js"` (modulepreload)

**Line 10** (body): 
`<div style="font-family:&#39;Roboto&#39;;"> Roboto </div><div style="font-family:&#39;Mulish&#39;;"> Mulish </div>`

Now let me look at the first CSS file more carefully. Let me go back to it:
[step 17] Action: scroll down (640, 400) scroll_amount 5
[step 17] Reasoning: I can see the first CSS file clearly. The comment at the top says:
```
/* https://fonts.googleapis.com/css2?family=Roboto&family=Mulish&display=swap */
```

This CSS file contains `@font-face` declarations for **both** `Mulish` and `Roboto` fonts. Let me scroll down to see if there are more font declarations:
[step 18] Action: scroll down (640, 400) scroll_amount 5
[step 19] Action: scroll down (640, 400) scroll_amount 5
[step 20] Action: scroll down (640, 400) scroll_amount 5
[step 21] Action: scroll down (640, 400) scroll_amount 5
[step 22] Action: scroll down (640, 400) scroll_amount 5
[step 23] Action: scroll down (640, 400) scroll_amount 3
[step 24] Action: left_click (289, 33)
[step 24] Reasoning: Good, I can see the end of the first CSS file now. Let me also check another important CSS file - the playground path. I noticed from the view-source that there was also a reference to a playground CSS file. Let me check if there's a third CSS link. Let me navigate back to view-source:
[step 25] Action: left_click (640, 108)
[step 25] Reasoning: Now I can read the view-source page clearly. Let me zoom in on line 1 and line 2 to read all the details. I can already make out three important parts. Let me zoom in on the top portion to read all stylesheet links:

From the view-source page, I can see:

**Line 1:** (Very long line, starting with `<!DOCTYPE html>`)
```
...
<link rel="stylesheet" href="/_nuxt/node_modules/.cache/nuxt-google-fonts/css/nuxt-google-fonts.css" crossorigin>
<link rel="stylesheet" href="/_nuxt/Users/worker05/bughunt/google-fonts-84/playground/node_modules/.cache/nuxt-google-fonts/css/nuxt-google-fonts.css" crossorigin>
<link rel="modulepreload" as="script" crossorigin href="/_nuxt/Users/worker05/bughunt/google-fonts-84/node_modules/nuxt/dist/app/entry.async.js">
<script type="module" src="/_nuxt/@vite/client" crossorigin></script>
<script type="module" src="/_nuxt/Users/worker05/bughunt/google-fonts-84/node_modules/nuxt/dist/app/entry.async.js" crossorigin></script>
...
```

Now let me also check the playground CSS file. Let me click on the link in the view-source to navigate to it:
[step 26] Action: Open url: http://localhost:3000
[step 26] Reasoning: This confirms that the **second** stylesheet link also returns "Not Found". 

The URL is: `http://localhost:3000/_nuxt/Users/worker05/bughunt/google-fonts-84/playground/node_modules/.cache/nuxt-google-fonts/css/nuxt-google-fonts.css`

This is a **404 Not Found** error. Now let me go back to the main page and check the rendered state:
[step 27] Action: DONE
[step 27] Reasoning: I can now see the main page rendering. The page shows:
- **Title**: "Google Fonts"
- **Two text entries**: "Roboto" and "Mulish"

The two text entries appear to be rendered in the same default/system font (they don't visually differ much). The page looks functional but with potential font loading issues.

Now let me carefully analyze all the findings by looking at the view-source page one more time. Let me go back to the view-source:

Based on my thorough investigation, here is a comprehensive summary of all the findings:

---

## 📋 完整检测报告

### 🔍 页面基本情况
- **URL**: http://localhost:3000
- **框架**: Nuxt.js (带 nuxt-google-fonts 模块)
- **页面内容**: 标题 "Google Fonts"，两个 div 分别显示 "Roboto" 和 "Mulish"

---

### 🐛 发现的 BUG

#### Bug 1: 存在两个重复的 Google Fonts 样式表 link 标签（字体 CSS 重复加载）

**HTML head 中有两个 `<link rel="stylesheet">` 标签同时指向 `nuxt-google-fonts.css`：**

```html
<!-- 链接 1（有效）-->
<link rel="stylesheet" 
  href="/_nuxt/node_modules/.cache/nuxt-google-fonts/css/nuxt-google-fonts.css" 
  crossorigin>

<!-- 链接 2（无效，404 Not Found）-->
<link rel="stylesheet" 
  href="/_nuxt/Users/worker05/bughunt/google-fonts-84/playground/node_modules/.cache/nuxt-google-fonts/css/nuxt-google-fonts.css" 
  crossorigin>
```

**问题分析：**
- **链接 1** 使用了相对路径 `/_nuxt/node_modules/.cache/...`，可以正常加载。
- **链接 2** 使用了绝对系统路径 `/_nuxt/Users/worker05/bughunt/google-fonts-84/playground/node_modules/.cache/...`，该路径无法在 web 服务器上解析，返回 **404 Not Found**。

**根本原因：** nuxt-google-fonts 模块生成了两个样式表链接，一个是正确的相对路径，另一个是错误的绝对系统路径（将本地文件系统路径误用为 URL 路径）。这是 nuxt-google-fonts 模块的配置 Bug，可能是在有 `playground` 子目录时出现了路径解析错误。

---

#### Bug 2: 第二个样式表 404 Not Found（字体 CSS 加载失败）

第二个 `<link>` 指向的 URL 返回 **Not Found**，该 CSS 文件根本没有被浏览器加载成功。虽然第一个 CSS 文件包含了 Roboto 和 Mulish 两种字体，页面的字体渲染在功能上勉强可用，但第二个 link 标签造成了一次无效的网络请求。

---

#### Bug 3: 两个 `<link>` 指向的都是同一个 Google Fonts 请求（概念上的重复）

第一个 CSS 文件头部注释显示：
```css
/* https://fonts.googleapis.com/css2?family=Roboto&family=Mulish&display=swap */
```

这意味着 CSS 文件是基于同一个 Google Fonts URL 请求生成的。如果两个 link 都成功加载，将导致 Roboto 和 Mulish 字体的 `@font-face` 被定义两次——这是字体覆盖/重复加载问题。

---

#### Bug 4: `<script>` 标签中也存在路径问题

在 HTML 源码中还发现：
```html
<link rel="modulepreload" as="script" crossorigin 
  href="/_nuxt/Users/worker05/bughunt/google-fonts-84/node_modules/nuxt/dist/app/entry.async.js">

<script type="module" 
  src="/_nuxt/Users/worker05/bughunt/google-fonts-84/node_modules/nuxt/dist/app/entry.async.js" 
  crossorigin></script>
```

这些脚本路径也包含了绝对系统路径，同样可能存在加载失败的风险。

---

### ✅ 正常的部分
- 页面 HTML 正确渲染出了 "Google Fonts"、"Roboto"、"Mulish" 三段文字
- 第一个 CSS 样式表（`/_nuxt/node_modules/.cache/nuxt-google-fonts/css/nuxt-google-fonts.css`）能正常加载，包含 Roboto 和 Mulish 字体的完整 `@font-face` 声明
- 页面 `<div>` 的 `style` 属性正确设置了 `font-family: 'Roboto'` 和 `font-family: 'Mulish'`

---

### 📊 总结表

| 问题 | 严重程度 | 描述 |
|------|----------|------|
| 重复 `<link>` 标签 | 高 | HTML head 中存在两个 nuxt-google-fonts CSS link |
| 第二个 link 404 | 高 | 第二个样式表路径无效，返回 Not Found |
| 绝对路径误用 | 高 | 系统文件路径被误写入 HTML/CSS 链接 |
| 字体声明重复风险 | 中 | 若两个 CSS 都加载，@font-face 会被定义两次 |

**结论：这是一个明确的应用程序 Bug**，nuxt-google-fonts 模块在处理路径时产生了错误，导致页面中出现一个有效和一个无效的重复字体样式表链接，造成不必要的网络请求（404 错误）和潜在的字体加载/覆盖问题。
Evaluating task result...

==================================================
Task: 当前Chrome浏览器已打开Google Fonts网站，地址是http://localhost:3000。检查页面中加载的字体样式表链接及实际渲染的字体是否正确，观察是否有重复加载或字体覆盖问题。查看页面源代码或网络请求中是否存在重复的Google Fonts请求。请始终在浏览器内操作，禁止打开 Terminal、Finder 或其他应用程序。如果在浏览器中找不到目标功能，直接标记 result 为 unclear，result_summary 写明未在页面中找到目标功能入口。
Status: COMPLETED
Total steps: 27
Last action: DONE
Last reasoning: I can now see the main page rendering. The page shows:
- **Title**: "Google Fonts"
- **Two text entries**: "Roboto" and "Mulish"

The two text entries appear to be rendered in the same default/system font (they don't visually differ much). The page looks functional but with potential font loading issues.

Now let me carefully analyze all the findings by looking at the view-source page one more time. Let me go back to the view-source:

Based on my thorough investigation, here is a comprehensive summary of all the findings:

---

## 📋 完整检测报告

### 🔍 页面基本情况
- **URL**: http://localhost:3000
- **框架**: Nuxt.js (带 nuxt-google-fonts 模块)
- **页面内容**: 标题 "Google Fonts"，两个 div 分别显示 "Roboto" 和 "Mulish"

---

### 🐛 发现的 BUG

#### Bug 1: 存在两个重复的 Google Fonts 样式表 link 标签（字体 CSS 重复加载）

**HTML head 中有两个 `<link rel="stylesheet">` 标签同时指向 `nuxt-google-fonts.css`：**

```html
<!-- 链接 1（有效）-->
<link rel="stylesheet" 
  href="/_nuxt/node_modules/.cache/nuxt-google-fonts/css/nuxt-google-fonts.css" 
  crossorigin>

<!-- 链接 2（无效，404 Not Found）-->
<link rel="stylesheet" 
  href="/_nuxt/Users/worker05/bughunt/google-fonts-84/playground/node_modules/.cache/nuxt-google-fonts/css/nuxt-google-fonts.css" 
  crossorigin>
```

**问题分析：**
- **链接 1** 使用了相对路径 `/_nuxt/node_modules/.cache/...`，可以正常加载。
- **链接 2** 使用了绝对系统路径 `/_nuxt/Users/worker05/bughunt/google-fonts-84/playground/node_modules/.cache/...`，该路径无法在 web 服务器上解析，返回 **404 Not Found**。

**根本原因：** nuxt-google-fonts 模块生成了两个样式表链接，一个是正确的相对路径，另一个是错误的绝对系统路径（将本地文件系统路径误用为 URL 路径）。这是 nuxt-google-fonts 模块的配置 Bug，可能是在有 `playground` 子目录时出现了路径解析错误。

---

#### Bug 2: 第二个样式表 404 Not Found（字体 CSS 加载失败）

第二个 `<link>` 指向的 URL 返回 **Not Found**，该 CSS 文件根本没有被浏览器加载成功。虽然第一个 CSS 文件包含了 Roboto 和 Mulish 两种字体，页面的字体渲染在功能上勉强可用，但第二个 link 标签造成了一次无效的网络请求。

---

#### Bug 3: 两个 `<link>` 指向的都是同一个 Google Fonts 请求（概念上的重复）

第一个 CSS 文件头部注释显示：
```css
/* https://fonts.googleapis.com/css2?family=Roboto&family=Mulish&display=swap */
```

这意味着 CSS 文件是基于同一个 Google Fonts URL 请求生成的。如果两个 link 都成功加载，将导致 Roboto 和 Mulish 字体的 `@font-face` 被定义两次——这是字体覆盖/重复加载问题。

---

#### Bug 4: `<script>` 标签中也存在路径问题

在 HTML 源码中还发现：
```html
<link rel="modulepreload" as="script" crossorigin 
  href="/_nuxt/Users/worker05/bughunt/google-fonts-84/node_modules/nuxt/dist/app/entry.async.js">

<script type="module" 
  src="/_nuxt/Users/worker05/bughunt/google-fonts-84/node_modules/nuxt/dist/app/entry.async.js" 
  crossorigin></script>
```

这些脚本路径也包含了绝对系统路径，同样可能存在加载失败的风险。

---

### ✅ 正常的部分
- 页面 HTML 正确渲染出了 "Google Fonts"、"Roboto"、"Mulish" 三段文字
- 第一个 CSS 样式表（`/_nuxt/node_modules/.cache/nuxt-google-fonts/css/nuxt-google-fonts.css`）能正常加载，包含 Roboto 和 Mulish 字体的完整 `@font-face` 声明
- 页面 `<div>` 的 `style` 属性正确设置了 `font-family: 'Roboto'` 和 `font-family: 'Mulish'`

---

### 📊 总结表

| 问题 | 严重程度 | 描述 |
|------|----------|------|
| 重复 `<link>` 标签 | 高 | HTML head 中存在两个 nuxt-google-fonts CSS link |
| 第二个 link 404 | 高 | 第二个样式表路径无效，返回 Not Found |
| 绝对路径误用 | 高 | 系统文件路径被误写入 HTML/CSS 链接 |
| 字体声明重复风险 | 中 | 若两个 CSS 都加载，@font-face 会被定义两次 |

**结论：这是一个明确的应用程序 Bug**，nuxt-google-fonts 模块在处理路径时产生了错误，导致页面中出现一个有效和一个无效的重复字体样式表链接，造成不必要的网络请求（404 错误）和潜在的字体加载/覆盖问题。

==================================================

UI window closed
