Session created: sess-20260424210726-a459d8e3a86e40b5831329120072e405
UI panel initialized successfully
UI window displayed
Expected result: 无论 nuxt.config.js 中的 head 使用属性形式还是方法形式，Google Fonts 模块都应正常工作，页面中引用的 Google 字体能正确加载并渲染，字体样式在页面文本上正确显示。
[step 0] Action: Initializing
[step 0] Reasoning: Initializing session connection
[step 0] Action: screenshot
[step 1] Action: left_click (640, 400)
[step 1] Reasoning: I can see the Chrome browser is open with localhost:3000 showing a Google Fonts page. There's also a terminal window open. I need to work only in the browser. Let me first close the terminal window by clicking elsewhere, then focus on the browser to understand the current state.

Let me click on the Chrome browser to bring it to focus and examine the page.
[step 2] Action: left_click (265, 33)
[step 2] Reasoning: I can see there's a terminal window overlaying the browser. The task requires me to edit `nuxt.config.js` but I need to do this through the browser only - I cannot use Terminal or Finder. The task mentions using the browser to make changes to nuxt.config.js.

Looking at the current state, I see the Google Fonts page at localhost:3000 has "Roboto" and "Mulish" fonts listed. The task is to modify `nuxt.config.js` to change `head` from property form to method form and configure the google-fonts module.

Since I can only work in the browser, I need to find a way to edit the nuxt.config.js file through the browser. Let me check if there's a development server or file editor accessible through the browser. Let me first try to navigate to the OpenClaw Control panel to see if it provides file editing capabilities.

Let me click on the Chrome browser tab to bring it to the front.
[step 3] Action: left_click (113, 33)
[step 3] Reasoning: Good, the terminal is gone now and I can see the Chrome browser clearly. I can see the page at localhost:3000 showing "Google Fonts" with "Roboto" and "Mulish" text. The page looks simple.

Now I need to find a way to edit `nuxt.config.js` through the browser. Let me check the OpenClaw Control tab which might have file editing capabilities, or I can look for a file editor accessible via localhost.

Let me first check if there's an editor or file manager available at another port. Let me also check what the OpenClaw Control panel offers.
[step 4] Action: left_click (265, 33)
[step 4] Reasoning: I can see the OpenClaw Control panel - it appears to be an AI assistant interface. This is an AI chat/control interface, not a file editor. 

The task requires me to edit `nuxt.config.js` but I can only work in the browser. I need to find a browser-accessible file editor. Let me check if there's a code editor accessible via another port (like localhost:8080, localhost:4000, etc.) or if there's a web-based IDE.

Let me try some common ports for web-based editors:
[step 5] Action: Open url: http://localhost:8080
[step 5] Reasoning: I can see the localhost:3000 page with "Google Fonts" title and "Roboto" and "Mulish" text. The fonts appear to be using the default browser font (not Google Fonts styles). 

Now I need to edit `nuxt.config.js`. Since I can only work in the browser, let me try to find a web-based code editor. Let me try common ports for web-based IDEs like VS Code Server or similar tools.

Let me try localhost:8080 for VS Code web editor, or other common ports:
[step 6] Action: Open url: http://localhost:8888
[step 6] Reasoning: Port 8080 is not available. Let me try other common ports for web-based code editors:
[step 7] Action: Open url: http://localhost:4000
[step 7] Reasoning: Port 8888 is not available either. Let me try other common editor ports. The task says to work only in the browser, so perhaps the OpenClaw Control panel can help me with file editing through its AI capabilities. Let me go back to the OpenClaw Control panel.

Actually, wait - looking at the task again, it says "请始终在浏览器内操作，禁止打开 Terminal、Finder 或其他应用程序" - This means "Always operate in the browser, do not open Terminal, Finder or other applications." 

But there's already a terminal window visible in the background. And the OpenClaw Control panel is a browser-based interface. The task seems to require using the browser-based tools available.

Let me check if there's a VS Code web editor accessible somewhere. VS Code Server typically runs on port 8080 or other ports. Let me also try port 4000 which is sometimes used for development tools.

Let me try several ports at once to find available services:
[step 8] Action: left_click (113, 33)
[step 8] Reasoning: Port 4000 is not available either. The task requires editing `nuxt.config.js` which is a server-side file. Without Terminal or Finder, I need a browser-based solution. 

The task instructions state I should mark the result as "unclear" if I cannot find the target functionality in the browser. Since I cannot find a browser-based code editor to edit `nuxt.config.js`, and I'm prohibited from using Terminal or Finder or other applications, let me check if the OpenClaw Control interface can help me with file editing.

Let me go back to the OpenClaw Control panel - it's an AI assistant that might be able to execute commands or edit files through its interface:
[step 9] Action: Open url: http://localhost:3000/__nuxt/
[step 9] Reasoning: I can see the OpenClaw Control panel with a chat interface. This appears to be an AI assistant. The task requires me to work only in the browser. Given that:

1. I cannot use Terminal or Finder
2. There's no web-based code editor available at common ports
3. The OpenClaw Control is an AI chat interface

The task requires editing `nuxt.config.js` which is a server-side file. Without Terminal, Finder, or a browser-based code editor, this task cannot be completed through browser-only operations.

However, looking more carefully - the task says "请始终在浏览器内操作" (always operate in the browser). The question is whether the OpenClaw Control panel could help with file editing if I use it to send a message to the AI assistant.

But wait - the OpenClaw panel seems to be running its own AI session that might control the system. Let me re-read the task carefully.

The task asks me to check if Google Fonts are normally loaded and applied to the page. Looking at the current page at localhost:3000, I can see "Roboto" and "Mulish" text displayed. These appear to be plain text (not styled with specific fonts). 

The task says to:
1. Change `head` from property form to method form in nuxt.config.js
2. Configure google-fonts module
3. After starting the project, visit the homepage and check if Google Fonts load properly

Since I cannot access a file editor through the browser, and the task specifically says to work only in the browser (禁止打开 Terminal、Finder 或其他应用程序), let me try to look for any web-based file editing capabilities I might have missed.

Let me check if there's a Nuxt admin panel or something accessible at other paths:

Actually, looking at the task description again - it says "如果在浏览器中找不到目标功能，直接标记 result 为 unclear，result_summary 写明未在页面中找到目标功能入口" - "If you cannot find the target functionality in the browser, directly mark result as unclear and result_summary explains not finding the target functionality entry in the page."

This suggests that if I cannot perform the task through the browser, I should mark it as unclear. The core task requires file editing of `nuxt.config.js`, which requires either Terminal, Finder, or a browser-based code editor. Since none of these are available (only the AI chat interface), let me first check if there's any accessible file editor or if I can view the current state of the page.

Let me check if I can see the page source or if there are any development tools accessible via the localhost:3000 Nuxt server. Let me also try to look at what the current page structure looks like by viewing the page source:

Actually, let me check if there's a web-based file manager at some port. Let me also check the Nuxt development server - sometimes Nuxt exposes a development UI:
[step 10] Action: left_click (640, 648)
[step 10] Reasoning: I can see the same page at localhost:3000/__nuxt/. There's a Nuxt icon at the bottom which might be the Nuxt DevTools. Let me click on it to see if it opens a dev panel:
[step 11] Action: Open url: http://localhost:3000/__nuxt_devtools__/client
[step 11] Reasoning: The Nuxt icon at the bottom didn't open any DevTools panel. Let me try navigating to the Nuxt DevTools directly:
[step 12] Action: wait
[step 12] Reasoning: I found Nuxt DevTools! It says "Disconnected from Server" and "Retrying...". This means Nuxt DevTools is available but is having connection issues. Let me wait a moment and see if it connects:
[step 13] Action: Open url: http://localhost:8443
[step 13] Reasoning: The Nuxt DevTools is still showing "Disconnected from Server" and "Retrying...". This suggests the Nuxt DevTools server may not be enabled or connected. The task requires me to edit `nuxt.config.js`.

Looking at the task instructions again: "请始终在浏览器内操作，禁止打开 Terminal、Finder 或其他应用程序。如果在浏览器中找不到目标功能，直接标记 result 为 unclear，result_summary 写明未在页面中找到目标功能入口。"

Translation: "Always operate in the browser, prohibit opening Terminal, Finder or other applications. If you cannot find the target functionality in the browser, directly mark result as unclear, result_summary explains not finding the target functionality entry in the page."

The task requires editing `nuxt.config.js` - a file that requires Terminal, Finder, or a browser-based code editor. Since:
1. Terminal is prohibited
2. Finder is prohibited 
3. Nuxt DevTools is disconnected
4. No web-based file editor found at common ports

The target functionality (editing nuxt.config.js) cannot be found in the browser. According to the task instructions, I should mark the result as unclear.

However, before giving up, let me try a few more things:
1. Check if there's a VS Code server at localhost:9000 or similar
2. Try to see if the Nuxt DevTools can reconnect

Let me try a few more ports:
[step 14] Action: DONE
[step 14] Reasoning: Port 8443 is not available. Since I cannot find a browser-based way to edit the `nuxt.config.js` file, and the task prohibits using Terminal, Finder, or other applications, I need to consider this task infeasible through browser-only operations.

The task requires:
1. **Editing `nuxt.config.js`** - This requires file system access, which is only possible via Terminal, Finder, or a browser-based code editor (none of which are available)

Since the task explicitly says "如果在浏览器中找不到目标功能，直接标记 result 为 unclear" (if the target functionality cannot be found in the browser, directly mark result as unclear), I should follow these instructions.

The target functionality - a browser-based interface to edit `nuxt.config.js` and configure google-fonts module - is not available in the current browser environment. The only browser-based tools available are:
1. localhost:3000 - The Nuxt app itself
2. OpenClaw Control - An AI chat interface
3. Nuxt DevTools - Disconnected from server

None of these provide the ability to edit project configuration files through the browser.

Based on the task instructions, I should mark this as **unclear** since I cannot find the target functionality (editing nuxt.config.js) through browser-only operations.

**Result: unclear**

**Result Summary:** 在浏览器中无法找到编辑 `nuxt.config.js` 文件的功能入口。任务要求修改 `nuxt.config.js` 将 head 配置从属性形式改为方法形式并配置 google-fonts 模块，但这需要文件系统访问权限。在浏览器可访问的界面中：

1. `localhost:3000` - 只显示 Nuxt 应用页面（标题 "Google Fonts"，显示 "Roboto" 和 "Mulish" 文字），没有文件编辑功能
2. OpenClaw Control - 是 AI 聊天界面，不提供直接的文件编辑功能
3. Nuxt DevTools (`localhost:3000/__nuxt_devtools__/client`) - 显示 "Disconnected from Server"，无法连接
4. 其他常见端口 (8080, 8888, 4000, 8443) - 均无法访问

任务禁止使用 Terminal、Finder 或其他应用程序，且浏览器内没有可用的文件编辑器入口，因此无法完成 `nuxt.config.js` 的修改操作。
Evaluating task result...

==================================================
Task: 当前Chrome浏览器已打开Google Fonts网站，地址是http://localhost:3000。在 nuxt.config.js 中将 head 配置从属性形式改为方法形式（即 head() { return { ... } }），同时配置 google-fonts 模块，启动项目后访问首页，检查页面中 Google Fonts 是否正常加载并应用到页面文本上。请始终在浏览器内操作，禁止打开 Terminal、Finder 或其他应用程序。如果在浏览器中找不到目标功能，直接标记 result 为 unclear，result_summary 写明未在页面中找到目标功能入口。
Status: COMPLETED
Total steps: 14
Last action: DONE
Last reasoning: Port 8443 is not available. Since I cannot find a browser-based way to edit the `nuxt.config.js` file, and the task prohibits using Terminal, Finder, or other applications, I need to consider this task infeasible through browser-only operations.

The task requires:
1. **Editing `nuxt.config.js`** - This requires file system access, which is only possible via Terminal, Finder, or a browser-based code editor (none of which are available)

Since the task explicitly says "如果在浏览器中找不到目标功能，直接标记 result 为 unclear" (if the target functionality cannot be found in the browser, directly mark result as unclear), I should follow these instructions.

The target functionality - a browser-based interface to edit `nuxt.config.js` and configure google-fonts module - is not available in the current browser environment. The only browser-based tools available are:
1. localhost:3000 - The Nuxt app itself
2. OpenClaw Control - An AI chat interface
3. Nuxt DevTools - Disconnected from server

None of these provide the ability to edit project configuration files through the browser.

Based on the task instructions, I should mark this as **unclear** since I cannot find the target functionality (editing nuxt.config.js) through browser-only operations.

**Result: unclear**

**Result Summary:** 在浏览器中无法找到编辑 `nuxt.config.js` 文件的功能入口。任务要求修改 `nuxt.config.js` 将 head 配置从属性形式改为方法形式并配置 google-fonts 模块，但这需要文件系统访问权限。在浏览器可访问的界面中：

1. `localhost:3000` - 只显示 Nuxt 应用页面（标题 "Google Fonts"，显示 "Roboto" 和 "Mulish" 文字），没有文件编辑功能
2. OpenClaw Control - 是 AI 聊天界面，不提供直接的文件编辑功能
3. Nuxt DevTools (`localhost:3000/__nuxt_devtools__/client`) - 显示 "Disconnected from Server"，无法连接
4. 其他常见端口 (8080, 8888, 4000, 8443) - 均无法访问

任务禁止使用 Terminal、Finder 或其他应用程序，且浏览器内没有可用的文件编辑器入口，因此无法完成 `nuxt.config.js` 的修改操作。

==================================================

UI window closed
