Session created: sess-20260424223908-ecc4701ec81f4aa895eb0e61fa48fdeb
UI panel initialized successfully
UI window displayed
Expected result: 页面中Google Fonts的link预加载标签具有正确的crossorigin属性（值为空字符串或anonymous），字体资源能够正常跨域加载，不出现CORS错误或字体加载失败。
[step 0] Action: Initializing
[step 0] Reasoning: Initializing session connection
[step 0] Action: screenshot
[step 1] Action: left_click (601, 33)
[step 1] Reasoning: I can see the current state of the screen. There's a Chrome browser open with localhost:3000, and there are terminal windows visible. I need to focus on the browser and examine the page source. Let me first click on the localhost:3000 tab to make sure it's active, then view the page source.
[step 2] Action: left_click (291, 33)
[step 2] Reasoning: I can see the localhost:3000 tab is now active, showing a simple page with "Works!" and an "About" link. There's also a "view-source:localhost:3000" tab already open. Let me click on that tab to examine the page source.
[step 3] Action: scroll up (640, 150) scroll_amount 3
[step 3] Reasoning: I can now see the page source. Let me examine the Google Fonts related link tags carefully. I can see:

1. **Line 4**: `<link data-hid="gf-prefetch" rel="dns-prefetch" href="https://fonts.gstatic.com/">`
2. **Line 5**: `<link data-hid="gf-preconnect" rel="preconnect" href="https://fonts.gstatic.com/" crossorigin="true">`
3. **Line 6**: `<link data-hid="gf-preload" rel="preload" as="style" href="https://fonts.googleapis.com/css2?family=Roboto&family=Lato">`
4. **Line 7**: `<link data-hid="gf-stylesheet" rel="stylesheet" href="https://fonts.googleapis.com/css2?family=Roboto&family=Lato" media="print" onload="this.onload=null;this.removeAttribute('media');">`

Let me zoom in to see more details about lines 5 and 6, particularly the `crossorigin` attribute values.
[step 4] Action: key: ctrl+f
[step 4] Reasoning: I can see the page source clearly. Let me zoom in to examine the critical lines more carefully by using Ctrl+F to search for the relevant attributes.
[step 5] Action: key: cmd+f
[step 5] Reasoning: The find dialog doesn't seem to have opened. Let me try with Command+F since this is a Mac:
[step 6] Action: type: crossorigin
[step 6] Reasoning: A search box appeared in the top right. Let me search for "crossorigin" to find all crossorigin attributes in the source:
[step 7] Action: key: Escape
[step 7] Reasoning: Excellent! The search shows "1/1" meaning there is only ONE occurrence of `crossorigin` in the entire page source. I can clearly see it on **Line 5**:

```html
<link data-hid="gf-preconnect" rel="preconnect" href="https://fonts.gstatic.com/" crossorigin="true">
```

This is a critical finding. The `crossorigin` attribute value is `"true"`, but **this is incorrect**. 

For the `crossorigin` attribute on HTML link elements, the valid values are:
- `""` (empty string) or `"anonymous"` - use CORS without credentials
- `"use-credentials"` - use CORS with credentials

The value `"true"` is **not a valid crossorigin value**. It will be treated as an invalid/unknown value which may cause issues.

Now let me also check the `link preload` tag more carefully (Line 6). I can see:
- **Line 6**: `<link data-hid="gf-preload" rel="preload" as="style" href="https://fonts.googleapis.com/css2?family=Roboto&family=Lato">` - **No crossorigin attribute at all!**

This is also problematic because when a `rel="preload"` tag loads a cross-origin resource, it should have the `crossorigin` attribute to properly match the subsequent fetch request.

Let me close the search and zoom into the relevant lines for better visibility:
[step 8] Action: key: cmd+plus
[step 8] Reasoning: Now I can clearly see the source code. Let me zoom in more carefully to read the exact content of lines 4-7 using the browser's zoom feature:
[step 9] Action: key: cmd+equal
[step 10] Action: key: cmd+shift+equal
[step 11] Action: left_click (421, 33)
[step 11] Reasoning: Let me try using the zoom controls in Chrome menu instead. But first let me just carefully zoom into the specific lines via taking a zoomed screenshot of that region. Let me look at the key lines I can already read:

Looking at the source code screenshot, I can already read the crucial information clearly:

- **Line 4**: `<link data-hid="gf-prefetch" rel="dns-prefetch" href="https://fonts.gstatic.com/">`
- **Line 5**: `<link data-hid="gf-preconnect" rel="preconnect" href="https://fonts.gstatic.com/" crossorigin="true">`
- **Line 6**: `<link data-hid="gf-preload" rel="preload" as="style" href="https://fonts.googleapis.com/css2?family=Roboto&family=Lato">` (no crossorigin attribute)
- **Line 7**: `<link data-hid="gf-stylesheet" rel="stylesheet" href="https://fonts.googleapis.com/css2?family=Roboto&family=Lato" media="print" onload="this.onload=null;this.removeAttribute('media');">`

Now let me also check the localhost:3000 page to see the actual font rendering. Let me navigate to the About page as well since it appeared in the main page:
[step 12] Action: left_click (291, 33)
[step 12] Reasoning: I'm now on the localhost:3000 page. The page shows "Works!" and an "About" link. The text appears to be rendering in the system's default font (sans-serif), not specifically in Roboto or Lato. The page is very minimal.

Now let me go back to view-source to examine the source code more carefully. I need to read the full detail of lines 5 and 6 about `gf-preload`:
[step 13] Action: left_click (1111, 62)
[step 13] Reasoning: I can now clearly see the page source. Let me now carefully analyze what I can read from the screen and provide a comprehensive analysis. Let me take a closer look at line 5 specifically by zooming in using the browser's zoom capability through the View menu:
[step 14] Action: left_click (1079, 89)
[step 14] Reasoning: The zoom control appeared at 125%. Let me increase the zoom to get a better view of the critical lines. Let me click the "+" button to zoom in:
[step 15] Action: left_click (1079, 89)
[step 15] Reasoning: Now at 150% zoom I can read the source code much more clearly. Let me analyze the Google Fonts link tags:

**Line 4**: `<link data-hid="gf-prefetch" rel="dns-prefetch" href="https://fonts.gstatic.com/">`
- ✅ Correct: DNS prefetch for Google Fonts static server

**Line 5**: `<link data-hid="gf-preconnect" rel="preconnect" href="https://fonts.gstatic.com/" crossorigin="true">`
- ❌ **BUG FOUND**: The `crossorigin` attribute value is `"true"` - This is an **invalid value**. Valid values are `""` (anonymous), `"anonymous"`, or `"use-credentials"`.

**Line 6**: `<link data-hid="gf-preload" rel="preload" as="style" href="https://fonts.googleapis.com/css2?family=Roboto&family=Lato">`
- ❌ **Issue**: The `rel="preload"` tag for the Google Fonts CSS is **missing the `crossorigin` attribute** entirely. Since the preconnect tag has `crossorigin`, the preload tag should also have `crossorigin` to match the request mode and avoid double-fetching.

**Line 7**: `<link data-hid="gf-stylesheet" rel="stylesheet" href="https://fonts.googleapis.com/css2?family=Roboto&family=Lato" media="print" onload="this.onload=null;this.removeAttribute('media');">`
- This is the actual stylesheet link using the media="print" trick for async loading - no crossorigin needed here for CSS stylesheets.

**Line 8**: `<noscript data-hid="gf-noscript"><link rel="stylesheet" href="https://fonts.googleapis.com/css2?family=Roboto&family=Lato"></noscript>`
- This is the noscript fallback.

The main issue is clear: **`crossorigin="true"` is not a valid HTML attribute value**. The correct values should be `"anonymous"` or `"use-credentials"`.

Let me now zoom in more specifically on line 5 to confirm the exact value:
[step 16] Action: left_click (640, 62)
[step 16] Reasoning: Now at 175% zoom, I can clearly read all the critical link tags. Let me make my final analysis:

**Line 4**: `<link data-hid="gf-prefetch" rel="dns-prefetch" href="https://fonts.gstatic.com/">`
- ✅ DNS prefetch - no crossorigin needed, correctly configured

**Line 5**: `<link data-hid="gf-preconnect" rel="preconnect" href="https://fonts.gstatic.com/" crossorigin="true">`
- ❌ **BUG**: `crossorigin="true"` is **invalid**. Valid values are `"anonymous"` or `"use-credentials"`. Using `"true"` is not a recognized value and will be treated as an invalid token.

**Line 6**: `<link data-hid="gf-preload" rel="preload" as="style" href="https://fonts.googleapis.com/css2?family=Roboto&family=Lato">`
- ❌ **Missing `crossorigin` attribute** on the `rel="preload"` tag. This is needed because the preconnect has `crossorigin`, and for consistency and proper CORS handling, the preload should also include `crossorigin="anonymous"`.

**Line 7**: `<link data-hid="gf-stylesheet" rel="stylesheet" href="https://fonts.googleapis.com/css2?family=Roboto&family=Lato" media="print" onload="this.onload=null;this.removeAttribute('media');">`
- ⚠️ Standard Google Fonts async loading technique (media="print" trick)

**Line 8**: `<noscript data-hid="gf-noscript"><link rel="stylesheet" href="https://fonts.googleapis.com/css2?family=Roboto&family=Lato"></noscript>`
- ✅ Noscript fallback

Let me now also verify the localhost:3000 about page to see if there are any other source files:
[step 17] Action: DONE
[step 17] Reasoning: I can now clearly read the full source. Based on my comprehensive analysis of the page source code at http://localhost:3000, here is my detailed findings report:

---

## 📋 检测报告：Google Fonts link 标签 crossorigin 属性分析

### 页面源代码中的 Google Fonts 相关 link 标签

通过查看 `view-source:localhost:3000`，找到以下 Google Fonts 相关的 link 标签：

---

### **Line 4** - DNS Prefetch（DNS预取）
```html
<link data-hid="gf-prefetch" rel="dns-prefetch" href="https://fonts.gstatic.com/">
```
✅ **正确**：DNS 预取标签，无需 `crossorigin` 属性。

---

### **Line 5** - Preconnect（预连接）
```html
<link data-hid="gf-preconnect" rel="preconnect" href="https://fonts.gstatic.com/" crossorigin="true">
```
❌ **发现 BUG：`crossorigin="true"` 是无效值！**

**问题分析：**
- `crossorigin` 属性的有效值为：`"anonymous"`（不带凭证的跨域请求）或 `"use-credentials"`（带凭证的跨域请求）
- `"true"` 不是有效的 `crossorigin` 属性值，浏览器会将其视为无效令牌，可能按空字符串（`anonymous`）处理，但行为未定义，存在跨域问题
- 正确写法应为：`crossorigin="anonymous"` 或 `crossorigin`（省略值时默认 anonymous）

---

### **Line 6** - Preload（预加载）
```html
<link data-hid="gf-preload" rel="preload" as="style" href="https://fonts.googleapis.com/css2?family=Roboto&family=Lato">
```
❌ **缺少 `crossorigin` 属性！**

**问题分析：**
- `rel="preload"` 标签加载跨域资源时，**必须**设置 `crossorigin` 属性，否则预加载的资源与实际请求的 CORS 模式不匹配
- 这会导致浏览器**双重获取**（double-fetch）：预加载的资源被丢弃，再重新发起一次请求
- 正确写法应为：`crossorigin="anonymous"`（与 preconnect 标签保持一致）

---

### **Line 7** - Stylesheet（样式表）
```html
<link data-hid="gf-stylesheet" rel="stylesheet" href="https://fonts.googleapis.com/css2?family=Roboto&family=Lato" media="print" onload="this.onload=null;this.removeAttribute('media');">
```
⚠️ 使用 `media="print"` + `onload` 异步加载技巧，CSS 样式表通常不需要 `crossorigin`，此处技术实现正确。

---

### **Line 8** - Noscript Fallback（无JS降级方案）
```html
<noscript data-hid="gf-noscript"><link rel="stylesheet" href="https://fonts.googleapis.com/css2?family=Roboto&family=Lato"></noscript>
```
✅ **正确**：无 JavaScript 情况下的降级样式表，实现正确。

---

## 🔍 总结

| 标签 | 问题 | 严重程度 |
|------|------|---------|
| `gf-preconnect` (Line 5) | `crossorigin="true"` 是**无效属性值**，应为 `"anonymous"` | 🔴 严重 Bug |
| `gf-preload` (Line 6) | **缺少 `crossorigin` 属性**，导致预加载资源无法被复用（双重请求） | 🔴 严重 Bug |
| `gf-prefetch` (Line 4) | 正确 | ✅ |
| `gf-stylesheet` (Line 7) | 正确（异步加载技巧） | ✅ |
| `gf-noscript` (Line 8) | 正确 | ✅ |

**字体渲染影响：** 由于 `preload` 标签缺少 `crossorigin` 属性，以及 `preconnect` 标签的 `crossorigin` 值无效，Google Fonts 资源可能无法通过 CORS 正确加载，导致字体**无法正常渲染显示**（回退到系统默认字体）。
Evaluating task result...

==================================================
Task: 当前Chrome浏览器已打开Google Fonts网站，地址是http://localhost:3000。检查页面中Google Fonts相关的link标签是否正确加载，验证crossorigin属性是否正确设置。查看页面源代码检查link preload标签的crossorigin属性值。确保字体能正常渲染显示。请始终在浏览器内操作，禁止打开 Terminal、Finder 或其他应用程序。如果在浏览器中找不到目标功能，直接标记 result 为 unclear，result_summary 写明未在页面中找到目标功能入口。
Status: COMPLETED
Total steps: 17
Last action: DONE
Last reasoning: I can now clearly read the full source. Based on my comprehensive analysis of the page source code at http://localhost:3000, here is my detailed findings report:

---

## 📋 检测报告：Google Fonts link 标签 crossorigin 属性分析

### 页面源代码中的 Google Fonts 相关 link 标签

通过查看 `view-source:localhost:3000`，找到以下 Google Fonts 相关的 link 标签：

---

### **Line 4** - DNS Prefetch（DNS预取）
```html
<link data-hid="gf-prefetch" rel="dns-prefetch" href="https://fonts.gstatic.com/">
```
✅ **正确**：DNS 预取标签，无需 `crossorigin` 属性。

---

### **Line 5** - Preconnect（预连接）
```html
<link data-hid="gf-preconnect" rel="preconnect" href="https://fonts.gstatic.com/" crossorigin="true">
```
❌ **发现 BUG：`crossorigin="true"` 是无效值！**

**问题分析：**
- `crossorigin` 属性的有效值为：`"anonymous"`（不带凭证的跨域请求）或 `"use-credentials"`（带凭证的跨域请求）
- `"true"` 不是有效的 `crossorigin` 属性值，浏览器会将其视为无效令牌，可能按空字符串（`anonymous`）处理，但行为未定义，存在跨域问题
- 正确写法应为：`crossorigin="anonymous"` 或 `crossorigin`（省略值时默认 anonymous）

---

### **Line 6** - Preload（预加载）
```html
<link data-hid="gf-preload" rel="preload" as="style" href="https://fonts.googleapis.com/css2?family=Roboto&family=Lato">
```
❌ **缺少 `crossorigin` 属性！**

**问题分析：**
- `rel="preload"` 标签加载跨域资源时，**必须**设置 `crossorigin` 属性，否则预加载的资源与实际请求的 CORS 模式不匹配
- 这会导致浏览器**双重获取**（double-fetch）：预加载的资源被丢弃，再重新发起一次请求
- 正确写法应为：`crossorigin="anonymous"`（与 preconnect 标签保持一致）

---

### **Line 7** - Stylesheet（样式表）
```html
<link data-hid="gf-stylesheet" rel="stylesheet" href="https://fonts.googleapis.com/css2?family=Roboto&family=Lato" media="print" onload="this.onload=null;this.removeAttribute('media');">
```
⚠️ 使用 `media="print"` + `onload` 异步加载技巧，CSS 样式表通常不需要 `crossorigin`，此处技术实现正确。

---

### **Line 8** - Noscript Fallback（无JS降级方案）
```html
<noscript data-hid="gf-noscript"><link rel="stylesheet" href="https://fonts.googleapis.com/css2?family=Roboto&family=Lato"></noscript>
```
✅ **正确**：无 JavaScript 情况下的降级样式表，实现正确。

---

## 🔍 总结

| 标签 | 问题 | 严重程度 |
|------|------|---------|
| `gf-preconnect` (Line 5) | `crossorigin="true"` 是**无效属性值**，应为 `"anonymous"` | 🔴 严重 Bug |
| `gf-preload` (Line 6) | **缺少 `crossorigin` 属性**，导致预加载资源无法被复用（双重请求） | 🔴 严重 Bug |
| `gf-prefetch` (Line 4) | 正确 | ✅ |
| `gf-stylesheet` (Line 7) | 正确（异步加载技巧） | ✅ |
| `gf-noscript` (Line 8) | 正确 | ✅ |

**字体渲染影响：** 由于 `preload` 标签缺少 `crossorigin` 属性，以及 `preconnect` 标签的 `crossorigin` 值无效，Google Fonts 资源可能无法通过 CORS 正确加载，导致字体**无法正常渲染显示**（回退到系统默认字体）。

==================================================

UI window closed
