Session created: sess-20260417221747-6a1a4aace073471aa0b8bbac7175cb95
UI panel initialized successfully
UI window displayed
Expected result: 包含空文件夹名称的HTML书签文件应能正常导入成功，不应出现错误提示或导入中断，空名称的文件夹应被自动处理，所有书签条目均应正确导入。
[step 0] Action: Initializing
[step 0] Reasoning: Initializing session connection
[step 0] Action: screenshot
[step 1] Action: left_click (911, 543)
[step 1] Reasoning: I can see the Karakeep login page. I need to first sign up with the specified account. Let me click on "Sign up".
[step 2] Action: left_click (853, 319)
[step 2] Reasoning: I'm on the signup page. Let me fill in the registration form with the specified credentials.
[step 3] Action: type: test2
[step 3] Reasoning: I can see a dropdown appearing with autocomplete suggestions. Let me type "test2" in the Full Name field.
[step 4] Action: left_click (853, 384)
[step 4] Reasoning: I've typed "test2" in the Full Name field. Now let me fill in the Email field.
[step 5] Action: type: test2@test.com
[step 5] Reasoning: I can see the Email field is focused with autocomplete suggestions. Let me type the email address.
[step 6] Action: left_click (853, 448)
[step 6] Reasoning: The email has been filled in. Now let me fill in the Password field.
[step 7] Action: type: test1234
[step 8] Action: left_click (853, 513)
[step 8] Reasoning: Now let me fill in the Confirm Password field.
[step 9] Action: type: test1234
[step 10] Action: left_click (853, 554)
[step 10] Reasoning: All fields are filled in. Now let me click the "Create Account" button.
[step 11] Action: screenshot
[step 11] Reasoning: I can see the button is showing a loading spinner. Let me wait for it to complete.
[step 12] Action: left_click (968, 249)
[step 12] Reasoning: The account was created successfully and I'm now on the sign-in page. There's a Chrome password manager dialog asking me to update my password. Let me dismiss it and then sign in with the credentials.
[step 13] Action: left_click (1189, 266)
[step 13] Reasoning: There's another Chrome password manager popup. Let me dismiss it by clicking "不用了" (No thanks).
[step 14] Action: left_click (853, 369)
[step 14] Reasoning: Good, the dialog is dismissed. Now I'm on the sign-in page. Let me sign in with the credentials I just created.
[step 15] Action: left_click (813, 453)
[step 15] Reasoning: I can see a dropdown with email suggestions including "test2@test.com". Let me click on it.
[step 16] Action: left_click (853, 433)
[step 16] Reasoning: The email "test2@test.com" is now filled in. Now let me fill in the password.
[step 17] Action: type: test1234
[step 18] Action: left_click (853, 474)
[step 18] Reasoning: Both fields are filled. Now let me click the "Sign In" button.
[step 19] Action: left_click (968, 249)
[step 19] Reasoning: There's another Chrome password dialog. Let me dismiss it and check if login was successful.
[step 20] Action: left_click (1189, 266)
[step 20] Reasoning: There's another Chrome password manager dialog. It seems I'm still on the signin page. Let me dismiss this dialog first.
[step 21] Action: left_click (853, 369)
[step 21] Reasoning: It seems the login didn't work or redirected me back to the signin page. The URL is still showing "localhost:3000/signin". Let me try signing in again by entering the credentials manually.
[step 22] Action: type: test2@test.com
[step 22] Reasoning: I can see the dropdown suggestions. Let me type the email address directly.
[step 23] Action: left_click (853, 433)
[step 23] Reasoning: Email is filled in. Now let me click on the password field and enter the password.
[step 24] Action: type: test1234
[step 25] Action: left_click (853, 474)
[step 25] Reasoning: Both fields are filled. Let me click the Sign In button.
[step 26] Action: left_click (968, 249)
[step 26] Reasoning: There's the Chrome password dialog again. It says "更改您的密码" (Update your password). Let me dismiss it and see if login was successful.
[step 27] Action: left_click (1189, 266)
[step 27] Reasoning: I'm still on the signin page and there's another Chrome password manager. The login seems to have submitted but still showing the signin page. It appears the sign-in hasn't redirected me - maybe the sign-in is actually working but we're seeing the wrong page. Let me dismiss this dialog and wait.
[step 28] Action: Open url: http://localhost:3000/settings/import
[step 28] Reasoning: The page is still on the signin page. It seems login didn't succeed. Let me try navigating directly to the import page to see if I'm already logged in.
[step 29] Action: left_click (853, 369)
[step 29] Reasoning: I'm still redirected to the signin page, confirming I'm not logged in. Let me try logging in with the credentials again in this new tab.
[step 30] Action: left_click (813, 453)
[step 30] Reasoning: I can see the autocomplete dropdown showing email options including "test2@test.com". Let me click on it.
[step 31] Action: left_click (853, 433)
[step 31] Reasoning: The email field now shows "test2@test.com". Let me click the password field and enter the password.
[step 32] Action: type: test1234
[step 33] Action: left_click (853, 474)
[step 33] Reasoning: Both email and password are filled in. Let me click Sign In button.
[step 34] Action: left_click (1189, 266)
[step 34] Reasoning: I see the Chrome password manager again showing "要保存" (save password). The page is still showing the signin page. The sign-in form seems to be resetting/not working. Let me click "不用了" to dismiss and check if the login was successful by waiting.
[step 35] Action: left_click (967, 249)
[step 35] Reasoning: I see a dialog "更改您的密码" which says Google password manager recommends updating password. Let me dismiss it and check what's happening. The login seems to be failing. Let me click "确定" to dismiss this dialog.
[step 36] Action: left_click (1189, 266)
[step 36] Reasoning: There's another password save dialog. The sign-in page is still showing, and the password manager dialog keeps appearing. The signin appears to be successful but the Chrome password dialog keeps showing on top. Let me click "不用了" on this dialog and then check if we can navigate to the import page.
[step 37] Action: left_click (853, 369)
[step 37] Reasoning: I'm still on the login page. The login doesn't seem to be working. The password might be wrong. Let me look at what happened during signup - the account was created and then they wanted me to sign in. Let me check if the account was really created, and try sign-in with a fresh attempt. But actually, looking at the URL it's still "localhost:3000/signin". 

Looking back, I realize I was on the correct login page but possibly when I tried to sign in, the Chrome password manager popped up and interfered, and maybe the sign-in actually worked briefly but then redirected to signin again due to some other issue. Let me try to navigate directly to the import URL now to see if I'm logged in.

Actually, looking at the current page, the form fields are empty again. Let me try once more, this time pressing Enter after typing the password to submit without clicking.

Let me try entering the credentials and submitting with keyboard.
[step 38] Action: left_click (813, 453)
[step 38] Reasoning: I can see the autocomplete dropdown showing "test2@test.com". Let me click on it.
[step 39] Action: left_click (853, 433)
[step 39] Reasoning: Good, the email is filled with "test2@test.com". Now let me click on the password field and enter the password.
[step 40] Action: type: test1234
[step 41] Action: key: Return
[step 41] Reasoning: Both email and password are filled. Now let me press Enter to submit the form instead of clicking the button.
[step 42] Action: left_click (1189, 266)
[step 42] Reasoning: The Chrome password manager is showing again "要保存" and the login form is still empty (cleared). The login appears to be submitting but the form is being cleared and we're back on the signin page. This is odd behavior.

Wait - looking carefully at this, I notice the form resets with empty fields after pressing Enter. This suggests the sign-in may have actually worked (the form cleared after submission) and the Chrome password manager popup is showing because the user logged in successfully. But the URL still shows "localhost:3000/signin" - this is suspicious.

Let me dismiss the Chrome dialog and then try navigating directly to the import page.
[step 43] Action: left_click (967, 249)
[step 43] Reasoning: There's another "更改您的密码" dialog. This means sign-in is submitting but the password saved in Chrome's manager is different. Let me click "确定" to dismiss it and then try to navigate directly to the import page to see if we're actually logged in.
[step 44] Action: left_click (1189, 266)
[step 44] Reasoning: There's another Chrome password manager popup "要保存". The login keeps failing. I need to check what's happening. Let me dismiss this dialog and check the current URL to understand the issue.

Looking at this situation more carefully, I think the login IS succeeding but the page is being redirected back to signin because of some issue. Perhaps the signin works and I get redirected to the home page, but then the Chrome password manager popup interferes with subsequent page navigation. Let me click "不用了" and then navigate directly to the import page.

Actually, I notice the URL hasn't changed from "localhost:3000/signin". Looking at the Chrome password dialog "要保存" (Save password) vs "更改您的密码" (Change your password), this suggests the browser is detecting a successful login attempt (or at least a form submission with credentials). 

I wonder if the account creation was really successful. Looking at earlier screenshots, after the signup, we were redirected back to the signin page. Maybe the sign-in itself keeps failing silently.

Let me click "不用了" and then try navigating to the home page.
[step 45] Action: left_click (640, 61)
[step 45] Reasoning: I'm still on the signin page and the dialogs were dismissed. The problem is that whenever I submit login, I get a Chrome password save dialog that keeps appearing on top. 

Looking at this carefully, I think what's happening is:
1. When I submit the login form, the page might redirect briefly to the home page
2. But then the Chrome password save dialog appears and I keep dismissing it
3. After dismissing, the page might be going back to signin

Wait, actually something else is possible - maybe the login isn't failing. The Chrome form save dialog might have appeared after a successful login, but the page has redirected. But the URL still shows "localhost:3000/signin".

Let me look at other tabs - there's a "Karakeep" tab at localhost:3000 and another at localhost:3000/signin. Let me check the other tab (position 3).

Actually looking at the tab bar, I see there are 3 tabs: OpenClaw Control, Karakeep (localhost:3000), and Karakeep (localhost:3000/signin). The tab I'm currently on is the third one showing signin. 

Let me navigate to the address bar and type the import URL directly.
[step 46] Action: type: localhost:3000/se...
[step 46] Reasoning: The address bar is selected with "localhost:3000/signin". Let me type the import page URL directly.
[step 47] Action: left_click (570, 89)
[step 47] Reasoning: The address bar shows the import URL. Let me click on the "Karakeep - localhost:3000/settings/import" suggestion.
[step 48] Action: left_click (853, 369)
[step 48] Reasoning: I'm still on the signin page. The URL is "localhost:3000/signin". This confirms I'm not logged in. The previous sign-in attempts were failing silently. 

Looking at all this, I think the signup was successful, but there's been an issue with the sign-in. Perhaps there's a bug in the sign-in form, or there might be some issue with the sign-in button click being intercepted by the Chrome password manager.

Let me try sign-in again, but this time I'll pay close attention - I'll enter the credentials and click Sign In button directly:
[step 49] Action: left_click (813, 429)
[step 49] Reasoning: I can see a dropdown with 3 email options: test@test.com, test2@test.com, testuser@example.com. Let me click on "test2@test.com".
[step 50] Action: left_click (853, 433)
[step 50] Reasoning: Email "test2@test.com" is filled in. Now let me click the password field and enter the password.
[step 51] Action: type: test1234
[step 51] Reasoning: The password field is now focused. Let me type the password.
[step 52] Action: left_click (853, 474)
[step 52] Reasoning: Both email and password are filled in. Now let me click the "Sign In" button.
[step 53] Action: left_click (293, 33)
[step 53] Reasoning: The form cleared again and we're still on the signin page. This time no Chrome password dialog appeared. This is very suspicious behavior - the form keeps clearing and returning to the signin page. 

This suggests the sign-in is failing silently - the form submits, the page refreshes/redirects back to signin, and the form is cleared. There's no error message shown to the user.

Wait - I notice there's another Karakeep tab on the tab bar. Let me click on the second "Karakeep" tab to see if it's already logged in.
[step 54] Action: left_click (910, 543)
[step 54] Reasoning: Both Karakeep tabs are showing the signin page. I see there are only 2 Karakeep tabs, both showing signin. The sign-in credentials might not be working correctly. 

Looking at the issue more carefully, I notice the sign-in form keeps clearing and returning to the same signin page without any error message. This could be:
1. A bug in the application where the sign-in fails silently
2. The sign-in is actually succeeding but the page is immediately logging out

Let me check the "N Issues" widget at the bottom to see if there are any reported issues.

Wait - looking at the first tab "Karakeep" (position 2), it's also showing signin page URL: localhost:3000/signin. 

Let me try to approach this differently. Let me look at the issue counter "2 Issues" at the bottom left - this might be related to the login issue. But actually this appears to be a different task tracker widget.

Let me try to check if there's an existing user I should be using. Looking at the email dropdown earlier, I saw "test@test.com", "test2@test.com", and "testuser@example.com". Maybe "test@test.com" or "testuser@example.com" already exists. 

But actually, the signup was done earlier in this session. It appears the user was created successfully (the form redirected to sign in page after signup), but now we can't sign in.

Wait - looking at the task description again, it says "如果看到登录页面，先注册一个新账号" - if you see a login page, first register. It's possible the issue is that when I tried to sign up earlier, the account was not actually created (maybe there was an error I missed). Let me try signing up again with test2@test.com to see if it says "already exists" or registers successfully.
[step 55] Action: left_click (853, 319)
[step 55] Reasoning: I'm now on the signup page. Let me try to sign up again with the same credentials to see if the account already exists or if it registers successfully.
[step 56] Action: left_click (791, 403)
[step 56] Reasoning: I can see a dropdown with "test", "Test User", and "test2" as autocomplete suggestions for the Full Name field. "test2" appears in the list which means the browser's autocomplete has saved this previously. Let me click "test2" to fill it.
[step 57] Action: left_click (853, 384)
[step 57] Reasoning: "test2" is filled in the Full Name field. Now let me fill in the Email field.
[step 58] Action: left_click (813, 444)
[step 58] Reasoning: The Email field is focused with a dropdown showing email options: test@test.com, test2@test.com, testuser@example.com. Let me click on "test2@test.com".
[step 59] Action: left_click (853, 448)
[step 59] Reasoning: "test2@test.com" is filled in the Email field. Now let me fill in the Password and Confirm Password fields.
[step 60] Action: type: test1234
[step 60] Reasoning: The Password field is now focused. Let me type the password.
[step 61] Action: left_click (853, 513)
[step 61] Reasoning: The password field is filled. Now let me fill in the Confirm Password field.
[step 62] Action: type: test1234
[step 62] Reasoning: The Confirm Password field is focused. Let me type the password again.
[step 63] Action: left_click (853, 553)
[step 63] Reasoning: All fields are filled in correctly. Now let me click the "Create Account" button to try signing up again.
[step 64] Action: left_click (916, 636)
[step 64] Reasoning: I can see the error "Email is already taken" - this confirms that the account with test2@test.com was already created earlier. So the signup was successful before, but the sign-in is failing. 

The sign-in is failing silently - when I enter credentials and click "Sign In", the form clears but stays on the signin page. This is a potential bug in the application.

Let me try signing in again, but this time I'll pay closer attention to any error messages that might be appearing briefly. Let me click "Sign in" link.
[step 65] Action: left_click (853, 369)
[step 65] Reasoning: I'm on the sign-in page. The email and password fields are empty. Let me enter the credentials carefully and try to sign in. I'll type in the Email field first.
[step 66] Action: left_click (968, 249)
[step 66] Reasoning: The Chrome password manager is showing a dialog "更改您的密码" (Change your password). This dialog is interfering with my login attempts. Let me click "确定" (OK) to dismiss this dialog.
[step 67] Action: left_click (853, 369)
[step 67] Reasoning: The Chrome password dialog is dismissed. I'm on the sign-in page. Let me try to carefully fill in the credentials and sign in. This time, I'll try clicking on the Email field and typing the email directly without autocomplete.

Let me click on the Email field first.
[step 68] Action: left_click (813, 429)
[step 68] Reasoning: The email dropdown is showing options: test@test.com, test2@test.com, testuser@example.com. Let me click on "test2@test.com" to fill in the email.
[step 69] Action: left_click (853, 433)
[step 69] Reasoning: The email "test2@test.com" is filled. Now let me click on the Password field and type the password.
[step 70] Action: type: test1234
[step 70] Reasoning: Good - the Password field is focused. The email shows "test2@test.com". Let me type the password.

==================================================
Task: 当前Chrome浏览器已打开karakeep网站，地址是http://localhost:3000/settings/import。测试从HTML文件导入书签功能，特别是当书签HTML文件中包含没有设置名称的空文件夹时的导入行为。步骤：1. 如果看到登录页面，先注册一个新账号（用户名test2，邮箱test2@test.com，密码test1234）并登录；2. 登录后访问/settings/import页面；3. 准备一个标准的浏览器导出的书签HTML文件进行导入；4. 点击导入按钮，选择该HTML书签文件进行导入；5. 观察导入过程是否能正常完成，不出现错误提示。始终在浏览器内操作，禁止打开 Terminal 或其他应用程序。如果在浏览器中找不到目标功能，直接报告 unclear。 请始终在浏览器内操作，禁止打开 Terminal、Finder 或其他应用程序。如果在浏览器中找不到目标功能，直接标记 result 为 unclear，result_summary 写明未在页面中找到目标功能入口。
Status: STOPPED_BY_USER
Total steps: 70
Last action: type: test1234
Last reasoning: Good - the Password field is focused. The email shows "test2@test.com". Let me type the password.

==================================================

UI window closed
