Session created: sess-20260417220710-33efb44cf03b47b188b67abd985f0bc8
UI panel initialized successfully
UI window displayed
Expected result: 未登录用户访问 /settings 时应被正确重定向到登录页面或显示友好提示，不应出现 5xx 服务器错误；已登录用户访问 /settings 时应正常显示设置页面布局。
[step 0] Action: Initializing
[step 0] Reasoning: Initializing session connection
[step 0] Action: screenshot
[step 1] Action: Open url: http://localhost:3000
[step 1] Reasoning: 我已经观察到了当前页面的状态。页面显示了一个**Runtime Error（服务器错误）**，具体是：

**TRPCError: UNAUTHORIZED**

这是一个异常行为——未登录用户访问 `/settings` 页面时，系统没有正确重定向到登录页面，而是显示了服务器端的错误堆栈信息（500级别的错误页面）。

接下来，我需要：
1. 记录这个错误
2. 尝试注册/登录后再访问 `/settings` 页面

让我先访问登录页面或注册页面：
[step 2] Action: left_click (910, 543)
[step 2] Reasoning: 访问 `http://localhost:3000` 后，系统自动重定向到了 `/signin` 登录页面，显示了 Karakeep 的登录界面。这说明根路径的访问控制是正常的。

现在我需要注册一个账号。我看到页面有 "Sign up" 链接，让我点击它来注册：
[step 3] Action: left_click (853, 319)
[step 3] Reasoning: 注册页面已显示。现在我来填写注册信息：
[step 4] Action: type: Test User
[step 5] Action: left_click (853, 384)
[step 6] Action: type: testuser@example.com
[step 7] Action: left_click (853, 448)
[step 8] Action: type: TestPassword123!
[step 9] Action: left_click (853, 513)
[step 10] Action: type: TestPassword123!
[step 11] Action: left_click (853, 554)
[step 11] Reasoning: 所有字段已填写完毕。现在点击"Create Account"按钮：
[step 12] Action: screenshot
[step 12] Reasoning: 注册请求正在处理中（按钮显示加载状态）。让我等待响应：
[step 13] Action: left_click (1189, 266)
[step 13] Reasoning: 注册成功！页面已自动跳转到 `/signin` 登录页面，同时浏览器弹出了保存密码的提示框。这说明注册流程正常。现在我需要登录，先关闭密码保存提示，然后填写登录信息：
[step 14] Action: left_click (853, 369)
[step 14] Reasoning: 现在填写登录信息：
[step 15] Action: left_click (829, 429)
[step 15] Reasoning: 浏览器显示了自动填充建议，我可以看到 `testuser@example.com`。让我点击它：
[step 16] Action: left_click (853, 433)
[step 16] Reasoning: Email已填写为 `testuser@example.com`。现在填写密码：
[step 17] Action: type: TestPassword123!
[step 18] Action: left_click (853, 474)
[step 18] Reasoning: 邮箱和密码都已填好。现在点击"Sign In"按钮：
[step 19] Action: left_click (1189, 266)
[step 19] Reasoning: 登录成功后又弹出了保存密码的提示。我注意到URL仍然是 `/signin`，但表单已清空，说明登录请求正在处理中。让我点击"不用了"关闭弹窗，然后查看页面状态：
[step 20] Action: screenshot
[step 20] Reasoning: 我发现页面仍然显示在登录页面，表单已清空。这可能意味着登录成功后系统没有正确跳转，或者我需要等待一下。但URL仍然是 `/signin`。让我等一秒然后截图看看：
[step 21] Action: left_click (853, 369)
[step 21] Reasoning: 页面仍然停留在 `/signin`，但表单已清空。看起来可能登录失败了，或者系统没有正确跳转。让我再次尝试登录：
[step 22] Action: type: testuser@example.com
[step 23] Action: left_click (853, 433)
[step 24] Action: type: TestPassword123!
[step 25] Action: left_click (853, 474)
[step 25] Reasoning: 现在点击"Sign In"按钮：
[step 26] Action: left_click (1189, 266)
[step 26] Reasoning: 登录成功了！又弹出保存密码的提示，表单已清空。让我关闭密码保存弹窗：
[step 27] Action: Open url: http://localhost:3000/settings
[step 27] Reasoning: 我注意到页面依然显示在 `/signin` 登录页面，表单已清空但没有自动跳转。这可能表示**登录成功后系统没有自动重定向**，或者登录本身有问题。让我手动导航到 `/settings` 页面来验证是否已登录：
[step 28] Action: left_click (453, 33)
[step 28] Reasoning: 现在发现了一个新的错误！访问 `http://localhost:3000/settings` 时显示了另一个错误：

**`[next-auth][error][JWT_SESSION_ERROR] "\nhttps://next-auth.js.org/errors#jwt_session_error" "decryption operation failed" {}`**

这是一个 JWT Session 错误，说明之前我注册/登录时的 session 出现了 JWT 解密失败的问题。这可能是一个应用程序级别的 bug。

让我回到 Karakeep 标签页（已打开的那个），查看原始页面状态：
[step 29] Action: left_click (281, 33)
[step 29] Reasoning: 我在 Karakeep 标签页中仍然显示的是 `/signin` 页面，这表明登录后没有自动重定向。现在，我需要先回到原始的 `localhost:3000/settings` 标签页来查看最开始的状态。

让我切换到第一个 `localhost:3000/settings` 标签页（在任务栏中可以看到的那个），来确认原始错误：
[step 30] Action: key: F5
[step 30] Reasoning: 现在我清楚地看到了原始的错误页面。这就是任务描述中提到的初始状态：

**未登录用户直接访问 `/settings` 页面时，显示了：**
- **Runtime Error**（服务器运行时错误）
- **TRPCError: UNAUTHORIZED**
- 错误来源于 `isAuthed` 函数（`../packages/trpc/index.ts (113:13)`）

这是一个**访问控制缺陷**——系统没有将未认证用户重定向到登录页面，而是抛出了服务器端错误并将错误堆栈暴露给用户。

现在让我尝试在这个标签页上刷新，看看由于我已经注册了用户（虽然登录后有 JWT_SESSION_ERROR），是否能够进入设置页面：
[step 31] Action: left_click (609, 33)
[step 31] Reasoning: 刷新后，页面仍然显示同样的错误 `TRPCError: UNAUTHORIZED`，说明当前仍然是未认证状态（之前的登录没有成功建立有效 session）。

现在让我切换到第二个 localhost:3000/settings 标签页来查看JWT_SESSION_ERROR：
[step 32] Action: Minimize panel
[step 33] Action: left_click (453, 33)
[step 33] Reasoning: 现在我能够完整看到第二个标签页（登录后访问 `/settings`）的错误状态。这是一个 **Console Error**，显示：

**`[next-auth][error][JWT_SESSION_ERROR] "\nhttps://next-auth.js.org/errors#jwt_session_error" "decryption operation failed" {}`**

错误来源于 `app/layout.tsx (53:19) @ async RootLayout`，在执行 `getServerAuthSession()` 时抛出。

这里有 3 个错误（"3 Issues"），说明这是一个更严重的问题。

我注意到 Karakeep 标签页（登录后）的 URL 仍然是 `/signin`，说明登录流程也存在问题（登录成功后没有重定向）。

让我切换到 Karakeep 标签页，再次尝试确认是否真的已经登录：
[step 34] Action: left_click (853, 369)
[step 34] Reasoning: Karakeep 标签页仍然显示 `/signin` 页面，表单为空，说明登录后没有自动跳转。让我再次尝试登录，看看是否能成功：
[step 35] Action: left_click (829, 428)
[step 36] Action: left_click (853, 433)
[step 37] Action: type: TestPassword123!
[step 38] Action: left_click (853, 474)
[step 39] Action: left_click (1189, 266)
[step 39] Reasoning: 登录按钮被点击后，又弹出了"要保存密码吗?"对话框，表单内容已清空（说明登录请求已被处理），但页面仍然停在 `/signin`。这是一个**登录后不重定向的 Bug**。

让我关闭密码保存对话框，然后等待一下再看页面状态：
[step 40] Action: left_click (152, 62)
[step 40] Reasoning: 页面仍然停在 `/signin` 页面，表单已清空，没有自动跳转。这说明登录可能实际上没有成功，或者存在**登录成功后不重定向**的 Bug。

让我尝试手动导航到 `/settings` 来检测是否已处于登录状态：
[step 41] Action: triple_click
[step 42] Action: type: localhost:3000/se...
[step 43] Action: key: Return
[step 44] Action: left_click (567, 154)
[step 44] Reasoning: 现在我看到了在 Karakeep 标签页中访问 `/settings` 时的页面状态（同样显示 JWT_SESSION_ERROR）。这说明即使在登录操作之后，用 Cookie 中的 session 访问 `/settings` 仍然会遇到 JWT 解密错误。

让我通过浏览 error 页面上的多个错误来查看其他错误信息，点击 `1/3` 的右箭头来查看下一个错误：
[step 45] Action: left_click (567, 154)
[step 46] Action: DONE
[step 46] Reasoning: 现在我已经查看了所有 3 个错误。总结一下所有测试过程中的发现：

---

## 📋 测试总结报告

### 任务：测试 `/settings` 页面的访问权限控制

---

### 🔴 问题1：未登录用户访问 `/settings` 时，显示服务器错误而非重定向（严重 Bug）

**预期行为**：未登录用户访问 `/settings` 应被重定向到 `/signin` 登录页面（或显示"请先登录"的友好提示）。

**实际行为**：页面直接显示 **Runtime Error（服务器端运行时错误）**：
```
TRPCError: UNAUTHORIZED
../packages/trpc/index.ts (113:13) @ isAuthed
throw new TRPCError({ code: "UNAUTHORIZED" });
```
- 错误类型：`Runtime Error` + `Server`
- 系统将服务器端的详细堆栈信息暴露给用户，这是**安全漏洞**，同时也是**用户体验缺陷**

---

### 🔴 问题2：登录成功后不自动重定向（严重 Bug）

**预期行为**：用户提交正确的邮箱和密码后，应该自动跳转到主页或 `/settings` 页面。

**实际行为**：登录按钮被点击后，表单内容清空（说明请求被处理），但页面一直停留在 `/signin`，**不会自动跳转**。

---

### 🔴 问题3：登录后访问 `/settings` 仍然显示 JWT_SESSION_ERROR（严重 Bug）

**预期行为**：已登录用户访问 `/settings` 应能正常显示设置页面的布局和内容。

**实际行为**：访问 `/settings` 时显示 **3 个错误**：
1. **Console Error** (错误1/3)：`[next-auth][error][JWT_SESSION_ERROR] "decryption operation failed"` —— 发生在 `app/layout.tsx (53:19) @ async RootLayout` 的 `getServerAuthSession()` 调用处
2. **Console Error** (错误2/3)：同样的 `JWT_SESSION_ERROR`，发生在 `server/api/client.ts (40:19) @ async createContext`，调用链为 `SettingsLayout → createContext`
3. **Runtime Error** (错误3/3)：`TRPCError: UNAUTHORIZED` —— `../packages/trpc/index.ts (113:13) @ isAuthed`

---

### ✅ 正常功能
- 注册页面 (`/signup`) 可以正常访问和填写
- 注册操作本身正常（注册后跳转到 `/signin`）
- 根路径 `/` 会正确重定向到 `/signin`（未登录状态的访问控制正常）
- 登录页面 UI 布局正常

---

### 🔚 结论

**result: FAIL**

`/settings` 页面的访问权限控制存在以下严重 Bug：
1. **未认证用户访问时不做重定向**，而是暴露服务器端错误堆栈（`TRPCError: UNAUTHORIZED`），既是安全问题也是 UX 问题
2. **登录后无法正常跳转**（登录成功但页面不自动导航）
3. **登录后访问 `/settings` 仍然抛出 `JWT_SESSION_ERROR`（decryption operation failed）**，导致已登录用户也无法正常加载设置页面
Evaluating task result...

==================================================
Task: 当前Chrome浏览器已打开karakeep网站的/settings页面，地址是http://localhost:3000/settings。测试设置页面的访问权限控制。步骤：1. 观察当前页面状态（当前未登录状态下直接访问了/settings页面）；2. 观察页面是否正常处理未认证用户的访问，例如是否正确重定向到登录页面或显示适当的提示信息，而不是显示服务器错误（如 500 错误页面或白屏）；3. 如果页面显示了错误（如500错误），记录该异常行为；4. 如果系统有注册/登录功能，尝试注册并登录后再访问/settings页面，确认已登录用户可以正常加载设置页面布局和内容。始终在浏览器内操作，禁止打开 Terminal 或其他应用程序。如果在浏览器中找不到目标功能，直接报告 unclear。 请始终在浏览器内操作，禁止打开 Terminal、Finder 或其他应用程序。如果在浏览器中找不到目标功能，直接标记 result 为 unclear，result_summary 写明未在页面中找到目标功能入口。
Status: COMPLETED
Total steps: 46
Last action: DONE
Last reasoning: 现在我已经查看了所有 3 个错误。总结一下所有测试过程中的发现：

---

## 📋 测试总结报告

### 任务：测试 `/settings` 页面的访问权限控制

---

### 🔴 问题1：未登录用户访问 `/settings` 时，显示服务器错误而非重定向（严重 Bug）

**预期行为**：未登录用户访问 `/settings` 应被重定向到 `/signin` 登录页面（或显示"请先登录"的友好提示）。

**实际行为**：页面直接显示 **Runtime Error（服务器端运行时错误）**：
```
TRPCError: UNAUTHORIZED
../packages/trpc/index.ts (113:13) @ isAuthed
throw new TRPCError({ code: "UNAUTHORIZED" });
```
- 错误类型：`Runtime Error` + `Server`
- 系统将服务器端的详细堆栈信息暴露给用户，这是**安全漏洞**，同时也是**用户体验缺陷**

---

### 🔴 问题2：登录成功后不自动重定向（严重 Bug）

**预期行为**：用户提交正确的邮箱和密码后，应该自动跳转到主页或 `/settings` 页面。

**实际行为**：登录按钮被点击后，表单内容清空（说明请求被处理），但页面一直停留在 `/signin`，**不会自动跳转**。

---

### 🔴 问题3：登录后访问 `/settings` 仍然显示 JWT_SESSION_ERROR（严重 Bug）

**预期行为**：已登录用户访问 `/settings` 应能正常显示设置页面的布局和内容。

**实际行为**：访问 `/settings` 时显示 **3 个错误**：
1. **Console Error** (错误1/3)：`[next-auth][error][JWT_SESSION_ERROR] "decryption operation failed"` —— 发生在 `app/layout.tsx (53:19) @ async RootLayout` 的 `getServerAuthSession()` 调用处
2. **Console Error** (错误2/3)：同样的 `JWT_SESSION_ERROR`，发生在 `server/api/client.ts (40:19) @ async createContext`，调用链为 `SettingsLayout → createContext`
3. **Runtime Error** (错误3/3)：`TRPCError: UNAUTHORIZED` —— `../packages/trpc/index.ts (113:13) @ isAuthed`

---

### ✅ 正常功能
- 注册页面 (`/signup`) 可以正常访问和填写
- 注册操作本身正常（注册后跳转到 `/signin`）
- 根路径 `/` 会正确重定向到 `/signin`（未登录状态的访问控制正常）
- 登录页面 UI 布局正常

---

### 🔚 结论

**result: FAIL**

`/settings` 页面的访问权限控制存在以下严重 Bug：
1. **未认证用户访问时不做重定向**，而是暴露服务器端错误堆栈（`TRPCError: UNAUTHORIZED`），既是安全问题也是 UX 问题
2. **登录后无法正常跳转**（登录成功但页面不自动导航）
3. **登录后访问 `/settings` 仍然抛出 `JWT_SESSION_ERROR`（decryption operation failed）**，导致已登录用户也无法正常加载设置页面

==================================================

UI window closed
