Session created: sess-20260417214140-44974a4ef4f94e4b9ca82a2e62cb2c23
UI panel initialized successfully
UI window displayed
Expected result: 标签页面应显示标签列表和计数徽章。如果有Load More按钮，计数应带'+'号。如果是空数据库没有标签，报告unclear。
[step 0] Action: Initializing
[step 0] Reasoning: Initializing session connection
[step 0] Action: screenshot
[step 1] Action: left_click (719, 633)
[step 1] Reasoning: I can see the Karakeep login page. I need to first sign up for an account. Let me click on "Sign up".
[step 2] Action: screenshot
[step 2] Reasoning: The page is loading. Let me wait for it to navigate to the signup page.
[step 3] Action: Open url: http://localhost:3000/signup
[step 3] Reasoning: The page seems to still be on the signin page. Let me navigate directly to the signup page.
[step 4] Action: screenshot
[step 4] Reasoning: A new tab opened and is loading the signup page. Let me wait for it to load.
[step 5] Action: left_click (291, 33)
[step 5] Reasoning: The page is still loading. Let me click on the Karakeep tab which still has the signin page and work from there.
[step 6] Action: left_click (719, 633)
[step 6] Reasoning: Good, I'm on the Karakeep signin page. I can see the "Sign up" link at the bottom. Let me click on it directly.
[step 7] Action: left_click (450, 33)
[step 7] Reasoning: The page isn't navigating. It seems the "Sign up" link may be navigating to a new tab (the other tab we saw). Let me wait for the other tab to fully load and switch to it.
[step 8] Action: wait
[step 8] Reasoning: The second tab at localhost:3000/signup is still loading. The page appears blank. Let me wait a moment and take another screenshot.
[step 9] Action: wait
[step 9] Reasoning: The page is still loading and shows blank. This seems unusual. The tab shows "localhost:3000/signup" in the address bar and the page is blank - this might be taking a long time to load or there could be an issue. Let me wait a bit more and then try pressing F5 to refresh.
[step 10] Action: key: F5
[step 10] Reasoning: The page is still blank and loading. Let me try pressing F5 to refresh this page.
[step 11] Action: wait
[step 11] Reasoning: The page is still blank. This might be a JavaScript-heavy application. Let me wait a bit longer for it to render.
[step 12] Action: left_click (154, 61)
[step 12] Reasoning: The page is still blank and loading. This is taking very long. Let me try clicking on the address bar and pressing Enter to reload the URL.
[step 13] Action: key: Return
[step 13] Reasoning: Good, I can see the address bar is now active with "localhost:3000/signup". Let me press Enter to navigate to this URL.
[step 14] Action: wait
[step 14] Reasoning: Still blank. Let me wait for the page to load.
[step 15] Action: left_click (291, 33)
[step 15] Reasoning: This tab seems to be having issues loading. I notice that the Karakeep tab (first tab) loaded fine. This blank tab might be a new tab opened from the "Sign up" link. Let me switch back to the Karakeep tab and try to navigate to the signup page from there.

Let me switch to the Karakeep tab and try a different approach - navigate directly to the signup URL in the Karakeep tab.
[step 16] Action: left_click (152, 61)
[step 16] Reasoning: Good, I'm back on the Karakeep signin tab. I can see the address bar shows "localhost:3000/signin". Let me navigate directly to the signup URL in this tab by clicking on the address bar.
[step 17] Action: type: localhost:3000/si...
[step 17] Reasoning: Good, the address bar is selected. Let me type the signup URL and press Enter.
[step 18] Action: wait
[step 18] Reasoning: I can see the page is navigating to localhost:3000/signup. The page seems to already be navigating after I pressed Enter. Let me wait for the page to load.
[step 19] Action: key: Escape
[step 19] Reasoning: The browser is still showing the autocomplete dropdown with localhost:3000/signup highlighted. The page is loading (I can see the spinning tab icon). Let me click somewhere to dismiss the dropdown and wait for the page.
[step 20] Action: wait
[step 20] Reasoning: I can see the address bar shows "localhost:3000/signup" and the page is still loading (spinning icon). But the page content below still shows the Sign In form. This might be because the page is a SPA and still needs to render. Let me wait a moment.
[step 21] Action: wait
[step 21] Reasoning: Interesting! The URL shows "localhost:3000/signup" in the address bar but the page is still showing "Welcome Back - Sign in to your Karakeep account". The page is still loading (spinning icon). This might be taking too long. Let me wait more.
[step 22] Action: wait
[step 22] Reasoning: The page is still loading. The URL says "localhost:3000/signup" but it's showing "Welcome Back - Sign in to your Karakeep account" form. I notice the tab is still spinning. Let me wait more for the page to load.

Actually I see the address bar shows "localhost:3000/signup" (without "http://") and the page content appears to still be the signin content. This seems like the page may be loading but possibly the server side is redirecting. Let me try clicking the "Sign up" link directly on the signin page. First let me wait for the current loading to finish.
[step 23] Action: key: Escape
[step 23] Reasoning: The page is still loading and showing the sign-in form. This might be a SPA (Single Page Application) where the JavaScript needs to be loaded. The address bar shows "localhost:3000/signup" but the UI content hasn't updated yet. Let me try clicking the "Sign up" link at the bottom of the signin form, which might navigate to the right page.

First, let me stop the current page load and try clicking the "Sign up" link on the sign-in form.
[step 24] Action: left_click (719, 634)
[step 24] Reasoning: Now the address bar shows "localhost:3000/signin" again - pressing Escape cancelled the navigation to signup. I can see the sign-in form. The page is still loading (spinning icon). Let me click on the "Sign up" link at the bottom of the form to navigate to the signup page.
[step 25] Action: wait
[step 25] Reasoning: I can see at the bottom of the page it shows "localhost:3000/signup" (the hover target URL). The page is loading. Let me wait for the signup page to load.
[step 26] Action: left_click (448, 33)
[step 26] Reasoning: The page is still loading and still shows the signin page. The URL is "localhost:3000/signin" and the page is still spinning. It seems the "Sign up" link click isn't navigating. The bottom of the page shows "localhost:3000/signup" as the link target. This could be because the "Sign up" link is opening in a new tab (hence the blank second tab we saw earlier).

Let me try clicking the "Sign up" link with the middle mouse button to check, or better, let me try clicking it normally and quickly switch to the new tab.

Actually, looking more carefully at the screenshots - every time I click "Sign up", it appears to be opening in the second (blank) tab that stays blank. This suggests the second tab IS loading the signup page but it just takes very long or has issues rendering.

Let me try a fresh approach - go back to the blank second tab and see its current status.
[step 27] Action: left_click (63, 61)
[step 27] Reasoning: The second tab is at "localhost:3000/signup" but showing a blank page and still loading. It's been over a minute and still blank. This is very unusual behavior - maybe the server is slow or there's an issue.

Let me try stopping the load and see if any content renders.
[step 28] Action: left_click (567, 61)
[step 28] Reasoning: The page stopped loading but still shows blank - the tab title now says "无标题" (No title) but the URL is "localhost:3000/signup". The page is completely blank. This is very strange behavior.

Looking at the Karakeep tab (tab 2), the page still loads OK (that tab has the Karakeep title). Let me try a hard refresh (Cmd+Shift+R) on this page to reload it from scratch.

Wait - I notice the page might not be loading because it's a React/Next.js SPA and there might be something blocking. Let me try pressing F5 to reload.

Actually, this might be because when I was typing "localhost:3000/signup" without http:// the browser might have treated it differently. Let me try typing the full URL with http:// in the address bar.
[step 29] Action: triple_click
[step 29] Reasoning: I see the address bar is selected and shows "localhost:3000/signup". Let me type the full URL with http:// and press Enter.
[step 30] Action: type: http://localhost:...
[step 31] Action: key: Return
[step 31] Reasoning: I can see the address bar now shows "http://localhost:3000/signup" and there's a dropdown showing the URL suggestion. Let me press Enter to navigate to this URL.
[step 32] Action: wait
[step 32] Reasoning: The page is loading again but still blank. The Karakeep tab (tab 2) shows it's loading. Let me wait a while for it to render, as this seems to be a slow-loading SPA.
[step 33] Action: left_click (291, 33)
[step 33] Reasoning: The page is still blank. This is very strange. The "Karakeep" tab shows it's loading too (spinning icon). Let me try a different approach - clicking on the Karakeep tab first and navigating there.

The issue might be that the second tab was opened with the "Sign up" link which opened it as a blank target, and the redirect might not be completing properly. Let me try going to the Karakeep tab and use the "Sign up" link with a Ctrl+click to open in the current tab instead.

Let me switch to the Karakeep tab and work from there.
[step 34] Action: left_click (567, 61)
[step 34] Reasoning: I can see the Karakeep signin page. The page is still loading (spinning icon). I can see the "Sign up" link at the bottom. The issue is that the "Sign up" link seems to open in a new tab but the new tab renders blank.

Let me wait for the current page to finish loading, then try clicking the "Sign up" link. The page seems to be partially loaded since I can see the form - the spinner might just be background data loading.

Let me try a different approach - use the Karakeep tab's address bar to navigate to the signup URL directly.
[step 35] Action: type: http://localhost:...
[step 35] Reasoning: Good, the address bar is now selected with "localhost:3000/signin" highlighted. Let me type the signup URL and press Enter.
[step 36] Action: left_click (567, 89)
[step 36] Reasoning: I can see the address bar shows "http://localhost:3000/signup" and there's an autocomplete suggestion. Let me click on the first suggestion "http://localhost:3000/signup" or press Enter to navigate.
[step 37] Action: wait
[step 37] Reasoning: The page is loading (address shows "localhost:3000/signup") but still showing the sign-in form. It seems this is the same page that was previously the sign-in page - this Karakeep tab is navigating to /signup. Let me wait for it to complete loading.
[step 38] Action: wait
[step 38] Reasoning: The page is still loading (address shows "localhost:3000/signup") and still showing the "Welcome Back - Sign in" form. It seems like navigating to /signup is very slow or doesn't work properly in this tab. 

This is very suspicious behavior - the URL changes to /signup but the page content remains the sign-in page. The page is still loading (spinning icon). This might indicate that the /signup route redirect isn't working properly.

Let me wait a bit more and see if it eventually renders the signup form.
[step 39] Action: left_click (63, 61)
[step 39] Reasoning: The page is still loading and showing the signin form at the URL "/signup". This is very unusual. The page has been loading for a very long time. The page might be stuck in a loading state. 

I notice that the app is still showing "Sign in" form even though the URL is now /signup. Let me try a different approach - stop the loading and see if the page renders anything, then try the "Sign up" link at the bottom of the page which currently shows.

Let me stop the loading first.
[step 40] Action: left_click (719, 634)
[step 40] Reasoning: Interesting! After stopping the load, the address bar now shows "localhost:3000/signin" again (it reverted to signin). The page is now at /signin. The stop button redirected it back to /signin. This confirms the app is redirecting /signup to /signin (or the signup route isn't working, and the browser is reverting to the previous URL).

I notice the page loads fine at /signin but navigating to /signup causes the page to either stay at /signin (showing the signin form) or go blank (in the new tab). This might be a bug in the application where the /signup route doesn't work properly when navigated to directly.

Let me try the "Sign up" link at the bottom of the page which appears in the current signin form. This link should navigate to the signup page within the SPA router.
[step 41] Action: wait
[step 41] Reasoning: I can see the status bar at the bottom shows "localhost:3000/signup" when hovering over the "Sign up" link. The page started loading again (spinning icon). The URL still shows "localhost:3000/signin". The "Sign up" link seems to be opening in a new tab.

Let me wait for the loading to finish and check what happens.
[step 42] Action: left_click (449, 33)
[step 42] Reasoning: The page is still loading and still showing the sign-in form at localhost:3000/signin. The "Sign up" link appears to be causing a background navigation but not changing the visible content. 

I see the second (blank) tab is also still loading. Let me look at the second tab to check if it's making progress with the signup page.

Wait - I think I understand the issue now. The "Sign up" link is opening in a new tab (the second blank tab). The blank tab might actually be the signup page that's just loading very slowly. Let me check the second tab.
[step 43] Action: left_click (63, 61)
[step 43] Reasoning: The second tab (at localhost:3000/signup) is still blank and loading. This page has been loading for a very long time (several minutes now) and remains blank. This suggests the /signup page is experiencing issues loading in this tab.

Let me try stopping the load and pressing F5 to do a hard refresh of this tab specifically.
[step 44] Action: key: cmd+shift+r
[step 44] Reasoning: I stopped the loading and the tab still shows blank. The URL is "localhost:3000/signup". The tab title shows "无标题" (No title). 

Let me try a hard refresh (Cmd+Shift+R) on this tab.
[step 45] Action: wait
[step 45] Reasoning: The hard refresh is loading the page again. The page still shows blank. Let me wait for it to complete loading.
[step 46] Action: left_click (63, 61)
[step 46] Reasoning: The page is still loading and still blank. This has been going on for too long. Let me take a completely different approach.

The Karakeep tab (second tab) seems to work, with the sign-in form visible. The issue might be that the page was opened in a new tab (blank tab) and it's somehow not rendering content from this new tab context.

Let me look at this from a different angle. Maybe I should close the blank tab and try to navigate to the signup page using the Karakeep tab by clicking the "Sign up" link without opening a new tab. Let me use Cmd+click or try navigating directly in the existing Karakeep tab.

Let me close this blank tab first and go back to the Karakeep signin tab, then try clicking the "Sign up" link while holding the current tab context.

Actually, let me stop the loading first and try clicking the "Sign up" link in the address bar area to navigate to /signup in this tab.
[step 47] Action: left_click (291, 33)
[step 47] Reasoning: Still blank and stopped. I notice the page tab title is "无标题" and the URL is "localhost:3000/signup". The page is completely blank after loading stops. 

The Karakeep tab (second tab - "Karakeep") works fine at localhost:3000/signin. The blank tab was opened when I clicked "Sign up" from the signin page. The blank tab is a new tab that opened from the "Sign up" link click, but it's rendering nothing.

This might be because this is a Next.js app that requires JavaScript to render, and there might be an issue with the rendering in this context, OR the /signup route simply redirects to /signin when you're not authenticated with signup registration disabled.

Let me try a completely different approach - let me go to the Karakeep Signin tab and try to register using the Karakeep API directly, but since I can't use terminal, let me try another approach.

Actually, let me look more carefully. The Karakeep signin page shows at localhost:3000/signin - it's an SPA. When I type localhost:3000/signup in the address bar of the KARAKEEP tab, it navigates but shows nothing. When I click "Sign up" link, it opens in a new blank tab.

Let me try using the Karakeep tab and navigate to /signup differently. Let me first go back to the Karakeep tab and try the navigation using the back button to see if the page was ever at /signup.

Actually, let me try something different - scroll down on the sign-in page to check if there's a signup form below.

Wait - I realize the issue. The Karakeep app is built as a Next.js SPA. The /signup page might take time to load because it's creating a new browser context. The "Sign up" link opens in a NEW TAB (target="_blank"), and in that new tab, the JavaScript needs to load fresh. This new tab might be stuck because of slow network/server response.

Let me try one more time - close the current blank tab, go to the Karakeep tab, and try opening the "Sign up" link by right-clicking and choosing "Open in Current Tab" or similar.

Actually, I should try right-clicking the "Sign up" link and choosing "Open in current tab" option.

Let me go back to the Karakeep signin tab first.
[step 48] Action: right_click (719, 633)
[step 48] Reasoning: I can see the Karakeep signin page. The page is still loading (spinning icon) and shows "localhost:3000/signin" in the URL bar. I can see the "Sign up" link at the bottom. 

Let me right-click on the "Sign up" link to see the context menu options, specifically to find "Open link in current tab" option.
[step 49] Action: key: Escape
[step 49] Reasoning: I can see the context menu with several options:
- 在新标签页中打开链接 (Open link in new tab)
- 在新窗口中打开链接 (Open link in new window)
- 在拆分视图中打开链接 (Open link in split view)
- 在隐身窗口中打开链接 (Open link in incognito window)
- 链接存储为... (Save link as...)
- 复制链接地址 (Copy link address)
- etc.

I don't see a "Open in current tab" option. However, I can see the status bar shows "localhost:3000/signup". Let me try "在隐身窗口中打开链接" (Open in incognito window) to see if it loads correctly in a new incognito window. Wait, that might have the same issue.

Actually, the problem might be different. Let me look at what "在新标签页中打开链接" means - the link opens in a new tab and stays blank. But the Karakeep tab successfully loaded because it was originally navigated from the localhost:3000 URL.

Wait - I notice something! The Karakeep app tab (second tab) loaded fine at localhost:3000/signin. Let me check if maybe the issue is that when navigating to /signup, the server is taking too long to respond, but the /signin page loads quickly because the page was already cached.

Let me try a fresh approach - I'll navigate within the Karakeep tab (NOT in the blank tab) to the signup page by changing the address bar URL. Let me first press Escape to close this context menu.
[step 50] Action: wait
[step 50] Reasoning: Good, the context menu closed. I can see the signin page. The "Sign up" link is visible. The page is still loading (spinning icon in Karakeep tab). Let me wait for the Karakeep tab to finish loading before attempting to navigate.

I notice an important clue - the Karakeep tab is showing "•" (a dot) before "Karakeep" in the tab title, which means it's in a modified state - likely due to the background loading requests. 

Let me wait for all loading to complete and then try clicking the Sign Up link normally.
[step 51] Action: left_click (449, 33)
[step 51] Reasoning: The page is still loading and showing the signin form. The Karakeep tab is STILL loading (spinning icon). This ongoing loading might be network requests in the background. The page has been loading for more than 5 minutes now.

Let me try a completely different approach. I notice the "Sign up" link is a link that opens in a new tab (because previous clicks opened a new blank tab). Let me try to change the navigation behavior by using JavaScript in the browser console to navigate to /signup within the current page context.

Actually, let me think about this differently. The blank tab might actually have the signup page content but it's just rendering slowly. Let me wait more on that blank tab.

Wait - let me try a simpler approach. Let me check if maybe this new blank tab just needs the JS to load. Let me switch to the blank tab and wait longer.
[step 52] Action: left_click (291, 33)
[step 52] Reasoning: Interesting! The blank tab shows the URL "localhost:3000/signup" and the page tab title now shows "localhost" (instead of "无标题" earlier). The tab is no longer spinning (it finished loading). But the page content is completely blank!

This is a significant bug - the /signup page renders a completely blank page. The JavaScript loaded (enough to set the tab title to "localhost") but the content is blank. This is a bug in the Karakeep application.

Let me try pressing F12 to open the developer tools to see if there are any errors, or try a different approach.

Actually, let me try reloading this page using the Karakeep tab's address bar. When I was on the Karakeep tab (localhost:3000/signin) and navigated to /signup, it showed the signin form and then reverted to /signin URL. Let me try this approach again.

Wait - I realize the Karakeep tab went from localhost:3000/signin to localhost (the previous page in the tab) when I switched. Let me switch back to the Karakeep tab.
[step 53] Action: triple_click
[step 53] Reasoning: This is very revealing! Now I can see the "Karakeep" tab (which I thought was the Karakeep signin tab) is showing: "该网页无法正常运行 - HTTP ERROR 408" (This page is not working - HTTP ERROR 408)!

The URL in the address bar shows "localhost:3000/signup". So this tab was actually loading the signup page all along and it timed out with HTTP ERROR 408 (Request Timeout)! The server timed out when trying to serve the /signup page!

This is a significant bug in the Karakeep application - the /signup endpoint is timing out with HTTP 408.

The blank tab (third tab) also loaded the /signup URL and showed a blank page.

Now let me check what happened to the original Karakeep signin tab. It seems the tab that was showing "Karakeep" title and the signin form has now changed to show the 408 error. This means when I tried to navigate to /signup in the Karakeep tab, the server eventually returned a 408 error.

The "localhost" tab (second from left visible tab) might be the original Karakeep tab. Wait - I see 3 tabs: "OpenClaw Control", "localhost", and "无标题". The "localhost" tab is the one that had localhost:3000/signup with HTTP 408. The "无标题" is the blank tab.

So the Karakeep (signin) tab is now... let me check - when I clicked on "291, 33" (the second tab), it showed the HTTP 408 error. This tab USED to be the Karakeep signin tab. This means the Karakeep tab itself navigated to /signup and got HTTP 408.

The original Karakeep signin tab is now gone (replaced by the error page at /signup).

Now I need to get back to the Karakeep signin page. Let me navigate back to localhost:3000 or localhost:3000/signin.
[step 54] Action: type: http://localhost:...
[step 54] Reasoning: The address bar is selected with "localhost:3000/signup". I can see the error page "HTTP ERROR 408". Let me type the signin URL to navigate back to the signin page.
[step 55] Action: left_click (567, 89)
[step 55] Reasoning: I can see the address bar now shows "http://localhost:3000/signin" and the autocomplete shows "Karakeep - http://localhost:3000/signin" as the first suggestion. Let me click on that suggestion to navigate to the Karakeep signin page.
[step 56] Action: wait
[step 56] Reasoning: The page is loading at "localhost:3000/signin". But it still shows the HTTP ERROR 408 page with the page content still showing the error. The tab is loading (spinning icon). Let me wait for it to load.
[step 57] Action: wait
[step 57] Reasoning: The page is still loading (spinning icon) and showing the "HTTP ERROR 408" error. It's been loading for a while now. Let me wait more for the signin page to load.
[step 58] Action: wait
[step 58] Reasoning: The page is still loading and still showing the "HTTP ERROR 408" error. The URL shows "localhost:3000/signin" and the tab is still spinning. This is taking very long. Let me wait more for the signin page to load.
[step 59] Action: left_click (63, 61)
[step 59] Reasoning: The page is still loading (spinning icon) and still shows the HTTP ERROR 408 error, even after several minutes. The URL is "localhost:3000/signin". It seems the server is taking very long to respond. 

I notice the tab spinning indicates the browser is waiting for the server response. The server is likely slow/overloaded from the earlier /signup request that timed out.

Let me stop the current loading and try pressing F5 to do a fresh reload.
[step 60] Action: triple_click
[step 60] Reasoning: Interesting! After stopping the loading, the URL reverted to "localhost:3000/signup" (the previous URL). The page shows the same HTTP 408 ERROR. The "Reload this page" tooltip is visible in the top left. 

This confirms that the server is handling requests very slowly. Let me try pressing F5 to reload and wait for the signin page to load. But first, let me navigate to the signin URL again since the current URL is /signup.
[step 61] Action: type: http://localhost:...
[step 61] Reasoning: Good, the address bar is selected with "localhost:3000/signup" highlighted. Let me type the signin URL now.
[step 62] Action: wait
[step 62] Reasoning: I can see the page is loading now (tab is loading) and the address bar shows "http://localhost:3000/signin" with the autocomplete showing "Karakeep - http://localhost:3000/signin". The page content is still showing the 408 error but the browser is navigating to the signin URL. The tab shows it's loading. Let me wait for the page to load.
[step 63] Action: key: Escape
[step 63] Reasoning: The page is still loading (I can see the address bar still has the autocomplete open). The autocomplete shows "Karakeep - http://localhost:3000/signin" as the first suggestion but the page content still shows HTTP ERROR 408. It seems the browser is still waiting for the server response.

Wait - looking at this more carefully, the autocomplete dropdown is still open because the address bar still has focus after I pressed Enter. The browser DID start navigating (the tab shows it's loading). 

Let me press Escape to close the autocomplete dropdown and check the actual state of the page.
[step 64] Action: wait
[step 64] Reasoning: The page is still showing the HTTP ERROR 408 error, but the address bar now shows "http://localhost:3000/signin" with the page title showing "localhost". The tab is NOT spinning anymore (it's finished loading), but the content still shows the error. The escape pressed just closed the autocomplete dropdown but cancelled the navigation (so the page stayed at the error page).

The server at localhost:3000 is clearly having issues. Let me try a completely fresh approach - wait for a moment and then try loading the page again. The server might have been temporarily overloaded from the previous /signup request that timed out.

Let me wait a few seconds and then try to navigate to localhost:3000/signin again.
[step 65] Action: key: F5
[step 65] Reasoning: The page still shows the HTTP 408 ERROR. The address bar shows "http://localhost:3000/signin" but the page has the error. The tab is not spinning (the page finished loading but with an error). Let me try reloading the page by pressing the reload button (F5).
[step 66] Action: left_click (810, 354)
[step 66] Reasoning: The page still shows HTTP ERROR 408 and the address bar shows "http://localhost:3000/signin". It seems pressing F5 didn't actually reload the page (the tab doesn't appear to be loading). 

Wait - the address bar URL changed from "localhost:3000/signin" to "http://localhost:3000/signin" (now showing the http:// prefix) which might mean F5 reloaded the page but it returned the same 408 error very quickly.

It seems the server at localhost:3000 might be permanently down or in an error state. Let me try clicking the "重新加载" (Reload) button on the error page itself to see if the server comes back.
[step 67] Action: wait
[step 67] Reasoning: The "重新加载" (Reload) button click triggered a page reload. The tab is now spinning (loading). The URL is "http://localhost:3000/signin". Let me wait for the page to load.
[step 68] Action: wait
[step 68] Reasoning: The tab is still spinning and the page still shows HTTP ERROR 408. The server is still not responding. Let me wait longer.
[step 69] Action: wait
[step 69] Reasoning: The page is still loading (tab spinning) and still showing HTTP ERROR 408. The server has not responded. Let me wait more.
[step 70] Action: left_click (63, 61)
[step 70] Reasoning: The page is STILL loading (spinning) and showing HTTP ERROR 408 after another minute. The server is taking over 2 minutes to respond to the /signin request. This is clearly abnormal behavior.

The server seems to have been overwhelmed by the previous /signup requests that timed out. Let me stop the current request and wait for the server to recover, then try again.
[step 71] Action: wait
[step 71] Reasoning: I stopped the loading. The page shows HTTP ERROR 408 at "http://localhost:3000/signin". The "重新加载此页" (Reload this page) tooltip is visible. The tab is not spinning anymore.

Interesting - the top right of the browser shows "1088k 4.99k/s" which suggests there IS network activity (the server IS responding but very slowly). This might be because the application's server is a development server (Next.js) that takes very long to process certain requests.

Let me wait for a while to let the server settle down and then try again.
[step 72] Action: key: F5
[step 72] Reasoning: Still showing HTTP ERROR 408 on the current tab. The page is not loading (tab not spinning). Let me click the "重新加载此页" (Reload this page) button near the top or press F5 to try to reload the page now.
[step 73] Action: key: cmd+t
[step 73] Reasoning: The F5 key seems to have reloaded the page and quickly returned another 408 error. The tab is not spinning anymore. The time shows 21:53, and we started around 21:51. The server keeps returning 408 for /signin too.

Wait - this is very odd. The /signin page was working fine initially (we could see the signin form). But now /signin also returns 408. Something must have broken the server.

Let me reconsider the situation:
1. Initially, the app was at localhost:3000/signin and showing the sign-in form correctly
2. I tried to click "Sign up" which opened a new tab with localhost:3000/signup
3. The /signup page was loading very slowly (blank tab) and eventually the /signup caused HTTP 408
4. Now /signin also returns HTTP 408

This pattern suggests the server might have gone into an error state or the /signup process triggered something that crashed/overloaded the server.

Let me try to open a completely new tab and navigate to localhost:3000 directly to see if the root URL works.
[step 74] Action: type: http://localhost:...
[step 74] Reasoning: A new tab (新标签页) opened with the Google new tab page. I can see the existing tabs:
1. "OpenClaw Control" 
2. "localhost" (our Karakeep tab with 408 error)
3. "无标题" (blank tab)
4. "新标签页" (new tab I just opened)

I notice the network speed shows "10.4k/s - 47.09k/s" in the top right, which means the server IS responding (there's network activity). Let me try to navigate to localhost:3000/signin in this new tab.

==================================================
Task: Chrome已打开Karakeep应用(http://localhost:3000)。页面可能显示登录页面。

首先需要注册一个账号：
1. 如果看到登录页面，找到Sign Up/注册链接点击
2. 填写邮箱: test@test.com，用户名: testuser，密码: Test123456
3. 完成注册后登录

登录后测试标签页面(Tags)的标签计数功能：
4. 在导航菜单中找到Tags页面并点击进入
5. 观察页面上'Your Tags'区域旁边显示的标签数量徽章(Badge)
6. 如果有标签数据，检查标签计数徽章是否正确反映标签总数
7. 如果有'Load More'按钮，观察点击前后标签计数徽章的变化（是否带'+'号）
8. 如果页面是空的（没有标签数据），记录当前页面状态

注意：这是一个新安装的应用，可能没有预置标签数据。

始终在浏览器内操作，禁止打开Terminal、Finder或其他应用程序。如果找不到目标功能，直接报告unclear。
Status: STOPPED_BY_USER
Total steps: 74
Last action: type: http://localhost:...
Last reasoning: A new tab (新标签页) opened with the Google new tab page. I can see the existing tabs:
1. "OpenClaw Control" 
2. "localhost" (our Karakeep tab with 408 error)
3. "无标题" (blank tab)
4. "新标签页" (new tab I just opened)

I notice the network speed shows "10.4k/s - 47.09k/s" in the top right, which means the server IS responding (there's network activity). Let me try to navigate to localhost:3000/signin in this new tab.

==================================================

UI window closed
