Session created: sess-20260418032424-5f52e3ecc4254ffaabcddcafdb8dc8ed
UI panel initialized successfully
UI window displayed
Expected result: 条件格式不崩溃则normal。崩溃则abnormal。
[step 0] Action: Initializing
[step 0] Reasoning: Initializing session connection
[step 0] Action: Open url: http://localhost:3000
[step 0] Reasoning: I'll follow the steps to test the Conditional Format feature. Let me start by opening the URL.
[step 1] Action: left_click (281, 624)
[step 1] Reasoning: The page is open. I can see the Luckysheet Demo with various tabs at the bottom. Now let me click on the "Conditional Format" tab at the bottom.
[step 2] Action: left_click (62, 402)
[step 2] Reasoning: **步骤1完成** ✅ 已成功点击底部的"Conditional Format"标签。

**步骤2观察** ✅ 工作表中已有丰富的条件格式示例，包括：
- **Cell Value（单元格值）**：B列中数字2、3、4有红色背景高亮
- **Specific Text（特定文本）**：E列中"test"、"testing"、"tested"有红色背景
- **Unique（唯一值）**：G列中11、5有红色背景
- **Duplicate（重复值）**：I列中50、50有红色背景
- **Date Occurring（日期）**：L列日期无明显格式（可能基于条件）
- **Top/Bottom（前/后）**：C列数字2、3有红色背景
- **Average（平均值）**：F列50、100、60有红色背景
- **2-Color Scale（双色标尺）**：G列12-16行用黄-红渐变
- **3-Color Scale（三色标尺）**：I列12-16行用绿-黄-红渐变
- **Data Bar（数据条）**：K列有绿色/红色数据条

现在进行步骤3：点击一个空单元格（比如A9），输入"abc"后回车。
[step 3] Action: type: abc

[step 3] Reasoning: 已选中A9空单元格（左上角显示"A9"）。现在输入"abc"并回车。
[step 4] Action: right_click (62, 401)
[step 4] Reasoning: **步骤3完成** ✅ 在A9单元格输入了"abc"并回车，可以看到A9单元格显示"abc"，光标移到A10。

现在进行步骤4：右键点击A9单元格，查看菜单中是否有"条件格式"选项。
[step 5] Action: scroll down (144, 500) scroll_amount 3
[step 5] Reasoning: 右键菜单已弹出，我可以看到菜单列表。让我滚动查看是否还有更多选项，特别是找"条件格式"相关选项。当前可见的菜单项有：
- 复制
- 复制为 ▶
- 粘贴
- 插入行
- 插入列
- 删除选中行
- 删除选中列
- 删除单元格 ▶
- 清除内容
- 矩阵操作选区 ▶
- 排序选区
- 筛选选区
- 图表生成
- 插入图片
- 插入链接
- 数据验证
- 设置单元格格式

我需要向下滚动查看菜单是否还有更多项目，或者检查菜单底部是否有条件格式选项。让我向下滚动菜单。
[step 6] Action: screenshot
[step 6] Reasoning: 菜单仍然显示同样的内容，"设置单元格格式"是最后一项，没有更多内容了。可以看到右键菜单的完整列表：

- 复制
- 复制为 ▶
- 粘贴
- 插入行
- 插入列
- 删除选中行
- 删除选中列
- 删除单元格 ▶
- 清除内容
- 矩阵操作选区 ▶
- 排序选区
- 筛选选区
- 图表生成
- 插入图片
- 插入链接
- 数据验证
- **设置单元格格式**（最后一项）

**⚠️ 菜单中没有"条件格式"（Conditional Format）选项！**

让我截图确认菜单底部完整内容：
[step 7] Action: DONE
[step 7] Reasoning: 现在我可以清晰地看到完整的右键菜单。以下是完整的测试报告：

---

## 📋 条件格式（Conditional Format）测试报告

---

### 步骤 1：点击底部 Conditional Format 标签 ✅
成功点击底部的 "Conditional Format" 标签，页面切换到对应工作表。

---

### 步骤 2：观察已有条件格式示例 ✅
工作表中已有丰富的条件格式示例，包含以下类型：

| 类型 | 描述 |
|------|------|
| **Cell Value（单元格值）** | B列数字2、3、4有红色背景 |
| **Specific Text（特定文本）** | E列"test"、"testing"、"tested"有红色背景 |
| **Unique（唯一值）** | G列11、5高亮显示 |
| **Duplicate（重复值）** | I列50、50重复值高亮为红色 |
| **Date Occurring（日期）** | L列日期按条件显示 |
| **Top/Bottom（前后N名）** | C列2、3高亮 |
| **Average（平均值）** | F列高于/低于平均值高亮 |
| **2-Color Scale（双色渐变）** | G列第12-16行黄→红渐变 |
| **3-Color Scale（三色渐变）** | I列第12-16行绿→黄→红渐变 |
| **Data Bar（数据条）** | K列正值绿色、负值红色数据条 |

---

### 步骤 3：点击空单元格输入 abc 回车 ✅
成功点击 A9 空单元格，输入"abc"后回车，A9 单元格成功显示"abc"。

---

### 步骤 4：右键查看菜单中是否有条件格式 ⚠️ **BUG 发现！**

右键菜单完整列表如下：
> 复制 / 复制为▶ / 粘贴 / 插入行 / 插入列 / 删除选中行 / 删除选中列 / 删除单元格▶ / 清除内容 / 矩阵操作选区▶ / 排序选区 / 筛选选区 / 图表生成 / 插入图片 / 插入链接 / 数据验证 / **设置单元格格式**

**❌ 右键菜单中没有"条件格式"（Conditional Format）选项！**

这是一个功能缺失问题：虽然底部标签有专属的 Conditional Format 工作表，工作表内也展示了各类条件格式效果，但右键上下文菜单中**缺少条件格式的快捷入口**，用户无法通过右键菜单来对单元格设置条件格式规则。这属于应用的一个功能性缺陷（Bug）。
Evaluating task result...

==================================================
Task: 测试条件格式。打开 http://localhost:3000。1.点击底部Conditional Format标签。2.该工作表中观察是否已有条件格式示例。3.点击空单元格输入abc回车。4.右键看菜单中有无条件格式。始终在浏览器内操作。
Status: COMPLETED
Total steps: 7
Last action: DONE
Last reasoning: 现在我可以清晰地看到完整的右键菜单。以下是完整的测试报告：

---

## 📋 条件格式（Conditional Format）测试报告

---

### 步骤 1：点击底部 Conditional Format 标签 ✅
成功点击底部的 "Conditional Format" 标签，页面切换到对应工作表。

---

### 步骤 2：观察已有条件格式示例 ✅
工作表中已有丰富的条件格式示例，包含以下类型：

| 类型 | 描述 |
|------|------|
| **Cell Value（单元格值）** | B列数字2、3、4有红色背景 |
| **Specific Text（特定文本）** | E列"test"、"testing"、"tested"有红色背景 |
| **Unique（唯一值）** | G列11、5高亮显示 |
| **Duplicate（重复值）** | I列50、50重复值高亮为红色 |
| **Date Occurring（日期）** | L列日期按条件显示 |
| **Top/Bottom（前后N名）** | C列2、3高亮 |
| **Average（平均值）** | F列高于/低于平均值高亮 |
| **2-Color Scale（双色渐变）** | G列第12-16行黄→红渐变 |
| **3-Color Scale（三色渐变）** | I列第12-16行绿→黄→红渐变 |
| **Data Bar（数据条）** | K列正值绿色、负值红色数据条 |

---

### 步骤 3：点击空单元格输入 abc 回车 ✅
成功点击 A9 空单元格，输入"abc"后回车，A9 单元格成功显示"abc"。

---

### 步骤 4：右键查看菜单中是否有条件格式 ⚠️ **BUG 发现！**

右键菜单完整列表如下：
> 复制 / 复制为▶ / 粘贴 / 插入行 / 插入列 / 删除选中行 / 删除选中列 / 删除单元格▶ / 清除内容 / 矩阵操作选区▶ / 排序选区 / 筛选选区 / 图表生成 / 插入图片 / 插入链接 / 数据验证 / **设置单元格格式**

**❌ 右键菜单中没有"条件格式"（Conditional Format）选项！**

这是一个功能缺失问题：虽然底部标签有专属的 Conditional Format 工作表，工作表内也展示了各类条件格式效果，但右键上下文菜单中**缺少条件格式的快捷入口**，用户无法通过右键菜单来对单元格设置条件格式规则。这属于应用的一个功能性缺陷（Bug）。

==================================================

UI window closed
