Session created: sess-20260418020411-7b23baffc1ac4349b271d351b6d5d820
UI panel initialized successfully
UI window displayed
Expected result: 当使用 setUrl 或 setTiles 更新矢量瓦片源时，基于该源的图层应保持持续显示，不出现短暂消失或闪烁现象，新瓦片加载期间旧瓦片应继续展示。
[step 0] Action: Initializing
[step 0] Reasoning: Initializing session connection
[step 0] Action: screenshot
[step 1] Action: key: F12
[step 1] Reasoning: The map is loaded and showing vector tile layers. I can see the map with streets, contour lines, and other geographic features displayed. Now I'll open the browser console with F12 to test the vector tile source.
[step 2] Action: left_click (640, 580)
[step 2] Reasoning: The DevTools console is now open. I can see the Console tab is active. I notice there's an error "Expected value to be of type number, but found null instead." - this is a visual anomaly/bug in the application. 

Now I'll click on the console input area and start testing the vector tile source. Let me first click on the console to make it active, then get the source.
[step 3] Action: left_click (97, 483)
[step 3] Reasoning: I need to click on the console prompt area to type commands. Let me click on the `>` prompt area at the bottom of the console.
[step 4] Action: left_click (114, 430)
[step 4] Reasoning: I need to find the console input area. The console area seems to not show a proper input field. Let me try clicking directly on the console tab and then use keyboard shortcut to open the console drawer or find the input area.
[step 5] Action: left_click (640, 483)
[step 5] Reasoning: Now I can see the console input prompt `> |` is visible and active. The console is ready for input. Let me first get the source to identify the source ID. I'll type the command to get the source.
[step 6] Action: left_click (640, 483)
[step 6] Reasoning: The console prompt lost focus. Let me click directly on the `>` prompt area to focus on it and type commands.
[step 7] Action: type: var src = map.get...
[step 7] Reasoning: The console input is now focused (I can see `> |` with cursor). Now let me type the command to get the source. I'll first check the available sources to find the correct source ID.
[step 8] Action: key: Return
[step 8] Reasoning: I can see the command has been typed in the console: `var src = map.getSource("maplibre"); src`. Now let me press Enter to execute it.
[step 9] Action: type: Object.keys(map.g...
[step 9] Reasoning: I can see the result is `undefined`, which means there is no source with the ID "maplibre". The source ID might be different. Let me check what sources are available in the map by querying `map.getStyle().sources`.
[step 10] Action: key: Return
[step 11] Action: type: var src = map.get...
[step 11] Reasoning: Excellent! I can see the available sources: `['ne2_shaded', 'openmaptiles', 'contours']`. The source IDs are `ne2_shaded`, `openmaptiles`, and `contours`. The task mentioned "maplibre" as the source ID, but the actual source IDs are different. The vector tile source is likely `openmaptiles` (since it's a vector tile source).

Now I'll get the `openmaptiles` source and check its properties:
[step 12] Action: key: Return
[step 13] Action: left_click (640, 583)
[step 13] Reasoning: I can see the source details:
- Type: `vector`
- URL: `https://tiles.openfreemap.org/planet` (a TileJSON URL)
- Tiles: `['https://tiles.openfreemap.org/planet/20260408_001001_pt/{z}/{x}/{y}.pbf']`

The source uses both a URL (TileJSON) and a computed tiles array. This is the `openmaptiles` VectorTileSource.

**Current state**: The map is showing vector tile layers - they are visible and rendering correctly.

Now, let me take a screenshot of the current map state before the test (to compare layer visibility), and then test `setTiles`. Let me check the current layer visibility first.
[step 14] Action: left_click (640, 583)
[step 14] Reasoning: Now let me click on the console input and test `setTiles`. I'll use `src.setTiles(src.tiles)` to re-set the same tiles URL and observe if there's any flicker.
[step 15] Action: left_click (640, 583)
[step 15] Reasoning: I need to click on the `> |` prompt to focus the console. Let me click right on the prompt area at the bottom of the console.
[step 16] Action: type: src.setTiles(src....
[step 16] Reasoning: The console prompt `> |` is now visible and focused at the bottom of the console. Now I'll type the `setTiles` command. I need to observe the map view (top portion) while executing this command. Let me type the command and watch the map.

Before running the test, let me note the current state:
- **Map is visible**: The map is showing vector tile layers (streets, contours, etc.) in the upper portion of the screen.
- **Source confirmed**: `openmaptiles` is a vector type source with URL `https://tiles.openfreemap.org/planet` and tiles array.

Now I'll run `src.setTiles(src.tiles)` to test if layers disappear/flicker:
[step 17] Action: key: Return
[step 17] Reasoning: I can see the command `src.setTiles(src.tiles)` is ready. The map is currently showing vector tiles. Now I'll press Enter and immediately take a screenshot to capture the effect.
[step 18] Action: screenshot
[step 18] Reasoning: **Important observation after `src.setTiles(src.tiles)`:**

Looking at the result:
- The console shows: `VectorTileSource {id: 'openmaptiles', dispatcher: Dispatcher, type: 'vector', minzoom: 0, maxzoom: 14, …}` - the function executed successfully and returned the source object.
- **The map STILL shows the vector tiles** (streets, contours visible in the map area). The tiles appear to still be showing.

However, I could not capture the precise moment of whether a flash occurred because screenshots aren't instantaneous. Let me take another screenshot right now to verify the current state after the command:
[step 19] Action: left_click (640, 613)
[step 19] Reasoning: The map is still showing after `setTiles`. The map still shows the vector tile layers (streets, contours, pink roads visible). The screenshot timing limitation means I can't definitively capture a flash moment through screenshots.

To more accurately test for flickering/disappearance behavior, I need to use a programmatic approach. Let me use JavaScript to monitor the layer visibility during the setTiles update. I'll use a `requestAnimationFrame` loop to detect if layers disappear momentarily.

Let me click on the console prompt and run a more comprehensive test:
[step 20] Action: type: var flashDetected...
[step 20] Reasoning: Good, the console prompt `> |` is focused. Now let me write a comprehensive test to detect layer flickering by monitoring layer visibility using `requestAnimationFrame` before and after `setTiles`:
[step 21] Action: key: Return
[step 21] Reasoning: I can see the command has been typed. Now let me press Enter to execute it and immediately take a screenshot to observe the result:
[step 22] Action: left_click (640, 644)
[step 22] Reasoning: **Critical finding from the `setTiles` test:**

The console output shows:
```
Done. Flash detected: false - frames checked: 60
```

This means that **the `getLayoutProperty("visibility")` check did NOT detect any layers becoming "none"** during the 60 frames after `setTiles(src.tiles)`. However, this visibility check only detects if the CSS `visibility` property is explicitly set to "none", not if the rendered tiles actually disappear from the canvas.

The visibility check via `getLayoutProperty` only captures **explicit visibility style** changes. The actual bug (tile flicker/blank) typically manifests at the **WebGL rendering level** where tiles are cleared and re-requested, not through layout property changes.

Let me now investigate more deeply by checking if there's a rendering-level blank by using the map's `render` event and looking for tile loading events. Let me also try `setUrl` to compare behavior:
[step 23] Action: left_click (640, 644)
[step 23] Reasoning: Now I need to do a more sophisticated tile-level test. The actual flicker in maplibre-gl-js typically happens because when `setTiles` is called, it clears existing tiles and re-requests them, causing a temporary blank render. Let me monitor the map's canvas pixels to detect if they go blank. I'll use a `requestAnimationFrame` loop to capture the map canvas state:
[step 24] Action: left_click (640, 644)
[step 24] Reasoning: Let me now use a WebGL-based canvas pixel sampling approach to detect actual visual blank frames. I'll monitor the canvas pixel data to detect if the map goes blank:
[step 25] Action: type: var canvas = map....
[step 25] Reasoning: Now let me type the canvas pixel monitoring test. I'll check the map canvas for pixel content before and after setTiles. This approach monitors actual rendering:
[step 26] Action: key: Return
[step 26] Reasoning: I can see the command has been typed. Now let me press Enter to execute:
[step 27] Action: scroll up (640, 550) scroll_amount 5
[step 27] Reasoning: **CRITICAL BUG FOUND!** 🚨

The console output is absolutely devastating:
```
BLANK FRAME at 109
BLANK FRAME at 110
BLANK FRAME at 111
BLANK FRAME at 112
BLANK FRAME at 113
BLANK FRAME at 114
BLANK FRAME at 115
BLANK FRAME at 116
BLANK FRAME at 117
BLANK FRAME at 118
BLANK FRAME at 119
Monitoring done. Blank frames: 120 / 120
```

**All 120 frames were blank!** This means the canvas is reading as completely black/transparent pixels. Wait - this could also be because WebGL contexts can't be read after the initial render due to `preserveDrawingBuffer` being false by default. Let me check if the entire 120 frames are blank or if this is a WebGL read issue (not a true blank).

Let me scroll up to see the full output:
[step 28] Action: scroll up (640, 550) scroll_amount 10
[step 28] Reasoning: I can see BLANK FRAME messages from frame 99 to 112 and continuing. All 120 frames show as blank. Let me scroll up more to see from the beginning:
[step 29] Action: scroll up (640, 550) scroll_amount 15
[step 30] Action: scroll up (640, 550) scroll_amount 10

==================================================
Task: 当前Chrome浏览器已打开maplibre-gl-js的矢量瓦片源示例页面，地址是http://localhost:9966/test/examples/add-a-vector-tile-source.html。测试矢量瓦片源（VectorTileSource）在使用 setUrl 或 setTiles 方法更新数据源时的图层显示连续性。操作步骤：1. 等待地图完全加载并显示矢量瓦片图层；2. 打开浏览器控制台(F12)；3. 获取当前source: var src = map.getSource("maplibre")（或查看实际source id）；4. 记录当前图层是否可见；5. 使用 src.setTiles(src.tiles) 重新设置相同的tiles URL；6. 观察图层是否出现短暂消失或闪烁（这就是bug）；7. 再次尝试 src.setUrl 方法；8. 检查图层在更新期间是否保持持续显示不闪烁。始终在浏览器内操作，禁止打开 Terminal 或其他应用程序。如果在浏览器中找不到目标功能，直接报告 unclear。
Status: STOPPED_BY_USER
Total steps: 30
Last action: scroll up (640, 550) scroll_amount 10
==================================================

UI window closed
