Session created: sess-20260418015431-397e14978f224ba58e6dbda8115baf0c
UI panel initialized successfully
UI window displayed
Expected result: 在添加了 raster-dem 数据源和 hillshade 图层的地图上切换投影（如从 mercator 切换到 globe）后，map.loaded() 应最终返回 true，并且 idle 事件应正常触发。
[step 0] Action: Initializing
[step 0] Reasoning: Initializing session connection
[step 0] Action: screenshot
[step 1] Action: key: F12
[step 1] Reasoning: 地图已经加载完成，可以看到山体阴影效果清晰可见。现在按F12打开开发者控制台。
[step 2] Action: left_click (640, 655)
[step 2] Reasoning: 开发者控制台已打开。我注意到控制台中已经有14个错误，都是"Failed to load resource: the server responded with a status of 404 ()"。这是一个重要的视觉异常——已存在多个404错误。

现在点击控制台输入区域，执行 `map.loaded()` 命令：
[step 3] Action: type: map.loaded()
[step 3] Reasoning: 控制台输入区已激活（可以看到光标在 `>` 后面）。现在输入 `map.loaded()` 并执行：
[step 4] Action: key: Return
[step 4] Reasoning: 可以看到控制台输入框已显示 `map.loaded()`，现在按Enter执行：
[step 5] Action: scroll down (640, 550) scroll_amount 3
[step 5] Reasoning: 看起来控制台还是显示的旧内容，需要向下滚动查看结果：
[step 6] Action: left_click (640, 644)
[step 6] Reasoning: **步骤3结果确认**：`map.loaded()` 返回了 `true` ✅

现在执行步骤4 - 切换到globe投影：
[step 7] Action: type: map.setProjection...
[step 7] Reasoning: 控制台输入栏已激活（`>` 后有光标）。现在输入切换到globe投影的命令：
[step 8] Action: key: Return
[step 8] Reasoning: 命令已输入，现在按Enter执行：
[step 9] Action: left_click (640, 644)
[step 9] Reasoning: **步骤4结果**：`map.setProjection({type:"globe"})` 已执行成功：
- 返回了一个 Map 对象（`Map {_moving: false, _zooming: false, transform: GlobeTransform, _bearingSnap: 7, _renderFrameCallback: f, …}`）
- 出现了一个 `[Violation] 'requestAnimationFrame' handler took 62ms` 的警告
- 消息数量从14增加到15，verbose也变为1

注意到控制台出现了 `[Violation] 'requestAnimationFrame' handler took 62ms` 警告，这可能表示性能问题。

现在等待几秒后执行步骤5 - 再次检查 `map.loaded()`，同时也设置idle监听器（步骤6）。先设置idle监听器：
[step 10] Action: type: map.once("idle", ...
[step 10] Reasoning: 先设置idle事件监听器（步骤6），然后再等待几秒检查 `map.loaded()`：
[step 11] Action: key: Return
[step 12] Action: wait
[step 12] Reasoning: idle监听器已设置成功，返回了Map对象。我注意到**"IDLE FIRED"并没有立即出现**，这意味着idle事件还没有触发。现在等待几秒观察idle是否会被触发，同时检查 `map.loaded()` 的状态：
[step 13] Action: left_click (640, 644)
[step 13] Reasoning: 3秒后，控制台仍然没有显示 "IDLE FIRED"。这表明idle事件**没有触发**！现在在控制台输入 `map.loaded()` 检查当前状态：
[step 14] Action: type: map.loaded()
[step 15] Action: key: Return
[step 16] Action: wait
[step 16] Reasoning: 🚨 **关键发现！** 

**步骤5结果**：切换到globe投影后，`map.loaded()` 返回了 **`false`**！这证实了存在bug！

观察到的关键信息：
- `map.loaded()` 在切换到globe投影约3秒后仍然返回 `false`
- `map.once("idle", ...)` 的监听器中没有出现 "IDLE FIRED" 
- 控制台显示 `[Violation] 'requestAnimationFrame' handler took 62ms`

现在等待更长时间，再次检查map.loaded()和idle是否最终触发：
[step 17] Action: left_click (640, 644)
[step 17] Reasoning: 5秒后仍然没有 "IDLE FIRED" 出现，`map.loaded()` 的结果依然是 `false`。再次执行 `map.loaded()` 确认：
[step 18] Action: type: map.loaded()
[step 19] Action: key: Return
[step 20] Action: Minimize panel
[step 20] Reasoning: **Bug已确认！** 现在可以清楚地看到完整的测试结果。让我截取完整的控制台内容进行最终验证，并检查是否有更多错误信息：
[step 21] Action: DONE
[step 21] Reasoning: 现在可以清楚地看到完整的测试结果。让我进行最终的全面截图确认：

---

## 🔬 测试报告

### 测试环境
- **页面**：http://localhost:9966/test/examples/add-a-hillshade-layer.html
- **功能**：hillshade示例中切换到globe投影后的地图加载状态测试
- **测试时间**：2026年4月17日

---

### 📋 测试步骤执行结果

| 步骤 | 操作 | 结果 | 状态 |
|------|------|------|------|
| 1 | 等待地图完全加载（可见山体阴影效果） | 山体阴影效果清晰可见，地图正常渲染 | ✅ 通过 |
| 2 | 打开浏览器控制台 (F12) | 控制台成功打开 | ✅ 通过 |
| 3 | 执行 `map.loaded()` | 返回 **`true`** ✅ | ✅ 通过 |
| 4 | 执行 `map.setProjection({type:"globe"})` | 成功执行，返回Map对象（GlobeTransform），但出现 `[Violation] 'requestAnimationFrame' handler took 62ms` 警告 | ⚠️ 警告 |
| 5 | 等待3~8秒后再次执行 `map.loaded()` | 返回 **`false`** ❌（两次均如此） | ❌ 失败 |
| 6 | 监听 idle 事件 `map.once("idle", ()=>console.log("IDLE FIRED"))` | **"IDLE FIRED" 从未在控制台出现**，idle事件始终未触发 | ❌ 失败 |
| 7 | 检查控制台错误/警告 | 存在多个 `Failed to load resource: 404 ()` 错误（14 errors），以及 `[Violation] 'requestAnimationFrame' handler took 62ms` 性能警告 | ⚠️ 存在错误 |

---

### 🐛 确认的 Bug

**Bug描述**：在含有 `raster-dem` 数据源和山体阴影（hillshade）图层的地图中，调用 `map.setProjection({type:"globe"})` 切换到 globe 投影后，地图**永远无法进入 loaded 状态**（`map.loaded()` 持续返回 `false`），且 **`idle` 事件永不触发**。

**Bug严重程度**：🔴 严重（Critical）

**Bug表现**：
1. `map.setProjection({type:"globe"})` 执行后，即使等待8秒以上，`map.loaded()` 仍持续返回 `false`
2. `idle` 事件永不触发（"IDLE FIRED" 从未出现）
3. 地图视觉上看起来正常（山体阴影依旧可见），但内部状态卡在"未加载完成"的状态

**根本原因推测**：在 globe 投影下，含 `raster-dem` 数据源的 hillshade 图层在切换投影时，图层的加载状态机（loaded state machine）发生了死锁——可能是 `raster-dem` 的 DEM 瓦片或 hillshade 图层在 GlobeTransform 模式下无法正常完成加载回调，导致地图的 `_loaded` 标志永远不被置为 `true`，同时 `idle` 事件所依赖的 render 循环退出条件也永远无法满足。

**附加问题**：
- 控制台存在大量 `404` 错误（资源加载失败），这可能是 DEM 瓦片请求失败，是导致地图无法完成加载的直接原因之一
- 切换投影时出现 `[Violation] 'requestAnimationFrame' handler took 62ms` 性能违规警告，表明 globe 投影的渲染循环存在性能瓶颈
Evaluating task result...

==================================================
Task: 当前Chrome浏览器已打开maplibre-gl-js地图应用的hillshade示例页面，地址是http://localhost:9966/test/examples/add-a-hillshade-layer.html。测试地图在包含 raster-dem 数据源和山体阴影图层的情况下切换投影后的加载状态。操作步骤：1. 等待地图完全加载（可见山体阴影效果）；2. 打开浏览器控制台(F12)；3. 在控制台执行 map.loaded() 确认返回true；4. 在控制台执行 map.setProjection({type:"globe"}) 切换到globe投影；5. 等待几秒后再次执行 map.loaded() 检查是否最终返回true；6. 监听idle事件: map.once("idle", ()=>console.log("IDLE FIRED")); 观察idle事件是否触发；7. 检查控制台是否有错误或警告；8. 如果map.loaded()一直返回false或idle事件不触发，说明存在bug。始终在浏览器内操作，禁止打开 Terminal 或其他应用程序。如果在浏览器中找不到目标功能，直接报告 unclear。
Status: COMPLETED
Total steps: 21
Last action: DONE
Last reasoning: 现在可以清楚地看到完整的测试结果。让我进行最终的全面截图确认：

---

## 🔬 测试报告

### 测试环境
- **页面**：http://localhost:9966/test/examples/add-a-hillshade-layer.html
- **功能**：hillshade示例中切换到globe投影后的地图加载状态测试
- **测试时间**：2026年4月17日

---

### 📋 测试步骤执行结果

| 步骤 | 操作 | 结果 | 状态 |
|------|------|------|------|
| 1 | 等待地图完全加载（可见山体阴影效果） | 山体阴影效果清晰可见，地图正常渲染 | ✅ 通过 |
| 2 | 打开浏览器控制台 (F12) | 控制台成功打开 | ✅ 通过 |
| 3 | 执行 `map.loaded()` | 返回 **`true`** ✅ | ✅ 通过 |
| 4 | 执行 `map.setProjection({type:"globe"})` | 成功执行，返回Map对象（GlobeTransform），但出现 `[Violation] 'requestAnimationFrame' handler took 62ms` 警告 | ⚠️ 警告 |
| 5 | 等待3~8秒后再次执行 `map.loaded()` | 返回 **`false`** ❌（两次均如此） | ❌ 失败 |
| 6 | 监听 idle 事件 `map.once("idle", ()=>console.log("IDLE FIRED"))` | **"IDLE FIRED" 从未在控制台出现**，idle事件始终未触发 | ❌ 失败 |
| 7 | 检查控制台错误/警告 | 存在多个 `Failed to load resource: 404 ()` 错误（14 errors），以及 `[Violation] 'requestAnimationFrame' handler took 62ms` 性能警告 | ⚠️ 存在错误 |

---

### 🐛 确认的 Bug

**Bug描述**：在含有 `raster-dem` 数据源和山体阴影（hillshade）图层的地图中，调用 `map.setProjection({type:"globe"})` 切换到 globe 投影后，地图**永远无法进入 loaded 状态**（`map.loaded()` 持续返回 `false`），且 **`idle` 事件永不触发**。

**Bug严重程度**：🔴 严重（Critical）

**Bug表现**：
1. `map.setProjection({type:"globe"})` 执行后，即使等待8秒以上，`map.loaded()` 仍持续返回 `false`
2. `idle` 事件永不触发（"IDLE FIRED" 从未出现）
3. 地图视觉上看起来正常（山体阴影依旧可见），但内部状态卡在"未加载完成"的状态

**根本原因推测**：在 globe 投影下，含 `raster-dem` 数据源的 hillshade 图层在切换投影时，图层的加载状态机（loaded state machine）发生了死锁——可能是 `raster-dem` 的 DEM 瓦片或 hillshade 图层在 GlobeTransform 模式下无法正常完成加载回调，导致地图的 `_loaded` 标志永远不被置为 `true`，同时 `idle` 事件所依赖的 render 循环退出条件也永远无法满足。

**附加问题**：
- 控制台存在大量 `404` 错误（资源加载失败），这可能是 DEM 瓦片请求失败，是导致地图无法完成加载的直接原因之一
- 切换投影时出现 `[Violation] 'requestAnimationFrame' handler took 62ms` 性能违规警告，表明 globe 投影的渲染循环存在性能瓶颈

==================================================

UI window closed
