Session created: sess-20260418014241-5386d24ba91542988f69f427179db6e7
UI panel initialized successfully
UI window displayed
Expected result: 在 Globe 投影模式下切换样式时，地图应平滑过渡，不出现瓦片重新加载或可见闪烁，控制台无 style diff 相关的错误或警告，且 Globe 投影在样式切换后保持不变。
[step 0] Action: Initializing
[step 0] Reasoning: Initializing session connection
[step 0] Action: screenshot
[step 1] Action: key: F12
[step 1] Reasoning: **步骤1：观察当前地图显示**

地图当前正常显示为Globe（球体）投影模式，可以看到地球的圆形轮廓，带有国家边界和标签。地图已经在Globe模式下渲染，显示清晰。

现在打开浏览器开发者工具（F12）：
[step 2] Action: left_click (640, 580)
[step 2] Reasoning: **步骤2：开发者工具已打开**

控制台已打开，可以看到：
- 有1条错误：`Failed to load resource: the server responded with a status of 404 (Not Found)` - 这是一个已存在的资源加载错误
- Console面板已激活

地图仍然显示为Globe球体模式。现在点击控制台输入区域，执行第一个命令切换投影为globe：
[step 3] Action: left_click (640, 388)
[step 3] Reasoning: 需要点击控制台底部的输入行。让我点击控制台的输入提示符区域：
[step 4] Action: left_click (640, 388)
[step 4] Reasoning: 我需要点击控制台底部的输入栏（提示符 `>`）。让我点击底部的console输入区域：
[step 5] Action: left_click (640, 483)
[step 5] Reasoning: 我看到控制台底部有一个 `>` 提示符行，但控制台的输入框在底部很窄。让我点击底部那个 `>` 符号后面的区域：
[step 6] Action: left_click (104, 483)
[step 6] Reasoning: 控制台的输入行位于底部的 `>` 符号旁边。我需要点击那个 `>` 旁边的输入框。让我尝试点击确切的位置：
[step 7] Action: left_click (200, 483)
[step 7] Reasoning: 我看到控制台面板显示了筛选器和消息，但控制台输入框似乎没有激活。控制台的提示 `>` 符号在底部可见。让我尝试直接输入命令 - 可能控制台输入已被激活，或者需要使用不同方法。让我直接输入JavaScript代码：

**步骤3：在控制台执行设置Globe投影的命令**
[step 8] Action: key: Escape
[step 8] Reasoning: 控制台输入框可能没有正确激活。我注意到控制台底部有一个很细的输入行。让我尝试按 Escape 键清空任何状态，然后直接输入命令，看看是否在控制台输入框中：
[step 9] Action: left_click_drag (640, 300)
[step 9] Reasoning: 我注意到控制台底部有一个很窄的输入区域，在 `>` 符号旁边。控制台面板可能需要拖拉变大才能看到输入行。让我尝试拖拉控制台面板的上边界来扩大它，这样可以看到并点击输入框：
[step 10] Action: left_click_drag (640, 200)
[step 10] Reasoning: 控制台的布局并没有改变。我看到控制台最底部有一个 `>` 符号，这是控制台输入行。让我直接在控制台输入行（最下方）点击并输入命令。让我先放大控制台面板 - 我需要将 DevTools 面板拖拽使其更高：
[step 11] Action: left_click (600, 483)
[step 11] Reasoning: 我看到控制台底部第二行有 `>` 符号，这是控制台输入提示符。让我直接点击那个 `>` 提示符后面的空白区域来激活输入框，然后输入命令：
[step 12] Action: left_click (107, 483)
[step 12] Reasoning: 控制台输入框在 `>` 符号旁边，但界面很窄。我注意到控制台底部有一行显示 `> ` - 这就是控制台输入行。让我截图仔细看看底部区域并直接在那里输入：

让我尝试直接在控制台输入命令。我将点击紧靠 `>` 符号右边的位置：
[step 13] Action: type: map.setProjection...
[step 13] Reasoning: 现在我可以看到控制台输入框已经被激活了！底部显示了 `> |` 表示有一个光标在输入框中。现在可以输入JavaScript命令。

**步骤3：执行setProjection命令设置Globe投影**
[step 14] Action: key: Return
[step 14] Reasoning: 命令 `map.setProjection({type:"globe"})` 已经成功输入到控制台输入框中。现在按 Enter 键执行命令：
[step 15] Action: left_click (640, 512)
[step 15] Reasoning: **步骤3和4的结果：**

`map.setProjection({type:"globe"})` 命令已成功执行！控制台返回了：
- `Map {_moving: false, _zooming: false, transform: GlobeTransform, _bearingSnap: 7, _renderFrameCallback: f, …}`

这表明地图对象的 `transform` 属性现在是 `GlobeTransform`，确认地图已经切换为Globe球体模式。地图在右侧仍然显示为球体形状。

**步骤5：执行setStyle命令切换样式**

现在在控制台中输入setStyle命令：
[step 16] Action: left_click (640, 512)
[step 16] Reasoning: 控制台显示了setProjection命令的结果，返回了 `Map {_moving: false, _zooming: false, transform: GlobeTransform...}`。输入行（`>`）在底部，我已经激活了它。现在输入setStyle命令：
[step 17] Action: type: map.setStyle("htt...
[step 17] Reasoning: 控制台底部的 `>` 输入行已激活。我需要输入 `map.setStyle` 命令。让我输入命令：
[step 18] Action: key: Return
[step 18] Reasoning: 命令 `map.setStyle("https://demotiles.maplibre.org/style.json")` 已成功输入到控制台。现在按 Enter 执行命令并观察样式切换效果：
[step 19] Action: wait
[step 19] Reasoning: **🚨 重要发现 - 检测到Bug！**

`setStyle` 命令执行后，控制台立即显示了一条 **警告信息**（黄色警告背景）：

```
⚠ Unable to perform style diff: Cannot read properties of undefined (reading 'type'). Rebuilding the style from scratch.
```

这是一个明确的 **style diff 错误**！让我等待地图完全加载样式后，再截图观察更多详情：
[step 20] Action: wait
[step 20] Reasoning: 3秒后，地图仍然显示原来的球体地图。控制台警告消息仍然可见。让我再等几秒，等待新样式完全加载：
[step 21] Action: wait
[step 21] Reasoning: 地图显示仍然保持原来的球体地图，没有加载新的样式。警告信息依然显示：`Unable to perform style diff: Cannot read properties of undefined (reading 'type'). Rebuilding the style from scratch.`

让我再等待更长时间，并检查地图视口区域是否有变化：
[step 22] Action: left_click (640, 557)
[step 22] Reasoning: 经过大约10秒的等待，地图显示仍保持原来的球体地图样式，没有完全切换到新的 demotiles 样式。我注意到控制台显示 `1 warning` 。让我检查控制台中是否有更多细节，并确认Globe投影是否保持。让我点击控制台的 `1 warning` 展开查看，并检查地图当前状态：

让我先在控制台输入命令检查Globe投影是否还保持：
[step 23] Action: type: map.getProjection()
[step 23] Reasoning: 现在我点击了 `>` 区域，控制台输入行已激活（显示 `> |`）。我需要输入命令来检查Globe投影是否保持。让我输入命令：
[step 24] Action: wait
[step 24] Reasoning: 我看到控制台已经自动执行了 `map.getProjection()` 命令（或者我之前的输入直接执行了），控制台显示：

```
> map.getProjection()
< {type: 'globe'}
```

**步骤8：Globe投影在样式切换后仍然保持！**

`map.getProjection()` 返回 `{type: 'globe'}`，确认Globe投影在样式切换后仍然保留。

但是，style diff 警告已经出现了。让我再等一会儿并检查地图是否已成功加载新样式（demotiles style）：
[step 25] Action: left_click (105, 540)
[step 25] Reasoning: 地图显示仍然保持原来的球体样式，没有切换到新样式（demotiles）。地图背景变浅，但国家边界和标签仍然显示类似的样式。我注意到地图颜色和样式基本没有变化（应该切换到 demotiles 的黑色底色风格）。

让我检查 Network 标签页以了解 style.json 是否已被成功加载：

让我点击警告消息旁边的 `►` 展开按钮，查看完整的警告详情：
[step 26] Action: left_click (204, 430)
[step 26] Reasoning: 点击展开了警告消息的堆栈跟踪！现在可以清晰看到完整的错误调用堆栈：

```
⚠ Unable to perform style diff: Cannot read properties of undefined (reading 'type'). Rebuilding the style from scratch.
    warnOnce  @ util.ts:680
    _updateDiff @ map.ts:2177
    {anonymous} @ map.ts:2160
    Promise.then
    _diffStyle  @ map.ts:2154
    setStyle    @ map.ts:2079
    {anonymous} @ VM19:1
    Show ignore-listed frames
```

这个调用堆栈非常重要！让我截取更清晰的图像：

现在让我检查地图视图区域是否最终加载了新样式。我想确认地图视口。让我也查看 Network 标签来了解 style.json 是否被正确获取：
[step 27] Action: left_click (578, 465)
[step 27] Reasoning: Network 标签页显示当前没有任何请求（0 / 11 requests，0.0 kB transferred）。这表明 Network 标签被过滤后没有显示数据，或者新的样式加载请求已完成了。让我滚动 Network 标签查看所有请求，并先取消"Preserve log"外的过滤，查看所有类型的请求：
[step 28] Action: scroll up (640, 600) scroll_amount 3
[step 28] Reasoning: 现在我可以在 Network 标签页中看到 11 个请求，都是 `.pbf` 格式的瓦片文件，状态为 200（成功），类型为 `fetch`。但我没有看到 `style.json` 的请求，这意味着：

1. `style.json` 的请求可能在 Preserve log 之前就发生了（注意 Preserve log 已勾选），或者 style.json 请求没有被记录。
2. 当前这些 `.pbf` 文件很可能是新样式加载的瓦片文件（demotiles 的矢量瓦片），因为它们以 `0-255.pbf`、`0.pbf` 等这样的命名格式出现。

让我滚动 Network 列表查看是否有 style.json 请求，以及更多详情：
[step 29] Action: left_click (114, 430)
[step 29] Reasoning: 现在可以清晰地看到 Network 请求列表的全貌：

**网络请求分析：**
1. `style.json` - Status: 200, Type: fetch, Initiator: `ajax.ts:165` ✅
2. `tiles.json` - Status: 200, Type: fetch, Initiator: `ajax.ts:165` ✅
3. `2.pbf`, `1.pbf`, `3.pbf` 等多个瓦片文件 - Status: 200, Type: fetch ✅

这说明 `style.json` 已成功加载（状态200），并且新样式的瓦片也开始下载了！

**关键发现总结：**

现在让我返回 Console 标签确认所有信息，并查看地图是否已完成新样式渲染：
[step 30] Action: scroll down (640, 590) scroll_amount 3
[step 30] Reasoning: 现在我在控制台中可以完整地看到所有信息。让我将控制台详细信息截图放大查看，并综合所有测试结果进行最终总结。

让我检查地图在样式切换后的当前状态 - 地图视口区域仍然显示球体地图，颜色是蓝色背景+彩色国家。让我点击地图区域查看其当前视觉状态：
[step 31] Action: DONE
[step 31] Reasoning: 现在我可以看到完整的控制台信息。让我整理所有测试结果并提供完整的测试报告。

---

## 🔍 测试结果综合报告

### 测试环境
- **页面**: `http://localhost:9966/test/examples/display-a-globe-with-a-vector-map.html`
- **测试日期**: 2026年4月17日
- **浏览器**: Chrome (DevTools已开启)

---

### 📋 各步骤测试结果

#### 步骤1：初始地图显示观察 ✅
地图正常显示为 Globe（球体）投影模式，地球轮廓清晰，国家边界、标签均正常渲染。

#### 步骤2：打开浏览器控制台 ✅
按 F12 成功打开 DevTools，Console 标签激活。页面加载时已存在一条预存错误：
- `Failed to load resource: the server responded with a status of 404 (Not Found)` — 这是一个预存的资源错误，与本次测试无关。

#### 步骤3：执行 `map.setProjection({type:"globe"})` ✅
```javascript
map.setProjection({type:"globe"})
// 返回: Map {_moving: false, _zooming: false, transform: GlobeTransform, _bearingSnap: 7, ...}
```
命令成功执行，`transform: GlobeTransform` 确认投影已设置为 Globe 球体模式。

#### 步骤4：确认地图切换为球体模式 ✅
地图在视觉上保持球体形状，`GlobeTransform` 类型已在返回值中确认。

#### 步骤5：执行 `map.setStyle("https://demotiles.maplibre.org/style.json")` — **⚠️ 触发 Bug！**
```javascript
map.setStyle("https://demotiles.maplibre.org/style.json")
// 返回: Map {_moving: false, _zooming: false, transform: GlobeTransform, ...}
```

#### 步骤6：观察样式切换过程 ❌ **发现 Bug**
- **style.json** 已成功下载（Network 标签确认 Status: 200）
- 新样式的瓦片文件（`.pbf`）也正在加载（Status: 200）
- 但样式切换 **没有平滑过渡**，地图视觉外观几乎没有变化（仍显示原始样式的彩色国家地图，而非 demotiles 的黑色底色风格）

#### 步骤7：控制台错误/警告检查 ❌ **发现关键 Bug**

**🚨 核心 Bug 发现：**

```
⚠ Unable to perform style diff: Cannot read properties of undefined (reading 'type'). 
  Rebuilding the style from scratch.
    warnOnce     @ util.ts:680
    _updateDiff  @ map.ts:2177
    {anonymous}  @ map.ts:2160
    Promise.then
    _diffStyle   @ map.ts:2154
    setStyle     @ map.ts:2079
    {anonymous}  @ VM19:1
```

这个警告证明：
- `_diffStyle` 函数在尝试对比新旧样式时，**读取了 `undefined` 对象的 `type` 属性**，导致 `TypeError`
- 系统回退到 **"Rebuilding the style from scratch"**（从头重建样式），而非执行增量更新（style diff）
- 这意味着 **Globe 投影下的 style diff 增量更新功能存在 Bug**

**错误精确定位：**
- 文件: `map.ts`，行 2177（`_updateDiff` 函数内）
- 错误类型: `Cannot read properties of undefined (reading 'type')`

#### 步骤8：Globe 投影在样式切换后是否保持 ✅（但依赖降级路径）
```javascript
map.getProjection()
// 返回: {type: 'globe'}
```
Globe 投影在样式切换后**仍然保持**，但这是通过"从头重建样式"的降级路径实现的，而非正常的增量更新路径。

---

### 🐛 Bug 报告总结

| 问题 | 严重程度 | 描述 |
|------|----------|------|
| **style diff 增量更新失败** | 🔴 高 | 在 Globe 投影模式下执行 `setStyle()` 时，`_diffStyle` 函数内 `_updateDiff` 尝试读取 `undefined` 对象的 `.type` 属性，抛出 `TypeError`，导致样式差异比较失败 |
| **`Cannot read properties of undefined (reading 'type')`** | 🔴 高 | 位置：`map.ts:2177`，函数 `_updateDiff`。具体错误信息：`Unable to perform style diff: Cannot read properties of undefined (reading 'type')` |
| **样式切换降级为全量重建** | 🟡 中 | 由于 diff 失败，系统降级为 `Rebuilding the style from scratch`，增量更新性能优化失效，可能导致样式切换延迟或闪烁 |
| **视觉异常** | 🟡 中 | 样式切换后地图视觉外观未明显切换到 demotiles 新样式，可能与降级重建过程中的渲染问题有关 |

**结论**：在 Globe 投影模式下，`setStyle()` 的 **style diff 增量更新功能存在明确 Bug** — `map.ts` 第 2177 行的 `_updateDiff` 函数无法正确处理 Globe 投影的样式对象，导致 `Cannot read properties of undefined (reading 'type')` 错误，触发全量样式重建降级路径。
Evaluating task result...

==================================================
Task: 当前Chrome浏览器已打开maplibre-gl-js地图应用测试页面，地址是http://localhost:9966/test/examples/display-a-globe-with-a-vector-map.html。测试在 Globe 投影模式下使用 setStyle 切换地图样式时的增量更新功能。操作步骤：1. 观察当前地图是否正常显示；2. 打开浏览器控制台(F12)；3. 在控制台中执行JavaScript代码切换投影为globe: map.setProjection({type:"globe"})；4. 确认地图切换为球体模式；5. 在控制台执行setStyle切换样式: map.setStyle("https://demotiles.maplibre.org/style.json")；6. 观察样式切换过程是否平滑、无明显闪烁或瓦片重新加载；7. 检查控制台是否有style diff相关错误或Cannot read properties of undefined的警告；8. 确认Globe投影在样式切换后仍然保持。始终在浏览器内操作，禁止打开 Terminal 或其他应用程序。如果在浏览器中找不到目标功能，直接报告 unclear。
Status: COMPLETED
Total steps: 31
Last action: DONE
Last reasoning: 现在我可以看到完整的控制台信息。让我整理所有测试结果并提供完整的测试报告。

---

## 🔍 测试结果综合报告

### 测试环境
- **页面**: `http://localhost:9966/test/examples/display-a-globe-with-a-vector-map.html`
- **测试日期**: 2026年4月17日
- **浏览器**: Chrome (DevTools已开启)

---

### 📋 各步骤测试结果

#### 步骤1：初始地图显示观察 ✅
地图正常显示为 Globe（球体）投影模式，地球轮廓清晰，国家边界、标签均正常渲染。

#### 步骤2：打开浏览器控制台 ✅
按 F12 成功打开 DevTools，Console 标签激活。页面加载时已存在一条预存错误：
- `Failed to load resource: the server responded with a status of 404 (Not Found)` — 这是一个预存的资源错误，与本次测试无关。

#### 步骤3：执行 `map.setProjection({type:"globe"})` ✅
```javascript
map.setProjection({type:"globe"})
// 返回: Map {_moving: false, _zooming: false, transform: GlobeTransform, _bearingSnap: 7, ...}
```
命令成功执行，`transform: GlobeTransform` 确认投影已设置为 Globe 球体模式。

#### 步骤4：确认地图切换为球体模式 ✅
地图在视觉上保持球体形状，`GlobeTransform` 类型已在返回值中确认。

#### 步骤5：执行 `map.setStyle("https://demotiles.maplibre.org/style.json")` — **⚠️ 触发 Bug！**
```javascript
map.setStyle("https://demotiles.maplibre.org/style.json")
// 返回: Map {_moving: false, _zooming: false, transform: GlobeTransform, ...}
```

#### 步骤6：观察样式切换过程 ❌ **发现 Bug**
- **style.json** 已成功下载（Network 标签确认 Status: 200）
- 新样式的瓦片文件（`.pbf`）也正在加载（Status: 200）
- 但样式切换 **没有平滑过渡**，地图视觉外观几乎没有变化（仍显示原始样式的彩色国家地图，而非 demotiles 的黑色底色风格）

#### 步骤7：控制台错误/警告检查 ❌ **发现关键 Bug**

**🚨 核心 Bug 发现：**

```
⚠ Unable to perform style diff: Cannot read properties of undefined (reading 'type'). 
  Rebuilding the style from scratch.
    warnOnce     @ util.ts:680
    _updateDiff  @ map.ts:2177
    {anonymous}  @ map.ts:2160
    Promise.then
    _diffStyle   @ map.ts:2154
    setStyle     @ map.ts:2079
    {anonymous}  @ VM19:1
```

这个警告证明：
- `_diffStyle` 函数在尝试对比新旧样式时，**读取了 `undefined` 对象的 `type` 属性**，导致 `TypeError`
- 系统回退到 **"Rebuilding the style from scratch"**（从头重建样式），而非执行增量更新（style diff）
- 这意味着 **Globe 投影下的 style diff 增量更新功能存在 Bug**

**错误精确定位：**
- 文件: `map.ts`，行 2177（`_updateDiff` 函数内）
- 错误类型: `Cannot read properties of undefined (reading 'type')`

#### 步骤8：Globe 投影在样式切换后是否保持 ✅（但依赖降级路径）
```javascript
map.getProjection()
// 返回: {type: 'globe'}
```
Globe 投影在样式切换后**仍然保持**，但这是通过"从头重建样式"的降级路径实现的，而非正常的增量更新路径。

---

### 🐛 Bug 报告总结

| 问题 | 严重程度 | 描述 |
|------|----------|------|
| **style diff 增量更新失败** | 🔴 高 | 在 Globe 投影模式下执行 `setStyle()` 时，`_diffStyle` 函数内 `_updateDiff` 尝试读取 `undefined` 对象的 `.type` 属性，抛出 `TypeError`，导致样式差异比较失败 |
| **`Cannot read properties of undefined (reading 'type')`** | 🔴 高 | 位置：`map.ts:2177`，函数 `_updateDiff`。具体错误信息：`Unable to perform style diff: Cannot read properties of undefined (reading 'type')` |
| **样式切换降级为全量重建** | 🟡 中 | 由于 diff 失败，系统降级为 `Rebuilding the style from scratch`，增量更新性能优化失效，可能导致样式切换延迟或闪烁 |
| **视觉异常** | 🟡 中 | 样式切换后地图视觉外观未明显切换到 demotiles 新样式，可能与降级重建过程中的渲染问题有关 |

**结论**：在 Globe 投影模式下，`setStyle()` 的 **style diff 增量更新功能存在明确 Bug** — `map.ts` 第 2177 行的 `_updateDiff` 函数无法正确处理 Globe 投影的样式对象，导致 `Cannot read properties of undefined (reading 'type')` 错误，触发全量样式重建降级路径。

==================================================

UI window closed
