Session created: sess-20260418033746-67699acede7d40319b47039dddeb789f
UI panel initialized successfully
UI window displayed
Expected result: 右键菜单应出现在鼠标点击位置附近。如果偏移很远则为abnormal。
[step 0] Action: Initializing
[step 0] Reasoning: Initializing session connection
[step 0] Action: Open url: http://localhost:3000
[step 1] Action: screenshot
[step 1] Reasoning: 页面正在加载，等待一下。
[step 2] Action: wait
[step 2] Reasoning: 页面还是空白，继续等待加载。
[step 3] Action: key: F5
[step 3] Reasoning: 页面仍为空白，尝试刷新页面。
[step 4] Action: wait
[step 4] Reasoning: 页面仍然是空白，注意到标题是"Notpad"。让我等待页面完全加载并尝试点击页面区域激活内容。
[step 5] Action: left_click (640, 400)
[step 5] Reasoning: 页面内容仍为空白，但tab标题显示"Notpad"，说明页面已加载但内容可能在视口之外，或者渲染有问题。让我点击页面中间并尝试滚动查看。
[step 6] Action: scroll up (640, 400) scroll_amount 5
[step 6] Reasoning: 页面仍显示空白。这可能是一个视觉bug——内容存在但不可见，或者页面渲染有问题。让我尝试打开开发者工具检查页面内容，或者先尝试滚动。
[step 7] Action: key: F12
[step 7] Reasoning: 页面还是空白。让我用开发者工具检查一下页面的实际内容，看看是否有元素但不可见。
[step 8] Action: key: F12
[step 8] Reasoning: 现在我能看到页面内容了！DevTools打开后，页面切换到了响应式模式，可以看到一个白色的编辑区域（类似于记事本页面的外观），还有一个光标。控制台显示了一个错误：`Uncaught (in promise) TypeError: Cannot read properties of undefined (reading 'metadata')`，这是一个应用bug。

我现在需要关闭DevTools，然后在正常浏览器视图中操作。让我先关闭DevTools查看完整页面。
[step 9] Action: left_click (640, 300)
[step 9] Reasoning: 奇怪，页面在DevTools打开时可以看到内容，关闭后又变空白了。这是一个非常奇特的视觉bug——页面内容存在但在正常浏览器视图中不可见（可能是白底白字或者颜色问题）。

从DevTools截图中可以看到，页面有一个编辑区域（白色方框，带有光标），但整个背景也是白色/浅色的，所以内容不可见。

让我尝试用Chrome的缩放功能来切换视角，先用Cmd+0重置缩放。实际上，页面内容可能确实存在但因为某种原因（可能是白底白文）不可见。让我先点击页面中心区域然后尝试输入。
[step 10] Action: key: cmd+minus
[step 10] Reasoning: 页面仍然看起来是空白的。从DevTools中我们知道页面实际上是有内容的。这个问题可能是页面内容渲染在一个不可见的区域，或者颜色问题。

注意到DevTools打开时，页面切换到了响应式模式（400x505），可以看到内容。这说明页面内容可能在全屏浏览器时有定位问题。

让我打开DevTools并保持开，同时在页面中操作：

实际上，从DevTools中可以看到编辑区域确实存在，只是在正常视图下不可见。这是一个严重的视觉bug。但由于任务要求我们在浏览器内操作，让我尝试通过使用浏览器的缩放来让内容可见，然后继续测试。

让我先用Chrome的页面缩放功能（Cmd+-）缩小页面看看能否让内容出现：
[step 11] Action: key: ctrl+0
[step 12] Action: key: F12
[step 12] Reasoning: 仍然空白。我注意到当F12打开时，页面进入了响应式模式（400x505像素窗口）才显示内容。这可能说明页面内容只在较小的视口下渲染，或者UI在全宽下有布局问题。

让我尝试调整浏览器窗口大小，或者使用Chrome的响应式模式。另外，让我再次尝试F12，这次在控制台中观察页面结构：
[step 13] Action: right_click (640, 400)
[step 13] Reasoning: DevTools没有打开。让我使用右键菜单中的检查功能打开DevTools：
[step 14] Action: left_click (659, 630)
[step 14] Reasoning: 我看到了Chrome的浏览器右键菜单（不是应用的右键菜单），这说明右键点击区域是空白的浏览器背景，而不是应用内容区域。让我点击"检查"打开DevTools，查看页面结构：
[step 15] Action: left_click (12, 441)
[step 15] Reasoning: 现在我可以看到页面内容了！在响应式模式下（400x505），页面显示了一个白色的编辑区域，光标在编辑区域中间。这是Markpad编辑器的界面。

我注意到以下情况：
1. 页面在响应式模式下可以看到编辑区域（白色矩形区域）
2. 背景是浅蓝色的
3. 编辑区域中有一个竖线光标
4. 底部有一些控制元素（看起来像调整手柄）
5. 控制台显示有错误

现在让我点击响应式模式工具栏上的移动设备图标，将其关闭（退出响应式模式），在正常浏览器大小下查看页面。或者我可以直接在这个响应式模式中操作。

让我先查看完整页面结构，特别是查找缩放控制功能。让我关闭DevTools先把页面以正常大小展示，然后通过关闭响应式设备工具栏来恢复。

先点击顶部工具栏的设备图标（手机/平板图标）关闭响应式模式：
[step 16] Action: left_click (30, 441)
[step 16] Reasoning: 页面仍在响应式模式下。我可以看到一个白色矩形编辑区域在中间，背景是浅蓝色。这实际上看起来就是Markpad编辑器的界面！

现在我需要关闭DevTools，并理解页面结构。让我先点击编辑区域中间（白色矩形）来尝试输入文字，以确认这是编辑区域：

但首先让我关闭DevTools并在正常视图下操作。让我点击设备模拟器按钮（响应式工具栏左边的图标）来退出响应式模式：
[step 17] Action: left_click (7, 489)
[step 17] Reasoning: 现在退出了响应式模式，页面区域（上半部分）仍然显示空白。DevTools还开着。现在我理解了：这个应用在全屏浏览器窗口下存在严重的视觉问题——内容不可见。

让我在DevTools中查看页面DOM结构，找出问题所在，并通过展开body元素查看页面内容：
[step 18] Action: key: Escape
[step 18] Reasoning: 我不小心触发了DevTools中的右键菜单。让我关闭它并点击body元素旁边的箭头展开DOM树：
[step 19] Action: left_click (640, 250)
[step 19] Reasoning: 上下文菜单仍然打开。让我在空白处点击关闭它：
[step 20] Action: left_click (114, 441)
[step 20] Reasoning: 现在我能看到DevTools的Elements面板。DOM结构显示body是空的（`... </body>`）——等等，不对，body中有内容但是被折叠了。

我看到在DOM树中：`<body data-sveltekit-preload-data="hover">…</body>`。让我点击展开body元素，查看其内容。让我使用Console来运行JavaScript查看页面的实际HTML结构：
[step 21] Action: left_click (640, 575)
[step 21] Reasoning: 现在我在Console面板中可以看到错误信息：
- `Uncaught (in promise) TypeError: Cannot read properties of undefined (reading 'metadata')`
- 错误发生在 `MarkdownViewer.svelte`, `+page.svelte`, `layout.svelte`, `root.svelte`
- 错误触发于 `TitleBar.svelte:51:20`

这个错误解释了为什么页面内容不可见——应用初始化时发生了JavaScript错误，导致某些组件无法渲染。

但是从之前的响应式模式截图看，页面确实显示了一个白色编辑区域（即使有错误）。让我刷新页面，看看在响应式模式中是否能更好地理解应用结构。

让我使用Console运行JavaScript来查看页面DOM：
[step 22] Action: type: document.body.inn...
[step 22] Reasoning: Console提示符已激活（看到 `>`）。让我输入JavaScript查看页面内容：
[step 23] Action: left_click (640, 590)
[step 23] Reasoning: 我可以看到控制台显示了body的HTML内容。从输出中可以看到：
- `<div id="app" style="display: contents">`
- 页面实际上有内容（Svelte应用），但有某种显示问题

关键信息：`style="display: contents"`！这说明内容存在但可能渲染有问题。

让我进一步查询页面内容，特别是看看是否有缩放相关元素：