Session created: sess-20260416125152-8ff576cd81de4331b21633d3789f53a0
UI panel initialized successfully
UI window displayed
Expected result: 在 Flat 主题下，编辑器为空时应显示占位符文本，且占位符文本颜色应与深色背景形成足够对比度，用户能清晰看到占位符提示文字。
[step 0] Action: Initializing
[step 0] Reasoning: Initializing session connection
[step 0] Action: screenshot
[step 1] Action: left_click (63, 93)
[step 1] Reasoning: 我可以看到当前页面已经打开了 Medium Editor 的演示页面，地址是 `localhost:3000/demo`。页面左上角有一个 **THEME** 下拉选择框，当前选择的是 "default" 主题。让我先切换到 Flat 主题。
[step 2] Action: left_click (60, 143)
[step 2] Reasoning: 下拉菜单已展开，可以看到主题选项包括：default、roman、mani、**flat**、bootstrap、tim、beagle。现在点击 "flat" 选项。
[step 3] Action: scroll down (636, 400) scroll_amount 5
[step 3] Reasoning: 主题已切换到 "flat"，但页面外观看起来没有明显变化（背景仍然是白色的）。这可能是因为 flat 主题的样式还没有完全应用到编辑器区域，或者这个演示页面的 flat 主题并不是深色背景。让我向下滚动查看页面，寻找专门的编辑器区域（特别是有占位符文本的空白编辑器）。
[step 4] Action: scroll down (636, 400) scroll_amount 5
[step 4] Reasoning: 我可以看到页面底部有一个 "Source" 链接，但目前只看到文本内容，没有看到有占位符的空白编辑器区域。让我继续向下滚动查看更多内容。
[step 5] Action: key: ctrl+Home
[step 5] Reasoning: 页面底部只有 "Source" 链接，这是这个演示页面的全部内容。该页面只有一个带有大量文字的编辑器区域，没有单独的空白编辑器区域。让我滚动回顶部，仔细观察整个页面结构，特别是在 flat 主题下编辑器的显示情况。让我先滚动回顶部。
[step 6] Action: key: cmd+Up
[step 6] Reasoning: Ctrl+Home 没有将页面滚回顶部。让我使用 Command+Up 或者直接点击滚动条。
[step 7] Action: key: Escape
[step 7] Reasoning: 看来按 Cmd+Up 打开了主题下拉菜单。可以看到 "flat" 主题已被勾选（高亮显示）。让我按 Escape 关闭下拉菜单，然后滚动到页面顶部。
[step 8] Action: scroll up (636, 400) scroll_amount 10
[step 8] Reasoning: 现在让我点击地址栏中的页面内容区域，然后使用键盘快捷键滚动到页面顶部。
[step 9] Action: Open url: http://localhost:3000
[step 9] Reasoning: 现在我回到了页面顶部，可以看到：
1. THEME 下拉框显示为 "flat" 已选中
2. 页面背景仍然是白色的，Medium Editor 的主标题和内容文字都是黑色

这个演示页面（`/demo`）显示的是带有文字内容的编辑器。根据任务要求，我需要观察在空白状态下是否显示占位符文本。当前编辑器中有大量文字内容。

让我检查一下这个页面是否有其他的编辑器区域或者是否有专门的占位符测试。让我先检查一下页面的整体情况 - 看看 flat 主题是否真的改变了编辑器外观。

我注意到页面在 flat 主题下背景是白色的，而不是深色背景。这可能是因为 flat 主题不一定是深色主题。

让我尝试访问页面的其他路径来寻找带有占位符功能的编辑器演示。
[step 10] Action: left_click (522, 260)
[step 10] Reasoning: 我看到了 `localhost:3000` 的文件目录列表。我可以看到有一个 `demo/` 文件夹。让我点击 `demo/` 文件夹查看有哪些演示页面。
[step 11] Action: left_click (63, 93)
[step 11] Reasoning: 点击 `demo/` 打开了演示页面（`localhost:3000/demo`），同样是这个主 demo 页面，并且 THEME 重置为 "default"。这就是主演示页面。

现在我需要了解这个页面的结构 - 它包含了一个 Medium Editor，但其中已经有了内容文字。我需要：
1. 切换到 flat 主题
2. 清空编辑器中的内容，观察占位符文本

让我先切换到 flat 主题，然后清空编辑器内容来观察占位符。
[step 12] Action: left_click (60, 143)
[step 13] Action: left_click (634, 208)
[step 13] Reasoning: 现在已经切换到 flat 主题了。页面上的 THEME 显示为 "flat"。我注意到 flat 主题下背景仍然是白色，没有出现深色背景效果。

现在我需要：
1. 点击编辑器内容区域
2. 选中所有文字（Cmd+A）
3. 删除所有内容
4. 观察占位符是否出现

让我点击编辑器内容区域并选择所有文本。
[step 14] Action: key: cmd+a
[step 14] Reasoning: 我已经点击了编辑器内容区域。现在让我选择全部内容并删除，来测试占位符文本的显示。
[step 15] Action: key: Delete
[step 15] Reasoning: 很好！Cmd+A 已经选中了所有文本内容（可以看到文字都被高亮选中了），同时也弹出了 Medium Editor 的工具栏（显示 B, I, U 等格式按钮）。这个工具栏使用了绿色配色，这正是 flat 主题的特征！

现在让我按 Delete 键删除所有内容，来观察占位符文本。
[step 16] Action: left_click (636, 400)
[step 16] Reasoning: 所有内容已被删除，现在编辑器是空白状态。我观察到：

**🔴 重要发现：占位符文本没有出现！**

编辑器区域清空后，只显示了一个光标（小竖线），但没有显示任何占位符文本（placeholder）。正常情况下，Medium Editor 应该在空白时显示预定义的占位符文字（如 "Tell your story..." 或其他提示文字）。

当前的状态显示：
- 编辑器内容为空（已删除所有文字）
- 编辑器区域是白色背景
- **没有任何占位符文本显示**

这可能是一个功能 bug，或者这个演示页面没有配置占位符选项。让我点击页面其他位置（失焦），看看占位符是否在失焦状态下出现。
[step 17] Action: right_click (636, 190)
[step 17] Reasoning: 编辑器失焦后，**占位符文本仍然没有出现**。编辑器区域是完全空白的，没有显示任何占位符文字。

现在我需要更深入地检查页面。让我用 Chrome DevTools 来检查编辑器元素，看看是否有占位符设置。让我右键点击编辑器区域查看。
[step 18] Action: left_click (657, 401)
[step 18] Reasoning: 右键菜单已弹出，我可以看到"检查"选项。让我点击"检查"打开 DevTools 来查看编辑器元素。
[step 19] Action: left_click (1090, 241)
[step 19] Reasoning: DevTools 已打开，我可以看到编辑器元素的 HTML 结构。在 Elements 面板中，我可以清楚地看到：

```html
<div class="editable medium-editor-element" contenteditable="true" spellcheck="true" data-medium-element="true" role="textbox" aria-multiline="true" data-medium-editor-index="1" data-medium-editor-id="62835be-f9b3-c317-9c60-78dedba" data-placeholder="Type your text" data-medium-focused="true">
```

**关键发现：**
- `data-placeholder="Type your text"` - 编辑器确实配置了占位符文本 "Type your text"
- 但是在页面上，这个占位符文本**没有显示出来**！

让我仔细查看样式，特别是 CSS 中占位符相关的样式，来了解为什么占位符文本没有显示。让我滚动 DevTools 中的样式面板向下查看。

让我先点击 `div.editable.medium-editor-element` 元素以选中它，然后查看其完整样式。
[step 20] Action: scroll down (1090, 560) scroll_amount 3
[step 20] Reasoning: 现在我可以看到更多细节。在 Styles 面板中，我可以看到：
- `.medium-editor-element` 的样式：`word-wrap: break-word; min-height: 30px;`
- `.editable, .secondEditable` 的样式：`outline: none; margin: 0 0 20px 0; padding: 0 0 20px 0; border-bottom: 1px solid #dbdbdb;`

我需要滚动 Styles 面板来查找占位符相关的 CSS 规则（通常是 `::before` 伪元素）。

让我在 DevTools 中查看占位符相关的 CSS 规则。我先滚动 Styles 面板向下查看更多样式。
[step 21] Action: left_click (1082, 473)
[step 21] Reasoning: 我在 Styles 面板中没有看到关于占位符（`::before` 或 `data-placeholder`）的 CSS 规则。这意味着占位符相关样式可能需要在其他地方查找。

让我使用 DevTools 的过滤器来搜索 "placeholder" 相关的样式。我在 Filter 搜索框中输入 "placeholder"。
[step 22] Action: type: placeholder
[step 23] Action: left_click (1025, 130)
[step 23] Reasoning: DevTools 的 Styles 面板过滤器显示 **"No matching selector or style"** - 这意味着当前选中的 `div.editable.medium-editor-element` 元素没有任何包含 "placeholder" 关键词的 CSS 规则！

这是一个重要的发现：
- 编辑器有 `data-placeholder="Type your text"` 属性
- 但是**没有对应的 CSS 样式**来展示这个占位符文本

Medium Editor 通常通过 CSS `::before` 伪元素和 `content: attr(data-placeholder)` 来显示占位符文本。如果这个 CSS 规则缺失，占位符就不会显示。

让我清除过滤器，检查是否有 `medium-placeholder` 类或其他相关类。先让我检查 flat 主题的 CSS 文件。让我使用 Console 来查看相关 CSS。
[step 24] Action: left_click (960, 205)
[step 24] Reasoning: 很好，现在我在 Console 面板。让我输入 JavaScript 查询来了解占位符相关的 CSS 规则，以及检查当前 flat 主题下的 CSS 中是否有定义占位符样式。
[step 25] Action: left_click (960, 205)
[step 25] Reasoning: Console 面板已打开，但输入框在底部。让我点击 Console 的输入区域并输入 JavaScript 查询。
[step 26] Action: type: Array.from(docume...
[step 26] Reasoning: 现在 Console 输入框已激活（显示 `>`），让我查询 flat 主题的 CSS 文件中关于 placeholder 的样式规则。
[step 27] Action: type: allow pasting
[step 27] Reasoning: Chrome 显示了一个安全警告，需要输入 'allow pasting' 才能允许粘贴代码。这是因为这是一个比较长的代码被检测为不安全粘贴。让我先输入 'allow pasting' 来允许，然后重新运行代码。
[step 28] Action: key: Return
[step 29] Action: left_click (1090, 245)
[step 29] Reasoning: 控制台返回了一个空字符串，这意味着页面中没有任何包含 "placeholder" 关键词的 CSS 规则。让我再次点击控制台输入区域并运行一个更简单的 JS 来查看 flat 主题相关 CSS 和编辑器状态。

现在让我直接使用一个更简单的查询方式。让我检查编辑器元素的状态：

1. 首先检查编辑器元素是否有 `medium-editor-placeholder` 类
2. 检查 CSS 中是否有 `::before` 或 `empty` 状态的规则

让我在控制台运行一个查询：
[step 30] Action: left_click (1090, 245)
[step 31] Action: type: document.querySel...
[step 31] Reasoning: Console 输入框已激活（显示 `>`），让我运行简短的查询来查看编辑器的类名和状态：
[step 32] Action: key: Return
[step 33] Action: left_click (1090, 245)
[step 33] Reasoning: Console 显示 `'editable medium-editor-element'` - 编辑器元素只有这两个类，**没有** `medium-editor-placeholder` 类。这意味着编辑器没有处于占位符状态。

Medium Editor 通常通过添加 `medium-editor-placeholder` 类来显示占位符，然后通过 CSS 的 `::before` 伪元素显示 `data-placeholder` 属性的内容。

现在让我检查 flat 主题的 CSS 文件，查看是否有 `medium-editor-placeholder` 样式。让我访问 flat.css 文件：
[step 34] Action: Open url: http://localhost:3000/css/themes/flat.css
[step 34] Reasoning: Console 输入框已激活。现在让我检查 flat 主题的 CSS 源文件，来查看占位符相关的 CSS 样式。让我先访问 flat.css 文件路径。让我在 Chrome 地址栏中访问：
[step 35] Action: Open url: http://localhost:3000/css/themes/
[step 35] Reasoning: `/css/themes/flat.css` 返回 404，这个路径不对。让我尝试不同的路径来找到 flat 主题文件。让我先查看文件目录，找到正确的 CSS 文件路径。
[step 36] Action: Open url: http://localhost:3000/demo/
[step 36] Reasoning: 404 了，说明这个目录不存在。让我查看 demo 页面的源代码，找出 flat 主题的 CSS 文件在哪里被加载的。让我返回到 demo 页面，查看页面源代码或 Network 标签中的资源。

让我查看 demo 页面的源代码来找到 flat CSS 文件的正确路径：
[step 37] Action: key: cmd+u
[step 37] Reasoning: 我回到了 demo 页面，主题重置为 "default"。让我右键点击页面选择"查看页面源代码"来找到 flat CSS 文件的正确路径。让我使用键盘快捷键查看源代码：
[step 38] Action: left_click (152, 62)
[step 38] Reasoning: Cmd+U 没有打开源代码视图。看来这个操作被 Chrome 的 DevTools 捕获了。让我点击地址栏，在新标签页中打开页面源代码：
[step 39] Action: type: view-source:http:...
[step 40] Action: key: Return
[step 41] Action: left_click (63, 93)
[step 41] Reasoning: view-source 协议没有工作 - 浏览器停留在 demo 页面。现在让我换一种方法 - 直接在 demo 页面上切换到 flat 主题，然后用 DevTools 检查 flat CSS 文件的内容。

让我先切换到 flat 主题，然后打开 DevTools 的 Sources 面板来找到 flat.css 的真实路径。

首先，切换到 flat 主题：
[step 42] Action: left_click (63, 143)
[step 42] Reasoning: 主题下拉菜单已打开，我可以看到：
- 默认（勾选）
- 罗马
- 玛尼
- **平坦的** (这应该是 flat 主题的中文翻译！)
- 引导程序
- 蒂姆
- 比格犬

页面语言已切换为中文（因为之前的操作触发了 Chrome 翻译功能）！"平坦的"就是 flat 主题。让我点击"平坦的"：
[step 43] Action: left_click (634, 300)
[step 43] Reasoning: 我可以确认：
- 主题下拉框显示 **"平坦的"**（即 flat 主题）已被选中
- 但是页面背景仍然是**白色**，没有深色背景

这说明：
1. flat 主题已成功切换
2. flat 主题本身并不是深色主题（任务描述中提到"深色背景"可能是误解，flat 主题是白色背景的扁平化设计）

现在让我关掉 Chrome 翻译，以便页面显示正确的英文，然后进行测试。现在我需要观察占位符文本。让我先向下滚动查看编辑器的全貌，然后清空内容测试占位符。

首先让我先找到编辑器内容区域并清空它：
[step 44] Action: key: cmd+a
[step 44] Reasoning: 好的，我现在点击到了编辑器内容区域（光标已在文章文字中）。flat 主题已选中（显示"平坦的"）。现在让我选择所有文字并删除，来测试占位符功能：
[step 45] Action: key: Delete
[step 45] Reasoning: 所有文字已被选中（蓝色高亮）。我可以清楚地看到 flat 主题的格式工具栏：
- 工具栏背景色：**绿色 (#3BC371)**
- 按钮：B（粗体）, I（斜体）, U（下划线）, 链接图标, H2, H3, 引号图标
- 这是 flat 主题特有的绿色工具栏样式

现在让我按 Delete 键删除所有内容：
[step 46] Action: left_click (636, 450)
[step 46] Reasoning: 所有内容已被删除！编辑器现在是空白状态（只显示一个光标竖线 `|`）。

**关键观察 - 占位符测试结果（Flat 主题下，编辑器获得焦点时）：**
- 编辑器内容已清空
- 编辑器仍处于聚焦状态（显示光标）
- **占位符文本完全不可见**

现在让我点击编辑器外部区域（失焦），看看失焦后占位符是否会出现：
[step 47] Action: left_click (636, 190)
[step 47] Reasoning: 编辑器已失焦（光标消失了），但**占位符文本仍然没有出现**！

**最终测试结果（Flat 主题 - 占位符文本）：**

🔴 **BUG 发现：占位符文本在 Flat 主题下完全不显示**

无论是：
- 编辑器聚焦时（有光标时）- **没有占位符**
- 编辑器失焦时 - **没有占位符**

编辑器设置了 `data-placeholder="Type your text"` 属性，但在 Flat 主题下占位符文本不可见。

这与任务要求的"深色背景下占位符是否清晰可见"的测试直接相关 - 问题在于占位符根本不显示，而不只是颜色对比度问题。

现在让我进行最后一步：点击编辑器输入一些文字，然后再清空，确认占位符能否重新出现。
[step 48] Action: type: Hello World
[step 48] Reasoning: 编辑器已聚焦（可以看到光标 `|`）。现在让我输入一些文字：
[step 49] Action: key: cmd+a
[step 49] Reasoning: 文字输入成功！编辑器显示了"你好世界"（Chrome 的翻译功能把 "Hello World" 翻译成了中文显示）。现在让我选中并删除这些文字，再次测试占位符：
[step 50] Action: key: Delete
[step 50] Reasoning: 文字已被选中（蓝色高亮），Flat 主题的绿色工具栏出现了。现在让我按 Delete 键清空内容：
[step 51] Action: left_click (636, 450)
[step 51] Reasoning: 内容已再次清空。编辑器处于聚焦状态（显示光标 `|`），但**占位符文本仍然没有出现**。

现在让我点击编辑器外部失焦，做最后一次观察：
[step 52] Action: DONE
[step 52] Reasoning: 测试完成。编辑器失焦后，**占位符文本仍然完全不可见**。

---

## 📋 测试总结报告

### 测试环境
- **URL**: http://localhost:3000/demo
- **主题**: Flat（平坦的）
- **浏览器**: Chrome

### 测试步骤与结果

| 步骤 | 操作 | 结果 |
|------|------|------|
| 1 | 打开编辑器演示页面 | ✅ 成功访问 localhost:3000/demo |
| 2 | 查找主题切换选项，切换到 Flat 主题 | ✅ 找到 THEME 下拉框，成功切换到 "flat" 主题 |
| 3 | 观察空白编辑器是否显示占位符文本 | ❌ **占位符文本不显示** |
| 4 | 确认占位符在 Flat 主题深色背景下的对比度 | ❌ **Flat 主题背景是白色（非深色），且占位符根本不显示** |
| 5 | 输入文字后再清空，确认占位符能重新出现 | ❌ **输入文字后清空，占位符仍然不重新显示** |

### 🐛 发现的 Bug

**严重 Bug（功能缺失）：占位符文本在 Flat 主题下完全不显示**

- **预期行为**: 编辑器在空白状态下（无论聚焦/失焦），应该显示 `data-placeholder="Type your text"` 配置的占位符文本
- **实际行为**: 编辑器清空后完全空白，没有任何占位符文字出现
- **根本原因分析**: 通过 DevTools 查看，编辑器元素上有 `data-placeholder` 属性，但该元素**没有被添加 `medium-editor-placeholder` 类**（Medium Editor 通过这个类和 CSS `::before` 伪元素展示占位符）。同时，CSS 中也**没有任何与 "placeholder" 相关的样式规则**
- **影响**: 用户清空编辑器内容后，无法看到输入提示，用户体验受损
- **对比度问题**: 由于占位符根本不显示，无法评估其在 Flat 主题背景下的颜色对比度

**视觉观察备注**: 
- Flat 主题的特征是**绿色工具栏**（#3BC371），而不是深色背景。页面背景为白色。任务描述中"深色背景"的描述与实际 Flat 主题的外观不符。
- 这个 Bug 的结果标记为 **FAIL** - 占位符文本功能在 Flat 主题下完全失效。
Evaluating task result...

==================================================
Task: 当前Chrome浏览器已打开medium-editor网站，地址是http://localhost:3000。测试 Medium Editor 在 Flat 主题下的占位符文本显示功能。操作步骤：1. 打开编辑器演示页面；2. 查找是否有主题切换选项，尝试切换到 Flat 主题（如果页面上有相关选项）；3. 观察编辑器在空白状态下是否显示占位符文本（placeholder）；4. 确认占位符文本在 Flat 主题的深色背景下是否清晰可见、颜色是否与背景有足够对比度；5. 点击编辑器输入一些文字后再清空内容，确认占位符文本能重新出现并可见。始终在浏览器内操作，禁止打开 Terminal 或其他应用程序。如果在浏览器中找不到目标功能，直接报告 unclear。 请始终在浏览器内操作，禁止打开 Terminal、Finder 或其他应用程序。如果在浏览器中找不到目标功能，直接标记 result 为 unclear，result_summary 写明'未在页面中找到目标功能入口'。
Status: COMPLETED
Total steps: 52
Last action: DONE
Last reasoning: 测试完成。编辑器失焦后，**占位符文本仍然完全不可见**。

---

## 📋 测试总结报告

### 测试环境
- **URL**: http://localhost:3000/demo
- **主题**: Flat（平坦的）
- **浏览器**: Chrome

### 测试步骤与结果

| 步骤 | 操作 | 结果 |
|------|------|------|
| 1 | 打开编辑器演示页面 | ✅ 成功访问 localhost:3000/demo |
| 2 | 查找主题切换选项，切换到 Flat 主题 | ✅ 找到 THEME 下拉框，成功切换到 "flat" 主题 |
| 3 | 观察空白编辑器是否显示占位符文本 | ❌ **占位符文本不显示** |
| 4 | 确认占位符在 Flat 主题深色背景下的对比度 | ❌ **Flat 主题背景是白色（非深色），且占位符根本不显示** |
| 5 | 输入文字后再清空，确认占位符能重新出现 | ❌ **输入文字后清空，占位符仍然不重新显示** |

### 🐛 发现的 Bug

**严重 Bug（功能缺失）：占位符文本在 Flat 主题下完全不显示**

- **预期行为**: 编辑器在空白状态下（无论聚焦/失焦），应该显示 `data-placeholder="Type your text"` 配置的占位符文本
- **实际行为**: 编辑器清空后完全空白，没有任何占位符文字出现
- **根本原因分析**: 通过 DevTools 查看，编辑器元素上有 `data-placeholder` 属性，但该元素**没有被添加 `medium-editor-placeholder` 类**（Medium Editor 通过这个类和 CSS `::before` 伪元素展示占位符）。同时，CSS 中也**没有任何与 "placeholder" 相关的样式规则**
- **影响**: 用户清空编辑器内容后，无法看到输入提示，用户体验受损
- **对比度问题**: 由于占位符根本不显示，无法评估其在 Flat 主题背景下的颜色对比度

**视觉观察备注**: 
- Flat 主题的特征是**绿色工具栏**（#3BC371），而不是深色背景。页面背景为白色。任务描述中"深色背景"的描述与实际 Flat 主题的外观不符。
- 这个 Bug 的结果标记为 **FAIL** - 占位符文本功能在 Flat 主题下完全失效。

==================================================

UI window closed
