Session created: sess-20260419014032-f805d02f491d4aa69942d8068732c4c5
UI panel initialized successfully
UI window displayed
Expected result: Search 组件在获取焦点和未获取焦点时，placeholder 的较长文字都应完整显示，不应出现文字被截断的情况。
[step 0] Action: Initializing
[step 0] Reasoning: Initializing session connection
[step 0] Action: screenshot
[step 1] Action: scroll up (150, 400) scroll_amount 5
[step 1] Reasoning: I can see the Mint UI page is open. I need to scroll up to find the Search component in the menu list.
[step 2] Action: Open url: http://192.168.43.133:8790/#/search
[step 2] Reasoning: I can see the menu list but I don't see a "Search" component. The list shows Toast, Indicator, Pull down, Pull up, Infinite scroll, Message box, Action sheet, Popup, Swipe, Lazy load, Range, Progress, Picker, Datetime Picker, Index List, Palette Button. I need to scroll down to find Search, or it might be above the current view. Let me navigate directly to the Search page.
[step 3] Action: left_click (519, 33)
[step 3] Reasoning: It seems a new tab opened but the page appears mostly blank. I can see an input field at the top. Let me close this new tab and use the existing Mint UI tab to navigate to the Search page.
[step 4] Action: scroll up (150, 400) scroll_amount 10
[step 4] Reasoning: Good, the new tab is closed and I'm back at the Mint UI main page. I can see the menu list but I don't see "Search" component in the current view. Let me scroll up to see if there are more components listed above the current view.
[step 5] Action: scroll down (150, 400) scroll_amount 5
[step 5] Reasoning: The page seems to have the same view - the list starts with Toast and goes down to Palette Button. The left sidebar appears to be a list of components. The "Search" component is not visible in the current list. Let me scroll down in the left sidebar to find the Search component.
[step 6] Action: scroll down (150, 400) scroll_amount 5
[step 6] Reasoning: I can see more components now - Header, Tabbar, Navbar, Button, Cell. Let me continue scrolling down to find the Search component.
[step 7] Action: left_click (45, 607)
[step 7] Reasoning: I can now see "Search" in the menu list at the bottom. Let me click on it.
[step 8] Action: scroll up (640, 400) scroll_amount 3
[step 8] Reasoning: I can see that the URL has changed to `192.168.43.133:8790/#/search` and the page title shows "Search". The page appears to have a Search component at the top (I can see an input field at the top of the content area). However, the content area appears mostly empty. Let me scroll up to see the Search component better and zoom in to observe the placeholder text.
[step 9] Action: key: ctrl+shift+i
[step 9] Reasoning: The page appears to have only a thin input field at the top. The Search component content area seems empty. I can see a search bar at the very top of the content area. Let me zoom in on that area to get a better look at the Search component.
[step 10] Action: key: Escape
[step 10] Reasoning: The developer tools didn't open. Let me try using the Mac keyboard shortcut (Command+Option+I) to open DevTools, or use the View menu. Actually, let me first take a closer look at the page by zooming in with the browser. Let me use Cmd+= to zoom in.

Actually, I notice the page shows what appears to be a Search input at the very top (y=92). Let me zoom into that area of the screenshot first to see what's there. Let me use the browser's zoom feature to get a better look.

Let me try to zoom in the browser to see the Search component better:
[step 11] Action: key: cmd+equal
[step 11] Reasoning: I can see there's a very thin bar at the top of the page (around y=92). This appears to be the Search component. Let me zoom in using Cmd+= to see it better.
[step 12] Action: key: cmd+plus
[step 13] Action: key: ctrl+equal
[step 14] Action: left_click (400, 92)
[step 14] Reasoning: Let me try a different approach and zoom in to see the content better using the screenshot capability. Let me zoom into the area around y=92 to better see the Search component.

Let me look at the top part of the page more carefully. I can see at y=92 there seems to be a very thin input field. The page content seems to be very small. Let me try clicking at that area to see the Search component.
[step 15] Action: left_click (418, 320)
[step 15] Reasoning: A right-click context menu appeared. I can see options including "检查" (Inspect). Let me click on "检查" to open DevTools to better understand the structure of the page.
[step 16] Action: key: F12
[step 16] Reasoning: Excellent! Now I can see the DevTools is open and the page structure is visible. I can see:
- The HTML shows `div class="page-search"` containing `div class="mint-search"` 
- Inside it, there's a `div class="mint-searchbar"` with inner elements
- There's a `label class="mint-searchbar-placeholder"` element - this is the placeholder text element

I can also see in the DevTools breadcrumb at the bottom: `html body div div.page-search div.mint-search div.mint-searchbar label.mint-searchbar-placeholder`

The page appears to show the Search component at the top. I can see the highlighted element `label.mint-searchbar-placeholder` is selected. Let me look at what's in the preview area at the top of the DevTools. The top portion shows what appears to be a blue highlighted area where the search bar is.

Let me close the DevTools and look at the page content more carefully. First, let me scroll the DevTools to find more about the component structure, and then look at the actual placeholder display.

Let me close DevTools and look at the page directly. I need to see the search bar more clearly.
[step 17] Action: left_click (54, 562)
[step 17] Reasoning: DevTools is still open. I can see the page with the Search component at the top and the DevTools panel at the bottom. I notice the Search component preview shows at the top - I can see the search bar at approximately y=136. 

The DevTools shows the element selected is `label.mint-searchbar-placeholder`. I can see the search bar area in the top of the page. Now I need to look at the search component's placeholder display more carefully.

Let me expand the HTML structure to see the placeholder content, and also look at the actual preview. Let me click on the label element to see its content.
[step 18] Action: key: Escape
[step 18] Reasoning: A context menu appeared in the DevTools. I can see options like "Expand recursively", "Edit as HTML", etc. Let me close this context menu and use "Edit as HTML" to see the placeholder content.
[step 19] Action: left_click (640, 300)
[step 19] Reasoning: The context menu is still showing. Let me click somewhere else to dismiss it.
[step 20] Action: left_click (114, 430)
[step 20] Reasoning: Now the DevTools is showing the page structure clearly. I can see:
- The page has a Search component visible at the top (around y=136-143)
- The DevTools shows the label `mint-searchbar-placeholder` is selected (highlighted in blue at line with `<label class="mint-searchbar-placeholder">`)

I can also see in the page preview at the top there's a search bar at approximately the top of the content area. The search bar appears very small. Let me look at the "Responsive" mode settings - the width shows "791". 

The viewport shows the Search component at the top with what appears to be a search input. Let me look more carefully at the element. I can see at the bottom breadcrumb: `label.mint-searchbar-placeholder`.

Let me expand the label element to see its content. I'll click on the triangle next to the label element.

Looking at the DOM structure in DevTools:
- `<div class="mint-searchbar-inner">` - the search input container
- `<a class="mint-searchbar-cancel" style="display: none;">取消</a>` - cancel button (hidden)
- `<label class="mint-searchbar-placeholder">…</label>` - the placeholder element

The label element has content "…" which suggests it's collapsed. Let me see what's inside it. Let me expand the label element by clicking the arrow next to it.

Let me use the Console to check the placeholder content:
[step 21] Action: key: Escape
[step 21] Reasoning: I'm now in the Console tab. I can see a dropdown menu with "Move left" and "Move right" options. Let me close that and use the Console to query the placeholder. Let me click elsewhere to close this menu.
[step 22] Action: left_click (400, 530)
[step 22] Reasoning: The dropdown is still showing. Let me click on the console area to close it:
[step 23] Action: left_click (400, 547)
[step 23] Reasoning: Now I'm in the Console tab and the dropdown is gone. I can see the Console is ready. Let me use the Console to check the Search component's placeholder text and its properties.
[step 24] Action: key: Escape
[step 24] Reasoning: A context menu appeared when I clicked at (400, 547). I see the right-click context menu with options like 撤消, 重做, 剪切, 复制, 粘贴, etc. Let me close this by pressing Escape.
[step 25] Action: left_click (200, 500)
[step 25] Reasoning: The context menu is still showing. Let me click somewhere on the console text area to dismiss it:
[step 26] Action: left_click (640, 547)
[step 26] Reasoning: Now the console is showing and I can see the `>` prompt at the bottom (line 14). I need to close DevTools to be able to interact with the page preview, or I can use the console to query the placeholder content. However, I notice that the page is showing differently now - the left sidebar is gone and there's only the main content area with the Search component at the top.

Looking at the search bar in the page preview (around y=136-137), it appears to be a very thin bar. The page is showing in responsive mode.

Let me use the console to check the placeholder text and the CSS properties:
[step 27] Action: key: Escape
[step 27] Reasoning: Again a right-click context menu appeared. I need to click on the actual console input area with a left click. Let me press Escape and then click carefully on the console prompt area.
[step 28] Action: left_click (300, 250)
[step 28] Reasoning: The context menu is still showing. Let me try clicking somewhere completely different in the page preview area to dismiss it:
[step 29] Action: left_click (640, 548)
[step 29] Reasoning: Now the context menu is dismissed and I can see the Console is ready with a `>` cursor at the bottom. The page preview shows a search bar at the top-right area (around y=136). 

Now I can clearly see:
1. The page content on the left - a mostly empty/white area with the search bar at the top
2. On the right, there appears to be another view with the search bar visible around y=136

Let me now type a JavaScript command in the console to check the placeholder text of the search component:
[step 30] Action: key: Escape
[step 30] Reasoning: The context menu keeps appearing when I click in the console area. It seems the console input area on the left side (before x=640) is where I should click. Let me try clicking on the `>` cursor area at the bottom left:
[step 31] Action: left_click (100, 480)
[step 31] Reasoning: The context menu keeps appearing. It seems there might be an issue with the context menu. Let me try clicking somewhere else to close it, then try a different approach - I'll use keyboard shortcut to focus the console input.

Let me click in the white area of the page preview (top area, around y=240):
[step 32] Action: left_click (20, 547)
[step 32] Reasoning: Now the context menu is gone and I can see the console is ready with the `>` cursor. The console is on the left side of the screen. I can see the `>` cursor at the bottom-left (around y=547). Let me now type a JavaScript command to check the placeholder text. I'll click directly on the console area where the `>` cursor is and then type my command.

Let me try clicking on the `>` cursor area:
[step 33] Action: key: Escape
[step 33] Reasoning: The context menu keeps appearing. This is the right-click context menu that shows up when I left-click on the `>` cursor area. The console input area seems to be responding to right-click. Let me try a completely different approach. I'll close DevTools and close the responsive mode, then navigate directly to the Search page and take a screenshot.

Let me close the context menu first by pressing Escape:
[step 34] Action: left_click (400, 150)
[step 34] Reasoning: The context menu is still showing. Let me try a different approach and close DevTools altogether, then close the responsive mode. I'll press F12 to close DevTools, and then navigate directly to the Search component page without responsive mode.

Let me click somewhere in the page preview area at the top:
[step 35] Action: key: F12
[step 35] Reasoning: The context menu is gone now. The console is showing with a `>` cursor at the bottom. Now let me close DevTools by pressing F12, then look at the Search page in normal mode. I need to see the page's search bar more clearly.

Let me first close DevTools by pressing F12:
[step 36] Action: key: cmd+alt+i
[step 36] Reasoning: DevTools is still showing. The F12 key didn't close it. The page is in Responsive mode (I can see "Dimensions: Responsive  791" at the top). 

I notice that the page is divided into two sections:
1. Left area (x=0 to ~885): Shows the page content in one mobile viewport
2. Right area (x=885 to ~1050): Shows another view of the page with what appears to be a search bar at y=136

This is the responsive design mode in DevTools. I need to interact with the page preview. Let me try a different approach - instead of working with the DevTools, let me close it and navigate to the page normally.

Let me click on the X button or use keyboard to close DevTools. Let me look for the close button at the top right of the DevTools panel. I see the DevTools tabs at the top (Elements, Console, Sources, etc.). The close button should be somewhere. Let me try pressing Ctrl+Shift+I or Cmd+Option+I to toggle it.

Actually, looking at the screenshot more carefully, I see the page is in the "Responsive" device simulation mode. The search bar is visible in the right viewport (around x=970, y=136). There are two viewports showing the page side by side.

Let me close DevTools first. I'll try pressing Escape to see if it closes the DevTools:

Actually, I notice the layout is different from what I thought. The horizontal rule at y=100 separates the mobile viewport from the DevTools. Looking at the page:
- The white area on the top left (x=0 to 885, y=80 to 390) is the mobile viewport showing the page
- The narrow strip on the right (x=885 to 1060, y=80 to 390) also shows the page content

Wait - looking more carefully, I see the search bar in the RIGHT viewport around x=970, y=136. This is the actual search component. Let me zoom in to see the right viewport where the search bar is.

Actually, let me close DevTools with Cmd+Option+I:
[step 37] Action: Minimize panel
[step 37] Reasoning: DevTools is still showing. The DevTools is still open with the console tab. I can see the "Dimensions: Responsive  791" at the top suggesting the page is in responsive mode. 

Looking at the page more carefully, I can see:
- The right viewport at x=885-1050 shows the actual page with a search bar at around y=136
- The left portion (x=0 to 885) shows only a white/light blue blank area (another viewport)
- The search bar in the right viewport area is the Mint UI Search component

Let me close DevTools by clicking the X/close button. I need to find it. Actually, looking at the screenshot, I notice the DevTools panel is at the bottom (y=400 to 720), and the page content is at the top (y=0 to 400). The DevTools appears to be docked at the bottom.

Let me try a different keyboard shortcut to close DevTools. Actually, I should look at the page from the right viewport. Let me see if there's an X button to close DevTools. Let me look at the top-right area of the DevTools panel.

Actually, I see the problem. The task panel widget at the top right is overlapping. Let me minimize the panel to see more clearly.
[step 38] Action: key: cmd+alt+i
[step 38] Reasoning: Excellent! Now I can see the page much more clearly! With the panel minimized, I can now see:

1. **The right viewport** (x=885-1280) shows the Search component page with a search bar at the top (around y=136). I can see a search icon (🔍) and the text "搜索" (which means "search" in Chinese) as the placeholder text.

2. The page appears to be in Responsive mode at 791x387 pixels.

3. The Search component clearly shows "🔍 搜索" text which is the placeholder in the search bar.

Now let me zoom in to better see the search bar in the right viewport. The search bar appears at around x=1070-1280, y=127-148. Let me take a closer screenshot by zooming in on that area.

Let me first understand the layout. Looking at the screenshot:
- The two viewports are: left viewport (x=0 to 885) showing blank/empty content, and right viewport (x=885 to 1280) showing the search component
- In the right viewport, I can clearly see "🔍搜索" at around y=136

Now let me:
1. Close DevTools to get a cleaner view
2. Close responsive mode
3. Navigate to the Search component normally

Actually, let me try to close DevTools completely. I'll click outside of the DevTools panel area.

Let me try pressing F12 again:

Actually, looking at the current screenshot again, I need to close DevTools to interact with the page normally. Let me try clicking the close button in the DevTools. The DevTools appears to be docked at the bottom (y=400 onwards). There should be a close button (X) in the DevTools header area.

Looking at y=429-430, there are the tabs (Elements, Console, Sources, etc.). At the far right of the DevTools header, there should be a close button. But I can't see it in the screenshot due to resolution.

Let me try pressing Cmd+Shift+J to open/close Chrome console, or try clicking the X button if there is one:

Actually, let me use a different approach. Let me close DevTools by pressing the keyboard shortcut Cmd+Option+I:
[step 39] Action: left_click (1275, 87)
[step 39] Reasoning: DevTools is still visible. Looking at the current screenshot, I can now clearly see the Search component in the right viewport (x=885 to 1280, y=120 to 395). I can see a search bar with "🔍搜索" text at y=136. 

The good news is I can now see the Search component and its placeholder text "搜索" (search in Chinese). 

Now let me focus on the task:
1. The Search component is visible in the right viewport at approximately x=1085, y=136
2. I can see the placeholder text "搜索" before clicking

Let me take a screenshot to see the current state more clearly:

The task requires me to:
1. ✅ Navigate to the Search page (done - I'm on `#/search`)
2. Observe placeholder in unfocused state
3. Click to focus and observe placeholder
4. Click outside to unfocus and compare

Let me look at the search bar more carefully. In the right viewport, I can see:
- A search icon (magnifying glass icon)  
- The text "搜索" which is the placeholder

Let me now try to interact with the search bar by clicking on it. The search bar appears to be at approximately x=1150, y=136 in the right viewport. Let me click on the search bar.

Actually, I should close DevTools first to be able to interact with the page properly. The responsive mode viewport seems to have the search bar in the right area (x=885-1260). Let me close the responsive mode by pressing the X button at the top right of the responsive toolbar.

Looking at the toolbar at y=87, I can see "Dimensions: Responsive  791 x 387  100%  DPR: No throttling  Save". There should be a close/exit button for responsive mode. Let me look at the far right - "Save" is visible, and there might be a close button after the "Save" button.

Actually, let me try clicking at the very rightmost part of the screen to see if there's a close button:
[step 40] Action: key: Escape
[step 40] Reasoning: A dropdown appeared with options: 'Save-Data': default, 'Save-Data': on, 'Save-Data': off. This is the DPR options dropdown. Let me close it by pressing Escape.

I can also now clearly see the right viewport showing the Search component with "🔍搜索" text at y=136. The placeholder text "搜索" is visible.

Let me close this dropdown and look for the close button for the responsive mode:
[step 41] Action: left_click (500, 250)
[step 41] Reasoning: The dropdown is still showing. The Escape key didn't close it. Let me click elsewhere to close it:
[step 42] Action: left_click (640, 547)
[step 42] Reasoning: Good. Now I can see the page clearly. The responsive toolbar is at the top (y=87): "Dimensions: Responsive  791 × 387  100%  DPR: No throttling  Save". 

I can clearly see the Search component in the right viewport (x=885-1280, y=120-390). At y=136, there's a search bar showing "🔍搜索" (magnifying glass icon + "搜索" Chinese text for "search").

**Current State (Unfocused)**: The placeholder text "搜索" is visible next to the search icon.

Now let me observe this more carefully:
- The search bar at y=136 in the right viewport shows the placeholder text "搜索" before focus

Now I need to close the DevTools to properly interact with the page. Let me try clicking the "X" button that should be at the far right of the DevTools header, or try pressing Ctrl+Shift+I.

Actually, I realize the issue - the page is showing in the responsive device emulation mode because the DevTools is still open. The page I'm viewing is the actual page content in the mobile viewport size.

The important observation is: I can see the Search component at the top-right viewport (x=1145, y=136) with placeholder text "搜索" visible. This is the unfocused state.

Let me now use the console to understand what's happening. First, let me click on the console input area (the `>` at y=547 in the DevTools console):
[step 43] Action: key: Escape
[step 43] Reasoning: The right-click context menu keeps appearing when I click in the console area. This is a known issue with the DevTools console in this browser setup. The console input area is not responding to regular left-clicks in the way I expect.

Let me try a different approach. I'll close DevTools and then navigate to the Search page in normal mode (without the responsive toolbar). I notice the page URL is `192.168.43.133:8790/#/search`. 

Looking at the page, I can clearly see the Search component in the right viewport:
1. **Unfocused state**: The search bar shows "🔍搜索" (magnifying glass + "搜索" text)
2. The placeholder text "搜索" is clearly visible and not truncated

Let me close the context menu and try to close DevTools using the View menu:
[step 44] Action: left_click (66, 430)
[step 44] Reasoning: The right-click context menu is still showing. This is blocking my interaction with the DevTools console. Let me try clicking elsewhere to dismiss this context menu, then I'll try to use the page itself to interact with the Search component.

Let me think about this differently. Looking at the current state:
1. DevTools is open at the bottom
2. The page is in Responsive mode (showing mobile viewport of 791x387)
3. The right viewport shows the Search component with "🔍搜索" placeholder
4. I'm trying to close the DevTools but having difficulty

Let me try a different approach - close the context menu by clicking on a DevTools tab header:
[step 45] Action: key: Escape
[step 45] Reasoning: I'm now in the Elements tab of DevTools. I can see the HTML structure of the page:
- `<div class="page-search">` 
  - `<div class="mint-search">`
    - `<div class="mint-searchbar">` with flex display
      - `<div class="mint-searchbar-inner">` with flex display
      - `<a class="mint-searchbar-cancel" style="display: none;">取消</a>`
      - **`<label class="mint-searchbar-placeholder">…</label>`** with flex = 50 (highlighted in blue)
    - `<div class="mint-search-list" style="display: none;">…</div>`

The `label.mint-searchbar-placeholder` has `flex = 50` indicator. This is the placeholder element.

Also visible in the breadcrumb at the bottom: `html body div div.page-search div.mint-search div.mint-searchbar label.mint-searchbar-placeholder`

There's a dropdown showing "Move to drawer" and "Move right". Let me close this dropdown.

Let me close this dropdown and also look at the label element to see its text content:
[step 46] Action: left_click (200, 430)
[step 46] Reasoning: The dropdown "Move to drawer / Move right" is still showing. Let me click somewhere else to close it:
[step 47] Action: left_click (400, 540)
[step 47] Reasoning: I switched to the Network tab and now there's another "Move to drawer / Move left / Move right" dropdown. Let me close this and go back to viewing the Elements tab. Let me click elsewhere on the DevTools:
[step 48] Action: left_click (66, 430)
[step 48] Reasoning: Good, the dropdown is now closed. I'm in the Network tab. Now I need to go back to the Console tab. Let me also consider a completely different approach.

Instead of fighting with the DevTools, let me go to the Elements tab and look at the label element for the placeholder text content. Then I'll click on the search bar directly in the page viewport (right side) to observe the placeholder behavior.

Let me go to Elements tab:
[step 49] Action: left_click (400, 570)
[step 49] Reasoning: The "Move to drawer / Move right" dropdown is showing again when I click on the Elements tab. Let me click somewhere else on the DevTools to close it and then click on the Element tab properly:
[step 50] Action: key: Escape
[step 50] Reasoning: Excellent! Now I'm in the Elements tab and a context menu appeared for the `div.mint-searchbar` element. I can see various options including "Force state" which allows me to force CSS states like :active, :focus, :hover, :visited, etc.

Also, very importantly, I can now see in the page viewport (top right area), the Search component is highlighted in green, showing it's the `div.mint-searchbar` element. I can also see the search bar text "搜索" in the right viewport.

I also see "Focus" option in the context menu which might directly focus the element. But first, let me understand what I see:

1. The right viewport clearly shows the Search component with "🔍搜索" placeholder at y=136
2. The search bar is highlighted in green in the viewport

Now let me use "Force state" to force the hover/focus state to simulate clicking on the input. But actually, let me first close this context menu and look at the actual label element to see the text content.

Let me close this context menu by pressing Escape:
[step 51] Action: left_click (114, 430)
[step 51] Reasoning: The context menu is still showing. Let me click on the label element in the DevTools Elements panel to select it and expand it. First let me close this context menu. Looking at the Elements panel, I can see the label element at the line `<label class="mint-searchbar-placeholder">…</label>`.

Let me use the Console instead to check the content. Let me try clicking on Console tab:
[step 52] Action: left_click (640, 560)
[step 52] Reasoning: I'm now in the Console tab. The console shows the Vue.js messages. I can see the `>` prompt at line 13 (y=545). There's a "Move left / Move right" dropdown showing at the top left. Let me close it:

Looking at the Console, I can see:
- The console shows Vue.js startup messages
- The `>` prompt is at the bottom (y=545)

The page viewport (right side, x=885-1280, y=120-390) shows the Search component with "🔍搜索" text at y=136.

Let me use a new approach - I'll use the console to actually type JavaScript. I need to click on the console input area, which appears to be around y=545. The tricky part is that clicking seems to trigger context menus.

Let me try to click right on the `>` symbol at y=545 on the left edge:
[step 53] Action: key: Escape
[step 53] Reasoning: A different context menu appeared! This one shows:
- Clear console
- Clear console history
- Copy console
- Save as...

This is the console context menu. Let me close it and instead try clicking on the `>` prompt area at y=545 (around x=15):
[step 54] Action: left_click (300, 545)
[step 54] Reasoning: The context menu is still showing. The Escape key doesn't close it. I notice the context menu items are:
- Clear console
- Clear console history
- Copy console
- Save as...

Let me try clicking on the empty area below the `>` prompt at the bottom left of the Console area (around x=300, y=545):
[step 55] Action: left_click (400, 200)
[step 55] Reasoning: This keeps showing right-click context menus (browser context menus)! This suggests that clicking in the console area is not working correctly for the console input. It seems the console input is registering my left-clicks as right-clicks, which is very unusual.

This could be a bug with the DevTools console on this specific setup, OR there might be some JavaScript error interfering with event handling.

Let me try a different approach. The Mint UI page shows the Search component in the right viewport at approximately x=1085-1260, y=130-145. Let me try to click directly on the search bar in the right viewport to focus it, while the DevTools is open. This might work since the right viewport (x=885-1280) is not within the DevTools panel (y=420-720).

Let me close this context menu by clicking somewhere neutral (in the white area of the page preview to the left):
[step 56] Action: key: ctrl+shift+i
[step 56] Reasoning: Now the context menu is gone and I can see the Console tab is showing. The "自动填充" (autofill) dropdown appeared briefly and has disappeared. The console is now visible with the `>` prompt at line 13 (y=545).

Looking at the right viewport at (x=885-1280, y=120-390), I can clearly see the Search component at y=136 with "🔍搜索" text displayed.

Let me try a completely different approach. Instead of working with the DevTools console (which is causing issues with context menus), let me close the DevTools entirely and work with the page in a clean state. 

I'll look for the close button in the DevTools. The DevTools is docked at the bottom (y=430-720). There should be a close/X button somewhere. Looking at the toolbar at y=429, on the far right there might be a "..." menu or X button.

Let me try clicking on the kebab menu icon (three dots or X) at the far right of the DevTools header. Let me look at around x=1250-1280, y=430:

Actually, looking at the top-right corner of the page, I notice the page is in "Responsive" mode because the DevTools is open. Let me try a completely different approach to close DevTools: use the keyboard shortcut.

On Chrome on Mac, the shortcut to close DevTools is Cmd+Option+I or Cmd+Shift+J (for console).

But I've tried these before and they didn't work. Let me try Ctrl+Shift+I which is the Windows shortcut but might work on Mac too:
[step 57] Action: left_click (152, 9)
[step 57] Reasoning: DevTools is still open. The "自动填充" dropdown appeared again. Let me try a different approach entirely. I can see the "Responsive" mode toolbar at y=86 showing "Dimensions: Responsive  791 × 387  100%  DPR: No throttling  Save". 

The issue with the current responsive mode is that the left viewport (x=0 to 885) shows blank content, while the right viewport (x=885 to 1280) shows the actual Search page.

Actually, wait - let me look at this differently. The DevTools is docked at the bottom (y=420 onwards), and the page preview is the top area (y=80 to 420). The "Responsive" viewport shows two sections:
1. Left section (x=0 to 885): Empty/blank - this might be part of the responsive frame OR it could be the left viewport in two-up mode
2. Right section (x=885 to 1280): Shows "🔍搜索" search bar at y=136

Wait - maybe the left viewport IS showing the Search page content but it's invisible due to some CSS issue. And the right viewport is another mode view.

Actually, looking at the Search component structure from the DOM:
```html
<div class="page-search">
  <div class="mint-search">
    <div class="mint-searchbar">
      <div class="mint-searchbar-inner">...</div>
      <a class="mint-searchbar-cancel" style="display: none;">取消</a>
      <label class="mint-searchbar-placeholder">...</label>
    </div>
    <div class="mint-search-list" style="display: none;">...</div>
  </div>
</div>
```

The search component is there, but the LEFT viewport (0 to 885) shows blank. The RIGHT viewport (885-1280) shows "🔍搜索". This discrepancy is strange.

Let me look at this more carefully. In the responsive mode, maybe the viewport dimensions are 791x387. The bar at the top of the viewport shows the page width at 791px. Perhaps the left viewport is the actual page at 791px width, but the search component is displaying at the very top-left of the left viewport, but it's just very tiny.

Actually, I now realize the issue! The responsive mode shows the page at the SPECIFIED SIZE of 791x387. The left viewport IS the page. But the search bar might not be visible because the width is 791px and the content area might start from the left edge. The "left viewport" (x=0 to 885) IS the page content showing empty/white - the search bar might be at the very top of the 791px wide viewport.

But then where is the search bar visible at (x=885-1280, y=136)? That would be OUTSIDE the 791px viewport...

Wait - I think I understand now. Looking at the DevTools setup:
- The responsive toolbar is at y=86-100
- The ruler is at y=100-105
- The page viewport starts at y=105
- The page is 791 wide but the browser window is 1280 wide

So the page content should fill x=0 to x=791 (at 100% zoom) and the rest (x=791 to x=1280) would show the scrollable background.

But the right viewport area (x=885-1280) is showing "搜索" at y=136. This means there's CONTENT in the right side of the responsive mode! 

OH WAIT - looking at the dimensions shown in the toolbar "791 × 387", the width is 791. But the ruler shows marks at x=300, x=675, x=1050... which suggests the page is wider than I thought. The view might be showing a wider page with horizontal scrolling capability.

Actually, let me re-examine. The "搜索" text in the RIGHT viewport (x=1085-1155, y=131-140) - this is the search bar of the SEARCH component on the mint-ui page! The search component is positioned at the very top of the page. 

But why is it showing in the right viewport and not the left? 

Oh! I think I finally understand. The responsive mode is showing:
- The LEFT area (x=0 to 885) is the scaled down page view
- The RIGHT area (x=885 to 1280) is ALSO showing a portion of the same page

Actually no, looking at the ruler at y=101-106, it has marks at regular intervals. The page appears to be zoomed out. Let me check the actual page dimensions.

Actually, let me think about this differently. The responsive device emulation is set to 791×387. The current page URL is `#/search`. The Search page component IS rendered and visible in the right portion of the responsive viewport. 

Maybe the Search component is on the right side because the Mint UI page has a sidebar navigation on the left and the main content (with the search component demo) is on the right.

YES! That's it. The Mint UI page has:
- Left sidebar: Navigation menu (showing the list of components)
- Right content area: The actual component demo

In the 791px wide responsive mode:
- The left sidebar takes up most of the space (x=0 to ~800 in the page)
- The right content area with the search demo might be at x=800 to 1260 (beyond the 791px viewport)

Wait, but the separator at x=885 in the browser window... Let me look at this more carefully.

Actually, I think the reason is simpler. Looking at the responsive mode with 791px width:
- The mint-ui website has a sidebar navigation on the left
- The actual component demo (search bar) is in the right part of the page

Since the page width is 791px, and the left sidebar might be ~200-300px wide, the right content area where the search component is would be visible within the 791px viewport.

But the LEFT viewport area (x=0 to 885) shows mostly blank/white. This is confusing because the search bar should be visible in the left viewport if it's within the 791px page width.

UNLESS... the responsive mode is rendering the page at 791px and the content is scaling. The search component at x=1085, y=136 (in screen coordinates) corresponds to about x=(1085-885)/zoom * devicePixelRatio in the page coordinates. Since we're at 100% zoom with 791px wide viewport showing in 885-1280 pixels of screen space... no wait.

Actually I realize I've been overthinking this. Let me just:
1. Try to click on the search bar visible at (x=1085, y=136) in the right viewport area
2. Observe what happens to the placeholder text

The search bar appears to be at approximately x=1085-1155, y=131-140. Let me click on it:

Wait, but the right viewport area (x=885-1280) might actually be a SECOND viewport instance showing the page. Some responsive testing tools show two viewports side by side. This might be a "side by side" mode in Chrome's responsive emulation.

OR alternatively, what I see at (x=885-1280, y=80-400) is the actual page content area WITHOUT the left sidebar, being displayed because the DevTools is covering the left sidebar (pushing content to the right).

I think the most likely explanation is:
- The Chrome browser window is 1280px wide
- DevTools is docked at the bottom (taking y=420 to 720)
- The page content is showing in y=80 to 420
- The Mint UI page has a left sidebar navigation that takes x=0 to 880ish
- The right content area (search component demo) is at x=885 onwards
- The search component demo shows the Search component with "🔍搜索" at y=136

This makes most sense! The left part (x=0 to 885) is the navigation sidebar, and the right part (x=885 to 1280) is the search component demo area.

So the visible "🔍搜索" at x=1085, y=136 is the actual Search component demo.

Now I need to:
1. Click on the search bar (at approximately x=1085, y=136) to focus it
2. Observe the placeholder text before and after clicking

BUT WAIT - the DevTools toolbar shows "Dimensions: Responsive  791" which means we're in responsive mode. If the total page width being shown is only 791px, how can the right content be at x=1085 in screen coordinates?

OK, let me just close DevTools completely. The issue is that the responsive mode and DevTools are causing confusion. Let me try to close DevTools by pressing Cmd+W (which should close the current tab, but I'll be careful). Actually no, Cmd+W will close the tab.

Let me try to find and click the close button for DevTools. In Chrome, the DevTools close button is the X icon at the top-right corner of the DevTools panel. Looking at y=430 (the DevTools header row), the close button should be at the far right. But I can't see it in the screenshots due to the resolution.

Let me try using the View menu to close DevTools:
[step 58] Action: left_click (152, 9)
[step 58] Reasoning: The View menu didn't open. I see the same DevTools view. Let me try the Mac View menu:
[step 59] Action: left_click (235, 268)
[step 59] Reasoning: The View menu is now open. I can see "开发者" (Developer) at the bottom with a submenu arrow. Let me hover over "开发者" to see the developer submenu which should have "开发者工具" (Developer Tools):
[step 60] Action: left_click (374, 285)
[step 60] Reasoning: The Developer submenu is now open. I can see:
- 显示源代码 (Show page source) - Option+Cmd+U
- **开发者工具** (Developer Tools) - Option+Cmd+I
- 检查元素 (Inspect Element) - Option+Cmd+C
- JavaScript 控制台 (JavaScript Console) - Option+Cmd+J
- 允许 Apple 事件中的 JavaScript (Allow JavaScript from Apple Events)

Let me click on "开发者工具" (Developer Tools) to toggle/close DevTools:
[step 61] Action: screenshot
[step 61] Reasoning: Excellent! Now DevTools is closed! The page is now showing the Search component demo page in full view. I can see:

1. **The Search component** at the top of the page (y=80-100), showing a gray bar with "🔍搜索" text (the magnifying glass icon and "搜索" placeholder text)
2. The page is mostly blank/white below the search bar

**Observations at this point:**
- The page URL is `192.168.43.133:8790/#/search` - confirmed we're on the Search page
- The Search component is visible at the top with "🔍搜索" placeholder text displayed
- The component appears to be a standalone search demo page (without the main sidebar navigation, suggesting it's directly navigated to as a mobile demo page)

However, the page looks different from what I expected - the search bar appears to be a very thin strip at y=80-100, and the rest of the page (y=100 to 720) is completely blank/white. 

Wait - looking again at the responsive mode, it seems the DevTools was in "Responsive device emulation" mode which made the page show in a specific viewport. Now that DevTools is closed, the page is showing in the browser's normal viewport.

But why is the URL still showing `#/search` without the main navigation? This is a direct URL to the search demo page! The Mint UI demo site has individual pages for each component. The `#/search` route directly shows the Search component demo.

**Current state (Unfocused):**
- The Search component shows "🔍搜索" placeholder text
- The text appears as: a magnifying glass icon (🔍) followed by "搜索" (search in Chinese)
- The placeholder is visible and not truncated

Now let me take a screenshot to capture the unfocused state, then click on the search bar to focus it:

Actually, I can already see the current state clearly. The search bar is at y=80-100 area. Let me zoom in to see it better. But first, I realize I should check if the sidebar navigation is hidden because this is a mobile demo page.

Looking at the current URL: `192.168.43.133:8790/#/search` - this seems to be a direct link to the Search component demo in the Vue.js SPA (Single Page Application) routing.

The Mint UI demo site likely has a router that shows component demos at these routes. The current view shows:
- A gray/white search bar at the top (y=80-100) with "🔍搜索" placeholder
- A completely blank white area below

This is the expected layout for the Search component demo page! The search bar is displayed at the top, and the rest of the page is empty (or would show search results).

Let me now proceed with the test:

**Step 1: Screenshot of unfocused state** - Currently visible: "🔍搜索" placeholder text

**Step 2: Click on the search bar to focus it**

Let me click on the search bar at approximately x=640, y=92:
[step 62] Action: left_click (640, 91)
[step 62] Reasoning: Now I can clearly see the current state:

**UNFOCUSED STATE:**
- The Search component is visible at the very top of the page (y=82-100)
- There's a gray bar (the search bar) with "🔍搜索" text visible on the right side (around x=1143, y=91)
- The placeholder text "搜索" is visible with the magnifying glass icon to its left
- The rest of the page (y=100 to 720) is completely blank/white

The search bar appears as a thin gray strip at the top of the page. The placeholder text "搜索" is visible in the unfocused state.

**Visual observations:**
1. The search bar appears to be positioned at the very top of the viewport, which is where the component demo begins
2. The placeholder "搜索" appears to be at the right side of the search bar (around x=1143), next to the magnifying glass icon (around x=1135-1140)
3. The rest of the search bar (from x=0 to x=1130) is an empty input area

Now let me click on the search bar to focus it. The search bar appears to be at approximately y=91. Let me click in the middle of the search bar:
[step 63] Action: left_click (640, 400)
[step 63] Reasoning: **FOCUSED STATE - KEY OBSERVATION!**

After clicking on the search bar, the search component has changed significantly:

**BEFORE (Unfocused):**
- The search bar had a gray background
- Placeholder text "搜索" was visible on the RIGHT side of the bar with a magnifying glass icon (around x=1143, y=91)
- No text cursor visible

**AFTER (Focused - current state):**
- The search bar now has a white/lighter background 
- The placeholder text "搜索" is now visible on the LEFT side of the bar (around x=27, y=91)
- The magnifying glass icon is gone from the right side
- The search bar appears to be in active/focused mode
- The text cursor is at the left side

**🚨 BUG DETECTED: Placeholder text positioning changes when focused!**

Looking more carefully:
- **Unfocused**: "🔍搜索" appears on the RIGHT side of the search bar (x≈1143)
- **Focused**: "搜索" appears on the LEFT side of the search bar (x≈27), and the magnifying glass icon is gone

This is a visual bug! When the Search component is unfocused:
- The magnifying glass icon + placeholder text ("搜索") are positioned towards the RIGHT side of the search bar (far from the typical position for placeholder text)
- This creates the appearance that the content is misaligned

When focused:
- The placeholder text "搜索" appears correctly on the LEFT side (normal position for placeholder text in an input)
- But the magnifying glass icon disappears from view

Wait, let me reconsider. Looking at the unfocused screenshot again:
- The "🔍搜索" was at approximately x=1143, y=91 - this is the FAR RIGHT of the screen
- In a typical search component, the placeholder and icon should be centered or left-aligned

This is definitely a layout bug where the placeholder text/icon is positioned incorrectly in the unfocused state (pushed to the far right instead of being centered or left-aligned).

Actually, wait. I need to look at this more carefully. In the unfocused state:
- The magnifying glass icon (🔍) was at approximately x=1135
- The "搜索" text was at approximately x=1143-1160
- This is on the FAR RIGHT of a 1280px wide screen

In the focused state:
- The "搜索" text is at approximately x=27-85 (FAR LEFT)
- The magnifying glass icon seems to have disappeared

This position change from far-right to far-left is a significant visual anomaly. Let me now click outside to unfocus and compare:

Now I'll click outside the search bar to unfocus it:
[step 64] Action: key: Escape
[step 64] Reasoning: Interesting! After clicking outside (at x=640, y=400), the search bar **did NOT return to its original unfocused state**. Instead, the placeholder text remains on the LEFT side (at x=27, y=91) showing "搜索" without the magnifying glass icon. The background of the search bar also remained lighter/white rather than returning to the original gray color.

Wait - let me look at this more carefully. Comparing the states:

**State 1 (Initial unfocused):** "🔍搜索" on the RIGHT side (x≈1143, y=91), gray background
**State 2 (Focused):** "搜索" on the LEFT side (x≈27, y=91), lighter background  
**State 3 (After clicking outside):** "搜索" on the LEFT side (x≈27, y=91), lighter background

The search component does NOT appear to have returned to its original unfocused state. The placeholder text is still on the left side without the magnifying glass icon, which is different from the initial state.

Actually, wait. I notice that in State 3 (current), the search bar background still appears slightly lighter/grayish. But the text is still on the left side ("搜索" at x≈27). The magnifying glass icon is gone.

**MAJOR BUG OBSERVATION:**
1. Initially (unfocused): The placeholder text and magnifying glass icon were positioned on the FAR RIGHT of the search bar (x≈1143), which is NOT the expected/correct behavior for a placeholder
2. After clicking on the search bar (focused): The placeholder text "搜索" moved to the LEFT side (x≈27) - this is more standard positioning
3. After clicking outside (unfocused again): The placeholder stays on the LEFT side, WITHOUT the magnifying glass icon

The initial state where the placeholder was on the far right is the key bug. The Mint UI Search component in the unfocused state shows the placeholder and icon pushed to the right side of the bar, which is incorrect. This is a CSS/layout issue where the `mint-searchbar-placeholder` label has incorrect positioning or the `justify-content` property is set to `flex-end` instead of `center` or `flex-start`.

Actually, let me reconsider what I saw in the initial unfocused state. Let me try to click away to truly unfocus the search and see if the initial state returns. Let me try pressing Escape or clicking on the page's background:
[step 65] Action: key: cmd+r
[step 65] Reasoning: The state remains the same after pressing Escape. The placeholder "搜索" is still on the LEFT side without the magnifying glass icon. Let me reload the page to see the initial state again:
[step 66] Action: key: cmd+shift+m
[step 66] Reasoning: After reloading the page, the page title changed to "Mint UI" and the search bar is showing in the initial UNFOCUSED state again:

**Initial UNFOCUSED State (confirmed after page reload):**
- The search bar is at y=82-100
- The magnifying glass icon (🔍) and "搜索" text are positioned on the **FAR RIGHT** of the search bar (around x=1143-1158)
- The background of the search bar is gray/light gray

This confirms the initial observation. The placeholder text "搜索" with the magnifying glass icon appears on the RIGHT side of the search bar in the unfocused state. This is the **INITIAL UNFOCUSED** state.

Now let me analyze the page layout more carefully. The search bar takes up the entire width of the page. In the unfocused state, the content (🔍搜索) is positioned towards the right side of the bar. This seems like a layout bug where the `flex-justify-content` should be `center` or `flex-start` but instead is `flex-end`, pushing the icon and placeholder to the right.

Let me zoom in to get a better view of the search bar area. Let me use the browser's zoom-in feature through the View menu:
[step 67] Action: left_click (152, 9)
[step 67] Reasoning: The page is still in the same state. The search bar shows the initial unfocused state with "🔍搜索" on the right side. Let me now zoom in to see this better by using the View menu's zoom feature. I'll use the Display menu to zoom in:
[step 68] Action: left_click (165, 206)
[step 68] Reasoning: The View menu is now open. I can see "放大" (Zoom In) with shortcut Cmd++. Let me click on "放大" (Zoom In) to zoom in and see the search bar better:
[step 69] Action: left_click (183, 89)
[step 69] Reasoning: I can see the zoom is now at 110% and the search bar is still in the initial unfocused state. The search bar shows:
- "🔍搜索" on the FAR RIGHT (x≈1143, y=91)
- A zoom control bar has appeared at the top left showing "110% - + 重置"

Now let me zoom in more to see the search bar better. Let me use the "+" button to zoom in more or keep using the View menu. Let me close this zoom bar first and look at the search bar at this zoom level.

Actually, the zoom bar appearing at y=80-100 has now pushed the search bar DOWN slightly. I can see the search bar at y=91 with "🔍搜索" on the right side. But the zoom bar is at y=80-100 which is overlapping the search bar area.

Let me zoom in more by clicking the "+" button:
[step 70] Action: key: cmd+0
[step 70] Reasoning: Wait! Something changed! After clicking the "+" zoom button, the search bar now shows "🔍搜索" on the LEFT side (at x≈7, y=91)! The zoom bar disappeared and the search bar state appears to have changed.

Hmm, but wait - did I accidentally CLICK on the search bar by clicking at (183, 89)?? The zoom bar was at y=80-100, and the search bar is also around y=91. It's possible that when I clicked the "+" button at (183, 89), I might have actually focused the search bar (since the zoom bar may have disappeared quickly and the click went through to the search input).

Let me check: the current state shows:
- "🔍搜索" on the LEFT side (at x≈7, y=91)
- This looks like the FOCUSED state!

Wait, actually this looks more like the unfocused state at 120% zoom (which would make the "🔍搜索" text appear on the LEFT instead of the right, since at larger zoom the content would be more LEFT aligned). 

Actually no - looking at the history:
- Initial page load (100% zoom): "🔍搜索" on the RIGHT (x≈1143)
- After clicking the "+" to increase to 120% zoom: "🔍搜索" on the LEFT (x≈7)

The position change when zooming is suspicious. But it could also be that when I zoomed in at the top area, the click at (183, 89) accidentally clicked on the search bar, which triggered the focused state (which I saw in State 2 where the placeholder was on the left).

However, looking at the current screenshot more carefully:
- The search bar at y=80-100 shows "🔍搜索" (both magnifying glass AND text visible)
- The text is at x≈7-27 (far LEFT)
- The background appears to be a light gray

This is different from State 2 (focused) where I only saw "搜索" at x≈27 without the magnifying glass icon.

Wait, actually I'm seeing both 🔍 and 搜索 in this screenshot! Let me look again...

Actually, at x=7-27, y=91, I see what appears to be "🔍搜索" (the magnifying glass icon and the text together). This looks like the unfocused state (with both icon and text visible, centered/left aligned due to the zoom).

Wait, but at 100% zoom the content was at the FAR RIGHT (x=1143), and now at higher zoom (120%?) it's at the FAR LEFT (x=7). This is the same content but at different zoom levels. At 100% zoom, the page was being rendered in a way that pushed the content to the right. At 120% zoom, the content wraps/repositions to the left.

Hmm, but actually at higher zoom, a 1280px wide window would show LESS content (not more), so if the content was on the right at 100% zoom, it should STILL be on the right at 120% zoom (just more zoomed in).

Unless... the page has a specific breakpoint where the layout changes at certain widths. At 100% zoom, the effective viewport width is ~1280px (or the page layout uses some specific width). At 120% zoom, the effective viewport width might be 1280/1.2 ≈ 1067px. If there's a CSS breakpoint at around 1100px, the layout might change.

But this doesn't explain why the content position would jump from far right to far left...

Actually, let me look at this more carefully. Let me look at whether I accidentally clicked the search bar. When I clicked "(183, 89)", that was the "+" zoom button. But the search bar is at y≈82-100. Let me check if I might have accidentally clicked the search bar instead of/after the zoom button.

Actually, looking at the zoom bar position: it appeared at y=80-100, overlapping the search bar area. When I clicked "+" at (183, 89), I might have actually clicked the search bar! This would explain why the state changed.

Let me reset the zoom to 100% and reload to get a clean state:
[step 71] Action: key: cmd+r
[step 71] Reasoning: Now the zoom is back to 100% and I can see the zoom bar appeared again. The search bar is visible at y=82-100 showing "🔍搜索" on the LEFT side (at x≈7). 

Wait - now at 100% zoom, the "🔍搜索" is on the LEFT side (x≈7)! But when I reloaded the page earlier (before any clicking), the "🔍搜索" was on the RIGHT side (x≈1143)! 

This means the state is now different from the initial page load. The search bar might have been clicked/focused at some point (perhaps when I clicked the zoom button at (183, 89)), and now the search bar content is on the left.

Hmm, OR... Let me reconsider. Looking at the current screenshot at 100% zoom:
- "🔍搜索" is at x≈7-27, y=91
- This is the SAME position as when I had the 120% zoom

But when the page was initially loaded, "🔍搜索" was at x≈1143 (far right).

Wait, wait, wait. I think I understand now! 

Looking at the initial page load screenshot: The "🔍搜索" was at x≈1143 with a GRAY background for the entire search bar.

Looking at the current screenshot: The search bar appears to have a LIGHTER/WHITE background, and "🔍搜索" is at x≈7.

This confirms my earlier hypothesis: There are TWO states:
1. **Unfocused initial state**: Gray background, "🔍搜索" at FAR RIGHT (x≈1143) ← This is the BUG!
2. **After clicking/focused state**: Lighter background, "🔍搜索" at FAR LEFT (x≈7)

The current state (after clicking the search bar, possibly accidentally) shows state 2.

Let me reload the page to get back to state 1 to confirm:
[step 72] Action: left_click (300, 91)
[step 72] Reasoning: After reloading, the initial state is confirmed again:

**UNFOCUSED STATE (Initial):**
- The search bar background is GRAY
- The "🔍搜索" content is positioned on the **FAR RIGHT** (x≈1143-1158, y=91)
- The left portion of the search bar (x=0 to ~1130) is empty gray

This is clearly a **BUG** - in the unfocused state, the placeholder label with the magnifying glass icon and "搜索" text is positioned at the far right of the search bar instead of being centered or left-aligned.

Now let me click on the search bar to observe the focused state:

The search bar is at approximately y=82-100. Let me click in the MIDDLE of the bar (at approximately x=300, y=91) to avoid accidentally clicking on the zoom controls:
[step 73] Action: left_click (640, 400)
[step 73] Reasoning: **FOCUSED STATE:**
After clicking on the search bar at (300, 91):

- The search bar background changed to **WHITE/lighter**
- The "🔍搜索" content is now on the **FAR LEFT** (x≈7-35, y=91)
  - The magnifying glass icon (🔍) is at x≈7-13
  - The "搜索" text is at x≈15-35
- The cursor (text cursor) is visible at x≈37 (a blinking cursor)
- A "取消" (cancel) button appeared on the LEFT side... wait, actually I see what looks like "|搜索" where | is the cursor

Actually, looking more carefully at the focused state:
- At x≈7: The magnifying glass icon (🔍) is visible
- At x≈14: The text cursor (|) appears
- At x≈17-33: "搜索" placeholder text

Wait, is the cursor BEFORE the "搜索" text? That's strange. Normally the cursor appears at the END of any existing text or after the placeholder icon.

**Key observation**: In the FOCUSED state, the "搜索" placeholder text IS visible and complete (not truncated). The magnifying glass icon is also visible to the left of the cursor. The text cursor appears between the magnifying glass and the "搜索" text.

Actually, I think what I'm seeing is:
- The magnifying glass icon is the `label.mint-searchbar-placeholder` element
- The actual `<input>` element has its cursor (|) visible
- The input's placeholder shows "搜索" inside the input field

In the Mint UI search component, the custom placeholder (the `label.mint-searchbar-placeholder`) shows an icon + text, while the actual `<input>` has its own placeholder or the visible cursor.

Now let me also check: Is there a "取消" (cancel) button visible? Looking at the focused state screenshot, I see at the left side: "| 🔍搜索" pattern. There doesn't appear to be a "取消" (cancel) button visible in the current view.

Wait - looking at the DOM from earlier: `<a class="mint-searchbar-cancel" style="display: none;">取消</a>` - the cancel button was hidden (`display: none`). In the focused state, this might become visible. Looking at the current screenshot, I don't see a "取消" button. But the layout changed: the "🔍搜索" label moved from the right to the left.

This is the BUG I need to report:

**BUG: Search component placeholder positioning issue**
- **Unfocused state**: The placeholder label (`🔍搜索`) is positioned at the **far right** of the search bar instead of being centered/left-aligned. This makes the search bar look empty or broken.
- **Focused state**: The placeholder label (`🔍搜索`) correctly appears at the **far left** of the search bar.

Now let me click outside to unfocus and confirm the state returns to the right-aligned bug state:
[step 74] Action: DONE
[step 74] Reasoning: **UNFOCUSED STATE (after clicking outside):**

After clicking outside the search bar at (640, 400):
- The search bar background changed back to **GRAY**
- The "🔍搜索" label is now visible on the **FAR LEFT** (x≈7-35, y=91)
- The background is gray again (indicating unfocused state)

Wait! This is different from the initial unfocused state (which had "🔍搜索" on the FAR RIGHT at x≈1143). Now after clicking outside, the "🔍搜索" is on the LEFT (x≈7). 

So the issue is:
- **Initial page load (unfocused)**: "🔍搜索" on FAR RIGHT → **BUG**
- **After clicking on search bar (focused)**: "🔍搜索" on FAR LEFT → different position
- **After clicking outside (unfocused again)**: "🔍搜索" on FAR LEFT → stays LEFT after interaction

This suggests that the initial state is broken (far right), but after any interaction with the search bar, the position normalizes to the left side. The initial rendering has a layout bug where the placeholder label is misaligned.

Let me now look at the current "after-click" unfocused state more carefully:
- The magnifying glass (🔍) is at x≈7
- The "搜索" text is at x≈14-33
- The background is gray

This looks similar to the focused state but with a gray background (instead of white).

Let me also verify that the "搜索" text is fully visible and not truncated in the focused state. Looking at the focused state screenshot, the text "搜索" was fully visible at x≈17-35 with both characters showing.

Now let me summarize the complete test findings:

---

## Test Summary

**Test: Mint UI Search Component - Placeholder Display When Focused**

**URL**: `http://192.168.43.133:8790/#/search`

### Observations:

**Step 1 (Initial Unfocused State - After Page Load):**
- The Search component displays a gray search bar spanning the full width
- **BUG FOUND**: The placeholder element (🔍搜索) is positioned at the **FAR RIGHT** of the search bar (approximately at x=1143 out of 1280 pixels)
- The placeholder label should be centered or left-aligned, but instead appears pushed to the right side
- This is a significant layout/CSS bug - the search bar appears to have no content/placeholder on most of its width

**Step 2 (Focused State - After Clicking Search Bar):**
- After clicking the search bar, the background changes to white
- The placeholder element (🔍搜索) moves to the **FAR LEFT** (x≈7)
- The placeholder text "搜索" is completely visible and not truncated
- A text cursor appears in the input area
- The content repositions dramatically from right to left

**Step 3 (Unfocused State - After Clicking Outside):**
- After clicking outside the search bar, background returns to gray (unfocused)
- The placeholder (🔍搜索) remains on the **LEFT** side (x≈7) - does NOT return to the initial right-positioned state
- The placeholder text "搜索" is still fully visible

### Key Bug:
**The Search component's placeholder label (`mint-searchbar-placeholder`) is incorrectly positioned at the far right of the search bar in its initial unfocused state (before any user interaction).** After the user interacts with the search bar (focus then unfocus), the placeholder normalizes to the left-aligned position.

This is a CSS layout bug - likely a `justify-content: flex-end` on the flex container that should be `justify-content: center` or `flex-start`.

The placeholder text itself ("搜索") is NOT truncated in any state - it is fully visible. However, its positioning is incorrect in the initial unfocused state.

---

Based on my thorough testing, I can now provide a comprehensive report:

## 测试报告：Mint UI Search 搜索组件 Placeholder 显示测试

**测试URL**: `http://192.168.43.133:8790/#/search`

### 测试结果：**FAIL** - 发现 Bug

### 详细观察结果：

**状态1：未获取焦点（页面初始加载）**
- 搜索栏显示灰色背景，横贯整个页面宽度
- 🚨 **Bug**: placeholder 元素（🔍搜索）被定位在搜索栏的**最右侧**（约 x=1143/1280 像素处）
- 搜索栏左侧大部分区域（约 1130 像素宽度）显示为空白灰色区域
- 这是一个严重的 CSS 布局 Bug，`mint-searchbar-placeholder` label 的 flex 对齐方式不正确，应为 `justify-content: center` 或 `flex-start`，但实际上使内容推到了右侧

**状态2：获取焦点（点击搜索框后）**
- 搜索栏背景变为白色
- placeholder 元素（🔍搜索）移动到了**最左侧**（约 x=7 处）
- placeholder 文字"搜索"**完整显示，未被截断** ✅
- 输入光标可见

**状态3：失去焦点（点击外部后）**
- 搜索栏背景恢复为灰色
- placeholder（🔍搜索）**保持在左侧**（不会回到初始的右侧位置）
- placeholder 文字"搜索"仍然完整显示 ✅

### 结论：
- **Placeholder 文字本身（"搜索"）在焦点前后均完整显示，未被截断** ✅
- **但存在严重的布局 Bug**：初始未获取焦点状态下，placeholder 被错误地定位在搜索栏的最右侧，而非居中或左对齐。获取焦点后，placeholder 正确显示在左侧，但失去焦点后不会恢复到初始（错误的）右侧位置。这说明初始渲染存在 CSS flex 布局问题。

**result: FAIL**
**result_summary**: Mint UI Search 组件存在 Bug：在页面初始加载的未获取焦点状态下，placeholder 标签（🔍搜索）被错误地定位在搜索栏的最右侧（而非正常的左对齐或居中位置），导致搜索栏看起来像是空白的。点击获取焦点后，placeholder 移到左侧正确位置且文字完整显示（未截断）。失去焦点后，placeholder 保持在左侧（不回到初始右侧）。问题根因可能是 `mint-searchbar-placeholder` label 的 flex 容器设置了 `justify-content: flex-end` 或类似错误属性。
Evaluating task result...

==================================================
Task: 当前Chrome浏览器已打开mint-ui网站，地址是http://192.168.43.133:8790。测试 Mint UI 的 Search 搜索组件在获取焦点时 placeholder 文字的显示情况。操作步骤：1. 在浏览器中打开页面，找到 Search 搜索组件的示例或演示页面。2. 观察 Search 组件在未获取焦点时，placeholder 文字是否完整显示。3. 点击 Search 输入框使其获取焦点，观察 placeholder 文字是否仍然完整显示，没有被截断。4. 再次点击输入框外部使其失去焦点，对比焦点前后 placeholder 的显示效果。始终在浏览器内操作，禁止打开 Terminal 或其他应用程序。如果在浏览器中找不到目标功能，直接报告 unclear。 请始终在浏览器内操作，禁止打开 Terminal、Finder 或其他应用程序。如果在浏览器中找不到目标功能，直接标记 result 为 unclear，result_summary 写明未在页面中找到目标功能入口。
Status: COMPLETED
Total steps: 74
Last action: DONE
Last reasoning: **UNFOCUSED STATE (after clicking outside):**

After clicking outside the search bar at (640, 400):
- The search bar background changed back to **GRAY**
- The "🔍搜索" label is now visible on the **FAR LEFT** (x≈7-35, y=91)
- The background is gray again (indicating unfocused state)

Wait! This is different from the initial unfocused state (which had "🔍搜索" on the FAR RIGHT at x≈1143). Now after clicking outside, the "🔍搜索" is on the LEFT (x≈7). 

So the issue is:
- **Initial page load (unfocused)**: "🔍搜索" on FAR RIGHT → **BUG**
- **After clicking on search bar (focused)**: "🔍搜索" on FAR LEFT → different position
- **After clicking outside (unfocused again)**: "🔍搜索" on FAR LEFT → stays LEFT after interaction

This suggests that the initial state is broken (far right), but after any interaction with the search bar, the position normalizes to the left side. The initial rendering has a layout bug where the placeholder label is misaligned.

Let me now look at the current "after-click" unfocused state more carefully:
- The magnifying glass (🔍) is at x≈7
- The "搜索" text is at x≈14-33
- The background is gray

This looks similar to the focused state but with a gray background (instead of white).

Let me also verify that the "搜索" text is fully visible and not truncated in the focused state. Looking at the focused state screenshot, the text "搜索" was fully visible at x≈17-35 with both characters showing.

Now let me summarize the complete test findings:

---

## Test Summary

**Test: Mint UI Search Component - Placeholder Display When Focused**

**URL**: `http://192.168.43.133:8790/#/search`

### Observations:

**Step 1 (Initial Unfocused State - After Page Load):**
- The Search component displays a gray search bar spanning the full width
- **BUG FOUND**: The placeholder element (🔍搜索) is positioned at the **FAR RIGHT** of the search bar (approximately at x=1143 out of 1280 pixels)
- The placeholder label should be centered or left-aligned, but instead appears pushed to the right side
- This is a significant layout/CSS bug - the search bar appears to have no content/placeholder on most of its width

**Step 2 (Focused State - After Clicking Search Bar):**
- After clicking the search bar, the background changes to white
- The placeholder element (🔍搜索) moves to the **FAR LEFT** (x≈7)
- The placeholder text "搜索" is completely visible and not truncated
- A text cursor appears in the input area
- The content repositions dramatically from right to left

**Step 3 (Unfocused State - After Clicking Outside):**
- After clicking outside the search bar, background returns to gray (unfocused)
- The placeholder (🔍搜索) remains on the **LEFT** side (x≈7) - does NOT return to the initial right-positioned state
- The placeholder text "搜索" is still fully visible

### Key Bug:
**The Search component's placeholder label (`mint-searchbar-placeholder`) is incorrectly positioned at the far right of the search bar in its initial unfocused state (before any user interaction).** After the user interacts with the search bar (focus then unfocus), the placeholder normalizes to the left-aligned position.

This is a CSS layout bug - likely a `justify-content: flex-end` on the flex container that should be `justify-content: center` or `flex-start`.

The placeholder text itself ("搜索") is NOT truncated in any state - it is fully visible. However, its positioning is incorrect in the initial unfocused state.

---

Based on my thorough testing, I can now provide a comprehensive report:

## 测试报告：Mint UI Search 搜索组件 Placeholder 显示测试

**测试URL**: `http://192.168.43.133:8790/#/search`

### 测试结果：**FAIL** - 发现 Bug

### 详细观察结果：

**状态1：未获取焦点（页面初始加载）**
- 搜索栏显示灰色背景，横贯整个页面宽度
- 🚨 **Bug**: placeholder 元素（🔍搜索）被定位在搜索栏的**最右侧**（约 x=1143/1280 像素处）
- 搜索栏左侧大部分区域（约 1130 像素宽度）显示为空白灰色区域
- 这是一个严重的 CSS 布局 Bug，`mint-searchbar-placeholder` label 的 flex 对齐方式不正确，应为 `justify-content: center` 或 `flex-start`，但实际上使内容推到了右侧

**状态2：获取焦点（点击搜索框后）**
- 搜索栏背景变为白色
- placeholder 元素（🔍搜索）移动到了**最左侧**（约 x=7 处）
- placeholder 文字"搜索"**完整显示，未被截断** ✅
- 输入光标可见

**状态3：失去焦点（点击外部后）**
- 搜索栏背景恢复为灰色
- placeholder（🔍搜索）**保持在左侧**（不会回到初始的右侧位置）
- placeholder 文字"搜索"仍然完整显示 ✅

### 结论：
- **Placeholder 文字本身（"搜索"）在焦点前后均完整显示，未被截断** ✅
- **但存在严重的布局 Bug**：初始未获取焦点状态下，placeholder 被错误地定位在搜索栏的最右侧，而非居中或左对齐。获取焦点后，placeholder 正确显示在左侧，但失去焦点后不会恢复到初始（错误的）右侧位置。这说明初始渲染存在 CSS flex 布局问题。

**result: FAIL**
**result_summary**: Mint UI Search 组件存在 Bug：在页面初始加载的未获取焦点状态下，placeholder 标签（🔍搜索）被错误地定位在搜索栏的最右侧（而非正常的左对齐或居中位置），导致搜索栏看起来像是空白的。点击获取焦点后，placeholder 移到左侧正确位置且文字完整显示（未截断）。失去焦点后，placeholder 保持在左侧（不回到初始右侧）。问题根因可能是 `mint-searchbar-placeholder` label 的 flex 容器设置了 `justify-content: flex-end` 或类似错误属性。

==================================================

UI window closed
