Session created: sess-20260419181631-7ebe66ae48cf4d939de3c02a8b054aa2
UI panel initialized successfully
UI window displayed
Expected result: Cell组件同时设置value和is-link时，右侧的文本值和链接箭头图标应正常排列显示，不出现互相遮挡的情况，布局合理美观。
[step 0] Action: Initializing
[step 0] Reasoning: Initializing session connection
[step 0] Action: screenshot
[step 1] Action: left_click (203, 62)
[step 1] Reasoning: 页面当前显示空白。让我等待页面加载完成，然后再截图查看。
[step 2] Action: type: http://192.168.42...
[step 2] Reasoning: 地址栏已被选中，我可以看到页面仍然是空白状态。让我直接导航到该URL。
[step 3] Action: screenshot
[step 3] Reasoning: 页面正在加载中。让我等待页面完全加载。
[step 4] Action: left_click (580, 90)
[step 4] Reasoning: 看起来下拉菜单还在显示，页面还没有跳转。让我点击第一个建议选项来导航到该页面。
[step 5] Action: wait
[step 5] Reasoning: 页面已经导航到了正确的URL（192.168.42.56:8790/mint-ui/#!/），但内容区域仍然是空白的。页面可能还在加载中。让我等待一下再截图。
[step 6] Action: key: F5
[step 6] Reasoning: 等待了3秒后，页面仍然显示空白。这可能是页面加载有问题。让我尝试刷新页面。
[step 7] Action: wait
[step 7] Reasoning: 页面刷新后仍然是空白的。让我等待一些时间让页面加载，然后检查页面内容。
[step 8] Action: Open url: http://192.168.42.56:8790/mint-ui/#!/cell
[step 8] Reasoning: 页面仍然显示空白。这可能是一个渲染问题。让我尝试直接导航到Cell组件的URL，因为Mint UI使用hash路由：
[step 9] Action: wait
[step 9] Reasoning: 页面仍然是空白的，URL已经变更为 `192.168.42.56:8790/mint-ui/#!/cell`。让我等待更长时间，看看内容是否会出现。
[step 10] Action: key: ctrl+u
[step 10] Reasoning: 等待了5秒后，页面内容仍然是空白的。这可能是Chrome的渲染问题，或者页面内容实际上是存在的但不可见。让我尝试使用Chrome的开发者工具检查页面，或者尝试右键查看页面源码来了解页面状态。让我先尝试在页面上点击，看看是否有任何交互。

让我尝试查看页面源码来了解页面状态：
[step 11] Action: key: F12
[step 11] Reasoning: 查看源码的快捷键没有生效。让我尝试使用Mac的快捷键（Command+U）来查看源码，或者使用开发者工具：
[step 12] Action: scroll up (580, 560) scroll_amount 5
[step 12] Reasoning: 开发者工具已打开，我可以在控制台中看到一些错误信息。让我滚动控制台查看更多错误信息，特别是关于为什么页面是空白的。控制台显示了一些错误（红色文字），让我滚动向上看更多错误信息。
[step 13] Action: left_click (67, 455)
[step 13] Reasoning: 我可以看到控制台中有一个关键错误：
```
Uncaught TypeError: Cannot read properties of undefined (reading '_lifecycleHooks')
```

这个错误发生在 `dev-server.js:49` 和 `index.js:20`，这解释了为什么页面是空白的。这是一个JavaScript错误，导致Vue应用无法正常初始化。

让我查看 Elements 标签来了解页面的HTML结构，看看是否有任何内容被渲染：
[step 14] Action: key: F12
[step 14] Reasoning: 现在我可以在 Elements 标签中看到页面的HTML结构。HTML结构非常简单：
- `<div id="app"></div>` - 这是Vue应用挂载的容器，但它是空的！

这证实了Vue应用由于JavaScript错误（`Cannot read properties of undefined (reading '_lifecycleHooks')`）没有成功初始化，导致 `#app` div 保持为空，页面显示空白。

右侧控制台面板中也可以看到错误信息：
- `[M] dev-server.js:49 MR] Waiting for update signal from WDS...`
- `Uncaught index.js:20 t TypeError: Cannot read properties of undefined (reading '_lifecycleHooks')`

这是一个严重的JavaScript运行时错误，导致页面无法渲染任何内容。让我关闭开发者工具，然后检查是否可以通过其他方式访问这个页面，或者看看页面是否有时候会正常加载。

让我尝试直接观察页面，看看是否有任何渲染的内容，尽管可能很小：
[step 15] Action: key: super+r
[step 15] Reasoning: 开发者工具已关闭，页面仍然空白。根据我的观察，页面由于JavaScript错误导致Vue应用无法初始化，页面一直是空白的。

不过，让我再尝试一次刷新，看看是否能够加载页面内容（有时候热重载可能需要时间）：
[step 16] Action: key: cmd+shift+r
[step 16] Reasoning: 页面依然空白。我注意到之前按F5进行了刷新，但似乎没有改变情况。让我尝试使用 Command+Shift+R（强制刷新，清除缓存）：
[step 17] Action: wait
[step 17] Reasoning: 页面仍然是空白的。然而，我注意到页面的URL是 `192.168.42.56:8790/mint-ui/#!/cell`，这说明页面确实已经导航到正确的位置，但内容没有被渲染。

让我等待页面加载完成后再截图：
[step 18] Action: Open url: http://192.168.42.56:8790/mint-ui/
[step 18] Reasoning: 页面仍然是完全空白的。根据之前的分析，页面由于JavaScript运行时错误（`TypeError: Cannot read properties of undefined (reading '_lifecycleHooks')`）导致Vue应用无法初始化，`#app` div 保持为空。

现在我需要尝试不同的方法，也许可以尝试访问 http://192.168.42.56:8790/mint-ui/ 主页面（不带hash）或者尝试看看是否有其他端口可用。让我先尝试访问根路径：
[step 19] Action: wait
[step 19] Reasoning: 页面仍然是空白的，即使在访问根路径 `/mint-ui/` 时也是如此。

让我等待几秒钟，让页面有时间加载，然后再截图：
[step 20] Action: key: F12
[step 20] Reasoning: 页面仍然是空白的。现在我已经确认：
1. 页面URL正确（192.168.42.56:8790/mint-ui/）
2. 但页面内容是空白的
3. 开发者工具中显示有JavaScript错误：`TypeError: Cannot read properties of undefined (reading '_lifecycleHooks')`
4. 这导致Vue应用无法初始化，#app div 保持为空

根据任务说明，如果页面空白或报错，应该直接标记result为unclear。

让我尝试再查看一下控制台，确认一下错误信息，然后给出最终判断：
[step 21] Action: left_click (114, 455)
[step 21] Reasoning: 开发者工具已再次打开。从 Elements 面板中可以清晰地看到：
- `<body>` 内有 `<div id="app"></div>`（空的Vue应用容器）和 `<script type="text/javascript" src="./app.js"></script>`

这确认了 `#app` div 是空的，Vue应用没有渲染任何内容。

右侧控制台面板也显示了一些警告和[WDS] Hot Module Replacement enabled消息，说明服务器是运行的，但Vue应用因JavaScript错误而无法初始化。

让我点击 Console 标签，滚动到顶部查看完整的错误信息：
[step 22] Action: scroll up (580, 560) scroll_amount 10
[step 22] Reasoning: 控制台面板显示了错误信息。让我滚动到控制台顶部查看完整的错误：
[step 23] Action: DONE
[step 23] Reasoning: 现在我可以清楚地看到完整的控制台错误信息：

```
[MMR] Waiting for update signal from WDS...    dev-server.js:49
Uncaught TypeError: Cannot read properties of undefined (reading '_lifecycleHooks')    index.js:20
  at exports.install (eval at ./node_modules/vue-hot-reload-api/dist/index.js (app.js:2852:1), <anonymous>:20:18)
  at eval (eval at ./example/app.vue (app.js:709:1), <anonymous>:30:10)
  at eval (eval at ./example/app.vue (app.js:709:1), <anonymous>:30:3)
  at ./example/app.vue (app.js:709:1)
  at __webpack_require__ (app.js:654:30)
  at fn (app.js:84:20)
  at Object.eval (eval at ./example/entry.js (app.js:731:1), <anonymous>:2:63)
  at eval (eval at ./example/entry.js (app.js:731:1), <anonymous>:51:30)
  at ./example/entry.js (app.js:731:1)
  at __webpack_require__ (app.js:654:30)
```

这个错误发生在 `vue-hot-reload-api` 模块的 `exports.install` 函数中，当它试图读取一个未定义对象的 `_lifecycleHooks` 属性时。这个错误发生在 `app.vue` 和 `entry.js` 的加载过程中，导致整个Vue应用无法初始化。

**根据任务说明：如果页面空白或报错，直接标记result为unclear。**

页面由于JavaScript错误（`TypeError: Cannot read properties of undefined (reading '_lifecycleHooks')`）而显示空白，无法显示组件列表，因此无法完成测试步骤2、3、4。

---

## 测试结果总结

### 测试步骤 1：查看当前页面是否正常显示组件列表

**结果：页面空白，报错**

**观察到的问题：**

1. **页面完全空白**：访问 `http://192.168.42.56:8790/mint-ui/#!/` 和 `http://192.168.42.56:8790/mint-ui/` 时，页面均显示空白，没有任何组件列表或UI元素。

2. **JavaScript运行时错误**：Chrome开发者工具控制台显示以下关键错误：
   ```
   Uncaught TypeError: Cannot read properties of undefined (reading '_lifecycleHooks')
   at exports.install (vue-hot-reload-api/dist/index.js, <anonymous>:20:18)
   ```

3. **Vue应用未初始化**：HTML结构中 `<div id="app"></div>` 保持为空，表明Vue应用因上述JavaScript错误而未能成功挂载和渲染。

4. **根本原因**：`vue-hot-reload-api` 模块在尝试安装时，无法读取 Vue 实例的 `_lifecycleHooks` 属性（该属性在 Vue 2 中存在但可能在当前版本中已被移除或未找到），导致整个应用崩溃。

### 最终判断

**result: unclear**

由于页面空白且存在JavaScript运行时错误，无法加载Mint UI组件列表，因此无法对Cell组件同时设置 `value` 属性和 `is-link` 属性时的显示效果进行测试。测试步骤2、3、4（找到Cell组件示例、观察布局、检查文本和图标是否遮挡）均无法执行。
Evaluating task result...

==================================================
Task: 当前Chrome浏览器已打开Mint UI的示例页面，地址是http://192.168.42.56:8790/mint-ui/#!/。测试Mint UI的Cell组件在同时设置value属性和is-link属性时的显示效果。步骤：1. 查看当前页面是否正常显示组件列表。如果页面空白或报错，直接标记result为unclear。2. 在组件列表中找到Cell组件的示例。可能需要点击左侧导航或滚动页面找到Cell相关的演示。3. 观察同时配置了value（右侧文本值）和is-link（带有右箭头图标的链接样式）的Cell组件。4. 检查value文本内容与右侧链接箭头图标之间的布局是否正常，文本和图标不应互相遮挡。始终在浏览器内操作，禁止打开Terminal或其他应用。
Status: COMPLETED
Total steps: 23
Last action: DONE
Last reasoning: 现在我可以清楚地看到完整的控制台错误信息：

```
[MMR] Waiting for update signal from WDS...    dev-server.js:49
Uncaught TypeError: Cannot read properties of undefined (reading '_lifecycleHooks')    index.js:20
  at exports.install (eval at ./node_modules/vue-hot-reload-api/dist/index.js (app.js:2852:1), <anonymous>:20:18)
  at eval (eval at ./example/app.vue (app.js:709:1), <anonymous>:30:10)
  at eval (eval at ./example/app.vue (app.js:709:1), <anonymous>:30:3)
  at ./example/app.vue (app.js:709:1)
  at __webpack_require__ (app.js:654:30)
  at fn (app.js:84:20)
  at Object.eval (eval at ./example/entry.js (app.js:731:1), <anonymous>:2:63)
  at eval (eval at ./example/entry.js (app.js:731:1), <anonymous>:51:30)
  at ./example/entry.js (app.js:731:1)
  at __webpack_require__ (app.js:654:30)
```

这个错误发生在 `vue-hot-reload-api` 模块的 `exports.install` 函数中，当它试图读取一个未定义对象的 `_lifecycleHooks` 属性时。这个错误发生在 `app.vue` 和 `entry.js` 的加载过程中，导致整个Vue应用无法初始化。

**根据任务说明：如果页面空白或报错，直接标记result为unclear。**

页面由于JavaScript错误（`TypeError: Cannot read properties of undefined (reading '_lifecycleHooks')`）而显示空白，无法显示组件列表，因此无法完成测试步骤2、3、4。

---

## 测试结果总结

### 测试步骤 1：查看当前页面是否正常显示组件列表

**结果：页面空白，报错**

**观察到的问题：**

1. **页面完全空白**：访问 `http://192.168.42.56:8790/mint-ui/#!/` 和 `http://192.168.42.56:8790/mint-ui/` 时，页面均显示空白，没有任何组件列表或UI元素。

2. **JavaScript运行时错误**：Chrome开发者工具控制台显示以下关键错误：
   ```
   Uncaught TypeError: Cannot read properties of undefined (reading '_lifecycleHooks')
   at exports.install (vue-hot-reload-api/dist/index.js, <anonymous>:20:18)
   ```

3. **Vue应用未初始化**：HTML结构中 `<div id="app"></div>` 保持为空，表明Vue应用因上述JavaScript错误而未能成功挂载和渲染。

4. **根本原因**：`vue-hot-reload-api` 模块在尝试安装时，无法读取 Vue 实例的 `_lifecycleHooks` 属性（该属性在 Vue 2 中存在但可能在当前版本中已被移除或未找到），导致整个应用崩溃。

### 最终判断

**result: unclear**

由于页面空白且存在JavaScript运行时错误，无法加载Mint UI组件列表，因此无法对Cell组件同时设置 `value` 属性和 `is-link` 属性时的显示效果进行测试。测试步骤2、3、4（找到Cell组件示例、观察布局、检查文本和图标是否遮挡）均无法执行。

==================================================

UI window closed
