Session created: sess-20260419182217-05d6582da77d4cd0b24ad5a831262719
UI panel initialized successfully
UI window displayed
Expected result: 点击带有is-link属性的Cell控件时，应有点击态的视觉反馈（如背景色变暗或出现半透明遮罩层），松开后恢复正常。
[step 0] Action: Initializing
[step 0] Reasoning: Initializing session connection
[step 0] Action: screenshot
[step 1] Action: key: F5
[step 1] Reasoning: 页面显示为空白，URL是 `http://192.168.42.56:8790/mint-ui/#!/`。让我等待一下并刷新页面，看看是否能正常加载。
[step 2] Action: wait
[step 2] Reasoning: 页面还是空白。让我等待几秒后再截图查看。
[step 3] Action: Open url: http://192.168.42.56:8790/mint-ui/#!/cell
[step 3] Reasoning: 页面仍然空白。让我直接通过URL导航到Cell组件的专用页面。
[step 4] Action: wait
[step 4] Reasoning: 页面仍然是空白。URL已更新为 `http://192.168.42.56:8790/mint-ui/#!/cell`，但内容没有显示。这可能是页面需要更多时间加载。让我等待一下再截图。
[step 5] Action: left_click (203, 62)
[step 5] Reasoning: 页面还是空白。让我尝试点击浏览器内容区域，看看是否有什么隐藏的内容，或者检查开发者工具。让我先尝试点击页面内容区域并检查。
[step 6] Action: key: Return
[step 6] Reasoning: 看到地址栏被选中了，弹出了下拉提示。让我按Enter键重新导航到这个URL：
[step 7] Action: left_click (530, 400)
[step 7] Reasoning: 页面仍然空白。这个Mint UI示例页面似乎一直在加载但没有显示内容。让我检查一下页面的源代码，看看是否有任何错误或者内容实际上是存在的但视觉上不可见。让我使用开发者工具查看。

让我先尝试使用 Cmd+Option+I 打开开发者工具来查看控制台错误：
[step 8] Action: key: F12
[step 8] Reasoning: 页面仍然空白。让我打开开发者工具查看控制台错误：
[step 9] Action: scroll up (640, 560) scroll_amount 5
[step 9] Reasoning: 现在开发者工具已打开，我可以看到控制台有一些信息。让我滚动查看是否有错误，以及页面的实际内容。我可以看到控制台显示：
- Vue运行时错误堆栈
- "You are running Vue in development mode"
- "[WDS] Hot Module Replacement enabled"

这些是正常的Vue开发模式消息，但上面有一些错误堆栈。让我向上滚动查看错误详情：
[step 10] Action: left_click (67, 454)
[step 10] Reasoning: 现在我可以看到一个关键错误：

**"Uncaught TypeError: Cannot read properties of undefined (reading '_lifecycleHooks')"**

这是一个JavaScript错误，发生在 `dev-server.js:49` 和 `index.js:20`。这个错误导致Vue应用无法正常初始化，从而导致页面空白。

这是一个应用程序本身的bug——Vue生命周期钩子相关属性未定义，导致应用崩溃。让我检查Elements标签页，看看DOM结构是什么样的：
[step 11] Action: key: F12
[step 11] Reasoning: 现在我可以清楚地看到问题所在：

**DOM结构显示：**
```html
<body>
  <div id="app"></div>
  <script type="text/javascript" src="./app.js"></script>
</body>
```

`#app` div 是**空的**，Vue应用没有挂载成功。右侧控制台也显示了错误：
- **"Uncaught index.js:20 TypeError: Cannot read properties of undefined (reading '_lifecycleHooks')"**

这是一个应用程序错误 - Vue的热重载API (vue-hot-reload-api) 无法读取 `_lifecycleHooks` 属性，这是Vue版本不兼容导致的。应用程序在初始化时崩溃，整个页面都无法渲染。

让我关闭开发者工具，并尝试查看页面原始内容是否可以访问：
[step 12] Action: DONE
[step 12] Reasoning: 页面确认是完全空白的。根据我的测试观察，这个 Mint UI 示例页面存在严重的应用程序错误，导致整个页面无法渲染。

---

## 测试结果总结

### 📋 测试步骤 1：查看页面是否正常显示

**结论：页面显示异常 - 完全空白**

### 🔍 发现的问题（应用程序Bug）

**关键错误：**
```
Uncaught TypeError: Cannot read properties of undefined (reading '_lifecycleHooks')
at index.js:20
at dev-server.js:49
```

**根本原因：**
- `vue-hot-reload-api` 尝试读取 Vue 实例的 `_lifecycleHooks` 属性时失败
- 这是 **Vue 版本不兼容** 的问题：`vue-hot-reload-api` 库与当前项目使用的 Vue 版本之间存在 API 不匹配
- `_lifecycleHooks` 是旧版 Vue API，在较新的 Vue 版本中已被移除

**DOM 状态：**
```html
<body>
  <div id="app"></div>  <!-- 空的，Vue未能挂载 -->
  <script src="./app.js"></script>
</body>
```

### 📊 测试结果

| 测试项 | 预期结果 | 实际结果 | 状态 |
|--------|---------|---------|------|
| 页面正常加载 | 显示 Mint UI 组件列表 | 页面完全空白 | ❌ 失败 |
| 找到 Cell 组件区域 | 能看到 Cell 演示 | 无法找到（页面空白） | ❌ 无法执行 |
| 点击 is-link Cell | 背景颜色变化效果 | 无法测试 | ❌ 无法执行 |

### 🏁 最终判定：**Result = unclear（页面空白/报错）**

根据测试步骤第1条的要求：**如果页面空白或报错，直接标记 result 为 unclear**。

页面存在 `TypeError: Cannot read properties of undefined (reading '_lifecycleHooks')` 错误，导致 Vue 应用完全无法初始化，整个页面呈现空白状态。Cell 组件的 `is-link` 属性点击交互效果**无法被测试**。
Evaluating task result...

==================================================
Task: 当前Chrome浏览器已打开Mint UI示例页面，地址是http://192.168.42.56:8790/mint-ui/#!/。测试Cell组件is-link属性的点击交互效果。步骤：1. 查看页面是否正常显示。如果页面空白或报错，直接标记result为unclear。2. 如果页面正常，找到Cell组件演示区域，找到带is-link属性的Cell。3. 点击Cell观察背景变化效果。始终在浏览器内操作。
Status: COMPLETED
Total steps: 12
Last action: DONE
Last reasoning: 页面确认是完全空白的。根据我的测试观察，这个 Mint UI 示例页面存在严重的应用程序错误，导致整个页面无法渲染。

---

## 测试结果总结

### 📋 测试步骤 1：查看页面是否正常显示

**结论：页面显示异常 - 完全空白**

### 🔍 发现的问题（应用程序Bug）

**关键错误：**
```
Uncaught TypeError: Cannot read properties of undefined (reading '_lifecycleHooks')
at index.js:20
at dev-server.js:49
```

**根本原因：**
- `vue-hot-reload-api` 尝试读取 Vue 实例的 `_lifecycleHooks` 属性时失败
- 这是 **Vue 版本不兼容** 的问题：`vue-hot-reload-api` 库与当前项目使用的 Vue 版本之间存在 API 不匹配
- `_lifecycleHooks` 是旧版 Vue API，在较新的 Vue 版本中已被移除

**DOM 状态：**
```html
<body>
  <div id="app"></div>  <!-- 空的，Vue未能挂载 -->
  <script src="./app.js"></script>
</body>
```

### 📊 测试结果

| 测试项 | 预期结果 | 实际结果 | 状态 |
|--------|---------|---------|------|
| 页面正常加载 | 显示 Mint UI 组件列表 | 页面完全空白 | ❌ 失败 |
| 找到 Cell 组件区域 | 能看到 Cell 演示 | 无法找到（页面空白） | ❌ 无法执行 |
| 点击 is-link Cell | 背景颜色变化效果 | 无法测试 | ❌ 无法执行 |

### 🏁 最终判定：**Result = unclear（页面空白/报错）**

根据测试步骤第1条的要求：**如果页面空白或报错，直接标记 result 为 unclear**。

页面存在 `TypeError: Cannot read properties of undefined (reading '_lifecycleHooks')` 错误，导致 Vue 应用完全无法初始化，整个页面呈现空白状态。Cell 组件的 `is-link` 属性点击交互效果**无法被测试**。

==================================================

UI window closed
