2026-04-14 19:24:50.672 Python[1794:27996134] +[IMKClient subclass]: chose IMKClient_Modern
2026-04-14 19:24:50.672 Python[1794:27996134] +[IMKInputSession subclass]: chose IMKInputSession_Modern
Session created: sess-20260414192450-d5ac2c07dcd243859673b85c222e45f0
UI panel initialized successfully
UI window displayed
Expected result: 当分组中只有部分选项被选中时，分组标题应显示部分选中状态（半选/indeterminate）。如果显示为全选或未选状态，则存在bug。
[step 0] Action: Initializing
[step 0] Reasoning: Initializing session connection
[step 0] Action: screenshot
[step 1] Action: left_click (612, 201)
[step 1] Reasoning: I can see the Group Select demo page. Let me click on the dropdown to open it.
[step 2] Action: left_click (255, 277)
[step 2] Reasoning: The dropdown is now open. I can see:
- [Select all] with an unchecked checkbox
- **Group 1** (bold, with checkbox) - unchecked
- Option 1, Option 2, Option 3 - all unchecked
- **Group 2** (bold, with checkbox) - unchecked
- Option 4, Option 5 visible (need to scroll to see more)

Now let me click on Option 1 to select it, and then take a screenshot to observe the Group 1 checkbox state.
[step 3] Action: left_click (255, 303)
[step 3] Reasoning: **重要发现 - 步骤3观察结果：**

选中 Option 1 后，我可以清楚地看到：
- **Option 1** 的复选框：✅ 已勾选（蓝色打勾）
- **Group 1** 分组标题的复选框：⬜ **空框（未选状态）** - 这是一个**BUG**！

Group 1 的复选框应该显示为**半选/indeterminate状态**（横线-），但它显示为**空框（未选）**，这表明分组复选框的状态没有正确反映部分选中的状态。

让我继续进行下一步，勾选 Option 2，观察状态变化。
[step 4] Action: left_click (255, 328)
[step 4] Reasoning: **步骤5-6观察结果：**

勾选 Option 2 后（此时 Option 1 和 Option 2 都已选中）：
- **Option 1** 的复选框：✅ 已勾选（蓝色打勾）
- **Option 2** 的复选框：✅ 已勾选（蓝色打勾）
- **Option 3** 的复选框：⬜ 未选
- **Group 1** 分组标题的复选框：⬜ **仍然是空框（未选状态）** - **依然是BUG！**

Group 1 中有2个选项被选中，1个未选中，应该显示为 indeterminate（半选）状态，但仍然显示为空框。

现在继续勾选 Option 3（Group 1的全部选项）。
[step 5] Action: DONE
[step 5] Reasoning: **步骤7-8观察结果（全部选中）：**

勾选 Option 3 后（Group 1的所有选项都已选中）：
- **Option 1** 的复选框：✅ 已勾选（蓝色打勾）
- **Option 2** 的复选框：✅ 已勾选（蓝色打勾）
- **Option 3** 的复选框：✅ 已勾选（蓝色打勾）
- **Group 1** 分组标题的复选框：✅ **已变为全选状态（蓝色打勾）** - 这是正确的！

---

## 📋 完整测试报告

### 测试环境
- 页面：Group Select - Partial Selection Test（http://localhost:5173/）
- 组件：带分组的多选下拉框，包含Group 1/2/3，每组3个选项

### 各步骤观察结果

| 步骤 | 操作 | Group 1复选框状态 | 期望状态 | 是否正确 |
|------|------|------------------|----------|----------|
| 1 | 打开下拉框（未选任何项） | ⬜ 空框（未选） | ⬜ 未选 | ✅ 正确 |
| 3 | 只勾选 Option 1（1/3选中） | ⬜ **空框（未选）** | ➖ **半选/indeterminate** | ❌ **BUG！** |
| 5 | 再勾选 Option 2（2/3选中） | ⬜ **空框（未选）** | ➖ **半选/indeterminate** | ❌ **BUG！** |
| 7 | 再勾选 Option 3（3/3选中） | ✅ 全选（蓝色打勾） | ✅ 全选 | ✅ 正确 |

### 🐛 发现的 BUG

**BUG描述：Group 1 分组复选框缺少 indeterminate（半选）状态支持**

- **现象**：当 Group 1 中只有部分选项被选中时（例如选中1个或2个，共3个），Group 1 分组标题旁边的复选框**始终显示为空框（未选状态）**，而不是应有的**半选/indeterminate状态（通常显示为横线 `-` 或方块）**。
  
- **仅有的正确行为**：当 Group 1 的所有3个选项（Option 1、Option 2、Option 3）全部选中时，Group 1 的复选框才正确变为全选状态（✅ 打勾）。

- **影响**：用户无法从分组复选框的外观判断该组是否有部分项目被选中，导致用户体验下降，且与标准多选控件的预期行为不符。

- **根本原因推测**：组件代码中对分组复选框的状态计算逻辑可能未实现 `indeterminate` 属性的设置（即 `checkbox.indeterminate = true` 未在部分选中时被触发）。
Evaluating task result...

==================================================
Task: 当前Chrome浏览器已打开Multiple Select组件的Group Select演示页面（http://localhost:5173/）。页面上有一个带分组（optgroup）的多选下拉框，包含Group 1、Group 2、Group 3三个分组，每组3个选项。

请执行以下测试步骤：
1. 点击下拉框打开它
2. 你会看到[Select all]、Group 1（下面有Option 1/2/3）、Group 2（下面有Option 4/5/6）、Group 3（下面有Option 7/8/9）
3. 只勾选Group 1中的Option 1（只选一个选项）
4. 仔细观察Group 1分组标题左边的复选框状态：
   - 应该显示半选/部分选中状态（indeterminate，通常显示为横线-或方块）
   - 如果显示为全选（打勾）或未选（空框），则说明有bug
5. 再勾选Group 1中的Option 2
6. 再次观察Group 1的复选框状态变化
7. 勾选Group 1中的Option 3（全部选中）
8. 观察Group 1复选框此时应该变为全选状态（打勾）

请仔细观察每一步中分组复选框的状态变化并详细报告。
Status: COMPLETED
Total steps: 5
Last action: DONE
Last reasoning: **步骤7-8观察结果（全部选中）：**

勾选 Option 3 后（Group 1的所有选项都已选中）：
- **Option 1** 的复选框：✅ 已勾选（蓝色打勾）
- **Option 2** 的复选框：✅ 已勾选（蓝色打勾）
- **Option 3** 的复选框：✅ 已勾选（蓝色打勾）
- **Group 1** 分组标题的复选框：✅ **已变为全选状态（蓝色打勾）** - 这是正确的！

---

## 📋 完整测试报告

### 测试环境
- 页面：Group Select - Partial Selection Test（http://localhost:5173/）
- 组件：带分组的多选下拉框，包含Group 1/2/3，每组3个选项

### 各步骤观察结果

| 步骤 | 操作 | Group 1复选框状态 | 期望状态 | 是否正确 |
|------|------|------------------|----------|----------|
| 1 | 打开下拉框（未选任何项） | ⬜ 空框（未选） | ⬜ 未选 | ✅ 正确 |
| 3 | 只勾选 Option 1（1/3选中） | ⬜ **空框（未选）** | ➖ **半选/indeterminate** | ❌ **BUG！** |
| 5 | 再勾选 Option 2（2/3选中） | ⬜ **空框（未选）** | ➖ **半选/indeterminate** | ❌ **BUG！** |
| 7 | 再勾选 Option 3（3/3选中） | ✅ 全选（蓝色打勾） | ✅ 全选 | ✅ 正确 |

### 🐛 发现的 BUG

**BUG描述：Group 1 分组复选框缺少 indeterminate（半选）状态支持**

- **现象**：当 Group 1 中只有部分选项被选中时（例如选中1个或2个，共3个），Group 1 分组标题旁边的复选框**始终显示为空框（未选状态）**，而不是应有的**半选/indeterminate状态（通常显示为横线 `-` 或方块）**。
  
- **仅有的正确行为**：当 Group 1 的所有3个选项（Option 1、Option 2、Option 3）全部选中时，Group 1 的复选框才正确变为全选状态（✅ 打勾）。

- **影响**：用户无法从分组复选框的外观判断该组是否有部分项目被选中，导致用户体验下降，且与标准多选控件的预期行为不符。

- **根本原因推测**：组件代码中对分组复选框的状态计算逻辑可能未实现 `indeterminate` 属性的设置（即 `checkbox.indeterminate = true` 未在部分选中时被触发）。

==================================================

UI window closed
