2026-04-14 19:27:15.135 Python[2113:27998818] +[IMKClient subclass]: chose IMKClient_Modern
2026-04-14 19:27:15.135 Python[2113:27998818] +[IMKInputSession subclass]: chose IMKInputSession_Modern
Session created: sess-20260414192714-e41d5c2f3911427098b19233ef225c20
UI panel initialized successfully
UI window displayed
Expected result: 全选操作应正确选中所有选项并触发onCheckAll事件（Event log应显示'onCheckAll event FIRED!'）。如果事件不触发或出现JS错误，则存在bug。
[step 0] Action: Initializing
[step 0] Reasoning: Initializing session connection
[step 0] Action: screenshot
[step 1] Action: Minimize panel
[step 1] Reasoning: I can see the page with "Empty Optgroup - Select All Test". I need to minimize the task panel first, then click on the dropdown to open it.
[step 2] Action: left_click (744, 202)
[step 2] Reasoning: Good, the panel is minimized. Now I'll click on the dropdown to open it. Let me click on the dropdown element (the "Group Select" dropdown).
[step 3] Action: left_click (301, 226)
[step 3] Reasoning: The dropdown is now open. I can see:
- [Select all] checkbox at the top
- **Group 1** with Option 1, Option 2, Option 3
- **Group 2 (empty)** - no options under it
- **Group 3** with Option 7 (and presumably Option 8, Option 9 below)

Now I'll click the **[Select all]** button to select all options.
[step 4] Action: scroll down (744, 350) scroll_amount 3
[step 4] Reasoning: Excellent! After clicking [Select all], I can observe:

1. ✅ The dropdown now shows "**All selected**" at the top
2. ✅ **Group 1** is checked (blue checkbox)
3. ✅ **Option 1**, **Option 2**, **Option 3** are all checked (blue checkboxes)
4. ⚠️ **Group 2 (empty)** - shows an unchecked checkbox (expected, as there are no options)
5. ✅ **Group 3** is checked (blue checkbox)
6. ✅ **Option 7** is checked (blue checkbox)

However, I notice:
- The **[Select all]** checkbox itself appears **unchecked** (no blue fill) even though "All selected" is shown
- The **Event log** area is empty - no 'onCheckAll event FIRED!' text visible

Let me scroll down in the dropdown to see if Option 8 and 9 are also checked, and also check the Event log more carefully.
[step 5] Action: scroll up (744, 300) scroll_amount 3
[step 5] Reasoning: Now I can see the full state after clicking [Select all]:

**Observations after clicking [Select all]:**
1. ✅ **Option 1, 2, 3** (Group 1) - all checked ✓
2. ⚠️ **Group 2 (empty)** - shows unchecked (expected since no options)
3. ✅ **Group 3** - checked ✓
4. ✅ **Option 7, 8, 9** (Group 3) - all checked ✓
5. ⚠️ **Event log area is EMPTY** - no 'onCheckAll event FIRED!' text appeared

This is a **BUG**: The `onCheckAll` event did NOT fire. The Event log shows nothing.

Now let me scroll back up to click [Select all] again to uncheck all (and check if onUncheckAll fires).
[step 6] Action: left_click (301, 226)
[step 6] Reasoning: I can see the [Select all] checkbox is currently unchecked (even though all options are selected). I notice something important here - the **[Select all]** checkbox appears **unchecked** even when all options are selected. This is another bug - the "Select all" checkbox should be checked when all options are selected.

Also, the **Event log is still empty** - no 'onCheckAll event FIRED!' text.

Now let me click [Select all] again to uncheck all options and check if onUncheckAll fires.
[step 7] Action: key: F12
[step 7] Reasoning: This is very interesting and reveals another **BUG**! After clicking [Select all] the second time:
- The dropdown still shows "**All selected**"
- All options (Group 1, Option 1/2/3, Group 3, Option 7...) are **still checked**
- The [Select all] checkbox is **still unchecked**
- The **Event log is still empty** - no 'onUncheckAll event FIRED!'

The [Select all] button is not deselecting the options. It seems to be toggling into a state where clicking it again has no effect (since the [Select all] checkbox appears unchecked but options are selected, the component might be confused about the state).

Let me check the browser console for JS errors, and also try to open Chrome DevTools to inspect.
[step 8] Action: left_click (481, 249)
[step 8] Reasoning: Chrome DevTools is open showing the Console tab. The console shows:
- "**No Issues**" in the top right
- Console is empty - **no JavaScript errors**

But I can also see the state more clearly now:
- [Select all] checkbox is **unchecked** (empty checkbox)
- Group 1, Option 1/2/3, Group 3, Option 7 are **all checked** (blue)
- Group 2 (empty) shows **unchecked**
- Event log is still **empty**

The console is currently clear - no JS errors. Let me check if there were any errors before by scrolling up in the console, and also try clicking [Select all] again to test if any console errors appear.

Let me close the DevTools and check the Event log by scrolling to it. But first, let me try clicking [Select all] again with DevTools open to catch any errors.
[step 9] Action: key: F12
[step 9] Reasoning: I can see the same state - clicking [Select all] again didn't change anything. The console still shows no errors. The state is stuck with "All selected" shown but the [Select all] checkbox itself appearing unchecked.

This confirms multiple bugs. Let me close DevTools and check the Event log area more carefully.
[step 10] Action: left_click (256, 226)
[step 10] Reasoning: Now I can see the state more clearly. Looking at the [Select all] checkbox carefully - it appears to have an **indeterminate/partially-checked** state (the checkbox has a square inside it rather than a clear checkmark or empty state). 

The Event log is still completely empty - no events have fired at all.

Let me now carefully look at the [Select all] checkbox state. It looks like it might be in an indeterminate state (with a partial/square indicator). Let me zoom in to inspect it better. But first, let me try clicking [Select all] one more time to try to trigger an uncheck state.

Let me click on the [Select all] checkbox directly (the checkbox square itself).
[step 11] Action: key: Escape
[step 11] Reasoning: The state remains the same - options are still all selected but the [Select all] checkbox appears in an indeterminate state, and the Event log is still empty. The component is stuck in this state.

Let me check the Event log area and also look at the console for any errors. Let me open DevTools again and look at the console more carefully.

Let me now take a comprehensive look at what's happening. I'll open the browser console to look for errors while I interact with the component.
[step 12] Action: DONE
[step 12] Reasoning: Now I can clearly see the full page with the dropdown closed. The dropdown shows "**All selected**" (meaning all options are selected), and the **Event log area only shows "Event log:"** with NO additional text - meaning no events were fired.

This is the complete picture. Let me now summarize all observations from the test:

---

## 📊 测试结果总结

### ✅ 步骤1: 点击下拉框打开 - **成功**
下拉框正常打开，显示了所有分组和选项。

### ✅ 步骤2: 下拉框内容验证 - **正确**
可以看到：
- [Select all] 全选按钮
- **Group 1**：Option 1、Option 2、Option 3
- **Group 2 (empty)**：无选项（空组）
- **Group 3**：Option 7、Option 8、Option 9

### ⚠️ 步骤3-4: 点击[Select all]全选 - **发现BUG！**

**4a. 所有选项是否被选中？**
- ✅ Option 1、2、3（Group 1）全部被打勾 ✓
- ✅ Option 7、8、9（Group 3）全部被打勾 ✓
- ⚠️ Group 2 (empty) 保持未选中（合理，因为没有选项）

**4b. Event log是否出现'onCheckAll event FIRED!'？**
- ❌ **BUG！** Event log区域完全为空，**没有出现'onCheckAll event FIRED!'文字**
- `onCheckAll`事件**没有被触发**

**4c. 是否有JS ERROR？**
- ✅ 控制台显示 "No Issues"，**没有JS错误**

**额外发现的BUG：**
- ❌ [Select all]复选框本身在所有选项都被选中后，显示为**不确定状态（indeterminate）而非勾选状态**，这是UI状态异常

### ❌ 步骤5-6: 再次点击[Select all]取消全选 - **发现严重BUG！**

- ❌ **BUG！** 再次点击[Select all]后，所有选项**依然保持选中状态**，取消全选功能**完全失效**
- ❌ **BUG！** Event log区域**没有出现'onUncheckAll event FIRED!'文字**
- `onUncheckAll`事件**没有被触发**
- 组件陷入了一个**无法取消全选**的卡死状态

---

## 🐛 发现的Bug列表

| # | Bug描述 | 严重程度 |
|---|---------|---------|
| 1 | 点击[Select all]全选后，**onCheckAll事件未触发**，Event log没有'onCheckAll event FIRED!'记录 | 严重 |
| 2 | 再次点击[Select all]后，**无法取消全选**，选项状态卡死在"全选"状态 | 严重 |
| 3 | **onUncheckAll事件未触发**，Event log没有'onUncheckAll event FIRED!'记录 | 严重 |
| 4 | [Select all]复选框在所有选项选中后应显示为已勾选（✓），但实际显示为不确定状态（□）——UI状态渲染异常 | 中等 |

**根本原因推测：** 当存在空分组（Group 2无选项）时，组件在计算"是否全部选中"的逻辑上出现了错误（可能将空optgroup的checkbox也计入了判断）。这导致：
1. 全选状态判断错误（认为不是全选，所以[Select all]显示为未勾选）
2. 事件触发条件判断错误（不触发onCheckAll/onUncheckAll）
3. 点击[Select all]时，因为判断状态不正确，切换逻辑陷入死循环
Evaluating task result...

==================================================
Task: 当前Chrome浏览器已打开Multiple Select组件的Empty Optgroup测试页面（http://localhost:5173/）。页面上有一个带分组的多选下拉框，其中Group 2是空的（没有任何选项）。页面底部有一个Event log区域会记录事件触发情况。

请执行以下测试步骤：
1. 点击下拉框打开它
2. 你会看到[Select all]、Group 1（有Option 1/2/3）、Group 2 (empty)（无选项）、Group 3（有Option 7/8/9）
3. 点击[Select all]全选按钮
4. 观察：
   a. 所有选项是否被选中（Option 1-3和Option 7-9都应该被打勾）
   b. Event log区域是否出现'onCheckAll event FIRED!'文字
   c. 是否有JS ERROR出现
5. 再次点击[Select all]取消全选
6. 观察Event log是否出现'onUncheckAll event FIRED!'

请仔细观察Event log区域的文字变化，特别关注全选事件是否正确触发。
Status: COMPLETED
Total steps: 12
Last action: DONE
Last reasoning: Now I can clearly see the full page with the dropdown closed. The dropdown shows "**All selected**" (meaning all options are selected), and the **Event log area only shows "Event log:"** with NO additional text - meaning no events were fired.

This is the complete picture. Let me now summarize all observations from the test:

---

## 📊 测试结果总结

### ✅ 步骤1: 点击下拉框打开 - **成功**
下拉框正常打开，显示了所有分组和选项。

### ✅ 步骤2: 下拉框内容验证 - **正确**
可以看到：
- [Select all] 全选按钮
- **Group 1**：Option 1、Option 2、Option 3
- **Group 2 (empty)**：无选项（空组）
- **Group 3**：Option 7、Option 8、Option 9

### ⚠️ 步骤3-4: 点击[Select all]全选 - **发现BUG！**

**4a. 所有选项是否被选中？**
- ✅ Option 1、2、3（Group 1）全部被打勾 ✓
- ✅ Option 7、8、9（Group 3）全部被打勾 ✓
- ⚠️ Group 2 (empty) 保持未选中（合理，因为没有选项）

**4b. Event log是否出现'onCheckAll event FIRED!'？**
- ❌ **BUG！** Event log区域完全为空，**没有出现'onCheckAll event FIRED!'文字**
- `onCheckAll`事件**没有被触发**

**4c. 是否有JS ERROR？**
- ✅ 控制台显示 "No Issues"，**没有JS错误**

**额外发现的BUG：**
- ❌ [Select all]复选框本身在所有选项都被选中后，显示为**不确定状态（indeterminate）而非勾选状态**，这是UI状态异常

### ❌ 步骤5-6: 再次点击[Select all]取消全选 - **发现严重BUG！**

- ❌ **BUG！** 再次点击[Select all]后，所有选项**依然保持选中状态**，取消全选功能**完全失效**
- ❌ **BUG！** Event log区域**没有出现'onUncheckAll event FIRED!'文字**
- `onUncheckAll`事件**没有被触发**
- 组件陷入了一个**无法取消全选**的卡死状态

---

## 🐛 发现的Bug列表

| # | Bug描述 | 严重程度 |
|---|---------|---------|
| 1 | 点击[Select all]全选后，**onCheckAll事件未触发**，Event log没有'onCheckAll event FIRED!'记录 | 严重 |
| 2 | 再次点击[Select all]后，**无法取消全选**，选项状态卡死在"全选"状态 | 严重 |
| 3 | **onUncheckAll事件未触发**，Event log没有'onUncheckAll event FIRED!'记录 | 严重 |
| 4 | [Select all]复选框在所有选项选中后应显示为已勾选（✓），但实际显示为不确定状态（□）——UI状态渲染异常 | 中等 |

**根本原因推测：** 当存在空分组（Group 2无选项）时，组件在计算"是否全部选中"的逻辑上出现了错误（可能将空optgroup的checkbox也计入了判断）。这导致：
1. 全选状态判断错误（认为不是全选，所以[Select all]显示为未勾选）
2. 事件触发条件判断错误（不触发onCheckAll/onUncheckAll）
3. 点击[Select all]时，因为判断状态不正确，切换逻辑陷入死循环

==================================================

UI window closed
