Session created: sess-20260416204052-a37e3922068d4f22b28bee0056e0f79e
UI panel initialized successfully
UI window displayed
Expected result: 演示文档页面能正常加载，页面内容完整显示，导航链接可正常跳转，各示例页面的静态资源（JS、CSS、图片等）均能正确加载，无404错误或空白页面。
[step 0] Action: Initializing
[step 0] Reasoning: Initializing session connection
[step 0] Action: screenshot
[step 1] Action: Open url: http://localhost:4200
[step 1] Reasoning: 我可以看到Chrome浏览器已经打开了ng-select演示网站（localhost:4200），页面正在显示"Data sources"内容。让我先访问首页，然后逐一检查导航链接。
[step 2] Action: left_click (449, 33)
[step 2] Reasoning: 页面已在新标签中打开，但URL仍显示为`localhost:4200/#/data-sources`，说明首页自动重定向到了Data sources页面。让我点击新标签并查看内容，然后检查各个导航链接。
[step 3] Action: Minimize panel
[step 3] Reasoning: 现在我可以看到ng-select演示页面正在正常显示。页面显示了：
1. 左侧导航菜单（Data sources, Reactive forms, Data bindings, Search and autocomplete, Tags, Templates, Multiselect, Multiselect checkbox, Output events, Virtual scroll, Dropdown position, Fixed Placeholder, Append to element, Grouping）
2. 主内容区域显示了"Data sources"示例

页面看起来正常加载。注意到URL是`localhost:4200/#/data-sources`，说明路由正常工作。让我先最小化任务状态面板以获得更好的视图，然后测试各个导航链接。
[step 4] Action: left_click (255, 187)
[step 4] Reasoning: 现在可以更清楚地看到页面了。页面已经正常加载，显示了：
- **顶部导航栏**：`@ng-select/ng-select` logo，以及 default 和 LTR 按钮，Github 链接
- **左侧导航菜单**：Data sources（当前选中）、Reactive forms、Data bindings、Search and autocomplete、Tags、Templates、Multiselect、Multiselect checkbox、Output events、Virtual scroll、Dropdown position、Fixed Placeholder、Append to element、Grouping
- **主内容区域**：显示Data sources的示例内容，包括"Backend data with async pipe"、"Array of objects"等示例组件

现在让我逐一点击导航链接，验证各子页面是否正常跳转。
[step 5] Action: left_click (252, 213)
[step 5] Reasoning: **Reactive forms** 页面正常加载，URL更新为 `localhost:4200/#/forms`，显示了：
- "Reactive form using ng-option"（不可搜索的选择框、基本选择框）
- "Single select with required validation"（单选与必填验证）
- "Multi select with clear button"（多选带清除按钮）

现在继续点击 **Data bindings** 导航链接：
[step 6] Action: left_click (281, 240)
[step 6] Reasoning: **Data bindings** 页面正常加载，URL更新为 `localhost:4200/#/bindings`，显示了绑定到默认值、自定义值、嵌套属性的示例。继续测试 **Search and autocomplete**：
[step 7] Action: left_click (230, 267)
[step 7] Reasoning: **Search and autocomplete** 页面正常加载，URL更新为 `localhost:4200/#/search`，显示了搜索示例、多字段搜索和自定义服务端搜索示例。继续测试 **Tags**：
[step 8] Action: left_click (244, 293)
[step 8] Reasoning: **Tags** 页面正常加载，URL更新为 `localhost:4200/#/tags`，显示了默认标签、自定义标签、服务端标签和无下拉面板标签的示例。继续测试 **Templates**：
[step 9] Action: left_click (245, 320)
[step 9] Reasoning: **Templates** 页面正常加载，URL更新为 `localhost:4200/#/templates`，显示了自定义标签模板、自定义占位符模板、自定义选项模板、自定义选项组模板和自定义页眉页脚模板等示例。继续测试 **Multiselect**：
[step 10] Action: left_click (270, 347)
[step 10] Reasoning: **Multiselect** 页面正常加载，URL更新为 `localhost:4200/#/multiselect`，显示了多选、隐藏已选项和限制选择数量等示例。继续测试 **Multiselect checkbox**：
[step 11] Action: left_click (253, 373)
[step 11] Reasoning: **Multiselect checkbox** 页面正常加载，URL更新为 `localhost:4200/#/multiselect-checkbox`，显示了多选复选框和分组多选复选框的示例。继续测试 **Output events**：
[step 12] Action: left_click (249, 400)
[step 12] Reasoning: **Output events** 页面正常加载，URL更新为 `localhost:4200/#/events`，显示了输出事件的选择框示例。继续测试 **Virtual scroll**：
[step 13] Action: left_click (264, 427)
[step 13] Reasoning: **Virtual scroll** 页面正常加载，URL更新为 `localhost:4200/#/virtual-scroll`，显示了虚拟滚动的示例（大数据集只渲染约30个DOM元素）。继续测试 **Dropdown position**：
[step 14] Action: left_click (261, 454)
[step 14] Reasoning: **Dropdown position** 页面正常加载，URL更新为 `localhost:4200/#/dropdown-position`，显示了下拉框位置控制的示例（自动、顶部、右侧、底部、左侧）。继续测试 **Fixed Placeholder**：
[step 15] Action: left_click (265, 480)
[step 15] Reasoning: **Fixed Placeholder** 页面正常加载，URL更新为 `localhost:4200/#/fixed-placeholder`，显示了固定占位符的示例。继续测试 **Append to element**：
[step 16] Action: left_click (241, 507)
[step 16] Reasoning: **Append to element** 页面正常加载，URL更新为 `localhost:4200/#/append-to-element`，显示了下拉框附加到指定元素的示例。最后测试 **Grouping**：
[step 17] Action: left_click (251, 160)
[step 17] Reasoning: **Grouping** 页面正常加载，URL更新为 `localhost:4200/#/grouping`，显示了按item key分组、按函数表达式分组和可选择分组的示例。

现在我已经成功测试了所有导航链接。让我也验证一下首页（Data sources）的加载情况：
[step 18] Action: DONE
[step 18] Reasoning: **Data sources** 首页正常加载，URL为 `localhost:4200/#/data-sources`，显示了完整的示例内容包括"Backend data with async pipe"、"Array of objects"、"Display data using ng-option"等。

所有测试完成！以下是完整的测试结果总结：

---

## 测试结果总结

### ✅ 页面加载状态
ng-select 演示网站 (`http://localhost:4200`) **正常加载运行**，无404错误、无空白页面、无资源加载失败情况。

### ✅ 页面结构检查
- **顶部导航栏**：正确显示 `@ng-select/ng-select` logo，以及 `default`、`LTR` 主题切换按钮和 `Github` 链接
- **左侧导航菜单**：完整显示14个导航项目，所有链接可点击
- **主内容区域**：各页面正确渲染示例组件和文档说明

### ✅ 导航链接测试（全部通过）

| 导航项 | URL | 状态 |
|--------|-----|------|
| Data sources | `/#/data-sources` | ✅ 正常 |
| Reactive forms | `/#/forms` | ✅ 正常 |
| Data bindings | `/#/bindings` | ✅ 正常 |
| Search and autocomplete | `/#/search` | ✅ 正常 |
| Tags | `/#/tags` | ✅ 正常 |
| Templates | `/#/templates` | ✅ 正常 |
| Multiselect | `/#/multiselect` | ✅ 正常 |
| Multiselect checkbox | `/#/multiselect-checkbox` | ✅ 正常 |
| Output events | `/#/events` | ✅ 正常 |
| Virtual scroll | `/#/virtual-scroll` | ✅ 正常 |
| Dropdown position | `/#/dropdown-position` | ✅ 正常 |
| Fixed Placeholder | `/#/fixed-placeholder` | ✅ 正常 |
| Append to element | `/#/append-to-element` | ✅ 正常 |
| Grouping | `/#/grouping` | ✅ 正常 |

### 📝 视觉观察
- 页面布局正常，无重叠元素或布局错误
- 各示例组件均正确渲染（选择框、标签、复选框等）
- 每个示例均提供 StackBlitz 和代码查看按钮（`</>` 图标）
- 选择框中预填充了默认值（如 "Karyn Wright"、"Adam" 等），说明数据绑定正常工作

**结论：ng-select 演示文档页面工作完全正常，所有导航链接均可正常跳转，示例组件正确渲染，无任何错误或异常。**
Evaluating task result...

==================================================
Task: 当前Chrome浏览器已打开ng-select演示网站，地址是http://localhost:4200。测试 ng-select 的文档演示页面是否能正常加载和访问。启动项目后，在浏览器中访问演示页面首页，检查页面是否能正确渲染内容，包括导航菜单、示例组件和文档说明等。确认页面没有出现空白、404错误或资源加载失败的情况。尝试点击页面上的导航链接，验证各子页面和示例能否正常跳转和显示。请始终在浏览器内操作，禁止打开 Terminal、Finder 或其他应用程序。如果在浏览器中找不到目标功能，直接标记 result 为 unclear，result_summary 写明'未在页面中找到目标功能入口'。
Status: COMPLETED
Total steps: 18
Last action: DONE
Last reasoning: **Data sources** 首页正常加载，URL为 `localhost:4200/#/data-sources`，显示了完整的示例内容包括"Backend data with async pipe"、"Array of objects"、"Display data using ng-option"等。

所有测试完成！以下是完整的测试结果总结：

---

## 测试结果总结

### ✅ 页面加载状态
ng-select 演示网站 (`http://localhost:4200`) **正常加载运行**，无404错误、无空白页面、无资源加载失败情况。

### ✅ 页面结构检查
- **顶部导航栏**：正确显示 `@ng-select/ng-select` logo，以及 `default`、`LTR` 主题切换按钮和 `Github` 链接
- **左侧导航菜单**：完整显示14个导航项目，所有链接可点击
- **主内容区域**：各页面正确渲染示例组件和文档说明

### ✅ 导航链接测试（全部通过）

| 导航项 | URL | 状态 |
|--------|-----|------|
| Data sources | `/#/data-sources` | ✅ 正常 |
| Reactive forms | `/#/forms` | ✅ 正常 |
| Data bindings | `/#/bindings` | ✅ 正常 |
| Search and autocomplete | `/#/search` | ✅ 正常 |
| Tags | `/#/tags` | ✅ 正常 |
| Templates | `/#/templates` | ✅ 正常 |
| Multiselect | `/#/multiselect` | ✅ 正常 |
| Multiselect checkbox | `/#/multiselect-checkbox` | ✅ 正常 |
| Output events | `/#/events` | ✅ 正常 |
| Virtual scroll | `/#/virtual-scroll` | ✅ 正常 |
| Dropdown position | `/#/dropdown-position` | ✅ 正常 |
| Fixed Placeholder | `/#/fixed-placeholder` | ✅ 正常 |
| Append to element | `/#/append-to-element` | ✅ 正常 |
| Grouping | `/#/grouping` | ✅ 正常 |

### 📝 视觉观察
- 页面布局正常，无重叠元素或布局错误
- 各示例组件均正确渲染（选择框、标签、复选框等）
- 每个示例均提供 StackBlitz 和代码查看按钮（`</>` 图标）
- 选择框中预填充了默认值（如 "Karyn Wright"、"Adam" 等），说明数据绑定正常工作

**结论：ng-select 演示文档页面工作完全正常，所有导航链接均可正常跳转，示例组件正确渲染，无任何错误或异常。**

==================================================

UI window closed
