Session created: sess-20260416212156-79b75b13a9c9499f8fb3a2e699b19c61
UI panel initialized successfully
UI window displayed
Expected result: ng-select 组件的下拉面板应正常显示在页面最上层，选项列表完全可见且可交互，点击选项后能正常选中。
[step 0] Action: Initializing
[step 0] Reasoning: Initializing session connection
[step 0] Action: screenshot
[step 1] Action: scroll down (300, 400) scroll_amount 3
[step 1] Reasoning: I can see the ng-select demo website. Let me scroll through the left navigation to look for any popover-related links.
[step 2] Action: scroll down (300, 400) scroll_amount 3
[step 2] Reasoning: I can see the navigation items now. The visible items are: Reactive forms, Data bindings, Search and autocomplete, Tags, Templates, Multiselect, Multiselect checkbox, Output events, Virtual scroll, Dropdown position, Fixed Placeholder, Append to element, Grouping. There's no popover link visible. Let me check if there are more items by scrolling down further, and also check each page for popover functionality. Let me first look through all navigation items by checking if "Append to element" might be related to popover.

Let me also check if there are more navigation items beyond "Grouping":
[step 3] Action: left_click (265, 226)
[step 3] Reasoning: I can see the navigation ends with "Grouping" - there's no explicit "popover" link in the navigation. The navigation items are:
- Data sources
- Reactive forms
- Data bindings
- Search and autocomplete
- Tags
- Templates
- Multiselect
- Multiselect checkbox
- Output events
- Virtual scroll
- Dropdown position
- Fixed Placeholder
- Append to element
- Grouping

There's no popover-specific link. However, the task says to browse individual example pages to find popover-related functionality. The "Dropdown position" page might be related to popover behavior (dropdown appearing above/below). Let me also check each page. Let me click on "Dropdown position" first as it's most likely to have popover-like functionality.
[step 4] Action: left_click (265, 427)
[step 4] Reasoning: I'm on the "Dropdown position" page. This page shows dropdownPosition settings but doesn't specifically mention "popover". Let me now check each of the other navigation pages to look for popover-related functionality. Let me check each page one by one. Let me start with "Append to element" as it might be related to popover behavior.
[step 5] Action: left_click (244, 240)
[step 5] Reasoning: The "Append to element" page is about appending dropdown to body or other parent element - this is related to z-index issues and overflow, not specifically popover. Let me check the remaining pages. Let me go through the pages that might have popover functionality. Let me check "Templates" and "Fixed Placeholder" and others.

Let me navigate through the remaining pages systematically. I'll check each page by clicking on the navigation links:
[step 6] Action: left_click (255, 133)
[step 6] Reasoning: I'm on the Templates page. This shows custom templates for label, placeholder, option, optgroup. No popover here. Let me check "Data bindings" page and "Reactive forms" page, and also scroll through all pages to find anything popover-related. 

Let me now check the remaining pages systematically. I'll quickly check Reactive forms:
[step 7] Action: left_click (253, 160)
[step 7] Reasoning: I'm on the Reactive forms page. This shows forms with ng-select but no popover-related functionality. Let me now check "Data bindings" page:
[step 8] Action: left_click (282, 187)
[step 8] Reasoning: Data bindings page shows binding to default values, custom values, and nested properties. No popover functionality. Let me now check the remaining pages - Search and autocomplete, Tags, Multiselect, Multiselect checkbox, Output events, Virtual scroll, Fixed Placeholder, Grouping. Let me check them quickly:
[step 9] Action: scroll down (640, 400) scroll_amount 5
[step 9] Reasoning: Search and autocomplete page - no popover. Let me scroll down to check if there's any popover-related content on this page:
[step 10] Action: left_click (253, 320)
[step 10] Reasoning: No popover here. Let me check the remaining pages quickly - Tags, Multiselect, Output events, Fixed Placeholder, Grouping:
[step 11] Action: scroll up (300, 200) scroll_amount 3
[step 11] Reasoning: The navigation didn't scroll up. I see the navigation has "Multiselect", "Output events", etc. but I need to scroll up in the navigation to see "Tags". Let me scroll up and click on Tags:
[step 12] Action: left_click (231, 147)
[step 12] Reasoning: Good, now I can see "Tags" in the navigation. Let me click on it and also check all other pages. Since I've already checked most pages and haven't found popover, let me also check Tags, Output events, Fixed Placeholder, and Grouping:
[step 13] Action: left_click (253, 253)
[step 13] Reasoning: Tags page - no popover. Let me check the Output events page:
[step 14] Action: left_click (262, 400)
[step 14] Reasoning: Output events page - just one ng-select for output events, no popover. Let me check Fixed Placeholder and Grouping:
[step 15] Action: left_click (241, 453)
[step 15] Reasoning: Fixed Placeholder page - no popover. Let me check Grouping:
[step 16] Action: left_click (246, 266)
[step 16] Reasoning: Grouping page - no popover. I have now checked all navigation pages in this ng-select demo website:
1. Data sources - no popover
2. Reactive forms - no popover
3. Data bindings - no popover
4. Search and autocomplete - no popover
5. Tags - no popover
6. Templates - no popover
7. Multiselect - not checked yet
8. Multiselect checkbox - not checked yet
9. Output events - no popover
10. Virtual scroll - not checked yet
11. Dropdown position - no popover
12. Fixed Placeholder - no popover
13. Append to element - no popover
14. Grouping - no popover

Let me quickly check Multiselect, Multiselect checkbox, and Virtual scroll:
[step 17] Action: left_click (271, 293)
[step 17] Reasoning: Multiselect page - no popover. Let me check Multiselect checkbox and Virtual scroll:
[step 18] Action: left_click (249, 347)
[step 18] Reasoning: Multiselect checkbox page - no popover. Let me check Virtual scroll:
[step 19] Action: left_click (251, 107)
[step 19] Reasoning: Virtual scroll page - no popover. Let me also check Data sources page, which I haven't visited:
[step 20] Action: scroll up (300, 300) scroll_amount 5
[step 20] Reasoning: Data sources page - no popover. I have now visited all navigation pages in the ng-select demo website and none of them have a popover-related example or ng-select component with a popover attribute.

Let me also check if there might be more pages not visible in the navigation, or if the navigation has additional items when scrolled up to the very top:
[step 21] Action: DONE
[step 21] Reasoning: Now I can see the full navigation list. The complete navigation consists of:
- Data sources
- Reactive forms
- Data bindings
- Search and autocomplete
- Tags
- Templates
- Multiselect
- Multiselect checkbox
- Output events
- Virtual scroll
- Dropdown position
- Fixed Placeholder
- Append to element
- Grouping

I have now visited all 14 navigation pages in the ng-select demo website at http://localhost:4200. None of them contain a popover-related example or an ng-select component with a popover attribute or configuration.

Based on my thorough review of all pages in the ng-select demo website, I can confirm that there is no popover-related example or functionality in any of the pages. The task instructions state that if no popover-related example can be found in the browser, I should mark the result as "unclear" with the summary '未在页面中找到popover相关示例'.

**测试结论：**

经过对 ng-select 演示网站 (http://localhost:4200) 所有页面的系统性浏览，我检查了以下所有导航页面：

1. **Data sources** - 无 popover 相关内容
2. **Reactive forms** - 无 popover 相关内容
3. **Data bindings** - 无 popover 相关内容
4. **Search and autocomplete** - 无 popover 相关内容
5. **Tags** - 无 popover 相关内容
6. **Templates** - 无 popover 相关内容
7. **Multiselect** - 无 popover 相关内容
8. **Multiselect checkbox** - 无 popover 相关内容
9. **Output events** - 无 popover 相关内容
10. **Virtual scroll** - 无 popover 相关内容
11. **Dropdown position** - 无 popover 相关内容
12. **Fixed Placeholder** - 无 popover 相关内容
13. **Append to element** - 无 popover 相关内容
14. **Grouping** - 无 popover 相关内容

**result: unclear**

**result_summary: 未在页面中找到popover相关示例**

在 ng-select 演示网站的所有 14 个导航页面中，均未发现任何与 popover 相关的示例、属性或配置。该演示网站包含数据源、响应式表单、数据绑定、搜索自动完成、标签、模板、多选、多选复选框、输出事件、虚拟滚动、下拉位置、固定占位符、附加到元素和分组等示例，但没有 popover 相关的功能演示。
Evaluating task result...

==================================================
Task: 当前Chrome浏览器已打开ng-select演示网站，地址是http://localhost:4200。测试 ng-select 组件的 popover 功能。步骤：1. 在页面左侧导航栏中查找与 popover 相关的示例链接，如果没有直接的 popover 链接，则浏览各个示例页面查找包含 popover 属性或配置的 ng-select 组件；2. 找到后点击该 ng-select 组件打开下拉面板；3. 验证下拉面板是否正常显示在页面最上层（不被其他元素遮挡）；4. 确认选项列表完全可见且可以交互；5. 点击某个选项，确认选项能够被正常选中。请始终在浏览器内操作，禁止打开 Terminal、Finder 或其他应用程序。如果在浏览器中找不到 popover 相关的示例或目标功能，直接标记 result 为 unclear，result_summary 写明'未在页面中找到popover相关示例'。
Status: COMPLETED
Total steps: 21
Last action: DONE
Last reasoning: Now I can see the full navigation list. The complete navigation consists of:
- Data sources
- Reactive forms
- Data bindings
- Search and autocomplete
- Tags
- Templates
- Multiselect
- Multiselect checkbox
- Output events
- Virtual scroll
- Dropdown position
- Fixed Placeholder
- Append to element
- Grouping

I have now visited all 14 navigation pages in the ng-select demo website at http://localhost:4200. None of them contain a popover-related example or an ng-select component with a popover attribute or configuration.

Based on my thorough review of all pages in the ng-select demo website, I can confirm that there is no popover-related example or functionality in any of the pages. The task instructions state that if no popover-related example can be found in the browser, I should mark the result as "unclear" with the summary '未在页面中找到popover相关示例'.

**测试结论：**

经过对 ng-select 演示网站 (http://localhost:4200) 所有页面的系统性浏览，我检查了以下所有导航页面：

1. **Data sources** - 无 popover 相关内容
2. **Reactive forms** - 无 popover 相关内容
3. **Data bindings** - 无 popover 相关内容
4. **Search and autocomplete** - 无 popover 相关内容
5. **Tags** - 无 popover 相关内容
6. **Templates** - 无 popover 相关内容
7. **Multiselect** - 无 popover 相关内容
8. **Multiselect checkbox** - 无 popover 相关内容
9. **Output events** - 无 popover 相关内容
10. **Virtual scroll** - 无 popover 相关内容
11. **Dropdown position** - 无 popover 相关内容
12. **Fixed Placeholder** - 无 popover 相关内容
13. **Append to element** - 无 popover 相关内容
14. **Grouping** - 无 popover 相关内容

**result: unclear**

**result_summary: 未在页面中找到popover相关示例**

在 ng-select 演示网站的所有 14 个导航页面中，均未发现任何与 popover 相关的示例、属性或配置。该演示网站包含数据源、响应式表单、数据绑定、搜索自动完成、标签、模板、多选、多选复选框、输出事件、虚拟滚动、下拉位置、固定占位符、附加到元素和分组等示例，但没有 popover 相关的功能演示。

==================================================

UI window closed
