Session created: sess-20260418231751-d16398b2da1249bbb0dbe7d37d4a5510
UI panel initialized successfully
UI window displayed
Expected result: 当处于浅色模式时，按钮标签应显示 'Dark Mode'；点击切换到深色模式后，按钮标签应动态变为 'Light Mode'；再次点击切换回浅色模式后，按钮标签应恢复为 'Dark Mode'。按钮标签始终反映点击后将要切换到的模式。
[step 0] Action: Initializing
[step 0] Reasoning: Initializing session connection
[step 0] Action: screenshot
[step 1] Action: left_click (148, 91)
[step 1] Reasoning: I can see the Notpad application is open with a menu bar containing File, Edit, Search, View, and Help menus. I need to check these menus for a dark/light mode toggle. Let me start by checking the View menu.
[step 2] Action: left_click (160, 222)
[step 2] Reasoning: I can see the View menu is open and there's a "Dark Mode" option at the bottom. The current label is "Dark Mode", which means the app is currently in light mode (the button shows what you can switch to). 

**Current state:** The button shows "Dark Mode" - this is correct for light mode (it shows the target mode you can switch to).

Now I'll click "Dark Mode" to switch to dark mode and observe what happens.
[step 3] Action: left_click (148, 91)
[step 3] Reasoning: The app has switched to dark mode - the background is now black/dark. Now I need to open the View menu again to check if the button label has changed to "Light Mode".
[step 4] Action: left_click (160, 222)
[step 4] Reasoning: **Bug detected!** After switching to dark mode, the View menu still shows "Dark Mode" instead of "Light Mode". The label has NOT changed to "Light Mode" as expected. The button label is not dynamically updating to reflect the current theme state.

- **Expected behavior:** After switching to dark mode, the button should show "Light Mode" (to indicate you can switch to light mode)
- **Actual behavior:** The button still shows "Dark Mode" even though dark mode is already active

Let me click on "Dark Mode" again to switch back to light mode and verify the behavior in the other direction.
[step 5] Action: left_click (148, 91)
[step 5] Reasoning: The app has returned to light mode (white background). Now let me open the View menu again to verify the label in light mode.
[step 6] Action: key: Escape
[step 6] Reasoning: Now I have a complete picture of the test results. Let me close the menu and summarize my findings.
[step 7] Action: DONE
[step 7] Reasoning: ## 测试结果总结

### 测试结论：**FAIL** ❌

**测试步骤与观察结果：**

1. **初始状态（浅色模式）：** 打开 View 菜单，看到按钮标签为 **"Dark Mode"** ✅ （符合预期，浅色模式下显示可切换的目标模式）

2. **切换到深色模式后：** 点击 "Dark Mode" 按钮，应用成功切换到深色模式（背景变黑）。再次打开 View 菜单，按钮标签仍然显示 **"Dark Mode"** ❌ （不符合预期，深色模式下应显示 "Light Mode"）

3. **切换回浅色模式后：** 点击 "Dark Mode" 按钮，应用切换回浅色模式（背景变白）。再次打开 View 菜单，按钮标签显示 **"Dark Mode"** ✅ （符合预期，浅色模式下显示 "Dark Mode"）

### Bug 描述：
**按钮标签不会动态更新。** 在深色模式下，View 菜单中的按钮标签未从 "Dark Mode" 更改为 "Light Mode"。标签始终固定显示为 "Dark Mode"，没有根据当前主题模式动态变化。

- **预期行为：** 深色模式下显示 "Light Mode"，浅色模式下显示 "Dark Mode"
- **实际行为：** 无论当前处于何种模式，标签始终显示 "Dark Mode"，标签没有动态更新功能
Evaluating task result...

==================================================
Task: 当前Chrome浏览器已打开notpad网站，地址是http://localhost:5173/Notpad。测试深色/浅色模式切换按钮的标签是否会根据当前主题模式动态变化。操作步骤：1. 打开应用主页面，找到菜单栏（MenuBar）区域。2. 查找与主题模式切换相关的按钮（可能在菜单栏的某个下拉菜单中，如 View 或 Format 菜单）。3. 观察当前按钮的标签文本（例如显示 'Dark Mode' 或 'Light Mode'）。4. 点击该按钮切换到深色模式，然后再次打开菜单，检查按钮标签是否变为 'Light Mode'。5. 再次点击切换回浅色模式，检查按钮标签是否变回 'Dark Mode'。验证按钮标签始终与可切换的目标模式一致，即在深色模式下显示 'Light Mode'，在浅色模式下显示 'Dark Mode'。始终在浏览器内操作，禁止打开 Terminal 或其他应用程序。如果在浏览器中找不到目标功能，直接报告 unclear。 请始终在浏览器内操作，禁止打开 Terminal、Finder 或其他应用程序。如果在浏览器中找不到目标功能，直接标记 result 为 unclear，result_summary 写明'未在页面中找到目标功能入口'。
Status: COMPLETED
Total steps: 7
Last action: DONE
Last reasoning: ## 测试结果总结

### 测试结论：**FAIL** ❌

**测试步骤与观察结果：**

1. **初始状态（浅色模式）：** 打开 View 菜单，看到按钮标签为 **"Dark Mode"** ✅ （符合预期，浅色模式下显示可切换的目标模式）

2. **切换到深色模式后：** 点击 "Dark Mode" 按钮，应用成功切换到深色模式（背景变黑）。再次打开 View 菜单，按钮标签仍然显示 **"Dark Mode"** ❌ （不符合预期，深色模式下应显示 "Light Mode"）

3. **切换回浅色模式后：** 点击 "Dark Mode" 按钮，应用切换回浅色模式（背景变白）。再次打开 View 菜单，按钮标签显示 **"Dark Mode"** ✅ （符合预期，浅色模式下显示 "Dark Mode"）

### Bug 描述：
**按钮标签不会动态更新。** 在深色模式下，View 菜单中的按钮标签未从 "Dark Mode" 更改为 "Light Mode"。标签始终固定显示为 "Dark Mode"，没有根据当前主题模式动态变化。

- **预期行为：** 深色模式下显示 "Light Mode"，浅色模式下显示 "Dark Mode"
- **实际行为：** 无论当前处于何种模式，标签始终显示 "Dark Mode"，标签没有动态更新功能

==================================================

UI window closed
