Session created: sess-20260418232634-09f5de2a931348cdb3ff9337eb6e89e7
UI panel initialized successfully
UI window displayed
Expected result: 菜单栏正常显示且可点击展开子菜单，编辑区域可以正常获得焦点并接受文字输入，输入的文字能正确显示在编辑区域中，整体布局（菜单栏在上、编辑区域在下）正常。
[step 0] Action: Initializing
[step 0] Reasoning: Initializing session connection
[step 0] Action: screenshot
[step 1] Action: left_click (21, 91)
[step 1] Reasoning: I can see the Notpad application is loaded. Let me analyze what I see:

1. **Page is loaded** - The Notpad application at localhost:5173/Notpad/ is open
2. **MenuBar** - I can see menu items: File, Edit, Search, View, Settings at the top
3. **EditorTabs** - I notice there's NO visible editor tabs bar (which is a potential visual issue)
4. **Text editing area** - There's a large white editing area with a cursor visible at the top-left
5. **Status bar** - At the bottom: "Line: 1, Column: 1 | 0 Character | 0 Word"

**Visual observation**: The EditorTabs section appears to be missing or not visible between the menu bar and the editing area.

Let me now test the menu items by clicking on each one.
[step 2] Action: left_click (57, 91)
[step 2] Reasoning: The **File menu** opened successfully and shows these sub-items:
- New (Ctrl+Alt+N)
- Open... (Ctrl+O)
- Save (Ctrl+S)
- Save as... (Ctrl+Shift+S)
- Print (Ctrl+P)
- Exit (with an icon)

The File menu is working correctly. Now let me click on the Edit menu.
[step 3] Action: left_click (57, 91)
[step 3] Reasoning: I see that clicking "Edit" closed the File menu but the Edit menu didn't open (the dropdown isn't showing). Let me click on Edit again to try to open it.
[step 4] Action: left_click (57, 91)
[step 4] Reasoning: The Edit menu still didn't open. This appears to be a bug - the Edit menu doesn't open when clicked. Let me try clicking on Edit one more time to confirm this behavior.

**Visual observation**: The Edit menu is not opening when clicked - this could be a functional bug in the application.

Let me try clicking the Edit menu text more precisely:
[step 5] Action: left_click (102, 91)
[step 5] Reasoning: I've confirmed the **Edit menu is not working** - clicking it 3 times did not open any dropdown menu. This is a functional bug in the application.

Now let me test the other menu items (Search, View, Settings) to see if they work:
[step 6] Action: left_click (102, 91)
[step 6] Reasoning: The **Search menu** also didn't open. Let me try clicking on it again:
[step 7] Action: left_click (150, 91)
[step 7] Reasoning: The Search menu also doesn't open. Let me try the View and Settings menus:
[step 8] Action: left_click (150, 91)
[step 8] Reasoning: View menu also didn't open. Let me try clicking on "View" and "Settings" again to confirm:
[step 9] Action: left_click (199, 91)
[step 9] Reasoning: View menu is confirmed to not be working. Now let me test the Settings menu:
[step 10] Action: left_click (199, 91)
[step 10] Reasoning: Settings menu also didn't open. I can see the "Settings" text appears highlighted/selected (slightly different appearance) but no dropdown appeared. Let me try clicking the Settings menu again:
[step 11] Action: left_click (530, 380)
[step 11] Reasoning: Confirmed - the Settings menu also does not open. Now let me proceed to step 3 and 4: Check the EditorTabs and try typing in the editing area. I need to click on the text editing area and type "Hello World":
[step 12] Action: type: Hello World
[step 12] Reasoning: I clicked on the editing area. The cursor should now be in the editing area (I can see there's a blinking cursor at the top-left of the editing area). Now let me type "Hello World":
[step 13] Action: screenshot
[step 13] Reasoning: Excellent! "Hello World" has been successfully typed in the editing area. I can see:
- **Text displayed**: "Hello World" is shown in the editing area at the top-left
- **Status bar updated**: Now shows "Line: 1, Column: 12 | 11 Characters | 2 Words" - correctly reflecting the typed text
- **Cursor position**: After "Hello World" (column 12)

The text input is working correctly. Now let me take a full screenshot to verify the overall layout and check for the EditorTabs:
[step 14] Action: DONE
[step 14] Reasoning: Now I have a clear view of the complete layout. Let me analyze everything I've observed:

**Complete Test Summary:**

## Layout Analysis:

**Overall Layout (Step 5)**:
- ✅ **MenuBar at top**: The menu bar with File, Edit, Search, View, Settings is correctly positioned at the top
- ✅ **Editing area below**: The text editing area is correctly positioned below the menu bar
- ✅ **Status bar at bottom**: Shows "Line: 1, Column: 12 | 11 Characters | 2 Words"
- ❌ **EditorTabs missing**: There is NO visible EditorTabs section between the menu bar and the editing area. This is a visual/functional issue - the EditorTabs component is either not rendered or invisible.

## Test Results by Step:

### Step 1 - Page Loading ✅
Page fully loaded at localhost:5173/Notpad/

### Step 2 - MenuBar Testing ⚠️ PARTIAL PASS / BUGS FOUND
- ✅ **File menu**: Opens correctly showing New, Open..., Save, Save as..., Print, Exit sub-items
- ❌ **Edit menu**: Does NOT open when clicked (functional bug)
- ❌ **Search menu**: Does NOT open when clicked (functional bug)  
- ❌ **View menu**: Does NOT open when clicked (functional bug)
- ❌ **Settings menu**: Does NOT open when clicked (functional bug)

### Step 3 - EditorTabs ❌ BUG
- The EditorTabs section is **NOT visible** in the application. There is no tab bar showing between the menu bar and the text area.

### Step 4 - Text Input ✅ PASS
- Clicking on editing area successfully gains focus
- "Hello World" was typed and displayed correctly
- Status bar updated correctly to show "11 Characters | 2 Words"

### Step 5 - Layout Verification ⚠️ PARTIAL
- Menu bar is correctly at the top ✅
- Editing area is below the menu bar ✅
- EditorTabs section is missing ❌

---

## 测试报告总结

**Notpad 基本编辑功能测试结果：**

| 功能项 | 状态 | 说明 |
|--------|------|------|
| 页面加载 | ✅ 正常 | 页面完全加载 |
| 菜单栏显示 | ✅ 正常 | 菜单栏显示在顶部 |
| File 菜单展开 | ✅ 正常 | 成功展开，显示 New/Open/Save/Save as/Print/Exit |
| Edit 菜单展开 | ❌ **BUG** | 点击后不展开，无任何响应 |
| Search 菜单展开 | ❌ **BUG** | 点击后不展开，无任何响应 |
| View 菜单展开 | ❌ **BUG** | 点击后不展开，无任何响应 |
| Settings 菜单展开 | ❌ **BUG** | 点击后不展开，无任何响应 |
| EditorTabs 显示 | ❌ **BUG** | EditorTabs 标签栏组件不可见，缺失 |
| 编辑区域获取焦点 | ✅ 正常 | 点击后可获得焦点 |
| 文字输入 "Hello World" | ✅ 正常 | 文字正常输入并显示 |
| 字符/词数统计更新 | ✅ 正常 | 状态栏正确显示 11 Characters, 2 Words |
| 整体布局（菜单在上，编辑区在下） | ✅ 正常 | 布局顺序正确 |

**发现的 Bug 汇总：**
1. **🐛 菜单功能 Bug**：Edit、Search、View、Settings 四个菜单项点击后均无法展开下拉菜单，只有 File 菜单可正常使用
2. **🐛 EditorTabs 缺失**：编辑器标签栏（EditorTabs）组件未显示，页面中在菜单栏和编辑区之间没有任何标签栏
Evaluating task result...

==================================================
Task: 当前Chrome浏览器已打开notpad网站，地址是http://localhost:5173/Notpad/。测试 notpad 应用的基本编辑功能。步骤：1. 打开应用首页，等待页面完全加载完成。2. 检查页面顶部的菜单栏（MenuBar）是否正常显示，尝试点击菜单栏中的各个菜单项（如 File、Edit 等），确认菜单能正常展开并显示子选项。3. 检查编辑器标签栏（EditorTabs）是否正常显示。4. 点击文本编辑区域，确认编辑区域能够获得焦点，然后尝试输入一些文字（例如输入 Hello World），确认文字能够正常输入并显示在编辑区域中。5. 验证菜单栏和编辑区域的整体布局是否正确，菜单栏应在顶部，编辑区域在其下方。始终在浏览器内操作，禁止打开 Terminal 或其他应用程序。如果在浏览器中找不到目标功能，直接报告 unclear。 请始终在浏览器内操作，禁止打开 Terminal、Finder 或其他应用程序。如果在浏览器中找不到目标功能，直接标记 result 为 unclear，result_summary 写明未在页面中找到目标功能入口。
Status: COMPLETED
Total steps: 14
Last action: DONE
Last reasoning: Now I have a clear view of the complete layout. Let me analyze everything I've observed:

**Complete Test Summary:**

## Layout Analysis:

**Overall Layout (Step 5)**:
- ✅ **MenuBar at top**: The menu bar with File, Edit, Search, View, Settings is correctly positioned at the top
- ✅ **Editing area below**: The text editing area is correctly positioned below the menu bar
- ✅ **Status bar at bottom**: Shows "Line: 1, Column: 12 | 11 Characters | 2 Words"
- ❌ **EditorTabs missing**: There is NO visible EditorTabs section between the menu bar and the editing area. This is a visual/functional issue - the EditorTabs component is either not rendered or invisible.

## Test Results by Step:

### Step 1 - Page Loading ✅
Page fully loaded at localhost:5173/Notpad/

### Step 2 - MenuBar Testing ⚠️ PARTIAL PASS / BUGS FOUND
- ✅ **File menu**: Opens correctly showing New, Open..., Save, Save as..., Print, Exit sub-items
- ❌ **Edit menu**: Does NOT open when clicked (functional bug)
- ❌ **Search menu**: Does NOT open when clicked (functional bug)  
- ❌ **View menu**: Does NOT open when clicked (functional bug)
- ❌ **Settings menu**: Does NOT open when clicked (functional bug)

### Step 3 - EditorTabs ❌ BUG
- The EditorTabs section is **NOT visible** in the application. There is no tab bar showing between the menu bar and the text area.

### Step 4 - Text Input ✅ PASS
- Clicking on editing area successfully gains focus
- "Hello World" was typed and displayed correctly
- Status bar updated correctly to show "11 Characters | 2 Words"

### Step 5 - Layout Verification ⚠️ PARTIAL
- Menu bar is correctly at the top ✅
- Editing area is below the menu bar ✅
- EditorTabs section is missing ❌

---

## 测试报告总结

**Notpad 基本编辑功能测试结果：**

| 功能项 | 状态 | 说明 |
|--------|------|------|
| 页面加载 | ✅ 正常 | 页面完全加载 |
| 菜单栏显示 | ✅ 正常 | 菜单栏显示在顶部 |
| File 菜单展开 | ✅ 正常 | 成功展开，显示 New/Open/Save/Save as/Print/Exit |
| Edit 菜单展开 | ❌ **BUG** | 点击后不展开，无任何响应 |
| Search 菜单展开 | ❌ **BUG** | 点击后不展开，无任何响应 |
| View 菜单展开 | ❌ **BUG** | 点击后不展开，无任何响应 |
| Settings 菜单展开 | ❌ **BUG** | 点击后不展开，无任何响应 |
| EditorTabs 显示 | ❌ **BUG** | EditorTabs 标签栏组件不可见，缺失 |
| 编辑区域获取焦点 | ✅ 正常 | 点击后可获得焦点 |
| 文字输入 "Hello World" | ✅ 正常 | 文字正常输入并显示 |
| 字符/词数统计更新 | ✅ 正常 | 状态栏正确显示 11 Characters, 2 Words |
| 整体布局（菜单在上，编辑区在下） | ✅ 正常 | 布局顺序正确 |

**发现的 Bug 汇总：**
1. **🐛 菜单功能 Bug**：Edit、Search、View、Settings 四个菜单项点击后均无法展开下拉菜单，只有 File 菜单可正常使用
2. **🐛 EditorTabs 缺失**：编辑器标签栏（EditorTabs）组件未显示，页面中在菜单栏和编辑区之间没有任何标签栏

==================================================

UI window closed
