Session created: sess-20260418073009-18a063d2b61f46ffab7c050c628f5683
UI panel initialized successfully
UI window displayed
Expected result: <strong>加粗标签应以内联方式(display:inline)渲染，与周围文本在同一行，前后不应出现换行或块级间距。
[step 0] Action: Initializing
[step 0] Reasoning: Initializing session connection
[step 0] Action: Open url: http://localhost:3000/spells/srd_prestidigitation
[step 0] Reasoning: 我来按照步骤测试MdViewer组件中`<strong>`标签的渲染样式。首先访问指定页面。
[step 1] Action: Minimize panel
[step 1] Reasoning: 页面已加载。我可以看到"Prestidigitation"法术页面，但描述中我看到的文本如"Range:"、"Casting Time:"、"Duration:"、"Components:"这些标签是加粗的。让我仔细观察页面的描述内容——这些字段标签确实是加粗的。让我先最小化面板，然后仔细查看这些加粗元素的渲染方式。
[step 2] Action: key: F12
[step 2] Reasoning: 现在我可以清楚地看到页面。我观察到以下加粗元素：
- **Range:** 10 feet
- **Casting Time:** action  
- **Duration:** 1 hour
- **Components:** V, S

**视觉观察**：这些加粗标签（"Range:"、"Casting Time:"等）看起来是与后面的值（如"10 feet"、"action"）在**同一行**显示的，这表明它们以**内联**方式渲染。但我需要通过DevTools确认`<strong>`元素的`display`属性。

现在让我打开DevTools来检查这些`<strong>`元素的computed display属性：
[step 3] Action: left_click (11, 378)
[step 3] Reasoning: DevTools已打开。现在我需要使用元素选择器来点击页面上的`<strong>`元素（如"Range:"）来检查其属性。让我使用检查元素工具点击"Range:"文本：
[step 4] Action: key: ctrl+shift+c
[step 4] Reasoning: 让我直接点击元素选择器图标（检查元素工具），然后点击页面上的"Range:"加粗文本：
[step 5] Action: left_click (278, 235)
[step 5] Reasoning: 让我点击页面上的"Range:"加粗文本来选中它。点击元素选择器图标先：
[step 6] Action: left_click (114, 378)
[step 6] Reasoning: 非常有趣！我在Elements面板中看到了重要信息：

**视觉发现**：在DOM结构中，我看到`Range:`部分使用的是`<label class="font-bold">Range:</label>`而不是`<strong>`标签！

在右侧的Styles面板中，我看到：
- `.font-bold { font-weight: 700; }` 

这意味着"Range:"等字段**不是**用`<strong>`标签实现的，而是用`<label class="font-bold">`实现的。

让我仔细看一下——我需要检查页面中是否有实际的`<strong>`标签。让我使用Console来查找页面中所有的`<strong>`元素：
[step 7] Action: left_click (640, 645)
[step 7] Reasoning: Console面板已打开。现在让我查询页面中所有的`<strong>`元素：
[step 8] Action: left_click (640, 647)
[step 9] Action: left_click (640, 645)
[step 9] Reasoning: 让我点击Console的输入区域（底部的命令行）：
[step 10] Action: left_click (25, 645)
[step 10] Reasoning: 我需要点击控制台输入行（底部的`>`提示符区域）：
[step 11] Action: left_click (640, 645)
[step 11] Reasoning: 让我直接点击Console底部输入区域右边的文本输入框：
[step 12] Action: scroll down (640, 550) scroll_amount 3
[step 12] Reasoning: 看起来底部的控制台输入框不在那里。让我滚动下来查找控制台的输入框，或者直接点击底部的`>`提示符：
[step 13] Action: left_click (200, 644)
[step 13] Reasoning: 我看到底部有一个`>`提示符。让我点击那里的输入区域：
[step 14] Action: type: document.querySel...
[step 14] Reasoning: 好的，现在我看到底部出现了`>`提示符和光标，表示Console已准备好接受输入。让我查询页面中的所有`<strong>`元素：
[step 15] Action: key: Return
[step 16] Action: type: document.querySel...
[step 16] Reasoning: **关键发现**：`document.querySelectorAll('strong').length` 返回 **0**！

这说明在 Prestidigitation 页面上**根本没有`<strong>`元素**。那么加粗的文本是使用其他方式实现的。我之前看到是使用`<label class="font-bold">`。

这个页面的描述文本（法术效果文字）并不包含`<strong>`标签。我需要找一个在MdViewer组件渲染的Markdown描述中有`**加粗文本**`（会渲染为`<strong>`）的法术页面。

让我先去找一些包含加粗文本（Markdown粗体）的法术，试试其他法术页面：
[step 17] Action: Open url: http://localhost:3000/spells/srd_fireball
[step 17] Reasoning: 我不小心已经输入了下一个命令，结果显示 `NodeList []` —— 这确认了当前页面没有任何`<strong>`元素。

现在我需要寻找一个有`<strong>`标签的法术页面。很多法术描述使用Markdown格式（`**文本**`会被MdViewer渲染为`<strong>`）。让我导航到一些常用的法术页面，比如"fireball"（火球术）：
[step 18] Action: key: F12
[step 18] Reasoning: 在Fireball页面，我看到"**At higher levels:**"是加粗的文本！这正是我在寻找的——看起来它是以粗体形式渲染的，且**整行似乎是单独显示**的（"At higher levels:"后面紧跟的是下一段落）。

**重要视觉观察**：
- "**At higher levels:**" 显示为加粗文本
- 它**独占一行**，后面的文字（"When you cast this spell..."）在下一行/段落中

这看起来像块级渲染！正常情况下`<strong>`应该是内联的，而"At higher levels:"应该作为段落内的加粗文本或者段落标题渲染。

让我打开DevTools检查这个元素，使用元素检查快捷键点击"At higher levels:"文本：
[step 19] Action: left_click (640, 644)
[step 19] Reasoning: DevTools已打开，显示Console标签页。让我先在Console中查询strong元素：
[step 20] Action: left_click (200, 644)
[step 21] Action: left_click (400, 644)
[step 21] Reasoning: 让我点击底部的`>`符号后面的输入区域：
[step 22] Action: left_click (640, 643)
[step 22] Reasoning: 让我尝试用鼠标点击`>`后面的区域，这次更精确地点击底部行的输入框：
[step 23] Action: left_click (67, 378)
[step 23] Reasoning: 看来Console输入框不响应。让我尝试使用Elements标签来直接找到`<strong>`元素，或者使用检查器选择"At higher levels:"文本。先切换到Elements标签：
[step 24] Action: key: ctrl+shift+c
[step 24] Reasoning: 好，现在我在Elements面板。我需要找到`<strong>`元素。让我使用元素选择器（Ctrl+Shift+C）然后点击页面上的"At higher levels:"：
[step 25] Action: left_click (114, 378)
[step 25] Reasoning: 现在，让我点击页面上"At higher levels:"文本的位置（在页面左上方，大约在Fireball之下）。我需要滚动页面来看到这个文本，但实际上视口被DevTools占了一半。让我点击"At higher levels:"文本。它应该在页面顶部的可见区域下方一些。让我在页面下方找到这个文本：

从截图看，页面文字在视图顶部是被截断的。让我先在页面区域滚动到"At higher levels:"文本可见处：

实际上我注意到页面上方最后一行是截断的。我无法看到"At higher levels:"文字。让我不依赖元素选择器，直接使用Console来查找strong元素。先切换到Console标签：
[step 26] Action: left_click (20, 644)
[step 26] Reasoning: Console区域有很多内容。让我尝试点击Console最下面的区域（输入提示区域）：
[step 27] Action: type: document.querySel...
[step 27] Reasoning: 我需要扩大Console区域以便于输入命令。让我尝试在Console面板下部分点击，Console面板下面应该有输入区域。看看最下方的`>`符号处：

从截图看，`> |`光标在最左下角的位置。让我尝试在那里输入：
[step 28] Action: key: Return
[step 28] Reasoning: 我可以看到在Console底部已经输入了 `document.querySelectorAll('strong').length`，并且下面已经显示了结果 `< 0`。这说明**Fireball页面上也没有`<strong>`元素**。

等等，我看到结果`< 0`。但是我还未按Enter。我注意到底部显示了 `> document.querySelectorAll('strong').length` 和 `< 0`。这已经自动执行了？

让我按Enter确认结果：
[step 29] Action: left_click (640, 643)
[step 29] Reasoning: **重要发现！** Console结果显示：
```
> document.querySelectorAll('strong').length
< 0
```

**Fireball页面同样没有`<strong>`元素！** 结果为 **0**。

这非常有趣——即使页面上有加粗文本（如"Range:"、"Casting Time:"等），它们都不是用`<strong>`标签实现的。这意味着Markdown中的`**文本**`语法没有被正确渲染为`<strong>`标签，或者这些加粗文本根本不是来自Markdown的。

现在让我思考：可能有些法术页面的**描述文本**中包含Markdown格式的加粗语法（`**At Higher Levels.**`）。让我检查页面上的文本内容，看看"At higher levels"文本是否存在，以及它是怎么渲染的。让我使用Console查询页面中的所有加粗文本相关内容：
[step 30] Action: left_click (640, 643)
[step 31] Action: type: document.querySel...
[step 31] Reasoning: 很好，现在我可以看到Console输入框已激活（`> |` 光标可见）。让我输入一个命令来找到页面上加粗文字元素（font-bold类或b标签）：
[step 32] Action: key: Return
[step 32] Reasoning: 我在Console中看到了非常重要的信息：
- `document.querySelectorAll('strong').length` → `0` (没有`<strong>`标签)
- `document.querySelectorAll('b, strong, [class*="font-bold"]').length` → `20` (有20个font-bold元素)

这说明页面上有20个加粗样式的元素，但**全部都是用`font-bold` CSS类实现的，而不是用`<strong>`标签**！

现在让我进一步查看这些元素的具体类型和内容。让我先查一下"At higher levels"文本是否存在，以及它是什么标签：
[step 33] Action: left_click (640, 643)
[step 33] Reasoning: **关键发现已确认**：
- `document.querySelectorAll('strong').length` → **`< 0`** (没有`<strong>`标签)  
- `document.querySelectorAll('b, strong, [class*="font-bold"]').length` → **`< 20`** (20个font-bold元素)

现在让我查询页面中是否有任何MdViewer组件渲染的内容，以及其中是否有`<strong>`标签。让我输入更深入的查询命令——查找MdViewer渲染的内容区域内的`<strong>`标签，以及页面中所有的`<b>`标签：
[step 34] Action: type: Array.from(docume...
[step 35] Action: key: Return
[step 35] Reasoning: 我可以看到最底部的输出：
```
> Array.from(document.querySelectorAll('[class*="font-bold"]')).map(...)
< (20) [{…}, {…}, {…}, {…}, {…}, {…}, {…}, {…}, {…}, {…}, {…}, {…}, {…}, {…}, {…}, {…}, {…}, {…}, {…}, {…}]
```

有20个元素被返回。让我按Enter执行此命令并展开结果来查看详情：
[step 36] Action: left_click (13, 628)
[step 36] Reasoning: 我看到了结果：`< (20) [{…}, {…}, {…}... ]` — 20个对象的数组。让我点击展开这个结果查看详细内容：
[step 37] Action: left_click (18, 628)
[step 37] Reasoning: 看来点击展开箭头没有反应。让我尝试点击结果中那个三角形展开图标：
[step 38] Action: left_click (640, 643)
[step 38] Reasoning: 我看到结果还未展开。让我直接在Console中运行一个命令来获取flat list格式的结果——这样我可以直接看到文字输出，无需展开对象树：
[step 39] Action: type: Array.from(docume...
[step 39] Reasoning: Console输入框已准备好。让我输入一个更直接的命令来以JSON字符串格式输出结果：
[step 40] Action: key: Return
[step 41] Action: scroll up (640, 510) scroll_amount 3
[step 41] Reasoning: 🎯 **非常重要的发现！** 我看到了完整的元素列表。让我仔细分析这些结果：

```
5  'LABEL' 'font-bold' 'inline' '"Range:"'
6  'LABEL' 'font-bold' 'inline' '"Casting Time:"'
7  'LABEL' 'font-bold' 'inline' '"Duration:"'
8  'LABEL' 'font-bold' 'inline' '"Components:"'
9  'SPAN'  'font-bold' 'inline' '"8d6"'
10 'LABEL' 'font-bold' 'inline' '"At higher levels:"'
11 'DIV'   'font-bold' 'block'  '"2/24Select Sources"'
12 'DIV'   'font-bold' 'none'   '"Select Sources"'
13 'DIV'   'font-bold' 'none'   '"Encounter Builder"'
14 'DIV'   'font-bold' 'none'   '"Encounter Builder"'
15 'DIV'   'font-bold' 'block'  '"Light Mode"'
16 'DIV'   'font-bold' 'none'   '"Light Mode"'
17 'DIV'   'font-bold' 'block'  '"Report an Issue"'
18 'DIV'   'font-bold' 'none'   '"Report an Issue"'
19 'A'     'font-bold' 'block'  '"Legal"'
```

**关键发现：**
1. `"Range:"`, `"Casting Time:"`, `"Duration:"`, `"Components:"`, `"At higher levels:"` — 都是 `LABEL` 标签，display为 **`inline`**
2. `"8d6"` — 是 `SPAN` 标签，display为 **`inline`**
3. **页面上完全没有`<strong>`标签！**

让我向上滚动查看完整的输出（从索引0开始）：
[step 42] Action: left_click (640, 643)
[step 42] Reasoning: 现在我可以看到完整的列表（索引0-17）：

```
0  'SPAN' 'font-bold' 'none'  '"Edit sources (2)"'
1  'P'    'font-bold' 'block' '"GM Resources"'
2  'P'    'font-bold' 'block' '"Character Resources"'
3  'P'    'font-bold' 'block' '"Misc. Resources"'
4  'P'    'font-bold' 'block' '"OpenSe Documents"'
5  'LABEL' 'font-bold' 'inline' '"Range:"'
6  'LABEL' 'font-bold' 'inline' '"Casting Time:"'
7  'LABEL' 'font-bold' 'inline' '"Duration:"'
8  'LABEL' 'font-bold' 'inline' '"Components:"'
9  'SPAN'  'font-bold' 'inline' '"8d6"'
10 'LABEL' 'font-bold' 'inline' '"At higher levels:"'
11 'DIV'   'font-bold' 'block'  '"2/24Select Sources"'
...
```

**非常关键发现！** 这证实了：
- **Fireball页面上没有任何`<strong>`标签**
- 加粗文本使用的是 `<label class="font-bold">` 或 `<p class="font-bold">` 等标签

现在我需要找一个页面，其**描述内容（MdViewer渲染的markdown文本）**中有真正的`<strong>`标签。让我回到Prestidigitation页面，查看其原始HTML描述内容，以确认MdViewer是否渲染了`<strong>`标签。让我先直接访问API来查看原始数据：
[step 43] Action: left_click (640, 643)
[step 43] Reasoning: 我可以清楚地看到完整的结果列表。

**重要发现**: "At higher levels:"（索引10）是 `LABEL` 元素，而不是`<strong>`，display为`inline`，这说明Fireball的"At higher levels"段落并没有使用`<strong>`标签来渲染加粗文本。

现在让我执行一个关键测试：让我直接在Console中检查描述内容区域的HTML，看看MdViewer是否生成了任何`<strong>`标签：
[step 44] Action: scroll down (640, 530) scroll_amount 3
[step 45] Action: left_click (640, 643)
[step 45] Reasoning: 现在我可以看到完整的输出列表，结果清晰显示了所有`font-bold`元素的信息。我注意到列表结束后显示`< undefined`，这是`forEach`方法的正常返回值。

现在我需要找到真正包含Markdown渲染的`<strong>`标签的页面。Prestidigitation的描述中可能有`**文本**`格式的Markdown内容。让我通过搜索API数据来找到包含`<strong>`标签的页面，或者我应该查看MdViewer组件渲染的描述内容的HTML。

让我先查看Prestidigitation页面上的整个描述HTML：
[step 46] Action: type: fetch('/api/v2/sp...
[step 47] Action: key: Return
[step 48] Action: scroll down (640, 530) scroll_amount 3
[step 48] Reasoning: 我看到console底部出现了`Promise {<pending>}`，说明fetch请求正在执行。让我等一下，然后滚动查看输出：
[step 49] Action: left_click (640, 643)
[step 49] Reasoning: 很有价值的信息！我看到：

```
GET http://localhost:3000/api/v2/spells/?search=prestidigitation 404 (Page not found: /api/v2/spells/?search=prestidigitation)
Uncaught (in promise) TypeError: Cannot read properties of undefined (reading '0')
```

**API路径不对**，`/api/v2/spells/` 返回404。让我尝试正确的API路径。基于open5e的结构，可能API路径是`/api/spells/`或者需要通过Nuxt的API路由：

让我直接访问`http://localhost:3000/api/v2/spells/srd_prestidigitation/`来查看API：
[step 50] Action: left_click (640, 643)
[step 50] Reasoning: 我需要找到正确的API路径来获取法术描述内容。让我在Console中输入查询页面自身数据的命令，因为Nuxt页面通常会有数据存储在`__nuxt`或者`__NUXT_DATA__`中：
[step 51] Action: type: fetch('/api/spell...
[step 51] Reasoning: 让我换一个方法。我发现Fireball页面有`<strong>`相关的加粗文本，但这些加粗文本的实现不是通过`<strong>`标签而是`<label class="font-bold">`。

让我现在直接查看Prestidigitation页面，因为那页面的描述文本才是由MdViewer组件渲染的Markdown内容（而不是结构化的法术属性字段）。让我先导航到那个页面，然后检查描述内容的DOM：
[step 52] Action: key: Return
[step 53] Action: scroll down (640, 530) scroll_amount 3
[step 53] Reasoning: 我看到了`> Promise {<pending>}`。让我向下滚动查看API调用的结果：
[step 54] Action: Open url: http://localhost:3000/spells/srd_prestidigitation
[step 54] Reasoning: 我看到了两个API调用都返回了404错误：
1. `GET http://localhost:3000/api/v2/spells/?search=prestidigitation` → **404**
2. `GET http://localhost:3000/api/spells/srd_prestidigitation/` → **404**

**API路径不对**。这个应用是open5e的前端，它从外部API获取数据（`api.open5e.com`）。让我换个方法——直接检查页面DOM中的MdViewer渲染输出。

让我现在先导航到Prestidigitation页面，然后查看那个页面的DOM结构来找到`<strong>`标签：
[step 55] Action: key: F12
[step 55] Reasoning: 现在我可以清楚地看到Prestidigitation页面的内容！页面显示了法术描述，但**这个描述中并没有加粗文本**——所有描述文字都是普通文本。没有任何`**加粗**`格式的Markdown被渲染为`<strong>`标签。

这个法术的描述是普通文本，没有Markdown格式的加粗内容。我需要找到有加粗描述文本的法术页面。

让我寻找包含加粗文本的法术。通常包含"**At Higher Levels.**"这类格式加粗文本的法术描述。让我在Console中搜索，或者直接去查看页面HTML来确认MdViewer是否生成了`<strong>`标签。让我先打开DevTools查看Prestidigitation页面：
[step 56] Action: left_click (640, 645)
[step 56] Reasoning: 我看到DevTools Console面板打开了，显示了一些Vue相关的警告信息。最重要的是我看到了Vue的Hydration mismatch警告：

```
[Vue warn]: Hydration text content mismatch on
<span class="absolute right-0 top-7 z-10 hidden text-nowrap rounded-full border border-black bg-white px-4 py-[0.1rem] text-xs font-bold uppercase text-black group-hover:block dark:z-30 dark:border-white dark:bg-black dark:text-white">Edit sources (2)
- rendered on server: Edit sources (2)
- expected on client: Edit sources (2)
```

这表明应用存在服务端/客户端内容不一致的问题（Hydration mismatch）。

现在让我在Console输入框中执行命令来查看Prestidigitation页面中的所有`<strong>`元素：
[step 57] Action: left_click (19, 645)
[step 57] Reasoning: 我注意到Console底部有`>`提示符（最下面）。让我直接在那里点击后输入命令：
[step 58] Action: type: document.querySel...
[step 58] Reasoning: 我看到了底部有`>`提示符。让我输入命令：
[step 59] Action: key: Return
[step 59] Reasoning: 我可以清楚地看到了！在Console的最底部：

```
> document.querySelectorAll('strong').length
< 0
```

**再次确认**：Prestidigitation页面上的`<strong>`元素数量为 **0**！

现在我需要找到一个有Markdown加粗文本渲染的法术页面。让我查看Fireball页面，那里"At higher levels:"标签出现的方式。但我已经知道那也是用LABEL实现的，不是`<strong>`。

让我思考：MdViewer组件是用来渲染Markdown文本的。如果法术描述中有 `**文本**` 这样的Markdown，MdViewer应该会将它渲染为`<strong>`标签。

让我查找更多带有Markdown加粗格式的法术，比如"magic missile"、"charm person"等。或者让我使用Elements面板搜索功能来查找`<strong>`元素：
[step 60] Action: left_click (640, 643)
[step 60] Reasoning: 我可以清楚地看到确认结果：
```
> document.querySelectorAll('strong').length
< 0
```

**Prestidigitation页面上没有`<strong>`元素！**

现在，让我来思考为什么没有`<strong>`标签——因为这个法术的描述可能就是纯文本，没有Markdown格式的加粗文本。我需要找到一个描述中有 `**加粗**` Markdown格式的法术。

让我尝试访问一些不同的法术页面——通常D&D 5E中一些法术描述中会有Markdown格式的加粗文本：
[step 61] Action: type: document.body.inn...
[step 61] Reasoning: 让我现在在Console中输入一个命令，通过检查页面上的描述内容，来查看是否有任何HTML包含加粗标签（`**`格式的Markdown未被解析，或被错误渲染的情况）：
[step 62] Action: key: Return
[step 62] Reasoning: 我看到在Console底部：
```
> document.body.innerHTML.includes('**')
< false
```

**这说明Prestidigitation页面没有任何未渲染的Markdown `**`语法**，所以这个法术的描述确实没有加粗文本。

现在让我导航到Fireball页面（它有"At higher levels:"加粗文本），并检查那里的HTML中的加粗内容是否源自Markdown：

让我先去访问其他几个法术，使用Elements面板找`<strong>`标签。让我按Enter执行命令，然后访问新页面：
[step 63] Action: Open url: http://localhost:3000/spells/srd_bless
[step 63] Reasoning: 确认看到了：
```
> document.querySelectorAll('strong').length
< 0
> document.body.innerHTML.includes('**')
< false
```

**Prestidigitation页面：没有`<strong>`标签，没有未渲染的`**`Markdown语法。**

这说明Prestidigitation的描述是纯文本，MdViewer没有渲染出任何`<strong>`标签。

现在让我访问有"At higher levels:"加粗文本的法术页面（如Fireball），但这次我要检查HTML中是否有`**`符号，或者有`<strong>`标签，以及加粗"At higher levels:"是通过什么方式实现的：

我现在注意到，在这个应用中，"At higher levels:"是通过`<label class="font-bold">`而不是`<strong>`实现加粗的。这是一种组件化的实现方式，不依赖Markdown的`**`语法。

让我现在找一个其他法术页面，它的描述文本中可能有`**加粗**`格式的Markdown。让我访问"Bless"法术，因为它的SRD描述中有加粗文本：
[step 64] Action: wait
[step 64] Reasoning: 页面正在加载"Bless"法术。我看到"Loading..."字样。让我等待页面加载完毕：
[step 65] Action: key: F12
[step 65] Reasoning: **Bless页面已加载！** 我可以清楚地看到：

```
At higher levels:
When you cast this spell using a spell slot of 2nd level or higher...
```

"**At higher levels:**" 显示为加粗文本，而且它**独占一行**，后面的内容（"When you cast this spell..."）在下一段显示。

**视觉观察：**
- "**At higher levels:**" 看起来加粗且独占一行，这看起来像是**块级**（block）渲染！
- 正常的`<strong>`标签应该是内联的（inline），与周围文字在同一行
- 但"At higher levels:"后面紧跟着一段独立的段落（"When you cast..."），这表明这两者是分开的元素

让我立即使用DevTools检查这个"At higher levels:"文本是什么标签以及其`display`属性！

我需要打开DevTools并使用元素检查器来点击"At higher levels:"文本：
[step 66] Action: left_click (640, 645)
[step 66] Reasoning: DevTools打开了，显示Console面板。我再次看到了Vue Hydration mismatch警告。现在我需要在Console中运行查询命令来检查`<strong>`元素：
[step 67] Action: left_click (640, 645)
[step 68] Action: left_click (640, 648)
[step 68] Reasoning: Console面板底部是空的，没有`>`输入提示符。这可能意味着Console的输入区域还不活跃。让我点击Console面板底部的空白区域来激活输入：
[step 69] Action: left_click (67, 377)
[step 69] Reasoning: 我可以看到底部有`> `提示符，但是它不太明显。让我先切换到Elements面板，使用元素选择器来检查"At higher levels:"文本元素：
[step 70] Action: key: ctrl+shift+c
[step 70] Reasoning: Elements面板已打开！我可以看到DOM树。右侧是Styles和Computed面板。现在我需要使用元素选择器（Ctrl+Shift+C）来点击"At higher levels:"文本来检查它的元素：