Session created: sess-20260418062148-beb8802e12534d9dae4f0df55233e00e
UI panel initialized successfully
UI window displayed
Expected result: 怪物详情页中的动作应按类型分组显示，每种动作类型有各自独立的标题，传奇动作不应与普通动作混在一起。
[step 0] Action: Initializing
[step 0] Reasoning: Initializing session connection
[step 0] Action: Open url: http://localhost:3000/monsters/srd_adult-bronze-dragon
[step 1] Action: screenshot
[step 1] Reasoning: 页面已导航到Adult Bronze Dragon的怪物详情页，但内容区域似乎是空白的。让我等待页面加载完成并截图查看。
[step 2] Action: wait
[step 2] Reasoning: 页面已导航到正确的URL，但内容区域（主区域）是完全空白的——这是一个**视觉异常**，怪物详情内容没有显示。面包屑显示了 "ADULT BRONZE DRAGON (SRD)"，说明路由是正确的，但内容没有渲染出来。让我等待几秒后刷新页面再试。
[step 3] Action: key: F5
[step 3] Reasoning: 页面仍然是空白内容区域。让我尝试刷新页面以确保内容加载。
[step 4] Action: key: cmd+r
[step 4] Reasoning: 页面内容区域仍然空白。让我尝试使用 Cmd+R 刷新，并等待更长时间。
[step 5] Action: wait
[step 6] Action: left_click (640, 400)
[step 6] Reasoning: 内容区域仍然空白。这是一个严重的视觉/功能问题——怪物详情页面的内容完全没有渲染。让我尝试点击页面内容区域，然后再滚动，看看是否内容在某个地方被隐藏了。
[step 7] Action: scroll down (640, 400) scroll_amount 5
[step 7] Reasoning: 内容区域确实空白，没有任何内容。让我尝试向下滚动页面，看看是否内容在下方某个区域。
[step 8] Action: left_click (214, 61)
[step 8] Reasoning: 滚动后仍然没有内容显示。这个页面的内容区域完全空白。让我尝试使用浏览器开发者工具查看页面，或者先尝试从怪物列表页进入该怪物的详情页。让我先导航到怪物列表页，然后找到Adult Bronze Dragon并点击进入。
[step 9] Action: key: Escape
[step 9] Reasoning: 我看到地址栏显示当前URL并有下拉提示。让我按 Escape 键关闭下拉，然后尝试查看其他怪物页面，或者检查是否这个怪物确实存在。让我先试试直接导航到怪物列表页。
[step 10] Action: left_click (48, 370)
[step 10] Reasoning: 页面内容仍然空白。这是一个重大的功能问题——怪物详情内容根本没有加载。让我尝试导航到另一个已知的怪物页面来做比较，检查是否这是一个全局问题或者仅针对这个怪物。让我先去怪物列表。
[step 11] Action: left_click (350, 225)
[step 11] Reasoning: 怪物列表页已成功加载，显示了多个怪物。让我搜索 "Adult Bronze Dragon" 来找到它并从列表页点击进入详情页。
[step 12] Action: type: Adult Bronze Dragon
[step 13] Action: left_click (324, 428)
[step 13] Reasoning: 我看到了搜索结果，显示了多个 "Adult Bronze Dragon" 版本：
- Adult Bronze Dragon (ASE-MM)
- Adult Bronze Dragon (BFRD)
- Adult Bronze Dragon (SRD-2024)
- Adult Bronze Dragon (SRD-2014)

注意这里没有显示 SRD（简单SRD）的版本，但URL中使用的是 `srd_adult-bronze-dragon`。让我点击 SRD-2014 版本，看看是否它对应的是我们要找的URL。

**视觉观察**：搜索结果中没有 "SRD" 标签（只有 SRD-2024 和 SRD-2014），但任务要求访问的是 `srd_adult-bronze-dragon`。让我点击这些链接查看实际URL。让我先点击 SRD-2014 版本：
[step 14] Action: left_click (324, 390)
[step 14] Reasoning: 我可以看到：
1. URL 已经变为 `localhost:3000/monsters/srd_adult-bronze-dragon`（与任务要求的完全一致）
2. 面包屑显示 "ADULT BRONZE DRAGON (SRD)"
3. 但页面内容区域仍然是空白的！

这证实了这是一个严重的功能性Bug——"Adult Bronze Dragon (SRD-2014)" 对应的URL是 `srd_adult-bronze-dragon`，这与任务要求的URL相同，但内容区域完全空白，怪物详情页没有渲染任何内容。

让我尝试点击其他版本（比如 SRD-2024）查看是否那些怪物详情页正常显示内容，以比较差异：
[step 15] Action: wait
[step 15] Reasoning: SRD-2024 版本也导航到了 `localhost:3000/monsters/srd-2024_adult-bronze-dragon`，同样也是空白内容。这说明这可能是怪物详情页的一个普遍性问题。让我等待一下后再检查。

让我尝试访问一个完全不同的怪物看其详情页是否正常：
[step 16] Action: left_click (1232, 225)
[step 16] Reasoning: SRD-2024 的页面也是空白的。我注意到URL已更改，但内容区域仍然完全空白。让我尝试访问列表上的某个普通怪物（比如 Aboleth）来看是否怪物详情页总体上有问题：
[step 17] Action: left_click (286, 616)
[step 17] Reasoning: 好的，搜索框已清空，回到了完整的列表。让我点击 "Aboleth SRD-2014" 来测试是否一般的怪物详情页有显示内容：
[step 18] Action: wait
[step 18] Reasoning: 同样的问题！点击了 "Aboleth (SRD-2014)" 后，URL 变为 `localhost:3000/monsters/srd_aboleth`，面包屑显示 "ABOLETH (SRD)"，但页面内容区域完全空白。

这证实了怪物详情页普遍存在内容不显示的问题，不仅限于 Adult Bronze Dragon。

**关键发现**：怪物详情页面的内容区域完全空白，无法显示怪物的任何详情信息。这是一个严重的功能性Bug。

让我尝试等待更长时间，并使用浏览器开发工具查看是否有JavaScript错误。不过，由于无法使用Terminal，让我尝试刷新这个Aboleth页面，等待更长时间：
[step 19] Action: left_click (640, 62)
[step 19] Reasoning: 等待5秒后，页面内容仍然空白。这确实是一个严重的Bug。

**奇怪的现象**：URL 和面包屑都已正确更新（URL是 `/monsters/srd_aboleth`，面包屑显示 "ABOLETH (SRD)"），但整个内容区域（右侧主内容区域）只显示了怪物列表页的内容（搜索栏和列表），而没有显示怪物详情内容。

这看起来是一个路由问题：当点击怪物详细页面时，URL更新了，面包屑也更新了，但主内容区域没有切换到怪物详情视图，仍然显示怪物列表界面。

让我尝试直接在地址栏输入URL来导航（而不是通过点击列表链接），看看是否有不同的效果：
[step 20] Action: triple_click
[step 20] Reasoning: 地址栏已经被选中，显示了 `localhost:3000/monsters/srd_aboleth`。让我直接输入 Adult Bronze Dragon 的URL并按 Enter 进行直接导航：
[step 21] Action: type: localhost:3000/mo...
[step 22] Action: key: Return
[step 22] Reasoning: 我可以看到地址栏显示了URL，并且下拉建议中显示了之前浏览过的 `localhost:3000/monsters/srd_adult-bronze-dragon` 页面。让我按 Enter 直接导航到这个URL：
[step 23] Action: wait
[step 23] Reasoning: 现在通过直接在地址栏输入URL并按 Enter 导航到了 `localhost:3000/monsters/srd_adult-bronze-dragon` 页面。页面已正确加载：

- URL 正确：`localhost:3000/monsters/srd_adult-bronze-dragon`
- 面包屑正确：`HOME / MONSTERS / ADULT BRONZE DRAGON (SRD)`
- **左侧导航栏** 显示正常（显示了菜单但没有搜索框和列表）

但是**主内容区域依然完全空白**！这与之前不同——现在没有显示怪物列表，但也没有显示怪物详情内容，只有空白区域。

让我等待一下，看看是否内容还在加载：
[step 24] Action: scroll down (640, 400) scroll_amount 10
[step 24] Reasoning: 等待5秒后，页面内容区域仍然完全空白。主内容区域没有任何内容显示。这确认了：

**严重功能性Bug已确认**：`http://localhost:3000/monsters/srd_adult-bronze-dragon` 页面的主内容区域完全空白，没有任何怪物详情数据渲染。

让我尝试向下滚动页面，看看内容是否在页面的更下方位置被渲染但不可见：
[step 25] Action: DONE
[step 25] Reasoning: 向下滚动10次后，页面内容区域仍然完全空白。没有任何怪物详情内容。

这是一个明确的**功能性Bug**：`http://localhost:3000/monsters/srd_adult-bronze-dragon` 页面的主内容区域（怪物详情区域）完全没有渲染任何内容。

由于怪物详情页面的内容区域完全空白，无法查看Actions区域，更无法测试动作按类型分组显示的功能（Actions、Legendary Actions等标题）。

---

## 测试结果总结

### 🔴 严重功能性Bug：怪物详情页面内容区域完全空白

**测试步骤**：
1. ✅ 成功导航到 `http://localhost:3000/monsters/srd_adult-bronze-dragon`
2. ❌ 页面主内容区域完全空白，没有任何怪物信息渲染

**Bug描述**：
- **URL**：`http://localhost:3000/monsters/srd_adult-bronze-dragon`
- **面包屑**：正确显示 `HOME / MONSTERS / ADULT BRONZE DRAGON (SRD)`
- **主内容区域**：完全空白，没有怪物名称、属性、描述、Actions、Legendary Actions等任何内容

**影响范围**：
- 经测试，多个怪物的详情页（`srd_adult-bronze-dragon`、`srd-2024_adult-bronze-dragon`、`srd_aboleth`）均出现相同问题
- 这是一个普遍性的怪物详情页面渲染失败问题

**测试目标（步骤2和3）无法执行**：
- ❌ 无法向下滚动到 Actions 区域（内容为空）
- ❌ 无法检查不同类型动作是否分别归类显示（Actions、Legendary Actions等标题）
- ❌ 无法确认传奇动作是否显示在单独的 Legendary Actions 标题下

**结论**：怪物详情页面存在严重渲染Bug，内容区域完全空白，"动作按类型分组显示"功能无法测试和验证。
Evaluating task result...

==================================================
Task: 当前Chrome浏览器已打开open5e应用，地址是http://localhost:3000。测试怪物详情页中动作按类型分组显示的功能。1. 导航到 http://localhost:3000/monsters/srd_adult-bronze-dragon 页面。2. 向下滚动到Actions区域，检查是否将不同类型的动作分别归类显示（Actions、Legendary Actions等各自独立标题）。3. 确认传奇动作是否显示在单独的Legendary Actions标题下。始终在浏览器内操作，禁止打开Terminal。
Status: COMPLETED
Total steps: 25
Last action: DONE
Last reasoning: 向下滚动10次后，页面内容区域仍然完全空白。没有任何怪物详情内容。

这是一个明确的**功能性Bug**：`http://localhost:3000/monsters/srd_adult-bronze-dragon` 页面的主内容区域（怪物详情区域）完全没有渲染任何内容。

由于怪物详情页面的内容区域完全空白，无法查看Actions区域，更无法测试动作按类型分组显示的功能（Actions、Legendary Actions等标题）。

---

## 测试结果总结

### 🔴 严重功能性Bug：怪物详情页面内容区域完全空白

**测试步骤**：
1. ✅ 成功导航到 `http://localhost:3000/monsters/srd_adult-bronze-dragon`
2. ❌ 页面主内容区域完全空白，没有任何怪物信息渲染

**Bug描述**：
- **URL**：`http://localhost:3000/monsters/srd_adult-bronze-dragon`
- **面包屑**：正确显示 `HOME / MONSTERS / ADULT BRONZE DRAGON (SRD)`
- **主内容区域**：完全空白，没有怪物名称、属性、描述、Actions、Legendary Actions等任何内容

**影响范围**：
- 经测试，多个怪物的详情页（`srd_adult-bronze-dragon`、`srd-2024_adult-bronze-dragon`、`srd_aboleth`）均出现相同问题
- 这是一个普遍性的怪物详情页面渲染失败问题

**测试目标（步骤2和3）无法执行**：
- ❌ 无法向下滚动到 Actions 区域（内容为空）
- ❌ 无法检查不同类型动作是否分别归类显示（Actions、Legendary Actions等标题）
- ❌ 无法确认传奇动作是否显示在单独的 Legendary Actions 标题下

**结论**：怪物详情页面存在严重渲染Bug，内容区域完全空白，"动作按类型分组显示"功能无法测试和验证。

==================================================

UI window closed
