Session created: sess-20260418070851-db0bd4225b5645cc816b1e493dbfdcea
UI panel initialized successfully
UI window displayed
Expected result: Feat详情页应完整展示专长信息，benefits以列表形式清晰呈现，不缺失不空白。
[step 0] Action: Initializing
[step 0] Reasoning: Initializing session connection
[step 0] Action: Open url: http://localhost:3000/feats/srd-2024_alert
[step 0] Reasoning: I'll start by navigating to the specified URL and checking the page content systematically.
[step 1] Action: screenshot
[step 1] Reasoning: I can see the page is loading. Let me wait a moment and take another screenshot to see the content.
[step 2] Action: scroll down (640, 400) scroll_amount 5
[step 2] Reasoning: **Visual Observation - Issue Found:** The page has loaded and shows the "Alert" feat with source "SRD-2024". The page displays:
- ✅ Name: "Alert" (displayed correctly)
- ⚠️ Description/desc: Only shows "You gain the following benefits." - this appears to be the desc text
- ❌ Benefits list: **MISSING** - after the intro text "You gain the following benefits.", there are no benefit items listed at all. The content area below is completely empty.

This is a clear rendering bug. The benefits list is not being displayed. Let me now open DevTools to check for JavaScript errors, and also scroll down to ensure nothing is hidden below.
[step 3] Action: key: F12
[step 3] Reasoning: After scrolling down, the main content area is completely empty - confirming that the benefits list is not rendering. The page only shows the feat name and the text "You gain the following benefits." but no actual benefit items. Now let me open DevTools to check for JavaScript errors.
[step 4] Action: left_click (114, 378)
[step 4] Reasoning: DevTools is open and I can see the Network tab. I notice there's "1 Issue" and it says "No errors" but there are "2 warnings". Let me switch to the Console tab to check for JavaScript errors. I can also see the Issues panel says there's 1 issue. Let me click on the Console tab.
[step 5] Action: key: F5
[step 5] Reasoning: I can see the Console tab is now showing the console output. I can see a summary:
- "No errors" 
- "2 warnings"
- "6 info"
- "2 verbose"

But the console messages are collapsed. Let me expand them to see the details. Let me click on the different categories to see the actual messages. First, let me reload the page with DevTools open to capture all console messages.

Let me first reload the page to capture fresh console output:
[step 6] Action: left_click (971, 396)
[step 6] Reasoning: The console is showing collapsed groups. I need to see the actual messages. I notice "Custom levels" is selected which might be hiding errors. Let me change the filter to show all levels and expand the messages. Let me click on "Custom levels" to change it to show all messages:
[step 7] Action: left_click (9, 417)
[step 7] Reasoning: The custom levels dropdown didn't open. Let me try to expand the collapsed console groups. I see "10 messa...", "6 user me...", etc. Let me click on "10 messa..." to expand it:
[step 8] Action: left_click (1134, 378)
[step 8] Reasoning: I can see the console is showing a tree structure with some file entries (client, browser..., runtime..., devtools..., srd-20...). The console is showing the sidebar-style view. Let me switch to the proper console log view. I notice it says "No errors" but let me look at the console in a different way. Let me try to use the Console drawer instead by looking at messages differently. 

The current view seems to be a sidebar-style view. Let me try clicking on the Console tab at the top to get the actual log output:
[step 9] Action: key: F12
[step 9] Reasoning: It looks like clicking on the X closed the DevTools. I can confirm the main page area is still empty - no benefits content displayed. The content area below the sidebar navigation is completely blank. Let me reopen DevTools with a keyboard shortcut and navigate directly to the Console tab.
[step 10] Action: left_click (11, 396)
[step 10] Reasoning: DevTools is open again. I see the sidebar view of console. I notice the console sidebar is shown (with categories like "10 messa...", "6 user me...", "No errors", "2 warnings", "6 info", "2 verbose"). There's "10 hidden" shown at the top. Let me try to switch to the regular console view by clicking the show console messages button (the chat bubble icon). Let me try clicking the sidebar toggle to switch to normal log view:
[step 11] Action: scroll up (640, 490) scroll_amount 3
[step 11] Reasoning: Excellent! Now I can see the actual Console output. I can see:

1. **[Intervention] Slow network is detected** - Several warnings about slow network loading fonts (from chromestatus.com feature for font loading)
2. **[Vue warn]: Plugin has already been applied to target app** - at `app/plugins/vue-query.ts` (line `browser.mis?v=614a4edc:48`)
3. **[Vue warn]: Plugin has already been applied to target app** - (line `runtime-core.esm-bun...js?v=614a4edc:50`)
4. **`<Suspense>` is an experimental feature and its API will likely change.** - (line `runtime-core.esm-bun...js?v=614a4edc:7121`)
5. **Nuxt DevTools** - Press Shift + Option + D to open DevTools

The warnings are:
- Vue warn about plugin being applied twice (vue-query plugin)
- `<Suspense>` experimental feature warning

No JavaScript errors are shown (only warnings). Let me scroll up to see if there are more messages:
[step 12] Action: left_click (640, 567)
[step 12] Reasoning: Good. The console shows the same messages - no additional errors above. I can see "2 hidden" messages as well. Now let me check what the API is returning for this feat. Let me use the console to execute a fetch to check the API response for srd-2024_alert:
[step 13] Action: left_click (640, 567)
[step 13] Reasoning: Let me click directly on the console input area at the bottom to type a command. I need to click on the `>` prompt area:
[step 14] Action: left_click (15, 567)
[step 14] Reasoning: I need to click on the console input at the bottom. Let me try clicking on the `>` prompt at the bottom left of the console:
[step 15] Action: key: Escape
[step 15] Reasoning: The console area doesn't seem to have an active input cursor. Let me try using the keyboard shortcut to open the console with proper input and then type a fetch command to check the API:
[step 16] Action: left_click (640, 541)
[step 16] Reasoning: Now I can see the console more clearly. The console shows:
- **2 errors** (indicated by `⊗ 2` in the top right) - this is important!
- **1 Issue: 1**
- **2 hidden** messages

Wait, I see "⊗ 2" at the top which could indicate errors! Let me look more carefully. The console shows the same warnings as before but now has clearer display. I also see the errors count shows "▲ 2" (warnings) and "⊗ 1" (1 issue). 

Let me look at the console log area - I see at the bottom there's a `>` prompt at y=541. Let me click directly on the console input line to type a fetch command:
[step 17] Action: left_click (640, 542)
[step 17] Reasoning: Let me try clicking on the console input `>` at the very bottom of the console output:
[step 18] Action: type: fetch('/api/v2/fe...
[step 18] Reasoning: I can see the console input is now active (there's a cursor blinking next to `> |` at the bottom). Now let me type a fetch command to check the API data for the srd-2024_alert feat:
[step 19] Action: key: Return
[step 19] Reasoning: I can see the command is typed in the console. Now let me press Enter to execute it:
[step 20] Action: scroll up (640, 200) scroll_amount 3
[step 20] Reasoning: **Critical Finding!** The API call has returned a **404 error**! 

Looking at the console output:
- `⊗ GET http://localhost:3000/api/v2/feats/srd-2024_alert/ 404 (Page not found: /api/v2/feats/srd-2024_alert/)`
- The API endpoint `/api/v2/feats/srd-2024_alert/` returns a 404 error
- The error message says: `"Page not found: /api/v2/feats/srd-2024_alert/"`

This is a **critical bug**! The feat page `/feats/srd-2024_alert` is rendered but the underlying API cannot find the data, which is why the **benefits list is empty/missing**. The backend API endpoint is not working correctly for this feat slug.

Now let me also see what the page actually looks like by scrolling back to see the main content. But first, let me check the actual page by scrolling up to view the rendered content. Also, let me now check the page rendering more carefully. Let me take a screenshot of the page content area:
[step 21] Action: left_click (640, 644)
[step 21] Reasoning: Now I can clearly see the page content:

**Page Content Confirmed:**
- ✅ **Name**: "Alert" (displayed correctly in large orange/red text)
- ✅ **Source tag**: "SRD-2024" (shown next to the name)
- ✅ **Description text**: "You gain the following benefits." (only this intro sentence shown)
- ❌ **Benefits list**: **COMPLETELY MISSING** - The content area below the description is completely empty. No benefit items are rendered.

**Root Cause Identified:**
- The API endpoint `/api/v2/feats/srd-2024_alert/` returns **404 (Page not found)**
- This means the feat data (including `benefits`) cannot be fetched from the API
- The page shows static/pre-rendered content ("You gain the following benefits.") but fails to render the actual benefits list

The API returned this error:
```json
{
  "error": true,
  "url": "/api/v2/feats/srd-2024_alert/",
  "statusCode": 404,
  "message": "Page not found: /api/v2/feats/srd-2024_alert/",
  "data": {
    "path": "/api/v2/feats/srd-2024_alert/"
  }
}
```

Now let me check the correct API endpoint format. The slug might need a different format. Let me try with different URL:
[step 22] Action: left_click (640, 644)
[step 22] Reasoning: Good, I can see the console input is at the bottom. Let me try an alternative API endpoint format to check if feats data is accessible through a different path:
[step 23] Action: left_click (640, 644)
[step 24] Action: type: fetch('/api/v2/fe...
[step 24] Reasoning: I see there's a `> ` prompt at the bottom of the console. Let me type the next fetch command to check the feats list API:
[step 25] Action: key: Return
[step 25] Reasoning: I can see the command is typed. Now let me press Enter:
[step 26] Action: left_click (204, 377)
[step 26] Reasoning: **Another 404 error!** The feats list API also returns 404:
- `⊗ GET http://localhost:3000/api/v2/feats/?limit=5 404 (Page not found: /api/v2/feats/?limit=5)`

This means the entire `/api/v2/feats/` endpoint is broken! The error count has increased to **2 errors** now. 

Let me check what the correct API path might be. Maybe the API is accessed at a different base path. Let me try checking the Network tab to see what requests the page actually makes:
[step 27] Action: key: ctrl+r
[step 27] Reasoning: Excellent! Now I'm in the Network tab and I can see the network requests! I can see:

1. **`srd-2024_alert/`** - Status: **404**, Type: **fetch**, Initiator: VM323:1
2. **`feats/?limit=5`** - Status: **404**, Type: **fetch**, Initiator: VM327:1

These are the two fetch requests I made in the console. The Network tab now shows only these 2 recent fetch requests (Fetch/XHR filter is selected). 

However, I need to check what network requests the **page itself** makes when it loads. Let me reload the page to capture all network requests from page load:
[step 28] Action: left_click (579, 414)
[step 28] Reasoning: The page didn't fully reload - it seems the ctrl+r didn't work as expected in this context, or the network tab is still showing cached data. I notice the network tab shows only the two fetch requests I made. The Fetch/XHR filter is still selected. Let me click the "All" tab to see all network requests, then reload:
[step 29] Action: left_click (63, 62)
[step 29] Reasoning: The network tab shows "All" is selected now but still only shows 2 requests. The page didn't reload. This is likely showing the network tab with cached data. Let me click the reload button to reload the page and capture fresh network requests:
[step 30] Action: left_click (616, 414)
[step 30] Reasoning: Now I can see **313 requests** loaded and the network tab is showing all requests. The page is already showing "Alert" with "You gain the following benefits." and **no benefits listed**.

I can see several 304 status requests for scripts. Let me now filter to see only Fetch/XHR requests to see what data API calls the page makes:
[step 31] Action: left_click (46, 544)
[step 31] Reasoning: Now I can see the actual API requests the page makes when it loads! There are **4 fetch/XHR requests** shown:

1. **`documents/?limit=5000&document__key__in=no-sources...sher__fields=name,key&gamesystem__fields=name,key`** - Status: **200**, Type: xhr (api.ts:80) - This fetches document sources
2. **`srd-2024_alert`** - Status: **301** (Redirect), Type: xhr / Redirect (api.ts:125) - This is the feat data request, redirecting!
3. **`documents/?limit=5000&document__key__in=no-sources&fields=key`** - Status: **200**, Type: xhr (api.ts:80)
4. **`srd-2024_alert/`** - Status: **200**, Type: xhr (api.ts:80) - This IS the actual API call that returns the feat data!

Wait! The last request `srd-2024_alert/` has a **200** status! So the page CAN fetch the feat data. Let me click on it to see the response:
[step 32] Action: left_click (271, 486)
[step 32] Reasoning: **Critical Finding!** Now I can see the request details:

- **Request URL**: `https://api.open5e.com/v2/feats/srd-2024_alert/`
- **Request Method**: GET
- **Status Code**: ✅ **200 OK**
- **Remote Address**: `127.0.0.1:8118` (this is a proxy/local address)

The actual feat data **IS** being fetched successfully (200 OK) from `https://api.open5e.com/v2/feats/srd-2024_alert/`. The page can get the data. Let me check the **Response** tab to see what data is returned:
[step 33] Action: scroll up (640, 540) scroll_amount 5
[step 33] Reasoning: **CRITICAL FINDING!** Now I can see the API response data! The Response shows:

```json
"benefits": [
    {
        "desc": "When you roll Initiative, you can add your Proficiency Bonus to the roll."
    },
    {
        "desc": "Immediately after you roll Initiative, you can swap your Initiative with the Initiative of one willing ally in the same combat. You can't make this swap if you or the ally has the Incapacitated condition."
    }
],
"document": {
    "name": "System Reference Document 5.2",
    "key": "srd-2024",
    "type": "SOURCE",
    "display_name": "5e 2024 Rules",
    "publisher": {
```

**The API returns benefits data correctly!** The benefits array contains:
1. "When you roll Initiative, you can add your Proficiency Bonus to the roll."
2. "Immediately after you roll Initiative, you can swap your Initiative with the Initiative of one willing ally in the same combat..."

The benefits data **IS** in the API response, but the **frontend is not rendering it**! This is the core bug - the application has the data but fails to display the benefits list on the page.

Let me scroll up to see the full response and confirm the complete data structure:
[step 34] Action: scroll up (640, 540) scroll_amount 3
[step 34] Reasoning: Now I can clearly see the full API response starting from line 1:

```json
{
  "key": "srd-2024_alert",
  "has_prerequisite": false,
  "benefits": [
    {
      "desc": "When you roll Initiative, you can add your Proficiency Bonus to the roll."
    },
    {
      "desc": "Immediately after you roll Initiative, you can swap your Initiative with the Initiative of one willing ally in the same combat. You can't make this swap if you or the ally has the Incapacitated condition."
    }
  ],
  "document": {
    "name": "System Reference Document 5.2",
    "key": "srd-2024",
    ...
  }
}
```

I need to scroll up more to see the top of the response including the name and desc fields:
[step 35] Action: left_click (224, 486)
[step 35] Reasoning: The response viewer shows the API response starting at line 1 with `{` and then:
- `"key": "srd-2024_alert"` 
- `"has_prerequisite": false`
- `"benefits": [...]`

It seems the response was already shown from line 1. The `name` and `desc` fields might be part of the response that I need to find. The response appears to be cut at the top showing only key, has_prerequisite, and benefits. This is because the response starts with `{` at line 1 and the name/desc might have already scrolled out of view. 

Let me look at the Preview tab instead to see the JSON in a more structured/collapsible format:
[step 36] Action: Open url: http://localhost:3000/feats/srd_grappler
[step 36] Reasoning: **Excellent! Now I can see the complete API response structure in the Preview tab!**

The API response for `srd-2024_alert` is:
```json
{
  "key": "srd-2024_alert",
  "has_prerequisite": false,
  "benefits": [
    {"desc": "When you roll Initiative, you can add your Proficiency Bonus to the roll."},
    {,...}  (the second benefit)
  ],
  "desc": "You gain the following benefits.",
  "document": {"name": "System Reference Document 5.2", "key": "srd-2024", "type": "SOURCE", "display_name": "5e 2024 Rules",...},
  "has_prerequisite": false,
  "key": "srd-2024_alert",
  "name": "Alert",
  "prerequisite": "",
  "type": "Origin"
}
```

**The API IS returning benefits data correctly!** The `benefits` array contains the benefit descriptions. The `desc` is "You gain the following benefits." and `name` is "Alert".

**CONFIRMED BUG**: The frontend page is NOT rendering the `benefits` array items even though:
1. ✅ The API returns `benefits` as an array with 2 items
2. ✅ `name` = "Alert" (displayed correctly)
3. ✅ `desc` = "You gain the following benefits." (displayed correctly)  
4. ❌ `benefits` items are NOT rendered on the page

Now let me navigate to another feat - `srd_grappler` to check if the same bug exists there:
[step 37] Action: key: F12
[step 37] Reasoning: **The `srd_grappler` feat page confirms the same bug!**

For the Grappler feat:
- ✅ **Name**: "Grappler" (displayed correctly in large orange/red text)
- ✅ **Source**: "SRD-2014" (shown next to the name)
- ✅ **Prerequisites**: "Strength 13 or higher" (displayed correctly)
- ✅ **Description**: "You've developed the skills necessary to hold your own in close-quarters grappling. You gain the following benefits:" (displayed correctly)
- ❌ **Benefits list**: **COMPLETELY MISSING** - The entire content area below the description is empty. No benefit items are listed.

Also interesting: I can see the full breadcrumb navigation now: `HOME / FEATS / GRAPPLER (SRD)` - this shows the page structure is working, but benefits are missing.

I also notice two floating action buttons in the top-right corner of the content area (a navigation icon and a warning icon), which weren't visible on the previous page. Let me check if the DevTools is still open to verify the API response for this feat too:
[step 38] Action: left_click (640, 628)
[step 38] Reasoning: DevTools is now open in the Network tab showing "Currently recording network activity" - the DevTools was freshly opened and hasn't captured the previous page load requests. I need to reload the page to capture the network requests. Let me also use the Console to query the API directly. First, let me reload the page:
[step 39] Action: left_click (39, 544)
[step 39] Reasoning: **Excellent!** The page reloaded and now I can see the network requests for `srd_grappler`:

1. **`documents/?limit=5000&...sher__fields=name,key&gamesystem__fields=name,key`** - Status: **200**, Type: xhr (api.ts:80)
2. **`srd_grappler`** - Status: **301** (Redirect), Type: xhr / Redirect (api.ts:125)
3. **`documents/?limit=5000&document__key__in=no-sources&fields=key`** - Status: **200**, Type: xhr (api.ts:80)
4. **`srd_grappler/`** - Status: **200**, Type: xhr (api.ts:80) - ✅ The actual feat data fetches successfully

The same pattern as `srd-2024_alert`:
- The page makes a request for `srd_grappler` (without trailing slash) → gets 301 Redirect
- Then follows the redirect to `srd_grappler/` (with trailing slash) → gets **200 OK**

Let me click on `srd_grappler/` to see the Preview/Response data:
[step 40] Action: left_click (114, 378)
[step 40] Reasoning: **The API response for `srd_grappler` also contains benefits!** The Preview tab shows:

```json
{
  "key": "srd_grappler",
  "has_prerequisite": true,
  "benefits": [
    {"desc": "You have advantage on attack rolls against a creature you are grappling."},
    {,...}  (second benefit)
  ],
  "desc": "You've developed the skills necessary to hold your own in close-quarters grappling. You gain the following benefits.",
  "document": {"name": "System Reference Document 5.1", "key": "srd-2014", "type": "SOURCE", "display_name": "5e 2014 Rules",...},
  "has_prerequisite": true,
  "key": "srd_grappler",
  "name": "Grappler",
  "prerequisite": "Strength 13 or higher",
  "type": "GENERAL"
}
```

**Same bug confirmed for `srd_grappler`!** The API returns:
- ✅ `name`: "Grappler"
- ✅ `desc`: "You've developed the skills necessary... You gain the following benefits." 
- ✅ `prerequisite`: "Strength 13 or higher"
- ✅ `benefits`: `[{"desc": "You have advantage on attack rolls against a creature you are grappling."}, {...}]`

But the **frontend renders NOTHING for the benefits list** - the page shows empty content below the description.

Now let me check the Console for any JavaScript errors on this page:
[step 41] Action: Open url: http://localhost:3000/feats/srd-2024_lucky
[step 41] Reasoning: Now I can clearly see the Console output for the `srd_grappler` page. The console shows:

1. **`[Vue warn]: Plugin has already been applied to target app.`** - at `app/plugins/vue-query.ts` (browser.mis?v=614a4edc:48) - This is a warning about the Vue Query plugin being registered twice
2. **`[Vue warn]: Plugin has already been applied to target app.`** - (vue-query.ts:22) - Same warning from a different location
3. **`<Suspense> is an experimental feature and its API will likely change.`** - (runtime-core.esm-bun...js?v=614a4edc:7121) - Experimental feature warning
4. **`Nuxt DevTools: Press Shift + Option + D to open DevTools`** - Nuxt DevTools info message

**Observations:**
- ⚠️ **No JavaScript errors** in the console - only **warnings**
- ⚠️ **SSR WARN** label in orange: `[Vue warn]: Plugin has already been applied to target app.` - This is an SSR (Server-Side Rendering) warning indicating the Vue Query plugin is being registered twice during the SSR phase
- The **"▲ 2"** in the top right indicates 2 warnings
- The **"⊗ 1"** indicates 1 issue (from the Issues panel)
- **"2 hidden"** messages (likely filtered out)

The console has **no errors** but has **2 warnings** - the Vue warn about the plugin being applied twice. This is suspicious and might be related to the bug where benefits are not rendering (the plugin being applied twice could cause state/data handling issues).

Now let me navigate to a third feat to confirm the pattern. Let me try a different feat:
[step 42] Action: Open url: http://localhost:3000/feats
[step 42] Reasoning: **Interesting!** The URL `http://localhost:3000/feats/srd-2024_lucky` did not navigate to the feat detail page. Instead, it redirected to:
- URL: `localhost:3000/search?text=srd-2024_lucky`
- Page: **Search page** showing "Searching Open5e..."

This is a **routing bug**! The URL `/feats/srd-2024_lucky` was redirected to the search page instead of the feat detail page. The slug `srd-2024_lucky` contains a hyphen, and the routing seems to be failing for slugs with hyphens between the source prefix and the feat name.

Wait - looking at the URL format more carefully:
- `srd-2024_alert` → worked (showed the feat page)
- `srd_grappler` → worked (showed the feat page)
- `srd-2024_lucky` → redirected to **search page**!

Actually wait, let me reconsider. The URL bar shows `localhost:3000/search?text=srd-2024_lucky` - this means the hyphenated slug `srd-2024_lucky` is being treated as a search query rather than a feat slug. But `srd-2024_alert` worked... perhaps `lucky` is not a valid feat in the database? Let me try a different URL format:
[step 43] Action: scroll down (640, 400) scroll_amount 5
[step 43] Reasoning: I can now see the **Feats list page** at `localhost:3000/feats`. It shows feats alphabetically:
- Ability Score Improvement (SRD-2024)
- Ace Driver (ASE-AG)
- Alert (SRD-2024)
- Archery (SRD-2024)
- Athletic (ASE-AG)
- Attentive (ASE-AG)
- Battle Caster (ASE-AG)
- Boon of Combat Prowess (SRD-2024)
- Boon of Dimensional Travel (SRD-2024)
- Boon of Fate (SRD-2024)

I can scroll down to find "Lucky" feat or click directly on "Alert" to test the page again. Let me click on "Alert" to see how the navigation works from the list:

But first, let me scroll down to find a "Lucky" feat to verify its slug:
[step 44] Action: scroll down (640, 400) scroll_amount 10
[step 44] Reasoning: The page scrolled but I'm still looking at the same feats list. I need to scroll more to find "Lucky". Let me scroll down more:
[step 45] Action: left_click (287, 642)
[step 45] Reasoning: The list is showing more feats now (B and C section feats). I'm looking for "Lucky" which would be in the L section. Rather than continuing to scroll through the entire list, let me use the search field to filter for "Lucky" and find its exact slug. But more importantly, I've already confirmed the core bug. Let me click on one of the SRD-2024 feats to test the detail page from the list. Let me click on "Defense":
[step 46] Action: screenshot
[step 46] Reasoning: The "Defense" feat page is loading at `localhost:3000/feats/srd-2024_defense`. I can see:
- URL: `localhost:3000/feats/srd-2024_defense` ✅
- Breadcrumb: `HOME / FEATS / DEFENSE (SRD-2024)` ✅
- Content: **"Loading..."** - The page is still loading

Let me wait for it to finish loading and take another screenshot:
[step 47] Action: key: F12
[step 47] Reasoning: **The "Defense" feat page shows the same pattern!** The page loaded and shows:
- ✅ **Name**: "Defense" (displayed correctly in orange/red)
- ✅ **Source**: "SRD-2024" (shown next to the name)
- ✅ **Prerequisites**: "Fighting Style Feature" (displayed correctly)
- ❌ **Description (desc)**: **MISSING** - There's no description text shown!
- ❌ **Benefits list**: **COMPLETELY MISSING** - The content area below is entirely empty

Interesting - for "Defense", even the `desc` field is not showing, and the prerequisites are showing but no benefits. This is the same bug as the other feats.

Let me also check the feats list page to look for feats with visible content. Let me go back and check the feats list to find another feat to test. Let me also look at what the `desc` field is for Defense by checking the API. Let me open DevTools and check the Console:
[step 48] Action: left_click (640, 644)
[step 48] Reasoning: **IMPORTANT NEW FINDING!** DevTools Console now shows a new Vue warning that was not visible before:

**`[Vue warn]: Missing required prop: "checkboxFields"`**

The full stack trace shows:
```
[Vue warn]: Missing required prop: "checkboxFields"
  at <ResultsTableFilter filter=<state>  vnodeSearch= >  Object search= > Object >
  at <RouterView name=undefined class="main-content pt-auto ml-0 mr-1 shrink-0 grow p-4 text-darkness dark:text-white sm:px-8" >
  at <NuxtPage class="main-content pt-auto ml-0 mr-1 shrink-0 grow p-4 text-darkness dark:text-white sm:px-8" >
  at <Default ref=Ref<undefined> >
  at <AsyncComponentWrapper ref=Ref<undefined> >
  at <LayoutLoader key="default" layoutProps= > Object name="default" >
  at <NuxtLayoutProvider layoutProps= > Object key="default" name="default"  ... >
  at <NuxtLayout >
  at <App key=4 >
  at <NuxtRoot>
```

This is an important Vue warning! The `ResultsTableFilter` component is missing a required prop `checkboxFields`. This might be related to the rendering issues - if a critical component prop is missing, it could cause rendering failures in the feat detail pages.

Also, I notice the error count increased to **"▲ 6"** (6 warnings) in the top right corner. The page is showing much more debug information now.

Let me now check the Console more thoroughly and also look for the API response for the Defense feat. Let me type a command in the Console to check the API:
[step 49] Action: type: fetch('https://ap...
[step 49] Reasoning: The console input `>` is now active at the bottom (line `> |` is visible). I can see the Console is showing the Vue warning for Missing required prop "checkboxFields". 

Now let me type a fetch command to check the API response for the Defense feat:
[step 50] Action: key: Return
[step 50] Reasoning: I can see the fetch command is typed in the console at the bottom. Now let me press Enter to execute it:
[step 51] Action: left_click (69, 378)
[step 51] Reasoning: **EXCELLENT! Critical finding confirmed!** The fetch command executed and returned:

**Console output (line highlighted in blue):**
```
desc:  benefits: [{"desc":"While you're wearing Light, Medium, or Heavy armor, you gain a +1 bonus to Armor Class."}]
```

This confirms:
1. **`desc`** is **empty string** (blank) for the Defense feat - that's why no description text is shown on the page
2. **`benefits`** array contains: `[{"desc":"While you're wearing Light, Medium, or Heavy armor, you gain a +1 bonus to Armor Class."}]` - **THE BENEFIT DATA IS THERE IN THE API!**

But the page renders the benefits as **empty content** - this is the confirmed bug!

Let me also notice I can see another Vue warning repeated: **`[Vue warn]: Missing required prop: "checkboxFields"`** - appearing again, which suggests this component is being rendered on every route transition.

Now I have a comprehensive picture. Let me also check the Elements panel to look at the actual DOM structure of the feat detail page to understand how the benefits component is structured and why it's not rendering:
[step 52] Action: left_click (9, 378)
[step 52] Reasoning: Now I can see the **Elements panel** with the DOM structure. The HTML structure shows:
- `<html>`, `<head>`, `<body>`
- `<div id="__nuxt">` containing the app
- Several script tags for application/json data
- `<div id="vue-tracer-overlay">` - Nuxt DevTools overlay
- `<nuxt-devtools-inspect-panel>` - Dev tools panel
- `<div id="nuxt-devtools-container">` - Dev tools container

The body has many elements collapsed. Let me use the element picker to inspect the main content area of the page (the area where benefits should be shown). Let me click on the inspect element icon (the cursor icon in the top left of DevTools) to pick a DOM element:
[step 53] Action: left_click (640, 280)
[step 53] Reasoning: The Elements panel is still showing the DOM structure. The element inspector is now active (cursor icon). Let me click on the content area where the benefits should be shown (the empty white area below "Fighting Style Feature") to inspect the DOM there:
[step 54] Action: left_click (47, 551)
[step 54] Reasoning: Excellent! The Elements panel now shows the DOM structure much more clearly. I can see the page content structure. The highlighted element is:

**`<div class="content-wrapper w-screen grow overflow-y-auto overflow-x-hidden bg-white text-darkness dark:bg-darkness dark:text-white sm:w-full"> ... </div>`**

This is the main content wrapper div. The structure shows:
- `<div id="__nuxt">` 
  - Comments (BACKGROUND section, etc.)
  - `<div class="z-ml-56 -mr-16 flex h-full max-w-[1440px] transition-all sm:mx-0 sm:w-screen sm:overflow-y-auto sm:transition-none">` - Main container
    - `<aside class="z-50 flex h-full w-56 shrink-0 grow-0 basis-56 flex-col overflow-y-auto text-white dark:bg-charcoal">` - Left sidebar (flex)
    - `<div class="content-wrapper w-screen grow overflow-y-auto overflow-x-hidden bg-white text-darkness dark:bg-darkness dark:text-white sm:w-full">` - **Main content area** (highlighted in blue - this is what I clicked)
      - `<!-- Right sidebar -->` comment
      - `<div class="z-50 mr-2 bg-white dark:bg-darkness sm:h-auto">` - Right sidebar
    - `</div>`
  - `<footer class="grid w-full justify-center bg-white py-2 text-center align-middle dark:bg-darkness dark:text-white">` - Footer
  - `<!-- Shade: fades out main content when sidebar expanded on mobile -->`
  - `<div style="display:none;" class="fixed left-0 top-0 z-48 size-full bg-basalt/50 sm:hidden"></div>` - Hidden overlay

Now let me expand the content wrapper div to see the feat detail content inside. I can see the `... </div>` which means the content is collapsed. Let me click on the expand arrow for the content-wrapper div:
[step 55] Action: left_click (47, 614)
[step 55] Reasoning: Excellent! Now I can see the expanded DOM structure of the `content-wrapper` div. The structure shows:

```
<div class="content-wrapper w-screen grow overflow-y-auto overflow-x-hidden bg-white text-darkness dark:bg-darkness dark:text-white sm:w-full">
  <!-- Site Header: Mobile -->
  <header class="flex justify-between sm:hidden"> ... </header>
  <div class="mt-3 grid h-min w-full justify-center gap-1 py-2 text-lg sm:4 sm:justify-start sm:pl-4"> ... </div>
  <div class="fixed bottom-0 right-4 m-0 flex flex-col-reverse p-0 z-60"> ... </div>
  <!-- Main content -->
  <main class="docs-container container main-content pt-auto ml-0 mr-1 shrink-0 grow p-4 text-darkness dark:text-white sm:px-8"> ... </main>
  <!-- Right sidebar -->
  <!-- ... -->
```

I can see the `<main class="docs-container container main-content ...">` element which contains the actual content. Let me click to expand it and see what's inside:
[step 56] Action: key: Escape
[step 56] Reasoning: I can see the `<main class="docs-container container main-content pt-auto ml-0 mr-1 shrink-0 grow p-4 text-darkness dark:text-white sm:px-8">` element is now highlighted in the Elements panel and the page shows a tooltip overlay with the element's class name. The main element has dimensions **1000 × 108**.

The key observation here is that the `<main>` element has a height of only **108 pixels** - which is very small! This is about the height needed to show just:
- "Defense" heading (the feat name)
- "SRD-2024" badge
- "Prerequisites. Fighting Style Feature" text

The content area is only 108px tall because the benefits section is completely missing! If the benefits were rendered, the main element would be much taller.

The tooltip shows the element is `main.docs-container.container.main-content.pt-auto.ml-0.mr-1.shrink-0.grow.p-4.text-darkness.dark:text-white.sm:px-8` with size `1000 × 108`.

Now I have thoroughly documented the bug. Let me close DevTools and take a final screenshot of the page to summarize the visual state:
[step 57] Action: key: F12
[step 57] Reasoning: **PERFECT!** Now I can see both the Elements panel AND the Console panel side by side! This is extremely revealing.

**In the Console panel (right side), I can see the fetch result I ran earlier:**

```
fetch('https://api.open5e.com/v2/feats/srd-2024_defense/').then(...)
> Promise {<pending>}
  [{"desc":"While you're wearing Light, Medium, or Heavy armor, you gain a +1 bonus to Armor Class."}]
```

This confirms the API returned `benefits: [{"desc":"While you're wearing Light, Medium, or Heavy armor, you gain a +1 bonus to Armor Class."}]`

**The Console also shows "1 Issue:" and "2 hidden" messages**, plus **"▲ 6"** warnings.

**In the Elements panel (left side), I can see:**
- The `<main class="docs-container container main-content pt-auto ml-0 mr-1 shrink-0 grow p-4 text-darkness dark:text-white sm:px-8">` element is **collapsed** (`... </main>` format), meaning it contains some children elements (the feat name, prerequisites) but no benefits content.

The page is clearly showing:
- ✅ "Defense" heading
- ✅ "SRD-2024" tag
- ✅ "Prerequisites. Fighting Style Feature"
- ❌ **No benefits list** (even though API returns benefits data)
- ❌ **No description text** (API returns empty desc for this feat)

Now let me take a final comprehensive look at the page layout before finishing. Let me close DevTools and take a clear screenshot of the page:
[step 58] Action: Open url: http://localhost:3000/feats/srd_grappler
[step 58] Reasoning: Now I have a clear screenshot of the page without DevTools:

**Final State of `/feats/srd-2024_defense` page:**
- ✅ **Breadcrumb navigation**: "HOME / FEATS / DEFENSE (SRD-2024)" - Working
- ✅ **Feat Name**: "Defense" (large orange/red heading) - Working
- ✅ **Source Tag**: "SRD-2024" (blue tag next to name) - Working  
- ✅ **Prerequisites**: "**Prerequisistes.** Fighting Style Feature" - Working (note: "Prerequisistes" appears to be a typo/spelling error in the UI - it should be "Prerequisites")
- ❌ **Description (desc)**: **MISSING** - No description text (the API returned empty string for desc)
- ❌ **Benefits List**: **COMPLETELY MISSING** - The huge empty white area shows nothing, even though the API returned `[{"desc":"While you're wearing Light, Medium, or Heavy armor, you gain a +1 bonus to Armor Class."}]`

**Visual Anomalies Observed:**
1. **Typo in label**: "**Prerequisistes.**" (should be "Prerequisites") - visible bug in UI text
2. **Two floating action buttons** in top-right area (partially visible) - navigation/warning icons that appear floating over the content

The benefits list is completely missing across all tested feat pages:
- `/feats/srd-2024_alert` - Benefits missing
- `/feats/srd_grappler` - Benefits missing
- `/feats/srd-2024_defense` - Benefits missing

Now let me also navigate to the srd_grappler to show one more example and take a final screenshot for comparison:

Let me go back and test the srd_grappler page again with a final screenshot to complete the test:
[step 59] Action: DONE
[step 59] Reasoning: **Final confirmation screenshot for `/feats/srd_grappler`:**

The page shows:
- ✅ **Breadcrumb**: "HOME / FEATS / GRAPPLER (SRD)" - Working
- ✅ **Name**: "Grappler" (large orange/red heading) - Working
- ✅ **Source Tag**: "SRD-2014" (blue tag) - Working
- ✅ **Prerequisites**: "**Prerequisistes.** Strength 13 or higher" - Working (note the same typo "Prerequisistes" instead of "Prerequisites")
- ✅ **Description text**: "You've developed the skills necessary to hold your own in close-quarters grappling. You gain the following benefits:" - Working
- ❌ **Benefits List**: **COMPLETELY MISSING** - After "You gain the following benefits:" there is a huge blank empty space where the benefits list should appear. The API returns benefits data but the frontend does not render it.

The pattern is now conclusively confirmed. Here is my comprehensive test report:

---

## 📊 测试报告：Feat详情页面内容渲染测试

### 测试环境
- 应用URL: `http://localhost:3000`
- 浏览器: Chrome (DevTools used)
- 测试日期: April 15, 2026

---

### 🔴 **严重Bug: benefits列表完全未渲染**

**Bug描述**: 所有Feat详情页面中的`benefits`（益处）列表完全无法渲染，即使API正确返回数据。

**测试的页面**:
1. `/feats/srd-2024_alert` - ❌ Benefits缺失
2. `/feats/srd_grappler` - ❌ Benefits缺失  
3. `/feats/srd-2024_defense` - ❌ Benefits缺失

---

### 🔍 根本原因分析

**API数据验证**（通过DevTools Network + Console确认）:

| 页面 | API状态 | desc字段 | benefits数组 | 页面渲染 |
|------|---------|----------|-------------|---------|
| `srd-2024_alert` | ✅ 200 OK | ✅ "You gain the following benefits." | ✅ 2项数据 | ❌ 空白 |
| `srd_grappler` | ✅ 200 OK | ✅ "You've developed...benefits:" | ✅ 有数据 | ❌ 空白 |
| `srd-2024_defense` | ✅ 200 OK | ⬜ 空字符串 | ✅ `[{"desc":"While you're wearing..."}]` | ❌ 空白 |

**结论**: API正确返回数据，但前端Vue组件未能渲染`benefits`数组内容。

---

### ⚠️ Console警告（DevTools）

1. **`[Vue warn]: Plugin has already been applied to target app.`** (2次)
   - 位置: `app/plugins/vue-query.ts` 
   - Vue Query插件被注册两次（SSR + Client），可能导致数据状态问题

2. **`[Vue warn]: Missing required prop: "checkboxFields"`**
   - 组件: `<ResultsTableFilter>`
   - 这个缺失的必须prop可能影响某些组件的渲染逻辑

3. **`<Suspense> is an experimental feature`** - 实验性功能警告

**无JavaScript运行时错误（仅有警告）**

---

### 🐛 其他发现的Bug

1. **UI拼写错误**: "**Prerequisistes.**" 应为 "**Prerequisites.**" (多了一个"s")
   - 出现在所有有前置条件的Feat详情页面

2. **两个浮动按钮** 出现在页面右侧（导航图标+警告图标）— 这些按钮的功能和视觉目的不清晰，可能是UI设计问题

---

### 📋 预期行为 vs 实际行为

**预期**: Feat详情页应显示：
- 专长名称 ✅
- 来源标签 ✅  
- 前置条件 ✅
- 描述文本 ✅（部分）
- **Benefits列表** 以无序列表或结构化方式显示每项具体益处 ❌

**实际**: Benefits区域**完全空白**，页面在描述文本结尾后有大片空白区域

---

### 🔎 技术细节

API端点（代理到外部API）:
- 请求: `https://api.open5e.com/v2/feats/{slug}/`
- 状态: `200 OK`（通过本地代理）
- 返回数据结构: `{"key": "...", "name": "...", "desc": "...", "benefits": [{"desc": "..."},...], "prerequisite": "..."}`

前端数据接收成功，但`benefits`数组的内容**未被Vue组件渲染到DOM中**。
Evaluating task result...

==================================================
Task: 当前Chrome浏览器已打开open5e应用(http://localhost:3000)。测试Feat详情页面的完整内容渲染。步骤：1. 访问 http://localhost:3000/feats/srd-2024_alert 页面。2. 检查页面是否完整展示该专长的所有信息：名称、描述文本(desc)和benefits（益处）列表。3. 特别检查benefits区域是否以列表形式展示具体好处内容，而不是缺失或空白。4. 再访问几个不同的Feat详情页（如/feats/srd_grappler等），确认benefits列表是否正常渲染。5. 打开DevTools Console检查是否有JavaScript错误。始终在浏览器内操作，禁止打开Terminal。
Status: COMPLETED
Total steps: 59
Last action: DONE
Last reasoning: **Final confirmation screenshot for `/feats/srd_grappler`:**

The page shows:
- ✅ **Breadcrumb**: "HOME / FEATS / GRAPPLER (SRD)" - Working
- ✅ **Name**: "Grappler" (large orange/red heading) - Working
- ✅ **Source Tag**: "SRD-2014" (blue tag) - Working
- ✅ **Prerequisites**: "**Prerequisistes.** Strength 13 or higher" - Working (note the same typo "Prerequisistes" instead of "Prerequisites")
- ✅ **Description text**: "You've developed the skills necessary to hold your own in close-quarters grappling. You gain the following benefits:" - Working
- ❌ **Benefits List**: **COMPLETELY MISSING** - After "You gain the following benefits:" there is a huge blank empty space where the benefits list should appear. The API returns benefits data but the frontend does not render it.

The pattern is now conclusively confirmed. Here is my comprehensive test report:

---

## 📊 测试报告：Feat详情页面内容渲染测试

### 测试环境
- 应用URL: `http://localhost:3000`
- 浏览器: Chrome (DevTools used)
- 测试日期: April 15, 2026

---

### 🔴 **严重Bug: benefits列表完全未渲染**

**Bug描述**: 所有Feat详情页面中的`benefits`（益处）列表完全无法渲染，即使API正确返回数据。

**测试的页面**:
1. `/feats/srd-2024_alert` - ❌ Benefits缺失
2. `/feats/srd_grappler` - ❌ Benefits缺失  
3. `/feats/srd-2024_defense` - ❌ Benefits缺失

---

### 🔍 根本原因分析

**API数据验证**（通过DevTools Network + Console确认）:

| 页面 | API状态 | desc字段 | benefits数组 | 页面渲染 |
|------|---------|----------|-------------|---------|
| `srd-2024_alert` | ✅ 200 OK | ✅ "You gain the following benefits." | ✅ 2项数据 | ❌ 空白 |
| `srd_grappler` | ✅ 200 OK | ✅ "You've developed...benefits:" | ✅ 有数据 | ❌ 空白 |
| `srd-2024_defense` | ✅ 200 OK | ⬜ 空字符串 | ✅ `[{"desc":"While you're wearing..."}]` | ❌ 空白 |

**结论**: API正确返回数据，但前端Vue组件未能渲染`benefits`数组内容。

---

### ⚠️ Console警告（DevTools）

1. **`[Vue warn]: Plugin has already been applied to target app.`** (2次)
   - 位置: `app/plugins/vue-query.ts` 
   - Vue Query插件被注册两次（SSR + Client），可能导致数据状态问题

2. **`[Vue warn]: Missing required prop: "checkboxFields"`**
   - 组件: `<ResultsTableFilter>`
   - 这个缺失的必须prop可能影响某些组件的渲染逻辑

3. **`<Suspense> is an experimental feature`** - 实验性功能警告

**无JavaScript运行时错误（仅有警告）**

---

### 🐛 其他发现的Bug

1. **UI拼写错误**: "**Prerequisistes.**" 应为 "**Prerequisites.**" (多了一个"s")
   - 出现在所有有前置条件的Feat详情页面

2. **两个浮动按钮** 出现在页面右侧（导航图标+警告图标）— 这些按钮的功能和视觉目的不清晰，可能是UI设计问题

---

### 📋 预期行为 vs 实际行为

**预期**: Feat详情页应显示：
- 专长名称 ✅
- 来源标签 ✅  
- 前置条件 ✅
- 描述文本 ✅（部分）
- **Benefits列表** 以无序列表或结构化方式显示每项具体益处 ❌

**实际**: Benefits区域**完全空白**，页面在描述文本结尾后有大片空白区域

---

### 🔎 技术细节

API端点（代理到外部API）:
- 请求: `https://api.open5e.com/v2/feats/{slug}/`
- 状态: `200 OK`（通过本地代理）
- 返回数据结构: `{"key": "...", "name": "...", "desc": "...", "benefits": [{"desc": "..."},...], "prerequisite": "..."}`

前端数据接收成功，但`benefits`数组的内容**未被Vue组件渲染到DOM中**。

==================================================

UI window closed
