Session created: sess-20260418062858-1e2ba5947c6c4b1985815e599f022897
UI panel initialized successfully
UI window displayed
Expected result: 职业详情页面应正常加载完成，不卡在Loading状态。展示完整职业信息、表格和熟练加值，导航栏正常，Console无TypeError。
[step 0] Action: Initializing
[step 0] Reasoning: Initializing session connection
[step 0] Action: Open url: http://localhost:3000/classes/srd_fighter
[step 0] Reasoning: 我将按照步骤测试职业详情页面的加载和渲染功能。首先访问指定页面。
[step 1] Action: wait
[step 1] Reasoning: 页面正在显示 "Loading..." 状态。等待几秒钟后再截图查看是否完成加载。
[step 2] Action: wait
[step 2] Reasoning: 页面仍然停留在 "Loading..." 状态，等待更长时间。
[step 3] Action: Minimize panel
[step 3] Reasoning: 页面持续停留在 "Loading..." 状态，超过8秒仍未完成加载。这是一个**功能性Bug**。现在我需要打开 DevTools Console 来查看是否有 JavaScript 错误。让我右键点击页面并选择"检查"。
[step 4] Action: right_click (640, 400)
[step 4] Reasoning: 面板已最小化。现在右键点击页面内容区域打开 DevTools。
[step 5] Action: left_click (659, 628)
[step 5] Reasoning: 右键菜单已显示，点击"检查"打开 DevTools。
[step 6] Action: left_click (114, 443)
[step 6] Reasoning: DevTools 已打开，默认显示 Elements 面板。我可以看到有红色标识 ⚠️ 2 errors 和 3 warnings。现在点击 Console 标签查看具体的 JavaScript 错误。
[step 7] Action: scroll up (640, 550) scroll_amount 3
[step 7] Reasoning: Console 面板已打开，我发现了一个关键错误。可以清楚地看到：

**🔴 Uncaught (in promise) TypeError: Cannot read properties of undefined (reading 'length')**
- 位置：`index.vue:129`
- 调用栈：`featureData.reduce.classFeatures (index.vue:129:35)`

这是导致页面停留在 "Loading..." 状态的根本原因。让我滚动查看完整的错误信息，并截取更清晰的截图。
[step 8] Action: scroll up (640, 550) scroll_amount 5
[step 8] Reasoning: 现在可以看到更多信息。我发现：

**⚠️ [Vue warn]: Unhandled error during execution of component update** (来自 `runtime-core.esm-bun...er.js`)

还有组件调用栈显示这是从 `<Index class="main-content ...">` 组件中发生的，路由为 `/classes/srd_fighter`。让我滚动向上查看所有错误的完整信息。
[step 9] Action: scroll up (640, 550) scroll_amount 5
[step 9] Reasoning: 现在发现了**第二个关键错误**：

**🔴 Uncaught (in promise) TypeError: Cannot set properties of undefined (setting 'subroutes')**
- 位置：`NavBar.vue:100`
- 调用栈：`ComputedRefImpl.fn (NavBar.vue:100:2)`

还有另一个 Vue 警告：
**⚠️ [Vue warn]: Unhandled error during execution of render function** (来自 `runtime-core.esm-bun...er.js`)

让我继续向上滚动查看所有错误。
[step 10] Action: scroll down (640, 550) scroll_amount 10
[step 10] Reasoning: 现在我可以看到更多控制台信息。可以看到：

1. **[Intervention] Slow network is detected** - 多条字体加载慢网络警告（来自 `srd_fighter:36`）
2. **[vite] connecting...** / **[vite] connected.** - Vite 开发服务器连接正常
3. **`<Suspense>` is an experimental feature** - 来自 `runtime-core.esm`
4. **⚠️ [Vue warn]: Unhandled error during execution of component update** - 来自 NavBar

让我继续向下滚动查看所有错误的完整列表。
[step 11] Action: left_click (640, 652)
[step 11] Reasoning: 现在可以清楚地看到所有错误。让我截取这个完整的错误视图：

**发现的所有错误（按时间顺序）：**

1. **🔴 错误1 - NavBar.vue:100**：`Uncaught (in promise) TypeError: Cannot set properties of undefined (setting 'subroutes')`
   - 这是导航栏渲染失败的错误

2. **⚠️ Vue warn**: `Unhandled error during execution of render function`（NavBar 的 render 函数中）

3. **⚠️ Vue warn**: `Unhandled error during execution of component update`（来自 index 组件更新）

4. **🔴 错误2 - index.vue:129**：`Uncaught (in promise) TypeError: Cannot read properties of undefined (reading 'length')`
   - 在 `featureData.reduce.classFeatures (index.vue:129:35)` 中

让我点击这个错误看详情。
[step 12] Action: scroll down (640, 550) scroll_amount 3
[step 13] Action: screenshot
[step 13] Reasoning: 现在我可以完整地看到第二个错误的详细信息：

**🔴 Uncaught (in promise) TypeError: Cannot read properties of undefined (reading 'length')**
- 位置：`index.vue:129`
- 完整调用栈：
  - `at featureData.reduce.classFeatures (index.vue:129:35)` 
  - `at Proxy.reduce (<anonymous>)`
  - `at ComputedRefImpl.fn (index.vue:124:22)`
  - `at Proxy._sfc_render (index.vue:48:18)`

现在我已经收集了足够的信息。让我做最终截图确认当前状态。
[step 14] Action: DONE
[step 14] Reasoning: 测试完成。以下是完整的测试报告：

---

## 🧪 测试报告：职业详情页面 `/classes/srd_fighter`

### ❌ 测试结果：**FAIL（发现多个严重Bug）**

---

### 📋 测试步骤与观察结果

#### 步骤1：访问页面 `http://localhost:3000/classes/srd_fighter`
- ✅ 页面可以正常访问，URL 正确，面包屑导航显示 `HOME / CLASSES / FIGHTER (SRD)`
- ✅ 左侧导航栏基础框架（Classes、Races、Monsters 等菜单项）正常显示

#### 步骤2：检查页面加载状态
- **🔴 严重Bug**：页面始终停留在 **"Loading..."** 状态，超过 10 秒仍未完成加载，**内容永远无法渲染**
- 主内容区域只显示 `Loading...` 文字，Fighter 职业的详细信息（职业表格、熟练加值等）均无法显示

#### 步骤3：检查职业详细信息（职业表格、熟练加值等）
- **🔴 完全失败**：由于页面停留在 Loading 状态，以下内容均无法显示：
  - Fighter 职业描述
  - 职业特性表格（等级/熟练加值/特性）
  - 职业特性详情（如二段攻击、战斗风格等）
  - 熟练加值数据

#### 步骤4：检查导航栏与子职业链接
- **🔴 NavBar 渲染错误**：导航栏子职业相关链接渲染失败（详见 Console 错误）

#### 步骤5：DevTools Console 错误检查

**发现以下 JavaScript 错误（共 2 个 TypeError）：**

| # | 错误类型 | 错误信息 | 位置 |
|---|---------|---------|------|
| 1 | `TypeError` | `Cannot set properties of undefined (setting 'subroutes')` | `NavBar.vue:100` |
| 2 | `TypeError` | `Cannot read properties of undefined (reading 'length')` | `index.vue:129` |

**错误详情：**

**🔴 错误1（NavBar.vue:100）：**
```
Uncaught (in promise) TypeError: Cannot set properties of undefined (setting 'subroutes')
  at ComputedRefImpl.fn (NavBar.vue:100:2)
```
- **原因**：NavBar 组件在计算子路由时，试图对 `undefined` 对象设置 `subroutes` 属性，说明路由配置对象未正确初始化
- **影响**：导航栏子职业链接无法渲染

**🔴 错误2（index.vue:129）：**
```
Uncaught (in promise) TypeError: Cannot read properties of undefined (reading 'length')
  at featureData.reduce.classFeatures (index.vue:129:35)
  at Proxy.reduce (<anonymous>)
  at ComputedRefImpl.fn (index.vue:124:22)
  at Proxy._sfc_render (index.vue:48:18)
```
- **原因**：在 `index.vue` 第 129 行，`classFeatures` 函数在 `reduce` 回调中访问某个 `undefined` 值的 `.length` 属性，说明 API 返回的职业特性数据结构与代码期望不匹配（某个字段为 `undefined` 而非数组）
- **影响**：**这是导致页面停留在 Loading 状态的直接原因**，整个职业详情内容无法渲染

**Vue Warn（警告）：**
- `[Vue warn]: Unhandled error during execution of component update`（对应错误1）
- `[Vue warn]: Unhandled error during execution of render function`（对应错误2）

---

### 🐛 Bug 汇总

| Bug | 严重程度 | 描述 |
|-----|---------|------|
| 页面永久 Loading | 🔴 Critical | `/classes/srd_fighter` 页面始终停留在 Loading 状态，战士职业详情无法显示 |
| TypeError in index.vue:129 | 🔴 Critical | `featureData.reduce` 中访问 `undefined.length`，导致页面渲染中断 |
| TypeError in NavBar.vue:100 | 🔴 High | 设置 `undefined.subroutes` 导致导航栏子职业链接渲染失败 |
Evaluating task result...

==================================================
Task: 当前Chrome浏览器已打开open5e应用(http://localhost:3000)。测试职业详情页面的加载和渲染功能。步骤：1. 访问 http://localhost:3000/classes/srd_fighter 页面。2. 观察页面是否正常加载完成，不应停留在Loading状态。3. 检查是否正确显示战士(Fighter)职业详细信息，包括职业表格、熟练加值等。4. 检查导航栏是否正常渲染，子职业相关链接是否正常。5. 右键点击页面选择'检查'打开DevTools Console，确认无TypeError等JavaScript错误。始终在浏览器内操作，禁止打开Terminal。
Status: COMPLETED
Total steps: 14
Last action: DONE
Last reasoning: 测试完成。以下是完整的测试报告：

---

## 🧪 测试报告：职业详情页面 `/classes/srd_fighter`

### ❌ 测试结果：**FAIL（发现多个严重Bug）**

---

### 📋 测试步骤与观察结果

#### 步骤1：访问页面 `http://localhost:3000/classes/srd_fighter`
- ✅ 页面可以正常访问，URL 正确，面包屑导航显示 `HOME / CLASSES / FIGHTER (SRD)`
- ✅ 左侧导航栏基础框架（Classes、Races、Monsters 等菜单项）正常显示

#### 步骤2：检查页面加载状态
- **🔴 严重Bug**：页面始终停留在 **"Loading..."** 状态，超过 10 秒仍未完成加载，**内容永远无法渲染**
- 主内容区域只显示 `Loading...` 文字，Fighter 职业的详细信息（职业表格、熟练加值等）均无法显示

#### 步骤3：检查职业详细信息（职业表格、熟练加值等）
- **🔴 完全失败**：由于页面停留在 Loading 状态，以下内容均无法显示：
  - Fighter 职业描述
  - 职业特性表格（等级/熟练加值/特性）
  - 职业特性详情（如二段攻击、战斗风格等）
  - 熟练加值数据

#### 步骤4：检查导航栏与子职业链接
- **🔴 NavBar 渲染错误**：导航栏子职业相关链接渲染失败（详见 Console 错误）

#### 步骤5：DevTools Console 错误检查

**发现以下 JavaScript 错误（共 2 个 TypeError）：**

| # | 错误类型 | 错误信息 | 位置 |
|---|---------|---------|------|
| 1 | `TypeError` | `Cannot set properties of undefined (setting 'subroutes')` | `NavBar.vue:100` |
| 2 | `TypeError` | `Cannot read properties of undefined (reading 'length')` | `index.vue:129` |

**错误详情：**

**🔴 错误1（NavBar.vue:100）：**
```
Uncaught (in promise) TypeError: Cannot set properties of undefined (setting 'subroutes')
  at ComputedRefImpl.fn (NavBar.vue:100:2)
```
- **原因**：NavBar 组件在计算子路由时，试图对 `undefined` 对象设置 `subroutes` 属性，说明路由配置对象未正确初始化
- **影响**：导航栏子职业链接无法渲染

**🔴 错误2（index.vue:129）：**
```
Uncaught (in promise) TypeError: Cannot read properties of undefined (reading 'length')
  at featureData.reduce.classFeatures (index.vue:129:35)
  at Proxy.reduce (<anonymous>)
  at ComputedRefImpl.fn (index.vue:124:22)
  at Proxy._sfc_render (index.vue:48:18)
```
- **原因**：在 `index.vue` 第 129 行，`classFeatures` 函数在 `reduce` 回调中访问某个 `undefined` 值的 `.length` 属性，说明 API 返回的职业特性数据结构与代码期望不匹配（某个字段为 `undefined` 而非数组）
- **影响**：**这是导致页面停留在 Loading 状态的直接原因**，整个职业详情内容无法渲染

**Vue Warn（警告）：**
- `[Vue warn]: Unhandled error during execution of component update`（对应错误1）
- `[Vue warn]: Unhandled error during execution of render function`（对应错误2）

---

### 🐛 Bug 汇总

| Bug | 严重程度 | 描述 |
|-----|---------|------|
| 页面永久 Loading | 🔴 Critical | `/classes/srd_fighter` 页面始终停留在 Loading 状态，战士职业详情无法显示 |
| TypeError in index.vue:129 | 🔴 Critical | `featureData.reduce` 中访问 `undefined.length`，导致页面渲染中断 |
| TypeError in NavBar.vue:100 | 🔴 High | 设置 `undefined.subroutes` 导致导航栏子职业链接渲染失败 |

==================================================

UI window closed
