No application knows how to open URL chrome://downloads/ (Error Domain=NSOSStatusErrorDomain Code=-10814 "kLSApplicationNotFoundErr: E.g. no application claims the file" UserInfo={_LSLine=1973, _LSFunction=runEvaluator, _LSFile=LSBindingEvaluator.mm, _LSErrorMessage=kLSApplicationNotFoundErr}).
Session created: sess-20260417045229-3368212d9b394b828a117bc6de2458f8
UI panel initialized successfully
UI window displayed
Expected result: 点击 EXPORT SVG 按钮后，应成功下载 SVG 文件，浏览器控制台无 ReferenceError 或其他 JavaScript 错误
[step 0] Action: Initializing
[step 0] Reasoning: Initializing session connection
[step 0] Action: screenshot
[step 1] Action: key: F12
[step 1] Reasoning: I can see the d3-org-chart page is loaded with the organization chart rendered. I can see the "Export SVG" button in the toolbar. Before clicking it, let me open the browser's developer console to monitor for JavaScript errors.
[step 2] Action: left_click (114, 472)
[step 2] Reasoning: The developer tools are now open. I can see the Console tab is available. Let me click on the Console tab to monitor JavaScript errors, then clear it before clicking the Export SVG button.
[step 3] Action: left_click (640, 580)
[step 3] Reasoning: I'm now on the Console tab. I can see there are some messages. Let me clear the console first, then click the "Export SVG" button to test it. I'll use Ctrl+L to clear the console.
[step 4] Action: key: ctrl+l
[step 4] Reasoning: Let me clear the console using keyboard shortcut and then click on the Export SVG button in the page:
[step 5] Action: left_click (619, 344)
[step 5] Reasoning: The console has been cleared. I can see it shows "No messages", "No user...", "No errors", "No warnings", "No info", "No verbose" - indicating the console is now clean. Now I need to click on the "Export SVG" button in the page. I can see it in the toolbar area of the page. Let me click on it.
[step 6] Action: screenshot
[step 6] Reasoning: I can see the download icon appeared in the Chrome toolbar (bottom right area of the screen), which indicates a file download was triggered. The download counter badge appeared on the Chrome icon in the dock (showing "1"). The console still shows "No messages", "No errors" etc., which means no JavaScript errors occurred.

Let me take a screenshot to get a clearer view of the current state and check if there's a download notification:
[step 7] Action: screenshot
[step 7] Reasoning: Let me check the console more carefully to confirm there are no errors. Let me also look at the Network tab to see if there's any download activity. But first, let me zoom in on the console area to better verify the state:
[step 8] Action: key: ctrl+j
[step 8] Reasoning: The console clearly shows:
- "No mess..." (No messages)
- "No user..." (No user messages)
- "No errors" 
- "No warn..." (No warnings)
- "No info"
- "No verbose"

This confirms that clicking the "Export SVG" button produced no JavaScript errors. The download appears to have been triggered (as evidenced by the download counter on the Chrome icon in the dock and the download activity indicator in the Chrome toolbar).

Let me verify the download was completed by checking Chrome's download history:
[step 9] Action: key: Escape
[step 9] Reasoning: The Ctrl+J shortcut didn't open the downloads page in Chrome (it might have been captured by the DevTools). Let me try to open Chrome's downloads page by navigating to it:
[step 10] Action: Open url: chrome://downloads/
[step 10] Reasoning: Let me open the Chrome downloads page to verify the SVG file was downloaded. I'll navigate to chrome://downloads/ in a new tab:
[step 11] Action: left_click (160, 62)
[step 11] Reasoning: The page doesn't seem to have navigated. Let me click on the address bar and type chrome://downloads/:
[step 12] Action: type: chrome://downloads/

[step 12] Reasoning: Excellent! I can see a very important tooltip appearing when hovering over the "Export SVG" button: **`chart.exportSvg()`** - This confirms that the button is connected to the `chart.exportSvg()` function. The address bar is now focused. Let me type the downloads URL:
[step 13] Action: screenshot
[step 14] Action: key: Return
[step 14] Reasoning: I can see the address bar shows "chrome://downloads/" and there's a suggestion to go to chrome://downloads. I need to press Enter or click on the suggestion. Let me press Enter:
[step 15] Action: scroll up (640, 280) scroll_amount 3
[step 15] Reasoning: I can see the Chrome downloads page is now open showing "下载记录" (Download History). I can see there are downloads listed. Let me zoom in to see the download details more clearly:
[step 16] Action: key: F12
[step 16] Reasoning: The downloads page is in the DevTools responsive view mode. I need to close DevTools to see it more clearly, or zoom in to see the download details. Let me close the DevTools first to get a better view:
[step 17] Action: DONE
[step 17] Reasoning: This is a clear confirmation of the SVG export functionality working correctly. I can see:

**Today's download:**
- **`graph.svg`** - Downloaded from **http://localhost:3000**

This confirms that:
1. ✅ The "Export SVG" button was found on the page
2. ✅ Clicking the button triggered the download of a file named `graph.svg`
3. ✅ The file came from `http://localhost:3000` (the d3-org-chart)
4. ✅ The console showed **No errors** - no JavaScript errors occurred

The SVG export functionality of the d3-org-chart is working correctly. The file `graph.svg` was successfully downloaded from the localhost:3000 application, and no JavaScript errors were detected in the browser console.

---

## 测试结果总结

**测试功能：** d3-org-chart SVG 导出功能

**测试步骤：**
1. 打开 http://localhost:3000，组织架构图已成功渲染
2. 打开浏览器开发者工具，切换到 Console 标签页
3. 清空控制台，消除预存在的消息
4. 找到页面上的 **Export SVG** 按钮（按钮的 tooltip 显示 `chart.exportSvg()`）
5. 点击 Export SVG 按钮
6. 验证控制台无 JavaScript 错误
7. 检查 Chrome 下载记录

**测试结果：** ✅ **通过（PASS）**

**详细结论：**
- **SVG 下载成功**：Chrome 下载记录显示今日下载了 `graph.svg` 文件，来源为 `http://localhost:3000`
- **无 JavaScript 错误**：点击按钮后控制台显示 "No errors"、"No warnings" 等，无任何 JavaScript 错误
- **功能正常**：Export SVG 按钮成功触发了 `chart.exportSvg()` 方法并完成了 SVG 文件下载
Evaluating task result...

==================================================
Task: 当前Chrome浏览器已打开d3-org-chart网站，地址是http://localhost:3000。测试 d3-org-chart 组织架构图的 SVG 导出功能。打开页面后，等待组织架构图渲染完成，然后找到页面上的 EXPORT SVG 按钮并点击，验证是否能够成功触发 SVG 文件的下载，且控制台不出现 JavaScript 错误。始终在浏览器内操作，禁止打开 Terminal、Finder 或其他应用程序。如果在浏览器中找不到目标功能，直接标记 result 为 unclear，result_summary 写明'未在页面中找到目标功能入口'。
Status: COMPLETED
Total steps: 17
Last action: DONE
Last reasoning: This is a clear confirmation of the SVG export functionality working correctly. I can see:

**Today's download:**
- **`graph.svg`** - Downloaded from **http://localhost:3000**

This confirms that:
1. ✅ The "Export SVG" button was found on the page
2. ✅ Clicking the button triggered the download of a file named `graph.svg`
3. ✅ The file came from `http://localhost:3000` (the d3-org-chart)
4. ✅ The console showed **No errors** - no JavaScript errors occurred

The SVG export functionality of the d3-org-chart is working correctly. The file `graph.svg` was successfully downloaded from the localhost:3000 application, and no JavaScript errors were detected in the browser console.

---

## 测试结果总结

**测试功能：** d3-org-chart SVG 导出功能

**测试步骤：**
1. 打开 http://localhost:3000，组织架构图已成功渲染
2. 打开浏览器开发者工具，切换到 Console 标签页
3. 清空控制台，消除预存在的消息
4. 找到页面上的 **Export SVG** 按钮（按钮的 tooltip 显示 `chart.exportSvg()`）
5. 点击 Export SVG 按钮
6. 验证控制台无 JavaScript 错误
7. 检查 Chrome 下载记录

**测试结果：** ✅ **通过（PASS）**

**详细结论：**
- **SVG 下载成功**：Chrome 下载记录显示今日下载了 `graph.svg` 文件，来源为 `http://localhost:3000`
- **无 JavaScript 错误**：点击按钮后控制台显示 "No errors"、"No warnings" 等，无任何 JavaScript 错误
- **功能正常**：Export SVG 按钮成功触发了 `chart.exportSvg()` 方法并完成了 SVG 文件下载

==================================================

UI window closed
