Session created: sess-20260419182650-1780a73bf08e4cad9afb49f1241e67ca
UI panel initialized successfully
UI window displayed
Expected result: 评论输入框中有文字时，即使焦点移到任务列表勾选任务项，Add comment提交按钮应保持可见不消失。
[step 0] Action: Initializing
[step 0] Reasoning: Initializing session connection
[step 0] Action: screenshot
[step 1] Action: screenshot
[step 1] Reasoning: 页面正在加载中，URL显示为 `localhost:3000/login`，说明已跳转到登录页面。页面目前显示黑色背景和一个加载动画。让我等待页面完全加载。
[step 2] Action: wait
[step 2] Reasoning: 页面仍在加载中（显示旋转加载动画），已经过了约1分钟。这可能表明前端正在等待后端API响应，但后端未运行。让我再等待一会儿，然后再截图查看结果。
[step 3] Action: wait
[step 3] Reasoning: 页面仍然在持续加载中，显示旋转动画。让我再等待几秒后检查状态，看看页面是否最终会加载完成或显示登录表单。
[step 4] Action: key: F5
[step 4] Reasoning: 页面仍在加载中，已经超过2分钟了，还是显示旋转加载动画。让我尝试刷新页面，看看是否能够加载登录界面，或者查看浏览器开发者工具中的网络请求错误。
[step 5] Action: key: F12
[step 5] Reasoning: 页面刷新后仍显示加载动画。让我打开浏览器的开发者工具（DevTools）来查看网络请求错误和控制台错误，这样可以了解后端API状态。
[step 6] Action: left_click (114, 455)
[step 6] Reasoning: 开发者工具已打开。我可以看到：
1. Elements面板显示了基本HTML结构
2. Console面板右侧显示了一些 redux-logger 状态日志
3. 顶部工具栏显示有 "3" 个错误（红色数字）和 "1" 个警告

让我点击 "Console" 标签来查看控制台错误，以及点击 "Network" 标签查看网络请求状态。
[step 7] Action: scroll up (560, 560) scroll_amount 5
[step 7] Reasoning: 在Console面板中，我看到了重要信息：
- "created by loginSaga"
- "created by rootSaga"
- **"Tasks cancelled due to error: loginSaga"** - 这是一个关键错误！

这表明登录相关的Saga（Redux-Saga任务）因为错误被取消了。还可以看到一些 `@@router/LOCATION_CHANGE_HANDLE` 的redux日志。

让我滚动到上方查看更多错误信息，特别是完整的错误内容。
[step 8] Action: left_click (204, 455)
[step 8] Reasoning: 现在我看到了非常清楚的错误信息：

1. **`Failed to load resource: net::ERR_CONNECTION_REFUSED`** - 对应 `i1337/api/bootstrap:1` - 这确认了后端API服务器未运行，客户端尝试访问 `/api/bootstrap` 时得到了连接拒绝错误。

2. **`TypeError: Failed to fetch`** - 这是因为无法连接到后端API。

3. **`The above error occurred in task initializeLogin`** - 登录初始化任务失败
   - "created by loginSaga"
   - "created by rootSaga"
   - **"Tasks cancelled due to error: loginSaga"** - loginSaga任务被取消

这些错误完整确认了：
- 后端API服务器未运行（`ERR_CONNECTION_REFUSED`）
- 前端尝试访问 `/api/bootstrap` 端点失败
- Redux-Saga 的登录任务（loginSaga）因此被取消
- 这就是为什么页面一直在加载但无法显示登录表单的原因

让我查看Network标签以获取更多详情。
[step 9] Action: left_click (572, 647)
[step 9] Reasoning: Network标签已打开，当前显示"Currently recording network activity"（正在录制网络活动），需要重新加载页面才能看到网络请求。让我点击"Reload page"按钮来重新加载并捕获网络请求。
[step 10] Action: left_click (579, 490)
[step 10] Reasoning: 页面已重新加载，Network标签现在显示了请求记录。我可以看到只有一个"login"文档请求（状态码200），但网络面板显示 "1/1285 requests"（1/1285个请求）。

页面底部显示 "1/1285 requests, 1.2 kB / 197 kB transferred"，并且当前过滤器只显示了1个文档请求。

让我切换到"All"筛选来查看所有请求，特别是失败的API请求。
[step 11] Action: left_click (33, 595)
[step 11] Reasoning: 现在我看到了完整的网络请求列表，其中有一个**关键的失败请求**：

- **`bootstrap`** - 状态: `(failed) net::ERR_CONNECTION...` - 类型: `fetch` - 这是一个失败的API请求！

这个请求尝试访问 `/api/bootstrap` 端点，但由于后端服务器未运行，得到了 `net::ERR_CONNECTION_REFUSED` 错误。

让我点击这个失败的 `bootstrap` 请求来查看更多详细信息。
[step 12] Action: left_click (180, 562)
[step 12] Reasoning: 点击了 `bootstrap` 失败请求后，Response面板显示：
- **"Failed to load response data"**
- "No data found for resource with given identifier"

这确认了后端API完全没有响应（连接被拒绝）。让我点击"Headers"标签来查看请求详情。
[step 13] Action: DONE
[step 13] Reasoning: 现在Headers标签显示了关键信息：

**General 部分：**
- **Request URL**: `http://localhost:1337/api/bootstrap`
- **Referrer Policy**: `strict-origin-when-cross-origin`

这明确告诉我们后端API运行在端口 **1337**（而不是3000），前端客户端正在尝试通过 `http://localhost:1337/api/bootstrap` 来连接后端，但这个端口上没有任何服务在运行（ERR_CONNECTION_REFUSED）。

**结论总结：**

根据我的完整调查：

1. **页面加载状态**: 浏览器打开了 `localhost:3000/login`，前端代码可以加载（返回200），但页面一直显示加载动画无法展示登录表单。

2. **后端API状态**: 前端尝试访问 `http://localhost:1337/api/bootstrap`（后端API端口为1337），但得到了 `net::ERR_CONNECTION_REFUSED` 错误，这证实后端API服务器**未运行**。

3. **应用错误**:
   - `Failed to load resource: net::ERR_CONNECTION_REFUSED` 对应 `localhost:1337/api/bootstrap`
   - `TypeError: Failed to fetch` - 由于无法连接后端
   - Redux-Saga 的 `loginSaga` / `initializeLogin` 任务因错误被取消

4. **无法登录**: 由于后端未运行，无法显示登录表单，更无法进行任何登录尝试（admin/admin 或 demo/demo）。

根据任务指令第3步：**"如果无法登录或页面报错（因为后端API不可达），直接标记result为unclear"**。

**result: unclear**

**原因**: Planka看板应用的前端（localhost:3000）已启动，但后端API服务器（localhost:1337）未运行。前端尝试访问 `/api/bootstrap` 端点时收到 `net::ERR_CONNECTION_REFUSED` 错误，导致Redux-Saga的loginSaga任务被取消，页面无法渲染登录表单，持续显示加载动画。无法执行任何登录操作，更无法测试卡片详情、评论输入框和任务列表的交互功能。
Evaluating task result...

==================================================
Task: 当前Chrome浏览器已打开Planka看板应用，地址是http://localhost:3000。注意：这是一个全栈应用（前端+后端+数据库），当前仅启动了前端客户端，后端API服务器未运行。步骤：1. 查看页面是否显示登录界面。如果看到登录页面，尝试输入默认账户（如admin/admin或demo/demo）登录。2. 如果登录失败（因为后端未运行），检查是否有API请求失败的错误。3. 如果无法登录或页面报错（因为后端API不可达），直接标记result为unclear。4. 如果成功登录，找到一张卡片，打开卡片详情，测试评论输入框和任务列表的交互。始终在浏览器内操作，禁止打开Terminal或其他应用。
Status: COMPLETED
Total steps: 13
Last action: DONE
Last reasoning: 现在Headers标签显示了关键信息：

**General 部分：**
- **Request URL**: `http://localhost:1337/api/bootstrap`
- **Referrer Policy**: `strict-origin-when-cross-origin`

这明确告诉我们后端API运行在端口 **1337**（而不是3000），前端客户端正在尝试通过 `http://localhost:1337/api/bootstrap` 来连接后端，但这个端口上没有任何服务在运行（ERR_CONNECTION_REFUSED）。

**结论总结：**

根据我的完整调查：

1. **页面加载状态**: 浏览器打开了 `localhost:3000/login`，前端代码可以加载（返回200），但页面一直显示加载动画无法展示登录表单。

2. **后端API状态**: 前端尝试访问 `http://localhost:1337/api/bootstrap`（后端API端口为1337），但得到了 `net::ERR_CONNECTION_REFUSED` 错误，这证实后端API服务器**未运行**。

3. **应用错误**:
   - `Failed to load resource: net::ERR_CONNECTION_REFUSED` 对应 `localhost:1337/api/bootstrap`
   - `TypeError: Failed to fetch` - 由于无法连接后端
   - Redux-Saga 的 `loginSaga` / `initializeLogin` 任务因错误被取消

4. **无法登录**: 由于后端未运行，无法显示登录表单，更无法进行任何登录尝试（admin/admin 或 demo/demo）。

根据任务指令第3步：**"如果无法登录或页面报错（因为后端API不可达），直接标记result为unclear"**。

**result: unclear**

**原因**: Planka看板应用的前端（localhost:3000）已启动，但后端API服务器（localhost:1337）未运行。前端尝试访问 `/api/bootstrap` 端点时收到 `net::ERR_CONNECTION_REFUSED` 错误，导致Redux-Saga的loginSaga任务被取消，页面无法渲染登录表单，持续显示加载动画。无法执行任何登录操作，更无法测试卡片详情、评论输入框和任务列表的交互功能。

==================================================

UI window closed
