Session created: sess-20260417134157-88c9755e18f443beb7588dbed901f94b
UI panel initialized successfully
UI window displayed
Expected result: ContentLoader 骨架屏组件应正确渲染为灰色渐变动画占位符，SVG 滤镜效果正常工作，不应出现纯黑色块或渲染异常
[step 0] Action: Initializing
[step 0] Reasoning: Initializing session connection
[step 0] Action: Open url: http://localhost:3000
[step 1] Action: screenshot
[step 1] Reasoning: 页面正在加载，我看到已经有 "React Content Loader" 标签页打开了。让我等待页面加载完成，然后截图查看当前状态。
[step 2] Action: Minimize panel
[step 2] Reasoning: 页面似乎是空白的。我注意到已经有一个 "React Content Loader" 标签页打开。让我点击那个标签页查看内容，同时最小化任务面板以便更好地查看。
[step 3] Action: left_click (1204, 88)
[step 3] Reasoning: 页面是空白的，但有一个翻译提示出现了。让我关闭这个翻译提示，然后检查 localhost:3000 页面。我注意到还有一个 "React Content Loader" 标签页，让我点击它查看。
[step 4] Action: left_click (921, 33)
[step 4] Reasoning: 当前的 localhost:3000 页面是空白的。让我点击 "React Content Loader" 标签页查看内容。
[step 5] Action: left_click (762, 33)
[step 5] Reasoning: 这个标签页的 URL 仍然显示 localhost:3000，但页面是空白的。让我点击另一个 "React Content Loader" 标签页（第5个标签页）。
[step 6] Action: left_click (640, 61)
[step 6] Reasoning: 这个标签页的 URL 是 127.0.0.1:3000，但也是空白页面。让我尝试直接在地址栏中输入 localhost:3000 并强制刷新页面。
[step 7] Action: type: localhost:3000

[step 8] Action: screenshot
[step 8] Reasoning: 我看到下拉建议中有 "React Content Loader - localhost:3000"，说明页面已经加载过了。让我等待页面加载完成。
[step 9] Action: left_click (640, 89)
[step 9] Reasoning: 我看到下拉建议中第一个选项是 "React Content Loader - localhost:3000"，这正是我需要的。让我点击它切换到那个标签页。
[step 10] Action: key: F5
[step 10] Reasoning: 页面仍然是空白的，但我注意到 URL 是 localhost:3000。这个页面标题显示 "React Content Loader"，但内容区域是空白的。让我尝试刷新页面以查看内容是否加载。
[step 11] Action: left_click (921, 33)
[step 11] Reasoning: 页面仍然是空白的。我注意到这里有多个标签页，其中标签 5 (React Content Loader) 似乎是真正的 React Content Loader 演示页面。让我点击它。
[step 12] Action: key: F12
[step 12] Reasoning: 页面仍然显示空白，URL 是 localhost:3000。我需要使用开发者工具检查页面源代码，了解为什么页面是空白的，或者使用 DevTools 查看页面实际渲染内容。让我打开 DevTools。
[step 13] Action: left_click (972, 511)
[step 13] Reasoning: 现在我可以看到 DevTools 控制台中有错误信息。让我仔细阅读这些错误：

1. **`Uncaught TypeError: acorn__WEBPACK_IMPORTED_MODULE_2__.Parser.extend is not a function`** - 这是一个关于 acorn 解析器的错误。
2. **`./src/index.ts: Attempted import error: 'IContentLoaderProps' is not exported from './interface'.`** - 这是一个关键的 TypeScript 导入错误，表明 `IContentLoaderProps` 接口没有从 `./interface` 中导出。

这些错误导致页面无法正常渲染，显示为空白页面。让我查看更多错误详情，放大查看控制台内容。
[step 14] Action: left_click (1014, 131)
[step 14] Reasoning: 我看到了两个关键错误。让我更详细地查看这些错误信息，先检查 Elements 标签，看看 DOM 结构是否有什么内容。
[step 15] Action: left_click (1074, 131)
[step 15] Reasoning: 现在我可以清楚地看到 Elements 面板中的 DOM 结构：

```html
<!DOCTYPE html>
<html lang="en">
  <head> ... </head>
  <body>
    <div id="root"></div>
    <script src="/static/js/runtime-app.js"></script>
    <script src="/static/js/vendors.js"></script>
    <script src="/static/js/app.js"></script>
  </body>
</html>
```

**关键发现**：`<div id="root"></div>` 是空的，说明 React 应用没有成功渲染！

在控制台底部，我也看到了错误：
- `./src/index.ts: Attempted import error: 'IContentLoaderProps' is not exported from './interface'.`

这说明有一个 TypeScript 接口导出问题，导致整个 React 应用无法加载和渲染。让我查看 Sources 标签来看看源代码，并确认错误细节。
[step 16] Action: left_click (1119, 131)
[step 16] Reasoning: 我现在可以清楚地看到控制台中的所有错误。让我仔细阅读这两个关键错误：

**错误 1：**
```
Uncaught TypeError: acorn__WEBPACK_IMPORTED_MODULE_2__.Parser.extend is not a function
  at ./node_modules/buble/dist/buble-browser.es.js
  ...
```

**错误 2：**
```
./src/index.ts webpackHotDevClient.js:138
Attempted import error: 'IContentLoaderProps' is not exported from './interface'.
```

让我查看 Sources 标签来检查源代码文件。
[step 17] Action: left_click (1023, 242)
[step 17] Reasoning: 现在我看到了 Sources 面板，有 localhost:3000 的文件结构。我看到有 `static/js` 目录和 `(index)` 文件。让我查看 webpack:// 下的源文件，特别是 `src/index.ts` 和 `src/interface`。
[step 18] Action: left_click (975, 242)
[step 18] Reasoning: 让我展开 webpack:// 目录以查看源文件。
[step 19] Action: left_click (997, 272)
[step 19] Reasoning: 我看到 webpack:// 已经展开，里面有 `.docz/app` 目录。让我展开它来查看源文件。
[step 20] Action: left_click (1029, 272)
[step 20] Reasoning: 让我尝试展开 `.docz/app` 目录来查找源文件。
[step 21] Action: key: ctrl+p
[step 21] Reasoning: `.docz/app` 目录没有展开，说明它没有子文件可见。让我尝试通过"Open file"功能查找源文件，按 Cmd+P 打开文件搜索。
[step 22] Action: left_click (1145, 296)
[step 22] Reasoning: 让我点击 "Open file" 按钮来搜索源文件。
[step 23] Action: type: interface
[step 23] Reasoning: 打开文件对话框了。让我搜索 `interface` 文件来查看 `IContentLoaderProps` 的导出情况。
[step 24] Action: triple_click
[step 24] Reasoning: 我看到搜索 "interface" 没有找到直接的 `interface.ts` 文件。让我尝试搜索 `index.ts` 文件。
[step 25] Action: type: src/index.ts
[step 26] Action: key: Escape
[step 26] Reasoning: 搜索 "src/index.ts" 显示 "No files found"。这可能是因为 source maps 没有加载。让我关闭这个对话框并直接在 Console 中使用 JavaScript 来检查应用的错误情况。
[step 27] Action: left_click (1074, 131)
[step 27] Reasoning: 现在我已经收集了足够的信息来分析问题。让我切换到 Console 面板来进行更详细的检查。
[step 28] Action: left_click (1017, 511)
[step 28] Reasoning: 现在我可以清楚地看到控制台中的所有错误信息。让我仔细分析这些错误：

**错误 1 (红色)**：
```
Uncaught TypeError: acorn__WEBPACK_IMPORTED_MODULE_2__.Parser.extend is not a function
  at ./node_modules/buble/dist/buble-browser.es.js
  ...
```
这是 buble 编译器（一个 Babel 替代品）在运行时尝试使用 `acorn.Parser.extend` 时失败，这个 API 在新版本的 acorn 中已被移除。

**错误 2 (黄色警告)**：
```
./src/index.ts  webpackHotDevClient.js:138
Attempted import error: 'IContentLoaderProps' is not exported from './interface'.
```
这个错误表明 `src/index.ts` 文件尝试从 `./interface` 中导入 `IContentLoaderProps`，但该接口没有被导出。

这两个错误都导致了整个 React 应用无法渲染，页面显示为空白。让我点击第二个错误来查看更多详情。
[step 29] Action: left_click (1113, 600)
[step 29] Reasoning: 现在我可以清楚地看到完整的错误信息：

**警告/错误 2（黄色）**：
```
▼ ./src/index.ts    webpackHotDevClient.js:138
  Attempted import error: 'IContentLoaderProps' is not exported from './interface'.
    printWarnings @ webpackHotDevClient.js:138
```

这个错误是核心问题：`IContentLoaderProps` 接口没有从 `./interface` 模块中导出，导致整个应用构建失败。

现在让我尝试在 Console 中输入一些 JavaScript 来进一步诊断问题，并检查 DOM 中的 `#root` 元素内容：
[step 30] Action: left_click (1113, 558)
[step 30] Reasoning: 让我点击控制台输入区域来输入 JavaScript 命令。
[step 31] Action: left_click (970, 558)
[step 31] Reasoning: 我需要点击控制台底部的命令输入行（`>`），让我查看。让我查看控制台底部的输入区域并点击它。
[step 32] Action: left_click (1113, 660)
[step 32] Reasoning: 我看到控制台的底部是 `>` 符号，这是命令行。让我点击那个区域输入 JavaScript 命令来检查 DOM。
[step 33] Action: left_click (1028, 131)
[step 33] Reasoning: 我已经收集了足够的信息进行分析。让我切换到 Elements 面板来检查页面结构，特别是 `#root` 元素的内容。
[step 34] Action: key: F12
[step 34] Reasoning: 现在我可以清楚地看到 Elements 面板中的 DOM 结构：

```html
<!DOCTYPE html>
<html lang="en">
  <head>...</head>
  <body> == $0
    <div id="root"></div>
    <script src="/static/js/runtime-app.js"></script>
    <script src="/static/js/vendors.js"></script>
    <script src="/static/js/app.js"></script>
  </body>
</html>
```

**关键发现**：`<div id="root"></div>` 是完全空的！这证实了 React 应用未能成功渲染到 DOM 中。

至此，我已经全面收集了所有必要的测试信息。让我关闭 DevTools 来显示页面实际视觉效果。
[step 35] Action: DONE
[step 35] Reasoning: 页面完全是空白的（白色背景，无任何内容）。浏览器标签显示 "React Content Loader"，但页面内容区域完全空白。

---

## 测试报告

### 测试结果：**FAIL（失败）**

### 测试环境
- URL: `http://localhost:3000`
- 浏览器: Chrome
- 应用: react-content-loader 组件库演示页面（使用 Docz 框架）

---

### 问题摘要

**页面完全无法渲染**，`<div id="root"></div>` 为空，React 应用未能挂载到 DOM。页面显示纯白色空白，没有任何骨架屏动画或组件演示内容。

---

### 发现的 Bug

#### Bug 1（严重）：`IContentLoaderProps` 未从 `./interface` 导出
**错误信息：**
```
./src/index.ts
Attempted import error: 'IContentLoaderProps' is not exported from './interface'.
(来自 webpackHotDevClient.js:138)
```
**原因分析：** `src/index.ts` 尝试从 `./interface` 文件导入 `IContentLoaderProps` 接口，但该接口未被该文件导出（可能是忘记了 `export` 关键字，或者接口名拼写错误，或者该导出已被删除）。这是一个 **TypeScript 导入/导出错误**，属于代码级别的 Bug，直接导致 webpack 编译模块失败，React 应用无法启动。

#### Bug 2（严重）：`acorn.Parser.extend is not a function`
**错误信息：**
```
Uncaught TypeError: acorn__WEBPACK_IMPORTED_MODULE_2__.Parser.extend is not a function
  at ./node_modules/buble/dist/buble-browser.es.js
  (vendors.js:7271:1)
```
**原因分析：** `buble`（一个 JavaScript 编译器）依赖 `acorn` 的 `Parser.extend` API，但这个 API 在较新版本的 `acorn` 中已被移除。这是一个 **依赖版本兼容性问题**（`acorn` 版本过新，与 `buble` 不兼容）。

---

### 视觉观察

| 项目 | 预期 | 实际 |
|------|------|------|
| 页面内容 | 显示 React Content Loader 演示页面，包含灰色渐变骨架屏动画 | **纯白色空白页** |
| ContentLoader SVG 骨架屏 | 正常灰色渐变动画效果 | **无法显示，组件未渲染** |
| baseUrl 属性面板 | 可配置的属性面板 | **无法访问，页面完全空白** |
| DOM `#root` 元素 | 包含 React 渲染的组件树 | **完全空（`<div id="root"></div>`）** |

---

### 结论

由于存在 **`IContentLoaderProps` 未导出** 的关键代码错误，整个 React 应用无法构建和渲染。无法测试：
- ❌ ContentLoader 组件的 SVG 骨架屏动画渲染
- ❌ `baseUrl` 属性的设置与效果
- ❌ 灰色渐变动画是否正常显示（预期应显示正常动画而非黑色块）
- ❌ 属性配置面板的交互功能

**核心 Bug 位置：** `src/interface.ts`（或相关文件）未正确导出 `IContentLoaderProps` 类型，需要修复该文件的 `export` 声明。
Evaluating task result...

==================================================
Task: 请在 Chrome 中打开 http://localhost:3000 并执行以下测试。测试 react-content-loader 组件库的基本渲染功能。访问项目的演示页面，检查 ContentLoader 组件是否能正常渲染 SVG 骨架屏动画效果，特别关注 baseUrl 属性的使用。观察页面上的骨架屏加载占位符是否正确显示为灰色渐变动画效果，而不是出现纯黑色块或其他异常的渲染结果。如果页面上有可配置的属性面板，尝试设置 baseUrl 属性并观察组件渲染是否正常。始终在浏览器内操作，禁止打开 Terminal 或其他应用程序。如果在浏览器中找不到目标功能，直接报告 unclear。
Status: COMPLETED
Total steps: 35
Last action: DONE
Last reasoning: 页面完全是空白的（白色背景，无任何内容）。浏览器标签显示 "React Content Loader"，但页面内容区域完全空白。

---

## 测试报告

### 测试结果：**FAIL（失败）**

### 测试环境
- URL: `http://localhost:3000`
- 浏览器: Chrome
- 应用: react-content-loader 组件库演示页面（使用 Docz 框架）

---

### 问题摘要

**页面完全无法渲染**，`<div id="root"></div>` 为空，React 应用未能挂载到 DOM。页面显示纯白色空白，没有任何骨架屏动画或组件演示内容。

---

### 发现的 Bug

#### Bug 1（严重）：`IContentLoaderProps` 未从 `./interface` 导出
**错误信息：**
```
./src/index.ts
Attempted import error: 'IContentLoaderProps' is not exported from './interface'.
(来自 webpackHotDevClient.js:138)
```
**原因分析：** `src/index.ts` 尝试从 `./interface` 文件导入 `IContentLoaderProps` 接口，但该接口未被该文件导出（可能是忘记了 `export` 关键字，或者接口名拼写错误，或者该导出已被删除）。这是一个 **TypeScript 导入/导出错误**，属于代码级别的 Bug，直接导致 webpack 编译模块失败，React 应用无法启动。

#### Bug 2（严重）：`acorn.Parser.extend is not a function`
**错误信息：**
```
Uncaught TypeError: acorn__WEBPACK_IMPORTED_MODULE_2__.Parser.extend is not a function
  at ./node_modules/buble/dist/buble-browser.es.js
  (vendors.js:7271:1)
```
**原因分析：** `buble`（一个 JavaScript 编译器）依赖 `acorn` 的 `Parser.extend` API，但这个 API 在较新版本的 `acorn` 中已被移除。这是一个 **依赖版本兼容性问题**（`acorn` 版本过新，与 `buble` 不兼容）。

---

### 视觉观察

| 项目 | 预期 | 实际 |
|------|------|------|
| 页面内容 | 显示 React Content Loader 演示页面，包含灰色渐变骨架屏动画 | **纯白色空白页** |
| ContentLoader SVG 骨架屏 | 正常灰色渐变动画效果 | **无法显示，组件未渲染** |
| baseUrl 属性面板 | 可配置的属性面板 | **无法访问，页面完全空白** |
| DOM `#root` 元素 | 包含 React 渲染的组件树 | **完全空（`<div id="root"></div>`）** |

---

### 结论

由于存在 **`IContentLoaderProps` 未导出** 的关键代码错误，整个 React 应用无法构建和渲染。无法测试：
- ❌ ContentLoader 组件的 SVG 骨架屏动画渲染
- ❌ `baseUrl` 属性的设置与效果
- ❌ 灰色渐变动画是否正常显示（预期应显示正常动画而非黑色块）
- ❌ 属性配置面板的交互功能

**核心 Bug 位置：** `src/interface.ts`（或相关文件）未正确导出 `IContentLoaderProps` 类型，需要修复该文件的 `export` 声明。

==================================================

UI window closed
