Session created: sess-20260418122227-b54df49ca6e1457b952015fa1d4bff5a
UI panel initialized successfully
UI window displayed
Expected result: 点击侧边栏中 Placement 下的各子锚点链接（如 'Sticky top'、'Fixed top'）后，浏览器地址栏 hash 应更新为有意义的锚点值（非 #undefined），页面应平滑滚动到对应的章节内容位置。
[step 0] Action: Initializing
[step 0] Reasoning: Initializing session connection
[step 0] Action: Open url: http://localhost:8000/components/navbar/
[step 1] Action: Minimize panel
[step 1] Reasoning: 页面已成功加载。我可以看到右侧侧边栏导航中有 "Placement" 部分，其下有 "Sticky top" 子锚点链接。让我先截图查看整体情况，然后点击 "Sticky top" 链接来测试锚点功能。
[step 2] Action: unknown
[step 2] Reasoning: 现在可以清楚地看到右侧侧边栏导航结构：
- **Placement** （父级）
  - **Sticky top** （子锚点链接）
- **Scrolling**
- **Responsive behaviors**
  - **Offcanvas**

我注意到 "Placement" 下只有 "Sticky top" 一个子项（没有看到 "Fixed top"）。让我首先点击 "Sticky top" 链接来测试锚点功能。
[step 3] Action: unknown
[step 4] Action: screenshot
[step 5] Action: left_click (1152, 374)
[step 5] Reasoning: 页面没有变化，地址栏仍然显示 `localhost:8000/components/navbar/`，没有hash更新。让我直接点击 "Sticky top" 链接。
[step 6] Action: left_click (1137, 349)
[step 6] Reasoning: **🐛 发现 Bug！**

点击 "Sticky top" 锚点链接后，我观察到以下现象：

1. **地址栏 hash 值变为 `#undefined`**（`localhost:8000/components/navbar/#undefined`）- 这是一个明显的 Bug，hash 值应该是有意义的锚点名称如 `#sticky-top`，而不是 `#undefined`
2. **页面没有滚动**到对应的章节，内容区域保持不变（仍然显示页面顶部的 "Navbars" 标题）
3. **侧边栏中 "Sticky top" 现在高亮显示**（文字变为深色加粗），表明点击事件被处理了，但锚点 ID 获取失败

底部状态栏也可以看到链接地址显示为 `localhost:8000/components/navbar/#undefined`，进一步确认了这个问题。

让我检查 "Placement" 父级链接也是否存在同样问题：
[step 7] Action: left_click (1152, 374)
[step 7] Reasoning: 点击 "Placement" 父级链接后，地址栏显示 `localhost:8000/components/navbar/#placement`，这是**正确的**有意义锚点，并且页面成功滚动到了 "Placement" 章节。

现在让我再次点击 "Sticky top" 子链接进行对比测试：
[step 8] Action: scroll down (640, 400) scroll_amount 3
[step 8] Reasoning: **Bug 再次确认！** 

点击 "Sticky top" 子锚点链接后：
- 地址栏 hash 变为 **`#undefined`**（`localhost:8000/components/navbar/#undefined`）
- 页面没有滚动到 "Sticky top" 对应的章节（仍然显示 "Placement" 位置）
- 底部状态栏也显示链接目标为 `localhost:8000/components/navbar/#undefined`

让我向下滚动查看页面中是否有 "Sticky top" 章节，以确认页面内容和锚点 ID 的情况：
[step 9] Action: scroll down (640, 400) scroll_amount 3
[step 10] Action: left_click (1152, 449)
[step 10] Reasoning: 现在可以清楚地看到页面内容结构：
- **Fixed top** 章节
- **Fixed bottom** 章节  
- **Sticky top** 章节（页面底部可见）

"Sticky top" 章节确实存在于页面中，但点击侧边栏的 "Sticky top" 子锚点链接时，地址栏 hash 值变成了 `#undefined` 而不是应该的 `#sticky-top`，且页面没有自动滚动到该章节。

现在让我检查一下其他子链接，例如点击 "Offcanvas" 链接来对比测试：
[step 11] Action: left_click (1152, 374)
[step 11] Reasoning: **"Offcanvas" 子链接工作正常！** 点击后：
- 地址栏 hash 更新为 `#offcanvas`（有意义的锚点值）
- 页面正确滚动到了 "Offcanvas" 章节

这说明 "Offcanvas" 子链接的锚点功能是正常的，问题专门出现在 **"Sticky top"** 这个子锚点链接上。

让我再次点击 "Sticky top" 确认重现 Bug：
[step 12] Action: DONE
[step 12] Reasoning: **Bug 第三次确认！** 

点击 "Sticky top" 子锚点链接后，地址栏再次显示 `#undefined`（`localhost:8000/components/navbar/#undefined`），底部状态栏也显示 `localhost:8000/components/navbar/#undefined`，页面也没有滚动到 "Sticky top" 章节（仍然停留在 Offcanvas 区域）。

与之形成对比的是 "Offcanvas" 子链接（`#offcanvas`）和 "Placement" 父链接（`#placement`）都能正常工作。

---

## 测试结果总结

### 🐛 发现的 Bug

**问题**：侧边栏导航中 "Placement" 部分下的 **"Sticky top"** 子锚点链接功能异常。

**现象**：
1. **地址栏 hash 值变为 `#undefined`**（应该是 `#sticky-top`）
2. **页面未滚动到对应章节**（"Sticky top" 章节虽然存在于页面中，但点击后页面不会自动跳转到该位置）

**对比**（正常工作的链接）：
- "Placement"（父级）→ 点击后 hash 更新为 `#placement` ✅ 正常
- "Offcanvas"（子级）→ 点击后 hash 更新为 `#offcanvas` ✅ 正常
- "Sticky top"（子级）→ 点击后 hash 更新为 `#undefined` ❌ **Bug**

**根本原因推测**：`Sticky top` 章节标题对应的 DOM 元素可能没有正确设置 `id` 属性（或者 `id` 属性值丢失），导致锚点 hash 计算时返回 `undefined`。这是一个文档配置或静态生成错误。

**严重程度**：中等 - 影响用户导航体验，无法通过侧边栏锚点直接跳转到 "Sticky top" 章节。
Evaluating task result...

==================================================
Task: 当前Chrome浏览器已打开react-bootstrap文档站点，地址是http://localhost:8000。测试 react-bootstrap 文档站点中 Navbar 组件页面的侧边栏导航锚点链接功能。具体步骤：1. 打开 Navbar 组件的文档页面（路径为 /components/navbar/）；2. 在页面右侧或侧边栏导航中找到 'Placement' 部分下的子锚点链接，例如 'Sticky top'、'Fixed top'等；3. 点击这些锚点链接，观察浏览器地址栏的 hash 值是否更新为有意义的锚点值（而非 #undefined），以及页面是否滚动到对应章节。请始终在浏览器内操作，禁止打开 Terminal、Finder 或其他应用程序。如果在浏览器中找不到目标功能，直接标记 result 为 unclear，result_summary 写明'未在页面中找到目标功能入口'。
Status: COMPLETED
Total steps: 12
Last action: DONE
Last reasoning: **Bug 第三次确认！** 

点击 "Sticky top" 子锚点链接后，地址栏再次显示 `#undefined`（`localhost:8000/components/navbar/#undefined`），底部状态栏也显示 `localhost:8000/components/navbar/#undefined`，页面也没有滚动到 "Sticky top" 章节（仍然停留在 Offcanvas 区域）。

与之形成对比的是 "Offcanvas" 子链接（`#offcanvas`）和 "Placement" 父链接（`#placement`）都能正常工作。

---

## 测试结果总结

### 🐛 发现的 Bug

**问题**：侧边栏导航中 "Placement" 部分下的 **"Sticky top"** 子锚点链接功能异常。

**现象**：
1. **地址栏 hash 值变为 `#undefined`**（应该是 `#sticky-top`）
2. **页面未滚动到对应章节**（"Sticky top" 章节虽然存在于页面中，但点击后页面不会自动跳转到该位置）

**对比**（正常工作的链接）：
- "Placement"（父级）→ 点击后 hash 更新为 `#placement` ✅ 正常
- "Offcanvas"（子级）→ 点击后 hash 更新为 `#offcanvas` ✅ 正常
- "Sticky top"（子级）→ 点击后 hash 更新为 `#undefined` ❌ **Bug**

**根本原因推测**：`Sticky top` 章节标题对应的 DOM 元素可能没有正确设置 `id` 属性（或者 `id` 属性值丢失），导致锚点 hash 计算时返回 `undefined`。这是一个文档配置或静态生成错误。

**严重程度**：中等 - 影响用户导航体验，无法通过侧边栏锚点直接跳转到 "Sticky top" 章节。

==================================================

UI window closed
