Session created: sess-20260424132129-891b903ba20141b3808c490ce5d5095c
UI panel initialized successfully
UI window displayed
Expected result: 当拖拽超过 maxSize 限制的文件悬浮在拖拽区域上方时，isDragReject 状态应为 true，拖拽区域应正确反映拒绝状态（例如显示拒绝样式、颜色变化等），表明该文件因超出大小限制而被拒绝。
[step 0] Action: Initializing
[step 0] Reasoning: Initializing session connection
[step 0] Action: screenshot
[step 1] Action: left_click (290, 33)
[step 1] Reasoning: I can see the React Dropzone website is open in Chrome. There are terminal windows overlapping the browser. Let me click on the Chrome browser to bring it to focus and close these terminal overlays.
[step 2] Action: left_click (81, 302)
[step 2] Reasoning: The Chrome browser is now in focus. I can see the React Dropzone website. I need to navigate to the "Basic example" or another example page that uses `useDropzone`. The task asks me to configure `maxSize` to 1 byte and test `isDragReject`. Let me first look at the "Basic example" to understand what's available.
[step 3] Action: left_click (90, 380)
[step 3] Reasoning: I can see the "Basic example" page with a drag and drop zone. The task requires me to configure `useDropzone` with `maxSize: 1` (1 byte) and test `isDragReject`. 

This is a live demo website at localhost:8080. The task is asking me to:
1. Configure `maxSize` to 1 byte in the `useDropzone` hook
2. Drag a file larger than 1 byte to the dropzone area
3. Check if `isDragReject` is triggered and if the dropzone shows rejection styling

The current Basic example doesn't seem to have `maxSize` configured. I need to look at other examples or see if I can interact with the code. Let me check if there's a "Styling Dropzone" example that might show `isDragReject` state, or let me look at the "Custom validation" example which might be more relevant.

Let me first check the "Styling Dropzone" example since it likely shows different visual states including rejection:
[step 4] Action: scroll down (640, 400) scroll_amount 5
[step 4] Reasoning: I can see the "Styling Dropzone" section. This shows how to use inline styles. Let me scroll down to see if there's code that uses `isDragReject` state which would be what I need for this task.
[step 5] Action: scroll down (640, 400) scroll_amount 5
[step 5] Reasoning: I can see code for `acceptStyle` and `rejectStyle` at the bottom. Let me scroll down more to see the complete code and the dropzone with styling based on `isDragReject`.
[step 6] Action: scroll down (640, 400) scroll_amount 10
[step 6] Reasoning: Excellent! I can see the `StyledDropzone` function that uses `isDragReject` and `isDragAccept`. The code shows:
- `rejectStyle` with `borderColor: '#ff1744'` (red border for rejection)
- The `useDropzone` is being called with `accept: {'image/*': [1]}` (from what I can see)

This is the "Styling Dropzone" section that shows how `isDragReject` should affect the visual appearance. Let me scroll up to see the live demo area above this code section to find the actual dropzone widget.
[step 7] Action: scroll down (640, 400) scroll_amount 10
[step 7] Reasoning: Now I can see the full `StyledDropzone` component code. It uses:
- `useDropzone({accept: {'image/*': []}})` - only accepts images
- `isDragReject` - triggers when a non-image file is dragged
- The `rejectStyle` (red border `#ff1744`) is applied when `isDragReject` is true

This is perfect! The `Styling Dropzone` example uses `isDragReject` state. However, the task specifically asks to configure `maxSize: 1` (1 byte). The current example uses `accept` filter for rejection, not `maxSize`.

Let me scroll down to see the actual dropzone UI demo for the "Styling Dropzone" section, and then I need to look for where I can find a `maxSize` configuration or if there's a custom validation section.

Let me scroll down to see the demo area for "Using CSS classes" section which might also have `isDragReject`:
[step 8] Action: scroll up (640, 400) scroll_amount 20
[step 8] Reasoning: I can see there's a `<StyledDropzone />` component rendered at the bottom of the code section. I need to scroll up a bit to find the live demo with the actual dropzone widget for the "Styling Dropzone (Using inline styles)" section. Let me scroll up a bit to see the live demo area.

Actually, I need to re-think the approach. The task says to configure `maxSize` to 1 byte in `useDropzone`. This website is a documentation/demo site, and the code shown is static. I cannot modify the source code directly through the browser.

However, let me look at what's on the page - there might be interactive demos where I can change the `maxSize`. Let me also check the "Custom validation" section which might have relevant functionality.

Let me scroll back up to find the actual "Styling Dropzone" live demo area to test if `isDragReject` works with the current configuration (accept only images):
[step 9] Action: scroll up (640, 400) scroll_amount 10
[step 10] Action: left_click (93, 494)
[step 10] Reasoning: Now I can see the "Styling Dropzone" section with "Using inline styles" subsection. There's a dropzone widget at the top with the text "Drag 'n' drop some files here, or click to select files". 

The task requires me to:
1. Configure `useDropzone` with `maxSize: 1` (1 byte)  
2. Drag a file larger than 1 byte over the dropzone
3. Check if `isDragReject` is triggered

This website is a static documentation website. I cannot directly modify the `useDropzone` configuration through the browser. The source code would need to be modified. However, since the task says to operate within the browser and this is a localhost development server, let me check if there's any way to test this.

Looking at the current "Styling Dropzone" example, it uses `accept: {'image/*': []}`, which means dragging a non-image file would trigger `isDragReject`. I could test this behavior by dragging a non-image file to see if `isDragReject` is correctly triggered.

However, the task specifically asks to configure `maxSize: 1` byte. Since this is a localhost development server (not just a static page), perhaps I can look at the source code through the browser. But first, let me understand - can I drag files from the browser itself? 

Actually, the key issue here is: **I cannot easily create a test file to drag into the browser without using Finder or Terminal**. The task says to operate only within the browser.

Let me think about this differently. The task says "在浏览器内操作" (operate in the browser). Perhaps the website has an interactive component where I can change the `maxSize` value, OR maybe I need to use the browser's developer tools to modify the React component's behavior.

Wait - the task says "禁止打开 Terminal、Finder 或其他应用程序" (prohibit opening Terminal, Finder or other applications). But in testing mode I might be able to use Chrome DevTools to modify the component's behavior. However, the BROWSER RULES say "Do NOT open browser DevTools" unless explicitly required.

Let me re-read the task: The task asks to observe whether `isDragReject` is correctly triggered when dragging a file over the dropzone with `maxSize: 1`. This is a functional test. 

The current "Styling Dropzone" example already shows `isDragReject` functionality (though based on file type, not size). The task specifically wants `maxSize: 1` configuration. Since I cannot modify source code through the browser (without DevTools) and cannot use Finder/Terminal to create files, let me check if there's a way to test this within the browser constraints.

Actually, looking at this from a testing perspective, I need to:
1. Check if the "Styling Dropzone" demo already shows `isDragReject` behavior
2. Try dragging something from within the browser to the dropzone

Let me look at the "Custom validation" section which might have `maxSize` configuration:
[step 11] Action: left_click (90, 380)
[step 11] Reasoning: I can see the "Custom validation" section which uses a `validator` prop. This section doesn't have `maxSize`. 

Now I need to think about the overall approach. The task is to:
1. Configure `useDropzone` with `maxSize: 1`
2. Drag a file larger than 1 byte to the dropzone
3. Check `isDragReject` behavior

Since the website is a localhost development server (running React), the code is editable but I need to access the source files. Without Terminal or Finder, I can only work within the browser. 

One approach: Use the browser's address bar to navigate to any source files. But React dev server files are bundled. 

Another approach: The page might have a CodeSandbox or similar embedded editor where I can modify code.

Let me look at the "Styling Dropzone" example more carefully - the existing `accept: {'image/*': []}` already triggers `isDragReject` for non-image files. The visual behavior should be the same as `maxSize: 1` rejection (red border appears). 

The key question the task wants me to answer is: **Does `isDragReject` work correctly when dragging a file that violates the constraint?**

Since I'm in a testing mode and cannot:
1. Modify source code (no Terminal/Finder)
2. Create files to drag (no Finder)
3. Use DevTools

Let me check if there's a way to drag something from the browser itself (like an image or link) to the dropzone. Let me look at the "Styling Dropzone" section's live demo and try to drag text/link to it.

Wait - actually the task says this is a testing mode and asks me to observe if `isDragReject` is correctly triggered. Let me go back to the "Styling Dropzone" demo and try dragging a URL/text to the dropzone to test `isDragReject` behavior (since only images are accepted, a URL/text drag should trigger rejection).

First, let me go to the Styling Dropzone section's demo:
[step 12] Action: left_click (140, 62)
[step 12] Reasoning: I can see the "Styling Dropzone" section with the "Using inline styles" demo. The dropzone is visible at the top. 

The task specifically asks to configure `maxSize: 1` in `useDropzone`. Since I'm operating only in the browser, let me think about what I can actually do:

1. The "Styling Dropzone" demo has `useDropzone({accept: {'image/*': []}})` - this will reject non-image files
2. I cannot easily change the `maxSize` setting without modifying source code
3. I cannot use Terminal/Finder

However, the most important thing this task is testing is whether `isDragReject` works correctly. The current "Styling Dropzone" demo already should demonstrate this when a non-accepted file is dragged in.

But wait - the task specifically says to configure `maxSize: 1 byte`. This requires code modification. Since I cannot do that through the browser without DevTools, and the task prohibits other tools...

Let me reconsider. The task says "在浏览器中找不到目标功能，直接标记 result 为 unclear". The target functionality is testing `isDragReject` with `maxSize: 1`. 

The page does have a dropzone that uses `isDragReject`, but there's no `maxSize` configuration visible in any of the demos. The demos use `accept` for type filtering, not `maxSize` for size filtering.

However, I can still try to test the `isDragReject` behavior by trying to drag something from the page itself to the dropzone. Let me try dragging a link or image from the page to the dropzone to see if `isDragReject` is triggered (the current accept is `image/*`, so dragging a link should trigger rejection).

Let me try dragging the "VIEW CODE" button or some text element to the dropzone:

Actually, I realize I should try dragging the image (the react-dropzone logo) from the top of the page to the dropzone in the "Styling Dropzone" section to test if `isDragAccept` is triggered (since it accepts images), or try dragging something else for `isDragReject`.

Actually, the simplest approach is to try to find out if the page has any special mode or configuration options. Let me also check what the "Previews" example looks like, or look at the source more carefully.

But wait - the most important insight is: **I'm running in testing mode and the task asks me to test a specific behavior**. The website is at localhost:8080, which suggests it's a development build. Let me try to access the source code through the browser's URL.

Let me try navigating to specific source files:
[step 13] Action: key: Escape
[step 14] Action: scroll up (640, 400) scroll_amount 10
[step 14] Reasoning: Now I need to think about how to properly test this. The task requires:
1. Setting `maxSize: 1` in `useDropzone`
2. Dragging a file >1 byte to the dropzone
3. Checking `isDragReject` is triggered

Looking at the current situation:
- The website has a "Styling Dropzone" section with a demo that uses `isDragReject`
- The current configuration uses `accept: {'image/*': []}` (type-based rejection)
- There's no `maxSize` configuration available in the demos

The task says if I can't find the target functionality in the browser, mark it as unclear. However, the `isDragReject` functionality IS present in the Styling Dropzone section. The specific `maxSize: 1` configuration is what's missing from the demos.

Let me try to test `isDragReject` with the existing "Styling Dropzone" demo by trying to drag a link/text to the dropzone. In browsers, you can drag links and the `isDragReject` might be triggered since links/text aren't `image/*`.

Let me try dragging the "react-dropzone" logo (which IS an image) to see if `isDragAccept` triggers, then try dragging a text link to see if `isDragReject` triggers.

First, let me scroll up to see the react-dropzone logo at the top of the page:

Actually, the task says I need to drag a file to the dropzone. The task is specifically about a file drag, not a DOM element drag. In browsers, you typically drag files from the OS file system. Without access to Finder or Terminal to create files, I can't directly perform a file drag.

However, I can try an alternative approach - in Chrome, I can try dragging elements within the page to the dropzone. The dropzone should distinguish between file drags and element drags.

Let me try to look at this from another angle. The site is at localhost:8080, and it appears to be a Webpack dev server (based on the context). I could try to use the browser's built-in features to simulate a file drag. But without DevTools, this is very limited.

Let me try to drag the logo image at the top of the page to the "Styling Dropzone" dropzone area to see what happens:
[step 15] Action: scroll up (640, 400) scroll_amount 20
[step 15] Reasoning: I can now see the "Styling Dropzone" section with the "Using inline styles" dropzone. The dropzone shows "Drag 'n' drop some files here, or click to select files".

Now I need to try to drag something to this dropzone. The key question is: **Can I drag something from within the browser to the dropzone to trigger `isDragReject`?**

Let me think about this approach: I'll try to drag a link from the page (such as the "file-selector" link from the "Basic example" section) to the dropzone in the "Styling Dropzone" section. When a URL/link is dragged rather than a file, the behavior depends on how react-dropzone handles it.

Actually, let me try a different approach. Let me try dragging one of the items in the code section (which has the react-dropzone logo or similar) to the styling dropzone. But first, let me try to drag the link in the page to the dropzone:

Let me try clicking and dragging some element to the dropzone. I'll try to drag the "Styling Dropzone" heading text to the dropzone area to see if it triggers any reaction:

Actually, the most reliable thing I can do is to try dragging text from the page to the dropzone. Let me try to drag a piece of text to the dropzone to observe the behavior.

But wait - the fundamental issue is that **none of the demos on this page use `maxSize: 1`**. The task specifically asks to configure `maxSize: 1` byte. Without being able to modify the source code, I cannot fulfill this requirement.

The closest I can do is use the "Styling Dropzone" demo which already has `isDragReject` functionality (through `accept: {'image/*': []}`) and try to test the drag-reject behavior by dragging something from within the browser.

Let me try to drag the react-dropzone logo (image) from the top of the page to the Styling Dropzone area to see if `isDragAccept` triggers (since it accepts images), then I'll try dragging a text element to trigger `isDragReject`.

First, I need to scroll to find a page element I can drag. Let me scroll up more to see the logo:
[step 16] Action: key: cmd+Home
[step 16] Reasoning: I've scrolled up and I can see the "Forms" section code now. The page shows code for the Forms example. Let me scroll up much more to the top of the page to find the logo:
[step 17] Action: left_click (78, 104)
[step 17] Reasoning: The page didn't scroll to the top - it seems the keyboard shortcut didn't work as expected since the code block might have focus. Let me click in the main content area and scroll to the top:
[step 18] Action: left_click (81, 302)
[step 18] Reasoning: The page navigation seems stuck showing the same code. The URL still shows `#section-styling-dropzone`. Let me click on "Basic example" in the left sidebar to navigate to the top of the page, and then I'll navigate to the "Styling Dropzone" section:
[step 19] Action: left_click (90, 380)
[step 19] Reasoning: Now I'm at the "Basic example" section. I can see:
1. The "Basic example" dropzone is visible with the text "Drag 'n' drop some files here, or click to select files"
2. The code shows `useDropzone()` with no configuration (no `maxSize`)

The "Basic example" is the simplest case. Now let me navigate to the "Styling Dropzone" section to test the `isDragReject` behavior there:
[step 20] Action: scroll down (640, 400) scroll_amount 5
[step 20] Reasoning: I'm now at the "Styling Dropzone" section. I can see the dropzone widget with "Using inline styles" and the code below. The dropzone shows "Drag 'n' drop some files here, or click to select files".

Now, let me understand the full picture of what I can and cannot do:

**What I CAN do in the browser:**
1. Scroll to see the code
2. Navigate between sections
3. Try to drag DOM elements to the dropzone
4. Access the "VIEW CODE" section to see what the code does

**What I CANNOT do:**
1. Modify the source code (no `maxSize: 1` configuration possible without DevTools/Terminal)
2. Create files to drag (no Finder)
3. Use Terminal

**The task asks specifically to:**
1. Configure `maxSize: 1` in `useDropzone`
2. Drag a file >1 byte to the dropzone
3. Observe if `isDragReject` is triggered

Since I cannot configure `maxSize: 1` without modifying source code (which requires DevTools or Terminal), and I cannot create files to drag (without Finder), this task cannot be fully completed within the browser constraints.

However, I can still try to test the `isDragReject` behavior by:
1. Using the existing "Styling Dropzone" demo (which uses `accept: {'image/*': []}`)
2. Trying to drag a non-image element to trigger rejection

Let me try to drag the "Styling Dropzone" heading text to the dropzone area to see if any reaction occurs. The heading text is NOT an image, so it should trigger `isDragReject` if the dropzone handles DOM element drags similarly to file drags.

Actually, wait. Let me re-read the task one more time. The task says "配置 useDropzone 的 maxSize 为一个极小值（如 1 字节）". This implies I need to modify the configuration. Without the ability to edit source code (no Terminal, no Finder), the only way would be through the browser.

However, there IS a way to do this through the browser - I can use the browser's address bar or Chrome's built-in JS console (DevTools). But the BROWSER RULES say "Do NOT open browser DevTools".

Wait, let me re-read again: "BROWSER RULES: Do NOT open browser DevTools, Inspect Element, or the JavaScript Console unless the user's task explicitly requires developer tools."

The task here is testing if `isDragReject` is triggered when `maxSize` is violated. The task implicitly requires modifying the React component's configuration. This could be considered as requiring developer tools.

Actually, I think the right approach here is to recognize that:
1. The page has multiple examples
2. The "Styling Dropzone" already demonstrates `isDragReject` with `accept: {'image/*': []}`
3. The `isDragReject` behavior should be the same whether triggered by file type or file size
4. To test `maxSize: 1` specifically, I would need to modify source code

Let me check if there's any way to test this within the browser without DevTools. Let me look at the full "Styling Dropzone" code to understand what it does:
[step 21] Action: scroll down (640, 400) scroll_amount 5
[step 21] Reasoning: I can see the code for "Styling Dropzone". I can see:
- `baseStyle` - default styling
- `focusedStyle` - when focused (blue border `#2196f3`)
- `acceptStyle` - when accepting (green border `#00e676`)
- `rejectStyle` - being defined (about to show red border)

Let me scroll down to see the complete code including the `rejectStyle` and the `useDropzone` call:
[step 22] Action: scroll up (640, 400) scroll_amount 5
[step 22] Reasoning: Now I can see the complete code structure:
- `rejectStyle = { borderColor: '#ff1744' }` (red border for rejection)
- `function StyledDropzone(props)` - the component
- It destructures `{ getRootProps, getInputProps, isFocused, isDragAccept, isDragReject }` from `useDropzone({accept: {'image/*': [1]}})`

This is perfect. The code shows:
1. `isDragReject` is used in the `StyledDropzone` component
2. When `isDragReject` is true, `rejectStyle` (red border `#ff1744`) is applied
3. The `useDropzone` is configured with `accept: {'image/*': [1]}` (only accepts images)

But the task requires `maxSize: 1` not `accept: {'image/*': []}`. These are different constraints.

Now I understand the full picture. To test `maxSize: 1` specifically, I would need to:
1. Modify the source code to add `maxSize: 1` to the `useDropzone` call
2. Then drag a file to the dropzone

Without Terminal/Finder/DevTools, I cannot modify the source code. However, the existing demo with `accept: {'image/*': []}` already tests `isDragReject` with a different constraint (file type instead of file size).

The question the task is really asking is: **Does the `isDragReject` state visually change the dropzone appearance when dragging a violating file?**

Let me try the most practical approach: I'll try to drag a DOM element from within the browser to the dropzone to see if `isDragReject` is triggered. I can try dragging a link or text from the page.

First, let me scroll up to see the actual dropzone UI widget:
[step 23] Action: left_click (1193, 193)
[step 23] Reasoning: I can see the "Styling Dropzone" demo with the dropzone widget at the top (showing "Drag 'n' drop some files here, or click to select files"). 

Now let me attempt to drag from within the browser. I'll try to drag a link from the sidebar navigation to the dropzone. The dropzone accepts only images (`image/*`), so dragging a link (which is text/URI-list) should trigger `isDragReject`.

However, dragging DOM elements to react-dropzone typically doesn't trigger `isDragReject` because react-dropzone specifically listens for file drag events. When you drag a DOM element, it creates a "text/html" drag data type, which react-dropzone may or may not handle as a file.

Let me try. I'll drag the "Basic example" link from the sidebar to the "Styling Dropzone" dropzone area. The dropzone is visible at coordinates around (740, 112):

Let me try to use `left_click_drag` to drag from the sidebar link to the dropzone:

Actually, before doing anything else, I should think about whether I can test `isDragReject` in a way that makes sense. 

The truth is: **to properly test `isDragReject` with `maxSize: 1`, I need to:**
1. Configure `maxSize: 1` in the source code (requires editing source files)
2. Drag an actual file from the OS file system (requires Finder)

Both of these operations are prohibited by the task constraints ("禁止打开 Terminal、Finder 或其他应用程序").

However, the task says: "如果在浏览器中找不到目标功能，直接标记 result 为 unclear，result_summary 写明未在页面中找到目标功能入口". 

The "target functionality" (配置 maxSize 为1字节 的 useDropzone) IS present in the code (the code shows `useDropzone({accept: ...})`), but there's no interactive way to configure `maxSize` in the browser without modifying source code.

Let me try one more thing - see if there's a code sandbox or editable demo anywhere on the page:

Let me check if the "VIEW CODE" button opens an interactive editor:

==================================================
Task: 当前Chrome浏览器已打开React Dropzone网站，地址是http://localhost:8080。在使用 react-dropzone 的页面中，配置 useDropzone 的 maxSize 为一个极小值（如 1 字节），然后拖拽一个超过该大小限制的文件到拖拽区域上方（不松手），观察 isDragReject 状态是否被正确触发，拖拽区域是否显示拒绝样式或状态变化。请始终在浏览器内操作，禁止打开 Terminal、Finder 或其他应用程序。如果在浏览器中找不到目标功能，直接标记 result 为 unclear，result_summary 写明未在页面中找到目标功能入口。
Status: STOPPED_BY_USER
Total steps: 23
Last action: left_click (1193, 193)
Last reasoning: I can see the "Styling Dropzone" demo with the dropzone widget at the top (showing "Drag 'n' drop some files here, or click to select files"). 

Now let me attempt to drag from within the browser. I'll try to drag a link from the sidebar navigation to the dropzone. The dropzone accepts only images (`image/*`), so dragging a link (which is text/URI-list) should trigger `isDragReject`.

However, dragging DOM elements to react-dropzone typically doesn't trigger `isDragReject` because react-dropzone specifically listens for file drag events. When you drag a DOM element, it creates a "text/html" drag data type, which react-dropzone may or may not handle as a file.

Let me try. I'll drag the "Basic example" link from the sidebar to the "Styling Dropzone" dropzone area. The dropzone is visible at coordinates around (740, 112):

Let me try to use `left_click_drag` to drag from the sidebar link to the dropzone:

Actually, before doing anything else, I should think about whether I can test `isDragReject` in a way that makes sense. 

The truth is: **to properly test `isDragReject` with `maxSize: 1`, I need to:**
1. Configure `maxSize: 1` in the source code (requires editing source files)
2. Drag an actual file from the OS file system (requires Finder)

Both of these operations are prohibited by the task constraints ("禁止打开 Terminal、Finder 或其他应用程序").

However, the task says: "如果在浏览器中找不到目标功能，直接标记 result 为 unclear，result_summary 写明未在页面中找到目标功能入口". 

The "target functionality" (配置 maxSize 为1字节 的 useDropzone) IS present in the code (the code shows `useDropzone({accept: ...})`), but there's no interactive way to configure `maxSize` in the browser without modifying source code.

Let me try one more thing - see if there's a code sandbox or editable demo anywhere on the page:

Let me check if the "VIEW CODE" button opens an interactive editor:

==================================================

UI window closed
