Session created: sess-20260418122824-b215174d422f4d67af341f1e02be7f4a
UI panel initialized successfully
UI window displayed
Expected result: 页面底部 Customizing 部分中的 'Bootstrap color mode docs' 链接地址应为 https://getbootstrap.com/docs/5.3/customize/color-modes，路径中 5.3 和 customize 之间有正确的斜杠分隔，点击后能正常跳转。
[step 0] Action: Initializing
[step 0] Reasoning: Initializing session connection
[step 0] Action: Open url: http://localhost:3000/docs/getting-started/color-modes
[step 1] Action: key: End
[step 1] Reasoning: I can see the Color modes page has loaded. Now I need to scroll down to the bottom to find the "Customizing" section with the 'Bootstrap color mode docs' link.
[step 2] Action: mouse_move (409, 195)
[step 2] Reasoning: I can see the "Bootstrap color mode docs" link at the bottom of the page. Now I need to inspect its href to verify if the URL is correct. Let me right-click on the link to inspect it, or I can hover over it to see the URL in the status bar. Let me hover over the link first to see the URL.
[step 3] Action: screenshot
[step 3] Reasoning: I can see the URL in the status bar at the bottom of the browser. The URL shown is:

`https://getbootstrap.com/docs/5.3customize/color-modes`

This is **incorrect**! The URL is missing the slash between `5.3` and `customize`. The correct URL should be `https://getbootstrap.com/docs/5.3/customize/color-modes` (with a slash between `5.3` and `customize`).

Let me zoom in on the status bar to confirm this more clearly.
[step 4] Action: right_click (409, 195)
[step 4] Reasoning: The status bar at the bottom of the browser clearly shows: `https://getbootstrap.com/docs/5.3customize/color-modes`

Now let me also right-click the link to inspect it via browser developer tools to get a definitive confirmation of the href attribute value.
[step 5] Action: left_click (444, 289)
[step 5] Reasoning: I can see the context menu. I can see "复制链接地址" (Copy link address) option. Let me click on "检查" (Inspect) to open the developer tools and inspect the element's href, or I can click "复制链接地址" to copy the link address.
[step 6] Action: left_click (640, 62)
[step 6] Reasoning: I can see "已复制链接" (Link copied) notification appears at the top. The link has been copied to clipboard. Now let me paste it into the browser's address bar to see the exact URL. Let me click on the address bar and paste the copied URL to verify it.
[step 7] Action: key: ctrl+a
[step 7] Reasoning: The address bar is now selected. Let me paste the copied URL to see what the link address actually is. Let me select all in the address bar first, then paste.
[step 8] Action: key: command+v
[step 9] Action: key: Escape
[step 9] Reasoning: This is very revealing! The pasted URL clearly shows:

`https://getbootstrap.com/docs/5.3customize/color-modesLocalhost:3000/docs/getting-started/color-modes`

This confirms that:
1. The link's href is `https://getbootstrap.com/docs/5.3customize/color-modes` - **missing the slash between `5.3` and `customize`**
2. The URL is concatenated with the current page URL (this is because the "copied link" from Chrome's context menu appended the current URL since the href is relative/malformed)

Wait, let me look more carefully. The address bar shows `https://getbootstrap.com/docs/5.3customize/color-modesLocalhost:3000/docs/getting-started/color-modes` which seems like an odd concatenation. Let me press Escape and use the browser's developer tools to inspect the actual href attribute.
[step 10] Action: key: Escape
[step 10] Reasoning: Now let me use Developer Tools to inspect the actual href attribute of the link. Let me press F12 to open DevTools.
[step 11] Action: key: F12
[step 11] Reasoning: Good, the page is back to the color-modes page. Now let me open DevTools using F12 and inspect the link's href attribute.
[step 12] Action: left_click (640, 627)
[step 12] Reasoning: DevTools is open. I can see the Console tab is active. Let me use the Console to get the exact href attribute of the "Bootstrap color mode docs" link. I'll run a JavaScript command to get it.
[step 13] Action: type: document.querySel...
[step 13] Reasoning: The console is ready for input. Let me type a JavaScript command to get the href attribute of the "Bootstrap color mode docs" link.
[step 14] Action: screenshot
[step 14] Reasoning: Excellent! I can see the console output clearly at the bottom of the DevTools panel. The result is:

`'https://getbootstrap.com/docs/5.3customize/color-modes'`

This confirms the **bug**: The href attribute of the 'Bootstrap color mode docs' link is `https://getbootstrap.com/docs/5.3customize/color-modes` — it is **missing the slash** between `5.3` and `customize`. 

The correct URL should be: `https://getbootstrap.com/docs/5.3/customize/color-modes`

Let me take a closer screenshot to clearly read the console output.
[step 15] Action: DONE
[step 15] Reasoning: The console output is clearly visible at the bottom. I can read:
- Command: `document.querySelector('a[href*="bootstrap.com"]').getAttribute('href')`
- Result: `'https://getbootstrap.com/docs/5.3customize/color-modes'`

This definitively confirms the bug. The href attribute is `https://getbootstrap.com/docs/5.3customize/color-modes` — **missing the slash** between `5.3` and `customize`.

## 测试结果总结

### 发现的 Bug（链接 href 路径错误）

**页面**: `http://localhost:3000/docs/getting-started/color-modes`（Color Modes 页面）

**问题描述**: 在 Color Modes 页面底部的 Customizing 部分，找到了 **'Bootstrap color mode docs'** 链接，通过以下多种方式确认其 `href` 属性值存在 **Bug**：

1. **鼠标悬停状态栏显示**：`https://getbootstrap.com/docs/5.3customize/color-modes`
2. **复制链接地址**：`https://getbootstrap.com/docs/5.3customize/color-modes`
3. **Chrome DevTools Console 执行 JavaScript 查询**：
   - 命令：`document.querySelector('a[href*="bootstrap.com"]').getAttribute('href')`
   - 结果：`'https://getbootstrap.com/docs/5.3customize/color-modes'`

**错误原因**：路径中 `5.3` 和 `customize` 之间**缺少斜杠 `/`**

| 项目 | 内容 |
|------|------|
| **实际 href 值** | `https://getbootstrap.com/docs/5.3customize/color-modes` |
| **正确 href 值** | `https://getbootstrap.com/docs/5.3/customize/color-modes` |
| **差异** | `5.3` 后面缺少 `/`（斜杠分隔符） |

**结论**：该外部链接 **href 地址存在 Bug**，`5.3` 和 `customize` 之间缺少必要的斜杠分隔符，导致链接 URL 格式错误，点击后将无法正确跳转到 Bootstrap 颜色模式文档页面。
Evaluating task result...

==================================================
Task: 当前Chrome浏览器已打开react-bootstrap文档站点，地址是http://localhost:3000。测试 react-bootstrap 文档站点中 Color Modes（颜色模式）页面底部的外部链接是否正常工作。具体步骤：1. 在浏览器中访问文档站点，导航到 Getting Started 下的 Color Modes 页面（路径为 /docs/getting-started/color-modes）；2. 向下滚动到页面底部的 Customizing 部分；3. 找到 'Bootstrap color mode docs' 链接，检查其 href 地址是否为 https://getbootstrap.com/docs/5.3/customize/color-modes；4. 特别注意路径中 5.3 和 customize 之间是否有正确的斜杠分隔。请始终在浏览器内操作，禁止打开 Terminal、Finder 或其他应用程序。如果在浏览器中找不到目标功能，直接标记 result 为 unclear，result_summary 写明'未在页面中找到目标功能入口'。
Status: COMPLETED
Total steps: 15
Last action: DONE
Last reasoning: The console output is clearly visible at the bottom. I can read:
- Command: `document.querySelector('a[href*="bootstrap.com"]').getAttribute('href')`
- Result: `'https://getbootstrap.com/docs/5.3customize/color-modes'`

This definitively confirms the bug. The href attribute is `https://getbootstrap.com/docs/5.3customize/color-modes` — **missing the slash** between `5.3` and `customize`.

## 测试结果总结

### 发现的 Bug（链接 href 路径错误）

**页面**: `http://localhost:3000/docs/getting-started/color-modes`（Color Modes 页面）

**问题描述**: 在 Color Modes 页面底部的 Customizing 部分，找到了 **'Bootstrap color mode docs'** 链接，通过以下多种方式确认其 `href` 属性值存在 **Bug**：

1. **鼠标悬停状态栏显示**：`https://getbootstrap.com/docs/5.3customize/color-modes`
2. **复制链接地址**：`https://getbootstrap.com/docs/5.3customize/color-modes`
3. **Chrome DevTools Console 执行 JavaScript 查询**：
   - 命令：`document.querySelector('a[href*="bootstrap.com"]').getAttribute('href')`
   - 结果：`'https://getbootstrap.com/docs/5.3customize/color-modes'`

**错误原因**：路径中 `5.3` 和 `customize` 之间**缺少斜杠 `/`**

| 项目 | 内容 |
|------|------|
| **实际 href 值** | `https://getbootstrap.com/docs/5.3customize/color-modes` |
| **正确 href 值** | `https://getbootstrap.com/docs/5.3/customize/color-modes` |
| **差异** | `5.3` 后面缺少 `/`（斜杠分隔符） |

**结论**：该外部链接 **href 地址存在 Bug**，`5.3` 和 `customize` 之间缺少必要的斜杠分隔符，导致链接 URL 格式错误，点击后将无法正确跳转到 Bootstrap 颜色模式文档页面。

==================================================

UI window closed
