Session created: sess-20260424135354-98e7c4d91a7c4b7bb869e3c2f4eb6912
UI panel initialized successfully
UI window displayed
Expected result: 当 .md 文件悬停在放置区域上方时，Dropzone 应能正确识别该文件的 MIME 类型（text/markdown），悬停状态应正常触发（如高亮、边框变化等），文件不应因为类型为空字符串而被错误拒绝。
[step 0] Action: Initializing
[step 0] Reasoning: Initializing session connection
[step 0] Action: screenshot
[step 1] Action: left_click (291, 33)
[step 1] Reasoning: I can see the React Dropzone website is open at localhost:8080, and there are terminal windows open. I need to close those terminal windows and focus on the browser. Let me click on the Chrome browser tab to bring it to focus.
[step 2] Action: left_click (107, 415)
[step 2] Reasoning: Good, the Chrome browser is now in focus showing the React Dropzone website. I can see the sidebar with navigation links. I need to find the "Accepting specific file types" section which likely has a dropzone that accepts specific file types. Let me click on that to navigate to it.
[step 3] Action: left_click (640, 62)
[step 3] Reasoning: I can see the "Accepting specific file types" section. The dropzone here only accepts *.jpeg and *.png images. I can see:
- A dropzone area that says "Drag 'n' drop some files here, or click to select files"
- "(Only *.jpeg and *.png images will be accepted)"
- "Accepted files" and "Rejected files" sections below

This is a good dropzone to test with a .md (Markdown) file, as the .md file would be rejected (not accepted). I need to drag a .md file into this dropzone and observe the state change.

However, I need to use a .md file from within the browser. The task says to stay within the browser. I need to create a drag operation that simulates dragging a .md file. 

Let me think about this. The task asks me to drag a .md file into the dropzone. To do this within the browser, I could try to find a .md file in the file system by clicking on the dropzone first to open a file dialog. But the task says to drag and hover, not click.

I need to create a drag simulation. One approach is to use JavaScript to create a DataTransfer object and dispatch drag events. But the task explicitly says not to open DevTools.

Actually, let me re-read the task: "将一个 .md（Markdown）文件拖拽悬停到 react-dropzone 放置区域上方" - this means dragging a .md file and hovering over the dropzone area to observe the state change.

To actually drag a file from the file system to the browser dropzone, I would normally need to:
1. Find a .md file in Finder
2. Drag it from Finder to the browser

But the task says to stay within the browser and not open Terminal or Finder. 

Wait - I can try to find a file within Chrome itself. Chrome might have file access through a file://localhost or similar URL. Or I could use the browser's address bar to navigate to a local file.

Actually, looking at this more carefully - the task seems to want me to test whether the dropzone correctly handles .md files. I should try to drag something that would simulate a .md file. 

Let me look at whether there's another approach - can I navigate to a local file in Chrome and drag it? Or perhaps I can try to use the "Basic example" which might allow any file type?

Let me scroll up to see the "Basic example" and try a different approach - let me first check what sections are available for testing. But actually, the key issue is: how do I create a .md file drag event within the browser without Finder or Terminal?

One approach: I could open a new tab with a local file URL that shows files, but that still requires knowing the path.

Actually, wait - I can navigate to `file:///` in Chrome to see the file system, and then try to find a .md file there. Let me try this approach since it's within the browser.

But wait - can I even drag from one Chrome tab to another? That would be complex.

Let me think of another approach - I can try to use Chrome's address bar to navigate to `file:///` to see what files are available.

Actually, looking at the task again - it says the expected result is: ".md 文件悬停在放置区域上时，Dropzone 应能正确识别文件的 MIME 类型（text/markdown），显示接受/拒绝状态，以及文件不应因为空字符串而被错误拒绝". 

The task is a testing scenario. Let me try to navigate to `file:///` to find some .md files, then see if I can drag from there. But actually the real question is whether I can drag files within the browser.

Let me try a different approach - I'll use the address bar in Chrome to navigate to `file:///Users/worker05/` to look for .md files, and then try to drag.
[step 4] Action: type: file:///Users/wor...
[step 5] Action: key: Return
[step 5] Reasoning: I can see the Chrome browser is now showing the file:///Users/worker05/ URL in the address bar. I need to navigate to this location to find a .md file. Let me press Enter to navigate there.
[step 6] Action: scroll down (640, 400) scroll_amount 3
[step 6] Reasoning: I can see the file system directory listing for /Users/worker05/. I can see many folders. I need to find a .md file. I can see a "bughunt/" folder which might contain .md files. Let me look for .md files by scrolling down to see if there are any direct .md files in this directory, or I can navigate to the bughunt folder to look there.

Let me scroll down to see if there are .md files directly in this directory.
[step 7] Action: scroll down (640, 400) scroll_amount 3
[step 8] Action: scroll down (640, 400) scroll_amount 3
[step 9] Action: scroll down (640, 400) scroll_amount 3
[step 9] Reasoning: I don't see any .md files directly in the /Users/worker05/ directory. Let me scroll down a bit more and then look into a folder that might contain .md files. The "bughunt" folder looks promising since it relates to bug hunting. Let me navigate to bughunt/.
[step 10] Action: scroll down (640, 400) scroll_amount 3
[step 11] Action: left_click (640, 62)
[step 11] Reasoning: I can see files at the bottom of the directory listing. There are no .md files visible directly in /Users/worker05/. Let me navigate to the bughunt/ folder to look for .md files there. Let me navigate to that folder.
[step 12] Action: type: file:///Users/wor...
[step 13] Action: key: Return
[step 14] Action: key: ctrl+t
[step 14] Reasoning: Excellent! I can see the bughunt/ directory contains several .md files:
- patrol-lessons.md (4.8 kB)
- patrol-plan.md (4.4 kB)
- PENDING.md (945 B)
- POC-REPORT.md (8.0 kB)
- README.md (38.3 kB)
- SUMMARY.md (5.2 kB)

Now I need to open these .md files in the browser and try to drag them to the React Dropzone. However, I cannot directly drag a file from a `file://` URL in Chrome to a dropzone in another tab.

The approach I need to take is:
1. Open a new tab with the React Dropzone page (localhost:8080)
2. Navigate to the file listing in another way

Actually, the most effective approach here would be to open the React Dropzone page in one tab, and the file in another tab, then try to drag. But dragging between browser tabs in Chrome is not straightforward.

Wait, I think I need to reconsider. In Chrome, you can open a file:/// URL and then try to drag a link/file from the file listing to another tab. Let me try opening a new tab with the React Dropzone and then try to drag the README.md file from the file listing.

Actually, the typical way to test this would be to right-click on one of these .md files and get the file URL, then open the dropzone page and drag the file. But dragging between tabs doesn't work directly.

Let me try a different approach - I'll open a new tab with localhost:8080, navigate to the "Accepting specific file types" section, then use a split-window approach if possible. But that's also complex.

Actually, the most practical way would be to try to open a second tab with the React Dropzone while keeping this file tab open, and then try to drag by clicking and holding the file link in one tab and dragging to another. Let me try opening localhost:8080 in a new tab while keeping this tab.

Let me open a new tab for the React Dropzone and navigate to the "Accepting specific file types" section:
[step 15] Action: key: ctrl+t
[step 15] Reasoning: The new tab didn't open as expected. Let me try Command+T for Mac:
[step 16] Action: left_click (384, 33)
[step 16] Reasoning: I see the tab isn't opening. The existing tab seems to be only showing the file system. The issue is that dragging a file from a `file://` URL page in Chrome to the dropzone in another tab would require Chrome to support inter-tab drag. This approach may not work in Chrome.

Let me reconsider the approach. The task is asking me to drag a .md file to the React Dropzone, but I cannot open Finder or Terminal. 

Looking at the task more carefully, the task is in a testing context. The key observation is that I need to:
1. Open the React Dropzone "Accepting specific file types" section
2. Drag a .md file over the dropzone
3. Observe the hover state

One approach that might work is to open the React Dropzone in a new tab, and then use the "Basic example" section which accepts any file type, or find the "Custom validation" section.

Actually, let me think about this differently. The Chrome browser's `file://` directory listing allows you to drag files by clicking on them. If I could open two Chrome windows side by side, I could drag from the file listing to the dropzone.

Let me try opening the + button to create a new tab and then navigate to localhost:8080.
[step 17] Action: type: localhost:8080/#s...
[step 17] Reasoning: A new tab has opened. Now let me navigate to localhost:8080 and the "Accepting specific file types" section.
[step 18] Action: left_click (640, 90)
[step 18] Reasoning: I can see the autocomplete suggestion for "react-dropzone - localhost:8080/#section-accepting-specific-file-types". Let me click on it to navigate there.
[step 19] Action: left_click_drag (289, 300)
[step 19] Reasoning: I can now see the React Dropzone "Accepting specific file types" section. I can see:
- The dropzone that says "Drag 'n' drop some files here, or click to select files" and "(Only *.jpeg and *.png images will be accepted)"
- "Accepted files" and "Rejected files" sections below

Now I have two tabs:
1. Tab 1: file:///Users/worker05/bughunt/ - with the .md files
2. Tab 2: localhost:8080/#section-accepting-specific-file-types - with the React Dropzone

I need to drag the README.md file from the first tab to the dropzone in this tab. This requires having both visible at the same time, which means I need to use Chrome's side-by-side tab arrangement.

Let me try to arrange the two Chrome windows side by side by dragging one tab out to create a new window. First, let me drag the file listing tab to make it a separate window.

Actually, let me think about this differently. To drag a file from Chrome's file listing to a dropzone:
1. The file listing tab needs to be open
2. The dropzone tab needs to be open  
3. I need to click and hold on a file in the file listing, then drag to the tab of the other page, then drag down to the dropzone

The problem is that dragging between Chrome tabs is not standard behavior - Chrome doesn't support dragging file links between tabs as if they were actual files.

However, I can try to use Chrome's ability to create two windows side by side. Let me try to drag the file listing tab out into a separate window.

Actually, wait - in Chrome on macOS, I can drag a link from one tab to another by:
1. Clicking and holding on the link in tab 1
2. While holding, clicking the tab 2 tab to switch to it
3. Then dropping

But this is complex behavior and may not work with Chrome's security model for file:// URLs.

Let me think of an alternative. The task says to "drag a .md file" over the dropzone. One way to achieve this within Chrome is to:
1. Arrange two Chrome windows side by side
2. Drag a file from the file listing in one window to the dropzone in another

Let me try to open a new Chrome window (not tab) and put them side by side.

Actually, let me try a simpler approach first. Let me right-click on the file listing tab and see if I can "Move to new window" to get two windows.

Wait, I see there's actually a simpler way to test this. I notice the dropzone in the "Accepting specific file types" section accepts only *.jpeg and *.png images. If I drag a .md file over it, it should show a rejection state.

But I need to find a way to actually drag a .md file to the dropzone. Let me try a different section - maybe the "Basic example" section which accepts any file type. Or maybe I should use the "Custom validation" section.

Actually, the key insight is that I need to drag a .md file from the file system to the browser. The most practical way is to use two Chrome windows side by side.

Let me try to drag the first tab out to create a new window:
[step 20] Action: scroll down (640, 500) scroll_amount 3
[step 20] Reasoning: Excellent! I can see that the tab was dragged down, and now I have two Chrome windows:
1. The top window (partially visible) showing the React Dropzone "Accepting specific file types" section
2. The bottom window showing the file:///Users/worker05/bughunt/ directory listing with .md files

I can see the .md files at the bottom of the file listing (patrol-lessons.md, PENDING.md, etc.). I need to scroll down to see all the .md files and then drag one to the React Dropzone dropzone in the top window.

Let me scroll down in the file listing to see the .md files more clearly:
[step 21] Action: scroll down (640, 620) scroll_amount 3
[step 21] Reasoning: Now I can see both windows at the same time! The React Dropzone "Accepting specific file types" section is visible in the top window, and the file listing is visible in the lower portion of the screen. The dropzone shows "Drag 'n' drop some files here, or click to select files" and I can see the "Accepted files" and "Rejected files" sections.

Now I need to scroll down in the file listing window to see the .md files and drag one of them to the dropzone. Let me scroll down in the file listing to see the .md files.

Let me click on the file listing window first to focus it, and then scroll:
[step 22] Action: left_click (640, 650)
[step 22] Reasoning: Now I can clearly see:
1. The React Dropzone "Accepting specific file types" section with the dropzone at coordinates approximately (740, 505)
2. The file listing at the bottom which shows the bughunt directory

Now I need to scroll down in the file listing window to see the .md files, then drag one to the dropzone. The file listing window is at the bottom of the screen. Let me scroll down in the file listing.

Let me click on the lower window to focus it and scroll down to see the .md files:
[step 23] Action: scroll down (640, 660) scroll_amount 3
[step 23] Reasoning: I can see the file listing window at the bottom. The bottom window shows the beginning of the "/Users/worker05/bughunt/ 的索引" listing. I need to scroll down in that window to see the .md files. But the lower window is very narrow and partially visible.

Let me try a different approach - I'll try to drag the lower window to rearrange both windows side by side. But this might be complex.

Actually, looking at the current layout, I can see the dropzone in the upper portion (at approximately y=490-530) and the file listing is in the lower portion. The file listing shows files but I need to scroll down to see the .md files.

Let me scroll down in the lower file listing window:
[step 24] Action: left_click (640, 650)
[step 24] Reasoning: The scroll didn't scroll the file listing. The scroll seems to be applying to the upper window. The lower window is very narrow and barely visible. I need to get a better view of the file listing window to scroll it.

Let me try to click on the lower window to focus it and then try to scroll. The lower window seems to be positioned at the very bottom of the screen. Let me try clicking directly on the lower window's content area.

Looking at the situation more carefully, I think the approach of using two Chrome windows is not working well because the lower window is too narrow. 

Let me try a different approach. I'll try to use the macOS "Split View" or just drag the lower window (the file listing) to a better position where both windows are visible. Let me try clicking and holding the title bar of the lower window to move it.

Actually, let me try a different approach entirely. Instead of trying to drag the file between two Chrome windows, I can try to use the macOS "window snapping" feature or the macOS Mission Control to arrange windows.

But wait - the task says to stay within the browser. Let me think about what I can do.

One approach that could work:
1. Click on the lower window (file listing) to bring it to full focus
2. Resize it to be more manageable
3. Then use some way to drag

Actually, let me try to click on the lower window title bar and drag it up so that it occupies the top half of the screen, while the React Dropzone window occupies the bottom half.

Or better yet, let me try to use macOS window management. Let me click and drag the lower window's title bar to move it to the left side of the screen.
[step 25] Action: Minimize panel
[step 25] Reasoning: The lower window is still at the bottom edge of the screen. I need to drag its title bar to move it. The title bar of the lower window appears to be at around y=650. Let me try to drag it to a better position.

Let me try to click and drag the title bar of the lower window (at approximately y=650-660) to move it up. But first, let me minimize the task status panel to get more space.
[step 26] Action: left_click_drag (640, 400)
[step 26] Reasoning: Good, the panel has been minimized and I can now see more of the screen. The lower window (file listing) is still at the very bottom of the screen. I can see the React Dropzone "Accepting specific file types" section clearly with the dropzone at approximately y=490. 

The file listing window is showing at the bottom (y=640-660). Let me try to drag the lower window's title bar to move it to a visible position. The title bar of the lower window appears to be at approximately y=650.

Let me try to drag the lower window from its title bar:
[step 27] Action: left_click_drag (640, 600)
[step 27] Reasoning: Now I can see both windows more clearly. The file listing window is now in the center/lower portion of the screen, showing the /Users/worker05/bughunt/ directory. I can see the folders but need to scroll down to see the .md files.

The issue is that the dropzone is now hidden behind the file listing window. I need to:
1. Scroll down in the file listing to see the .md files
2. Then drag one of them to the dropzone in the top window

But the upper window's dropzone is not visible because the file listing is covering it. I can see "Accepted files" and "Rejected files" sections, but the dropzone is above the file listing window.

Let me try a different arrangement. Let me drag the file listing window down more to see both the dropzone and the files. Or I need to find a way to make the React Dropzone dropzone visible above the file listing.

The dropzone should be at approximately y=490 in the top window. The file listing window's title bar is at y=399. So the file listing is covering the area where the dropzone is.

Let me try to scroll up in the top window to bring the dropzone higher, or let me resize the file listing window to be smaller.

Actually, I notice that the dropzone is in the upper window at approximately y=490. The file listing starts at y=399. So the file listing is overlapping with the dropzone area.

I need to arrange the windows better. Let me try to drag the file listing window to the bottom of the screen (below y=500):
[step 28] Action: scroll down (640, 665) scroll_amount 3
[step 28] Reasoning: Excellent! Now I can see the React Dropzone "Accepting specific file types" section clearly with the dropzone visible at approximately y=490-530. The file listing window is now partially visible at the bottom (y=590-670). 

Now I need to:
1. Scroll down in the file listing to see the .md files
2. Click and drag one of the .md file links from the file listing to the dropzone

Let me first scroll down in the file listing window to see the .md files. The file listing window's content area starts around y=660. Let me click on it first to focus and scroll.

But I need to be careful - I need to scroll in the lower window, not the upper one. Let me try scrolling at the bottom of the screen where the file listing should be:
[step 29] Action: left_click (480, 663)
[step 29] Reasoning: I can see the React Dropzone page with the dropzone at y=490-530 and the file listing at the very bottom (just the tab bar visible at y=663). The file listing window has been pushed off the screen.

The problem is that I cannot effectively drag the file listing window to a position where both are visible and I can drag files from it.

Let me try a completely different approach. Instead of trying to use two windows, let me use the "Basic example" dropzone on the React Dropzone page and use the file selection dialog to choose a .md file. But the task specifies dragging, not clicking.

Wait - actually, let me reconsider the situation. The file listing window is at the very bottom. Let me try to bring up the file listing window (the one showing the bughunt directory) by clicking on it in the macOS window manager.

Actually, I realize I should try a fundamentally different approach. Let me:
1. Bring the file listing window to the front (fullscreen or normal size)
2. Navigate to the parent bughunt directory in the file listing
3. Try to drag a .md file link from the file listing, hover over the tab of the React Dropzone, and then drop it on the dropzone

To drag between tabs in Chrome, the typical approach is to:
1. Click and hold on the file/link in tab A
2. While holding, move cursor to tab B's tab (at the top)
3. The tab B should come to focus
4. Continue dragging to the destination element
5. Release

Let me first click on the file listing window title bar to bring it up, then try to scroll within it to see the .md files.

Let me click on the file listing tab at the bottom of the screen:
[step 30] Action: mouse_move (237, 653)
[step 30] Reasoning: I can see the file listing window is now a small window at the bottom of the screen with just the tab bar visible at y=650-666. The file content shows at the very bottom of the screen (y=715+, partially cut off). The title bar shows "/Users/worker05/bughunt/ 的..." and has the traffic light buttons (red, yellow, green) at x=205-237, y=652-665.

This approach of using two Chrome windows is very cumbersome. Let me try a totally different, more practical approach.

Instead of trying to drag between two Chrome windows, let me try to use the macOS "Spaces" or the macOS Mission Control to arrange the windows side by side. Actually, I can try to use the green full-screen button to "Split View" both windows.

But before that, let me try the most direct approach:
1. Click on the green button of the file listing window to try tiling
2. Then select the React Dropzone window in the other half

Actually, let me try clicking on the green button of the file listing window (the small window at the bottom) to invoke Split View. The green button should be the rightmost of the three traffic light buttons (at approximately x=237, y=658):
[step 31] Action: left_click (275, 545)
[step 31] Reasoning: Excellent! I can see the macOS window management popup appeared when I hovered over the green button of the file listing window. I can see options for:
- 移动与调整大小 (Move & Resize)
- 填充与排列 (Fill & Arrange) 
- 全屏幕 (Full Screen)

I can see layout options. I want to arrange the windows side by side. Let me look at the "填充与排列" section which has icons for different arrangements. I can see some icons that look like window arrangements. Let me click on the "left half" option which would put the file listing on the left side.

Looking at the icons in "移动与调整大小" row, I can see 4 icons. Let me try the third one (which looks like it might snap to left half):

Actually, I see a better option - in the "填充与排列" row at the top, I should click on the appropriate tile option. The icons at y=544-566 appear to be for window arrangement. Let me click on the option that puts this window on the right half of the screen:
[step 32] Action: left_click_drag (450, 505)
[step 32] Reasoning: Excellent! Now I can see both windows side by side! On the right side, I can see the file listing for /Users/worker05/bughunt/ showing all the .md files:
- patrol-lessons.md (4.8 kB)
- patrol-plan.md (4.4 kB)
- PENDING.md (945 B)
- POC-REPORT.md (8.0 kB)
- README.md (38.3 kB)
- SUMMARY.md (5.2 kB)

And on the left side (the React Dropzone page), I can see:
- The "Accepting specific file types" section
- The dropzone at approximately y=490-530 that says "Drag 'n' drop some files here, or click to select files" and "(Only *.jpe..." (*.jpeg and *.png images will be accepted)

Now I need to drag one of the .md files from the right side to the dropzone in the left side. The dropzone in the left window is at approximately x=450, y=490-530. The .md files are on the right side at approximately x=706, y=412-492.

Let me try to drag the README.md file (the largest, most visible one at approximately x=706, y=476) to the dropzone in the left window (at approximately x=450, y=505).

Let me perform the drag operation:
[step 33] Action: scroll down (640, 400) scroll_amount 3
[step 33] Reasoning: Wait! Something interesting happened. I can now see the React Dropzone page is in full focus (the right file listing window seems to have been maximized or brought to front). In the dropzone area, I can see a "README.md" file icon with its name shown at approximately x=410, y=508. It appears that a file link was dragged into the dropzone!

But wait - this seems odd. The dropzone is showing "Drag 'n' drop some files here, or click to select files" and "(Only *.jpeg and *.png images will be accepted)" still visible, and the README.md icon is now visible inside the dropzone area.

Actually, looking more carefully, this seems to be a file link that was dragged into the dropzone from the file listing. The file icon is showing "README.md" with a file icon. But this is actually a browser link, not an actual file drag operation.

Let me check if this actually triggered the drag event in the dropzone. I need to see if the dropzone shows any acceptance or rejection state. Looking at the screenshot:
- The dropzone shows normal text "Drag 'n' drop some files here, or click to select files"
- "(Only *.jpeg and *.png images will be accepted)" - still visible
- The README.md file icon is showing inside the dropzone area

Wait - it seems the drag operation was completed (the left_click_drag ended at the destination). But I need to see the hover state DURING the drag, not after it. 

Actually, I notice that the screenshot was taken AFTER the drag was released. The file link was dropped into the dropzone, but since it's a hyperlink (not an actual file), it might have just loaded the file in the browser or done nothing meaningful for the dropzone.

Let me try this approach differently. I need to:
1. Perform a drag from the file listing to the dropzone
2. During the drag (while hovering), take a screenshot to see the hover state

The problem is that the current `left_click_drag` action releases the mouse at the end. I need to use `left_mouse_down` + `mouse_move` + screenshot + `left_mouse_up` to capture the hover state.

But first, let me check if the file was actually accepted or rejected. Let me scroll down to see the "Accepted files" and "Rejected files" sections.

Actually, looking at the current screenshot again more carefully - I can see the "README.md" file icon is displayed inside the dropzone box. This suggests that when I dragged the file, the dropzone might have processed it as a file drop. The dropzone appears to still show its normal state text, which means the file may have been just a link drag (not a real file drag).

Wait - I need to reconsider. In Chrome's file:// directory listing, when you try to drag a file link, you're dragging a text URL/link, not the actual file. The dropzone might not recognize this as a file drag event - it would see it as a text/HTML drag event instead.

Let me try to take a different approach. The actual goal here is to observe the **hover state** when a .md file is dragged OVER the dropzone. The key question is: what visual changes happen to the dropzone when a .md file is dragged over it?

To observe this, I need to:
1. Keep holding the mouse button while hovering over the dropzone
2. Take a screenshot to capture the hover state

The `left_click_drag` action doesn't allow me to pause mid-drag. I need to use `left_mouse_down` and then `mouse_move` to position over the dropzone, then take a screenshot.

But the fundamental issue is: dragging a file link from Chrome's file:// listing to a dropzone is not the same as dragging an actual file. The dropzone receives different data.

Let me try a different approach. Let me:
1. Open the file listing window
2. Find the .md file 
3. Use the macOS approach where the drag starts in the file listing and ends in the dropzone

Actually, looking at the current situation - the drag happened and resulted in the README.md file icon appearing in the dropzone area. This is interesting. Let me check if the dropzone actually processed this drag.

Let me scroll down to see the Accepted/Rejected files sections:
[step 34] Action: left_click (357, 10)
[step 34] Reasoning: I can now see the full React Dropzone "Accepting specific file types" section clearly. I can observe:

1. **The dropzone** still shows "Drag 'n' drop some files here, or click to select files" and "(Only *.jpeg and *.png images will be accepted)" - no state change from the drag
2. Inside the dropzone area, there's a "README.md" file link visible (it appears as a link, not processed as a file) - this was the link that was dragged from the file listing
3. **Accepted files**: Empty - no files were accepted
4. **Rejected files**: Empty - no files were rejected

The drag operation from the file:// listing resulted in the README.md hyperlink being dropped into the dropzone as a text/link drag, NOT as a file drag. The dropzone did not process it as a file drag event, and neither the accept nor reject state was triggered.

This means I need to try a different approach to actually drag a real .md FILE to the dropzone. 

The previous drag operation just dropped a hyperlink into the dropzone - not the actual file. This is expected behavior because Chrome's file:// directory listing doesn't support file dragging in the same way as the OS file manager.

Now I need to think about how to actually drag a .md file to the dropzone without using Finder or Terminal.

Wait - looking at the screenshot again more carefully. The "README.md" text with a file icon is visible INSIDE the dropzone box (at approximately x=600, y=402). This is actually the result of the drag - a hyperlink was dragged into the dropzone. The dropzone may have received this as a drag event (dragenter), but since it's a URL/link, not a File, the dropzone might not show any hover state.

Let me try a different approach. I should:
1. Use the file:// listing 
2. Try to do a hover-only drag (not release) to observe the state

Actually, let me think about this from a testing perspective. The task is to observe the hover state when a .md file is dragged over the dropzone. The key question is:
- Does the dropzone change color or style when a .md file is dragged over it?
- Does it show green (accept) or red (reject) states?

The "Accepting specific file types" section is configured to only accept *.jpeg and *.png files. So a .md file should trigger a "reject" visual state when hovered.

Let me now try to properly perform the drag with intermediate hover observation. I'll use `left_mouse_down`, `mouse_move`, then take a screenshot during the hover, and then `left_mouse_up`.

But first, I need to:
1. Get the file listing window back
2. Find a .md file link to click and hold
3. Move it over the dropzone and take a screenshot

Let me first bring the file listing window back. Let me click on the macOS taskbar to see if there's a Chrome window there, or use the window menu.

Actually, let me try a simpler approach first. Let me try to use the HTML5 drag functionality with the existing two windows. I know the file listing is at the bottom - let me try to use the window from the bottom.

Let me click on the Window menu to see all open windows:
[step 35] Action: left_click (419, 284)
[step 35] Reasoning: I can see the Window menu is open and it shows:
- "/Users/worker05/bughunt/ 的索引" - the file listing window
- "react-dropzone" - the current window

I also see that the dropzone now shows the correct normal state: "Drag 'n' drop some files here, or click to select files" and "(Only *.jpeg and *.png images will be accepted)" with empty "Accepted files" and "Rejected files" sections.

I can also see the "前置全部窗口" (Bring All to Front) option. Let me click on "/Users/worker05/bughunt/ 的索引" to bring that window to the front:
[step 36] Action: left_mouse_down
[step 36] Reasoning: Both windows are now visible side by side:
- **Left side**: React Dropzone "Accepting specific file types" section with the dropzone at approximately x=450, y=390-430
- **Right side**: File listing /Users/worker05/bughunt/ with .md files visible (patrol-lessons.md, patrol-plan.md, PENDING.md, POC-REPORT.md, README.md, SUMMARY.md)

Now I need to perform a drag operation where I hold the mouse button down over a .md file, move it over the dropzone, and take a screenshot to observe the hover state.

The key files I can drag:
- README.md at approximately x=693, y=476
- SUMMARY.md at approximately x=697, y=492

The dropzone in the left window is at approximately x=450, y=395-425 (the area showing "Drag 'n' drop some files here").

Now let me try to perform the actual drag. I'll use `left_mouse_down` on a .md file, then `mouse_move` to the dropzone, take a screenshot, then `left_mouse_up`.

Let me use PENDING.md (smaller file) at approximately x=694, y=444 as the drag source, and target the dropzone at approximately x=450, y=405:
[step 37] Action: left_click_drag (450, 405)
[step 37] Reasoning: The `left_mouse_down` action is not available. I can only use `left_click_drag`. The issue is that I need to pause mid-drag to take a screenshot.

Let me try a different approach. I'll use the `left_click_drag` action to drag from the .md file to the dropzone, but I'll do it slowly by providing the destination as the dropzone center. The drag operation itself should trigger the hover events, and after the drag completes, the dropzone should show the result (accepted or rejected files).

The key question is: what is the state of the dropzone AFTER the drag (when the file is released)?

Let me try to drag PENDING.md from the file listing to the dropzone:
[step 38] Action: left_click (357, 10)
[step 38] Reasoning: I can see the React Dropzone "Accepting specific file types" section now shows:
1. Inside the dropzone area: "PENDING.md" appears as a link at approximately x=418, y=401
2. The dropzone text: "Drag 'n' drop some files here, or click to select files" and "(Only *.jpeg and *.png images will be accepted)"
3. **Accepted files**: Empty
4. **Rejected files**: Empty

The drag operation resulted in the file hyperlink being placed inside the dropzone box visually, but the dropzone did NOT process it as a file drop event. The "Accepted files" and "Rejected files" sections are both empty, which means the dropzone did not receive a proper file drag event from the file:// listing.

This is expected because when you drag a file link from Chrome's file:// directory listing, you're dragging a hyperlink (text/plain or text/uri-list), not an actual File object. The React Dropzone component requires a FileList object to be dragged onto it.

The current approach of dragging from Chrome's file:// listing to the dropzone doesn't work because:
1. Chrome's file:// listing provides hyperlinks, not actual files, when you drag
2. The dropzone component requires actual File objects to trigger its accept/reject logic

I need to find a way to drag an actual file. The only way to do this within a browser (without Finder or Terminal) is limited.

Wait, let me reconsider. Looking at the `left_click_drag` action - it starts a drag from a coordinate and ends at another. When I drag from the file:// directory listing, I'm dragging what Chrome considers as a file link. The question is: does Chrome send any File objects in the drag event when you drag from a file:// listing?

Actually, in Chrome, when you drag a file from a file:// listing to another page, it might actually send the file as a File object if the drag targets allow it. Let me check if there's a way to properly initiate this.

Actually, I realize that my earlier drag test showed that PENDING.md appeared as a link INSIDE the dropzone, but the Accepted/Rejected sections were empty. This behavior is inconsistent with what a proper file drag would show.

The issue is that when dragging from a file:// URL page, Chrome doesn't expose the actual file data as a File object - it only exposes the URL/link. The dropzone component checks if the dragged data has `kind === 'file'` in the DataTransfer items, and a URL drag doesn't satisfy that.

Let me try a completely different and more practical approach. Let me try to:
1. Navigate to the React Dropzone page in the left window
2. Click the dropzone to open the file picker
3. Navigate to the bughunt directory and select a .md file
4. Observe the result

But the task specifically says to DRAG a .md file, not click to select. The hover observation during drag is the key requirement.

Let me try yet another approach. I notice that the previous drag from file:// to the dropzone DID cause some visual change (the link appeared in the dropzone area), which suggests that the drag event DID trigger in the dropzone. But the file wasn't processed because it was a URL, not a File.

Let me now try to think about what the correct TESTING approach should be for this task. The task is:
- Drag a .md file to the dropzone
- Observe the hover state (accept/reject visual feedback)

The "Accepting specific file types" section specifically only accepts *.jpeg and *.png. A .md file should be rejected.

The key observation I need to make is:
1. When a .md file is dragged over this dropzone, does it show a "reject" visual state (red border or similar)?
2. Or does it just show the normal "hover" state (dashed border with blue color)?

Since I can't perform a mid-drag screenshot with the available tools, let me think of another way.

Actually, wait - I just realized I should check if there's a way to simulate the drag using the browser's built-in drag API. Let me check the source code of the React Dropzone demo to understand the expected behavior.

Looking at the code in the current screenshot:
```javascript
useDropzone({
  accept: {
    'image/png': ['.png'],
    'text/html': ['.html', '.htm'],
  }
})
```

Wait! The code shown in the "Accepting specific file types" section says `'image/png': ['.png']` and `'text/html': ['.html', '.htm']` - NOT *.jpeg and *.png as stated in the UI!

This is a **discrepancy** between the code and the UI text:
- The UI says "(Only *.jpeg and *.png images will be accepted)"
- But the code shows `accept: { 'image/png': ['.png'], 'text/html': ['.html', '.htm'] }`

The code accepts PNG images AND HTML files, but the description says "Only *.jpeg and *.png images will be accepted". This is a **visual/content bug** in the application!

This means .md (Markdown) files would be rejected by this dropzone because:
- .md has MIME type `text/markdown` which is NOT in the accept list
- .md extension is NOT in the accept list

Let me now try to use the browser's drag API to properly observe the hover state. Let me try a different section - the "Basic example" which accepts any file type.

But first, let me try to properly drag from the file listing window again, this time carefully watching the result.

Actually, let me try a fundamentally different approach. Let me try to use `left_click_drag` with the files in the file listing visible alongside the dropzone, and try to observe what happens. Let me bring the two windows side by side again.

Actually, thinking about this more carefully - I realize that my attempts to drag file links from the file:// listing to the dropzone are NOT simulating an actual file drag. The dropzone is not receiving a File object.

Let me try to think of ways to actually drag a file within the browser:
1. Is there any web-based file manager on localhost:8080 that might expose actual files for dragging? - Unlikely
2. Can I create a new HTML page in the browser with a file drag capability? - Would require DevTools

Since I cannot use Terminal or Finder, and dragging from a file:// listing doesn't work properly (it drags URL links, not files), I'm limited in my ability to perform an actual file drag to the dropzone.

However, I should still note the observations so far and see if there's any indication in the dropzone about the hover state.

Let me try one more thing - let me try to drag from the file listing and do a slow drag to see if there's any hover visual state. But since the tool's drag action happens instantaneously, I can't capture the mid-drag state.

Let me think about what I CAN observe:
1. The dropzone's normal state ✓ (observed)
2. The dropzone's state after dropping a .md file - was it accepted or rejected?
3. The dropzone's hover state during a .md file drag - cannot observe with the available tools

Since the drag from file:// resulted in a URL/link drop (not a file drop), the dropzone didn't process it at all. The Accepted/Rejected files sections remained empty.

Let me try a completely different approach to observe the hover state. I can try to:
1. Navigate to the file listing window
2. Try to start dragging a .md file 
3. While dragging, keep the mouse button held and slowly move to the dropzone

This would require using the macOS drag-and-drop mechanism which actually sends File objects. The issue is that Chrome's file:// listing might or might not expose files properly.

Actually, let me reconsider. Looking at the previous attempts:
- When I dragged from file:// listing to the dropzone, the file link appeared visually inside the dropzone (PENDING.md, README.md showed up as links in the dropzone area)
- But the Accepted/Rejected files were empty

The visual appearance of the file links INSIDE the dropzone box is actually a rendering artifact of Chrome dragging a hyperlink - Chrome shows a "ghost image" of the link, and when dropped, it appears to "land" inside the dropzone visually (like a link being pasted).

This is NOT the dropzone processing the file - it's just the HTML drop behavior where a text/html or text/uri-list drag is being received by the div element that holds the dropzone.

Now, given the limitations I'm facing, let me take a different approach entirely.

Let me bring the file listing window next to the dropzone and try to perform the drag while checking if Chrome natively supports file dragging from file:// listings to web pages. Let me try with SUMMARY.md which I haven't tried yet.

First, let me bring back the split-window view:
[step 39] Action: left_click (419, 284)
[step 39] Reasoning: I can see the Window menu is open with the two windows listed. I can also see the dropzone clearly in the left window. Let me click on the file listing window to bring it to the front:
[step 40] Action: left_click (91, 380)
[step 40] Reasoning: I can see both windows side by side again. The file listing is on the right with the .md files visible. The React Dropzone "Accepting specific file types" section is on the left with the dropzone at approximately x=450, y=390.

Now let me try to perform a slower drag, using a different approach. Let me try to drag the SUMMARY.md file (at approximately x=697, y=492) to the dropzone (at approximately x=450, y=395).

The key issue is that I need to observe the HOVER state during the drag. Since `left_click_drag` is instantaneous (no mid-drag screenshot possible), I need to use a slower approach.

Actually, I think the best approach at this point is to:
1. Try the drag and observe what happens after the drop
2. Also try to look at the "Styling Dropzone" section which might show more visual states

But actually, let me revisit the goal. The task says to "drag and hover" (.md file) over the dropzone and observe the state changes - specifically:
- Whether the file type is correctly identified
- Whether the hover style is triggered
- Whether accept/reject feedback is shown

Let me now look at the "Styling Dropzone" section to understand what visual states the dropzone can show. Let me click on "Styling Dropzone" in the left navigation:
[step 41] Action: left_click (91, 380)
[step 41] Reasoning: The page seems to have scrolled to show the "Accepting specific file types" section in full. The dropzone is now clearly visible showing:
- "Drag 'n' drop some files here, or click to select files"
- "(Only *.jpeg and *.png images will be accepted)"
- Accepted files: empty
- Rejected files: empty

Now let me try to navigate to the "Styling Dropzone" section to better understand the visual states. Let me click on "Styling Dropzone" in the left sidebar:
[step 42] Action: scroll down (640, 400) scroll_amount 3
[step 42] Reasoning: Excellent! I'm now on the "Styling Dropzone" section. I can see the dropzone with "Using inline styles" header. The code shows the styling approach with:
- `borderColor: '#eeeeee'`
- `borderStyle: 'dashed'`
- `backgroundColor: '#fafafa'`
- `transition: 'border .24s ease-in-out'`

This section shows a styled dropzone. Let me scroll down to see more of the code and see how the hover/accept/reject states are styled:
[step 43] Action: scroll down (640, 400) scroll_amount 3
[step 43] Reasoning: I can see the code for the "Styling Dropzone" section. I can see:
- `baseStyle`: normal state with `borderColor: '#eeeeee'`
- `focusedStyle`: `borderColor: '#2196f3'` (blue border when focused)
- The code is cut off, but there should be `acceptStyle` and `rejectStyle` too

Let me scroll down to see the acceptStyle and rejectStyle:

==================================================
Task: 当前Chrome浏览器已打开React Dropzone网站，地址是http://localhost:8080。在 Chrome 浏览器中，将一个 .md（Markdown）文件拖拽悬停到 react-dropzone 放置区域上方，观察放置区域的状态变化（例如是否正确识别文件类型、是否触发悬停样式和接受/拒绝反馈）。请始终在浏览器内操作，禁止打开 Terminal、Finder 或其他应用程序。如果在浏览器中找不到目标功能，直接标记 result 为 unclear，result_summary 写明未在页面中找到目标功能入口。
Status: STOPPED_BY_USER
Total steps: 43
Last action: scroll down (640, 400) scroll_amount 3
Last reasoning: I can see the code for the "Styling Dropzone" section. I can see:
- `baseStyle`: normal state with `borderColor: '#eeeeee'`
- `focusedStyle`: `borderColor: '#2196f3'` (blue border when focused)
- The code is cut off, but there should be `acceptStyle` and `rejectStyle` too

Let me scroll down to see the acceptStyle and rejectStyle:

==================================================

UI window closed
