Session created: sess-20260418124148-d4fa3f67e6ff4d8ba604de6fed71cc94
UI panel initialized successfully
UI window displayed
Expected result: 点击 Dropdown Toggle 按钮时，下拉菜单应平稳地切换开关状态：点击一次打开，再点击一次关闭，不应出现菜单闪烁（先关闭又立即重新打开）的现象。每次点击 Toggle 按钮都应正确响应，状态切换流畅。
[step 0] Action: Initializing
[step 0] Reasoning: Initializing session connection
[step 0] Action: screenshot
[step 1] Action: Minimize panel
[step 1] Reasoning: I can see the Dropdowns documentation page is already open. I need to find the AutoClose section which likely contains the `rootCloseEvent` examples, or find a live editor where I can add `rootCloseEvent="mousedown"`. Let me first scroll down to find the examples and Live Editor.
[step 2] Action: scroll down (660, 400) scroll_amount 5
[step 2] Reasoning: Good, the panel is minimized. I can see the Dropdowns page with various sections in the right sidebar. I need to scroll down to find the "Examples" section and the Live Editor. Let me scroll down to find the first example with a Live Editor.
[step 3] Action: scroll down (660, 400) scroll_amount 10
[step 3] Reasoning: I can see the Overview and Accessibility sections. Let me scroll down more to find the Examples section with a Live Editor.
[step 4] Action: scroll down (660, 400) scroll_amount 5
[step 4] Reasoning: I can see the "Examples" section with "Single button dropdowns". Let me scroll down more to find the Live Editor for the first example.
[step 5] Action: scroll down (660, 400) scroll_amount 3
[step 5] Reasoning: I can see the "Single button dropdowns" section with a RESULT showing a "Dropdown Button" and below it a "LIVE EDITOR" section. Let me scroll down a bit more to see the Live Editor.
[step 6] Action: scroll down (660, 400) scroll_amount 3
[step 6] Reasoning: I can see the LIVE EDITOR section with the code. I need to scroll down more to see the full code and find where to add `rootCloseEvent="mousedown"`.
[step 7] Action: left_click (449, 594)
[step 7] Reasoning: I can see the Live Editor with the code. I can see the `<Dropdown>` component and `<Dropdown.Toggle>`. I need to add `rootCloseEvent="mousedown"` to the `<Dropdown>` component. Let me click on the Live Editor code to edit it. I need to click on the `<Dropdown>` line to position my cursor there.

Let me click on the `<Dropdown>` text in the editor to place the cursor there.
[step 8] Action: key: End
[step 8] Reasoning: I can see the cursor is now placed in the Live Editor after `<Dropdown>`. I can see it says "Press esc to disable tab trapping". The cursor appears to be at the end of `<Dropdown>`. I need to position the cursor right before the `>` at the end of `<Dropdown>` to add the `rootCloseEvent="mousedown"` attribute. 

Looking at the code, I can see `<Dropdown>` on line with the cursor at position after the `>`. I need to click right before the `>` of `<Dropdown>`. Let me click at the exact position right before the closing `>`.

The cursor appears to be right after `<Dropdown>` (with the `>` already there). I need to position it before the `>`. Let me use the End key to go to end of line, then use the left arrow to go before the `>`, and type the attribute.

Actually, looking at the screenshot more carefully, the cursor seems to be at position after `<Dropdown>` - I need to place it right before the `>`. Let me use keyboard navigation.
[step 9] Action: scroll up (660, 400) scroll_amount 20
[step 9] Reasoning: It seems pressing End scrolled to the bottom of the page. The "End" key navigated to the bottom of the page rather than the end of the current line in the editor. Let me scroll back up to find the Live Editor and interact with it properly.
[step 10] Action: scroll up (660, 400) scroll_amount 30
[step 10] Reasoning: I see I went too far. I scrolled up but I'm in the API section. Let me scroll up more to reach the Examples section with the Live Editor.
[step 11] Action: left_click (1153, 260)
[step 11] Reasoning: I'm still in the API section. Let me use the "Single button dropdowns" link from the right sidebar to navigate directly to that section.
[step 12] Action: left_click (449, 564)
[step 12] Reasoning: Now I can see the "Single button dropdowns" section with the LIVE EDITOR. I can see the code with `<Dropdown>` on line 5. I need to click inside the Live Editor to add `rootCloseEvent="mousedown"` to the `<Dropdown>` element. 

I need to click on the `<Dropdown>` text (specifically after the `<Dropdown` part and before `>`) to position my cursor there. Let me click right before the `>` after `<Dropdown>` - which appears to be around coordinate (449, 564).
[step 13] Action: key: Left
[step 13] Reasoning: I can see the cursor is now active in the Live Editor (showing "Press esc to disable tab trapping"). The cursor appears to be at the end of `<Dropdown>` line. I need to position the cursor just before the `>` of `<Dropdown>`. 

Looking at the code, `<Dropdown>` is on line 5 (the one I can see). I need to navigate to right before the `>`. Let me press the left arrow key once to go before the `>`, then type the attribute.

Actually, looking more carefully at the cursor position in the screenshot, the cursor seems to be at position after the `>` in `<Dropdown>`. Let me use the left arrow key to move back before the `>`.
[step 14] Action: type:  rootCloseEvent="...
[step 14] Reasoning: Now I can see the cursor appears to be positioned before the `>` in `<Dropdown>`. The cursor is now between `<Dropdown` and `>`. Now I need to type a space and then `rootCloseEvent="mousedown"`.
[step 15] Action: left_click (410, 373)
[step 15] Reasoning: Excellent! I can see the code has been updated to `<Dropdown rootCloseEvent="mousedown">`. The Live Editor now shows this attribute. The RESULT section still shows the "Dropdown Button" but the code has been modified. I need to wait a moment for the live editor to re-render the component, and then I can test the toggle behavior.

Let me check if the RESULT section has been updated by looking at the preview area. The "Dropdown Button" button is visible in the RESULT section. Let me now click on the "Dropdown Button" to test opening the dropdown.

First, let me click outside the editor to deselect it and then click on the "Dropdown Button" in the RESULT section.
[step 16] Action: left_click (410, 373)
[step 16] Reasoning: The dropdown has opened successfully! I can see the dropdown menu with items "Action", "Another action", and "Something else". The code in the Live Editor also shows `<Dropdown rootCloseEvent="mousedown">` which is the correct modification.

**Step 3 observation**: The dropdown opened successfully and shows the menu items: "Action", "Another action", "Something else". ✅

Now I need to test **Step 4**: Click the "Dropdown Button" toggle again to close the dropdown and observe if it closes cleanly without flickering or re-opening.
[step 17] Action: left_click (410, 373)
[step 17] Reasoning: **Step 4 observation**: The dropdown closed cleanly when I clicked the toggle button again. The menu disappeared and the button returned to its original closed state. No flickering or re-opening was observed. ✅

Now let me test **Step 5**: Repeat multiple clicks to confirm the toggle behavior works correctly each time.

**Click 3 - Open again**:
[step 18] Action: left_click (410, 373)
[step 18] Reasoning: The dropdown opened again correctly showing "Action", "Another action", and "Something else". ✅

**Click 4 - Close again**:
[step 19] Action: left_click (410, 373)
[step 19] Reasoning: The dropdown closed cleanly again. ✅

**Click 5 - Open one more time**:
[step 20] Action: left_click (410, 373)
[step 20] Reasoning: The dropdown opened again correctly on the 5th click. ✅

**Click 6 - Final close**:
[step 21] Action: DONE
[step 21] Reasoning: The dropdown closed cleanly again on the 6th click. ✅

## Test Results Summary

All test steps have been successfully completed:

1. ✅ **Opened the Dropdown component documentation page** (`/docs/components/dropdowns`)

2. ✅ **Modified the Live Editor code** - Added `rootCloseEvent="mousedown"` to the `<Dropdown>` component in the LIVE EDITOR. The code now shows `<Dropdown rootCloseEvent="mousedown">`.

3. ✅ **Clicked Dropdown Toggle to open** - The dropdown opened correctly showing menu items: "Action", "Another action", "Something else".

4. ✅ **Clicked Dropdown Toggle again to close** - The dropdown closed cleanly without flickering or re-opening.

5. ✅ **Repeated multiple toggle clicks** - Tested 3 additional open/close cycles (total 6 clicks). Each time:
   - Click to open: The dropdown correctly expanded and showed all menu items
   - Click to close: The dropdown correctly closed cleanly without any flickering or re-opening behavior

**Conclusion**: The Dropdown component with `rootCloseEvent="mousedown"` works correctly. The Toggle button properly toggles the dropdown open/closed state on each click. When `mousedown` is the rootCloseEvent, clicking the toggle button correctly: (1) fires the mousedown event to close the dropdown (if open), and (2) the click event re-opens or closes it — but importantly, the toggle behavior is clean and works as expected with no flickering or double-open/close behavior observed.
Evaluating task result...

==================================================
Task: 当前Chrome浏览器已打开react-bootstrap文档站点，地址是http://localhost:3000。测试 Dropdown 组件在使用 rootCloseEvent="mousedown" 时，通过 Toggle 按钮切换下拉菜单的功能。具体步骤：1. 打开Dropdown组件文档页面（/docs/components/dropdowns）；2. 找到页面上的Dropdown示例，由于需要测试rootCloseEvent为mousedown的场景，可以在LIVE EDITOR中修改Dropdown代码，添加rootCloseEvent="mousedown"属性；3. 点击 Dropdown Toggle 按钮打开下拉菜单，确认菜单正常展开显示菜单项；4. 再次点击同一个 Dropdown Toggle 按钮，观察下拉菜单是否干净利落地关闭，不出现闪烁或重新打开的现象；5. 重复多次点击 Toggle 按钮，确认每次点击都能正确切换下拉菜单的显示/隐藏状态。请始终在浏览器内操作，禁止打开 Terminal、Finder 或其他应用程序。如果在浏览器中找不到目标功能，直接标记 result 为 unclear，result_summary 写明'未在页面中找到目标功能入口'。
Status: COMPLETED
Total steps: 21
Last action: DONE
Last reasoning: The dropdown closed cleanly again on the 6th click. ✅

## Test Results Summary

All test steps have been successfully completed:

1. ✅ **Opened the Dropdown component documentation page** (`/docs/components/dropdowns`)

2. ✅ **Modified the Live Editor code** - Added `rootCloseEvent="mousedown"` to the `<Dropdown>` component in the LIVE EDITOR. The code now shows `<Dropdown rootCloseEvent="mousedown">`.

3. ✅ **Clicked Dropdown Toggle to open** - The dropdown opened correctly showing menu items: "Action", "Another action", "Something else".

4. ✅ **Clicked Dropdown Toggle again to close** - The dropdown closed cleanly without flickering or re-opening.

5. ✅ **Repeated multiple toggle clicks** - Tested 3 additional open/close cycles (total 6 clicks). Each time:
   - Click to open: The dropdown correctly expanded and showed all menu items
   - Click to close: The dropdown correctly closed cleanly without any flickering or re-opening behavior

**Conclusion**: The Dropdown component with `rootCloseEvent="mousedown"` works correctly. The Toggle button properly toggles the dropdown open/closed state on each click. When `mousedown` is the rootCloseEvent, clicking the toggle button correctly: (1) fires the mousedown event to close the dropdown (if open), and (2) the click event re-opens or closes it — but importantly, the toggle behavior is clean and works as expected with no flickering or double-open/close behavior observed.

==================================================

UI window closed
