Session created: sess-20260417161745-92a5b976606b4ed69d7f26e8e8901f7f
UI panel initialized successfully
UI window displayed
Expected result: None
[step 0] Action: Initializing
[step 0] Reasoning: Initializing session connection
[step 0] Action: screenshot
[step 1] Action: key: Escape
[step 1] Reasoning: I can see the Storybook editor with a "Default" story selected. I can see there's an editor with "Welcome" heading. Let me first close the Google Translate popup and then navigate to the editor area to start testing.
[step 2] Action: left_click (700, 300)
[step 2] Reasoning: Good, the popup is closed. I can see the editor with "Welcome" heading and a description. I need to click on the editor area to get focus, then navigate to a blank area to start typing. Let me click on the editor area below the existing content to position my cursor there.
[step 3] Action: left_click (362, 184)
[step 3] Reasoning: I can see the editor with the "Welcome" heading. The click didn't seem to focus the editor. Let me try clicking on the text area more precisely - I'll click on the paragraph text below the heading to get focus.
[step 4] Action: left_click (519, 184)
[step 4] Reasoning: I can see the cursor is now in the editor (the "n" in "Markdown" has a cursor visible). The editor appears to be an iframe-based Storybook editor. Let me try to navigate to the end of the text and then start a new line to type the triple backticks for the code block. Let me click at the end of the paragraph text to position the cursor there.
[step 5] Action: key: End
[step 5] Reasoning: I can see the cursor is now positioned at the end of the "slash commands" text in the editor. Now I need to:
1. Press End key to ensure I'm at the end of that line
2. Press Enter to create a new line
3. Type triple backticks (```) and press Enter to create a code block

Let me proceed with these steps:
[step 6] Action: left_click (519, 184)
[step 6] Reasoning: The editor seems to have lost focus. I can see the editor is embedded in an iframe. Let me try clicking directly on the text in the editor to get focus and then proceed with the task.
[step 7] Action: key: Return
[step 7] Reasoning: I can see the cursor is now at the end of the line (after "commands|"). The editor has focus. Now let me press Enter to create a new line and then type the triple backticks to create a code block.
[step 8] Action: type: ```
[step 8] Reasoning: Excellent! A new line was created and I can see a placeholder text "Type '/' to insert..." - this shows the editor is ready to accept input on a new line. Now I need to type triple backticks (```) followed by Enter to create a code block.
[step 9] Action: key: Return
[step 9] Reasoning: I can see that a code block was created (there's a light gray/highlighted area below the text). The triple backticks triggered the code block creation. Now I need to press Enter to confirm and position my cursor inside the code block.
[step 10] Action: type: a
[step 10] Reasoning: I can see a code block has been created (visible as a light gray/highlighted box below the text). The cursor appears to be inside the code block on a new line. Now I can see the code block area. According to the task, I need to:
1. Start a new line in the code block (the cursor should already be inside it)
2. Type the character 'a'

The cursor is already inside the code block. Let me type 'a' now.
[step 11] Action: key: BackSpace
[step 11] Reasoning: I can see the character 'a' has been typed in the code block. The cursor is after the 'a'. Now I need to press Backspace to delete 'a'.
[step 12] Action: type: b
[step 12] Reasoning: The 'a' has been deleted. The code block is still there (visible as the gray/highlighted area) with an empty cursor inside it. Now I need to type 'b'.
[step 13] Action: type: cdef
[step 13] Reasoning: I can see 'b' has been typed in the code block. The code block shows just 'b' which is correct. Now I need to type 'cdef' to continue.
[step 14] Action: screenshot
[step 14] Reasoning: I can now clearly see the result. The code block shows **"bcdef"** with the cursor at the end. Let me take a closer look at the code block content to verify the exact characters.
[step 15] Action: scroll up (700, 220) scroll_amount 2
[step 15] Reasoning: The screenshot clearly shows the code block contains **"bcdef"** - exactly the expected content. Let me zoom in to verify more carefully.
[step 16] Action: key: ctrl+shift+i
[step 16] Reasoning: I can now clearly see the code block with the content **"bcdef"** and a cursor at the end. A language selector dropdown ("None") has appeared in the top-right corner of the code block, which confirms it's a proper code block element.

Let me use the browser's zoom to get a better view of the code block content to verify there are no extra/ghost characters.
[step 17] Action: key: F12
[step 17] Reasoning: The DevTools didn't open (or was already dismissed). I can see the code block very clearly now showing **"bcdef"** without any cursor (the cursor moved away). The content shows exactly "bcdef" - no extra characters, no duplicates, no ghost characters.

Let me try to open DevTools using the keyboard shortcut to inspect the DOM and verify the content more thoroughly.
[step 18] Action: left_click (640, 147)
[step 18] Reasoning: DevTools is now open with the Console tab active. I can use the console to inspect the content of the code block. Let me switch to the Console and run a query to check the actual text content in the code block. First let me click on the console input area.
[step 19] Action: type: document.querySel...
[step 19] Reasoning: Good, I can see the console input is active. Now I need to query the iframe content to find the code block text. The Storybook editor is inside an iframe, so I need to access the iframe's document. Let me type a console query to get the text content of the code block.
[step 20] Action: key: ctrl+a
[step 20] Reasoning: Chrome has shown a security warning about pasting code into DevTools. I need to type "allow pasting" first to enable paste functionality, then re-enter the query. Let me clear the current input and type "allow pasting" first.
[step 21] Action: left_click (640, 162)
[step 21] Reasoning: I need to click on the console input area and type "allow pasting" to enable pasting in the console. Let me click on the console input area at the bottom.
[step 22] Action: type: allow pasting
[step 22] Reasoning: I can see the console input is active (there's a cursor at the bottom). Let me type "allow pasting" to unlock the console paste functionality.
[step 23] Action: key: Return
[step 23] Reasoning: I can see the console now shows "allow pasting" typed in. Let me press Enter to submit this command.
[step 24] Action: left_click (640, 162)
[step 24] Reasoning: The "allow pasting" warning is still showing. It seems Chrome may have blocked the console input. Let me try to use the Elements tab instead to inspect the DOM, or I'll try directly typing into the console. First, let me try clicking directly in the console input area at the bottom.
[step 25] Action: type: allow pasting
[step 25] Reasoning: Now I can see the console input is active (cursor visible). The warning about "allow pasting" is still showing. This was triggered because I was trying to paste/type a longer code. Now I need to type the query to check the code block content. Since I'm manually typing (not pasting), it should work. Let me type a simpler version of the query.
[step 26] Action: left_click (65, 35)
[step 26] Reasoning: The text "allow pasting" doesn't seem to be appearing in the console. The console input area is at the very bottom, very small. Let me take a screenshot to see what's happening. The console seems to be not showing my typed text. Let me try using the Elements tab to inspect the DOM of the page instead of using console. First, let me switch to the Elements tab.
[step 27] Action: left_click (114, 35)
[step 27] Reasoning: I can see the Elements tab is now showing the DOM of the Storybook page (the outer frame, not the iframe content). I need to navigate into the iframe to find the code block content. Let me switch back to Console and use a simpler approach. Let me click on the Console tab.
[step 28] Action: left_click (640, 162)
[step 28] Reasoning: Good, I'm back in Console. I can see the warning is still visible. The console input is at the very bottom (the `>` prompt with cursor). The warning is asking me to type "allow pasting" and press Enter. I notice I see `> ` at the very bottom row. Let me click there and then type the text.
[step 29] Action: scroll down (640, 400) scroll_amount 3
[step 29] Reasoning: I see the `>` prompt at the bottom of the console. Let me zoom in to see the console input row better, then type "allow pasting". The issue is that the console input area is very tiny. Let me try typing character by character to ensure the text appears.

First, let me check the console by pressing keys and see if there's a cursor positioned there. The issue may be that my cursor was positioned in the input but the text wasn't showing up in the screenshot due to the small size. Let me scroll down in the console to see if there's any text.
[step 30] Action: key: F12
[step 30] Reasoning: I can see the console with the `>` prompt at the bottom. The console input area seems to be at row 162 (where I see the `>` symbol). Let me try to zoom in on this area of the console to get a better view.

Let me try a different approach - instead of using the Console, let me close the DevTools and visually inspect the editor by looking at the code block directly. The visual inspection is the most direct way to verify the content.
[step 31] Action: scroll down (700, 300) scroll_amount 3
[step 31] Reasoning: DevTools is now closed. I can see the Storybook page with the editor. The editor shows "Welcome" heading and the paragraph text, but I notice the code block and my "bcdef" text are not visible. The editor appears to have been reset! The content I was editing was in the editor, but it seems the editor only shows the default content "Welcome" and the paragraph. 

Wait, I see several tabs open: "Editor - Default - Storybook" and "Editor - Code - Storybook". I notice the code block work I did may have been scrolled out of view or the page may have reloaded.

Looking at the current state, I can see the editor shows just the "Welcome" heading and one paragraph. It seems the page may have refreshed or the content was lost. Let me scroll down in the editor to see if the code block is below the visible area.
[step 32] Action: left_click (519, 184)
[step 32] Reasoning: The editor only shows the "Welcome" heading and the paragraph text - it appears the code block and my "bcdef" content were lost when the DevTools opened. The editor seems to have reset. This is happening because the page may have refreshed or the DevTools interfered with the editor state.

I need to redo the entire test. Let me start over - I'll:
1. Click on the editor text at the end of the paragraph
2. Press Enter to create a new line
3. Type triple backticks and press Enter
4. Type 'a', Backspace, then 'bcdef'

But first, I need to understand what happened - the editor content was lost because the page seems to have been in a fresh state. The content wasn't persisted. This is actually expected behavior for a demo.

Let me try the test again more carefully, this time taking screenshots at each critical step:
[step 33] Action: key: Return
[step 33] Reasoning: I can see the cursor is now at the end of the "slash commands|" text. The editor has focus. Now I'll press Enter to create a new line and start creating the code block.
[step 34] Action: type: ```
[step 34] Reasoning: A new line was created and I can see the placeholder text `+ | Type '/' to insert...` on the new line. The cursor is ready to accept input. Now I'll type triple backticks to create a code block.
[step 35] Action: key: Return
[step 35] Reasoning: Excellent! The triple backticks triggered the creation of a code block! I can see a light gray/highlighted box appearing below the paragraph text - this is the code block. The cursor is inside the code block (it appears as a very thin line at the beginning of the code block). Now I need to press Enter to confirm and get a proper line inside the code block.

Wait - looking more carefully at the current state, the triple backticks immediately created a code block without needing to press Enter. The cursor appears to already be inside the code block (at line 1 of the code block). Let me press Enter to go to the next line inside the code block.

Actually, looking at the task instructions again: "3) Create a code block by typing triple backticks and pressing Enter." So I need to press Enter now.
[step 36] Action: type: a
[step 36] Reasoning: I can see the code block has been created and is expanded with two lines visible inside it. The cursor is now on the second line (bottom line) of the code block (I can see the cursor `|` at the start of the second line). This matches step 4 of the task - "In the code block, start a new line and type the character 'a'".

Now let me type 'a' as the first step:

**Step 4: Type 'a'**
[step 37] Action: key: BackSpace
[step 37] Reasoning: The character 'a' has been typed in the code block. I can see `a|` (with the cursor after the 'a') in the code block area. The code block is visible as a light gray/highlighted box. 

**Step 5: Press Backspace to delete 'a'**
[step 38] Action: type: b
[step 38] Reasoning: The 'a' has been deleted. The code block now shows an empty cursor `|` at the beginning of the line - the 'a' is gone. The code block is still intact (visible as the light gray box). The cursor is correctly positioned on the empty line inside the code block.

**Step 6: Type 'b'**
[step 39] Action: type: cdef
[step 39] Reasoning: The character 'b' has been typed in the code block. I can see `b|` (cursor after 'b') in the code block. No ghost 'a' character is visible - just the clean 'b'. 

**Step 7: Type 'cdef'**
[step 40] Action: left_click (700, 350)
[step 40] Reasoning: **Excellent! The test is complete and the result is clearly visible!**

The code block now shows **`bcdef|`** (with the cursor at the end after 'f'). Let me zoom in to verify the exact content more carefully by clicking somewhere else in the editor to deselect and see the content without the cursor.

**Step 8: Observe the result**

The code block content clearly shows **"bcdef"** - exactly what was expected. Let me click somewhere outside the code block to remove the cursor and get a clear view of the content.
[step 41] Action: key: ctrl+plus
[step 41] Reasoning: **The test result is crystal clear!**

The code block now shows **`bcdef`** - exactly the expected content. The cursor has been removed and the content is displayed cleanly without any extra or ghost characters. 

Let me zoom in further using the browser zoom to get an even clearer view for final verification:
[step 42] Action: key: ctrl+equal
[step 43] Action: key: ctrl+shift+equal
[step 44] Action: screenshot
[step 45] Action: DONE
[step 45] Reasoning: The final screenshot clearly confirms the result. The code block shows exactly **"bcdef"** - no extra characters, no duplicates, no ghost characters.

---

## 🧪 Test Report: Code Block Basic Editing - Character Input Accuracy After Deletion

### Test Steps Performed:

| Step | Action | Result |
|------|--------|--------|
| 1 | Navigated to Editor - Default story in Storybook | ✅ Editor loaded with "Welcome" heading |
| 2 | Clicked on editor to get focus | ✅ Cursor visible in editor at end of paragraph |
| 3 | Typed ` ``` ` + Enter to create a code block | ✅ Code block created (light gray highlighted box) |
| 4 | Typed character `'a'` inside the code block | ✅ `a` appeared in code block |
| 5 | Pressed **Backspace** to delete `'a'` | ✅ `a` was deleted, code block line became empty |
| 6 | Typed character `'b'` | ✅ `b` appeared correctly (no ghost `a`) |
| 7 | Typed `'cdef'` | ✅ All characters appended correctly |
| 8 | Observed final content | ✅ Code block shows exactly **`bcdef`** |

### ✅ Test Result: **PASS — No Bug Detected**

The code block correctly displays **`bcdef`** — exactly the characters that were typed:
- ✅ The deleted character `'a'` did **NOT** reappear (no ghost characters)
- ✅ No duplicate characters were observed
- ✅ No unexpected characters appeared
- ✅ The character sequence `b`, `c`, `d`, `e`, `f` was input-accurate
- ✅ The editor correctly handled the type → backspace → type workflow

**Conclusion:** The code block basic editing with character input accuracy after deletion works correctly in this Storybook demo. There are **no ghost characters, no duplicates, and no unexpected behavior** — the content matches exactly what was typed.

==================================================
Task: Chrome is open on a rich markdown editor Storybook demo at http://localhost:6006. Task: Test code block basic editing - specifically character input accuracy after deletion. Steps: 1) Find or navigate to an editor story that shows a rich text editing area. 2) Click on the editor to get focus. 3) Create a code block by typing triple backticks and pressing Enter. 4) In the code block, start a new line and type the character 'a'. 5) Press Backspace to delete 'a'. 6) Type the character 'b'. 7) Continue typing 'cdef' on the same line. 8) Carefully observe: does the code block show exactly 'bcdef'? Or are there extra/duplicate/unexpected characters? The content should match exactly what you typed. If there are ghost characters or duplicates, that is a bug. Stay in browser only, do not open Terminal or other apps.
Status: COMPLETED
Total steps: 45
Last action: DONE
Last reasoning: The final screenshot clearly confirms the result. The code block shows exactly **"bcdef"** - no extra characters, no duplicates, no ghost characters.

---

## 🧪 Test Report: Code Block Basic Editing - Character Input Accuracy After Deletion

### Test Steps Performed:

| Step | Action | Result |
|------|--------|--------|
| 1 | Navigated to Editor - Default story in Storybook | ✅ Editor loaded with "Welcome" heading |
| 2 | Clicked on editor to get focus | ✅ Cursor visible in editor at end of paragraph |
| 3 | Typed ` ``` ` + Enter to create a code block | ✅ Code block created (light gray highlighted box) |
| 4 | Typed character `'a'` inside the code block | ✅ `a` appeared in code block |
| 5 | Pressed **Backspace** to delete `'a'` | ✅ `a` was deleted, code block line became empty |
| 6 | Typed character `'b'` | ✅ `b` appeared correctly (no ghost `a`) |
| 7 | Typed `'cdef'` | ✅ All characters appended correctly |
| 8 | Observed final content | ✅ Code block shows exactly **`bcdef`** |

### ✅ Test Result: **PASS — No Bug Detected**

The code block correctly displays **`bcdef`** — exactly the characters that were typed:
- ✅ The deleted character `'a'` did **NOT** reappear (no ghost characters)
- ✅ No duplicate characters were observed
- ✅ No unexpected characters appeared
- ✅ The character sequence `b`, `c`, `d`, `e`, `f` was input-accurate
- ✅ The editor correctly handled the type → backspace → type workflow

**Conclusion:** The code block basic editing with character input accuracy after deletion works correctly in this Storybook demo. There are **no ghost characters, no duplicates, and no unexpected behavior** — the content matches exactly what was typed.

==================================================

UI window closed
