Session created: sess-20260419005605-ce54166465ea4e14aeec9b1293ce2415
UI panel initialized successfully
UI window displayed
Expected result: 粘贴的Markdown无序列表文本应被编辑器自动解析为格式化的无序列表，显示为带有项目符号的列表样式，而非纯文本。
[step 0] Action: Initializing
[step 0] Reasoning: Initializing session connection
[step 0] Action: screenshot
[step 1] Action: left_click (640, 263)
[step 1] Reasoning: I can see the rich-markdown-editor example page at localhost:8080. The editor shows "Welcome" heading and some content. Let me first click in the editor to get focus, then use the address bar to write text to clipboard.
[step 2] Action: left_click (640, 61)
[step 2] Reasoning: Good, I clicked in the editor area. Now let me use the address bar to execute JavaScript to write the markdown list to clipboard. I'll click on the address bar first.
[step 3] Action: type: javascript:void(n...
[step 3] Reasoning: The address bar is selected and shows "localhost:8080". Now I'll type the JavaScript command to write the markdown list to the clipboard.
[step 4] Action: key: Return
[step 4] Reasoning: I can see the JavaScript command has been typed in the address bar. The `\n` characters are showing as literal `\n` in the address bar, which is expected since those will be interpreted as newline characters when the JavaScript executes. Now let me press Enter to execute this JavaScript.
[step 5] Action: left_click (14, 61)
[step 5] Reasoning: The address bar treated the JavaScript as a Google search instead of executing it. Chrome no longer executes `javascript:` URLs typed directly in the address bar for security reasons. I need to use a different approach. 

I'll use the alternative method: type the text directly into the editor and then copy-paste it. Let me navigate back to the editor first.
[step 6] Action: left_click (644, 263)
[step 6] Reasoning: Good, I'm back on the editor page. Now I'll use the alternative method: type the 3 lines of text directly in the editor, select all of them, copy, then paste them to a new location to test the paste functionality.

Let me click at the end of the existing content in the editor to position my cursor there, then press Enter to start a new line.
[step 7] Action: key: Return
[step 7] Reasoning: Good, I clicked in the editor and I can see the cursor is positioned at the end of the text. Now let me press Enter to create a new line, and then type the markdown unordered list items.
[step 8] Action: type: - Bananas are great
[step 8] Reasoning: A new line was created with a placeholder "Type '/' to insert...". Now I'll type the markdown list items. I'll type the first item with the dash prefix.
[step 9] Action: left_click (280, 291)
[step 9] Reasoning: Excellent! I can see that when I typed "- Bananas are great", the editor automatically converted it to a bullet list item with a bullet point (•). The editor rendered it as "• Bananas are great". This shows the editor supports markdown-style list creation when typing.

Now I notice the cursor has moved to a new line (showing "Type '/' to insert..." placeholder below). I need to understand the current state - it seems the editor already added a new bullet item after pressing Enter or the typing caused it. Let me check the current state and see if I need to add more items.

Wait, looking at the screenshot more carefully, I see that after typing "- Bananas are great", the editor added "• Bananas are great" as a bullet and there's already a new line below with the "+ Type '/' to insert..." placeholder. This means the cursor is NOT on the bullet list - it seems the bullet list ended and a new paragraph was created.

Actually, looking again - the cursor appears to be at a new line BELOW the bullet. This is odd. Let me click on the bullet line to position the cursor there, then press Enter to add more bullets.

Actually, I think what happened is the editor automatically converted the "- " prefix to a bullet and then created a new line. Let me just press Enter and type the next item while the cursor is in the list.
[step 10] Action: key: Return
[step 10] Reasoning: The cursor is now positioned at the end of "Bananas are great" in the bullet list. Now I'll press Enter to add the next line, then type the second item.
[step 11] Action: type: Outline is cool
[step 11] Reasoning: A new bullet item was created. The cursor is now on the second bullet. Let me type the second item.
[step 12] Action: left_click (251, 318)
[step 12] Reasoning: I notice that after typing "Outline is cool", the cursor seems to have jumped to a new paragraph below the list (showing the "+ Type '/' to insert..." placeholder). The list now shows "• Bananas are great" and "• Outline is cool". Let me click on the "Outline is cool" line to position my cursor there, then press Enter and type the third item.
[step 13] Action: key: Return
[step 13] Reasoning: Good, the cursor is now positioned at the end of "Outline is cool". Now I'll press Enter to add a new bullet and type the third item.
[step 14] Action: type: Open source rocks
[step 14] Reasoning: A new bullet was created. Now I'll type the third item.
[step 15] Action: left_click (150, 291)
[step 15] Reasoning: All three bullet items are now in the editor:
- • Bananas are great
- • Outline is cool
- • Open source rocks

The cursor appears to have moved to a new line below the list. Now I need to select all three bullet lines and copy them. I'll click on the "Bananas are great" line to start, then select all three lines.

Let me select all three bullet items. I'll click at the beginning of the first bullet and then drag to the end of the last bullet. First, let me click at the beginning of "Bananas are great".
[step 16] Action: key: Home
[step 16] Reasoning: The cursor is positioned in the first bullet. Now I need to select all three bullet items. I'll use Home key to go to the beginning, then Shift+click or Shift+End+Down arrows to select all three lines. Let me use keyboard shortcuts to select from the start of "Bananas" to the end of "Open source rocks".

I'll press Home to go to the beginning of the line, then Shift+End to select to the end of line 1, then Shift+Down+End twice to extend the selection to line 3.

Actually, let me use a simpler approach - press Cmd+A is too broad. Let me use keyboard selection: go to beginning of first item, select to end of last item.

Let me press Home to go to line start, then use Shift+Down+Down to select to end of third line.
[step 17] Action: key: shift+End
[step 17] Reasoning: Good, cursor is at the beginning of the first bullet. Now let me select all three bullet items using Shift+End to get to the end of the current line, then Shift+Down+End twice to extend the selection down to the end of the third bullet.

Actually, a better approach - let me click at the start of "Bananas" and then Shift+click at the end of "rocks" to select all three lines.

Let me use Shift+End then Shift+Down+End twice:
[step 18] Action: key: cmd+c
[step 18] Reasoning: Excellent! I can see that Shift+End selected all three bullet items simultaneously! All three bullets are highlighted in blue:
- • Bananas are great
- • Outline is cool
- • Open source rocks

A formatting toolbar also appeared at the top showing bold, italic, strikethrough, underline, code, H1, H2, quote, and link options.

This is interesting - it seems the editor's Shift+End selected across all three list items to the end of the last one. Now I need to copy this selection. Let me press Cmd+C to copy.
[step 19] Action: left_click (400, 450)
[step 19] Reasoning: The three bullet items are still selected (highlighted in blue). I've pressed Cmd+C to copy the selection. Now I need to position the cursor in a new location to paste the content. Let me click below the list to create a new location, then press Cmd+V to paste.

However, I realize there's an important distinction here. The task requires testing the **paste of Markdown text** (with `- ` prefix format) into the editor, not pasting already-rendered bullet content. 

The current approach has me copying already-rendered bullet content from within the editor, which may paste as bullets regardless. 

To properly test "paste Markdown unordered list", I need the clipboard to contain **raw Markdown text** with `- ` prefixes, not already-formatted bullet list nodes. 

Let me try a different approach. Let me use the browser's developer console to write the markdown text to the clipboard. I'll use the browser console via the address bar won't work, but I can try using the Developer Tools console.

Actually, wait - the task says I can use the address bar method OR the alternative of typing and copying. Since I've already typed the bullet items in the editor (which means they're formatted as bullets), when I copy and paste them in the editor, they may paste as bullets. But the question is whether they paste as **markdown text** (the `- ` format) or as **rendered bullet items**.

The purpose of the test is to check if **raw markdown text** (with `- ` prefix) gets converted to rendered bullet items upon paste. Let me think about this differently.

The key issue is: the task wants me to have markdown text `- Bananas are great\n- Outline is cool\n- Open source rocks` in the clipboard (as plain text), then paste it into the editor and see if it renders as bullet items.

Let me try using the Chrome browser console to write to clipboard. I'll open DevTools with F12, then use the console.

Actually, looking at the task again more carefully - it says I shouldn't open Terminal/Finder. DevTools console should be fine. Let me use that approach.

But first, let me try a simpler approach: use a text editor app in macOS (like TextEdit) to type the markdown text, then copy it from there. But that would require opening a new app which the task says nothing about.

Actually, the task says "禁止打开Terminal/Finder" (don't open Terminal/Finder). So I can open other apps. But let me first try using the DevTools console approach.

Wait, I should reconsider. The task explicitly says:
1. Try the address bar javascript method
2. If that doesn't work, type in editor, select all, copy, paste to new location

So my current approach of typing in the editor and copying IS the alternative method. Now I need to:
- Position the cursor somewhere in the editor
- Paste (Cmd+V)
- Observe if pasted as bullet items

Let me click somewhere below the current list to position the cursor, then paste.

But wait - I should first understand what's in the clipboard. I copied the 3 bullet items from the editor (which are formatted bullets). When pasted back, they should appear as bullets. But this doesn't really test the "markdown paste" functionality.

Let me reconsider the approach. Perhaps I should:
1. Type the raw markdown text (with "- " prefix) somewhere outside the editor
2. Copy it
3. Paste into editor

One way to do this WITHOUT opening Terminal: use Chrome's DevTools console to write to clipboard. Let me try pressing F12 to open DevTools.

Actually, let me first just proceed with the task as instructed - paste the currently copied content and see the result. If the pasted content shows as bullet list items, the paste functionality works correctly.

Let me click below the list to create a new position, then press End key to move to the end of the document, then press Enter to create a new line, and then paste.
[step 20] Action: key: F12
[step 20] Reasoning: I can see the cursor is now positioned in a new empty line below the list (showing "+ Type '/' to insert..." placeholder). The three bullet items are no longer highlighted (selection was cleared when I clicked).

But wait - I need to reconsider the approach. The task is to test **pasting Markdown unordered list** (raw text with `- ` prefix) into the editor. The current clipboard contains the formatted bullet items from the editor, not raw markdown text.

Let me use a better approach to get raw markdown text into the clipboard. I'll use the Chrome DevTools console to write raw markdown text to the clipboard.

Let me open DevTools console:
[step 21] Action: left_click (640, 625)
[step 21] Reasoning: DevTools is now open and the Console tab is active. I can see the editor with the three bullet items in the preview panel above. Now I'll click on the console input area and type the JavaScript command to write raw markdown text to the clipboard.

Let me click on the console input (the `>` cursor area at the bottom):
[step 22] Action: left_click (640, 625)
[step 22] Reasoning: I can see the console is open. I need to click directly on the console input area where I can type JavaScript. Let me click on the `>` console prompt at the bottom of the console area.
[step 23] Action: left_click (22, 625)
[step 23] Reasoning: I can see the console is open. The `>` prompt is visible at the bottom. Let me click directly on the `>` prompt line to focus the console input.
[step 24] Action: left_click (640, 625)
[step 24] Reasoning: I can see the console panel with the `>` prompt. Let me try clicking right next to the `>` prompt to get focus there and type.
[step 25] Action: type: navigator.clipboa...
[step 25] Reasoning: I can see the console input is now focused (the cursor is showing next to `>` at the bottom). Now I'll type the JavaScript command to write raw markdown text to the clipboard.
[step 26] Action: key: Return
[step 26] Reasoning: I can see the JavaScript command has been typed in the console:
`> navigator.clipboard.writeText('- Bananas are great\n- Outline is cool\n- Open source rocks')`

The `\n` characters are showing as literal `\n` which is correct - in a JavaScript string they'll be interpreted as newline characters when the code runs. Now let me press Enter to execute this command.
[step 27] Action: left_click (640, 625)
[step 27] Reasoning: I see an error: `NotAllowedError: Failed to execute 'writeText' on 'Clipboard': Document is not focused.`

This error occurs because the DevTools console doesn't have the page's document focused when running clipboard operations. I need to try a different approach.

Let me try to use a different method. I'll close DevTools and try a workaround using the `document.execCommand` or by focusing the document first in the console.

Let me try clicking on the page preview in DevTools first to give focus to the page, then run the command. Or better, let me try closing DevTools and use a different approach.

Actually, the issue is that when DevTools is open and focused, the page document is not focused, so clipboard operations fail. 

One approach: I can use `document.getElementById` or similar to create a temporary textarea in the page and use it to copy the text. Let me try that approach in the console:
[step 28] Action: type: var t=document.cr...
[step 28] Reasoning: Good, I can see the console input is focused. I'll try a different approach - using `document.execCommand('copy')` with a temporary textarea. This older API doesn't require document focus from clipboard API perspective. Let me type the command:
[step 29] Action: key: Return
[step 29] Reasoning: I can see the JavaScript command has been typed in the console. The command creates a temporary textarea element, sets its value to the markdown list text, appends it to the document, focuses and selects all the text, executes the copy command, and then removes the textarea. Let me press Enter to execute this command.
[step 30] Action: key: F12
[step 30] Reasoning: The command executed and returned `<textarea></textarea>` - which means it ran successfully! The `document.execCommand('copy')` should have copied the markdown text to the clipboard. The command created a textarea, set its value, focused it, selected the text, executed copy, and removed the textarea.

Now I need to:
1. Close DevTools
2. Click in the editor to focus it
3. Press Cmd+V to paste the clipboard content
4. Observe if it renders as a bullet list

Let me close DevTools first:
[step 31] Action: left_click (400, 590)
[step 31] Reasoning: Excellent! DevTools is now closed and I can see the full editor page. The editor currently shows:
- **H1 Welcome** heading
- "This is example content. It is persisted between reloads in localStorage."
- Three bullet items (already rendered from earlier):
  - • Bananas are great
  - • Outline is cool  
  - • Open source rocks
- Below the list there's an empty line with "+ Type '/' to insert..." placeholder

Now I need to click in the editor to focus it and then paste. The clipboard should contain the raw markdown text `- Bananas are great\n- Outline is cool\n- Open source rocks`. Let me click on the "Type '/' to insert..." area to position the cursor there, then paste.
[step 32] Action: key: cmd+v
[step 32] Reasoning: I can see the cursor is now in the editor at the "Type '/' to insert..." placeholder area (there's a blinking cursor visible). The editor has focus. Now let me press Cmd+V to paste the clipboard content (which should be the raw markdown text `- Bananas are great\n- Outline is cool\n- Open source rocks`).
[step 33] Action: scroll down (640, 400) scroll_amount 2
[step 33] Reasoning: 🎉 **Excellent! The paste worked successfully!** 

I can see that after pressing Cmd+V, the pasted content at the bottom of the editor shows:
- **• Bananas are great**
- **• Outline is cool**
- **• Open source rocks**

The raw Markdown text (`- Bananas are great\n- Outline is cool\n- Open source rocks`) has been correctly parsed and rendered as a **proper unordered bullet list** with bullet point symbols (•) instead of showing as plain text with dashes (`-`).

Let me scroll down slightly to see if there's any more content below the pasted list to confirm the complete result:
[step 34] Action: DONE
[step 34] Reasoning: The test result is now clearly visible. I can see the complete editor content:

**Upper section (original content):**
- H1 Welcome (heading)
- "This is example content. It is persisted between reloads in localStorage."
- • Bananas are great
- • Outline is cool
- • Open source rocks

**Lower section (newly pasted content):**
- • Bananas are great
- • Outline is cool
- • Open source rocks
- "+ Type '/' to insert..." (cursor position placeholder)

## Test Result: ✅ PASS

The **paste Markdown unordered list** functionality works correctly. When raw Markdown text (`- Bananas are great\n- Outline is cool\n- Open source rocks`) is pasted into the rich-markdown-editor, it is correctly:

1. **Parsed** - The `- ` prefix syntax is recognized as Markdown unordered list syntax
2. **Rendered** - Each list item is displayed with a bullet point (•) instead of showing as plain text with a dash
3. **Formatted** - The three items appear as a proper unordered list group

The pasted content (`- Bananas are great`, `- Outline is cool`, `- Open source rocks`) was rendered as a bulleted list with bullet symbols (•), **not** as plain text with dashes. This confirms that the rich-markdown-editor correctly handles pasting of Markdown-formatted unordered lists.
Evaluating task result...

==================================================
Task: 当前Chrome浏览器已打开rich-markdown-editor示例页面，地址是http://localhost:8080。测试粘贴Markdown无序列表功能。步骤：1. 在编辑器中点击获取焦点；2. 使用键盘在地址栏中输入javascript:void(navigator.clipboard.writeText('- Bananas are great\n- Outline is cool\n- Open source rocks'))执行来复制markdown列表到剪贴板（注意：如果这个方法不行，就直接在编辑器中用键盘输入这3行文本后全选复制，再粘贴到新位置）；3. 在编辑器中按Cmd+V粘贴；4. 观察粘贴后的内容是否被正确渲染为带有项目符号的无序列表格式（而不是纯文本显示带短横线的行）。禁止打开Terminal/Finder。如果编辑器不可用则报unclear。
Status: COMPLETED
Total steps: 34
Last action: DONE
Last reasoning: The test result is now clearly visible. I can see the complete editor content:

**Upper section (original content):**
- H1 Welcome (heading)
- "This is example content. It is persisted between reloads in localStorage."
- • Bananas are great
- • Outline is cool
- • Open source rocks

**Lower section (newly pasted content):**
- • Bananas are great
- • Outline is cool
- • Open source rocks
- "+ Type '/' to insert..." (cursor position placeholder)

## Test Result: ✅ PASS

The **paste Markdown unordered list** functionality works correctly. When raw Markdown text (`- Bananas are great\n- Outline is cool\n- Open source rocks`) is pasted into the rich-markdown-editor, it is correctly:

1. **Parsed** - The `- ` prefix syntax is recognized as Markdown unordered list syntax
2. **Rendered** - Each list item is displayed with a bullet point (•) instead of showing as plain text with a dash
3. **Formatted** - The three items appear as a proper unordered list group

The pasted content (`- Bananas are great`, `- Outline is cool`, `- Open source rocks`) was rendered as a bulleted list with bullet symbols (•), **not** as plain text with dashes. This confirms that the rich-markdown-editor correctly handles pasting of Markdown-formatted unordered lists.

==================================================

UI window closed
