Session created: sess-20260419001637-0f3cb87a86094d9881d3efaa55d818a5
UI panel initialized successfully
UI window displayed
Expected result: 两次上传同名图片文件均应成功触发上传流程，第二次上传不应被忽略或无反应，两张图片都应正常显示在编辑器内容中。
[step 0] Action: Initializing
[step 0] Reasoning: Initializing session connection
[step 0] Action: screenshot
[step 1] Action: left_click (192, 283)
[step 1] Reasoning: I can see the rich-markdown-editor example page at localhost:8080. I can see the editor with a "Type '/' to insert..." placeholder. Let me click on the editor area and type '/' to open the BlockMenu.
[step 2] Action: type: /
[step 2] Reasoning: The editor is now focused. I can see the cursor is in the editor. Now let me type '/' to open the BlockMenu.
[step 3] Action: screenshot
[step 3] Reasoning: I can see the editor shows "/ Keep typing to filter..." which indicates the BlockMenu should appear. However, the BlockMenu dropdown doesn't seem to be visible in the screenshot. The '/' was typed and now it's showing the filter hint. Let me wait a moment and take another screenshot to see if the BlockMenu appeared below.
[step 4] Action: type: image
[step 4] Reasoning: The BlockMenu dropdown is not appearing visually, even though the text shows "/ Keep typing to filter...". The BlockMenu might be appearing off-screen or might not be rendering properly. Let me try typing "image" to filter for the image option, which should help narrow down if the BlockMenu is functional.
[step 5] Action: key: Escape
[step 5] Reasoning: I can see that instead of showing the BlockMenu dropdown as a popup, the text "/" and "image" were entered as plain text in the editor. The BlockMenu is not appearing as expected. It seems the BlockMenu isn't showing as a visual dropdown. 

Let me clear this text and try a different approach. Let me press Escape first, then delete the text, and try again - maybe by clicking more precisely on the text area or trying to position the cursor correctly.
[step 6] Action: left_click (130, 283)
[step 6] Reasoning: I can see the "/" and "image" text are in the editor. The BlockMenu dropdown didn't appear as a visual popup - instead the text was inserted into the editor body. It seems the BlockMenu is not functioning as expected visually. 

Let me try a fresh approach. I'll select all the text I just typed and delete it, then try clicking on the line that shows "Type '/' to insert..." more precisely.

Let me first click on the line with "/" to position the cursor there, then select all the text on that line and delete it.
[step 7] Action: key: F5
[step 7] Reasoning: I can see the cursor is now on the line with "/" and it shows "/ Keep typing to filter..." as placeholder text. This means the BlockMenu IS active when typing "/" - but the visual dropdown menu is not appearing. The cursor is on a line with "/" and the editor shows "Keep typing to filter..." as placeholder, but the dropdown menu options aren't showing. 

This looks like a visual bug where the BlockMenu popup isn't rendering or is positioned off-screen. However, the filter functionality might still be working. Let me try typing "image" while on this "/" line to see if I can filter and select the Image option.

Wait - actually looking at the screenshot more carefully, I see:
- Line 1: "/ Keep typing to filter..." (the line the cursor clicked on)
- Line 2: "image" (the text I previously typed that went to a new line)

It seems when I clicked at position (130, 283), the cursor went to the "/" line. But the "image" word appears to be on a separate line below. Let me try a fresh approach. Let me reload the page to start clean.
[step 8] Action: left_click (640, 61)
[step 8] Reasoning: The page didn't reload - it still shows the "/" and "image" text. Since the localStorage persists content between reloads, let me try pressing Ctrl+A to select all and delete the extra text, or navigate to the page freshly. Let me try using the URL bar to reload cleanly.

Actually, let me look more carefully at the current situation:
- There's a line with "/" (BlockMenu active) and "Keep typing to filter..." placeholder
- There's a line with "image" text below

The "/ Keep typing to filter..." hint means the BlockMenu is open right now! The problem is that the visual dropdown popup might be rendering behind the panel or is very small. Let me try scrolling to see if there's a dropdown below, or let me try clicking in the "/" line and typing "image" to filter.

Wait, looking at the content again - I think what happened was:
1. I first typed "/" which opened the BlockMenu filter mode on that line
2. Then I typed "image" but it went to a new line because when in filter mode, the typed text goes to filter the menu but then I pressed Escape which may have converted it to text

The editor now shows "/" on one line and "image" on another. The BlockMenu is currently showing on the "/" line with "Keep typing to filter..." hint. 

Let me try clicking directly on the line with "image" text and delete it, then work with the "/" line to open the BlockMenu properly.

Actually, let me try a completely different approach. Let me reload the page using the address bar.
[step 9] Action: key: Return
[step 9] Reasoning: Good, the URL bar is active. I can see it shows "localhost:8080". Let me press Enter to reload the page, and also let me first clear the localStorage by going to the page first. Actually, I notice the "/" line is still showing "Keep typing to filter..." - the BlockMenu might still be active! Let me press Escape first to close the BlockMenu mode, then re-approach.

Actually, let me just press Enter to navigate to the URL and reload the page.
[step 10] Action: left_click (130, 283)
[step 10] Reasoning: The page reloaded but the localStorage content is still there - I can see the "/" and "image" lines are still present. The content is persisted in localStorage. Now the cursor is at the "Type '/' to insert..." line at the bottom.

Let me think about this differently. The BlockMenu appears to be working (the "/ Keep typing to filter..." hint was shown), but the visual dropdown might be there but not captured in screenshots, or it might be hidden behind the task panel. Let me:

1. First clean up the editor by selecting and deleting the "/" and "image" lines
2. Then try again with the BlockMenu

Let me click on the "/" line and delete it:
[step 11] Action: Minimize panel
[step 11] Reasoning: Interesting! I can see again the "/ Keep typing to filter..." hint appears on the "/" line. This confirms the BlockMenu is actually active on the "/" line! The BlockMenu IS open and working, but the dropdown visual is not appearing in the screenshots. 

Let me check if the BlockMenu dropdown might be hidden. Let me minimize the task panel first to see if it's behind the panel, and also try scrolling up to see if the dropdown appears above the "/" character.
[step 12] Action: left_click (130, 283)
[step 12] Reasoning: Now with the panel minimized, I can see the full screen. The BlockMenu is showing the "/ Keep typing to filter..." hint text, but there's no visual dropdown popup visible anywhere on the page. This confirms a visual bug - the BlockMenu dropdown is not rendering/visible.

However, let me try clicking on the "/" line and interacting with it to see if the BlockMenu popup appears. Let me click on the "/" line precisely.

Wait, looking at the screenshot more carefully - the cursor is on the "/" line as evidenced by the "Keep typing to filter..." placeholder. The BlockMenu popup should appear below the "/" text. Let me check if the popup exists but is not visible. Let me try scrolling up or down to see if it appears elsewhere.

Actually, I need to consider that the task panel was taking up screen space and now it's minimized. The BlockMenu might now appear. Let me click on the "/" line again to trigger the BlockMenu.
[step 13] Action: key: End
[step 13] Reasoning: The BlockMenu popup is still not appearing visually even with the panel minimized. The "/ Keep typing to filter..." hint is there but no dropdown. This is concerning. 

Let me check the page source or try the browser's developer tools to understand the BlockMenu state. But wait - I should first try to clean up the editor state. Let me try:
1. Select all and delete the "/" and "image" lines
2. Start fresh with a clean line

Let me try selecting the "/" line content and deleting it:
[step 14] Action: key: Down
[step 14] Reasoning: Hmm, the "/ Keep typing to filter..." hint is still shown. The cursor seems to be on the "/" line. Let me try to think about what happened:

When I first typed "/" and then "image", the "/" triggered a BlockMenu but then pressing Escape closed the BlockMenu mode and kept the "/" as a literal character. The word "image" was entered as a new paragraph. 

Now the current state is:
- Line 1: "/" (literal slash, with cursor on it showing BlockMenu active)
- Line 2: "image" 

Wait - actually the "/" line is still showing "Keep typing to filter..." which suggests the BlockMenu IS active on the "/" line. Maybe the BlockMenu needs me to type to filter and press Enter or click to select. The dropdown might have rendering issues.

Let me try using keyboard navigation - press the Down arrow key to navigate through BlockMenu items if they exist.
[step 15] Action: key: F12
[step 15] Reasoning: The Down arrow key didn't move the cursor to the "image" line - the "/" line still shows "Keep typing to filter...". This suggests the Down arrow was processed by the BlockMenu (navigating within the dropdown), but the dropdown is still invisible. 

I need to understand the BlockMenu behavior better. Let me try using developer tools (F12) to inspect the DOM and find the BlockMenu element.

Actually, wait - let me think differently. The "/" line shows the BlockMenu is active. The BlockMenu dropdown might actually be rendering below the line visually but invisible, or it could be z-index issue. Let me try using browser's F12 developer tools to investigate.

Actually, I should try a completely fresh approach. Let me:
1. Use the browser console to clear localStorage
2. Reload the page

Let me open the developer console:
[step 16] Action: left_click (640, 608)
[step 16] Reasoning: I can see the developer tools are open. I can see the editor in the preview window. The console shows some errors related to WebSocket connection failing. I can also see the editor content with "/" line and "image" line.

Let me clear localStorage and reload to start fresh. I'll type in the console:
[step 17] Action: left_click (640, 608)
[step 18] Action: type: localStorage.clea...
[step 18] Reasoning: I can see the console input is now active (the cursor ">" is visible). Let me clear the localStorage to start fresh:
[step 19] Action: key: Return
[step 19] Reasoning: I can see the command is typed in the console. Let me press Enter to execute it:
[step 20] Action: key: F12
[step 20] Reasoning: The page has reloaded and the localStorage has been cleared. Now I can see the editor with just the default content:
- "Welcome" (H1 heading)
- "This is example content. It is persisted between reloads in localStorage."

The "/" and "image" lines are gone. Now let me close the developer tools and try to work with the BlockMenu properly. But wait - with the developer tools open, I can see the page in a smaller viewport. The responsive mode changed to 500x506. Let me close the developer tools first.
[step 21] Action: left_click (648, 255)
[step 21] Reasoning: Excellent! Now I can see the editor is clean with just the default content. The cursor appears to be at the end of "This is example content..." line. Now I need to create a new line and type "/" to open the BlockMenu. Let me click at the end of the text and press Enter to create a new line.
[step 22] Action: key: End
[step 22] Reasoning: Good, the cursor is on the text. Now let me press End to go to the end of the line, then press Enter to create a new empty line, and then type "/" to open the BlockMenu:
[step 23] Action: key: Return
[step 23] Reasoning: Good, the cursor is now at the end of "localStorage." Now let me press Enter to create a new line and then type "/" to open the BlockMenu:
[step 24] Action: type: /
[step 24] Reasoning: Excellent! Now I can see a new empty line with "Type '/' to insert..." placeholder and a "+" button on the left side. The cursor is on the new empty line. Now let me type "/" to open the BlockMenu:
[step 25] Action: key: Down
[step 25] Reasoning: I can see "/ Keep typing to filter..." is shown, which means the BlockMenu IS active! But again, the visual dropdown popup is not appearing below the slash. This is a visual bug - the BlockMenu dropdown is not rendering visibly.

This time, I notice the "+" button is gone (replaced by just the "/" character visible). The BlockMenu should be showing a dropdown of options below the cursor. The dropdown is simply not visible/rendering properly.

Let me try scrolling down to see if the dropdown appears below the visible area, or maybe I should look at where the dropdown might be.

Wait, let me try a different approach - let me inspect the page using the browser's developer tools to check the DOM for the BlockMenu component. Let me open dev tools again to check the elements.

Actually, I want to try pressing the Down arrow key again to see if there are menu items (even invisible ones) that I can navigate to:
[step 26] Action: type: image
[step 26] Reasoning: The BlockMenu is active ("/ Keep typing to filter...") but I can't see the visual dropdown. The cursor remains on the "/" line. The Down key doesn't navigate elsewhere. 

Let me try typing "image" while the BlockMenu is open to filter to image:
[step 27] Action: key: F12
[step 27] Reasoning: Now I can see what happened - typing "image" while the BlockMenu filter was active did NOT filter the menu (the popup isn't visible), instead it created two new lines:
- "/" (the slash that triggered BlockMenu)
- "image" (the word I typed, which created a new paragraph)

And below "image" there's a new empty line with "Type '/' to insert..." placeholder.

This means the BlockMenu IS NOT actually intercepting the keyboard input - the "Keep typing to filter..." hint was shown but typing goes to the editor instead of filtering the BlockMenu. This is a bug in the BlockMenu functionality.

Wait, I need to reconsider. Looking at the current state:
- Line 1 (editor content): "/" 
- Line 2 (editor content): "image"
- Line 3 (empty, cursor here): "Type '/' to insert..."

When I typed "image" on the "/" line and the Down arrow key, the "image" text went to a new paragraph below the "/" line. The BlockMenu was not intercepting keystrokes.

Let me check if this is actually because the BlockMenu dropdown is invisible but functional. Let me try to use the developer tools to inspect the DOM and see what BlockMenu elements exist.

Let me try to open DevTools by pressing F12 and check for the BlockMenu:
[step 28] Action: left_click (66, 483)
[step 28] Reasoning: Now I can see the dev tools are open. Looking at the console output, I can see the editor is outputting Markdown:
```
PASTE
# Welcome

This is example content. It is persisted between reloads in localStorage.

/

image

\

BLUR
```

This confirms that the "/" and "image" are being added as plain text paragraphs in the editor, not triggering the BlockMenu properly.

But wait - I can also see in the preview area of the page that there are lines "/ " and "image" showing in the editor. The console also shows that there's a "\" being logged, suggesting the editor might have had issues.

Now I need to understand why the BlockMenu isn't showing the dropdown. Looking at the preview in the responsive view, I can see the editor content has:
- "Welcome" (H1)
- "This is example content..."
- "/" (paragraph)
- "image" (paragraph)
- Empty line with "Type '/' to insert..."

The BlockMenu popup is not showing. This is a significant visual bug - the BlockMenu popup/dropdown is not rendering at all.

Let me look at the Elements panel to check if there's a BlockMenu component in the DOM. Let me click on "Elements" tab:
[step 29] Action: left_click (507, 192)
[step 29] Reasoning: I can see the Elements panel showing the DOM structure. I can see the page structure. Let me click on the editor area in the preview to focus on the relevant elements. But more importantly, I need to understand why the BlockMenu isn't showing.

Let me try to clear the editor content by first clicking on the "/" line in the preview and then try the "/" trigger from a clean state. But first, let me try a different approach.

Looking at the preview, I can see the editor has "/ " (on one line) and "image" text. The BlockMenu should appear when I click on the "/" line and it shows "Keep typing to filter...". 

I notice something crucial - the "/" line IS showing with the BlockMenu active (the "/ Keep typing to filter..." text was visible), but the dropdown POPUP is not showing. This is likely a CSS/z-index issue or the dropdown is not positioned correctly.

Let me try clicking on the "/" line in the preview to activate the BlockMenu and then use the Elements panel to find the BlockMenu DOM element:
[step 30] Action: left_click (640, 570)
[step 30] Reasoning: Now I can see in the preview that clicking on the "/" line shows "/ Keep typing to filter..." again - the BlockMenu IS activated. I can also see "image" below it. The cursor is on the "/" line and the BlockMenu filter hint is showing, but the dropdown popup is still invisible.

Now let me search in the Elements panel for the BlockMenu component. Let me use Ctrl+F in the Elements panel to search:
[step 31] Action: key: F12
[step 31] Reasoning: I see a tooltip showing "div 980×0" - this is very revealing! There's a div element with 980 pixels width but 0 pixels height. This suggests the BlockMenu dropdown IS in the DOM but has 0 height, making it invisible! This is the bug - the BlockMenu popup div has zero height.

This is a critical visual/functional bug. The BlockMenu component renders in the DOM with a 980px width but 0px height, making it completely invisible to the user.

However, let me check if I can still interact with the BlockMenu despite the visual bug. Maybe the menu items are there but hidden. Let me try to use the console to inspect this element or force it to be visible.

But wait - let me try a different approach. Since the BlockMenu seems to have a rendering bug (0 height), maybe I can try to interact with it through keyboard. Let me close dev tools and try again with focus on the "/" line, and then try pressing Enter to see if I can select an item.

Actually, from what I can see, the BlockMenu has a 0-height div - this means none of the menu items are visible. This IS a bug in the application. Let me check if there's another way to trigger the Image upload (like using the "+" button).

Let me close dev tools and try clicking the "+" button that appeared on the left of the editor line:
[step 32] Action: left_click (128, 283)
[step 32] Reasoning: Now I can see the editor with:
- "/ Keep typing to filter..." (BlockMenu is active on "/" line)
- "image" (separate paragraph below)

The BlockMenu dropdown is active (shown by "Keep typing to filter..." placeholder) but the visual dropdown popup is not showing. This is a confirmed visual bug.

However, let me try an important experiment. Since the developer tools showed a "div 980×0" element - this might be the BlockMenu popup div with 0 height. Let me see if I can force the editor to show the menu by looking at how this might work.

Actually, looking at the dev tools screenshot again more carefully - the tooltip showed "div 980×0" when I clicked on the bottom area of the preview. This 0-height div could be the BlockMenu popup that should be showing below the "/" character.

Let me try to use the console to force the BlockMenu to appear, or check the CSS. Let me open dev tools via the Console tab and inspect the issue:

Actually, let me take a different approach. Since this is a testing exercise, I need to try to use the BlockMenu to select the Image option. The dropdown is NOT visible visually. Let me try:

1. First let me clear the "/" and "image" junk lines by selecting all and deleting
2. Then try again with a fresh clean approach

Let me click on the "/" line, select all on that line, delete it:
[step 33] Action: key: F12
[step 33] Reasoning: I'm on the "/" line (showing "/ Keep typing to filter..."). The BlockMenu IS active. Now I understand the state of things. The BlockMenu opens when "/" is present in the line, and it shows "Keep typing to filter..." as a hint, but the visual dropdown is not rendering.

Let me try clicking the "/" line (focusing on it) and then pressing Backspace to delete the "/" character, which should close the BlockMenu. Then I need to delete the "image" line too.

Actually, let me try something different. Let me use the console to directly manipulate the DOM and see if the BlockMenu has items. Let me press F12 and use the console:
[step 34] Action: left_click (114, 483)
[step 34] Reasoning: I'm back in Dev Tools. I can see the preview with "/ Keep typing to filter..." and "image" lines. Let me try searching for the BlockMenu in the DOM. Let me switch to Console to search for it:
[step 35] Action: left_click (640, 643)
[step 35] Reasoning: Now I'm in the Console tab. I can see some events being logged - BLUR, FOCUS, TOUCH START events. Let me search for the BlockMenu DOM element using the console. Let me click on the console input and type a query:
[step 36] Action: left_click (640, 643)
[step 37] Action: left_click (22, 643)
[step 37] Reasoning: I'm having trouble clicking on the console input. Let me try clicking directly on the ">" prompt in the bottom-left of the console area:
[step 38] Action: type: document.querySel...
[step 38] Reasoning: I can see the console input is now active with the cursor ">" and blinking cursor. Now let me query the DOM to find the BlockMenu element:
[step 39] Action: key: Return
[step 39] Reasoning: Good, the query is typed. Let me press Enter to execute it:
[step 40] Action: left_click (640, 643)
[step 40] Reasoning: The result is `null` - meaning no element with class containing "block-menu", "BlockMenu", or "blockmenu" was found in the DOM. The BlockMenu element doesn't exist in the DOM at all, OR it's using different class names.

The BlockMenu might be rendered in a different way (perhaps as a portal or with different class names). Let me try to search for it differently:
[step 41] Action: left_click (640, 643)
[step 42] Action: type: document.querySel...
[step 42] Reasoning: The console input is active now. Let me try to search in the iframe (the editor is in an iframe) or search for styled-components that might be the BlockMenu. Let me also search for all elements that might be the dropdown:
[step 43] Action: left_click (640, 643)
[step 43] Reasoning: The result is "no iframe" - there's no iframe. So the editor is directly in the DOM. The BlockMenu is not in an iframe. 

The first query returned null for the BlockMenu element. This means the BlockMenu dropdown might not be in the DOM at all - perhaps it's only rendered when it's actually active/open, or the cursor on the "/" line needs to be properly positioned.

Let me try clicking on the "/" line in the preview to focus the cursor on it, and then immediately query the DOM for BlockMenu elements. Let me try clicking the "/" line first:

Actually, looking at the current state of the preview - the "/" line shows "/ Keep typing to filter..." which means the BlockMenu IS currently active (the cursor is on the "/" line). Yet the DOM query returned null for BlockMenu. 

Let me try to search more broadly for the BlockMenu elements:
[step 44] Action: left_click (22, 672)
[step 45] Action: left_click (933, 689)
[step 45] Reasoning: I accidentally minimized all windows or something happened - I can see the macOS desktop with the dock! The Chrome browser went behind or minimized. Let me click the Chrome icon in the dock to bring it back:
[step 46] Action: key: F12
[step 46] Reasoning: Chrome is back. Good. I can see the Dev Tools console with the previous results. The "no iframe" result means the editor content is directly in the DOM. The BlockMenu DOM lookup returned null.

Now the crucial issue I'm seeing is: **the BlockMenu popup is not showing in the DOM**. This is a significant bug with the application.

However, I notice something important - when I'm in DevTools with Responsive mode at 500x506 viewport, the editor is showing in a constrained view. The "/" line shows "/ Keep typing to filter..." which means the BlockMenu IS detecting the "/" trigger on that line.

Let me try a different approach. Let me close the DevTools and try to interact with the editor directly, but this time try using the "+" button (the block insertion button that appears on the left of empty lines) instead of the "/" shortcut. Let me close DevTools first:
[step 47] Action: left_click (128, 283)
[step 47] Reasoning: Good, I'm now back to the full editor view without DevTools. I can see:
- The "/" line with "Keep typing to filter..." (BlockMenu active state but no visible dropdown)
- "image" paragraph below

Now I need to understand if this is a **functional bug** (the BlockMenu is not working) or a **visual bug** (the dropdown menu renders but is invisible). 

Looking at the "/ Keep typing to filter..." text: this IS the BlockMenu filter mode. When I typed "/" before, the editor entered a "command mode" where the "/" line acts as a filter input. The issue is that the DROPDOWN LIST of available block types is NOT rendering visibly.

Let me try one more thing. I want to try pressing Enter on the "/" line to see if it selects the first BlockMenu item (which might be Image or something else):
[step 48] Action: right_click (128, 283)
[step 48] Reasoning: I can see the editor with:
- "/" line (BlockMenu active, "Keep typing to filter..." visible)
- "image" line

The BlockMenu IS active on the "/" line (confirmed by the "Keep typing to filter..." placeholder), but the dropdown visual menu is not showing. This is a **visual bug**.

Wait - I just realized something. The BlockMenu dropdown might be showing ABOVE the "/" line (scrolled off above), or it might be positioned absolutely but with zero height. Let me scroll up to see if there's anything above the current view.

Actually, looking at the screenshot again, I can see the "/" line is at approximately y=283 (in the full view). There's nothing visible above it (except the "This is example content..." text and the "Welcome" H1). The dropdown doesn't appear to be above.

Let me try a completely different approach. Maybe the BlockMenu popup IS rendering but it's transparent or has opacity 0, or it's being clipped by overflow:hidden on a parent container.

Let me look at the page source to understand the structure. I'll open DevTools and use Inspect Element on the "/" paragraph to see what's around it. Let me right-click on the "/" text:
[step 49] Action: left_click (147, 494)
[step 49] Reasoning: I can see a context menu appeared after right-clicking. I can see options including "检查" (Inspect). Let me click on "检查" to inspect the element:
[step 50] Action: scroll down (640, 580) scroll_amount 3
[step 50] Reasoning: Excellent! Now I can see the Elements panel with the DOM structure! I can see:
- `div class="sc-dnylx hUhziZ"` (main container)
- `div class="sc-dlvqjp kxZzJx"` (contains the editor)
- `div contenteditable="true" class="ProseMirror"` (the editor)
- Inside: `h1`, `p` (paragraphs)
- `p.placeholder` - this is the "/" line with "Keep typing to filter..." placeholder

This is very helpful! I can see the DOM structure but I need to look for the BlockMenu dropdown. Let me scroll down in the Elements panel to see if there are more elements after the editor. Let me also check the breadcrumb at the bottom: `html > body > div#main > div > div.sc-bdnylx.hUhziZ > div.sc-dlvqjp.kxZzJx > div.ProseMirror > p.placeholder`

The cursor is on `p.placeholder` which is the "/" paragraph. The BlockMenu popup should render somewhere in the DOM. Let me scroll down in the Elements panel to find it.

Let me look at the breadcrumb. I can see "p.placeholder" is highlighted. Now let me navigate up the DOM tree to see if there's a sibling element that is the BlockMenu. Let me press Escape to go up in the Elements tree:

Actually, let me try scrolling down in the Elements panel to see what comes after the `p.placeholder`:
[step 51] Action: key: F12
[step 51] Reasoning: Now I can see the full DOM structure! Let me analyze what I see:

```html
<div class="sc-bdnylx hUhziZ">
  <div class="sc-dlvqjp kxZzJx">
    <div contenteditable="true" class="ProseMirror">
      <h1>...</h1>
      <p>This is example content. It is persisted between reloads in localStorage.</p>
      ▸<p class="placeholder" data-empty-text="/ Keep typing to filter...">...</p> == $0
      ▸<p class>...</p>
    </div>
  </div>
</div>
```

There's NO BlockMenu element visible anywhere in the DOM! The `p.placeholder` (the "/" line) and `p class>` (the "image" line) are the only paragraphs inside the `div.ProseMirror`. There's no BlockMenu popup in the DOM.

This is confirmed - the **BlockMenu dropdown is not rendering in the DOM at all** when the "/" is typed. The "Keep typing to filter..." placeholder text appears, but the actual dropdown menu component doesn't get mounted/rendered.

This is a clear **functional bug** in the application - the BlockMenu component fails to render its dropdown when "/" is typed.

Let me check if there might be any errors in the console that explain why the BlockMenu isn't rendering. Let me switch to the Console tab:

Wait - I can also look at what happens with the "+" button. Let me first close DevTools and try hovering over an empty line to trigger the "+" button, which might be an alternative way to open the BlockMenu:

Let me first try to understand: when I see the "/ Keep typing to filter..." text, this IS the "BlockMenu" activation state, but the visual dropdown is missing. Let me look at the code by checking the Sources tab.

Actually, let me use a more pragmatic approach. Let me look in the Sources tab for the BlockMenu component to understand how it should work.

Actually, I notice something important: I can see `<p class="placeholder" data-empty-text="/ Keep typing to filter...">...</p>` - the placeholder line with the "/" activated BlockMenu mode. But there's NO BlockMenu popup element in the DOM.

And looking at the preview, I can also see that in the editor preview, the "/  Keep typing to filter..." line is visible but no dropdown menu appears below it.

Let me close DevTools and try a different approach - let me try using the "+" button that should appear on the left of empty lines. I'll hover over an empty line to see the "+" button:
[step 52] Action: mouse_move (128, 309)
[step 52] Reasoning: Good, Dev Tools are closed. I can see the editor with the "/" line (showing "Keep typing to filter..." - BlockMenu active) and "image" line below.

I can see that the BlockMenu IS active on the "/" line (the placeholder "Keep typing to filter..." text is visible), but the dropdown/popup is NOT rendering.

Let me now try a completely different approach. Let me try hovering over the "image" line to see if a "+" button appears, and try to use that to insert an image:
[step 53] Action: screenshot
[step 53] Reasoning: I can see the cursor moved to the bottom area (192, 463) but I wanted to move it to (128, 309). The coordinates didn't match. Let me take a screenshot to see the current state:
[step 54] Action: left_click (128, 283)
[step 54] Reasoning: I can see the full editor page without DevTools. Looking at the editor:
- "Welcome" (H1)
- "This is example content. It is persisted between reloads in localStorage."
- "/" with "Keep typing to filter..." (BlockMenu mode, but no visible dropdown)
- "image" text

The BlockMenu dropdown is clearly not rendering. This is a bug.

Let me think about how to approach this differently. The "/ Keep typing to filter..." state is the BlockMenu filter mode. Looking at the source code for rich-markdown-editor, the BlockMenu should render a popup below the "/" character showing available block types (like Heading 1, Heading 2, Image, etc.). The fact that it's NOT rendering is the bug.

However, I notice something: the task instructions say the test page is at http://localhost:8080, and there's a specific implementation that should support image upload through the BlockMenu. Maybe the BlockMenu IS rendering but I need to scroll down to see it, or maybe the popup is rendering below the visible viewport.

Wait - look at the "/" line. It shows "/ Keep typing to filter..." which is the activated BlockMenu filter mode. Maybe the BlockMenu dropdown IS rendering below the "/" line but it's hidden because of the "image" text that's on the next line? 

But when I looked at the DOM structure, there was only:
- `p.placeholder` (the "/" line)  
- `p class>` (the "image" line)

And no BlockMenu popup element.

This brings me to a critical conclusion: **The BlockMenu popup is NOT rendering at all when "/" is typed**. This is a functional bug in the application.

However, the task says "如果在浏览器中找不到目标功能（如BlockMenu中没有Image选项），直接标记result为unclear。" This means if I can't find the Image option in BlockMenu, I should mark as unclear.

But wait - the BlockMenu is not showing at all (not just missing Image option). Let me try one more time with a clean state. Let me first delete the "/" and "image" lines, then start fresh:

Let me click on the "/" line to focus it:
[step 55] Action: key: BackSpace
[step 55] Reasoning: I can see the editor with the "/" line (BlockMenu active - "/ Keep typing to filter...") and "image" line below.

Interesting - I notice that the cursor is not visible/highlighted on the "/" line. The "Keep typing to filter..." text is in gray (placeholder style). The cursor might be elsewhere.

Let me try using keyboard shortcuts to select all text on the "/" line:
1. Press Home to go to the start of the line
2. Press Shift+End to select to end of line  
3. Then delete

Wait - the cursor WAS on the "/" line when I clicked at (128, 283). The "Keep typing to filter..." is the placeholder showing because the "/" line triggered BlockMenu mode. Let me try pressing Backspace to delete the "/" character and see if the BlockMenu mode is dismissed:
[step 56] Action: key: BackSpace
[step 56] Reasoning: Interesting! The Backspace key deleted the "/" character AND moved the cursor to the end of the previous paragraph "This is example content. It is persisted between reloads in localStorage." The "/" was merged into the end of the previous paragraph! I can see "localStorage./" at the end of the "This is example content..." line.

Wait actually, the "/" line was deleted and the cursor moved up to the paragraph above, which now shows "This is example content. It is persisted between reloads in localStorage./" - no wait, the "/" is now appended to the end of the "This is example content..." paragraph! That's wrong - the Backspace deleted the empty line break and moved up, appending "/" to the previous paragraph.

Actually looking more carefully, I can see "localStorage./" at the end of "This is example content. It is persisted between reloads in localStorage." - this is "localStorage." + "/" which is the "/" I typed earlier that got merged when pressing Backspace.

Wait, no. Looking at it again: "This is example content. It is persisted between reloads in localStorage./" - the "/" is there at the end! The "/" line that was triggering the BlockMenu is now merged into the "This is example content..." paragraph.

Now I still have the "image" line below. The cursor appears to be at the end of the first paragraph (after "localStorage./").

OK, I realize I was wrong about the cursor position earlier. When I clicked at (128, 283), the cursor went to the "/" line (which was empty except for "/") and the Backspace merged it with the previous paragraph.

Now the state is:
- "This is example content. It is persisted between reloads in localStorage./" (merged)
- "image"

This is getting messy. Let me clean this up. Let me press Backspace again to delete the "/" at the end:
[step 57] Action: key: F12
[step 57] Reasoning: Wait, the text still shows "localStorage/" at the end of the "This is example content..." paragraph! It seems the "." was deleted but "/" is still there. Actually looking more carefully at the text: "This is example content. It is persisted between reloads in localStorage/" - the "." after "localStorage" was deleted!

Now let me look at this again - the text shows "localStorage/" not "localStorage./" - so the period was deleted and "/" remains. But wait, this isn't right either. The original text was "This is example content. It is persisted between reloads in localStorage." - the "/" was a separate paragraph that got merged when I pressed Backspace. Now after a second Backspace, I deleted the "." from "localStorage." - so now it shows "localStorage/" which is "localStorage" + "/" (the merged /).

This is getting confusing. Let me just use the console to clear localStorage and reload:
[step 58] Action: left_click (640, 642)
[step 58] Reasoning: I can see the console is showing the Markdown output. The output shows:
```
This is example content. It is persisted between reloads in localStorage./
image
\
# Welcome
This is example content. It is persisted between reloads in localStorage/
image
\
BLUR
```

The content has "localStorage/" (with the "/" that was the BlockMenu trigger, merged into the paragraph) and "image" (separate paragraph). 

Now let me clear localStorage and reload. Let me click on the console input (the ">" prompt) at the bottom:
[step 59] Action: left_click (640, 643)
[step 59] Reasoning: The console input cursor is active (I can see the ">" prompt at the bottom). Let me type the command to clear localStorage and reload:
[step 60] Action: type: localStorage.clea...
[step 60] Reasoning: I can see the console input ">" at the bottom. Let me type the command:
[step 61] Action: key: Return
[step 61] Reasoning: I can see the command `localStorage.clear(); location.reload();` is typed in the console. Let me press Enter to execute it:
[step 62] Action: left_click (592, 182)
[step 62] Reasoning: The page has been cleared and reloaded! I can see:
- The console shows "wps: Hot Module Replacement is active" and some WebSocket connection warnings
- The preview shows a clean editor with just "Welcome" (H1) and "This is example content. It is persisted between reloads in localStorage." - the "/" and "image" lines are gone!

Now the editor is clean. There's also a warning about `WebSocket connection to 'ws://[::1]:8080/wps' failed` - this is related to the development hot reload server, not to the editor functionality.

Now I have a fresh, clean editor. Let me close the dev tools and try the BlockMenu again, but this time I'll pay careful attention to what happens:

**Important observation**: The BlockMenu was triggered correctly (showing "Keep typing to filter..." placeholder), but the visual dropdown list did NOT appear. This suggests there might be a CSS/z-index or rendering issue with the dropdown, OR the dropdown might be appearing but at 0px height as I suspected.

Let me close DevTools and try the BlockMenu, but this time I'll immediately open DevTools to inspect the DOM WHILE the BlockMenu is open to find the popup element.

Actually let me keep DevTools open and try to type "/" in the editor (via the preview panel), then quickly check the DOM:

First, let me click in the editor preview area to position the cursor at the end of the text, then press Enter to create a new line, then type "/":
[step 63] Action: key: End
[step 63] Reasoning: I can see the console is showing "FOCUS" and "TOUCH START" events - this means clicking on the editor preview at (592, 182) focused the editor. Now let me type "/" to trigger the BlockMenu. I'll type in the editor preview:
[step 64] Action: left_click (993, 33)
[step 64] Reasoning: Oh! A new tab opened with "[::]:8080" and it shows an error: "该网页无法正常运作" (This page cannot function normally) with "ERR_EMPTY_RESPONSE". The "End" key press must have opened a new tab. The `End` key in the DevTools responsive preview might have triggered a navigation.

Actually, looking at the tabs, a new tab "[::]:8080" was opened. This is because the DevTools might have been focused when I pressed "End" and it navigated to a new URL "[::]:8080" (the IPv6 loopback address for port 8080).

Let me close this new tab and go back to the original "Example" tab with localhost:8080:
[step 65] Action: key: F12
[step 65] Reasoning: Good, I'm back on the correct "Example" tab at localhost:8080 with DevTools open. The editor is clean with just "Welcome" (H1) and "This is example content. It is persisted between reloads in localStorage." The console shows FOCUS, TOUCH START, BLUR events.

Now the cursor should be in the editor preview. I can see the text cursor appears to be in "persisted" (based on the blue highlight). 

Let me try a different approach. Let me close DevTools first, then try to interact with the editor more precisely:
[step 66] Action: left_click (648, 255)
[step 66] Reasoning: DevTools is closed. Now I can see the clean editor with just "Welcome" and "This is example content. It is persisted between reloads in localStorage."

I can see the cursor is in the "persisted" word (the text cursor is visible between "p" and "e" in "persisted"). The editor is focused.

Now I need to:
1. Position the cursor at the end of the text line
2. Press Enter to create a new line
3. Type "/" to trigger the BlockMenu
4. Immediately look for the BlockMenu dropdown

Let me click at the end of the "This is example content..." line first:
[step 67] Action: key: Return
[step 67] Reasoning: I can see the cursor is now at the end of "localStorage." (the cursor/caret is visible after the period). The editor is focused. Now let me press Enter to create a new empty line:
[step 68] Action: left_click (109, 283)
[step 68] Reasoning: Excellent! Now I can see a new empty line with "Type '/' to insert..." placeholder and a "+" button on the left side! The cursor is on the new empty line. 

Now I can clearly see the "+" button at the left of the new empty line. This is the block menu button! And the placeholder says "Type '/' to insert...".

Let me try clicking the "+" button directly to see if it opens the BlockMenu with available options:
[step 69] Action: scroll down (280, 420) scroll_amount 3
[step 69] Reasoning: **EXCELLENT!** The BlockMenu (block menu) is now showing! I can see a dropdown with:
- **H1** Big heading (^⇧1)
- **H2** Medium heading (^⇧2)  
- **H3** Small heading (^⇧3)
- *(divider)*
- Todo list (^⇧7)
- Bulleted list (^⇧8)
- Ordered list (^⇧9)

The dropdown is visible when I click the "+" button! The "/" approach wasn't triggering the visual dropdown, but the "+" button works correctly!

Now I need to scroll down in this BlockMenu to find the "Image" option. Let me scroll down in the BlockMenu dropdown:
[step 70] Action: scroll down (280, 420) scroll_amount 3
[step 70] Reasoning: I scrolled down and can now see more BlockMenu options:
- H3 Small heading
- *(divider)*
- Todo list (^⇧7)
- Bulleted list (^⇧8)
- Ordered list (^⇧9)
- *(divider)*
- **Table**
- **Quote** (⌘])

The menu is still showing. Let me scroll down more to see if there's an "Image" option:
[step 71] Action: left_click (109, 283)
[step 71] Reasoning: The BlockMenu closed when I scrolled. The menu disappeared. Now I can see the editor again with the "+" button and "Type '/' to insert..." placeholder. The BlockMenu only had:
1. H1 Big heading
2. H2 Medium heading  
3. H3 Small heading
4. Todo list
5. Bulleted list
6. Ordered list
7. Table
8. Quote

I did NOT see an "Image" option in the BlockMenu! Let me re-open the BlockMenu by clicking the "+" button again to verify if there are more options that I might have missed:

==================================================
Task: 当前Chrome浏览器已打开rich-markdown-editor示例页面，地址是http://localhost:8080。测试在富文本Markdown编辑器中通过BlockMenu连续上传同名图片的功能。具体步骤：1. 打开编辑器页面；2. 在编辑器中输入斜杠 '/' 或点击相关按钮打开BlockMenu（块菜单）；3. 在BlockMenu中选择 'Image'（图片）选项；4. 上传一张图片文件；5. 重复步骤2-4，再次上传同名的图片文件；6. 观察两次上传是否都正常触发上传流程，两张图片是否都正常显示在编辑器中。请始终在浏览器内操作，禁止打开Terminal、Finder或其他应用程序。如果在浏览器中找不到目标功能（如BlockMenu中没有Image选项），直接标记result为unclear。
Status: STOPPED_BY_USER
Total steps: 71
Last action: left_click (109, 283)
Last reasoning: The BlockMenu closed when I scrolled. The menu disappeared. Now I can see the editor again with the "+" button and "Type '/' to insert..." placeholder. The BlockMenu only had:
1. H1 Big heading
2. H2 Medium heading  
3. H3 Small heading
4. Todo list
5. Bulleted list
6. Ordered list
7. Table
8. Quote

I did NOT see an "Image" option in the BlockMenu! Let me re-open the BlockMenu by clicking the "+" button again to verify if there are more options that I might have missed:

==================================================

UI window closed
