Session created: sess-20260419011513-86383874fe1d48238dd5fd4d5275d595
UI panel initialized successfully
UI window displayed
Expected result: 将图片粘贴到表格单元格后，编辑器序列化生成的Markdown内容中应正确包含该图片的Markdown语法。
[step 0] Action: Initializing
[step 0] Reasoning: Initializing session connection
[step 0] Action: screenshot
[step 1] Action: left_click (70, 329)
[step 1] Reasoning: I can see the Storybook page with the rich-markdown-editor is open. I can see the "Tables" story in the left navigation. Let me first check the "Tables" story since it's directly related to table functionality, but I should also check the "Default" story which is currently selected. Let me first click on "Tables" to see existing table content.
[step 2] Action: key: F12
[step 2] Reasoning: I can see the "Tables" story is now selected and it shows a table with columns: Editor, Rank, React, and Collaborative. The table already has content (Prosemirror, Slate, CKEdit with their respective values). 

Now I need to:
1. Click on a table cell to get focus
2. Try to type content into the cell
3. Check console output for serialization

Let me first open the browser's developer console to monitor the onChange callbacks, then interact with the table. Let me open the console first.
[step 3] Action: left_click (539, 308)
[step 3] Reasoning: The developer console is now open. I can see the console tab is active. I can see some messages in the console. Now let me click on a table cell in the editor to interact with it. I'll click on one of the table cells - let me click on the cell with "Prosemirror" to place focus in the table.
[step 4] Action: triple_click
[step 4] Reasoning: I can see the "Prosemirror" cell is now selected (it appears highlighted). Now I need to type some content in this cell to trigger the onChange callback and see the serialization output in the console. Let me type some text to modify the cell content.

Let me first click on the "Prosemirror" cell to place the cursor there, then type something to trigger the onChange.
[step 5] Action: type: TestEditor
[step 5] Reasoning: I can see a toolbar has appeared at the bottom of the editor canvas after clicking on the "Prosemirror" cell. The toolbar shows table-editing options (looks like alignment options and row/column manipulation tools). The cell appears to be selected. Let me type some text to modify the cell content and trigger the onChange callback.

Let me type something to change the cell content:
[step 6] Action: scroll down (640, 580) scroll_amount 3
[step 6] Reasoning: I can see that the text "TestEditor" was typed and the cell now shows "TestEditor" instead of "Prosemirror". The table has been edited. However, I don't see any console output yet. The console might not be showing the onChange callback output.

Let me check if there's any console output by scrolling down in the console, and also check if the Actions tab in the Storybook UI would show the onChange callback. Let me scroll the console to see if there's any output.
[step 7] Action: left_click (751, 447)
[step 7] Reasoning: I don't see any new console messages after typing. The console still shows the same messages. Let me check if the Storybook "Actions" panel shows the onChange events. Let me click on the "Actions" tab in the Storybook's bottom panel.
[step 8] Action: left_click (638, 135)
[step 8] Reasoning: I can see the "Addons" panel is now visible. It shows the Controls (2) tab with various event handlers like onSave, onCancel, onClickHashtag, onClickLink, onHoverLink, onShowToast, onFocus. I also see there's something at the bottom showing "leExtensions: [" with a "RAW" button. Let me click on the "Actions" tab to see if there are any onChange event logs.
[step 9] Action: left_click (639, 447)
[step 9] Reasoning: I can see the Actions tab now shows two events:
- `onFocus: {name: "onFocus", args: undefined}`
- `onBlur: {name: "onBlur", args: undefined}`

These are focus/blur events but I don't see any onChange event that would show the serialized markdown content. Let me go back to the canvas view and type something in the table cell to trigger the onChange event. Let me click on the Canvas tab first.
[step 10] Action: left_click (539, 308)
[step 10] Reasoning: Good, I'm back on the Canvas view and I can see the table is still showing with "TestEditor" in the first cell. The table toolbar is visible at the bottom of the canvas. Now I need to check the console for serialization output. Let me check if there's any onChange output by looking at the console more carefully.

Let me try injecting a console.log through the browser console to check what's happening with the serialization. First, let me look at how the onChange callback is structured by examining the source code. Let me type in the console to check.

But first, let me click on the table cell again and type more text to see if it triggers any onChange in the console:
[step 11] Action: key: Escape
[step 11] Reasoning: I accidentally triggered a right-click context menu. Let me close this menu by pressing Escape, then properly left-click on the cell.
[step 12] Action: left_click (640, 610)
[step 12] Reasoning: Good, the context menu is closed. I can see "TestEditor" is still in the cell. Now let me click on the console and try to manually inspect how the onChange works. Let me type in the console to see if there's any markdown serialization happening.

Let me click on the console input area and type a command to check for onChange events:
[step 13] Action: left_click (640, 610)
[step 13] Reasoning: I need to click on the console input at the bottom. Let me click directly on the console prompt area (the `>` symbol at the bottom of the console):
[step 14] Action: type: document.querySel...
[step 14] Reasoning: I can see the console input prompt is now active (there's a cursor `|` after the `>`). Now let me type a JavaScript command to check what's happening with the editor's onChange. Let me try to access the iframe document to find the editor component.

The page is using an iframe structure, so I should query the frame. Let me type a command to inspect the editor's content:
[step 15] Action: left_click (640, 621)
[step 15] Reasoning: Excellent! I can see the console is now showing `div.ProseMirror` as the result of the query - the command executed and returned the ProseMirror editor element. The entire editor is highlighted (shown in blue) with the dimensions `404 x 302.63`. The console shows the result `< div.ProseMirror`.

This confirms the editor is accessible. Now let me try to trigger the onChange callback by using JavaScript to simulate the editor's serialization. Let me check if there's a way to get the markdown content from the editor. Let me check the editor's innerHTML or interact with the editor to trigger the onChange.

Let me now look at the source code or check the iframe for onChange handler. First, let me try to understand the editor's structure better by looking at what's in the iframe:
[step 16] Action: left_click (640, 640)
[step 16] Reasoning: I see the editor is still highlighted in blue. Now let me click on the console input area and look at the Storybook source code to understand how onChange works. Let me navigate to the Storybook's story source file through the browser. But first, let me try a different approach - let me look at the editor's content through the console and also check if the onChange event fires.

Let me click on the console prompt area to type:
[step 17] Action: left_click (100, 640)
[step 17] Reasoning: The console input doesn't seem to have focus. Let me try clicking on the console's input area which is typically indicated by the `>` prompt at the very bottom of the console:
[step 18] Action: left_click (536, 308)
[step 18] Reasoning: I notice that the editor area is still highlighted (blue) in the canvas, and the console is showing the previous result. There's no cursor in the console input yet. Let me try a different approach and look at the Storybook's story to understand how the onChange works. 

Let me look at the "Docs" tab which might have the source code, and also let me check the "Actions" tab in the Storybook panel. First, let me try to interact with the editor directly by clicking on a table cell in the canvas to remove the blue highlight, and then observe what happens in the console.

Let me click directly on the "TestEditor" cell in the canvas:
[step 19] Action: key: Escape
[step 19] Reasoning: Another context menu appeared! I can see the browser's right-click context menu was triggered again. Let me close it by pressing Escape and then try to interact more carefully with the editor. The issue is that I'm right-clicking instead of left-clicking on the canvas/iframe area. Let me escape and try a different approach.
[step 20] Action: key: F12
[step 20] Reasoning: I see the context menu closed. The editor is still highlighted. The DevTools hover tooltip shows `div.ProseMirror.ProseMirror-focused 404 x 302.63` which tells me the element picker is still active. I notice the DevTools element inspector is in "element picker" mode which is why it's showing the element outlines when I hover.

I need to disable the element picker mode. Let me click on the "Elements" picker icon in the DevTools toolbar to toggle it off, or just press Escape to exit element inspection mode:

Let me try pressing F12 to close DevTools, then re-engage with the editor properly, and then open DevTools again:
[step 21] Action: left_click (329, 340)
[step 21] Reasoning: Excellent! Now I can see the full Storybook interface clearly! The DevTools is now closed. I can see:

1. The "Tables" story is selected in the left navigation
2. The table shows: Editor | Rank | React | Collaborative headers
3. The table has 3 rows: Prosemirror (A, No, Yes), Slate (B, Yes, No), CKEdit (C, No, Yes)
4. The "Actions" tab is now selected in the bottom panel showing: `onBlur: {name: "onBlur", args: undefined}`

**Important observation**: The table content shows "Prosemirror" (not "TestEditor") - this means the page was reset. The previous changes were NOT persisted.

Now let me:
1. Click on the "Prosemirror" cell to get focus
2. Type some text to trigger onChange
3. Watch the Actions panel for the onChange callback

Let me first click on the "Prosemirror" cell in the table:
[step 22] Action: triple_click
[step 22] Reasoning: I can see that clicking on the "Prosemirror" cell triggered an `onFocus` event in the Actions panel. The Actions panel now shows:
- `onFocus: {name: "onFocus", args: undefined}`
- `onBlur: {name: "onBlur", args: undefined}`

Now the editor has focus. I can see the cursor is in the "Prosemirror" cell. Now let me type something to trigger the onChange event. Let me select all text in the cell first and then type:
[step 23] Action: type: TestEditor
[step 23] Reasoning: I can see that triple-clicking on "Prosemirror" selected the text and showed the formatting toolbar (B, i, strikethrough, etc.). The "Prosemirror" text appears to be selected (the cell has a blue highlight). Now let me type to replace the selected text with "TestEditor" to trigger onChange:
[step 24] Action: left_click (337, 108)
[step 24] Reasoning: I can see that "Prosemirror" was replaced with "TestEditor" in the first cell of the table. However, I notice that the Actions panel still only shows:
- `onFocus: {name: "onFocus", args: undefined}`
- `onBlur: {name: "onBlur", args: undefined}`

There's NO `onChange` event being triggered! This is very interesting. The text changed in the editor, but the onChange callback is not firing in the Actions panel. Let me scroll down in the Actions panel to check if there are more events:

Wait, looking more carefully at the Actions panel, I only see `onFocus` and `onBlur`. The `onChange` event is not appearing even after typing "TestEditor" in the cell. This could be a bug - the onChange callback might not be wired up in the Tables story, or the serialization might not be working correctly.

Let me check the Storybook source code by clicking on the "Docs" tab to understand the story setup:
[step 25] Action: left_click (1205, 562)
[step 25] Reasoning: I'm now in the Docs view for the Tables story. I can see the table again with its original content (Prosemirror, Slate, CKEdit) - it shows the same table but appears to be a read-only documentation view. I can also see a "Show code" button at the bottom right. Let me click on "Show code" to see the source code for this story:
[step 26] Action: scroll down (640, 400) scroll_amount 3
[step 26] Reasoning: I can see the code is showing at the bottom: `...mple defaultValue="# Tables`. Let me scroll down to see the full code:
[step 27] Action: scroll down (640, 580) scroll_amount 3
[step 27] Reasoning: Excellent! Now I can see the source code for the Tables story! I can see:
```
<Example
  defaultValue="# Tables

Simple tables with alignment and row/col editing are supported, they can be inserted from the slash menu

| Editor | Rank | React | Collaborative |
|-----------|--------|---------|----------------|
| Prosemirror | A    |  No  |      Yes |
```

This is the markdown source for the table. The `Example` component is rendering this markdown as a table. Let me scroll down to see the rest of the code:
[step 28] Action: scroll down (640, 580) scroll_amount 2
[step 28] Reasoning: Now I can see the full source code for the Tables story:

```
<Example
  defaultValue="# Tables

Simple tables with alignment and row/col editing are supported, they can be inserted from the slash menu

| Editor     | Rank | React | Collaborative |
|------------|------|-------|---------------|
| Prosemirror | A   |  No   |      Yes      |
| Slate      | B    | Yes   |      No       |
| CKEdit     | C    |  No   |      Yes      |
"
  disableExtensions={[]}
  onBlur={() => {}}
```

**Critical Finding**: I can see that the story uses `onBlur={() => {}}` - an empty arrow function! This means there's NO `onChange` handler defined! Let me scroll down to see the rest of the props to confirm there's no onChange callback:
[step 29] Action: scroll down (640, 580) scroll_amount 2
[step 29] Reasoning: Excellent! Now I can see more of the source code:

```
<Example
  defaultValue="# Tables

Simple tables with alignment and row/col editing are supported...

| Editor     | Rank | React | Collaborative |
|------------|------|-------|---------------|
| Prosemirror | A   |  No   |      Yes      |
| Slate      | B    | Yes   |      No       |
| CKEdit     | C    |  No   |      Yes      |
"
  disableExtensions={[]}
  onBlur={() => {}}
  onCancel={function noRefCheck() {}}
  onClickHashtag={function noRefCheck() {}}
  onClickLink={function noRefCheck() {}}
  onFocus={function noRefCheck() {}}
```

I can see that there's `onBlur`, `onCancel`, `onClickHashtag`, `onClickLink`, `onFocus` - but I need to scroll down more to check if there's an `onChange` handler. Let me scroll down a bit more:
[step 30] Action: scroll down (640, 580) scroll_amount 2
[step 30] Reasoning: Now I can see the full source code for the Tables story! I can now read all the props:

```
<Example
  defaultValue="# Tables
...
"
  disableExtensions={[]}
  onBlur={() => {}}
  onCancel={function noRefCheck() {}}
  onClickHashtag={function noRefCheck() {}}
  onClickLink={function noRefCheck() {}}
  onFocus={function noRefCheck() {}}
  onHoverLink={function noRefCheck() {}}
  onSave={function noRefCheck() {}}
  onShowToast={function noRefCheck() {}}
```

**Critical Finding**: The Tables story does NOT have an `onChange` callback! The `onChange` callback is NOT present in the Tables story's props. This is why the Actions panel was not showing any onChange events when I typed "TestEditor" in the cell - the onChange callback is missing!

Let me scroll down to see if there's more, especially to see if `onChange` appears anywhere:
[step 31] Action: left_click (72, 221)
[step 31] Reasoning: Now I can see the COMPLETE source code for the Tables story. The props shown are:

```
<Example
  defaultValue="# Tables
...
"
  disableExtensions={[]}
  onBlur={() => {}}
  onCancel={function noRefCheck() {}}
  onClickHashtag={function noRefCheck() {}}
  onClickLink={function noRefCheck() {}}
  onFocus={function noRefCheck() {}}
  onHoverLink={function noRefCheck() {}}
  onSave={function noRefCheck() {}}
  onShowToast={function noRefCheck() {}}
```

And at the bottom there's a "Copy" button.

**CONFIRMED: The Tables story does NOT have an `onChange` callback!** This means the serialization output will NOT appear in the Actions panel when editing the table.

Now let me check the "Default" story which should have an `onChange` callback. Let me navigate to the Default story:
[step 32] Action: left_click (267, 108)
[step 32] Reasoning: I'm now on the "Default" story in the Docs view. I can see:
1. The editor shows "Welcome" heading with "Just an easy to use Markdown editor with slash commands"
2. There's a "Show code" button
3. Below the editor, there's a Props table with "Name", "Description", "Default", "Control" columns showing various props

The Default story appears to be the main editor without any pre-filled table content. I need to switch to the Canvas view to interact with the editor. Let me click on the "Canvas" tab:
[step 33] Action: left_click (640, 320)
[step 33] Reasoning: I'm now on the Default story Canvas view. I can see:
1. The editor shows "Welcome" heading and subtitle text
2. The Actions panel at the bottom shows `onBlur: {name: "onBlur", args: undefined}` - this means there WAS an onBlur from previous interaction

Now I need to:
1. Click on the editor to get focus
2. Use the slash command (/) to insert a table
3. Type in the table cells to trigger onChange
4. Check the console output for markdown serialization

Let me first click on the editor content area to place the cursor:
[step 34] Action: left_click (640, 248)
[step 34] Reasoning: I clicked in the editor area but the cursor doesn't seem to be visible in the editor. The actions panel still shows just `onBlur`. I need to click directly inside the editor text area. Let me click on the "Welcome" text or just below it to place the cursor:
[step 35] Action: key: End
[step 35] Reasoning: Now I can see:
1. The cursor is now visible in the editor text after "slash " (I can see the cursor `|` between "slash" and "commands" in the second line)
2. The Actions panel now shows:
   - `onFocus: {name: "onFocus", args: undefined}`
   - `onBlur: {name: "onBlur", args: undefined}`

The editor now has focus. I need to navigate to the end of the text and then press Enter to create a new line, and then use the slash command to insert a table. Let me press End to go to the end of the current line, then Enter to create a new line, then type "/" to open the slash command menu:
[step 36] Action: key: Return
[step 36] Reasoning: I can see the cursor is now at the end of the "commands" text (the cursor is visible after the "s" in "commands"). Now let me press Enter to create a new line and then type "/" to open the slash menu:
[step 37] Action: type: /
[step 37] Reasoning: I can see a new line was created with a placeholder text "Type '/' to insert..." and a "+" icon on the left. This confirms the cursor is in the correct position. Now let me type "/" to open the slash command BlockMenu to insert a table:
[step 38] Action: type: table
[step 38] Reasoning: I can see the "/" was typed and the editor is now showing a slash command trigger with a text "/ Keep typing to filter..." but the dropdown menu with options is NOT visible! The BlockMenu popup should appear with various options like Table, Heading, etc. but it seems the popup is not appearing in the visible area.

Let me type "table" to filter for the table option in the BlockMenu:
[step 39] Action: key: Escape
[step 39] Reasoning: I can see something unexpected happened! Instead of opening a dropdown menu and filtering for "table", the text was typed into the editor as separate text:
- Line 2: "/"
- Line 3: "table"
- Line 4: Empty line with "+" and placeholder "Type '/' to insert..."

This means the slash command menu did NOT open properly. The "/" and "table" were typed as separate text instead of triggering the BlockMenu. This could be a visual bug - the dropdown appeared below the visible area.

Let me undo this text and try a different approach. Let me press Escape first, then Ctrl+Z to undo:
[step 40] Action: key: ctrl+z
[step 40] Reasoning: I can see the editor still shows "/" on line 2 and "table" on line 3. The Escape didn't undo the text. Let me use Command+Z to undo the typing:
[step 41] Action: left_click (70, 329)
[step 41] Reasoning: The Ctrl+Z (undo) didn't seem to change anything - the "/" and "table" text are still there. I notice the Actions panel didn't change either. It seems the undo didn't work as expected.

Looking at the editor content again, I see the issue: the "/" is on line 2 and "table" is on line 3. The BlockMenu/slash menu did appear but it was showing elsewhere. The slash command recognition might have been working, but the dropdown appeared above or outside the visible area.

Let me try a different approach - instead of using the slash command in the Default story, let me navigate to the **Tables** story which already has a table, and test editing there. But first, let me try to delete the current text and use a different approach.

The issue is that the slash command (`/`) on line 2 appears to have triggered a new paragraph mode, and when I typed "table" it created a new paragraph. This might be expected behavior when the menu closes before I type.

Let me take a different approach. I'll navigate directly to the Tables story which has a table already, and use the DevTools console to directly test the serialization. Let me navigate to the Tables story:
[step 42] Action: key: F12
[step 42] Reasoning: I'm now on the Tables story Canvas view. I can see the table with:
- Headers: Editor | Rank | React | Collaborative
- Row 1: Prosemirror | A | No | Yes
- Row 2: Slate | B | Yes | No
- Row 3: CKEdit | C | No | Yes

The Actions panel shows `onBlur: {name: "onBlur", args: undefined}`.

Now I need to test the table editing and serialization. Let me:
1. Click on the "Prosemirror" cell to focus
2. Edit the content
3. Check if onChange fires

But I noticed from the Docs view that the Tables story doesn't have an `onChange` callback, so onChange won't appear in the Actions panel. 

Let me think about a different approach: I should use the browser's Developer Console to directly intercept the onChange event by overriding it. But a simpler approach is to use the Storybook's "Controls" tab to see if onChange can be configured.

Actually, looking at the task requirements more carefully - I need to:
1. Test table editing in the Tables story
2. Check for serialization output in the console (console.log from onChange callback)

The Tables story might still have console.log calls even though it's not in the Actions panel. Let me open DevTools and check the console while editing the table cell.

Let me open DevTools with Command+Option+J to go directly to the console:
[step 43] Action: left_click (540, 308)
[step 43] Reasoning: Now I have the DevTools Console open at the bottom and I can see the Tables story in the preview. The console shows some messages about Storybook. I can now:
1. Click on a table cell to get focus
2. Edit the content
3. Watch for any console.log output showing markdown serialization

The console is now visible. Let me click on the "Prosemirror" cell to focus and then edit it. I need to click on the cell in the Storybook iframe:
[step 44] Action: type: X
[step 44] Reasoning: I can see the "Prosemirror" cell is now focused (there's a cursor visible in the cell between "Prose" and "mirror"). The table is selected with a blue outline on the left side. Now let me type something in this cell to trigger the onChange callback and watch for console.log output:
[step 45] Action: scroll down (640, 570) scroll_amount 3
[step 45] Reasoning: I can see something important! The "X" character was inserted but it was inserted as a LINE BREAK within the "Prosemirror" cell! The cell now shows:
- Line 1: "Prose"
- Line 2: "X"
- Line 3: "mirror"

This is a **BUG** - the "X" character was inserted as a new line between "Prose" and "mirror" instead of being appended after "Prosemirror". The text input was positioned between characters in the existing text, but the character was inserted as a new paragraph break, splitting the cell content.

However, looking more carefully at the console output, I still don't see any `console.log` messages with markdown serialization output. The console still shows the same messages from before.

**Key Finding**: The table cell content changed (X was inserted) but no serialization output appeared in the console. This suggests the Tables story either:
1. Does NOT have an onChange callback with console.log
2. OR the serialization is broken/not firing

Let me scroll down in the console to check if there are any new messages:
[step 46] Action: left_click (640, 624)
[step 46] Reasoning: I can confirm that after scrolling down in the console, there are no new console.log messages from the onChange callback. The console still shows only the initial Storybook messages.

**Confirmed Bug #1**: The Tables story does NOT have an onChange callback with console.log serialization output. The table can be edited but the serialization output is not visible.

**Confirmed Bug #2**: When typing a character ("X") in the "Prosemirror" cell, the character was inserted as a LINE BREAK within the cell content, creating:
- "Prose"
- "X"  
- "mirror"

Instead of being properly inserted as: "ProseXmirror" or appended at the end. This is a potential input handling bug where the cursor position wasn't properly positioned at the end of the text.

Now let me check if the console has any serialization output by directly looking at what the onChange callback returns. Let me try to look at the story source code or use the console to execute JavaScript to access the editor's serialization.

Let me try to execute a JavaScript command in the console to directly access the editor content and test serialization. First, let me click on the console input:
[step 47] Action: left_click (640, 624)
[step 47] Reasoning: I need to click on the actual console input at the bottom. Let me try clicking the `>` prompt at the very bottom of the console:
[step 48] Action: left_click (22, 624)
[step 48] Reasoning: I can see the console area with the prompt `>` at the bottom. Let me click directly on the `>` prompt area to get focus there:
[step 49] Action: type: document.querySel...
[step 49] Reasoning: Now I can see the console input `> |` (with a cursor blinking after the `>`) at the bottom. The console input is now focused. Let me type a JavaScript command to test the serialization. I'll try to access the editor's content through the iframe and test the markdown serialization:
[step 50] Action: left_click (640, 624)
[step 50] Reasoning: Excellent! The command executed and returned the HTML content of the editor! I can see the HTML output in the console at the bottom. The command `document.querySelector('iframe').contentDocument.querySelector('.ProseMirror').innerHTML` worked and returned the HTML structure.

Now let me try to access the editor's serialization by finding the component's onChange callback. Let me try a more targeted approach - let me look for the editor's view and its state to get the markdown serialization. Let me type in the console prompt to get the serialized markdown:
[step 51] Action: left_click (640, 637)
[step 51] Reasoning: The console shows the previous command result. Now let me try to access the editor's onChange event or look for the serialization by checking if the editor has an exposed API. Let me click at the bottom of the console to type a new command - I need to find the React component instances or the editor's view to trigger serialization:
[step 52] Action: key: ctrl+l
[step 52] Reasoning: I can see the console input is now at the bottom with the `> |` cursor visible. Now let me type a command to access the Storybook iframe's window and try to find the React component's serialization. Let me try accessing the editor's view state directly:
[step 53] Action: left_click (640, 570)
[step 53] Reasoning: The console was cleared with Ctrl+L and now I can see the previous command output and a fresh new console with just:
- `> document.querySelector('iframe').contentDocument.querySelector('.ProseMirror').innerHTML`
- And the HTML result below it in blue color

The console input area is now at the bottom. I can see the console is clear and ready for input. Now let me look at the source file to understand how the story is implemented. Let me navigate to the source via the Sources tab to understand the `onChange` callback. 

But more importantly, let me try to use the console to directly intercept and capture the serialization. First, let me check the source files to understand what's happening. Let me click on the "Sources" tab:

Actually, let me first try a more direct approach - let me access the Storybook's iframe window and look for the editor's React components to trigger serialization output. Let me click on the console input area and type:
[step 54] Action: left_click (159, 483)
[step 54] Reasoning: I can see the console still shows the previous output. The console input is not focused. Let me try the Sources tab to look at the story code directly. First, let me look at the story source from the Storybook "Story" view to understand the onChange setup, then let me navigate to the story source code to understand how serialization is handled.

Let me try clicking on the "Sources" tab in the DevTools:
[step 55] Action: left_click (114, 483)
[step 55] Reasoning: Good, I'm now in the Sources tab. I can see a file listed as `?path=story/editor--ta...` which seems to be the current story page. Let me look at the available source files to find the story implementation. I'll need to expand the file tree or search for the story source.

Let me go back to the Console tab and try to directly look at the source code by accessing it through a URL. Let me look at the Storybook source code by navigating to the story source. Let me click on the Console tab:
[step 56] Action: Open url: http://localhost:6006/main.iframe.bundle.js
[step 56] Reasoning: I'm back on the Console tab. I can see the console with the previous HTML output. Now let me look at the story source by checking the URL of the story source file. Let me use the console to look at how the "Tables" story is implemented by accessing the source.

Actually, let me take a more direct approach. I know that the Storybook is using an `Example` component. Let me navigate to `localhost:6006` and look for the story source files. But more importantly, let me navigate directly to the story source code by looking for the `editor.stories.js` or `editor.stories.tsx` file.

Let me try to navigate to the source file through the browser by directly accessing the Storybook's story source URL. First, let me check what's available:

Actually, let me think about this differently. The task asks me to:
1. Test table editing
2. Check if onChange serializes correctly

I've already established that:
- The Tables story has a table that can be edited
- Typing "X" in the "Prosemirror" cell inserted the character as a line break (Bug #1)
- No onChange event/console.log output appears when editing (Bug #2 - missing onChange)

Let me now try to look at the story source code by navigating to the Storybook file. Let me look at what files are available:
[step 57] Action: key: ctrl+f
[step 57] Reasoning: I can see the Storybook bundle.js file. This is the compiled webpack bundle. I can see it references `.storybook/generated-stories-entry.js` and `.storybook/preview.js`. 

Let me navigate back to the Storybook and look for the story source through a more targeted search. The story source files are in the `src` directory. Let me use Ctrl+F to search for "Tables" story code within this bundle:
[step 58] Action: key: cmd+f
[step 58] Reasoning: The search box didn't appear. Let me try using Command+F instead:
[step 59] Action: type: Tables
[step 59] Reasoning: The search box appeared in the top right (I can see a text input field). Now let me search for "onChange" to find where the onChange callback is defined in the story:
[step 60] Action: triple_click
[step 60] Reasoning: I can see the search found the word "Tables" in the code. The page scrolled to show code related to table selection positioning. I can see:
- `// tables are an oddity, and need their own positioning logic`
- Code for `isColSelection` and `isRowSelection` 

This is the internal editor code handling table positioning. The search found "Tables" in the source code. Let me now search for "onChange" to find where the serialization happens:
[step 61] Action: type: console.log
[step 61] Reasoning: I can see the search box shows "Tables" and I've triple-clicked on it to select the text. Now let me type "onChange" to search for the onChange callback:
[step 62] Action: key: Return
[step 62] Reasoning: Excellent! The search for "console.log" found matches in the code. I can see:
- `console.log("Node before not a list item");`

This is a console.log inside the editor code, but it's not related to onChange. This is inside an "Alt-ArrowUp" command handler and it logs when there's an error condition.

The search highlighted `console.log` in the code. This indicates there are console.log calls in the minified bundle. Let me search for the next occurrence to see if there are any onChange-related console.logs. Let me press Enter to go to the next match:
[step 63] Action: key: Return
[step 63] Reasoning: Excellent! Now I can see very important code! I can see:
1. `console.log("Node after not a list item");` - Another debug console.log
2. **`key: "toMarkdown"`, `value: function toMarkdown(state, node) { state.renderContent(node); }`** - This is the `toMarkdown` function!
3. **`key: "parseMarkdown"`, `value: function parseMarkdown()`** - This is the `parseMarkdown` function!

These are the key serialization/deserialization functions for the editor. The `toMarkdown` function converts the node to markdown by calling `state.renderContent(node)`. This is the core of the serialization.

This is very important! The `toMarkdown` and `parseMarkdown` are defined in the bundle. Let me continue to look at the next console.log occurrences to find if there's any logging in the onChange path. Let me press Enter again to go to the next match:
[step 64] Action: key: Return
[step 64] Reasoning: Now I can see another console.log:
- `console.log("Searched link: ", term);` // Delay to simulate time taken for remote API request to complete

And I can see there are also functions like `onCreateLink`, `onSearchLink`, and the `onSearchLink` function includes:
- Search functionality for links
- `docSearchResults.filter(...)` - filtering search results

This is the story's helper function code. This is NOT related to the onChange serialization. Let me continue pressing Enter to find more console.logs related to onChange:
[step 65] Action: key: Return
[step 65] Reasoning: Now I can see VERY IMPORTANT code! I can see:
1. `console.log("File upload triggered: ", file);` // Delay to simulate time taken to upload - This is in the `uploadImage` function
2. The `uploadImage` function creates an object URL: `resolve(URL.createObjectURL(file));`
3. Below that: `embeds: embeds`, `}, props))` - these are props being passed
4. `Example.displayName = "Example";` - This confirms the `Example` component
5. `stories.displayName = "stories";` and `stories.__docgenInfo = { "description": "", "displayName": "stories", "props": {} }` - This is the Storybook stories metadata

**Key Finding**: The `uploadImage` function in the story has a `console.log("File upload triggered: ", file)`. This means when an image is uploaded (or pasted), there SHOULD be a console.log output. But there's no `onChange` console.log!

Let me look further down to see where the story's `onChange` handler is defined. Let me press Enter to find the next console.log:
[step 66] Action: key: Escape
[step 66] Reasoning: Now I can see:
- `return console.log(key + ' was not supported :( !');` - This is inside a `default` case of a switch statement, likely for Storybook actions/globals handling.
- Below that, we see `/**** }).` which indicates the end of a webpack module
- Then the start of `.storybook/storybook-init-framework-entry.js` 

The `console.log(key + ' was not supported :( !')` is in the Storybook client API, not in the story itself.

Now I understand the situation more clearly. Let me go back to the Storybook Tables story and look for the Example component's onChange handler. Let me scroll up in the bundle to find where the `onChange` is defined in relation to the Tables story.

Let me close this tab and go back to the Storybook Tables story. I need to navigate back and look at what happens when I edit table cells. Let me navigate back:
[step 67] Action: left_click (604, 33)
[step 67] Reasoning: Good, the search was closed. Now let me navigate back to the Storybook Tables story by clicking on the "Editor - Tables - Storybook" tab:
[step 68] Action: left_click (657, 398)
[step 68] Reasoning: Now I can see the Storybook Tables story with:
1. The DevTools console open at the bottom
2. The table visible in the Canvas view
3. **Very importantly**: The table still shows the bug I found earlier! The "Prosemirror" cell has been changed to show:
   - "Prose"
   - "X"
   - "mirror"
   
   This confirms that when I typed "X" earlier, it split the "Prosemirror" text across three lines with the "X" as a line break inserted in the middle!

4. There's a "Storybook 10.3.5 is available!" notification popup

5. The console at the bottom shows:
   - The previous `document.querySelector('iframe')...innerHTML` command result
   - An HTML string (the editor's content)

Let me close the "Storybook update" notification and then focus on testing. Let me click on the X to close the notification:
[step 69] Action: left_click (640, 61)
[step 69] Reasoning: The notification has been closed. Now I can clearly see the table with the bug:
- The "Editor" column first cell shows: "Prose", "X", "mirror" (on 3 separate lines)
- This was caused by my earlier typing of "X" which created a line break

Let me now use the console to get the markdown serialization of the current editor content. I need to click on the table cell first to get focus, then trigger the onChange callback through JavaScript.

Let me first clear the editor state by reloading the Tables story. Let me navigate to the Tables story fresh:
[step 70] Action: key: Return
[step 70] Reasoning: I accidentally clicked on the URL bar, which shows the current URL `localhost:6006/?path=story/editor--tables`. I also see the "Ask Google about this page" suggestion. The URL is selected in the address bar. Let me press Enter to reload the page and reset the editor to its initial state:
[step 71] Action: wait
[step 71] Reasoning: The iframe portion of the page now shows "无法访问此网站" (Cannot access this website) - `ERR_CONNECTION_REFUSED`. This is the iframe content that loaded `localhost` (plain port 80) instead of `localhost:6006`. The page itself is still loading (the tab shows it's loading).

Wait - looking at this more carefully, I see the URL bar shows `localhost:6006/?path=story/editor--tables` which is correct. But the inner iframe is trying to connect to `localhost` (port 80) which is refused. This is the Storybook's canvas iframe that's trying to load the story in its own iframe context.

The page is still loading. Let me wait for it to fully load:
[step 72] Action: Open url: http://localhost:6006/?path=story/editor--tables
[step 72] Reasoning: The page still shows "无法访问此网站" (Cannot access this website) for the iframe. The Storybook seems to have an issue where the canvas iframe is trying to load `localhost` (port 80) instead of `localhost:6006`. 

Looking at the URL bar, I can confirm the page is at `localhost:6006/?path=story/editor--tables`. The outer Storybook page loaded correctly, but the inner iframe (Canvas) is failing to connect.

This might be a Storybook "Responsive" mode issue where the canvas is showing the story in a separate viewport. The DevTools response mode `500 x 506` might have caused the canvas iframe to lose its correct src attribute.

Let me navigate directly to the Storybook URL to reload properly:
[step 73] Action: left_click (450, 33)
[step 73] Reasoning: The page shows "无法访问此网站" (Cannot access this website) with `ERR_CONNECTION_REFUSED`. The URL shows `localhost:6006/?path=story/editor--tables`. It seems the Storybook server might have crashed or stopped when I navigated away! The `localhost:6006` server appears to be refusing connections.

Wait - looking at the tab bar, I can see there are multiple tabs:
1. Tab 1: POWERFUL WEIGHTY W...
2. Tab 2: [::] (this seems to be the Storybook)
3. Tab 3: [::] (another tab)
4. Tab 4: localhost (with the bundle file - closed)
5. New tab: localhost (the current one that's failing)

The Storybook was running on one of the `[::]` tabs! Let me click on the `[::]` tab to go back to the working Storybook:
[step 74] Action: left_click (290, 33)
[step 74] Reasoning: This tab shows `[::]:8080` (IPv6 localhost on port 8080) with error "该网页无法正常运作" (This webpage cannot work properly) - `ERR_EMPTY_RESPONSE`. This is not the Storybook tab.

Let me check the other `[::]` tab that's on the left:
[step 75] Action: left_click (766, 33)
[step 75] Reasoning: This tab also shows `[::]:8080` with `ERR_EMPTY_RESPONSE`. Both `[::]` tabs are showing the same error. Now let me check the `localhost:6006/main.iframe.bundle.js` tab which was the original working tab:
[step 76] Action: Open url: http://localhost:6006/?path=story/editor--tables
[step 76] Reasoning: Interesting! The tab that was previously showing `localhost:6006/main.iframe.bundle.js` has now changed to show "Svelte Highlight v7.1.1" on `localhost:5173`! This is a different page entirely - it shows "500 Internal Error" and "Site last updated 4/19/2026, 1:27:36 AM". This appears to be a Svelte-based website, not the Storybook.

The tabs have been reorganized. It looks like the original Storybook tab was the one labeled "Editor - Tables - Storybook" but that tab is no longer visible. 

Wait - let me look at the tab bar more carefully. I see:
1. Tab 1: POWERFUL WEIGHTY W...
2. Tab 2: [::] (with volume icon)
3. Tab 3: [::] 
4. Tab 4 (current): Svelte Highlight (localhost:5173 - 500 Internal Error)

The Storybook tab seems to have closed! Let me navigate directly to the Storybook URL:
[step 77] Action: wait
[step 77] Reasoning: The `localhost:6006` is now showing `ERR_CONNECTION_REFUSED`! The Storybook server appears to have stopped. The page shows "无法访问此网站" (Cannot access this website) with `ERR_CONNECTION_REFUSED`.

I can see a Chrome tab preview showing "localhost" with "localhost:6006" memory usage of 17.9 MB - this is the tab I just opened. 

The Storybook server at `localhost:6006` is no longer running. This is a major issue! The server must have stopped when the page was reloaded or timed out.

Wait - let me look at this more carefully. The original task says "当前Chrome浏览器已打开Storybook页面(rich-markdown-editor)，地址是http://localhost:6006". This implies there's a server running. But now it's showing ERR_CONNECTION_REFUSED.

Let me wait a moment and try again - the server might need time to restart:

==================================================
Task: 当前Chrome浏览器已打开Storybook页面(rich-markdown-editor)，地址是http://localhost:6006。测试表格单元格内粘贴图片后的序列化功能。步骤：1. 在Storybook左侧导航中找到编辑器故事（Default或类似的）；2. 点击编辑器获取焦点；3. 创建一个表格（可通过输入/打开BlockMenu选择Table，或直接输入markdown表格语法）；4. 如果编辑器没有创建表格的功能，尝试在编辑器内查找是否有已有的表格内容；5. 如果可以创建表格，在表格的某个单元格中尝试插入内容（比如输入文字）；6. 检查编辑器下方或控制台中是否有Markdown序列化输出（在Storybook的onChange回调中可能有console.log）；7. 如果能在console中看到序列化输出，观察表格内容是否正确序列化。注意：这个测试的核心是表格中粘贴图片后序列化是否正确，但由于在浏览器中很难模拟图片粘贴，请重点测试表格的基本编辑和序列化功能。禁止打开Terminal/Finder。
Status: STOPPED_BY_USER
Total steps: 77
Last action: wait
Last reasoning: The `localhost:6006` is now showing `ERR_CONNECTION_REFUSED`! The Storybook server appears to have stopped. The page shows "无法访问此网站" (Cannot access this website) with `ERR_CONNECTION_REFUSED`.

I can see a Chrome tab preview showing "localhost" with "localhost:6006" memory usage of 17.9 MB - this is the tab I just opened. 

The Storybook server at `localhost:6006` is no longer running. This is a major issue! The server must have stopped when the page was reloaded or timed out.

Wait - let me look at this more carefully. The original task says "当前Chrome浏览器已打开Storybook页面(rich-markdown-editor)，地址是http://localhost:6006". This implies there's a server running. But now it's showing ERR_CONNECTION_REFUSED.

Let me wait a moment and try again - the server might need time to restart:

==================================================

UI window closed
