Session created: sess-20260417164851-d39340f5530b41ffa0c56b9e46b57f0d
UI panel initialized successfully
UI window displayed
Expected result: 在 CSS 或 HTML 编辑器中使用 IntelliSense 自动补全功能时，从下拉列表中选择建议项后，所选内容应正确插入到编辑器中，不应弹出任何异常错误信息。
[step 0] Action: Initializing
[step 0] Reasoning: Initializing session connection
[step 0] Action: Open url: https://localhost:3000
[step 1] Action: screenshot
[step 1] Reasoning: I can see the page shows a "Failed to compile" error. This is a TypeScript compilation error in the Script Lab application. Let me check if there's another tab already open with Script Lab, or if I need to navigate further.
[step 2] Action: left_click (190, 62)
[step 2] Reasoning: The page shows a "Failed to compile" error with a TypeScript error at line 39. The error is:

```
Type '(model: ITextModel, position: Position) => { label: string; documentation: string; kind: CompletionItemKind; insertText: string; }[]' is not assignable to type '(model: ITextModel, position: Position, context: CompletionContext, token: CancellationToken) => ProviderResult<CompletionList>'
```

This is specifically related to the `provideCompletionItems` function in the editor utilities - which is the IntelliSense/autocomplete functionality we're supposed to test. The error says "This error occurred during the build time and cannot be dismissed."

Let me check if there's a different URL or port that might work, or if there are other pages. Let me try navigating to the root to see if there's a working version.
[step 3] Action: key: Escape
[step 3] Reasoning: I can see the URL bar is selected. The page is currently at `https://localhost:3000/#`. The application shows a "Failed to compile" error. Let me try refreshing the page first to see if the compilation issue is temporary.
[step 4] Action: key: F5
[step 4] Reasoning: The application shows a "Failed to compile" error. The error message says "This error occurred during the build time and cannot be dismissed." Let me analyze the error more carefully:

The error is in `/Users/worker04/.openclaw/workspace/bughunt/script-lab/packages/editor/src/pages/Editor/store/editor/utilities.ts` at line 39, in the `provideCompletionItems` function. The TypeScript error TS2322 indicates a type mismatch - the `provideCompletionItems` function signature doesn't match what Monaco editor expects.

This is a **build-time compilation error** that prevents the Script Lab editor from even loading. The error is specifically in the IntelliSense completion provider code. Let me try refreshing the page to check if it's a transient issue.
[step 5] Action: key: ctrl+shift+r
[step 5] Reasoning: The "Failed to compile" error persists after refreshing. This is a persistent build-time error. The application cannot load due to a TypeScript compilation error in the IntelliSense completion provider code.

Let me check the error details more carefully. The error is in the file `packages/editor/src/pages/Editor/store/editor/utilities.ts` at line 39, specifically in the `provideCompletionItems` function. The error TS2322 shows that the function signature is:

```typescript
provideCompletionItems: (model, position) => {
```

But Monaco editor expects it to have the signature:
```typescript
provideCompletionItems: (model: ITextModel, position: Position, context: CompletionContext, token: CancellationToken) => ProviderResult<CompletionList>
```

The return type also doesn't match - the current implementation returns a plain array `{}[]` instead of `ProviderResult<CompletionList>`.

This is a **critical bug** in the application that prevents the entire Script Lab editor from functioning. The bug is specifically in the IntelliSense/autocomplete implementation.

Let me try one more time with a hard refresh to make sure this isn't a caching issue:
[step 6] Action: DONE
[step 6] Reasoning: The error persists even after a hard refresh. This is definitively a build-time compilation error that prevents the Script Lab editor from loading at all. 

## 测试结果报告

**测试失败 - 应用程序存在严重编译错误**

### 问题描述

在 `https://localhost:3000` 打开 Script Lab 应用时，页面显示 **"Failed to compile"** 错误，应用程序完全无法加载，导致无法执行任何后续测试步骤。

### 错误详情

**错误文件**: `/Users/worker04/.openclaw/workspace/bughunt/script-lab/packages/editor/src/pages/Editor/store/editor/utilities.ts`（第 39 行）

**错误类型**: TypeScript 类型错误 TS2322

**错误内容**:
```
Type '(model: ITextModel, position: Position) => { label: string; documentation: string; kind: CompletionItemKind; insertText: string; }[]' is not assignable to type '(model: ITextModel, position: Position, context: CompletionContext, token: CancellationToken) => ProviderResult<CompletionList>'
```

**具体问题**: 在 `monaco.languages.registerCompletionItemProvider('libraries', {...})` 中，`provideCompletionItems` 函数的签名不符合 Monaco Editor API 的要求：
- **当前签名**: `(model, position) => {...}[]`（缺少 `context` 和 `token` 参数，返回类型为普通数组）
- **要求签名**: `(model, position, context, token) => ProviderResult<CompletionList>`（需要4个参数，返回 `ProviderResult<CompletionList>` 类型）

### Bug 严重性

**严重（Critical）** - 这是一个**构建时错误**，导致整个 Script Lab 编辑器无法启动。IntelliSense 自动补全功能的实现代码存在 TypeScript 类型不匹配的 Bug，且该错误"occurred during the build time and cannot be dismissed"，无法通过刷新或忽略来解决。

### 影响范围

由于应用无法编译和加载，以下所有测试步骤均无法执行：
- ❌ 步骤1：创建新的代码片段
- ❌ 步骤2：导航到 CSS 标签页
- ❌ 步骤3：输入字母 m
- ❌ 步骤4：等待 IntelliSense 下拉列表
- ❌ 步骤5：选择 CSS 属性

**结论**: 测试 **FAIL** - Script Lab 应用由于 `provideCompletionItems` 函数类型签名错误导致构建失败，IntelliSense 自动补全功能无法测试。
Evaluating task result...

==================================================
Task: 请在 Chrome 中打开 https://localhost:3000 并执行以下测试（注意是 HTTPS，如果提示证书不安全，点击高级/继续访问）。测试 Script Lab 代码编辑器中 CSS 标签页的 IntelliSense 自动补全功能。步骤：1. 打开 Script Lab 应用后，创建一个新的代码片段（snippet）。2. 导航到 CSS 标签页，可以看到已有一些默认的样式定义。3. 在第一个样式之后按 Enter 换行，然后输入字母 m。4. 等待 IntelliSense 自动补全下拉列表出现，从列表中点击选择一个 CSS 属性（例如 margin-block-start）。5. 观察选中的属性是否被正确插入到编辑器中，整个过程应无异常错误弹出。始终在浏览器内操作，禁止打开 Terminal 或其他应用程序。如果在浏览器中找不到目标功能，直接报告 unclear。
Status: COMPLETED
Total steps: 6
Last action: DONE
Last reasoning: The error persists even after a hard refresh. This is definitively a build-time compilation error that prevents the Script Lab editor from loading at all. 

## 测试结果报告

**测试失败 - 应用程序存在严重编译错误**

### 问题描述

在 `https://localhost:3000` 打开 Script Lab 应用时，页面显示 **"Failed to compile"** 错误，应用程序完全无法加载，导致无法执行任何后续测试步骤。

### 错误详情

**错误文件**: `/Users/worker04/.openclaw/workspace/bughunt/script-lab/packages/editor/src/pages/Editor/store/editor/utilities.ts`（第 39 行）

**错误类型**: TypeScript 类型错误 TS2322

**错误内容**:
```
Type '(model: ITextModel, position: Position) => { label: string; documentation: string; kind: CompletionItemKind; insertText: string; }[]' is not assignable to type '(model: ITextModel, position: Position, context: CompletionContext, token: CancellationToken) => ProviderResult<CompletionList>'
```

**具体问题**: 在 `monaco.languages.registerCompletionItemProvider('libraries', {...})` 中，`provideCompletionItems` 函数的签名不符合 Monaco Editor API 的要求：
- **当前签名**: `(model, position) => {...}[]`（缺少 `context` 和 `token` 参数，返回类型为普通数组）
- **要求签名**: `(model, position, context, token) => ProviderResult<CompletionList>`（需要4个参数，返回 `ProviderResult<CompletionList>` 类型）

### Bug 严重性

**严重（Critical）** - 这是一个**构建时错误**，导致整个 Script Lab 编辑器无法启动。IntelliSense 自动补全功能的实现代码存在 TypeScript 类型不匹配的 Bug，且该错误"occurred during the build time and cannot be dismissed"，无法通过刷新或忽略来解决。

### 影响范围

由于应用无法编译和加载，以下所有测试步骤均无法执行：
- ❌ 步骤1：创建新的代码片段
- ❌ 步骤2：导航到 CSS 标签页
- ❌ 步骤3：输入字母 m
- ❌ 步骤4：等待 IntelliSense 下拉列表
- ❌ 步骤5：选择 CSS 属性

**结论**: 测试 **FAIL** - Script Lab 应用由于 `provideCompletionItems` 函数类型签名错误导致构建失败，IntelliSense 自动补全功能无法测试。

==================================================

UI window closed
