Session created: sess-20260417200703-68b79d31876d4323bc22bc584d046df7
UI panel initialized successfully
UI window displayed
Expected result: console.log(null)正常输出null值，页面不崩溃，runner正常工作。如果console.log(null)导致页面崩溃或报错，则为abnormal。
[step 0] Action: Initializing
[step 0] Reasoning: Initializing session connection
[step 0] Action: screenshot
[step 1] Action: left_click (200, 300)
[step 1] Reasoning: The Script Lab page is already loaded. I can see the Monaco code editor with some existing code. The task panel is visible in the top right. Let me click on the editor area and then select all code and replace it with the required test code.
[step 2] Action: key: Escape
[step 2] Reasoning: A context menu appeared. I need to close it and use a proper left click (not right click). Let me press Escape to close the menu and then left click on the editor.
[step 3] Action: key: cmd+a
[step 3] Reasoning: The context menu is closed. The editor appears to have focus (cursor visible on line 7). Now I'll select all the code with Cmd+A and then delete it, then type the new code.
[step 4] Action: key: Delete
[step 4] Reasoning: All code is selected (shown with highlight). Now I'll delete the selected code and type the new test code.
[step 5] Action: type: console.log(null)...
[step 5] Reasoning: The editor is now empty with the cursor on line 1. Now I'll type the test code:
[step 6] Action: left_click (207, 98)
[step 6] Reasoning: The code has been entered successfully:
- Line 1: `console.log(null);`
- Line 2: `console.log(undefined);`
- Line 3: `console.log(0);`
- Line 4: `console.log('');`

Now I'll click the "Run" button in the toolbar to execute the code.
[step 7] Action: left_click (14, 61)
[step 7] Reasoning: Clicking the Run button navigated the page to `localhost:3200/?backButton=true` which shows an "ERR_CONNECTION_REFUSED" error - this is not the expected behavior. The Run button appears to have opened a new page instead of running the code in a runner panel. 

I need to go back to the Script Lab page. Let me click the back button or navigate back.
[step 8] Action: left_click (207, 98)
[step 8] Reasoning: I'm back on the Script Lab page with the code intact. The Run button apparently tries to open a runner in a separate page at `localhost:3200` which is not running. 

Looking at the Script Lab interface, I notice the page seems to have a collapsed panel on the right side (I can see a "G" button near the top right of the editor area). Script Lab normally shows a split view with the editor on the left and a runner panel on the right. Let me look at the right side of the screen more carefully. I can see there seems to be a narrow panel indicator around x=1050.

Let me try clicking the Run button again - but this time I'll observe carefully. The issue might be that Script Lab's runner needs port 3200 to be running. However, I notice there's a small area on the right side that seems to be collapsed. Let me check if there's a way to show the runner in the same page.

Let me try clicking the Run button (▶ Run) at the top toolbar again to see what happens:
[step 9] Action: left_click (14, 61)
[step 9] Reasoning: The Run button consistently navigates to `localhost:3200/?backButton=true` which shows ERR_CONNECTION_REFUSED. This confirms the Script Lab runner service at port 3200 is not running.

Let me go back to the Script Lab page and check if there's another way to run the code. The Script Lab may have a different runner URL (perhaps using HTTPS or a different port). Let me navigate back and look for other options.
[step 10] Action: Open url: https://localhost:3200
[step 10] Reasoning: I'm back on the Script Lab page. The Run button seems to navigate to `localhost:3200`. Let me check if there's a runner at HTTPS port 3200. Also, I notice that when clicking Run, it seems to try to open `localhost:3200` (HTTP, not HTTPS). Let me try navigating to `https://localhost:3200` to see if the runner is there with SSL.

But first, let me look at the right side of the current page more carefully. There's a narrow area with a "G" button - this might be the collapsed runner panel. Let me try to look at the area to the right of the editor.

Looking at the first screenshot, I can see the editor takes up the full width. In Script Lab, there's usually a split view. Let me check if there's a way to show the runner panel by looking at the current URL (https://localhost:3000/#) and the interface.

Let me try navigating to `https://localhost:3200` to see if the runner is available:
[step 11] Action: key: cmd+w
[step 11] Reasoning: Port 3200 is also not running. The runner service is not available. Let me go back to the Script Lab tab and investigate the interface more carefully. Maybe the runner opens in an iframe or there's a different way to run it.

Let me close this tab and go back to the Script Lab tab:
[step 12] Action: left_click (1050, 115)
[step 12] Reasoning: I'm back on the Script Lab page. Looking at the interface, I notice:
1. The code is intact in the editor (4 lines of console.log calls)
2. There's a narrow area on the right side (around x=1050) that seems collapsed
3. The page URL is `https://localhost:3000/#`

Looking at the Script Lab interface, when the Run button is clicked, it seems to try to open the runner in a new location (`localhost:3200`). In Script Lab, the runner normally runs on a separate port. Since port 3200 is not available, the run function fails.

Let me check if there's a runner embedded in the page. I can see there seems to be something at the right edge around x=1050. Let me try to expand the right panel by clicking on that area or looking for a way to show the runner inline.

Let me look more carefully at the right side of the page:
[step 13] Action: screenshot
[step 13] Reasoning: No changes visible. The editor fills the entire available space. Let me look at the Script Lab page URL more carefully. The URL is `https://localhost:3000/#`. 

Looking at the Script Lab interface in the browser, I notice:
- The editor is full-screen on the left 
- There might be a hidden right panel

The Script Lab application (from the GitHub repo) typically shows a "Run" pane on the right side. When you click Run, it should load the runner iframe in the right panel. The fact that the Run button navigates to `localhost:3200` suggests the runner is trying to open in a separate frame.

Let me try using the hamburger menu (☰) to see if there are other options, and also let me look at the current page URL more carefully. Looking at the very first screenshot, I see the page is at `https://localhost:3000/#` which is the editor view.

In Script Lab, clicking "Run" should split the view or open a runner panel on the right side. Let me try clicking the Run button and observing closely - maybe the runner does open but I just see the "go back" button which indicates there IS a runner frame but it's at a different URL.

Wait - looking more carefully at the Run behavior: when I click Run, it navigated the page to `localhost:3200/?backButton=true` - this suggests the ENTIRE page navigated away, rather than showing a split view. This is a bug - the Run button is navigating the whole page to the runner URL instead of opening a runner iframe.

Let me try to see the current state of the page more carefully. Maybe in Script Lab, there's a right-side "Run" panel that's already visible but I'm missing it. Let me check the right edge of the browser:
[step 14] Action: Minimize panel
[step 14] Reasoning: I can see the Script Lab page with the code. The editor fills the entire left side of the window. The task panel widget is on the right side. Looking carefully at the original interface in the first screenshot, there was a section showing "G" button on the right side at around x=1050, y=115 - this seems to be part of the task panel widget.

Let me look at the right side of the browser window more carefully. The task panel widget is overlapping what could be the right panel of the Script Lab interface. Let me minimize the task panel to see if there's anything hidden underneath.
[step 15] Action: left_click (207, 98)
[step 15] Reasoning: Now I can see the full Script Lab interface without the task panel overlay. The editor takes up the full width of the screen with the 4 lines of code I entered. I can now see the Run button clearly. There's no right panel visible - the editor is full-screen.

This Script Lab appears to be a single-page app running on localhost:3000. When I click Run, it tries to open the runner at localhost:3200. Since port 3200 isn't accessible, the run fails.

However, looking at the original first screenshot more carefully, the first screenshot showed the Script Lab page at `https://localhost:3000/#` with the editor showing code. This is the editor panel. In a standard Script Lab setup, there should be a runner panel that opens to the right of the editor. 

Let me try clicking the Run button now that the task panel is minimized and see what actually happens - maybe the runner loads in the same tab but the task panel was obscuring it:
[step 16] Action: left_click (14, 61)
[step 16] Reasoning: The page again navigated to `localhost:3200/?backButton=true` with ERR_CONNECTION_REFUSED. This confirms that clicking the Run button is causing a full page navigation to `localhost:3200` instead of loading the runner in a right-side panel or iframe. This is a bug in the application.

Looking at the URL - it's HTTP `localhost:3200` not HTTPS. Let me try `https://localhost:3200` to see if the runner is there with SSL:
[step 17] Action: left_click (1203, 88)
[step 17] Reasoning: I'm back on the Script Lab page. There's a Google Translate popup showing. Let me dismiss it and focus on finding the right way to run the code.

Looking at the Script Lab setup, in some versions, the runner is embedded in the same page. The behavior I'm seeing (Run button navigating to localhost:3200) suggests this is a bug - the app should show a split-panel runner but instead is doing a full page navigation.

Let me close the translate popup and try a different approach - let me check if the Script Lab has a different URL format for the runner embedded in the page:
[step 18] Action: left_click (190, 61)
[step 18] Reasoning: Good, the translate popup is dismissed. I'm back on the Script Lab editor page with the 4 lines of code. 

Looking at the page carefully, I see:
- The URL is `https://localhost:3000/#`
- The editor is full-screen (no right panel visible)
- The Run button is visible in the top toolbar

The Script Lab application seems to be a "playground" for Office Add-ins with a runner that runs on port 3200. The issue is that port 3200 is not running, causing the ERR_CONNECTION_REFUSED error when Run is clicked.

Let me check if there's a way to navigate to the runner URL with HTTPS. In some Script Lab setups, the runner is at `https://localhost:3200`. Let me navigate there directly to accept the SSL certificate (similar to how we accessed port 3000):

Let me try navigating to `https://localhost:3200` to see if the SSL version of the runner is available:
[step 19] Action: type: https://localhost...
[step 19] Reasoning: Good, the address bar is focused showing the current URL. Let me type the HTTPS runner URL:
[step 20] Action: screenshot
[step 21] Action: left_click (165, 89)
[step 21] Reasoning: I see the address bar shows `https://localhost:3200` and there's a dropdown suggesting `https://localhost:3200`. It seems the Enter key pressed already navigated but perhaps it landed back here. Let me click on the suggested URL `https://localhost:3200`:
[step 22] Action: left_click (14, 61)
[step 22] Reasoning: The URL shows `localhost:3200` (HTTP, not HTTPS) which is refusing connection. The runner service at port 3200 is not running at all.

Let me go back to the Script Lab page and investigate the page source to understand how the Script Lab runner is supposed to work. Maybe there's a way to access the runner from the page itself. Let me also look at what happens when I navigate to the Script Lab runner URL format. In Script Lab, the runner URL is typically constructed with the snippet data.

Let me navigate back to the Script Lab page:
[step 23] Action: left_click (1203, 88)
[step 23] Reasoning: I'm back on the Script Lab page. The Google Translate popup is showing again. Let me close it and look at how the script lab is configured by checking the browser's developer tools.

Let me close the translate popup first:
[step 24] Action: key: F12
[step 24] Reasoning: Good, the popup is dismissed. I'm on the Script Lab page. Let me use Chrome DevTools to understand what the Run button does and look at the page source. Let me open DevTools with F12:
[step 25] Action: left_click (114, 589)
[step 25] Reasoning: Excellent! Now I can see the Script Lab interface in a "responsive" view mode because DevTools is open. This is very helpful! I can now see:
1. The Script Lab editor with the 4 lines of code visible
2. The Run button is visible in the toolbar
3. The DevTools Console is showing at the bottom with some log messages
4. There are 2 errors showing in the DevTools

Looking at the page, the Script Lab is now shown in a smaller viewport (responsive mode). I can see the interface more clearly. The Run button (▶ Run) is visible in the toolbar.

Let me switch to the Console tab in DevTools and also try to click the Run button. But first, let me check the Console tab to see what errors are there:
[step 26] Action: left_click (588, 134)
[step 26] Reasoning: The DevTools Console tab is now active. I can see the Script Lab editor in the preview pane above and the DevTools below. 

Looking at the interface, I can see the Run button in the Script Lab toolbar. Let me now try clicking the Run button (the "▶ Run" button visible in the Script Lab interface in the preview at approximately x=588, y=134). But the page is in responsive mode at 50% scale.

Let me try clicking the Run button in the Script Lab. Looking at the responsive preview, the Run button appears to be around x=588, y=134 in screen coordinates.

Actually, let me take a different approach. Instead of using the Run button which causes page navigation issues, let me try to execute the code directly through the browser's JavaScript console. I can simulate what the run would do.

But first, let me try to click the Run button in the visible Script Lab interface:
[step 27] Action: left_click (14, 61)
[step 27] Reasoning: The Run button click has again navigated the page to `localhost:3200/?backButton=true` which shows the ERR_CONNECTION_REFUSED error. This is clearly a bug in the Script Lab application:

**Bug Found**: The Run button is causing a full page navigation to `localhost:3200/?backButton=true` instead of loading the runner panel within the application. The runner service at `localhost:3200` is not running, causing ERR_CONNECTION_REFUSED.

Let me go back to the Script Lab editor and look at the source code to understand the intended behavior:
[step 28] Action: left_click (1203, 88)
[step 28] Reasoning: I'm back on the Script Lab page. I can see in the DevTools Console there's a `[Violation] 'load' handler took 235ms` warning and there's 1 error. The Script Lab interface shows the 4 lines of code correctly.

I notice in the DevTools console it shows 1 error. Let me check what errors there are. First, let me dismiss the Google Translate popup:
[step 29] Action: left_click (640, 640)
[step 29] Reasoning: Good. The Script Lab interface shows the code. The DevTools shows 1 error (1 error at the bottom, 3 warnings). I notice the page is in responsive mode with DevTools open.

Now let me try a different approach. Instead of clicking the Run button in the app, let me use the Script Lab's runner URL format directly. Looking at the Script Lab source code, the runner typically takes the snippet from localStorage or URL hash. 

But more importantly, let me look at the run button more carefully. In the current DevTools view, I can see the Script Lab interface in the preview pane at about 50% scale. The Run button text "▶ Run" is visible at around (588, 134) in screen coordinates.

Let me try a different approach - let me look at the Script Lab source to understand how the runner URL is formed, and then try to navigate to the runner with the right parameters. The runner URL format in Script Lab is typically:
`https://localhost:3200/run.html?...`

But since port 3200 is not available, this approach won't work either.

Let me try yet another approach - looking at the "OpenClaw Control" tab which might be related to the test setup. Let me close DevTools and switch to the OpenClaw Control tab to see what it contains:

Actually, wait - let me re-examine the situation. The Script Lab is a web app running at `https://localhost:3000`. When Run is clicked, it tries to navigate the whole page (not just a panel) to `http://localhost:3200/?backButton=true`. 

This is definitely a bug - the runner should open in a panel within the application, not navigate the entire page away. But since the runner is at port 3200 which is not running, let me try to see if there's a way to trigger the run from within the application JavaScript.

Let me check the DevTools console and try to find the Script Lab's run function:
[step 30] Action: left_click (640, 658)
[step 30] Reasoning: Now let me look at the Script Lab page more carefully. I notice the page has the toolbar at the top with a `☰` (hamburger menu), an icon button, a `▶ Run` button, a `🗑 Delete` button, a `↗ Share` button with dropdown, and a circular button on the right.

Looking at the application's current state, I need to understand how the runner works. The Script Lab (from Microsoft's `script-lab` project) uses a separate runner port. Looking at this implementation, the runner at port 3200 is simply not running.

However, I notice the page is at `https://localhost:3000/#` (HTTPS) while the runner is trying to navigate to `http://localhost:3200/?backButton=true` (HTTP). This is a mixed content and connection issue.

Let me try a different approach. Let me look at if there's a way to navigate to the runner URL with the snippet data through HTTPS. Let me check the Network tab in DevTools to understand what URL the Run button is trying to navigate to:

Let me try clicking on the error in the DevTools console to see what error message is there:
[step 31] Action: scroll down (640, 640) scroll_amount 3
[step 31] Reasoning: I can see "1 error" at the bottom left of the DevTools, and the console shows `[Violation] 'load' handler took 235ms`. Let me scroll down in the DevTools console to see the errors:
[step 32] Action: key: F12
[step 32] Reasoning: The DevTools console shows some log messages but the bottom of the console only shows the `[Violation] 'load' handler took 235ms` and a "1 error" badge. The "1 error" is at the bottom of the list below the logs.

Let me try a completely different approach. Since the Run button in Script Lab navigates to a URL that includes the runner (localhost:3200), and that port is not running, let me investigate the Script Lab runner more. I noticed in the first Run attempt that it navigated to `localhost:3200/?backButton=true` (without HTTPS). 

The issue is that Script Lab is trying to use the runner at `http://localhost:3200` (without SSL). Let me check if there's a way to make the runner work.

Actually, let me look more carefully at what the Script Lab page has. The current page has the following at the bottom left - "WEB" dropdown and "TypeScript" and "Dark" theme toggles. This looks like a toolbar. Let me check if there's something specific I'm missing.

Let me look at the runner configuration. First, let me close the DevTools and examine the Script Lab more carefully. Let me close DevTools:
[step 33] Action: left_click (113, 33)
[step 33] Reasoning: Now I can see the full Script Lab editor page. The interface shows:
- Top toolbar: ☰ (hamburger), "Blank Snippet" title, ▶ Run, 🗑 Delete, ↗ Share buttons, and a user icon on the right
- Tabs: Script, HTML, CSS, Libraries
- Code editor with 4 lines of code
- Bottom bar: WEB dropdown, TypeScript label, Dark theme toggle, and some icons

The application appears to be in a single-panel mode (no runner panel visible). The Run button should show a runner panel, but instead it navigates the entire page to `localhost:3200`.

Looking at the Script Lab runner design, the runner URL `localhost:3200/?backButton=true` has the `backButton=true` parameter suggesting it's supposed to open in a new window or tab, not replace the current page. This might be a bug where the navigation is happening in the main window instead of a separate popup.

Let me look at the "OpenClaw Control" tab to see if it's related. Let me click on it:
[step 34] Action: left_click (256, 33)
[step 34] Reasoning: This is the OpenClaw Control interface - it's a chat/AI assistant system running the current test scenario. I can see it's processing some tools and waiting. This is the test control system, not related to the Script Lab runner.

Let me go back to the Script Lab tab and try a different approach. I notice the Script Lab application has a runner that's supposed to run on port 3200. Since that port is not available through HTTP, let me check if the runner URL format in this version of Script Lab uses HTTPS.

Looking at the Script Lab page at https://localhost:3000, the run button is navigating to `http://localhost:3200/?backButton=true` (HTTP, not HTTPS). This is a bug where the runner URL is configured to use HTTP instead of HTTPS.

Let me go back to the Script Lab tab and examine the application structure more carefully. Let me try accessing the runner via HTTPS (https://localhost:3200) to see if it's there but just not accessible via HTTP:
[step 35] Action: Open url: https://localhost:3000/run.html
[step 35] Reasoning: Good. I'm back on the Script Lab tab. The code is still showing correctly:
- Line 1: `console.log(null);`
- Line 2: `console.log(undefined);`
- Line 3: `console.log(0);`
- Line 4: `console.log('');`

Now let me look at the application more carefully. Looking at the bottom of the page, I see "WEB" dropdown and "TypeScript" and "Dark" labels. These are Script Lab-specific controls.

The application appears to be a version of Script Lab where:
1. The editor is at `https://localhost:3000`
2. The runner should be at `https://localhost:3200` (but is currently at `http://localhost:3200`)

Looking at the Script Lab implementation, there might be a `/runner` or `/run` path on the same port 3000. Let me try:
[step 36] Action: key: cmd+w
[step 36] Reasoning: Interesting! The URL `https://localhost:3000/run.html` redirected me to `localhost:3200` (HTTP), which again shows ERR_CONNECTION_REFUSED. This confirms that the Script Lab runner is configured to run on port 3200, and that port is not available.

Wait - the URL bar shows `localhost:3200` which means the redirect happened. But the page title shows "localhost" and the address shows `localhost:3200`. This means the Script Lab server at port 3000 is redirecting to port 3200 for the runner.

Let me close this tab and try to understand if the Script Lab has an embedded runner. In the original Script Lab at https://localhost:3000, the application should show a split view with the runner panel on the right. The runner panel might use an iframe pointing to localhost:3200.

Let me close this tab and try a different approach - perhaps I can check the page source of the Script Lab:
[step 37] Action: key: cmd+u
[step 37] Reasoning: Good. I'm back on the Script Lab page. The code is intact with all 4 lines.

Now I need to think differently. Looking at the Script Lab page:
- Bottom bar shows "WEB" (a dropdown), "TypeScript" mode, and "Dark" theme
- The page URL is `https://localhost:3000/#`
- The Run button tries to navigate to `http://localhost:3200/?backButton=true`

The Script Lab runs the runner as a separate web service. The runner at port 3200 is needed to execute the code. 

Let me check what the `#` hash in the URL contains. Let me look at the URL. Also, looking at the Script Lab version, the URL is `https://localhost:3000/#` - when the Run button is clicked, the entire page navigates to the runner URL. This is definitely a bug.

Looking at the ScriptLab runner specifically: in the `script-lab` project (v2), the runner at localhost:3200 should be started separately as another process. Since it's not running, we can't execute code.

However, thinking about this differently - the test says "Script Lab (https://localhost:3000)" and this appears to be a custom implementation of Script Lab. Let me try to view the page source to understand the app architecture and see if there's a way to trigger the runner:

Let me try to right-click on the Run button to see its URL/action:
[step 38] Action: key: F12
[step 38] Reasoning: The view source (Cmd+U) didn't open a new tab with the source code. The page source wasn't displayed.

Let me try a different approach. Let me open DevTools and look at the Network tab to understand what happens when the Run button is clicked, and also look at the JavaScript to find how the runner URL is constructed. Let me open DevTools with F12:
[step 39] Action: left_click (588, 134)
[step 39] Reasoning: Excellent! Now I can see the DevTools Console with important information! The console shows:
- `next state` with object containing `{dialog: {…}, editor: {…}, github: {…}, messageBar: {…}, settings: {…}, …}`
- There are "2 errors" at the bottom

This shows the Redux store state of the Script Lab application. The state includes an `editor` object which likely contains the current snippet code. 

More importantly, I can now see the console shows the app state. Let me now look at the console more carefully to understand the errors. Let me scroll up in the console to see more messages:

Let me try to click the Run button in the Script Lab interface within the DevTools responsive view. The Run button is at approximately x=588, y=134 in screen coordinates:
[step 40] Action: left_click (14, 61)
[step 40] Reasoning: This confirms the bug clearly:

1. **URL**: The page navigated to `localhost:3200/?backButton=true` (HTTP, not HTTPS)
2. **Error**: "无法访问此网站 - localhost 拒绝了我们的连接请求。- ERR_CONNECTION_REFUSED"
3. **DevTools Console**: Shows "No messages", "No user messages", "No errors" - the page is now the ERR_CONNECTION_REFUSED page, not the Script Lab

The **Run button is broken** - it navigates the entire page to `http://localhost:3200/?backButton=true` instead of:
- Opening a runner panel within the same page
- Opening the runner in a new tab/window
- Using the correct HTTPS URL

**Root Cause of the Bug**: The Script Lab runner service at port 3200 (HTTP) is not running. The Run button should either:
1. Start the runner service, or
2. Use the correct URL (https://localhost:3200)

But since this is the runner page navigated away from the editor, the page content is lost.

Let me go back to the Script Lab editor:
[step 41] Action: left_click (1203, 88)
[step 41] Reasoning: Good. I'm back on the Script Lab page with the code visible. The Google Translate popup is showing in the top right. The code is intact:
- Line 1: `console.log(null);`
- Line 2: `console.log(undefined);`
- Line 3: `console.log(0);`
- Line 4: `console.log('');`

Now let me try the JavaScript console to understand the application's structure. I can see in the DevTools console at the bottom it shows `[Violation] 'load' handler took 237ms` and there's 1 error. Let me try to use the Console to interact with the Script Lab application and trigger the run programmatically.

Let me click on the Console tab in DevTools and type some JavaScript to understand the app:
[step 42] Action: left_click (8, 657)
[step 42] Reasoning: Good, the Google Translate popup is closed. I can see the DevTools Console at the bottom with the Script Lab interface in the responsive view. 

Let me now look at the errors more carefully. I'll scroll to see the "1 error" at the bottom of the DevTools:
[step 43] Action: left_click (40, 657)
[step 43] Reasoning: I need to expand the "1 error" section. Let me click on the expand arrow next to "1 error":
[step 44] Action: left_click (640, 643)
[step 44] Reasoning: Now I can see the error clearly:
- **Error**: `GET https://raw.githubusercontent.com/OfficeDev/office-js-snippets/deploy-beta/playlists/web.yaml 404 (Not Found)` 

This is a 404 error when trying to load the playlists from GitHub. This is a non-critical error - it's just trying to load snippet playlists from GitHub and failing because the URL doesn't exist. This doesn't prevent the editor from working.

The key issue remains: the **Run button navigates to `http://localhost:3200/?backButton=true`** which fails with ERR_CONNECTION_REFUSED.

Now let me try a completely different approach. Instead of using the Run button (which is broken), let me use the JavaScript console in DevTools to understand the Script Lab structure and try to programmatically trigger the run, or better yet, execute the code directly.

Let me click on the console input at the bottom of DevTools to type a JavaScript command:
[step 45] Action: scroll down (640, 630) scroll_amount 3
[step 45] Reasoning: I can see the DevTools console with the error showing. The console input area is at the bottom. Let me try to click on the console input area that shows the cursor. It appears the console is showing the "1 error" expanded, and below that there might be a console input. Let me scroll down in the DevTools to find the console input:
[step 46] Action: left_click (640, 670)
[step 46] Reasoning: I see the DevTools console but the console input appears to be missing - there's no `>` prompt visible in the console. The DevTools is showing in a grouped/collapsed view showing "24 messa...", "15 user m...", and "1 error". 

Let me try to click at the very bottom of the console to get the console input:
[step 47] Action: key: Escape
[step 47] Reasoning: Clicking at the bottom of the page (outside DevTools area) opened a Keynote application window popup "欢迎使用 Keynote 讲演" (Welcome to Keynote Presentation). This is unrelated to the task. The Task bar at the top now shows "Keynote 讲演". Let me close this popup by pressing Escape or clicking elsewhere:
[step 48] Action: left_click (932, 689)
[step 48] Reasoning: The Keynote window is still showing. The Script Lab page is behind it. Let me click on the Chrome browser in the taskbar to bring it to the front. I can see the Keynote 讲演 label at the bottom. Let me click on the Chrome icon in the dock:
[step 49] Action: left_click (640, 641)
[step 49] Reasoning: Excellent! Now I can see the Chrome browser is active again with the Script Lab page in DevTools responsive view. The DevTools Console is visible at the bottom and I can now see the console input `>` prompt at the bottom left! The code is still showing in the editor:
- Line 1: `console.log(null);`
- Line 2: `console.log(undefined);`
- Line 3: `console.log(0);`
- Line 4: `console.log('');`

Now I can see the console input at the bottom (`> |` cursor). Let me try to click there to focus on it and type a command:
[step 50] Action: left_click (640, 641)
[step 50] Reasoning: I can see the console input at the bottom with `> |` cursor. The console is active. Now I need to understand how the Script Lab runner works. Let me type a JavaScript command to understand the app's structure and see if I can trigger the runner from the console:

Let me type in the DevTools console to explore the Script Lab app:
[step 51] Action: type: window.location.href
[step 51] Reasoning: The console is ready with a `>` prompt. Let me type a command to check the URL of the runner from within the Script Lab code. I'll try to find the Redux store or any global variables that Script Lab uses:
[step 52] Action: scroll down (640, 630) scroll_amount 3
[step 52] Reasoning: I see the command was typed but the messages count went from 24 to 25, which suggests the console is active and ready. But I don't see the console input area anymore. Let me scroll down in DevTools to find the console input and see the result:
[step 53] Action: left_click (204, 588)
[step 53] Reasoning: I see that the DevTools console is in a collapsed/grouped view showing:
- "25 messa..." (25 messages)
- "15 user m..."
- "1 error"

The console input is not visible in the current view. The DevTools seems to be showing the messages in a grouped format. It seems the text I typed may have gone to the editor, not the console. 

Let me take a different approach. The Script Lab application has a separate runner setup. Instead of trying to use the browser DevTools console (which is the browser's native console, not the Script Lab console), let me understand the Script Lab architecture better.

The key issue is: the Script Lab "Run" panel (the area where code runs and console output shows) needs a separate service at port 3200 to function. Without port 3200 running, the Run button will always fail.

Looking at the Script Lab implementation:
- `https://localhost:3000` = Editor (working)
- `http://localhost:3200` = Runner (NOT working - refusing connection)

The fact that it's using HTTP (not HTTPS) for the runner while the editor uses HTTPS suggests there might be a configuration error in the Script Lab setup.

Let me try a different approach - let me try using the Script Lab runner URL directly with HTTPS. According to the Script Lab v2 architecture, the runner URL is typically:
`https://localhost:3200/run.html?...`

Since HTTPS runner is unavailable and HTTP runner is also unavailable, the runner service appears to not be running at all.

Let me now investigate whether the Script Lab application has a way to run the code without the separate runner service. Let me look at the Script Lab runner URL in the Network tab of DevTools. 

Actually, let me try something different - let me look at the DevTools source tab to understand the app's code. But first, let me try to find the run URL properly by clicking the Run button while monitoring the Network tab.

Let me click on the "Network" tab in DevTools:
[step 54] Action: left_click (588, 134)
[step 54] Reasoning: Good. The Network tab is now active and empty (no requests recorded yet since we just switched). The Script Lab editor is still visible with all 4 lines of code. Now let me click the Run button in the Script Lab interface and observe what network requests happen:
[step 55] Action: left_click (14, 61)
[step 55] Reasoning: Now I can see clearly in the Network tab and in the URL bar:
- **URL**: `localhost:3200/?backButton=true` (HTTP, not HTTPS)
- **Error**: "无法访问此网站 - localhost 拒绝了我们的连接请求。- ERR_CONNECTION_REFUSED"
- **Network tab**: The timeline shows requests were made but no requests appear in the list (they might be failing due to the connection refused)

This confirms the bug:
1. **The Run button causes full page navigation to `localhost:3200/?backButton=true`** - this is the fundamental bug. The page should NOT navigate away from the Script Lab editor.
2. **The runner at `localhost:3200` is not running** - the runner service is not available.

The URL is `localhost:3200/?backButton=true` (HTTP), but the editor is at `https://localhost:3000` (HTTPS). This is a cross-origin navigation issue.

Now let me go back to the Script Lab page and try a completely different approach. The Script Lab may have a runner that can be accessed differently. Let me check if port 3200 has an HTTPS version:
[step 56] Action: left_click (1203, 88)
[step 56] Reasoning: I'm back on the Script Lab page. The Google Translate popup is showing again (top right). The Network tab shows some requests in the timeline. The code is still intact with all 4 lines.

The Network tab now shows the requests made when the page loaded. Let me look at the requests by clicking on the "All" filter and scrolling in the network tab. But the key question is: how can I make the Script Lab run the code?

Let me try a completely different approach. Instead of going through the UI Run button (which is broken), let me look at the Script Lab architecture. In the Script Lab v2, the runner at localhost:3200 should serve a `run.html` page. The URL format for running is typically:
`http://localhost:3200/?backButton=true`

Without port 3200, we can't run. But wait - let me look at the URL hash. In Script Lab, the snippet data is often stored in the URL hash or localStorage. Let me check what's in the URL hash of the current page (`https://localhost:3000/#`).

Looking at the page URL, it's `https://localhost:3000/#` - the hash is just `#` (empty). The snippet data might be stored in localStorage.

Actually, let me reconsider. The Script Lab app is running and the code is entered. The problem is just the runner. Let me try to access the runner URL through HTTPS by navigating to it manually:

First, let me close the Google Translate popup:
[step 57] Action: key: F12
[step 57] Reasoning: Good. The Google Translate popup is closed. I'm back on the Script Lab page with the code intact. The Network tab shows many requests in the timeline.

Let me now try a completely different approach. Let me close the DevTools and examine the Script Lab interface more carefully. The Script Lab editor is shown in a responsive preview mode because DevTools is open. Let me close DevTools and try to use F5 to run (as mentioned in the task instructions), or try to find a keyboard shortcut for running:

==================================================
Task: 当前Chrome浏览器已打开Script Lab（https://localhost:3000）。如果出现SSL证书警告，点击Advanced然后Proceed to localhost继续。

测试目标：验证console.log(null)等边界值在控制台输出是否正常。

重要操作注意事项：
- 页面左侧显示Script Lab编辑器面板，包含Monaco代码编辑器
- 工具栏按钮（☰/Run等）可能无法正常点击，请优先使用键盘快捷键
- 编辑器区域在大约y=170到y=600之间的区域

操作步骤：
1. 处理SSL警告（如有）后等待页面加载
2. 点击编辑器代码区域（约x=200,y=300）获取焦点
3. 用Cmd+A全选代码，然后按Delete/Backspace删除
4. 输入以下代码（每行后按Enter换行）：
   console.log(null);
   console.log(undefined);
   console.log(0);
   console.log('');
5. 查找Run按钮并点击。如果Run按钮无法点击，尝试用F5或其他快捷键运行
6. 观察页面底部或右侧是否出现控制台输出区域
7. 检查console.log(null)的输出是否正常显示null，还是报错或崩溃

始终在浏览器内操作，禁止打开Terminal、Finder或其他应用程序。如果编辑器无法正常工作或Run无法执行，报告具体错误信息。
Status: STOPPED_BY_USER
Total steps: 57
Last action: key: F12
Last reasoning: Good. The Google Translate popup is closed. I'm back on the Script Lab page with the code intact. The Network tab shows many requests in the timeline.

Let me now try a completely different approach. Let me close the DevTools and examine the Script Lab interface more carefully. The Script Lab editor is shown in a responsive preview mode because DevTools is open. Let me close DevTools and try to use F5 to run (as mentioned in the task instructions), or try to find a keyboard shortcut for running:

==================================================

UI window closed
