Session created: sess-20260417202002-f7e8d89b478b48f0a23a81bd4c2f35d4
UI panel initialized successfully
UI window displayed
Expected result: console.log(null)正常输出null值，Runner页面正常加载，控制台区域显示输出结果。如果console.log(null)导致崩溃或报错则为abnormal。
[step 0] Action: Initializing
[step 0] Reasoning: Initializing session connection
[step 0] Action: screenshot
[step 1] Action: key: F5
[step 1] Reasoning: I can see that the Script Lab page shows "Failed to compile" error. Let me try refreshing the page to see if it loads properly.
[step 2] Action: key: cmd+r
[step 2] Reasoning: The page still shows "Failed to compile" error. Let me wait a moment and try refreshing again using Cmd+R.
[step 3] Action: wait
[step 3] Reasoning: The page still shows "Failed to compile" error with a missing file (CopyableToClipboard/index.js). This seems to be a build-time error that cannot be dismissed. Let me wait a few seconds and try again to see if the server fixes itself.
[step 4] Action: left_click (185, 62)
[step 4] Reasoning: The error persists. The error says "ENOENT: no such file or directory" for `CopyableToClipboard/index.js`. This is a build-time error. However, since the page says "This error occurred during the build time and cannot be dismissed", I need to try a different approach. 

Let me try navigating to the URL directly to see if there's been any change, or try hard refresh:
[step 5] Action: key: Return
[step 6] Action: key: shift+cmd+r
[step 6] Reasoning: The page still shows "Failed to compile" error. The Script Lab editor at localhost:3000 is experiencing a build failure due to a missing file `CopyableToClipboard/index.js`. This is a server-side build error that cannot be resolved through browser interaction.

However, the task mentions that the Runner service is at `https://localhost:3200`. The task involves running code and checking the console output. Let me try to navigate to the runner page directly or try a hard refresh with Shift+Cmd+R.
[step 7] Action: wait
[step 8] Action: Open url: https://localhost:3200
[step 8] Reasoning: The Script Lab editor at localhost:3000 is consistently showing a "Failed to compile" error due to a missing file `CopyableToClipboard/index.js`. This is a build-time error that cannot be fixed by browser interaction alone.

However, the task also mentions checking the Runner at localhost:3200. Since the task involves running code in the Runner, let me try accessing the Runner page directly to see if it's working, while also checking if there's a way to proceed with the Script Lab editor in its current broken state.

Let me try navigating to the runner page directly at https://localhost:3200:
[step 9] Action: left_click (291, 33)
[step 9] Reasoning: The Runner page at localhost:3200 has loaded and shows "Script Lab - Code • Run • Share" with the loading animation. This is a new tab that opened. Now let me go back to the Script Lab editor tab (localhost:3000) to see if it has fixed itself or if I need to work with it.

Let me click on the Script Lab tab at localhost:3000:
[step 10] Action: left_click (452, 33)
[step 10] Reasoning: The Script Lab editor at localhost:3000 still shows "Failed to compile". The page error is persistent - it's a build-time compilation error in the webpack build process (missing `CopyableToClipboard/index.js` file). The page explicitly states "This error occurred during the build time and cannot be dismissed."

However, looking at the second Script Lab tab (localhost:3200), which is the Runner, it seems to have loaded correctly. Let me check if the Runner at localhost:3200 has fully loaded and if there's a way to use it directly.

Let me switch to the Runner tab and check its current state:
[step 11] Action: wait
[step 11] Reasoning: The Runner page at localhost:3200 is showing the Script Lab loading screen with "Script Lab - Code • Run • Share" and loading animation dots. It seems to be loading. Let me wait for it to fully load:
[step 12] Action: left_click (291, 33)
[step 12] Reasoning: The Runner page at localhost:3200 is still loading. It seems to be stuck in the loading animation. This might be waiting for the editor at localhost:3000 to compile, which is currently failing.

The issue is that:
1. The Script Lab editor at localhost:3000 has a "Failed to compile" build error (missing CopyableToClipboard/index.js)
2. The Runner at localhost:3200 is stuck loading

Since the editor is failing to compile, I cannot use the Script Lab editor as intended. However, let me go back to the editor tab and try to work with whatever is available there - perhaps there's still some functionality despite the compile error.

Let me switch back to the Script Lab editor tab:
[step 13] Action: wait
[step 13] Reasoning: The Script Lab editor at localhost:3000 still shows "Failed to compile". This is a fundamental build error that prevents the editor from loading. The error is clearly stated: "This error occurred during the build time and cannot be dismissed."

However, let me think about this differently. The task is asking me to test if `console.log(null)` outputs correctly in the Script Lab console. The Script Lab editor at localhost:3000 is failing to load due to a build error. But maybe I should try to hard-refresh after waiting more time, as the server might be rebuilding.

Let me wait longer and try again:
[step 14] Action: key: cmd+r
[step 14] Reasoning: The editor at localhost:3000 is still failing to compile. Let me try refreshing once more to see if the build has completed:
[step 15] Action: wait
[step 15] Reasoning: The Script Lab editor at localhost:3000 continues to show the same "Failed to compile" error. The error is consistent and the server hasn't fixed itself. 

Wait - let me look more carefully. The page title says "Script Lab" and it's showing "Failed to compile" - this could be a React development error overlay from the Create React App / webpack dev server. This means the Script Lab editor itself is loaded, but it's displaying this error because of a missing component.

But actually, looking at this more carefully - the error message says "This error occurred during the build time and cannot be dismissed." This is a Next.js style build error that is shown when webpack compilation fails. The script lab app won't run until the build error is fixed.

Let me try a completely different approach - let me wait significantly longer (since Next.js might be still building) and then refresh:
[step 16] Action: key: cmd+r
[step 16] Reasoning: The page is still showing "Failed to compile". Let me try one more refresh to see if the build error has been resolved:
[step 17] Action: left_click (452, 33)
[step 17] Reasoning: The error persists. The Script Lab editor at localhost:3000 is consistently failing to compile. The error is about a missing file `CopyableToClipboard/index.js`.

Looking at this situation carefully - this is a "Failed to compile" error with a webpack build error that says it "cannot be dismissed." This is clearly a bug/issue with the application environment itself.

However, I notice this is a **testing** mode and the task says the application "may contain bugs." The fact that the Script Lab editor is failing to load due to a missing CopyableToClipboard component is itself a bug. The task is asking me to test `console.log(null)` in Script Lab.

Since the editor at localhost:3000 is broken with a build error, I cannot proceed with the normal workflow. But let me check if the Runner page at localhost:3200 can still work independently - perhaps the runner has its own standalone functionality. Let me also check if there's content in the URL hash that might trigger some functionality.

Let me look at the Runner tab more carefully:
[step 18] Action: wait
[step 18] Reasoning: The Runner page at localhost:3200 is still stuck in the loading animation - showing just the Script Lab logo and loading dots. This is expected since it needs the editor at localhost:3000 to work properly.

Let me wait a bit more and see if maybe the build completes:
[step 19] Action: left_click (291, 33)
[step 19] Reasoning: The Runner page at localhost:3200 is still loading. Let me check back on the Script Lab editor tab to see if it's recovered. Let me also try refreshing the editor tab:
[step 20] Action: left_click (640, 62)
[step 20] Reasoning: The Script Lab editor is still showing "Failed to compile". The dev server for Script Lab (localhost:3000) has a webpack build error that's preventing the app from loading. This is clearly a persistent build-time error that cannot be fixed through browser interaction.

Let me try a different approach - I notice the error mentions `CopyableToClipboard` which is a component. Perhaps there's a specific URL path in the Script Lab editor that might work. Let me try navigating to a specific path or check if the app has a route that bypasses this error. Let me try navigating to `https://localhost:3000/#/` with a specific hash:
[step 21] Action: key: Escape
[step 21] Reasoning: I can see the address bar is now focused showing `https://localhost:3000`. The current state clearly shows the build error. 

The webpack dev server shows a compilation failure with `ENOENT: no such file or directory` for `CopyableToClipboard/index.js`. This is a build-time error that means the application source code is missing a file.

Let me think about this differently. The task description says "Chrome浏览器已打开Script Lab编辑器（https://localhost:3000）" which implies the editor should already be open and working. Since it's showing a compile error, this is a bug/issue with the test environment.

But wait - maybe I should look at this more carefully. The error message shows "Failed to compile" which is typical of a CRA (Create React App) development server error overlay. The webpack HMR (Hot Module Replacement) might try to fix it automatically. But the error says it "cannot be dismissed."

Let me press Escape to close the address bar and try navigating to just `https://localhost:3000/#/` to see if that helps:
[step 22] Action: left_click (134, 33)
[step 22] Reasoning: I can now see the full error more clearly. The Script Lab editor at localhost:3000 is still showing "Failed to compile" with the error message about `../common/lib/components/Clipboard/CopyableToClipboard/index.js` and "Error: ENOENT: no such file or directory".

This is a fundamental build error that prevents the Script Lab editor from loading. Without the editor working, I cannot:
1. Enter code in the Monaco editor
2. Click the Run button
3. See console output in the runner

Given this is a testing environment and the task says the application "may contain bugs," this could be the bug being tested. However, the task itself requires me to actually run the code and observe the output.

Let me try one more approach - let me check if there's a way to bypass this error by looking at the OpenClaw Control tab (first tab):
[step 23] Action: left_click (291, 33)
[step 23] Reasoning: I can see the OpenClaw Control interface. It shows a chat interface with some tool calls and outputs. I can see the system is running mano-cua and there are some process calls. This is the control interface for the testing environment.

The Script Lab editor at localhost:3000 is failing to compile, but the task requires me to test `console.log(null)`. Since I cannot interact with a broken editor to enter code, let me see if there's a way to access the Script Lab environment differently.

Let me go back to the Script Lab editor and try one more approach - let me see if maybe the page is actually loaded but the error overlay is on top. Sometimes webpack dev server errors show an overlay that can be dismissed by pressing Escape:
[step 24] Action: key: cmd+shift+r
[step 24] Reasoning: I notice the Script Lab tab (localhost:3000) has a webpack dev server build error. The task says the app may have bugs. Looking at this situation differently - the error page is from the webpack dev server, not an in-app error overlay that can be dismissed.

Wait - I see the tab says "Script Lab" with a small Script Lab icon, which means the page DID load at some point (or the tab title was set before the error occurred). But the actual page content is the webpack error page.

Let me try one more thing - let me try hard refreshing with Cmd+Shift+R to bypass the cache:
[step 25] Action: wait
[step 25] Reasoning: The page is refreshing. Let me wait for it to complete:
[step 26] Action: FAIL
[step 26] Reasoning: Still the same "Failed to compile" error page. The Script Lab editor at localhost:3000 is consistently failing to build. 

I've tried multiple approaches:
1. Multiple page refreshes (Cmd+R)
2. Hard refresh (Cmd+Shift+R)
3. Waited for the server to rebuild (waited 15+ seconds)
4. Tried accessing from a fresh URL

The webpack dev server is failing to compile due to a missing file `CopyableToClipboard/index.js`. This is a fundamental issue with the application's source code that cannot be fixed through browser interaction alone.

Since the task explicitly prohibits opening Terminal, Finder, or other applications, and the Script Lab editor cannot be loaded in the browser due to a build error, I cannot proceed with the testing task as described. The application itself is broken at the build level.

**Summary of findings:**

**Bug Report:**
1. **Critical Build Error**: The Script Lab editor at `https://localhost:3000` fails to compile due to a missing file: `../common/lib/components/Clipboard/CopyableToClipboard/index.js`. Error: `ENOENT: no such file or directory, open '/Users/worker02/script-lab/packages/common/lib/components/Clipboard/CopyableToClipboard/index.js'`
2. **Runner stuck loading**: The Runner at `https://localhost:3200` is stuck in the loading animation because it depends on the editor being compiled.
3. **Error is permanent**: The webpack build error "cannot be dismissed" and persists across multiple page refreshes.

The task cannot be completed because the Script Lab editor application is in a broken state and cannot be loaded. The `console.log(null)` output test cannot be performed without a working editor.

[INFEASIBLE]

==================================================
Task: Chrome浏览器已打开Script Lab编辑器（https://localhost:3000）。Runner服务已在https://localhost:3200运行。如果出现SSL证书警告，点击Advanced然后Proceed to localhost。

测试目标：验证console.log(null)在控制台输出是否正常。

操作步骤：
1. 等待Script Lab页面完全加载（应显示Monaco代码编辑器）
2. 如遇SSL警告，点击Advanced -> Proceed to localhost
3. 在编辑器中点击代码区域获取焦点
4. 按Cmd+A全选现有代码，按Backspace删除
5. 逐行输入以下代码：
   console.log(null);
   console.log(undefined);
   console.log(0);
6. 找到并点击工具栏上的Run按钮（▶ Run）来运行代码
7. Run按钮会打开Runner页面（https://localhost:3200），等待它加载
8. 如果Runner页面有SSL警告，同样点击Advanced -> Proceed to localhost
9. 观察Runner页面是否显示控制台输出区域
10. 检查console.log(null)的输出是否正常显示null

始终在浏览器内操作，禁止打开Terminal、Finder或其他应用程序。
Status: ERROR
Total steps: 26
Last action: FAIL
Last reasoning: Still the same "Failed to compile" error page. The Script Lab editor at localhost:3000 is consistently failing to build. 

I've tried multiple approaches:
1. Multiple page refreshes (Cmd+R)
2. Hard refresh (Cmd+Shift+R)
3. Waited for the server to rebuild (waited 15+ seconds)
4. Tried accessing from a fresh URL

The webpack dev server is failing to compile due to a missing file `CopyableToClipboard/index.js`. This is a fundamental issue with the application's source code that cannot be fixed through browser interaction alone.

Since the task explicitly prohibits opening Terminal, Finder, or other applications, and the Script Lab editor cannot be loaded in the browser due to a build error, I cannot proceed with the testing task as described. The application itself is broken at the build level.

**Summary of findings:**

**Bug Report:**
1. **Critical Build Error**: The Script Lab editor at `https://localhost:3000` fails to compile due to a missing file: `../common/lib/components/Clipboard/CopyableToClipboard/index.js`. Error: `ENOENT: no such file or directory, open '/Users/worker02/script-lab/packages/common/lib/components/Clipboard/CopyableToClipboard/index.js'`
2. **Runner stuck loading**: The Runner at `https://localhost:3200` is stuck in the loading animation because it depends on the editor being compiled.
3. **Error is permanent**: The webpack build error "cannot be dismissed" and persists across multiple page refreshes.

The task cannot be completed because the Script Lab editor application is in a broken state and cannot be loaded. The `console.log(null)` output test cannot be performed without a working editor.

[INFEASIBLE]

Error: Server marked task as failed
==================================================

UI window closed
