Session created: sess-20260417195135-61e76d5eb67f4c319df4c75a85ca75d3
UI panel initialized successfully
UI window displayed
Expected result: console.log(null)正常输出null，console.log(undefined)输出undefined，console.log(0)输出0，console.log('')输出空字符串，页面不崩溃，runner正常工作。
[step 0] Action: Initializing
[step 0] Reasoning: Initializing session connection
[step 0] Action: screenshot
[step 1] Action: left_click (1204, 69)
[step 1] Reasoning: I can see Script Lab is already open with a Monaco editor. There's a Google Translate popup and a tab preview. Let me close these and look at the full interface. I can see there's already code in the editor. I need to find the "New Snippet" button first, then follow the steps. Let me click somewhere to dismiss the popups first.
[step 2] Action: left_click (27, 62)
[step 2] Reasoning: Good, the popup is closed. I can see Script Lab is open with a Monaco editor showing TypeScript code. I need to find the "New Snippet" button. I can see tabs at the top (Script, HTML, CSS, Libraries) and some navigation. Let me look for the hamburger menu or a way to create a new snippet. I notice there's a "Script Lab" text in the top left. Let me click on it or look for a menu button.
[step 3] Action: Open url: https://localhost:3000
[step 3] Reasoning: The Script Lab interface seems to be showing only the editor area. I don't see a typical Script Lab sidebar with "New Snippet" button. This looks like it might be a custom implementation at localhost:3000. Let me look at the URL more carefully and check the full page. I need to scroll up or look for navigation elements. Let me check the URL and try navigating to see if there's a home/snippets page.
[step 4] Action: left_click (1204, 69)
[step 4] Reasoning: A new Script Lab tab opened. I can see it's loading. Let me close the Google Translate popup and look at this page more carefully. The URL is `https://localhost:3000/#!` which indicates it's a Script Lab interface. I notice the interface only shows the editor without the usual Script Lab sidebar. Let me close the translate popup and look for the navigation.
[step 5] Action: left_click (414, 13)
[step 5] Reasoning: I can see the Script Lab interface, but it seems to show only the editor area without the full navigation panel. This is a custom Script Lab at localhost:3000. The interface looks like it's showing:
- Tabs at the top: Script, HTML, CSS, Libraries
- Monaco editor with TypeScript code
- Bottom bar showing "WEB" and "TypeScript" and "Dark"

I notice this interface is missing the typical left sidebar with "New Snippet" button. Let me check the other Script Lab tab that was already open (the one at position 2 in the tab bar which shows "Script Lab").

Let me switch to the other Script Lab tab to see if it has a full interface:
[step 6] Action: screenshot
[step 6] Reasoning: Both Script Lab tabs appear to have the same view - just the editor area without the typical Script Lab sidebar navigation. This seems to be a custom implementation. The interface shows:
- Top tabs: Script, HTML, CSS, Libraries
- Monaco editor with TypeScript
- Bottom bar: WEB | TypeScript | Dark

**Visual observation**: The interface appears to be missing the left navigation sidebar that would typically contain "New Snippet" button, snippet list, etc. This could be a visual bug or the interface could be hidden/collapsed.

I notice the interface URL is `https://localhost:3000/#!` - this is the Script Lab editor view. Looking at the code in the editor, I can see line 6 has a comment "// test input - after context menu" which suggests there might be a context menu for creating new snippets.

Let me check the bottom bar for navigation options and look for the hamburger menu or any navigation buttons. Let me also check the right side of the screen which appears to be cut off.
[step 7] Action: right_click (640, 300)
[step 7] Reasoning: I see the Script Lab editor interface. There's no visible "New Snippet" button in this view. The interface appears to be a custom Script Lab implementation where the navigation sidebar is missing. 

Let me check the other Script Lab tab (the one without a close button visible - it seems to be a tab showing "Script Lab" at position 3 in the tab bar). But wait, looking at the current URL it's `https://localhost:3000/#!`. 

Looking at the interface, I notice:
1. There are top-level navigation tabs: Script, HTML, CSS, Libraries
2. The editor is Monaco-based
3. The bottom bar shows "WEB", "TypeScript", "Dark"
4. The right side of the screen has some thin red/dark element at position x≈1275

The "Script Lab" text at the top left could be clickable to show the home view. Let me try clicking it.

Also, I notice the comment in the code "// test input - after context menu" which could hint at right-clicking to get a context menu with "New Snippet" option.

Let me try right-clicking on the editor area to see if there's a context menu option for creating a new snippet:
[step 8] Action: key: Escape
[step 8] Reasoning: I can see a Monaco editor context menu with options: Trigger suggestion, Go to Definition, Peek Definition, Peek References, Go to Symbol, Change All Occurrences, Format Document, Cut, Copy, Command Palette. This is the Monaco editor context menu, not a Script Lab-specific context menu. There's no "New Snippet" option here.

Let me close this context menu and look for other navigation elements. I notice the interface might have a hamburger menu or the navigation might be hidden. Let me look at the top-left area more carefully.
[step 9] Action: left_click (571, 13)
[step 9] Reasoning: Looking at the interface again, I notice the "Script Lab" text appears to be at the top-left in a very small format. The interface seems to show only the editor part of Script Lab. The navigation might be hidden on the left side or there's a hamburger menu somewhere.

Let me navigate to the other Script Lab tab to see if it has a different view:
[step 10] Action: scroll up (640, 400) scroll_amount 3
[step 10] Reasoning: This tab also shows the same Script Lab editor view. The interface appears to be the same across all tabs. Let me look more carefully at the page structure. I notice the "Script" text in the top-left is clickable. This might be a navigation element.

Looking at the current state:
- The interface shows a Script Lab editor with tabs: Script, HTML, CSS, Libraries
- The code is TypeScript with a default snippet
- The URL is `https://localhost:3000/#!`

This looks like a custom Script Lab implementation. The task says to click "New Snippet" but the interface doesn't show a typical Script Lab with a sidebar. 

Let me look at the full page more carefully - maybe there's a hamburger/menu button I'm missing. Let me check if there's something in the very top area or perhaps the page needs to scroll up:

**Visual observation**: The left sidebar navigation of Script Lab (which would contain snippets list and "New Snippet" button) appears to be completely missing from the current view. This could be a visual bug where the sidebar is collapsed or hidden.

Let me try scrolling up to see if there's more content above:
[step 11] Action: left_click (267, 13)
[step 11] Reasoning: The page doesn't scroll and the interface remains the same. Let me look at the "Script Lab" title in the top-left more carefully. The tab says "Script Lab" but there's also a navigation tab header showing "Script | HTML | CSS | Libraries". 

Looking at this more carefully, I think this is the Script Lab editor portion. In the typical Script Lab Office Add-in, there would be a split view with a sidebar listing snippets and a main area showing the editor. However, this standalone web version at localhost:3000 might have a different layout.

Let me try navigating to the root URL to see if there's a home/snippets list page:

Let me also check the "Script Lab" tab at position 2 in the tab bar - it seems to have the older Script Lab implementation. Let me click on it:
[step 12] Action: key: ctrl+minus
[step 12] Reasoning: All three Script Lab tabs show the same interface. The URL is `https://localhost:3000/#!`. The interface appears to be missing the navigation sidebar.

**Visual observation**: The Script Lab interface is missing its left navigation sidebar, which would typically contain:
- The "New Snippet" button
- A list of existing snippets
- Import/Export options

This is a significant visual/functional anomaly.

However, looking at the page again - this might actually be the correct layout for this custom implementation. The navigation might be accessible through different means. Let me look at the bottom bar more carefully. The bottom shows "WEB ▼" which might be clickable for some options.

Also, I notice the page might be a single-page app where the "New Snippet" functionality is accessible through a URL parameter. Let me try navigating to different URLs to find the snippets list or new snippet page.

Let me try the URL with different hash values or see if there's a snippets endpoint:

Actually, looking at the interface more carefully - the "Script" tab at the top left is part of the navigation (Script, HTML, CSS, Libraries). This looks like the standard Script Lab editor view for an existing snippet. The "New Snippet" button would typically be in a left panel that lists all snippets.

Given this is a custom implementation at localhost:3000, perhaps I should look at what the page looks like in a wider view or check if the interface has a hidden left panel. Let me try clicking on the area to the left of the editor to see if there's a collapsed panel:

Let me also try pressing the hamburger menu equivalent - maybe F1 or some keyboard shortcut:

Actually, I notice the comment in line 6 says "// test input - after context menu". This might be the key - there's likely a menu button somewhere. Let me look at the far left side of the screen more carefully.

Let me zoom out to see the full page:
[step 13] Action: key: ctrl+shift+minus
[step 14] Action: key: cmd+minus
[step 15] Action: mouse_move (5, 400)
[step 15] Reasoning: Let me try zoom out via the Chrome menu instead. Actually let me look at the page source or check if there's a left sidebar by checking what's at the very left side of the screen (x=0-10 area):
[step 16] Action: Open url: https://localhost:3000
[step 16] Reasoning: I can see the Monaco editor showing code folding icons on the left (minus icons for collapsible blocks). This confirms this is a Monaco editor showing the Script tab of a current snippet. The left sidebar of Script Lab is not visible.

Looking at the interface again - I see tabs at the top: "Script | HTML | CSS | Libraries". This is the standard Script Lab editor view for the current snippet. The typical Script Lab interface (in an Office Add-in) would have a split panel with snippets list on one side and the editor on the other.

In this standalone web version at localhost:3000, the navigation sidebar appears to be missing. This is either:
1. A visual bug (the sidebar panel is rendering with 0 width)
2. The app doesn't render the sidebar in this environment
3. There might be a button/trigger to show the navigation

Let me look at the very top of the page - specifically the header area to the right of "Script" and "HTML" tabs. Let me check if there's a navigation button hiding outside the visible area. Also, I'll try navigating to the URL with specific routes:

Let me try opening the page with a hash for a new snippet:
[step 17] Action: key: cmd+w
[step 17] Reasoning: A 4th Script Lab tab opened. The page shows the same interface. This appears to be the full interface of this Script Lab installation - it doesn't have a left sidebar with "New Snippet" button. 

Let me close the Google Translate popup and try a different approach. Since this is a testing environment, maybe the interface is designed to have just the editor, and I should work with the current snippet. 

The key insight from the task description says "// test input - after context menu" which suggests the "New Snippet" functionality might require looking at a hamburger menu or some other navigation control.

Let me look at the page using Chrome's developer tools to understand the page structure. Let me also try pressing F12 to open DevTools quickly:

Actually wait - let me re-read the task. The task says to click "New Snippet" to create a new code snippet. Looking at the current Script Lab interface at localhost:3000, I need to find where the "New Snippet" button is. 

The interface I see has:
- Top navigation: Script | HTML | CSS | Libraries
- Monaco editor with default code
- Bottom bar: WEB ▼ | TypeScript | Dark

The typical Script Lab would have a left sidebar with the snippets list and a "New Snippet" button, but this is not visible. This could be a layout bug where the sidebar is not rendering.

Let me try clicking the "Script Lab" icon/text which might be a clickable header. But I see "Script Lab" in the tab title not in the page itself.

Actually, wait - looking at the page more carefully, the top area shows "Script | HTML | CSS | Libraries" - these are the tabs of the **current snippet's editor**. In the regular Script Lab app, these would be below a toolbar that includes "New Snippet" and other buttons.

It seems the toolbar above the editor tabs is missing. This is a **visual bug** - the toolbar with "New Snippet" button is not rendering.

However, since the task requires me to proceed and test, let me try to navigate to a URL that might show the snippets list or create a new snippet directly. Script Lab typically uses URL hash routing.

Let me close the extra tab and try to understand the URL structure better:
[step 18] Action: left_click (1204, 69)
[step 18] Reasoning: It seems the tab wasn't closed (still showing 4 Script Lab tabs). Let me close the translate popup first:
[step 19] Action: left_click (1205, 69)
[step 19] Reasoning: The Google Translate popup is still showing. Let me click the X button to close it:
[step 20] Action: key: Escape
[step 20] Reasoning: The Google Translate popup is still there. Let me press Escape to dismiss it:
[step 21] Action: left_click (1201, 69)
[step 21] Reasoning: The Google Translate popup persists. I can see the X button at coordinate (1204, 69) but my clicks haven't worked. Let me try clicking more precisely on the X button:
[step 22] Action: left_click (640, 400)
[step 22] Reasoning: The Google Translate popup is persistent. Let me click elsewhere on the page to dismiss it, away from the popup:
[step 23] Action: key: Escape
[step 23] Reasoning: I accidentally right-clicked and got the Monaco context menu. Good news - the Google Translate popup has disappeared! The Monaco editor context menu is showing. I can see options like: Trigger Suggestion, Go to Definition, Peek Definition, Peek References, Go to Symbol, Change All Occurrences, Format Document, Cut, Copy, Command Palette.

This is just the Monaco editor context menu - no Script Lab "New Snippet" option here. Let me close this menu:
[step 24] Action: left_click (300, 450)
[step 24] Reasoning: The context menu is still showing. Let me click somewhere outside to dismiss it:
[step 25] Action: key: Escape
[step 25] Reasoning: The Monaco context menu is now showing again in a different position. I can see this is the Monaco editor context menu. Let me press Escape to close it:
[step 26] Action: left_click (27, 62)
[step 26] Reasoning: The context menu is still visible. It seems the escape key is not closing it. Let me try clicking outside the context menu in an area that's clearly not part of the editor:
[step 27] Action: key: Escape
[step 27] Reasoning: I accidentally right-clicked on the "Script" tab and got the Chrome browser context menu (in Chinese). I can see options like 退出全屏模式 (Exit Full Screen), 返回 (Back), 前进 (Forward), 重新加载 (Reload), 存储为 (Save As), 打印 (Print), 投放 (Cast), 使用 Google 智能镜头搜索此标签页, 在阅读模式下打开, 发送到您的设备, 为此页面创建二维码, 翻译成中文(简体), 显示网页源代码, 检查 (Inspect).

This confirms I right-clicked on the Chrome tab area, not on the page itself. Let me close this menu with Escape:
[step 28] Action: left_click (640, 500)
[step 28] Reasoning: The Chrome context menu is still showing. Let me click somewhere else to dismiss it:
[step 29] Action: left_click (640, 300)
[step 29] Reasoning: Now I have a clean view of the Script Lab interface. The interface shows:
- Top navigation tabs: Script | HTML | CSS | Libraries
- Monaco editor with the default TypeScript code
- Bottom bar: WEB ▼ | TypeScript | Dark

**Analysis of the interface**: Looking at this more carefully, I now understand the interface layout. The application at `https://localhost:3000/#!` is showing a Script Lab editor. This is a complete interface but the "New Snippet" button and left sidebar are **not visible** - they appear to be missing from the layout. This is a visual/functional bug.

However, I can still see the full editor. The task says the interface might not have a visible "New Snippet" button. The task also says to look for it. Since this is a custom Script Lab implementation, let me try a different approach:

1. Since there's no "New Snippet" button visible, I'll work with the existing snippet
2. I'll select all code, delete it, and enter the required code
3. Then find and click the Run button

Looking at the interface, the "Script" tab is the current active editor. Let me click on the editor area and:
- Select all code (Cmd+A)
- Delete it
- Type the required code

But first, I need to find the "New Snippet" button. The task says to create a new snippet. Let me look for the hamburger menu or another way to navigate. Let me check if there are any buttons in the top header that I'm missing.

Looking at the current screenshot, I notice the interface has tabs at x=0,y=62 region: "Script | HTML | CSS | Libraries". These are the editor tabs. The entire view is just the editor portion of Script Lab. The navigation/header with "New Snippet" button is not visible.

Since this is a testing scenario and the navigation sidebar is not visible (which appears to be a bug), I'll proceed with the available editor. The task says to proceed with "New Snippet" but since the button is not found, I'll use the current editor to test the functionality.

Let me click in the editor area to focus it, then select all and replace with our test code:

**Visual observation**: The "New Snippet" button and the entire left navigation sidebar of Script Lab are missing from the interface. This is a significant visual bug - the application appears to render only the Monaco editor without the surrounding Script Lab navigation framework.

Since the "New Snippet" button is not available (the navigation sidebar is missing), I'll proceed with the existing editor to test the console.log functionality as requested. I'll:
1. Click the editor to focus it
2. Select all code (Cmd+A)
3. Delete it
4. Type the required code
5. Look for the Run button

Let me start by clicking on the editor:
[step 30] Action: key: Escape
[step 30] Reasoning: The Monaco context menu appeared again. I can see that clicking on the editor is triggering the context menu unexpectedly. This is because of a previous right-click action. Let me escape and try clicking more carefully in the editor with a single left click:
[step 31] Action: left_click (82, 62)
[step 31] Reasoning: The Monaco context menu is persistent and won't close. Let me try clicking on the "Script" tab at the top to navigate away and back:
[step 32] Action: key: Escape
[step 32] Reasoning: I see another Chrome browser context menu has appeared (in Chinese). It seems clicking on the "HTML" tab triggered the Chrome right-click context menu. This is very strange behavior. 

Wait, I think I may have accidentally triggered these context menus by clicking too close to the tab bar area where Chrome intercepts right-clicks.

Let me look at the current state more carefully. The interface shows the Monaco editor with the Script Lab interface. I can see clicking on "HTML" tab (at y=62) seems to be in the Chrome tab bar region, causing Chrome's context menu to appear.

Actually, looking more carefully at the interface - the "Script | HTML | CSS | Libraries" tabs appear to be at the very top of the page content, around y=62. The Chrome tab bar is at y=13. So clicking at y=62 should be in the page content area, not Chrome's tab bar.

Wait - looking at the context menu content (退出全屏模式, 重新加载, etc.) - this IS the Chrome browser context menu, not Monaco's context menu. This means my clicks at y=62 (on the "Script/HTML/CSS" tabs) are being intercepted by Chrome's tab area somehow.

Let me close this context menu by pressing Escape and then reload the page to start fresh:
[step 33] Action: left_click (118, 69)
[step 33] Reasoning: The Chrome context menu is still showing. This might be in fullscreen mode as indicated by the "退出全屏模式" (Exit Full Screen) option at the top. Let me click on that to exit fullscreen first, which might reveal the proper interface:
[step 34] Action: left_click (21, 98)
[step 34] Reasoning: Excellent! Now I can see the full picture! Clicking "退出全屏模式" (Exit Full Screen) has exited the fullscreen mode and revealed the complete interface. Now I can see:

1. **Chrome has a tab bar** showing multiple Script Lab tabs and a tab showing "起始页" (Start Page)
2. **The Script Lab interface** now shows:
   - Left panel with the Monaco editor (Script, HTML, CSS, Libraries tabs)
   - **Run button** at the top (⏵ Run)
   - Bottom bar: WEB ▼ | TypeScript | Dark
3. **The task status widget** (top right) showing the current task progress
4. **The Mac desktop** is visible showing the Dock at the bottom

Most importantly, I can now see:
- The **Run button** (⏵ Run) at the top of the Script Lab panel!
- The editor tabs: Script, HTML, CSS, Libraries
- But the "New Snippet" button is not visible in this view - I need to find it

Wait, looking more carefully at the current view:
- There's a left panel showing the editor with the Run button at the top
- The panel appears narrow (occupying x=0 to about x=335)
- The right side shows a Chrome new tab page

This looks like the Script Lab panel might be embedded in an office add-in frame on the left side. The interface is quite clear now:
- Top of left panel: hamburger menu icon (☰), ⏵ Run button, delete/trash icon, share icon, and a person icon
- Below: Script | HTML | CSS | Libraries tabs
- Monaco editor with code

But I don't see a "New Snippet" button. The hamburger menu (☰) at the top left might reveal the New Snippet option. Let me click on it:

**Important observation**: The Browser was in fullscreen mode which was hiding the Script Lab navigation. Now I can see the full interface with the Run button visible!

Let me click on the hamburger menu icon (☰) to access New Snippet:
[step 35] Action: key: Escape
[step 35] Reasoning: I see that clicking on the hamburger icon (☰) again triggered the Chrome browser context menu (in Chinese), not the Script Lab menu. This is happening because the left panel (Script Lab) is in an iframe at x=0-335, and my clicks at y=98 might be landing on the Chrome URL bar area rather than inside the Script Lab iframe.

The Chrome context menu shows: 返回, 前进, 重新加载, 存储为, 打印, 投放, 使用Google智能镜头搜索此标签页, 在阅读模式下打开, 发送到您的设备, 为此页面创建二维码, 翻译成中文(简体), 显示网页源代码, 检查, 自动填充.

Let me close this context menu and look more carefully at the interface. The Script Lab panel appears to be on the left side of the screen. The icon at x=21, y=98 might be outside the iframe.

Wait - looking more carefully at the Chrome URL bar, the address shows `https://localh...` which is the Script Lab URL. But the Chrome tab bar shows multiple tabs. Let me look at the top-right area - there's an "OpenClaw Control" tab, Script Lab tabs, and what appears to be the "起始页" (Start Page) open.

This is actually quite confusing. Let me close this context menu and carefully analyze the interface:
[step 36] Action: left_click (640, 400)
[step 36] Reasoning: The Chrome context menu is still showing. The task status widget is also visible. Let me try clicking in the empty area below the context menu to dismiss it:
[step 37] Action: left_click (932, 690)
[step 37] Reasoning: Now I can see that my click at (640, 400) opened a **Safari browser window** and I'm viewing a Safari start page! The context menu in Safari shows options for customizing the start page. This is unexpected - it seems clicking at (640, 400) opened Safari instead of dismissing the Chrome context menu.

Wait - actually looking at the top bar, I can see it says "Safari浏览器" (Safari browser) with a Safari icon. This is Safari's interface. The task says "始终在浏览器内操作，禁止打开Terminal、Finder或其他应用程序" (Always operate within the browser, do not open Terminal, Finder or other applications).

I need to go back to Chrome with the Script Lab. Let me click on Chrome in the Dock:
[step 38] Action: left_click (960, 472)
[step 38] Reasoning: I see a context menu showing Chrome options including "✓ □ Script Lab". This seems to be the Dock context menu for Chrome. I can see "Script Lab" is checked, indicating there's a Script Lab window in Chrome. Let me click on "Script Lab" to bring it to the front:
[step 39] Action: left_click (21, 98)
[step 39] Reasoning: Now I can see the Chrome browser with Script Lab! The interface shows:
1. Left panel (x=0 to ~335): Script Lab editor with the Monaco editor showing the default TypeScript code
   - Top toolbar: ☰ (hamburger), ⏵ Run, 🗑 (delete), share icon, ↕ (expand), person icon
   - Tabs: Script | HTML | CSS | Libraries
   - Editor code with TypeScript

2. Right panel (x=335 to ~870): Chrome "起始页" (Start Page) / New tab page

Now I understand the layout! The Script Lab is a **Chrome Extension** panel or an iFrame within the page. The left side is the Script Lab panel and the right side is the Chrome start page.

Now I can clearly see the interface:
- **Hamburger menu (☰)** at approximately (21, 98) 
- **Run button (⏵ Run)** at approximately (110, 98)
- The editor with TypeScript code

I need to find the "New Snippet" button. Let me click on the hamburger menu (☰) icon which should open a navigation panel with the "New Snippet" option. The hamburger icon appears to be at x=21, y=98 in the Script Lab panel:
[step 40] Action: key: Escape
[step 40] Reasoning: Again the Chrome browser context menu appeared! This is because clicking at (21, 98) is falling outside the Script Lab panel iframe and into the Chrome browser's page area.

I can see the context menu shows: 返回 (grayed), 前进 (grayed), 重新加载, 存储为, 打印, 投放, 使用Google智能镜头搜索此标签页, 在阅读模式下打开, 发送到您的设备, 为此页面创建二维码, 翻译成中文(简体), 显示网页源代码, 检查.

The Script Lab panel appears to be an iFrame within the Chrome page. The Chrome browser is showing `https://localhost:3000` but the Script Lab content is in a smaller panel on the left (x=0-335). However, looking at the chrome URL bar, it shows `https://localh...` which means the main Chrome page is at localhost:3000.

Wait - I need to reconsider the interface layout. Looking at the interface again:

The Script Lab panel is at the LEFT side (x=0 to ~335 pixels). The Chrome "起始页" (New Tab Page) is at the RIGHT side (x=335 to ~870). 

But the Chrome URL bar shows `https://localhost:3000` which means Chrome is AT localhost:3000. But the right side shows the Chrome new tab page...

**This is very confusing!** Let me look at this more carefully. The Chrome window seems to be split:
- Left portion (x=0-335): Shows the Script Lab interface with editor tabs (Script, HTML, CSS, Libraries), Monaco editor
- Right portion (x=335-870): Shows what appears to be Chrome's new tab page (起始页)

Actually wait - I think I understand now. This is Chrome in a SPLIT VIEW on a Mac! The left side is Chrome showing `localhost:3000` (Script Lab) and the right side might be another Chrome window or another browser window visible behind. But looking at the title bar, it says "Chrome" with Chinese menu items 文件, 编辑, 显示, 历史记录, 书签, 个人资料, 标签页, 窗口, 帮助 - so this is one Chrome window.

OR - this could be a Chrome window with a SPLIT TAB feature where the tab is split into two panels. Looking at the tab bar, I can see multiple Script Lab tabs AND a tab showing "起始页" - these are separate tabs. The right portion showing "起始页" with Chinese website icons (百度, 搜狗, 360搜索, etc.) is a Chrome new tab in the background that's visible through the Script Lab panel's transparency.

OK let me just close the Chrome context menu and focus on the Script Lab panel which is on the LEFT side of the screen (x=0 to ~335):
[step 41] Action: key: Escape
[step 41] Reasoning: The Chrome context menu is still showing! The Escape key is not dismissing it. I need to understand why clicking at (21, 98) keeps triggering the Chrome context menu instead of the Script Lab panel's hamburger menu.

Looking at the interface more carefully:
- The Chrome browser URL bar shows `https://localh...` - this is at the top, around y=37
- Below that is the Chrome toolbar area (y=37-65 approximately)
- The Script Lab panel starts at around y=80-90

But the context menu that appears when I right-click (at y=98) is the Chrome page context menu. This suggests that at y=98 and x=21, I'm clicking in the Chrome page area (the right page, not the Script Lab panel).

Wait - I think I understand now! Looking at the Chrome UI:
- The Chrome tab bar is at y=33
- The Chrome URL bar/toolbar is at y=37-60
- At y=65, there starts the page content
- At x=0-335, the page shows the Script Lab interface
- At x=335-870, the page shows... another browser session? 

Actually, I think the entire visible area at x=0-870, y=65-660 IS the Chrome page content. The Script Lab portion (x=0-335) is the ENTIRE page at localhost:3000. The right portion (x=335-870) is showing through from another window.

Let me reconsider: The Chrome URL bar shows `https://localhost:3000` so the current Chrome tab IS at localhost:3000. The Script Lab at localhost:3000 renders in a narrow layout (335px wide). The remaining space to the right is showing the background (another Chrome window or desktop).

Now, clicking at (21, 98) IS within the page content area. But the Chrome context menu keeps appearing. This means I'm RIGHT-CLICKING somewhere, not LEFT-clicking!

Let me check my click type - I've been using `left_click` but maybe something is wrong with the click registration. Let me look at the Chrome context menu items: they show standard browser context menu items (返回, 前进, 重新加载, etc.) which confirms this is a right-click context menu, not a page-specific context menu.

Actually wait - the Chrome context menu contains "自动填充" (AutoFill) which is a special Chrome context menu item. But the task status widget says I'm doing `left_click (21, 98)`. Maybe my left_click IS triggering a context menu because the element is broken?

Let me dismiss the context menu by clicking elsewhere and then try a different approach:

The context menu keeps appearing when I try to click the hamburger menu (☰) at (21, 98). This is likely because:
1. The coordinates are wrong - the hamburger button might be at a different position
2. The hamburger button click is triggering something unexpected

Let me look at the interface more carefully. Looking at the toolbar at y=98:
- ☰ (hamburger menu) at approximately x=21
- ⏵ Run at approximately x=110
- 🗑 at approximately x=165
- Share icon at approximately x=200
- ↕ at approximately x=225
- Person icon at approximately x=310

But when I click at x=21, y=98 - the Chrome page context menu appears. This means the hamburger button (☰) at x=21, y=98 is intercepting my clicks with a RIGHT-CLICK behavior.

**This is a bug**: The hamburger menu (☰) button at the top-left of the Script Lab panel is triggering a Chrome right-click context menu when left-clicked. This could be a z-index issue or event propagation bug.

Let me try clicking the "Run" button instead at approximately x=110, y=98, since I need to eventually run the code. But first let me close the context menu.

Let me try pressing Escape repeatedly:
[step 42] Action: left_click (180, 540)
[step 42] Reasoning: The Chrome context menu is still showing even after pressing Escape. This is very persistent. I need to try a different approach to close it - perhaps clicking on one of the Script Lab panel elements that's NOT within the context menu.

Let me click on the editor area (within the Script Lab panel, below the context menu):
[step 43] Action: left_click (180, 254)
[step 43] Reasoning: The Chrome context menu is now dismissed! The click at (180, 540) successfully closed the context menu and also placed the cursor in the Monaco editor at line 12, where I can see a tooltip showing "(local var) error: any". 

Now I can see the Script Lab interface clearly:
1. **Toolbar at y=98**: ☰, ⏵ Run, 🗑, share, expand, person icon
2. **Editor tabs at y=138**: Script | HTML | CSS | Libraries
3. **Monaco editor**: showing the TypeScript code from lines 1-16
4. **Bottom bar at y=651**: WEB ▼ | TypeScript | Dark

The hamburger menu (☰) at x=21, y=98 keeps triggering Chrome's context menu when I try to click it. This is a key observation - the hamburger button appears to be clickable but seems to trigger Chrome's right-click behavior.

**Alternative approach**: Since I can see the editor clearly, I'll skip the "New Snippet" button (since it's inaccessible via the hamburger menu due to the bug) and work directly with the current snippet. 

Wait - let me look at the layout more carefully. The toolbar appears to be:
- ☰ at approximately x=21, y=98 (but this keeps triggering Chrome context menu)
- ⏵ Run at approximately x=110, y=98

Looking at the current page again - the Script Lab panel is at the LEFT side (x=0 to ~335). The toolbar at y=98 with ☰ and Run buttons should be INSIDE the Script Lab panel.

The issue might be that the Script Lab panel is rendered as an `<iframe>` element that extends from x=0,y=80 to x=335,y=670. When I click at x=21, y=98, I'm clicking in the iframe. But the Chrome context menu is appearing because...

Actually wait! I think I see the issue. Looking at the Chrome URL bar, it shows the Script Lab page is at `https://localhost:3000`. The Script Lab panel at the left appears to be the entire browser page, rendered inside the Chrome browser. The right side (起始页) must be a SIDE PANEL in Chrome (the sidebar/split view feature).

Actually I think what I'm seeing is the **Chrome Split Tab View** where the main tab shows `https://localhost:3000` on the left, and there's a side panel or chrome-internal tab on the right showing the new tab page.

In any case, the important thing is that the Script Lab interface IS rendering correctly and the hamburger (☰) button exists at around x=21, y=98.

Let me try to understand why clicking at (21, 98) keeps triggering Chrome's page right-click context menu. The coordinates (21, 98) should be within the Script Lab panel (which is at x=0-335). 

Actually - now I wonder if the "☰" icon at x=21, y=98 is NOT the hamburger menu but something else. Let me look at the actual icon positions more carefully.

Looking at the toolbar row at y=98, I can see:
- Small icon at x~21 (this is the ☰ hamburger icon)
- Text "Script Lab" icon (Σ) at x~61
- ⏵ Run at x~110 (has "Run" text)
- 🗑 at x~165
- Share at x~200

Wait! The blue Σ-like icon at x~61 is the Script Lab logo, NOT a clickable element. The ☰ hamburger at x~21 IS the menu button.

Let me try clicking the ☰ with a left_click but at a slightly different y coordinate - maybe y=99 or y=97 to make sure I'm within the element:

Actually - I now realize something important. The script lab header shows:
- The hamburger (☰) icon at x=21, y=98 
- WHEN I CLICK IT, Chrome's context menu appears

This is VERY suspicious. It could mean that:
1. The Script Lab panel is NOT an iframe but the entire Chrome page, and the "Script Lab" UI elements are iframes/panels within the page
2. The hamburger icon at x=21 is actually OUTSIDE the visible Script Lab panel bounds
3. The click at x=21, y=98 is actually clicking on the Chrome extension panel border or some area that intercepts with Chrome's right-click context menu behavior

Let me try a completely different approach. Instead of clicking the hamburger menu, let me try to interact directly with the Monaco editor to:
1. Select all code (Cmd+A)
2. Delete it
3. Type the required test code
4. Then find the Run button

Let me click somewhere safe in the editor (middle of the code):
[step 44] Action: key: Escape
[step 44] Reasoning: Another Monaco editor context menu appeared! I can see this is the Monaco editor's right-click context menu (not Chrome's) because it shows: Trigger suggestion, Go to Definition, Peek Definition, Peek References, Go to Symbol, Change All Occurrences, Format Document, Cut, Copy, Command Palette.

Wait - but I'm using `left_click` action, yet the Monaco context menu is appearing. Is my left_click somehow triggering a right-click? Let me check - no, the Monaco editor's context menu can appear on LEFT-CLICK in some situations if there's a special event handler...

Actually, looking more carefully, I think clicking inside the Monaco editor is triggering the context menu to appear. This seems like a bug in the editor's behavior - left-clicking should place the cursor, not open a context menu.

Let me try pressing Escape to close this Monaco context menu:
[step 45] Action: key: Escape
[step 45] Reasoning: The Monaco context menu is still showing! Something is keeping this context menu visible. Let me try clicking on "Command Palette" or another option in the context menu to at least interact with the editor:

Actually, I think the issue is that there are TWO context menus - one from Chrome (in Chinese) and one from Monaco (in English). They're overlapping and persisting. The Escape key closes one but the other one shows up.

Let me try a fresh approach by pressing Escape multiple times:
[step 46] Action: left_click (184, 575)
[step 46] Reasoning: The context menu is STILL showing! This is very persistent. I've pressed Escape multiple times but the Monaco context menu keeps showing. 

This is a **critical bug**: The Monaco context menu cannot be dismissed by pressing Escape or by clicking elsewhere in the editor. This is preventing me from interacting with the editor.

Let me try clicking on one of the menu items to see if I can interact with the Monaco editor at all. Let me click on "Command Palette" (F1):
[step 47] Action: type: Select All
[step 47] Reasoning: The Monaco Command Palette has opened! The context menu was successfully dismissed and replaced by the Command Palette. I can see a search box at the top with options below:
- Add Cursor Above (⌥⌘↑)
- Add Cursor Below (⌥⌘↓)
- Add Cursors To Bottom
- Add Cursors to Line... (⇧⌘I)
- Add Cursors To Top
- Add Line Comment (⌘K ⌘C)
- Add Selection To Next... (⌘D)

I can use the Command Palette to type commands like "Select All" to select all the code. Let me type "Select All" in the command palette:
[step 48] Action: key: Escape
[step 48] Reasoning: Interesting! The command palette is still showing the same options (Add Cursor Above, Add Cursor Below, etc.) but the search box appears to be empty still. The "Select All" text I typed didn't appear in the search box. This might be because the search box wasn't properly focused or the typing didn't register.

Let me close the command palette with Escape and try a different approach. I'll try to use keyboard shortcuts directly in the editor to select all and delete:
[step 49] Action: key: cmd+a
[step 49] Reasoning: The command palette is now closed! I can see the Monaco editor clearly with the cursor on line 4 (console.log("Hello World")). The editor appears to be focused now (the cursor is visible as a blue line at line 4).

Now I need to:
1. Navigate to the editor (it should be focused)
2. Select all code (Cmd+A)
3. Delete it
4. Type the test code

But first - regarding the "New Snippet" button - looking at the current state, I notice:
- The hamburger menu (☰) at x=21, y=98 is triggering Chrome's right-click context menu (which is a bug)
- I can't access "New Snippet" through the hamburger menu

Let me try a different approach. Instead of trying to access the hamburger menu, let me try clicking the ☰ icon at y=98 more precisely. Looking at the interface, the toolbar buttons appear to be at:
- x=21 → ☰ hamburger
- x=63 → Script Lab logo  
- x=110 → ⏵ Run (text "Run")
- x=165 → 🗑 delete
- x=200 → share
- x=225 → expand
- x=310 → person

Actually, looking at the previous screenshot carefully, the toolbar at y=98 shows:
- ☰ at left edge
- Then the Script Lab sigma (Σ) icon
- Then "Run" button
- Then other icons

Wait - the context menu I was getting was the CHROME page context menu (in Chinese). This happens when you right-click on the page. Since my left_click at (21, 98) was triggering the Chrome context menu (in Chinese), this means the area at (21, 98) is OUTSIDE the Script Lab panel or that the Script Lab panel is intercepting right-clicks somehow.

Looking at the width of the Script Lab panel (0 to ~335 pixels), and the hamburger icon at x≈21, y≈98 - this should be INSIDE the panel. 

OH WAIT! I just realized something. Look at the top of the interface more carefully:
- The top of the Script Lab panel shows a header with "☰, Σ, Run, delete, share, expand, person" at approximately y=98
- But at y=65 (just above the header), there's the Chrome toolbar area

Looking at the y coordinates:
- y=0-33: Chrome title bar + tab bar
- y=33-60: Chrome URL bar and toolbar  
- y=60-65: Bottom of Chrome toolbar
- y=65+: Page content

So at y=98, we should be in the page content area (33px below the Chrome toolbar). This means clicking at (21, 98) should be within the Script Lab panel.

**Hypothesis**: The hamburger (☰) icon at (21, 98) is causing a right-click context menu because there's a right-click event handler or the element is positioned such that clicking it propagates to the Chrome page and triggers Chrome's own context menu. This is a **critical interaction bug**.

Since I can't access the hamburger menu to create a "New Snippet", I'll proceed by:
1. Using the current snippet (without creating new one - the task says to "create new snippet" but the button is inaccessible)
2. Clicking in the editor
3. Selecting all and deleting
4. Typing the test code
5. Running it

The Monaco editor appears to be focused (cursor on line 4). Let me now try to select all code using Cmd+A:

**Note**: I'm using Cmd+A on macOS. Let me try:
[step 50] Action: Minimize panel
[step 50] Reasoning: I can see the Monaco editor is showing the code, but the Cmd+A doesn't seem to have selected all the code (no blue selection highlight visible). The cursor is on line 4. The editor might not be focused properly.

Let me try a different approach. I'll click directly on the editor code line to focus it first, then try Cmd+A. I need to click somewhere that's clearly within the editor and NOT in the Chrome page context menu area.

Looking at the editor, I can see line numbers on the left and the code on the right. Let me click on line 4 where "console.log("Hello World")" text is visible. The line content appears to be at approximately y=254:

Wait - before that, I need to understand why my left_click in the Monaco editor is triggering context menus. Every time I left_click in the editor area, Monaco's context menu appears. This is highly abnormal behavior.

Let me try a fresh start. Let me try to navigate to the Script Lab URL directly and see if the interface loads properly:

Actually, let me think about this differently. The task says to look at the hamburger menu for "New Snippet". But since the interface is showing the editor and there's also a "Run" button visible, I need to:

1. First try to access the "New Snippet" option through the hamburger menu by clicking it properly
2. If not possible, work with the existing snippet

The issue with the hamburger menu is that clicking at (21, 98) triggers Chrome's context menu. This suggests the Script Lab panel might be in an IFRAME, and the area at (21, 98) might be outside that iframe but within the Chrome page.

Actually, let me minimize the task panel first to get a clearer view:
[step 51] Action: left_click (180, 177)
[step 51] Reasoning: The task panel is minimized. Now I can see the full interface more clearly.

Looking at the current state:
1. The Script Lab panel is on the LEFT side (x=0 to ~335) showing the Monaco editor
2. The RIGHT side shows the Chrome "起始页" (New Tab page) with Chinese website icons
3. Behind that there's a Mac desktop visible on the far right

The Script Lab panel shows:
- **Toolbar at y=98**: ☰ | [Σ logo] | ▶ Run | [delete] | [share] | [chevron] | [person]
- **Editor tabs at y=138**: Script | HTML | CSS | Libraries
- **Monaco editor**: Lines 1-16 with TypeScript code

Now I understand the layout better. The Script Lab panel is at x=0-335, and the Chrome browser is showing this panel overlaid on the "起始页" tab. This is a split-view or the Script Lab is running as an overlay on the page.

Wait - I see it now! Looking at the Chrome URL bar, it shows `https://localhost:3000` but there are SEPARATE CHROME WINDOWS or it's actually showing the Script Lab as a sidebar panel on the LEFT while the main content on the RIGHT shows the "起始页" Chrome new tab page.

This means:
- **Left panel (x=0-335)**: This is the Script Lab SIDEBAR PANEL in Chrome (like a Chrome extension side panel)
- **Right area (x=335-880)**: This is the regular Chrome tab content (currently "起始页")

That's why clicking at (21, 98) in the left panel triggers Chrome's context menu - because the Script Lab panel is rendered as a CHROME SIDE PANEL (chrome.sidePanel API) which has different click behavior than a regular web page.

With this understanding, let me try a fresh approach. The Script Lab side panel should be interactive. Let me try to click the ☰ hamburger button at y=98. Looking at the toolbar:

Let me click within the Script Lab panel area at coordinates that I know are within the panel. The Monaco editor code is visible at y=170-580. Let me click on a line of code to focus the editor:
[step 52] Action: key: cmd+a
[step 52] Reasoning: Excellent! Now I can see that clicking at (180, 177) on line 1 of the Monaco editor ACTUALLY WORKED! The cursor is now placed in the editor at line 1 (after "click"), and there's a tooltip showing "click" with a small square icon. 

This is the first time a left_click in the editor worked without triggering a context menu! The cursor is now in the Monaco editor at line 1. I can also see a small autocomplete/tooltip panel showing "click".

Now the editor is focused. Let me try Cmd+A to select all the code:
[step 53] Action: left_click (150, 253)
[step 53] Reasoning: The code doesn't appear to be selected (no blue highlight visible). The cursor is still at line 1. The Cmd+A may have been intercepted by Chrome (for "Select All" in the browser). The tooltip "click" is still showing.

Let me try clicking directly on the code text in the editor to focus the Monaco editor, then use Ctrl+A (which Monaco uses on all platforms):

Actually wait - looking at the screenshot, the code appears to NOT be highlighted/selected. The `cmd+a` shortcut may have been captured by Chrome instead of the Monaco editor.

Let me try to focus the Monaco editor by clicking directly on the code text, then use the keyboard:
[step 54] Action: key: Escape
[step 54] Reasoning: Excellent! The Monaco editor's autocomplete dropdown appeared! I can see the editor is now focused and showing IntelliSense suggestions for `console.` (assert, clear, count, debug, dir, dirxml, error, exception, group, groupCollapsed, groupEnd, info). This means the Monaco editor IS responsive to left-clicks and IS working properly!

The cursor is placed on line 4 between "console" and "log". The Monaco IntelliSense is showing. This confirms the editor is focused and working.

Now let me:
1. Press Escape to close the autocomplete
2. Then use Cmd+A to select all code
3. Delete it
4. Type the new code

But first, let me try clicking on the "New Snippet" button. Looking at the toolbar at y=98, I can see the hamburger (☰) menu icon at x≈21. Previous attempts to click this triggered Chrome's context menu. But now that I know the Monaco editor area is at y=170+, maybe the hamburger icon at y=98 is accessible.

Actually, wait - let me re-read the task more carefully. The task says to "find the hamburger menu" to access "New Snippet". The toolbar at y=98 shows:
- ☰ at x≈21
- ▶ Run at x≈110

Looking at the previous attempts, clicking at (21, 98) triggered Chrome's context menu. But this was likely because the Monaco editor hadn't been focused yet and Chrome was intercepting the click.

Now that the Monaco editor is focused (as evidenced by the IntelliSense showing), let me try clicking the hamburger (☰) icon at (21, 98):

First, let me close the autocomplete:
[step 55] Action: key: Escape
[step 55] Reasoning: The autocomplete is still showing. Let me press Escape again:
[step 56] Action: left_click (21, 98)
[step 56] Reasoning: The autocomplete dropdown is still showing. This appears to be a bug where pressing Escape doesn't close the Monaco IntelliSense/autocomplete dropdown.

**Bug observation**: The Monaco autocomplete dropdown cannot be closed by pressing Escape. This is an interaction bug in the editor.

Let me try clicking on the hamburger (☰) icon now. Even with the autocomplete showing, I should be able to click on the toolbar buttons. Let me try clicking at x=21, y=98 which is the hamburger icon:
[step 57] Action: key: Escape
[step 57] Reasoning: The Chrome right-click context menu appeared AGAIN when I clicked the hamburger icon at (21, 98). The context menu shows:
- 返回 (Back)
- 前进 (Forward)
- **重新加载** (Reload)
- 存储为... (Save As...)
- 打印... (Print...)
- 投放... (Cast...)
- 使用 Google 智能镜头搜索此标签页
- 在阅读模式下打开
- 发送到您的设备
- 为此页面创建二维码
- 翻译成中文（简体）
- 显示网页源代码
- 检查
- 自动填充

**Critical Bug Confirmed**: Clicking the hamburger (☰) icon at x=21, y=98 consistently triggers Chrome's right-click context menu instead of the Script Lab navigation menu. This is a fundamental interaction bug where the left-click on the hamburger button is somehow being interpreted as a right-click by Chrome, OR the hamburger button element is not properly positioned within the Script Lab panel's clickable area.

This means I **CANNOT** access the "New Snippet" option through the hamburger menu.

Let me try a different approach - let me close this context menu and try to find any alternative way to create a new snippet. Maybe there's a keyboard shortcut or the interface has changed.

Let me press Escape to close the context menu:
[step 58] Action: left_click (180, 530)
[step 58] Reasoning: The Chrome context menu is still persisting. I've confirmed that the hamburger menu (☰) at (21, 98) consistently triggers Chrome's right-click context menu. This is a definitive bug.

Let me close this context menu by clicking somewhere in the editor area:
[step 59] Action: left_click (110, 98)
[step 59] Reasoning: The Chrome context menu is now dismissed! The click at (180, 530) placed the cursor on line 13 in the Monaco editor (I can see "(local var) error: any" tooltip). The editor is now focused again.

Now I can see the Script Lab interface clearly. The key things I observe:
1. **Toolbar at y=98**: ☰ | [logo] | ▶ Run | 🗑 | share | chevron | person
2. **Editor tabs at y=138**: Script | HTML | CSS | Libraries
3. **Monaco editor**: Lines 1-16 with TypeScript code
4. The cursor is at line 13

Now, the task requires me to:
1. Create a new snippet (New Snippet button is in the hamburger menu - but it's inaccessible due to the bug)
2. As an alternative, I'll work with the current snippet
3. Select all code (Cmd+A) and delete it
4. Type the test code

Since the "New Snippet" button is inaccessible via the hamburger menu (which consistently triggers Chrome's right-click context menu), I'll proceed with the existing snippet.

Let me now try Cmd+A to select all code in the editor. The editor should be focused (cursor at line 13):

Actually, let me first try to understand the interface better. Looking at the toolbar at y=98:
- The hamburger (☰) at x≈21 triggers Chrome's context menu
- The ▶ Run at x≈110, y≈98 - this should be clickable

But WHY does clicking at (21, 98) trigger Chrome's context menu? Let me look at this more carefully.

The Chrome URL bar is at approximately y=37. The Chrome toolbar (address bar area) extends to about y=62. Below that is the page content at y=62+.

At y=98 (36px below the Chrome toolbar), I should be in the page content area (Script Lab panel). Clicking at (21, 98) should be within the Script Lab panel.

**Hypothesis**: The Script Lab panel (x=0 to ~335) is rendered correctly, but there's an OVERLAY element covering the area around (21, 98) that's transparent and intercepting clicks. This could be:
1. A Chrome extension element
2. A z-index issue in the Script Lab UI
3. The hamburger button (☰) doesn't have proper click handlers

**Alternative hypothesis**: The clicks at (21, 98) are actually right-clicks being generated because the `☰` element has `contextmenu` event listener that opens Chrome's native context menu.

Let me try clicking the Run button instead (which I need to do eventually) to see if that works:
[step 60] Action: left_click (180, 530)
[step 60] Reasoning: The Chrome context menu appeared AGAIN when I clicked on the ▶ Run button at (110, 98)! This is now consistent - ALL clicks in the toolbar area at y=98 (including both the hamburger ☰ and the Run ▶ button) trigger Chrome's right-click context menu.

**Critical Bug**: ALL buttons in the Script Lab toolbar at y=98 (☰, ▶ Run, 🗑, share, etc.) are triggering Chrome's right-click context menu instead of their intended actions. This appears to be a systematic issue where the Script Lab toolbar is rendered as an overlay that intercepts Chrome's right-click behavior.

This is a **major functional bug** - the entire toolbar is non-functional due to click events being intercepted.

Let me see if I can find a way to interact with the editor and run the code differently. Let me close the context menu and try the task status widget to expand it and see the current state:

Actually, looking at this situation carefully:
- The Script Lab toolbar buttons (☰, Run, delete, share) are ALL triggering Chrome's right-click context menu
- This means ALL toolbar functionality is broken
- I cannot access "New Snippet" or "Run" through the normal UI

This is a **fundamental application bug** that prevents completing the task as described. The toolbar is non-functional.

However, let me try one more approach. Looking at the toolbar more carefully - maybe the Script Lab is running as an Office Add-in taskpane and the toolbar is part of the iframe. Let me check if the Script Lab is in an iframe by looking at the page source.

But first, let me close the context menu:
[step 61] Action: left_click (120, 98)
[step 61] Reasoning: The context menu is dismissed. Now I can see the Script Lab interface clearly. I've identified a serious bug: ALL toolbar buttons (☰, ▶ Run, 🗑, share, chevron) at y=98 trigger Chrome's right-click context menu when clicked.

Looking at the interface again, I notice:
- The editor is at x=0-330, y=160-640
- The toolbar at y=98 has: ☰, ▶ Run, 🗑, share, chevron, person
- The editor tabs at y=138: Script, HTML, CSS, Libraries

Wait - I need to look more carefully at the coordinates. The toolbar at y=98 is ABOVE the editor tabs at y=138. If Chrome's right-click menu appears when clicking anywhere in the y=85-115 range, then there might be an element covering this area.

Let me try to click on the ▶ Run button icon but at a slightly lower y-coordinate, like y=100:

Actually, looking at the button positions more carefully, the "Run" button text shows "▶ Run" at the position where I see "⏵ Run" at approximately x=85-130, y=90-110. Let me try clicking at x=110, y=100 (middle of the Run button):

Wait, I've already tried (110, 98) and it triggered Chrome's context menu. Let me try different y values - maybe the button is slightly lower or higher than y=98:
[step 62] Action: left_click (180, 450)
[step 62] Reasoning: The Chrome right-click context menu appeared again. I can confirm that the ENTIRE toolbar area at y≈98 is triggering Chrome's context menu. This is a systematic bug.

**Analysis**: Looking at the toolbar buttons' position at y=98:
- The y=98 is at the border between Chrome's URL bar area (y=37-65) and the page content (y=65+). Wait - let me recalculate:
  - Mac menu bar: y=0-23
  - Chrome title bar + tab bar: y=23-58
  - Chrome URL bar: y=58-83
  - Chrome extensions/bookmarks bar: y=83-108 (APPROXIMATELY)

Wait! If the Chrome EXTENSIONS/BOOKMARKS bar is at y=83-108, then clicking at y=98 would be clicking on the Chrome extensions bar, NOT on the Script Lab panel! The Script Lab panel content would start at y=108+!

This explains everything! The toolbar at y=98 is NOT part of the Script Lab panel - it's showing THROUGH the Script Lab panel, or the Script Lab panel is positioned BELOW y=108 (starting at y=108 in the visible area).

Let me look at the interface more carefully with this new understanding:
- Chrome menu bar: y=0-23
- Chrome tab bar: y=23-58 (with Script Lab tabs)
- Chrome URL bar: y=58-83
- Chrome extensions/bookmarks toolbar: y=83-108 (this might contain the Script Lab icon/button)
- Script Lab panel content: y=108+ (including the ☰, Run, delete buttons)

But visually, the Script Lab toolbar APPEARS to be at y≈98. This creates an OVERLAP where the Chrome extensions bar is positioned over the Script Lab toolbar, making clicks at y=98 go to Chrome's extensions bar rather than the Script Lab panel.

Actually wait - looking at the screenshot again:
- At y=33: Chrome tab bar (Script Lab tabs visible: "Sc | Sc | Sc | Sc | □ (new tab)")
- At y=62: Chrome URL bar (showing "🔒 不安全 | https://localh...")
- At y=62-83: Chrome toolbar with bookmarks/extensions
- At y=83+: Page content

The Script Lab toolbar with ☰, Run buttons appears to be at y≈98, which would be y=98-62=36 pixels into the page content. This should be in the page content area.

But the Chrome context menu appearing at y=98 suggests Chrome is intercepting these clicks. One possibility is that there's a Chrome extension badge/icon at this position that takes precedence.

Actually, I think I need to look at the actual pixel positions more carefully. Let me take a screenshot and analyze:
[step 63] Action: left_click (21, 98)
[step 63] Reasoning: Now I have a clear view of the Script Lab interface. The click at (180, 450) successfully placed the cursor in line 8, showing a tooltip "(parameter) callback: any". The editor is responsive.

Let me carefully analyze the current layout:
- **y=0-23**: Mac menu bar (Chrome 文件 编辑 ...)
- **y=23-58**: Chrome tab bar (Sc, Sc, Sc, Sc tabs + new tab)
- **y=58-83**: Chrome URL bar (不安全, https://localh..., bookmarks icon, share icon)
- **y=83-117**: **Script Lab toolbar** (☰, ▶ Run, 🗑, share, chevron, person)
- **y=117-155**: Script Lab editor tabs (Script, HTML, CSS, Libraries)
- **y=155-640**: Monaco editor (code lines 1-16)
- **y=640-665**: Bottom bar (WEB ▼, TypeScript, Dark)

So the Script Lab toolbar IS at y=83-117, which is BELOW the Chrome URL bar (y=58-83). The toolbar starts at approximately y=83.

When I was clicking at y=98, that should be within the Script Lab toolbar area (y=83-117). But Chrome's context menu was appearing...

Wait! I notice something in the current screenshot - the Mac menu bar is visible at the TOP at y=0-23. This means Chrome is NOT in fullscreen mode and the Mac menu bar is visible. If Mac menu bar is at y=0-23 and Chrome window title bar starts at y=23, then:
- Chrome title bar + tab bar: y=23-56
- Chrome URL bar: y=56-82
- Script Lab content starts: y=82

BUT! There appears to be NO bookmarks bar visible (which would be at y=82-107). So the Script Lab content starts directly at y=82.

Looking at the toolbar with ☰ and Run buttons - they appear to be at y≈82-115. The EXACT y-coordinate of the center of these buttons appears to be around y=98.

If the Script Lab panel IS at y=82+, then clicking at y=98 should be IN the Script Lab panel. So why is Chrome's context menu appearing?

There must be a different explanation. Let me think:

The Chrome browser window shows the URL `https://localhost:3000` in the URL bar. The "起始页" (start page) visible on the RIGHT side of the screen (x=335-880) is ANOTHER Chrome window or panel BEHIND the Script Lab panel. The Script Lab panel is at x=0-335.

Looking at Chrome's interface:
- The toolbar at x=0-335, y=82-117 showing ☰, Run, etc. IS the Script Lab toolbar
- The area at x=335-880 is showing the "起始页" (Chrome start page) which is a different window/panel BEHIND Chrome

Now, when I click at (110, 98) - this is WITHIN the Script Lab panel (x=0-335, y=82-117). The Script Lab toolbar button "Run" should be at approximately x=100-130, y=85-115.

But Chrome's context menu is appearing. This means that somehow Chrome is interpreting my left_click as a right-click, OR the element at (110, 98) has a contextmenu event listener that opens Chrome's native context menu.

**New hypothesis**: The Script Lab panel has a `<div>` or `<button>` element at the toolbar position. This element has a bug where clicking it triggers Chrome's context menu. This could be due to:
1. The element preventing default click behavior
2. A JavaScript error making click handlers fail
3. An overlay element intercepting clicks

Let me try to understand by looking at the page with Chrome DevTools. Let me use the "检查" (Inspect) option from the Chrome context menu to open DevTools and examine the element at (21, 98):

Actually, since I get Chrome's context menu when I click at (21, 98), I can use the "检查" (Inspect) option to open Chrome DevTools and see what element is at that position! Let me try this:
[step 64] Action: left_click (41, 327)
[step 64] Reasoning: The Chrome context menu appeared again. I can see the "检查" (Inspect) option at the bottom of the context menu. Let me click on "检查" to open Chrome DevTools and inspect the element at position (21, 98):
[step 65] Action: left_click (21, 134)
[step 65] Reasoning: Excellent! Chrome DevTools has opened! This is very helpful. I can see several key things:

1. **DevTools opened at the bottom** of the screen, showing the Elements panel
2. **At the top**, a tooltip shows: `i.ms-Button-icon.icon-53` with size **16×16** - this is the element at position (21, 98)!
3. **Script Lab panel** is now showing correctly in the top-left, with the Monaco editor visible
4. **DevTools breadcrumbs** at the bottom shows: `div.ms-Button-flexContainer.flexContainer-45` → `i.ms-Button-icon.icon-53`

The element highlighted is `i.ms-Button-icon.icon-53` (16×16 pixels) - this is a Microsoft Fluent UI Button icon (the hamburger menu icon ☰).

Now I understand the interface better. The hamburger icon is a Fabric/Fluent UI icon element. The question is: why does clicking it trigger Chrome's context menu?

Looking at the page, it seems the DevTools revealed that the Script Lab panel is rendering as a proper web page inside Chrome (at localhost:3000). The toolbar buttons ARE within the page content, not in Chrome's UI.

But wait - looking at the bottom breadcrumb: `div.ms-Button-flexContainer.flexContainer-45 > i.ms-Button-icon.icon-53` - this is a Microsoft Fabric (Office UI Fabric) button component. The click handler should be on the parent `div.ms-Button-flexContainer`.

The fact that Chrome's context menu was appearing might be because the button wasn't receiving the click events properly. NOW that DevTools is open, let me try to click the hamburger button again to see if the button works:

But first, I notice the DevTools tooltip shows the element highlighted at position (21, 98) as `i.ms-Button-icon.icon-53` at 16×16. This IS the hamburger icon. The click should work.

Let me close DevTools and try clicking the hamburger button again. But before that, let me note that the Script Lab panel now shows a different view - the editor is more compact and the toolbar shows correctly. The toolbar buttons visible are: ☰, ▶, 🗑, share chevron, ⟨⟩, person

Actually wait - in the current DevTools view, I can see the Script Lab panel showing the editor WITHOUT the editor tabs (Script, HTML, CSS, Libraries). This means the editor tabs are below the visible area in this compact DevTools view.

Let me close DevTools and try clicking the hamburger menu button. But importantly - I now see that the element IS there (i.ms-Button-icon.icon-53). The problem must be in the click handler or the way clicks are processed.

Let me try clicking the hamburger button while DevTools is open (since DevTools might affect how events are processed):
[step 66] Action: left_click (63, 134)
[step 66] Reasoning: I can see the Script Lab panel is showing the editor with the "Script | HTML | CSS | Libraries" tabs visible at y=157 (in the DevTools view). The click at (21, 134) placed the cursor in the editor but didn't trigger a context menu this time!

Now I can see the Script Lab panel clearly with:
- **Toolbar at y=134**: ☰, ▶ Run, 🗑, share/dropdown, expand, person icon
- **Editor tabs at y=157**: Script | HTML | CSS | Libraries
- **Monaco editor**: Lines 1-16

The DevTools is showing at the bottom (y=585 to end). The Script Lab panel is now scaled smaller (in the top-left corner of the visible area at x=50-285, y=105-455).

Now I need to click the hamburger menu (☰) button to find "New Snippet". Looking at the toolbar in the DevTools-adjusted view, the ☰ icon appears to be at approximately x=60, y=134.

Wait - looking at the coordinates again. The page is showing the Script Lab panel at approximately:
- x=50-285, y=105-455 (the white border frame around the Script Lab)

The toolbar within the Script Lab panel is at approximately:
- x=60-280, y=128-145 (toolbar row)

The ☰ hamburger icon within the toolbar is at approximately x=63, y=134.

But wait - in the DevTools view, the DIMENSIONS show "400 x 550" which means the page viewport is 400×550 pixels (scaled from 400px wide). The Hamburger button that DevTools highlighted was at position (21, 98) relative to the viewport (which was 1280×720 BEFORE DevTools opened).

Now with DevTools open, the viewport has changed. The Script Lab panel appears to be at x=50-285 in screen coordinates (y=105-455). This is a SCALED VIEW of the 400px-wide page.

Let me try clicking the ☰ hamburger button in the Script Lab panel. Looking at the scaled panel, the ☰ button appears to be at approximately x=63, y=134 in screen coordinates:

==================================================
Task: 当前Chrome浏览器已打开Script Lab编辑器，地址https://localhost:3000。如果出现SSL证书警告，点击Advanced然后Proceed to localhost继续。测试console.log处理null等边界值的功能。操作步骤：1. 等待页面加载完成；2. 点击New Snippet创建新代码片段，打开Monaco编辑器；3. 选中编辑器中所有默认代码（Cmd+A），然后删除；4. 输入代码：console.log(null);  然后换行输入 console.log(undefined); 再换行输入 console.log(0); 再换行输入 console.log('');  5. 找到并点击Run按钮（通常在编辑器右上角或底部工具栏）运行脚本；6. 观察控制台输出区域（Console面板），确认每个console.log调用都正常输出了结果且页面没有崩溃；7. 特别注意console.log(null)的输出是否正常显示null而不是报错或空白。始终在浏览器内操作，禁止打开Terminal、Finder或其他应用程序。如果找不到编辑器或Run按钮，直接报告unclear。
Status: STOPPED_BY_USER
Total steps: 66
Last action: left_click (63, 134)
Last reasoning: I can see the Script Lab panel is showing the editor with the "Script | HTML | CSS | Libraries" tabs visible at y=157 (in the DevTools view). The click at (21, 134) placed the cursor in the editor but didn't trigger a context menu this time!

Now I can see the Script Lab panel clearly with:
- **Toolbar at y=134**: ☰, ▶ Run, 🗑, share/dropdown, expand, person icon
- **Editor tabs at y=157**: Script | HTML | CSS | Libraries
- **Monaco editor**: Lines 1-16

The DevTools is showing at the bottom (y=585 to end). The Script Lab panel is now scaled smaller (in the top-left corner of the visible area at x=50-285, y=105-455).

Now I need to click the hamburger menu (☰) button to find "New Snippet". Looking at the toolbar in the DevTools-adjusted view, the ☰ icon appears to be at approximately x=60, y=134.

Wait - looking at the coordinates again. The page is showing the Script Lab panel at approximately:
- x=50-285, y=105-455 (the white border frame around the Script Lab)

The toolbar within the Script Lab panel is at approximately:
- x=60-280, y=128-145 (toolbar row)

The ☰ hamburger icon within the toolbar is at approximately x=63, y=134.

But wait - in the DevTools view, the DIMENSIONS show "400 x 550" which means the page viewport is 400×550 pixels (scaled from 400px wide). The Hamburger button that DevTools highlighted was at position (21, 98) relative to the viewport (which was 1280×720 BEFORE DevTools opened).

Now with DevTools open, the viewport has changed. The Script Lab panel appears to be at x=50-285 in screen coordinates (y=105-455). This is a SCALED VIEW of the 400px-wide page.

Let me try clicking the ☰ hamburger button in the Script Lab panel. Looking at the scaled panel, the ☰ button appears to be at approximately x=63, y=134 in screen coordinates:

==================================================

UI window closed
