Session created: sess-20260417202617-42aab268a69b4bd9a96ae2ff2eb13a63
UI panel initialized successfully
UI window displayed
Expected result: console.log(null)正常输出null值，Runner页面正常显示控制台输出。如果console.log(null)导致崩溃或Runner无法加载则为abnormal。
[step 0] Action: Initializing
[step 0] Reasoning: Initializing session connection
[step 0] Action: screenshot
[step 1] Action: left_click (640, 400)
[step 1] Reasoning: I can see the Script Lab editor is already open with some code. I can see there's a tab tooltip showing localhost:3200 (Runner). The editor already has some code with `console.log(null)`, `console.log(undefined)`, `console.log(0)`, and `console.log('')`. Let me first check the SSL status and then proceed with the task. Let me click elsewhere to dismiss the tooltip and take a better look.
[step 2] Action: left_click (452, 33)
[step 2] Reasoning: I can see the Script Lab editor at localhost:3000. The editor already has code with 4 lines:
1. `console.log(null);`
2. `console.log(undefined);`
3. `console.log(0);`
4. `console.log('');`

The task requires only 3 lines (null, undefined, 0), and there's an extra line 4 with `console.log('')`. Let me first check the Runner tab (localhost:3200) for SSL issues, and also check the current editor tab's SSL status - I see it shows "不安全" (not secure) with https, but the page is loaded.

Let me first check the Runner tab for SSL warnings, then come back to clear and re-enter the code as required.

Let me first click on the Runner tab (localhost:3200):
[step 3] Action: left_click (452, 33)
[step 3] Reasoning: It seems the page didn't change - I'm still on localhost:3000. The second tab also appears to show "Script Lab". Let me click on the second Script Lab tab more precisely:
[step 4] Action: Open url: https://localhost:3200
[step 4] Reasoning: The page still shows localhost:3000. I need to check the Runner tab (localhost:3200) for SSL warnings. Let me navigate directly to localhost:3200 to check:
[step 5] Action: scroll up (640, 400) scroll_amount 3
[step 5] Reasoning: Excellent! This is very interesting! I can see the Runner page at localhost:3200 has already run code and is showing an error:

**TypeError: Cannot read properties of null (reading 'toJSON')**

This is exactly what we're testing! The error occurs in `CustomTailoredObjectInspector.render` at line 25:
```javascript
if (obj.toJSON) {
```

The error happens when `console.log(null)` is called - because the code tries to call `null.toJSON` which causes a TypeError since `null` doesn't have properties.

The error stack trace shows:
1. `CustomTailoredObjectInspector.render` - trying to read `toJSON` property of null
2. `App._this.addLog` - at `App/index.tsx:107` 
3. `(anonymous function)` - at `App/index.tsx:86`

This is a **bug** in the Script Lab Runner - it doesn't handle `null` properly when passed to `console.log()`. The `CustomTailoredObjectInspector` component tries to call `obj.toJSON` without first checking if `obj` is null.

Let me scroll up to see if there's more context, and also scroll down to see the full error:
[step 6] Action: left_click (293, 33)
[step 6] Reasoning: The page shows the same error at the top. Now I need to actually run the test following the task steps. Let me go back to the editor first. But wait - the task says to clear the existing code and enter specific code. The editor already has 4 lines (including `console.log('')`), but the task only needs 3 lines. Let me go back to the editor tab and follow the steps.

However, looking at the current situation - the Runner is already showing an error from previous code execution with `console.log(null)`. The error message is:

**"TypeError: Cannot read properties of null (reading 'toJSON')"**

This is the key finding! The `console.log(null)` causes a crash in the Runner because the `CustomTailoredObjectInspector` tries to access `null.toJSON` without null-checking first.

Now let me properly follow the task steps. I need to go back to the editor, clear the code, enter the 3 required lines, and run it. Let me switch to the editor tab:
[step 7] Action: left_click (414, 33)
[step 7] Reasoning: I'm now on localhost:3200 (Runner). The page shows the TypeError. I need to click on the Script Lab editor tab (localhost:3000). Let me click on the second tab which shows "Script Lab" with the localhost:3000:
[step 8] Action: left_click (500, 205)
[step 8] Reasoning: Now I'm on the Script Lab editor at localhost:3000. I can see the code editor with 4 lines. I need to:
1. Clear all existing code (Cmd+A then Backspace)
2. Enter the 3 required lines:
   - `console.log(null);`
   - `console.log(undefined);`
   - `console.log(0);`

Let me click on the editor area to get focus, then select all and delete:
[step 9] Action: key: cmd+a
[step 9] Reasoning: I've clicked on the editor and now it has focus (cursor is visible at line 2). Now let me select all code and delete it:
[step 10] Action: key: BackSpace
[step 10] Reasoning: All code is selected (highlighted). Now I'll press Backspace to delete it:
[step 11] Action: type: console.log(null)...
[step 11] Reasoning: The editor is now empty (just line 1 with a cursor). Now I'll type the 3 required lines of code:
[step 12] Action: left_click (207, 98)
[step 12] Reasoning: The code has been entered correctly:
1. `console.log(null);`
2. `console.log(undefined);`
3. `console.log(0);`

Now I need to click the Run button (▶ Run) in the toolbar to run the code:
[step 13] Action: left_click (639, 466)
[step 13] Reasoning: The Runner (localhost:3200) is loading and showing "Script Lab - An unexpected error has occurred." with a "Click for more info" link. This is the error state we observed earlier. The page is navigating to `https://localhost:3200/?backButton=true#/`.

Let me wait for it to fully load and then click "Click for more info" to see the details:
[step 14] Action: left_click (176, 97)
[step 14] Reasoning: The error is confirmed again. The Runner shows:

**TypeError: Cannot read properties of null (reading 'toJSON')**

at `CustomTailoredObjectInspector.render` in `/Users/worker02/script-lab/packages/common/lib/components/Console/CustomTailoredObjectInspector.js:25`

The relevant code:
```javascript
22 | CustomTailoredObjectInspector.prototype.render = function () {
23 |   var obj = this.props.obj;
24 |
25 | if (obj.toJSON) {   // <-- ERROR: obj is null, can't access toJSON on null
26 |   return react_1.default.createElement(react_1.ObjectInspector, {
27 |       data: obj.toJSON()
28 |   });
```

This confirms the **bug**: When `console.log(null)` is called, the `CustomTailoredObjectInspector` component receives `null` as the `obj` prop. Line 25 tries to access `obj.toJSON` without first checking if `obj` is null, causing the `TypeError: Cannot read properties of null (reading 'toJSON')`.

The page shows "1 of 2 errors on the page" - let me check if there are navigation arrows to see the second error:
[step 15] Action: DONE
[step 15] Reasoning: The second error is the same: **TypeError: Cannot read properties of null (reading 'toJSON')**. There are 2 identical errors - this makes sense because the previous run also had `console.log(null)` and now the new run also has it.

Both errors occur at the same location: `CustomTailoredObjectInspector.js:25` with `if (obj.toJSON)` when `obj` is `null`.

## Test Result Summary

**Test: Verify console.log(null) in the console output**

**Result: FAIL - Bug Confirmed**

**Bug Details:**
- **Error**: `TypeError: Cannot read properties of null (reading 'toJSON')`
- **Location**: `CustomTailoredObjectInspector.render` at `/Users/worker02/script-lab/packages/common/lib/components/Console/CustomTailoredObjectInspector.js:25`
- **Root Cause**: The `CustomTailoredObjectInspector` component does not perform a null check before accessing the `toJSON` property of `obj`. When `console.log(null)` is called, `obj` is `null`, and accessing `null.toJSON` throws a TypeError.
- **Problematic Code** (line 25): `if (obj.toJSON) {` — needs to be `if (obj && obj.toJSON) {` or `if (obj != null && obj.toJSON) {`
- **Impact**: The entire Runner crashes with an error page instead of displaying the console output. `console.log(null)` does NOT output `null` in the console; instead, it causes a fatal error in the UI.

**Visual Anomalies Observed:**
- The Runner shows a full-page error overlay instead of the expected console output panel
- "1 of 2 errors on the page" shown - the error occurs twice (from 2 run attempts)
- The normal console UI (which should show log entries) is completely replaced by the error stack trace view

The test demonstrates that `console.log(null)` is **NOT working properly** in the Script Lab Runner due to a missing null check in the `CustomTailoredObjectInspector` component.
Evaluating task result...

==================================================
Task: Chrome浏览器已打开两个标签页：
- Script Lab编辑器: https://localhost:3000
- Script Lab Runner: https://localhost:3200

如果任何页面显示SSL证书警告(Your connection is not private)，点击Advanced然后点击Proceed to localhost (unsafe)继续。

测试目标：验证console.log(null)在控制台输出是否正常工作。

操作步骤：
1. 先确保两个标签页都没有SSL警告（如有就处理掉）
2. 切换到Script Lab编辑器标签(localhost:3000)
3. 等待页面加载完成，应显示Monaco代码编辑器
4. 点击编辑器代码区域获取焦点
5. 按Cmd+A全选代码，然后按Backspace删除全部代码
6. 输入以下代码（每行末尾按Enter换行）：
   console.log(null);
   console.log(undefined);
   console.log(0);
7. 在顶部工具栏找到Run按钮（▶ Run文字），点击它运行代码
8. 点击Run后页面会跳转到Runner（localhost:3200），等待Runner加载
9. 观察Runner页面是否显示代码执行结果/控制台输出
10. 检查console.log(null)是否正常输出null

始终在浏览器内操作，禁止打开Terminal、Finder或其他应用程序。
Status: COMPLETED
Total steps: 15
Last action: DONE
Last reasoning: The second error is the same: **TypeError: Cannot read properties of null (reading 'toJSON')**. There are 2 identical errors - this makes sense because the previous run also had `console.log(null)` and now the new run also has it.

Both errors occur at the same location: `CustomTailoredObjectInspector.js:25` with `if (obj.toJSON)` when `obj` is `null`.

## Test Result Summary

**Test: Verify console.log(null) in the console output**

**Result: FAIL - Bug Confirmed**

**Bug Details:**
- **Error**: `TypeError: Cannot read properties of null (reading 'toJSON')`
- **Location**: `CustomTailoredObjectInspector.render` at `/Users/worker02/script-lab/packages/common/lib/components/Console/CustomTailoredObjectInspector.js:25`
- **Root Cause**: The `CustomTailoredObjectInspector` component does not perform a null check before accessing the `toJSON` property of `obj`. When `console.log(null)` is called, `obj` is `null`, and accessing `null.toJSON` throws a TypeError.
- **Problematic Code** (line 25): `if (obj.toJSON) {` — needs to be `if (obj && obj.toJSON) {` or `if (obj != null && obj.toJSON) {`
- **Impact**: The entire Runner crashes with an error page instead of displaying the console output. `console.log(null)` does NOT output `null` in the console; instead, it causes a fatal error in the UI.

**Visual Anomalies Observed:**
- The Runner shows a full-page error overlay instead of the expected console output panel
- "1 of 2 errors on the page" shown - the error occurs twice (from 2 run attempts)
- The normal console UI (which should show log entries) is completely replaced by the error stack trace view

The test demonstrates that `console.log(null)` is **NOT working properly** in the Script Lab Runner due to a missing null check in the `CustomTailoredObjectInspector` component.

==================================================

UI window closed
