Session created: sess-20260417192425-0b4eddd35df3488db30612543ef1a4b4
UI panel initialized successfully
UI window displayed
Expected result: Monaco代码编辑器正常加载，右键菜单正常弹出和关闭，关闭后编辑器无报错且继续正常工作。
[step 0] Action: Initializing
[step 0] Reasoning: Initializing session connection
[step 0] Action: screenshot
[step 1] Action: left_click (459, 370)
[step 1] Reasoning: I can see a SSL certificate warning page in Chinese. I need to click "高级" (Advanced) and then proceed to localhost. Let me do that.
[step 2] Action: left_click (499, 457)
[step 2] Reasoning: I can see the "继续前往localhost（不安全）" link (Proceed to localhost unsafe). Let me click it.
[step 3] Action: screenshot
[step 3] Reasoning: The page is loading (I can see the tab title has changed to "Script Lab" and the spinner is active). Let me wait for it to fully load.
[step 4] Action: left_click (1205, 68)
[step 4] Reasoning: The Script Lab page has loaded. I can see a left sidebar with "New Snippet", "My Snippets", "Samples", and "Import" options. There's also a translation bar at the top. I need to navigate to the code editor. Let me close the translation bar first, then click on "New Snippet" to open the code editor.
[step 5] Action: left_click (93, 107)
[step 5] Reasoning: Good, the translation bar is dismissed. Now I need to click on "New Snippet" to create a new snippet and get to the code editor.
[step 6] Action: left_click (640, 200)
[step 6] Reasoning: Excellent! The Monaco code editor has loaded successfully with a "New Snippet" containing TypeScript code. I can see:
- The editor shows syntax-highlighted JavaScript/TypeScript code
- There are tabs at the top: Script, HTML, CSS, Libraries
- The editor appears to be a fully functional Monaco editor with line numbers

Now let me **Step 2**: Click in the code editor area to confirm it's interactive, then type some text.
[step 7] Action: type: // test input
[step 7] Reasoning: I can see the cursor is now on line 6 (there's a cursor visible at line 6). The editor is responding to clicks. Let me type some text to confirm it's working.
[step 8] Action: right_click (400, 195)
[step 8] Reasoning: The editor is working correctly - I can see "// test input" has been typed on line 6, which is shown in green (comment color). The editor is accepting text input.

Now **Step 3**: Right-click in the code editor area to trigger the context menu.
[step 9] Action: key: Escape
[step 9] Reasoning: **Excellent!** The right-click context menu has appeared successfully! The Monaco editor's context menu is working correctly and displays the following options:
- **Trigger suggestion** (F2)
- **Go to Definition** (⌘F12)
- **Peek Definition** (⌥F12)
- **Peek References** (⇧F12)
- **Go to Symbol...** (⇧⌘O)
- **Change All Occurrences** (⌘F2)
- **Format Document** (⇧⌥F)
- **Cut**
- **Copy**
- **Command Palette** (F1)

This is the standard Monaco editor context menu with proper code editing features. Now **Step 4**: Close the menu by pressing Escape or clicking outside.
[step 10] Action: left_click (400, 195)
[step 10] Reasoning: The context menu has been dismissed successfully with the Escape key. The editor shows the cursor is still on line 6 after "// test input". Now **Step 5**: Continue editing in the editor to confirm it still works after closing the context menu.
[step 11] Action: key: End
[step 11] Reasoning: The editor cursor is positioned in line 6. Let me type some additional text to confirm the editor is still working after closing the context menu.
[step 12] Action: type:  - after context ...
[step 13] Action: DONE
[step 13] Reasoning: All steps have been completed successfully. Here is a comprehensive summary of the test results:

---

## Monaco代码编辑器右键菜单功能测试报告

### 测试结果：✅ **通过（PASS）**

### 详细测试步骤执行情况：

**步骤1 - 等待编辑器加载完成：**
- ✅ 成功处理了SSL证书警告（点击"高级" → "继续前往localhost（不安全）"）
- ✅ Script Lab页面加载完成，显示左侧导航栏（New Snippet、My Snippets、Samples、Import）

**步骤2 - 确认编辑器可以正常输入代码：**
- ✅ 点击"New Snippet"成功打开Monaco代码编辑器
- ✅ 编辑器加载了默认TypeScript代码模板，语法高亮正常
- ✅ 在编辑器第6行点击后，成功输入了`// test input`，确认编辑器可正常接受输入

**步骤3 - 右键点击观察上下文菜单：**
- ✅ 在代码编辑器区域右键点击后，**右键上下文菜单成功弹出**
- ✅ 菜单包含以下标准Monaco编辑器选项：
  - Trigger suggestion (F2)
  - Go to Definition (⌘F12)
  - Peek Definition (⌥F12)
  - Peek References (⇧F12)
  - Go to Symbol... (⇧⌘O)
  - Change All Occurrences (⌘F2)
  - Format Document (⇧⌥F)
  - Cut / Copy
  - Command Palette (F1)

**步骤4 - 关闭右键菜单：**
- ✅ 按下**Escape键**后，右键菜单成功关闭，编辑器恢复正常显示

**步骤5 - 关闭菜单后继续编辑：**
- ✅ 关闭菜单后，编辑器**仍然正常工作**
- ✅ 成功继续输入` - after context menu`文本，最终第6行显示`// test input - after context menu`

### 视觉观察：
- 编辑器布局正常，语法高亮（绿色注释、蓝色关键字、白色标识符）显示正确
- 右键菜单样式整洁，无视觉异常
- 未发现任何布局错误或UI异常

**结论：Monaco代码编辑器的右键上下文菜单功能完全正常，所有测试步骤均成功通过。**
Evaluating task result...

==================================================
Task: 当前Chrome浏览器已打开Script Lab编辑器页面，地址是https://localhost:3000。注意：页面可能显示SSL证书警告，如果出现，点击Advanced然后点击Proceed to localhost (unsafe)继续。测试Monaco代码编辑器的右键菜单功能。操作步骤：1. 等待编辑器加载完成；2. 在代码编辑器区域点击，确认编辑器可以正常输入代码；3. 在代码编辑器区域右键点击，观察是否弹出右键上下文菜单；4. 弹出右键菜单后，点击菜单外空白区域或按Escape键关闭菜单；5. 关闭右键菜单后，继续在编辑器中编辑，确认编辑器仍正常工作。始终在浏览器内操作，禁止打开Terminal、Finder或其他应用程序。如果找不到Monaco编辑器，直接报告unclear。
Status: COMPLETED
Total steps: 13
Last action: DONE
Last reasoning: All steps have been completed successfully. Here is a comprehensive summary of the test results:

---

## Monaco代码编辑器右键菜单功能测试报告

### 测试结果：✅ **通过（PASS）**

### 详细测试步骤执行情况：

**步骤1 - 等待编辑器加载完成：**
- ✅ 成功处理了SSL证书警告（点击"高级" → "继续前往localhost（不安全）"）
- ✅ Script Lab页面加载完成，显示左侧导航栏（New Snippet、My Snippets、Samples、Import）

**步骤2 - 确认编辑器可以正常输入代码：**
- ✅ 点击"New Snippet"成功打开Monaco代码编辑器
- ✅ 编辑器加载了默认TypeScript代码模板，语法高亮正常
- ✅ 在编辑器第6行点击后，成功输入了`// test input`，确认编辑器可正常接受输入

**步骤3 - 右键点击观察上下文菜单：**
- ✅ 在代码编辑器区域右键点击后，**右键上下文菜单成功弹出**
- ✅ 菜单包含以下标准Monaco编辑器选项：
  - Trigger suggestion (F2)
  - Go to Definition (⌘F12)
  - Peek Definition (⌥F12)
  - Peek References (⇧F12)
  - Go to Symbol... (⇧⌘O)
  - Change All Occurrences (⌘F2)
  - Format Document (⇧⌥F)
  - Cut / Copy
  - Command Palette (F1)

**步骤4 - 关闭右键菜单：**
- ✅ 按下**Escape键**后，右键菜单成功关闭，编辑器恢复正常显示

**步骤5 - 关闭菜单后继续编辑：**
- ✅ 关闭菜单后，编辑器**仍然正常工作**
- ✅ 成功继续输入` - after context menu`文本，最终第6行显示`// test input - after context menu`

### 视觉观察：
- 编辑器布局正常，语法高亮（绿色注释、蓝色关键字、白色标识符）显示正确
- 右键菜单样式整洁，无视觉异常
- 未发现任何布局错误或UI异常

**结论：Monaco代码编辑器的右键上下文菜单功能完全正常，所有测试步骤均成功通过。**

==================================================

UI window closed
