Session created: sess-20260417035031-5d5687c40ccd4c5580a588e80c9a3b93
UI panel initialized successfully
UI window displayed
Expected result: 在打开并关闭Modal弹窗之后，Sidebar.Pushable侧边栏仍然能够正常响应按钮点击，可以正常显示和隐藏，不需要刷新页面。
[step 0] Action: Initializing
[step 0] Reasoning: Initializing session connection
[step 0] Action: screenshot
[step 1] Action: scroll down (83, 400) scroll_amount 5
[step 1] Reasoning: I can see the Semantic UI React documentation site. I need to scroll down in the left navigation to find "Modules > Sidebar". Let me scroll down to find the Modules section.
[step 2] Action: scroll down (83, 400) scroll_amount 5
[step 2] Reasoning: I can see Elements and Collections sections. I need to scroll more to find the Modules section.
[step 3] Action: scroll down (83, 400) scroll_amount 5
[step 3] Reasoning: I can see Collections and Views sections. I need to scroll more to find Modules.
[step 4] Action: scroll down (83, 400) scroll_amount 3
[step 4] Reasoning: I can now see the Modules section with Accordion, Checkbox, Dimmer, Dropdown, Embed, Modal, Popup, Progress. I need to scroll a bit more to find Sidebar.
[step 5] Action: left_click (23, 470)
[step 5] Reasoning: I can now see "Sidebar" in the Modules section. Let me click on it.
[step 6] Action: scroll down (583, 400) scroll_amount 5
[step 6] Reasoning: I'm now on the Sidebar page. I can see there's a "Sidebar" example with a "visible" checkbox and an "Application Content" area. I can also see there's a "States" section with a "Visible" example. Let me scroll down to find the Sidebar.Pushable examples and look for a button-based toggle example.
[step 7] Action: scroll down (583, 400) scroll_amount 5
[step 7] Reasoning: I can see a "Visible" state example showing a sidebar with Home, Games, Channels items. Let me scroll down more to see the Examples section which should have a Sidebar.Pushable with a toggle button.
[step 8] Action: scroll down (583, 400) scroll_amount 8
[step 8] Reasoning: I can see the "Visible" state example with the sidebar showing (Home, Games, Channels) and a "Dimmed" example below. Let me scroll down more to find Examples section with a toggle button.
[step 9] Action: scroll down (583, 400) scroll_amount 5
[step 9] Reasoning: I can see the "EXAMPLES" section heading at the bottom. Let me scroll down to see the Examples.
[step 10] Action: scroll down (583, 400) scroll_amount 8
[step 10] Reasoning: I can see the EXAMPLES section. Let me scroll down to find interactive examples with buttons to toggle the sidebar.
[step 11] Action: scroll down (583, 400) scroll_amount 5
[step 11] Reasoning: I can see the Transitions example with animation types (Overlay, Push, Scale Down, Uncover, Slide Along, Slide Out) and a "Dim Page" toggle and Direction buttons. Let me scroll down more to see the full interactive example where I can toggle the sidebar.
[step 12] Action: left_click (224, 499)
[step 12] Reasoning: I can see the Transitions example with buttons like "Overlay", "Push", "Scale Down", "Uncover", "Slide Along", "Slide Out" which can be clicked to toggle the sidebar. I can see there's an "Application Content" section. Let me click on "Overlay" button to test opening/closing the sidebar with Sidebar.Pushable.

First, let me click the "Overlay" button to show the sidebar:
[step 13] Action: left_click (600, 620)
[step 13] Reasoning: Excellent! I can see the sidebar is now showing with "Home" and a games icon at the bottom. The sidebar appeared after clicking "Overlay". Now I need to close it. Let me click on the "Application Content" area to close the sidebar (clicking outside the sidebar).
[step 14] Action: scroll down (583, 400) scroll_amount 3
[step 14] Reasoning: The sidebar is still showing. Let me scroll down a bit to see the full example with the "Application Content" area and try clicking on it.
[step 15] Action: left_click (650, 570)
[step 15] Reasoning: Now I can see the sidebar is visible (showing Home, Games, Channels). The "Application Content" area is to the right of the sidebar. Let me click on the Application Content area to close the sidebar.
[step 16] Action: left_click (224, 399)
[step 16] Reasoning: The sidebar is still showing. It seems clicking outside didn't close it. Let me click on the "Overlay" button again to toggle the sidebar closed.
[step 17] Action: left_click (21, 389)
[step 17] Reasoning: The sidebar is now hidden - I can see the "Application Content" section is now fully visible without the sidebar. The sidebar opened and closed successfully using the "Overlay" button. 

Now I've confirmed:
1. ✅ Sidebar opens when clicking "Overlay" button
2. ✅ Sidebar closes when clicking "Overlay" button again

Now I need to navigate to the Modal page. Let me click on "Modal" in the left navigation.
[step 18] Action: left_click (233, 339)
[step 18] Reasoning: I'm now on the Modal page. I can see a "Show Modal" button under the "Modal" type example. Let me click that to open the Modal.
[step 19] Action: left_click (800, 505)
[step 19] Reasoning: The Modal is now open! I can see the "Select a Photo" modal with:
- A "Default Profile Image" with a gravatar
- Text "We've found the following gravatar image associated with your e-mail address."
- "Is it okay to use this photo?"
- "Nope" and "Yep, that's me" buttons

The modal is displaying correctly. Now I need to close it. I'll click on the "Nope" button or click outside the modal. Let me click on "Nope" to close the modal.
[step 20] Action: left_click (24, 469)
[step 20] Reasoning: Excellent! The Modal is now closed. I can see the Modal page is back to normal without any modal overlay. The modal closed successfully.

Now I need to navigate back to the Sidebar page. Let me click on "Sidebar" in the left navigation.
[step 21] Action: scroll down (583, 400) scroll_amount 15
[step 21] Reasoning: I'm back on the Sidebar page. Now I need to scroll down to find the "Transitions" example with the "Overlay", "Push", "Scale Down" buttons that I used earlier. Let me scroll down to the Examples section.
[step 22] Action: scroll down (583, 400) scroll_amount 10
[step 22] Reasoning: I can see the Sidebar page now shows the "STATES" section with "Visible" and "Dimmed" states. Interestingly, the Visible state is showing the sidebar (Home, Games, Channels). I notice the sidebar is visible in the "Visible" state example, which is a static example.

Let me scroll down more to find the "EXAMPLES" section with the "Transitions" example that has the interactive buttons.
[step 23] Action: scroll down (583, 400) scroll_amount 5
[step 23] Reasoning: I can now see the "EXAMPLES" section and the "Transitions" table with Overlay, Push, Scale Down, Uncover. Let me scroll down a bit more to see the interactive buttons.
[step 24] Action: scroll down (583, 400) scroll_amount 3
[step 24] Reasoning: I can see the full Transitions table. I need to scroll down a bit more to see the "Overlay", "Push", "Scale Down" toggle buttons.
[step 25] Action: left_click (224, 599)
[step 25] Reasoning: I can now see the "All Direction Animations" section with the "Overlay", "Push", "Scale Down" buttons. Now let me test the sidebar by clicking "Overlay" again to verify it still works after using the Modal.
[step 26] Action: scroll down (583, 400) scroll_amount 3
[step 26] Reasoning: I see the page looks the same - I don't see the sidebar appearing. Let me scroll down to see the Application Content area and check if the sidebar appeared.
[step 27] Action: left_click (224, 499)
[step 27] Reasoning: The sidebar DID appear after clicking "Overlay"! I can see the sidebar at the bottom of the screen showing "Home" and a games icon. This confirms that the sidebar is still working correctly after using the Modal.

Let me click "Overlay" again to close the sidebar and verify it closes properly.
[step 28] Action: DONE
[step 28] Reasoning: The sidebar is now closed again. I can see the "Application Content" area is visible without any sidebar overlaying it. The sidebar toggling is working correctly - it can be opened and closed normally even after using the Modal.

Let me now provide a comprehensive summary of all the test results:

## 测试结果总结

### 测试步骤和结果：

**步骤1: 导航到 Modules > Sidebar** ✅
- 成功在左侧导航找到并点击了 "Sidebar" 链接
- 成功进入了 `localhost:3000/modules/sidebar/` 页面

**步骤2-3: 测试 Sidebar.Pushable 示例（首次）** ✅
- 找到了 "EXAMPLES" 部分下的 "Transitions" 示例
- 该示例包含 Direction（Left/Right/Top/Bottom）和 动画类型（Overlay/Push/Scale Down/Uncover/Slide Along/Slide Out）按钮
- 点击 **"Overlay"** 按钮 → 侧边栏正常显示（显示 Home、Games、Channels 菜单项）✅
- 再次点击 **"Overlay"** 按钮 → 侧边栏正常隐藏 ✅

**步骤4: 导航到 Modules > Modal，打开 Modal** ✅
- 成功导航到 Modal 页面
- 找到 "Show Modal" 按钮并点击
- Modal 弹窗正常打开（显示 "Select a Photo" 对话框，含头像和操作按钮）✅

**步骤5: 关闭 Modal** ✅
- 点击 "Nope" 按钮关闭 Modal
- Modal 正常关闭，页面恢复正常 ✅

**步骤6: 返回 Sidebar 页面，再次测试 Sidebar** ✅
- 成功返回 Sidebar 页面
- 再次点击 **"Overlay"** 按钮 → 侧边栏仍然正常显示（Home、Games 图标可见）✅
- 再次点击 **"Overlay"** 按钮 → 侧边栏正常隐藏，"Application Content" 区域恢复显示 ✅

### 结论：
**Sidebar.Pushable 与 Modal 组件的交互功能正常。** 在使用 Modal 弹窗（打开和关闭）之后，Sidebar.Pushable 的显示和隐藏功能依然正常工作，没有发现任何功能性问题。侧边栏的 toggle 操作在 Modal 交互前后表现一致，未出现状态异常或 UI 卡死的情况。
Evaluating task result...

==================================================
Task: 当前Chrome浏览器已打开Semantic-UI-React文档站点，地址是http://localhost:3000。测试Sidebar.Pushable与Modal组件的交互功能。步骤：1. 在左侧导航找到Modules > Sidebar，点击进入Sidebar组件文档页面。2. 找到包含Sidebar.Pushable的示例（如Visible示例，或Usage区域的示例）。3. 点击按钮打开侧边栏菜单，确认侧边栏能正常显示和隐藏。4. 然后导航到Modules > Modal页面，点击Show Modal按钮打开一个Modal弹窗。5. 关闭Modal弹窗（点击关闭按钮或点击Modal外部区域）。6. 返回到Sidebar页面，再次点击按钮尝试打开侧边栏菜单，验证侧边栏是否仍然能正常显示和隐藏。7. 如果在文档站点中找不到Sidebar+Modal组合的场景，可以在同一个页面内先操作Sidebar示例，再操作Modal示例，然后回来操作Sidebar观察是否正常。始终在浏览器内操作，禁止打开Terminal、Finder或其他应用程序。如果在浏览器中找不到目标功能，直接报告unclear。
Status: COMPLETED
Total steps: 28
Last action: DONE
Last reasoning: The sidebar is now closed again. I can see the "Application Content" area is visible without any sidebar overlaying it. The sidebar toggling is working correctly - it can be opened and closed normally even after using the Modal.

Let me now provide a comprehensive summary of all the test results:

## 测试结果总结

### 测试步骤和结果：

**步骤1: 导航到 Modules > Sidebar** ✅
- 成功在左侧导航找到并点击了 "Sidebar" 链接
- 成功进入了 `localhost:3000/modules/sidebar/` 页面

**步骤2-3: 测试 Sidebar.Pushable 示例（首次）** ✅
- 找到了 "EXAMPLES" 部分下的 "Transitions" 示例
- 该示例包含 Direction（Left/Right/Top/Bottom）和 动画类型（Overlay/Push/Scale Down/Uncover/Slide Along/Slide Out）按钮
- 点击 **"Overlay"** 按钮 → 侧边栏正常显示（显示 Home、Games、Channels 菜单项）✅
- 再次点击 **"Overlay"** 按钮 → 侧边栏正常隐藏 ✅

**步骤4: 导航到 Modules > Modal，打开 Modal** ✅
- 成功导航到 Modal 页面
- 找到 "Show Modal" 按钮并点击
- Modal 弹窗正常打开（显示 "Select a Photo" 对话框，含头像和操作按钮）✅

**步骤5: 关闭 Modal** ✅
- 点击 "Nope" 按钮关闭 Modal
- Modal 正常关闭，页面恢复正常 ✅

**步骤6: 返回 Sidebar 页面，再次测试 Sidebar** ✅
- 成功返回 Sidebar 页面
- 再次点击 **"Overlay"** 按钮 → 侧边栏仍然正常显示（Home、Games 图标可见）✅
- 再次点击 **"Overlay"** 按钮 → 侧边栏正常隐藏，"Application Content" 区域恢复显示 ✅

### 结论：
**Sidebar.Pushable 与 Modal 组件的交互功能正常。** 在使用 Modal 弹窗（打开和关闭）之后，Sidebar.Pushable 的显示和隐藏功能依然正常工作，没有发现任何功能性问题。侧边栏的 toggle 操作在 Modal 交互前后表现一致，未出现状态异常或 UI 卡死的情况。

==================================================

UI window closed
