Session created: sess-20260416173012-02c56e6640db4d0ca81a724ef3273167
UI panel initialized successfully
UI window displayed
Expected result: Modal 对话框在小窗口尺寸下打开后应保持稳定的布局状态，不应出现在 scrolling 和非 scrolling 状态之间反复切换导致的闪烁或抖动现象，模态框应平稳地显示内容。
[step 0] Action: Initializing
[step 0] Reasoning: Initializing session connection
[step 0] Action: screenshot
[step 1] Action: Open url: http://localhost:3000
[step 1] Reasoning: I can see the desktop. Chrome needs to be opened. Let me open it with the URL.
[step 2] Action: screenshot
[step 2] Reasoning: Chrome is loading. Let me wait a moment and take a screenshot.
[step 3] Action: Open app: Google Chrome
[step 3] Reasoning: Chrome doesn't seem to be visible. Let me try opening it directly.
[step 4] Action: wait
[step 4] Reasoning: Chrome is not showing on screen. Let me wait a moment and try again.
[step 5] Action: left_click (51, 9)
[step 5] Reasoning: Chrome window is not visible. It seems the browser window might be hidden behind. Let me click on the Chrome menu at the top to bring it to focus, or try clicking in the dock area.
[step 6] Action: left_click (349, 9)
[step 6] Reasoning: Let me try clicking on the "窗口" (Window) menu to see if there's a Chrome window listed, or try using keyboard shortcut to show all windows.
[step 7] Action: key: cmd+n
[step 7] Reasoning: The window menu didn't open. Let me try using keyboard shortcut Command+N to open a new Chrome window, or try clicking on the Chrome dock icon.
[step 8] Action: wait
[step 9] Action: key: cmd+Tab
[step 9] Reasoning: Chrome is still not visible. There might be a Chrome window that's off-screen or minimized. Let me try using the "窗口" (Window) menu in macOS to show all windows, or try pressing Cmd+Tab to switch apps.
[step 10] Action: left_click (349, 9)
[step 10] Reasoning: The Chrome window might be minimized. Let me look at the macOS menu bar - the menu shows "Chrome" at the top left which means Chrome is the active app. The window might be minimized. Let me try using the Window menu to show all windows.
[step 11] Action: left_click (349, 9)
[step 11] Reasoning: The menu isn't opening. The Chrome application is active (shown in the menu bar), but the window might be minimized or hidden. Let me try clicking directly on the "窗口" (Window) text in the menu bar.
[step 12] Action: key: cmd+shift+n
[step 12] Reasoning: The menu bar clicks are not working well. Let me try a different approach - use keyboard shortcut to show the Chrome window. Since Chrome is active, let me try Cmd+M to minimize/restore.
[step 13] Action: wait
[step 14] Action: left_click (91, 9)
[step 14] Reasoning: Chrome is showing in the menu bar but no window is visible. The window might be in Mission Control or minimized in the Dock. Let me try clicking in the middle of the screen where Chrome might have opened a window, or try a different approach - use keyboard shortcut to open a new tab/window.

Let me try pressing Cmd+1 to focus on the first tab, or use the "文件" (File) menu to open a new window.
[step 15] Action: screenshot
[step 15] Reasoning: The menu bar clicks are still not working. This seems strange. Let me try clicking on the "文件" (File) menu item more precisely.
[step 16] Action: left_click (640, 400)
[step 16] Reasoning: I can see Chrome is in the menu bar but no window is visible. The task widget panel is overlaying the top right area. The Chrome application seems to be active but the window is either minimized or not created yet. Let me try clicking in the middle of the desktop and then use keyboard shortcut.

Let me try a completely different approach and click in the center of the screen to ensure focus is on desktop first, then use keyboard shortcut to open Chrome.
[step 17] Action: key: cmd+n
[step 17] Reasoning: I notice the menu bar says "Chrome" is still the active application. Let me try to use keyboard shortcut Cmd+N to open a new window, since the app is still the active app.
[step 18] Action: wait
[step 18] Reasoning: Cmd+N is not working either. The Chrome window still doesn't appear. Let me wait a moment and then try clicking on the "窗口" (Window) menu more precisely.
[step 19] Action: left_click (91, 9)
[step 19] Reasoning: The issue seems that Chrome might not have focus or the window created by open_url is not shown. Let me try clicking on the "文件" (File) menu. Let me check the positions of menu items:
- "文件" (File) appears to be at approximately x=91, y=9

Let me try clicking on the "文件" (File) menu to open a new window:
[step 20] Action: key: ctrl+Up
[step 20] Reasoning: The menu is still not opening. The click seems to be hitting a spot but nothing is happening. Let me try a completely different approach - let me try using Spotlight to search for Chrome and bring it to focus.

Let me try pressing Mission Control (F3 or Ctrl+Up) to see all windows.
[step 21] Action: key: cmd+space
[step 21] Reasoning: Mission Control is not opening either. The screen is just showing the desktop wallpaper. Let me try using Spotlight to find the Chrome window or open Chrome.
[step 22] Action: left_click (92, 9)
[step 22] Reasoning: Nothing is working. Let me check - the task widget panel might be blocking things. But the panel is in the top right corner, not overlaying the menu bar completely. Let me try the "窗口" menu differently. Looking at the current menu bar coordinates more carefully:

- Apple logo: ~x=15, y=9
- Chrome: ~x=51, y=9
- 文件: ~x=91, y=9
- 编辑: ~x=121, y=9
- 显示: ~x=152, y=9
- 历史记录: ~x=191, y=9
- 书签: ~x=232, y=9
- 个人资料: ~x=274, y=9
- 标签页: ~x=315, y=9
- 窗口: ~x=349, y=9
- 帮助: ~x=381, y=9

Let me try the "文件" (File) menu item:
[step 23] Action: left_click (349, 15)
[step 23] Reasoning: The menus are still not opening when clicking. This is really strange. Wait - I notice the menu bar has "Chrome" as the active app, but the clicking is not working on the menu items. This might be because in the screenshot, the menu bar appears at y=9, but the actual clickable area might be at a different y coordinate.

Let me look more carefully at the screenshot. In macOS, the menu bar is usually at the very top of the screen, and the y=0 is the top. The menu items appear to be at y=9. But the resolution is 1280x720, and the status bar is typically about 22-25px tall. Let me try clicking at y=15 (slightly lower):
[step 24] Action: left_click (91, 10)
[step 24] Reasoning: The menus are still not opening. Very strange. Let me wait and check if the issue is that the Chrome application is active but doesn't have a window. This is possible. Let me try to open Chrome through a different way - by typing in Chrome URL directly. Since Chrome is the active app and we have the app open, maybe the issue is that I need to use open_url to open the website. When I used open_url before, maybe Chrome opened a window but it's off-screen or minimized.

Let me try pressing Cmd+M to minimize, which might restore a minimized window, or use Cmd+Option+M to restore minimized windows.

Actually wait - let me re-think. When I ran `open_url` earlier, Chrome was launched with a URL. But the window doesn't appear. The Chrome app is active in the menu bar. Let me try using the "文件" (File) menu. But menus seem not to be clicking. 

Wait, let me look at the menu bar more carefully - maybe the "文件" is actually "文件" but the coordinates need adjustment. The screenshot coordinate system: the menu bar text appears at y≈9. The actual clickable area is usually around y=11-15.

Let me try clicking on "窗口" (Window) menu which should be at approximately x=349, y=9 but on the actual screen.

Wait - I think the problem might be that the screenshot coordinates and actual screen coordinates could be off. Let me look at the image more carefully.

Actually - looking at the screenshot output images, the macOS menu bar items appear at the very top of the image. The "Chrome" text appears to be at around x=51, y=9 in the 1280x720 coordinate space. But this might not match. Let me try clicking at the exact text positions again more carefully.

Let me try using the keyboard shortcut for opening the File menu in Chrome (alt+F):

Actually in macOS, there's no F10 equivalent. But let me try clicking on the "文件" specifically:
[step 25] Action: scroll down (640, 400) scroll_amount 5
[step 25] Reasoning: The menus are still not clicking. I notice that in macOS the menu bar has specific items, and the clicks are seemingly not registering. Let me try to use `open_app` to open Chrome again, which should bring the window to focus.

Actually, I realize the issue - Chrome might not have any window open. The `open_url` command may have failed because Chrome is in a state where it doesn't show windows. When I use `open_app` again, it should open Chrome properly. But wait - the menu bar IS showing "Chrome", which means Chrome is the active app.

Let me try a completely different approach. Let me try to use Finder to open Chrome, or use the dock at the bottom. Let me take a screenshot and look at the bottom of the screen to see if there's a dock.
[step 26] Action: mouse_move (640, 718)
[step 26] Reasoning: There's no dock visible at the bottom of the screen. The dock might be set to auto-hide. Let me try to move the mouse to the bottom of the screen to make the dock appear.
[step 27] Action: key: cmd+n
[step 27] Reasoning: I notice that the mouse moved to (960, 1077) but that's outside the visible screen area! This suggests the actual screen resolution is larger than 1280x720, or the coordinates I'm seeing in the screenshot are scaled. The actual mouse position went to 960x1077, suggesting the actual display is larger.

Wait - looking at this again: the mouse was supposed to move to (640, 718) but it reported (960, 1077). This is very strange. Maybe the display resolution is actually different from what I thought. Let me see...

Actually, looking at the coordinate output `mouse_move (960,1077) ok`, this seems like the mouse moved to (960, 1077) which is outside the 1280x720 bounds. Unless the actual screen is larger. 

Actually this could be a Retina display scaling issue - the actual resolution might be 2x (so 2560x1440), and the screenshot is scaled to 1280x720. So when I click at (640, 400) in screenshot coordinates, it actually corresponds to a larger coordinate on the actual screen.

Wait, no. Looking at the output again - `mouse_move (960,1077) ok`. This confirms that the cursor moved to (960, 1077). The screenshot is 1280x720 BUT the actual screen might be 1920x1080 or something else. Let me recalculate. If I asked to move to (640, 718) and it actually went to (960, 1077), the scaling factor is 960/640 = 1.5x for X and 1077/718 = 1.5x for Y. So the actual screen is 1.5x larger: 1920x1080.

So I need to scale all coordinates by 1.5. When I see something in a screenshot at (349, 9), the actual screen coordinate is (349*1.5, 9*1.5) = (523, 13).

Wait - but the `action=cursor_position` should show me the current cursor position in the actual screen coordinates. And looking at the screenshots, the screenshot is of the actual screen. But the screenshot dimensions could be different...

Actually, looking at the task setup, it says "The screen's resolution is 1280x720". So the actual resolution IS 1280x720. But the mouse_move output showed (960, 1077) which is OUTSIDE this resolution. This is confusing.

Let me try a different approach - open a new Chrome window with Cmd+N first, which should definitely create a visible window:
[step 28] Action: cursor_position
[step 28] Reasoning: The Cmd+N hotkey still didn't open Chrome window. I wonder if there's something else going on. Let me try using `cursor_position` to check where the cursor is:
[step 29] Action: mouse_move (640, 715)
[step 29] Reasoning: cursor_position doesn't work. Let me try a fresh approach. The issue might be that Chrome IS open but maximized, and the window manager is in some weird state. Let me try clicking in the center of the screen at larger coordinates based on the 1.5x scaling factor. The screen appears to be 1920x1080 (actual), shown as 1280x720 in screenshots.

Wait - actually, let me reconsider. The `mouse_move` response showed the cursor went to (960, 1077). If I asked for (640, 718) and got (960, 1077), that's exactly 1.5x scaling. But if the resolution is 1920x1080, then yes that makes sense.

BUT - the screenshot itself is a 1280x720 image (based on what's described), and when I click at coordinates in the screenshot space, those should map directly to screen coordinates if they're at the same scale. 

Actually, looking at the output image - it's shown as fitting within 1280x720. The actual macOS screen might be 1920x1080 with a 1.5x display scaling. So coordinates in the screenshot space map to screen coordinates AT 1.5x. That means when I try to click at (349, 9) in screenshot space, the actual click happens at (349 * 1.5, 9 * 1.5) = (523, 13) on the actual screen.

But wait - the system description says "The screen's resolution is 1280x720". Maybe it means the logical resolution is 1280x720 but the physical is 1920x1080? Or maybe the resolution really is 1280x720 but there's some VNC/display scaling happening.

I'm confused. Let me try a completely different approach. Let me just click in the area where I can see something and try to bring Chrome up. 

Looking at the screenshot output image dimensions: the image appears to be 1280px wide. But the mouse ended up at 960 when I asked for 640, which is 1.5x. This is very confusing.

Actually, let me re-read the output: `mouse_move (960,1077) ok` - this output is just the action result confirmation. It's showing the absolute coordinates the mouse moved to. But in the screenshot context, coordinates used in the click actions should be in the screenshot/virtual coordinate space.

Let me try a very different approach. Since open_url opens Chrome with the URL, maybe Chrome opened in the background and I just need to bring it to front by clicking on the dock:
[step 30] Action: Open url: http://localhost:3000/modules/modal
[step 30] Reasoning: I moved to (640, 715) but it went to (960, 1072). This means the actual resolution is approximately 1920x1080 and the screenshot is at 2/3 scale (screenshot pixel = actual pixel * 2/3, or actual pixel = screenshot pixel * 1.5).

The dock is not visible. But the actual screen might extend to 1080px vertically (1.5 * 720 = 1080). Let me try to move to the bottom center of the actual screen by clicking at the absolute bottom center.

Actually, I think I understand now. The screenshot appears at 1280x720 but the actual display is 1920x1080. All my clicks need to be in "screenshot" coordinates (0-1280 x, 0-720 y), but the actual screen is 1920x1080. Wait, but `open_url` should handle this correctly.

The key issue is that Chrome IS open (as shown by the menu bar) but there's no visible window on screen. Let me try the "窗口" (Window) menu at the correct position. Looking at the menu bar text in the screenshots, the items appear at y≈9 in the screenshot space. Let me calculate the actual click at y=9 in screenshot space * 1.5 = y=13.5 in actual screen space.

But my click coordinates are given in screenshot space, and the function converts them. So when I say "click at (349, 9)", the function should click at that point in screenshot coordinates. But wait - we can see from the mouse_move output that (640, 718) maps to actual (960, 1077). So screenshot coords × 1.5 = actual coords. 

So the coordinate system I use for clicks IS the screenshot coordinate system. Let me try again with "窗口" menu. But it's not working...

Maybe the issue is that Chrome's window is completely off-screen to the right or below the visible area! Since the actual screen is 1920x1080 but the screenshot shows 1280x720, maybe the Chrome window opened at some position that's only visible on the actual screen but not in the scaled screenshot.

Let me try using Cmd+W, Cmd+Q, then try open_url again. Wait, the task says "禁止打开 Terminal、Finder 或其他应用程序". But it doesn't say I can't use open_url.

Let me try a completely different approach. Let me try using the macOS "窗口" menu by clicking on it. The "窗口" text appears at approximately x=350, y=9. Let me try clicking exactly on it:

Wait - actually thinking about it again. If the screenshot is 1280x720 but the actual screen is 1920x1080, and the screenshot coordinates map 1:1.5 to actual coordinates... then when the Chrome window appeared to open (from open_url), it might have opened at position (0, 0) to (1920, 1080) on the actual screen, but the screenshot shows 0-1280 x and 0-720 y. So the Chrome window would be outside the screenshot view even though it's on the physical screen!

That would explain why I see only the desktop wallpaper in the screenshot but Chrome's menu bar is showing.

Let me try using the "窗口" menu in Chrome to bring the window to front. But clicking the menu items doesn't work because they're at y=9 in screenshot space (13 in actual), which might be correct... 

Actually wait. Let me look at this more carefully. The "窗口" text in the menu bar appears at approximately y=9 in the screenshot. If actual coordinate = screenshot coordinate * 1.5, then y=9 maps to y=13 in actual. The macOS menu bar is typically 22 pixels tall. So y=13 should be within the menu bar.

BUT - what if the menu bar also maps proportionally, and the menu bar is at y=9 in screenshot space = y=13 in actual space? That's well within the 22px height menu bar. But clicking at (349, 9) in screenshot space (= (523, 13) in actual space) should work.

However, maybe the problem is that Chrome doesn't have keyboard focus. The clicks might not be registering because something else is intercept the events.

Let me try a completely fresh approach. Let me try the open_url tool again which should guarantee Chrome opens with the URL: