Session created: sess-20260416175304-aebb5605b1d74079a268b500a73c2173
UI panel initialized successfully
UI window displayed
Expected result: slider 类型的 Checkbox 在整个可视区域（包括滑块按钮、滑轨以及它们之间的空白区域）点击时都应能正常触发状态切换，点击后选中状态应发生改变。
[step 0] Action: Initializing
[step 0] Reasoning: Initializing session connection
[step 0] Action: screenshot
[step 1] Action: Open url: http://localhost:3000
[step 1] Reasoning: I can see the desktop but Chrome isn't visible. Let me open Chrome and navigate to the URL.
[step 2] Action: screenshot
[step 2] Reasoning: Chrome seems to be loading. Let me wait a moment and take another screenshot.
[step 3] Action: Open app: Google Chrome
[step 3] Reasoning: Chrome doesn't seem to be visible. Let me open Chrome app directly.
[step 4] Action: wait
[step 4] Reasoning: Chrome is still not visible. Let me wait a bit longer and try again.
[step 5] Action: left_click (51, 9)
[step 5] Reasoning: Chrome still isn't showing up visually. It might be running in the background. Let me try clicking on the Chrome menu bar item at the top or use the Dock to bring it up.
[step 6] Action: key: cmd+n
[step 6] Reasoning: Chrome is active (I can see "Chrome" in the menu bar at the top left), but no window is showing. Let me try to create a new window using the keyboard shortcut.
[step 7] Action: wait
[step 7] Reasoning: Still nothing showing. Let me wait a moment more and take another screenshot.
[step 8] Action: left_click (349, 9)
[step 8] Reasoning: The Chrome window seems to be opening behind the desktop. Let me try using the Window menu in the macOS menu bar to bring the window to the front.
[step 9] Action: left_click (349, 9)
[step 9] Reasoning: The menu didn't open. Let me try clicking on the "窗口" (Window) menu which should be visible in the menu bar.
[step 10] Action: left_click (349, 9)
[step 10] Reasoning: I notice that the menu bar shows "窗口" at position around 349 but the menu doesn't open. Let me look more carefully at the menu bar. I can see: Chrome, 文件, 编辑, 显示, 历史记录, 书签, 个人资料, 标签页, 窗口, 帮助. Let me click on 窗口 more accurately.
[step 11] Action: key: cmd+1
[step 11] Reasoning: I see the Chrome menu bar is visible but the Chrome window itself isn't showing. It seems the Chrome window might be minimized or hidden. Let me try pressing Command+1 to switch to the first Chrome window, or try using keyboard shortcut to show all windows.
[step 12] Action: left_click (349, 9)
[step 12] Reasoning: Still no Chrome window. Let me try using the 窗口 menu in the menu bar to see if there are windows available.
[step 13] Action: Minimize panel
[step 13] Reasoning: The menu isn't opening when I click. The menu bar items are there but clicking on them doesn't open any dropdown. This is unusual. Maybe the taskbar widget is intercepting clicks. Let me minimize the panel and try again.
[step 14] Action: left_click (349, 9)
[step 14] Reasoning: Good, the panel is now minimized. Now I can see the full desktop and Chrome menu bar. Chrome is active but there's no window visible. Let me try clicking on the "窗口" menu to see the available windows.
[step 15] Action: left_click (91, 9)
[step 15] Reasoning: The menu still doesn't drop down when I click it. I'm clicking the wrong position - the "窗口" text is at around x=349, y=9. But I can also see that Chrome is active (its name is in the menu bar). Let me try clicking directly on the "窗口" text which appears to be around x=349 in the menu bar.

Wait, looking at the menu bar: Chrome, 文件, 编辑, 显示, 历史记录, 书签, 个人资料, 标签页, 窗口, 帮助. These items are evenly spaced. "窗口" should be near the right side. Let me try pressing Command+Option+M to minimize or try a different approach.

Let me try creating a new Chrome window using the File menu.
[step 16] Action: key: cmd+space
[step 16] Reasoning: The menu bar items aren't responding to clicks. This is strange. The Chrome is active but no window is visible and menu items aren't responding. Let me try using Spotlight to search for Chrome or using keyboard shortcut Cmd+N to open a new window.

Let me try a completely different approach - use Spotlight (Cmd+Space) to open Chrome.
[step 17] Action: screenshot
[step 17] Reasoning: Spotlight didn't open. The keyboard shortcuts and menu clicks are not working as expected. It seems like Chrome might already be running but the window is hidden or off-screen. Let me try pressing Command+N again to create a new Chrome window, but first let me try clicking somewhere on the desktop to make sure the desktop is focused, then try again.

Actually wait - I see that Chrome IS active in the menu bar (it says "Chrome"). So Chrome is the active application. But the window might be off-screen or minimized. Let me try using Window > Minimize/Restore through the menu bar "窗口" option. But the menus seem unresponsive.

Let me try a different keyboard shortcut - Option+Command+M might minimize all windows, and then I can restore them.

Actually, let me try using the Dock. Looking at the bottom of the screen, there should be a Dock where I can right-click on Chrome icon.
[step 18] Action: mouse_move (640, 718)
[step 18] Reasoning: I can see the macOS desktop with Chrome in the menu bar. There's no Dock visible (it might be auto-hidden or at a different position). I need to try to get a Chrome window visible. 

Let me try moving to the very bottom center of the screen to trigger the auto-hidden Dock.
[step 19] Action: key: cmd+n
[step 19] Reasoning: The Dock is not appearing. Let me try a completely different approach. Let me try creating a new Chrome window with Cmd+N:
[step 20] Action: key: ctrl+Up
[step 20] Reasoning: Still no window is appearing. This is very unusual. Chrome seems to be running (it's the active application according to the menu bar), but no window is visible. It seems like there might be an issue where Chrome has been launched but has all windows in some off-screen state.

Let me try the macOS "Expose" or Mission Control to see all windows. I'll try pressing F3 or Control+Up arrow to see all windows.
[step 21] Action: left_click (349, 9)
[step 21] Reasoning: Nothing works. The screen only shows the desktop with the Chrome menu bar and no windows. Let me try a completely different approach and try double clicking somewhere on the desktop or try to use the open_app function again but this time wait longer.

Actually, I wonder if Chrome might have opened a window that's placed off the visible screen area. Let me try using the Window menu by pressing the exact correct coordinates. Looking at the menu bar more carefully, I can see: Chrome (51), 文件 (91), 编辑 (120), 显示 (153), 历史记录 (192), 书签 (232), 个人资料 (271), 标签页 (313), 窗口 (349), 帮助 (381).

Let me try clicking directly on "窗口" which should be around x=349:
[step 22] Action: left_click (91, 9)
[step 22] Reasoning: The menu clicks are not working. This is unusual. The menu bar items show Chrome is active but no dropdowns are opening. Let me try using the `open_app` function which might be more reliable in this case to open a Chrome window.

Actually wait - I think the issue might be that the Chrome window is behind the screen in some configuration. Let me try using keyboard shortcut to explicitly open a new Chrome window and navigate to the URL.

Since the Cmd+N was not working through the menu bar, let me try clicking first on the desktop to ensure Chrome is really active, then try again.

Let me try clicking the "文件" menu:
[step 23] Action: Open app: Google Chrome
[step 23] Reasoning: None of the menu bar items are responding. This is very unusual. Let me try using the open_app tool to open Chrome which might trigger the window to appear, and also try using open_url which should create a new window.

Actually, I noticed the menu bar might not be responding because the Chrome window might have focus issues. Let me wait a bit and try using open_app directly.
[step 24] Action: Open url: http://localhost:3000/checkbox