Session created: sess-20260424181953-4446f33f1a8e4bbab2eb2a67a27d8ac5
UI panel initialized successfully
UI window displayed
Expected result: 侧边栏应能正常滚动查看所有导航项。
[step 0] Action: Initializing
[step 0] Reasoning: Initializing session connection
[step 0] Action: Open url: http://localhost:5173
[step 0] Reasoning: 好的，我来打开网页并测试侧边栏的滚动功能。
[step 1] Action: screenshot
[step 1] Reasoning: 页面已加载。我可以看到左侧侧边栏导航，包含以下可见项目：
- **Getting Started** 分组：Introduction、Installation
- **Components** 分组：Avatar Group、Button、Chat、Code、Confirm Delete Dialog、Copy Button、Emoji Picker、Field Set、File Drop Zone、Image Cropper、IPv4Address Input、Language Switcher、Light Switch、Link、Meter、Modal

现在让我截图仔细观察初始状态，然后尝试在侧边栏区域内使用鼠标滚轮向下滚动。
[step 2] Action: scroll down (105, 400) scroll_amount 3
[step 2] Reasoning: 好，初始状态已清晰。左侧侧边栏目前显示的导航项从顶部开始，最后可见的是 **Modal**（被截断）。侧边栏右边有一条分隔线，宽度约在 x=210 像素处。

现在我在侧边栏区域（x≈105, y≈400）使用鼠标滚轮向下滚动，看是否能滚动到更多导航项。

==================================================
Task: 在浏览器中打开 http://localhost:5173 ，观察左侧侧边栏导航。尝试在侧边栏区域内使用鼠标滚轮向下滚动，看能否看到底部的导航项。然后向上滚动回到顶部。
Status: ERROR
Total steps: 2
Last action: scroll down (105, 400) scroll_amount 3
Last reasoning: 好，初始状态已清晰。左侧侧边栏目前显示的导航项从顶部开始，最后可见的是 **Modal**（被截断）。侧边栏右边有一条分隔线，宽度约在 x=210 像素处。

现在我在侧边栏区域（x≈105, y≈400）使用鼠标滚轮向下滚动，看是否能滚动到更多导航项。

Error: Task execution failed: Request step failed: 504 Server Error: Gateway Time-out for url: https://mano.mininglamp.com/v1/sessions/sess-20260424181953-4446f33f1a8e4bbab2eb2a67a27d8ac5/step
==================================================

UI window closed
__MANO_DONE__
