Session created: sess-20260424165117-07d0b0b9dd134c6f8af07f13bec293e0
UI panel initialized successfully
UI window displayed
Expected result: 在form表单内使用store绑定的Tags Input组件时，输入标签并按Enter后，标签应成功添加并持续显示在输入区域中，不会立即消失。
[step 0] Action: Initializing
[step 0] Reasoning: Initializing session connection
[step 0] Action: Open url: http://localhost:5173
[step 1] Action: scroll down (107, 500) scroll_amount 3
[step 1] Reasoning: 页面已打开，我可以看到左侧有组件列表。现在需要向下滚动找到 Tags Input 组件。
[step 2] Action: scroll down (107, 500) scroll_amount 2
[step 2] Reasoning: 我可以看到列表底部有"Tags Input"选项。让我点击它。
[step 3] Action: left_click (48, 638)
[step 3] Reasoning: 现在我可以看到"Tags Input"在左侧菜单中，让我点击它。
[step 4] Action: scroll down (600, 400) scroll_amount 5
[step 4] Reasoning: 我已经进入了 Tags Input 组件的演示页面。我可以看到：
1. 页面标题是 "Tags Input"
2. 有一个 "Basic" 部分，显示了一个基本的 Tags Input 组件，已经有 "Svelte" 和 "jsrepo" 两个标签
3. 右侧有 "On This Page" 导航，显示有 "Basic"、"Installation"、"Usage"、"Custom Validation" 等章节

现在我需要向下滚动找到包含 form 表单的 Tags Input 组件演示。让我先检查右侧导航中是否有更多章节，然后向下滚动查找包含 form 表单的部分。
[step 5] Action: scroll down (600, 400) scroll_amount 10
[step 5] Reasoning: 我看到了 Installation 和 Usage 部分。让我继续向下滚动找到包含 form 表单的 Tags Input 组件。
[step 6] Action: scroll down (600, 400) scroll_amount 10
[step 6] Reasoning: 我看到了"Custom Validation"部分，但还没有找到包含 form 表单的 Tags Input 组件。右侧导航显示没有更多章节了。让我继续向下滚动查看。
[step 7] Action: scroll down (600, 400) scroll_amount 10
[step 7] Reasoning: 我看到了"Custom Validation"部分，并且在底部有一个 Preview/Code 按钮组。继续向下滚动查看是否有包含 form 表单的 Tags Input 组件。
[step 8] Action: scroll down (600, 400) scroll_amount 5
[step 8] Reasoning: 我看到了第二个 Tags Input 组件演示（Custom Validation），它也有 "svelte" 和 "jsrepo" 两个标签。但我还没有找到包含 form 表单的 Tags Input 组件。让我继续向下滚动查看页面是否还有更多内容。
[step 9] Action: scroll up (600, 400) scroll_amount 20
[step 9] Reasoning: 我已经到达了页面的末尾（可以看到底部导航"< Snippet"和"Terminal >"）。在这个页面上，右侧的导航只有 Basic、Installation、Usage 和 Custom Validation 四个部分，没有专门的 "Form" 章节。

但是页面的任务要求找到"包含 form 表单的 Tags Input 组件"。让我查看一下 Field Set 组件，因为该组件通常与表单相关，或者查看其他可能包含 form 的组件。

让我回到页面顶部重新检查，或者查看是否有其他页面涉及到带 form 的 Tags Input。让我检查第一个 Basic 组件，该演示可能有一个 form 包装，或者查看 Usage 部分。

让我回到页面顶部，仔细查看 Basic 部分的 Tags Input 组件。
[step 10] Action: left_click (43, 248)
[step 10] Reasoning: 我看到这个页面的导航只有 Basic、Installation、Usage 和 Custom Validation。没有专门的 Form 章节。让我向左侧菜单中查看其他组件，特别是 Field Set，因为它通常与 form 相关，并且可能包含 Tags Input。

让我检查 Field Set 组件页面：
[step 11] Action: left_click (48, 638)
[step 11] Reasoning: 这是 Field Set 组件，显示的是一个 Username 表单字段。这不是我要找的包含 Tags Input 的 form 表单。让我回到 Tags Input 页面，再检查一遍。

根据任务描述，需要找到"包含 form 表单的 Tags Input 组件"。让我返回 Tags Input 页面，查看基础演示，因为它可能是在 form 标签中渲染的。让我更仔细地观察 Basic 部分。
[step 12] Action: left_click (840, 311)
[step 12] Reasoning: 我回到了 Tags Input 页面。这个页面展示了 Basic 的 Tags Input 组件（有 "Svelte" 和 "jsrepo" 两个标签）。

根据任务描述，需要找到"包含 form 表单的 Tags Input 组件"。让我点击 "Code" 按钮查看 Basic 演示的源代码，看看是否有 form 标签包裹。
[step 13] Action: left_click (325, 84)
[step 13] Reasoning: 我看到 Basic 部分的代码，它用的是 `<div>` 而不是 `<form>`。这里没有 form 表单。

让我查看导航中是否有其他相关组件。让我向左侧菜单中查看所有组件。让我搜索是否有专门关于 form + tags input 的页面，或者向上滚动看整个导航菜单。

让我使用搜索功能来查找包含 form 的 Tags Input 页面：
[step 14] Action: type: tags
[step 14] Reasoning: 搜索对话框已打开。让我搜索 "tags" 来查找相关内容：
[step 15] Action: key: Escape
[step 15] Reasoning: 搜索结果只显示了一个 "Tags Input" 组件，没有其他相关页面。让我按 Escape 关闭搜索，然后重新检查 Tags Input 页面。

回顾任务描述：需要找到"包含 form 表单的 Tags Input 组件"。由于页面没有专门的 "form" 章节，可能任务中提到的 "form 表单" 是指 Basic 或 Custom Validation 中的某个演示被包在 form 标签中，或者任务是要我测试在 Basic 演示的 Tags Input 中输入标签并观察行为。

让我先关闭搜索框，然后回到 Basic 演示，查看 Preview 模式，并尝试在输入框中输入标签文本并按 Enter 键进行测试。这是我们实际需要测试的功能。
[step 16] Action: left_click (783, 311)
[step 16] Reasoning: 我看到 Basic 部分的代码用的是 `<div>` 标签而不是 `<form>`。让我切换到 Preview 模式来测试 Basic Tags Input，同时也去查看 Custom Validation 部分的代码，看看它是否使用了 form 标签。

让我先切换到 Preview 模式：
[step 17] Action: scroll down (600, 400) scroll_amount 20
[step 17] Reasoning: 很好，我切换回了 Preview 模式，看到了 Tags Input 的 Basic 演示，显示了 "Svelte" 和 "jsrepo" 两个标签。

现在让我仔细查看任务描述。任务说找到"包含 form 表单的 Tags Input 组件"，并测试在输入框中输入文本后按下 Enter 键，观察标签是否被正确添加。

由于 Basic 演示是 `<div>` 包裹，而不是 `<form>`。让我先查看 Custom Validation 部分的代码，看是否是 form。让我滚动到 Custom Validation 部分并查看代码：

让我直接向下滚动到 Custom Validation 部分并点击 Code 按钮：
[step 18] Action: scroll down (600, 400) scroll_amount 10
[step 18] Reasoning: 我看到了 Usage 部分的代码（导入类型并使用 `<TagsInput/>`），以及 Custom Validation 部分的说明。让我继续向下滚动，找到 Custom Validation 的实际 Preview 演示：
[step 19] Action: left_click (840, 551)
[step 19] Reasoning: 我看到了 Custom Validation 部分的预览，它有 "svelte" 和 "jsrepo" 两个标签（小写）。让我继续向下滚动查看此演示，并查看它的代码。

让我点击 "Code" 按钮查看 Custom Validation 的源代码：
[step 20] Action: scroll down (600, 400) scroll_amount 3
[step 20] Reasoning: 我看到了 Custom Validation 部分的代码。让我向下滚动查看完整的模板代码，看看它是否使用了 form 标签：
[step 21] Action: scroll up (600, 400) scroll_amount 20
[step 21] Reasoning: Custom Validation 部分也使用的是 `<div>` 标签，不是 `<form>`。

这个页面没有明确的 "form 表单的 Tags Input 组件"。但根据任务描述，我需要：
1. 找到"包含 form 表单的 Tags Input 组件" - 这可能意味着任务期望在页面上有一个 form 标签包裹的 Tags Input
2. 在输入框中输入标签文本后按下 Enter 键
3. 观察标签是否被正确添加并保留在输入框中
4. 观察标签是否会立即消失

这实际上是一个 **功能测试**，需要测试的是：当按下 Enter 键后，标签是否被添加、是否会消失。

让我换个角度思考。在 "Custom Validation" 组件中，该组件的 `validate` 属性可能使标签在按 Enter 后被验证。但首先，让我再查看是否有 form 包裹的演示。

让我回到最顶部，查看 Basic 演示，直接测试在输入框输入文本后按 Enter 键的行为：
[step 22] Action: scroll up (600, 400) scroll_amount 10
[step 22] Reasoning: 我已经滚动到了页面中部，看到了 Installation、Usage 和 Custom Validation 部分。让我继续向上滚动到 Basic 部分：
[step 23] Action: left_click (538, 354)
[step 23] Reasoning: 现在我看到了 Basic 部分，带有 Preview 模式。它显示了 Tags Input 组件，有 "Svelte" 和 "jsrepo" 两个标签，以及一个 "Add a tag" 占位文本的输入区域。

注意到右侧 "On This Page" 导航显示 "Basic" 当前是第一个，且是激活状态（粗体）。而 "Custom Validation" 是最后一个。

根据任务，我需要找到"包含 form 表单的 Tags Input 组件"。这两个演示都是用 `<div>` 包裹的，没有 `<form>` 标签。

重新审视任务：任务可能是说 Basic 演示的 Tags Input 组件（代码中包含的是一个基础 div 包裹），而任务中所说的 "form 表单" 可能是一个错误的描述，或者任务期望的是有一个 form 演示但页面上没有。

但让我重新理解任务：任务可能是在测试当 Tags Input 被放在 `<form>` 中时，按 Enter 键是否会触发 form 提交从而使标签消失。这是一个常见的 bug：当 Tags Input 放在 form 内时，按 Enter 键会触发 form 提交，导致页面刷新，标签消失。

这实际上是在测试一个**已知的潜在 bug**。

让我实际测试 Basic Tags Input 组件的行为，先点击输入框，输入文本，然后按 Enter 键：
[step 24] Action: type: TestTag
[step 24] Reasoning: 很好，输入框已经获得焦点（输入框边框变亮了）。现在让我输入一个标签文本：
[step 25] Action: key: Return
[step 25] Reasoning: 我成功在输入框中输入了 "TestTag" 文本。现在我可以看到输入框中有 "TestTag" 文字（但还未成为标签）。现在按下 Enter 键来添加这个标签：
[step 26] Action: scroll up (600, 400) scroll_amount 5
[step 26] Reasoning: **Basic 演示测试结果：**
✅ "TestTag" 标签成功添加到输入框中
✅ 标签保留了（显示为 "Svelte × | jsrepo × | TestTag ×"）
✅ 标签没有消失
✅ 输入框清空，重新显示占位符 "Add a tag"

Basic 演示的 Tags Input 组件行为正确。

现在让我查找包含 form 表单的 Tags Input 组件。由于这两个演示的代码都是用 `<div>` 包裹，而没有 `<form>`，我注意到任务说"在包含 form 表单的 Tags Input 组件中"。

让我查看是否有 form 元素包裹在演示的实际组件源代码内部。让我查看 Component Source（组件源代码），并检查 Tags Input 组件内部是否有 form：

让我点击 "Component Source" 链接查看组件的源代码：
[step 27] Action: left_click (840, 311)
[step 27] Reasoning: 我可以看到：
1. "TestTag" 标签已经成功添加（持久化显示），Tags Input 组件现在显示 "Svelte × | jsrepo × | TestTag ×"
2. 页面标题是 "Tags Input"
3. 右侧导航已经切换到高亮 "Usage"（可能是因为 Enter 键触发了页面跳转）

注意到一个重要的事情：右侧的 "On This Page" 导航中，**"Usage"** 已变为粗体（激活状态），而之前显示的是 "Basic" 处于激活状态。这有些奇怪 - 如果页面没有跳转，为什么 "Usage" 变成了高亮？

但 Basic 演示中的标签被正确添加了（"TestTag" 仍然显示在输入框中），这说明 Basic 演示中的 Tags Input 行为正确。

现在，任务特别强调"包含 form 表单的 Tags Input 组件"。让我来查找是否还有其他页面包含 form 表单中的 Tags Input。让我查看 Field Set 组件（它与表单相关），或者检查是否有其他组件页面。

让我再仔细查看 Basic 演示的 Code，看一下是否实际上使用了 form：

让我点击 Code 按钮：
[step 28] Action: left_click (383, 210)
[step 28] Reasoning: 确认了 Basic 演示用的是 `<div>` 包裹，不是 `<form>`。

现在，让我重新思考任务。任务说"找到包含 form 表单的 Tags Input 组件"。在当前这个 Tags Input 页面上，我没有找到包含 `<form>` 的演示。但是，任务的目的是**测试**当 Tags Input 被包含在 form 表单中时按 Enter 键的行为。

让我再仔细查看 `Component Source` 按钮，查看组件内部是否有 form 标签：

让我点击 Component Source 链接：
[step 29] Action: wait
[step 29] Reasoning: 打开了一个新标签页，但显示 "about:blank" 并且正在加载。可能是 GitHub 源码链接。让我等待加载完成：
[step 30] Action: key: ctrl+w
[step 30] Reasoning: 打开了 GitHub 上 Tags Input 组件的源代码目录。我可以看到 `tags-input-tag.svelte` 和 `tags-input.svelte` 等文件。让我关闭这个标签页，回到演示页面，并寻找包含 form 的 Tags Input 演示。

让我关闭这个 GitHub 标签页：
[step 31] Action: key: super+w
[step 31] Reasoning: 这个标签页没有关闭（Ctrl+W 在 Mac 上应该是 Cmd+W）。让我用 Cmd+W：
[step 32] Action: scroll down (600, 400) scroll_amount 15
[step 32] Reasoning: 很好，我回到了 Tags Input 演示页面，当前处于 Code 视图。我可以看到 Basic 演示使用的是 `<div>` 包裹，不是 `<form>`。

现在让我重新审视任务。根据任务的描述，它要求我在"包含 form 表单的 Tags Input 组件"中测试 Enter 键行为。这个页面上唯一有两个演示：

1. **Basic** - 使用 `<div>` 包裹
2. **Custom Validation** - 使用 `<div>` 包裹

但任务特别提到了"包含 form 表单"。可能任务描述是基于应该有一个 form 演示但目前还没有，或者任务期望我测试的是已有的 Basic 演示（因为在应用中实际使用时通常会放在 form 中）。

让我考虑另一种可能性：这个演示应用可能还有其他页面。让我向下滚动查看左侧菜单的所有组件，看看是否有专门的 "Form" 相关 Tags Input 组件：

在左侧菜单中，我看到的组件有：Button, Chat, Code, Copy Button, Field Set, File Drop Zone, Image Cropper, IPv4Address Input, Keyboard Input, Language Switcher, Light Switch, Link, Modal, NLPDateInput, Phone Input, PMCommand, Snippet, **Tags Input**, Terminal, Theme Selector...

没有专门的 "Form" + Tags Input 页面。

我认为任务的意思是：在 Tags Input 的演示页面中，找到使用 form 的那个演示（可能是任务期望开发人员在演示中添加一个 form 包裹的示例，但目前页面上没有）。

**但等等** - 让我重新查看任务描述：

"在包含form表单的Tags Input组件中，输入一个标签文本后按下Enter键，观察标签是否被正确添加并保留在输入框中，标签是否会立即消失。"

这个任务可能是在测试一个已知的 bug：当 Tags Input 被放在 form 中时，按 Enter 键可能会触发 form 提交而导致标签消失。

让我检查 tags-input.svelte 的源代码是否有对 Enter 键处理的问题。另外，让我回到演示页面，看看 Basic 演示中 Tags Input 的实际内部实现，看看它是否内部使用了 form 标签。

实际上，让我用一个更直接的方法：在 Basic 演示中，点击 Preview，观察 Tags Input，然后测试在其中输入文本后按 Enter 键的行为，并报告观察到的结果。

我已经测试了 Basic 演示：
- 输入 "TestTag" 后按 Enter → 标签被正确添加，保留在输入框中，没有消失 ✅

现在让我测试 Custom Validation 演示，以防那里有 form 包裹。让我向下滚动到 Custom Validation 部分：
[step 33] Action: scroll down (600, 400) scroll_amount 10
[step 33] Reasoning: 我看到了 Installation 和 Usage 部分，并开始看到 Custom Validation 部分。我注意到右侧的 "On This Page" 导航中 "Custom Validation" 变为粗体（激活状态）。继续向下滚动找到 Custom Validation 的演示预览：
[step 34] Action: scroll down (600, 400) scroll_amount 3
[step 34] Reasoning: 我看到了 Custom Validation 部分的代码。在页面底部，我可以看到 "Pass the function to the `<TagsInput/>` component:" 以及 "Preview" 和 "Code" 按钮。这是 Custom Validation 演示的 Preview/Code 切换。让我向下滚动一点，点击 Preview 按钮：
[step 35] Action: scroll down (600, 400) scroll_amount 3
[step 35] Reasoning: 现在我可以看到 Custom Validation 演示的代码部分，显示了 `<script lang="ts">` 标签。让我继续向下滚动查看完整代码和 Preview：
[step 36] Action: left_click (783, 517)
[step 36] Reasoning: 我现在看到 Custom Validation 演示也使用的是 `<div class="w-full p-6">` 包裹（不是 form），但代码当前显示的是 Code 视图。

由于这两个演示都没有使用 form 标签，而右侧 On This Page 中也没有 form 章节，我认为这个演示应用**缺少**一个专门的 form 表单 Tags Input 演示。

不过，任务的核心目的是测试 Tags Input 在 form 环境中的行为，特别是按 Enter 键后标签是否会消失（form 提交问题）。

让我切换 Custom Validation 演示到 Preview 模式，并测试：
[step 37] Action: left_click (537, 659)
[step 37] Reasoning: 现在我看到了 Custom Validation 演示的 Preview，它显示了 "svelte ×" 和 "jsrepo ×" 两个标签（小写），以及 "Add a tag" 占位符输入区域。

让我测试 Custom Validation Tags Input 的行为 - 点击输入区域，输入文本，然后按 Enter：
[step 38] Action: type: TestForm
[step 38] Reasoning: 很好！输入框已经获得焦点（看到光标在"Add a tag"区域中闪烁）。现在让我输入一个标签文本并按 Enter：
[step 39] Action: key: Return
[step 39] Reasoning: "TestForm" 文本已经输入到 Tags Input 组件中（输入框中显示 "svelte ×" | "jsrepo ×" | "TestForm" 文本）。现在按下 Enter 键，观察标签是否被正确添加：
[step 40] Action: scroll up (600, 400) scroll_amount 15
[step 40] Reasoning: **Custom Validation 演示测试结果：**

✅ **"testform" 标签成功添加！** （注意：Custom Validation 将输入的 "TestForm" 转换为小写 "testform"，这是因为有 `customValidate` 函数进行了大写转小写的转换）
✅ **标签保留在输入框中！** 现在显示 "svelte ×" | "jsrepo ×" | "testform ×"
✅ **标签没有立即消失！**
✅ **输入框清空**，显示 "Add a tag" 占位符，等待下一个标签

现在，让我回到 Basic Tags Input 演示，验证之前的测试结果：

让我向上滚动到 Basic 演示部分，检查是否之前添加的 "TestTag" 标签仍然存在：
[step 41] Action: scroll up (600, 400) scroll_amount 10
[step 42] Action: left_click (783, 111)
[step 42] Reasoning: 现在我看到 Basic 演示的代码已经完整显示（Code 视图）。确认 Basic 演示使用 `<div>` 包裹。让我切换到 Preview 模式查看 Basic Tags Input 组件的状态：
[step 43] Action: scroll up (600, 400) scroll_amount 5
[step 43] Reasoning: 点击 "Preview" 按钮没有切换视图（仍然显示代码）。这可能是 Preview 按钮的功能有问题，或者按钮没有响应。让我再试一次：
[step 44] Action: left_click (783, 278)
[step 44] Reasoning: 现在我可以看到 Basic 演示区域顶部的 "Preview" 和 "Code" 按钮。目前显示的是 Code 视图（"Code" 按钮高亮/激活）。让我点击 "Preview" 按钮来切换到预览模式：
[step 45] Action: DONE
[step 45] Reasoning: 现在我可以完整地看到测试结果。

**📋 完整测试报告：**

---

## Tags Input 组件 - Enter 键功能测试报告

### 测试环境
- **页面**: http://localhost:5173/components/tags-input
- **页面标题**: Tags Input（A tags input component.）

### 演示区域概述
页面包含两个 Tags Input 演示区域：
1. **Basic**（基础演示）- 使用 `<div>` 包裹
2. **Custom Validation**（自定义验证演示）- 使用 `<div>` 包裹

> ⚠️ **注意**：任务要求测试"包含 form 表单的 Tags Input 组件"。经过页面完整检查，**该演示页面上没有使用 `<form>` 标签包裹的 Tags Input 演示**。两个演示均使用 `<div>` 包裹。这可能意味着演示应用**缺失了 form 场景的测试用例**。

---

### ✅ 测试一：Basic 演示 - Enter 键添加标签

| 步骤 | 操作 | 结果 |
|------|------|------|
| 1 | 点击输入框（"Add a tag" 占位符区域） | ✅ 输入框获得焦点 |
| 2 | 输入文本 "TestTag" | ✅ 文本正确显示在输入框中 |
| 3 | 按下 Enter 键 | ✅ 标签被正确添加为 "TestTag ×" |
| 4 | 观察标签状态 | ✅ **标签保留在输入框中，没有消失** |
| 5 | 观察输入框 | ✅ 输入框清空，显示 "Add a tag" 占位符 |

**最终状态**: 显示 "Svelte ×" | "jsrepo ×" | **"TestTag ×"**（新标签持久显示）

---

### ✅ 测试二：Custom Validation 演示 - Enter 键添加标签

| 步骤 | 操作 | 结果 |
|------|------|------|
| 1 | 点击输入框（"Add a tag" 占位符区域） | ✅ 输入框获得焦点 |
| 2 | 输入文本 "TestForm" | ✅ 文本正确显示在输入框中 |
| 3 | 按下 Enter 键 | ✅ 标签被正确添加（验证函数将大写转为小写，显示为 "testform ×"） |
| 4 | 观察标签状态 | ✅ **标签保留在输入框中，没有消失** |
| 5 | 观察输入框 | ✅ 输入框清空，显示 "Add a tag" 占位符 |

**最终状态**: 显示 "svelte ×" | "jsrepo ×" | **"testform ×"**（新标签持久显示）

---

### 📊 总结

**功能测试结论**：
- ✅ **标签被正确添加**：按下 Enter 键后，输入的文本成功变为标签显示在输入框中
- ✅ **标签保留在输入框中**：添加后标签持续显示，没有立即消失
- ✅ **输入框清空**：添加标签后，输入区域重置为 "Add a tag" 占位符状态
- ✅ **Custom Validation 正常工作**：大写转小写的验证函数正确执行

**潜在问题（观察到的）**：
- ⚠️ **缺少 form 表单场景演示**：页面上没有将 Tags Input 包裹在 `<form>` 标签内的演示。这是一个常见的需要测试的场景（form 内按 Enter 可能触发表单提交），但当前演示页面并未覆盖该场景。建议添加一个 form 包裹的 Tags Input 演示，以验证在实际表单环境中的行为。
Evaluating task result...

==================================================
Task: 在浏览器中打开 http://localhost:5173 ，找到Tags Input组件的演示页面。在包含form表单的Tags Input组件中，输入一个标签文本后按下Enter键，观察标签是否被正确添加并保留在输入框中，标签是否会立即消失。
Status: COMPLETED
Total steps: 45
Last action: DONE
Last reasoning: 现在我可以完整地看到测试结果。

**📋 完整测试报告：**

---

## Tags Input 组件 - Enter 键功能测试报告

### 测试环境
- **页面**: http://localhost:5173/components/tags-input
- **页面标题**: Tags Input（A tags input component.）

### 演示区域概述
页面包含两个 Tags Input 演示区域：
1. **Basic**（基础演示）- 使用 `<div>` 包裹
2. **Custom Validation**（自定义验证演示）- 使用 `<div>` 包裹

> ⚠️ **注意**：任务要求测试"包含 form 表单的 Tags Input 组件"。经过页面完整检查，**该演示页面上没有使用 `<form>` 标签包裹的 Tags Input 演示**。两个演示均使用 `<div>` 包裹。这可能意味着演示应用**缺失了 form 场景的测试用例**。

---

### ✅ 测试一：Basic 演示 - Enter 键添加标签

| 步骤 | 操作 | 结果 |
|------|------|------|
| 1 | 点击输入框（"Add a tag" 占位符区域） | ✅ 输入框获得焦点 |
| 2 | 输入文本 "TestTag" | ✅ 文本正确显示在输入框中 |
| 3 | 按下 Enter 键 | ✅ 标签被正确添加为 "TestTag ×" |
| 4 | 观察标签状态 | ✅ **标签保留在输入框中，没有消失** |
| 5 | 观察输入框 | ✅ 输入框清空，显示 "Add a tag" 占位符 |

**最终状态**: 显示 "Svelte ×" | "jsrepo ×" | **"TestTag ×"**（新标签持久显示）

---

### ✅ 测试二：Custom Validation 演示 - Enter 键添加标签

| 步骤 | 操作 | 结果 |
|------|------|------|
| 1 | 点击输入框（"Add a tag" 占位符区域） | ✅ 输入框获得焦点 |
| 2 | 输入文本 "TestForm" | ✅ 文本正确显示在输入框中 |
| 3 | 按下 Enter 键 | ✅ 标签被正确添加（验证函数将大写转为小写，显示为 "testform ×"） |
| 4 | 观察标签状态 | ✅ **标签保留在输入框中，没有消失** |
| 5 | 观察输入框 | ✅ 输入框清空，显示 "Add a tag" 占位符 |

**最终状态**: 显示 "svelte ×" | "jsrepo ×" | **"testform ×"**（新标签持久显示）

---

### 📊 总结

**功能测试结论**：
- ✅ **标签被正确添加**：按下 Enter 键后，输入的文本成功变为标签显示在输入框中
- ✅ **标签保留在输入框中**：添加后标签持续显示，没有立即消失
- ✅ **输入框清空**：添加标签后，输入区域重置为 "Add a tag" 占位符状态
- ✅ **Custom Validation 正常工作**：大写转小写的验证函数正确执行

**潜在问题（观察到的）**：
- ⚠️ **缺少 form 表单场景演示**：页面上没有将 Tags Input 包裹在 `<form>` 标签内的演示。这是一个常见的需要测试的场景（form 内按 Enter 可能触发表单提交），但当前演示页面并未覆盖该场景。建议添加一个 form 包裹的 Tags Input 演示，以验证在实际表单环境中的行为。

==================================================

UI window closed
__MANO_DONE__
