Session created: sess-20260424175003-602d0b40c4a04941834d3ce00f0e016a
UI panel initialized successfully
UI window displayed
Expected result: 每次点击增加或减少按钮，数值应仅变化一个步长，不会出现一次点击数值变化两次的双重计数。
[step 0] Action: Initializing
[step 0] Reasoning: Initializing session connection
[step 0] Action: Open url: http://localhost:5173/components/number-field
[step 1] Action: screenshot
[step 1] Reasoning: 页面正在加载，预览区域显示加载中。等待一下再截图。
[step 2] Action: left_click (651, 439)
[step 2] Reasoning: NumberField 组件已加载，显示当前值为 **0**，有减少(−)和增加(+)按钮。现在我将快速连续点击 **+** 按钮 6 次，观察数值变化。
[step 3] Action: left_click (651, 439)
[step 3] Reasoning: 第1次点击后值变为 **1**（0→1，正常）。继续快速连续点击 + 按钮 5 次：
[step 4] Action: left_click (651, 439)
[step 4] Reasoning: 第2次点击后值变为 **2**（1→2，正常）。继续快速点击：
[step 5] Action: left_click (651, 439)
[step 5] Reasoning: 第3次点击后值变为 **3**（2→3，正常）。继续快速点击：
[step 6] Action: left_click (651, 439)
[step 6] Reasoning: 第4次点击后值变为 **4**（3→4，正常）。继续快速点击第5次：
[step 7] Action: left_click (651, 439)
[step 7] Reasoning: 第5次点击后值变为 **5**（4→5，正常）。继续快速点击第6次：
[step 8] Action: left_click (549, 439)
[step 8] Reasoning: **+按钮测试结果（6次点击）：** 0→1→2→3→4→5→6，每次点击只增加1个步长，表现正常。

现在开始测试 **−（减少）按钮**，快速连续点击6次，从当前值6开始。

**第1次点击 −：**
[step 9] Action: left_click (549, 439)
[step 9] Reasoning: 第1次点击−后值变为 **5**（6→5，正常）。继续快速点击：
[step 10] Action: left_click (549, 439)
[step 10] Reasoning: 第2次点击−后值变为 **4**（5→4，正常）。继续快速点击：
[step 11] Action: left_click (549, 439)
[step 11] Reasoning: 第3次点击−后值变为 **3**（4→3，正常）。继续快速点击：
[step 12] Action: left_click (549, 439)
[step 12] Reasoning: 第4次点击−后值变为 **2**（3→2，正常）。继续快速点击第5次：
[step 13] Action: left_click (549, 439)
[step 13] Reasoning: 第5次点击−后值变为 **1**（2→1，正常）。继续快速点击第6次：
[step 14] Action: left_click (651, 439)
[step 14] Reasoning: 第6次点击−后值变为 **0**（1→0，正常）。

现在进行更快速的连续点击测试，尝试模拟真正的"快速连续"点击，使用更短的间隔来检测双重计数问题。让我重置到一个中间值并做更密集的连续点击测试：
[step 15] Action: double_click (651, 439)
[step 15] Reasoning: 值为1。现在我来进行双击测试（double_click），看是否会产生双重计数：
[step 16] Action: double_click (549, 439)
[step 16] Reasoning: **⚠️ 发现了双重计数（Double Counting）Bug！**

双击 + 按钮后，值从 **1 跳到了 4**，增加了 **3**（而不是应该的 2）。这意味着双击触发了额外的计数。让我再测试一次确认：当前值是4，先重置到某个值，再对 − 按钮进行双击测试：
[step 17] Action: left_click (651, 439)
[step 17] Reasoning: 双击 − 按钮后，值从 **4 跳到了 1**，减少了 **3**（而不是应该的 2）。这再次证实了双重计数 Bug 的存在。

让我再做一次精确验证 — 先单击一次+确认从1到2，然后再双击+：
[step 18] Action: double_click (651, 439)
[step 18] Reasoning: 单击+：1→2（正常，步长为1）。现在双击+：
[step 19] Action: left_click (549, 439)
[step 19] Reasoning: **Bug 再次复现确认！** 双击+后，值从 **2 → 5**，增加了 **3** 而不是预期的 2。

现在对 − 按钮做同样验证：
[step 20] Action: double_click (549, 439)
[step 20] Reasoning: 单击−：5→4（正常，步长为1）。现在双击−：

==================================================
Task: 在浏览器中打开 http://localhost:5173/components/number-field ，找到NumberField组件演示。快速连续点击增加(+)按钮5-6次，观察数值变化是否每次只增加一个步长。然后快速连续点击减少(-)按钮5-6次做同样观察。注意是否有一次点击数值变化两次的双重计数现象。
Status: ERROR
Total steps: 20
Last action: double_click (549, 439)
Last reasoning: 单击−：5→4（正常，步长为1）。现在双击−：

Error: Task execution failed: Request step failed: 504 Server Error: Gateway Time-out for url: https://mano.mininglamp.com/v1/sessions/sess-20260424175003-602d0b40c4a04941834d3ce00f0e016a/step
==================================================

UI window closed
__MANO_DONE__
