Session created: sess-20260424183222-53423ef7d16c431e8ebbca1799beefab
UI panel initialized successfully
UI window displayed
Expected result: 嵌套在文件夹内的子项应水平拉伸填满树形视图的全部可用宽度，而不是仅按内容宽度收缩显示。
[step 0] Action: Initializing
[step 0] Reasoning: Initializing session connection
[step 0] Action: Open url: http://localhost:5173/components/tree-view
[step 1] Action: screenshot
[step 1] Reasoning: 页面已成功加载，我可以看到 TreeView 组件的演示。目前树形视图已经展开显示了 `src` 文件夹及其嵌套内容。让我仔细观察树形视图的宽度行为，并截取更详细的截图。
[step 2] Action: left_click (502, 383)
[step 2] Reasoning: 现在我可以清楚地看到 TreeView 的演示情况。让我点击 `src` 文件夹节点，观察展开/折叠状态，并仔细分析子项的宽度行为。不过目前 `src` 已经是展开状态了。让我先折叠它，再展开，以便更清晰地观察。
[step 3] Action: left_click (502, 383)
[step 3] Reasoning: `src` 文件夹已折叠。现在点击展开它，仔细观察子项的宽度行为。
[step 4] Action: left_click (929, 251)
[step 4] Reasoning: 现在我可以清楚地观察到 TreeView 组件展开后的状态。让我仔细分析这个视觉现象，并用全屏模式查看更清晰的效果。
[step 5] Action: left_click (14, 42)
[step 5] Reasoning: 现在在全屏演示模式下可以非常清楚地看到 TreeView 的行为。让我返回原来的页面继续观察。
[step 6] Action: DONE
[step 6] Reasoning: 通过观察，我已经获得了足够的信息来分析 TreeView 组件的宽度行为。以下是我的详细观察报告：

---

## 🔍 观察结果报告：TreeView 嵌套子项宽度问题

### 现象描述

通过对 TreeView 树形视图组件的全面观察，**发现了一个明显的视觉/布局 Bug**：

### ❌ 问题：子项宽度按内容收缩，未填满容器

**观察到的实际行为：**

在预览区域（Preview 面板）和全屏演示模式（localhost:5173/demos/tree-view）中，整个树形视图的所有节点（包括 `src` 文件夹、`routes` 子文件夹、`+layout.svelte`、`+page.svelte`、`app.css`、`hooks.server.ts` 等文件节点）**都居中对齐且仅按内容宽度收缩显示（shrink-to-fit）**，而非填满树形视图容器的可用宽度（即 `width: 100%`）。

具体表现如下图示意：

```
┌────────────────────────── 容器宽度 ──────────────────────────────────┐
│                                                                      │
│              📁 src                 ← 只有内容宽度                   │
│                 📁 routes           ← 只有内容宽度                   │
│                    📄 +layout.svelte                                 │
│                    📄 +page.svelte                                   │
│                 📄 app.css                                            │
│                 📄 hooks.server.ts                                    │
│                                                                      │
└──────────────────────────────────────────────────────────────────────┘
```

- **预期行为**：每个树节点（行）应该 `width: 100%`，即水平方向撑满整个树形视图容器，使悬停高亮效果能覆盖整行。
- **实际行为**：所有节点（包括 `src` 父节点及其所有子节点）仅按文字+图标内容宽度收缩，且整体在容器中**水平居中**排列，右侧留有大量空白。

### 📐 视觉证据

| 指标 | 值 |
|------|-----|
| 容器宽度（预览区域） | 约 735px（从 ~235px 到 ~975px） |
| `src` 节点实际渲染宽度 | 约 130px（仅图标+文字宽度） |
| 右侧空白区域 | 约 340px 以上 |

在全屏演示模式下（`localhost:5173/demos/tree-view`，1280px 宽度），`src` 文件夹节点起始位置约在 x=515 处，内容宽度约 130px，而容器总宽为 1280px——**子项完全没有撑满可用宽度**。

### 🐛 Bug 结论

**这是一个布局 Bug**：TreeView 的树节点（`<li>` 或包装元素）缺少 `width: 100%` 或 `display: block` 样式设置，导致：

1. **子项宽度仅收缩至内容宽度**（`width: fit-content` 或 `display: inline`）
2. **整棵树在容器中水平居中**，而非左对齐且填满宽度
3. 悬停/选中高亮效果无法覆盖整行（因为可点击区域只有内容那么宽）

**严重程度**：中等（影响交互体验，悬停高亮无法全行显示，与标准文件树组件期望行为不符）。
Evaluating task result...

==================================================
Task: 在浏览器中打开 http://localhost:5173/components/tree-view ，找到TreeView树形视图组件的演示。展开包含嵌套子项的文件夹节点（如src文件夹），观察嵌套的子项（文件和子文件夹）的宽度是否填满了树形视图的可用宽度，还是仅按内容宽度收缩显示。
Status: COMPLETED
Total steps: 6
Last action: DONE
Last reasoning: 通过观察，我已经获得了足够的信息来分析 TreeView 组件的宽度行为。以下是我的详细观察报告：

---

## 🔍 观察结果报告：TreeView 嵌套子项宽度问题

### 现象描述

通过对 TreeView 树形视图组件的全面观察，**发现了一个明显的视觉/布局 Bug**：

### ❌ 问题：子项宽度按内容收缩，未填满容器

**观察到的实际行为：**

在预览区域（Preview 面板）和全屏演示模式（localhost:5173/demos/tree-view）中，整个树形视图的所有节点（包括 `src` 文件夹、`routes` 子文件夹、`+layout.svelte`、`+page.svelte`、`app.css`、`hooks.server.ts` 等文件节点）**都居中对齐且仅按内容宽度收缩显示（shrink-to-fit）**，而非填满树形视图容器的可用宽度（即 `width: 100%`）。

具体表现如下图示意：

```
┌────────────────────────── 容器宽度 ──────────────────────────────────┐
│                                                                      │
│              📁 src                 ← 只有内容宽度                   │
│                 📁 routes           ← 只有内容宽度                   │
│                    📄 +layout.svelte                                 │
│                    📄 +page.svelte                                   │
│                 📄 app.css                                            │
│                 📄 hooks.server.ts                                    │
│                                                                      │
└──────────────────────────────────────────────────────────────────────┘
```

- **预期行为**：每个树节点（行）应该 `width: 100%`，即水平方向撑满整个树形视图容器，使悬停高亮效果能覆盖整行。
- **实际行为**：所有节点（包括 `src` 父节点及其所有子节点）仅按文字+图标内容宽度收缩，且整体在容器中**水平居中**排列，右侧留有大量空白。

### 📐 视觉证据

| 指标 | 值 |
|------|-----|
| 容器宽度（预览区域） | 约 735px（从 ~235px 到 ~975px） |
| `src` 节点实际渲染宽度 | 约 130px（仅图标+文字宽度） |
| 右侧空白区域 | 约 340px 以上 |

在全屏演示模式下（`localhost:5173/demos/tree-view`，1280px 宽度），`src` 文件夹节点起始位置约在 x=515 处，内容宽度约 130px，而容器总宽为 1280px——**子项完全没有撑满可用宽度**。

### 🐛 Bug 结论

**这是一个布局 Bug**：TreeView 的树节点（`<li>` 或包装元素）缺少 `width: 100%` 或 `display: block` 样式设置，导致：

1. **子项宽度仅收缩至内容宽度**（`width: fit-content` 或 `display: inline`）
2. **整棵树在容器中水平居中**，而非左对齐且填满宽度
3. 悬停/选中高亮效果无法覆盖整行（因为可点击区域只有内容那么宽）

**严重程度**：中等（影响交互体验，悬停高亮无法全行显示，与标准文件树组件期望行为不符）。

==================================================

UI window closed
__MANO_DONE__
