Session created: sess-20260418015845-2a88a7a95661456eb3dc47f42108cdb6
UI panel initialized successfully
UI window displayed
Expected result: 每次点击应在画板上产生一个清晰的单点。如果点击不产生任何标记或产生多余的线条/痕迹则为abnormal。
[step 0] Action: Initializing
[step 0] Reasoning: Initializing session connection
[step 0] Action: screenshot
[step 1] Action: left_click (1204, 88)
[step 1] Reasoning: I can see the Signature Pad demo page with a white canvas area labeled "Sign above" and Clear/Save buttons. Let me close the Google Translate popup first, then start testing the click drawing functionality.
[step 2] Action: left_click (300, 280)
[step 2] Reasoning: Good, the Google Translate popup is closed. Now I can see the clean signature pad canvas. The canvas area is the white region with "Sign above" text at the bottom. Let me now perform **Click 1** - a quick single click at position (300, 280) on the canvas.
[step 3] Action: left_click (550, 200)
[step 3] Reasoning: Excellent! **Click 1 Result**: A single clean dot appeared at position (300, 277) on the canvas. ✅ Only one dot was produced, no extra marks or lines. This is the correct behavior.

Now let me perform **Click 2** - a quick single click at a different position (550, 200).
[step 4] Action: left_click (750, 380)
[step 4] Reasoning: **Click 2 Result**: A second single clean dot appeared at position (550, 197). ✅ Only one dot was produced at the new position, no lines connecting the two dots, no extra marks. The canvas now shows exactly 2 separate dots.

Now let me perform **Click 3** - a quick single click at another different position (750, 380).
[step 5] Action: left_click (200, 450)
[step 5] Reasoning: **Click 3 Result**: A third single clean dot appeared at position (750, 378). ✅ Only one dot was produced at the new position. The canvas now shows exactly 3 separate isolated dots with no connecting lines.

Now let me perform **Click 4** - a quick single click at the lower-left area (200, 450).
[step 6] Action: left_click (950, 180)
[step 6] Reasoning: **Click 4 Result**: A fourth single clean dot appeared at position (200, 448). ✅ Only one dot was produced at the new position. No connecting lines, no extra artifacts.

Let me now perform **Click 5** at the upper-right area (950, 180) to complete the testing.
[step 7] Action: left_click (184, 556)
[step 7] Reasoning: **Click 5 Result**: A fifth single clean dot appeared at position (950, 178). ✅ Only one dot was produced at the new position. All 5 dots are perfectly isolated from each other, no connecting lines.

Now let me verify the Clear button works, then do a few more clicks to ensure thorough testing.
[step 8] Action: left_click (400, 350)
[step 8] Reasoning: **Clear Button Result**: ✅ The Clear button successfully cleared all 5 dots from the canvas. The canvas is now blank again. This confirms the Clear functionality works correctly.

Now let me do a few more rapid clicks to do a thorough second round of testing:
[step 9] Action: left_click (450, 350)
[step 9] Reasoning: **Second Round Click 1 Result**: ✅ After clearing, a fresh single dot appeared at (400, 349). Clean and isolated.

Let me do two more rapid clicks close together to check if consecutive clicks in different positions still produce only individual dots (no connecting lines between them):
[step 10] Action: DONE
[step 10] Reasoning: **Second Round Click 2 Result (close proximity test)**: ✅ Two separate dots appear at (400, 349) and (450, 349) — they are very close together (only 50px apart) but are displayed as **two distinct separate dots with NO connecting line** between them. This is excellent behavior — confirming that even nearby click positions produce only isolated dots.

---

## 📋 Test Summary: signature_pad 点击绘制功能测试报告

### 测试环境
- **URL**: http://localhost:3000/example/
- **应用**: Signature Pad demo
- **测试日期**: 2026年4月18日

### 测试结果

| 测试项 | 点击位置 | 预期结果 | 实际结果 | 状态 |
|--------|----------|----------|----------|------|
| 第1次点击 | (300, 280) | 单个清晰点 | 单个清晰点 ✅ | **通过** |
| 第2次点击 | (550, 200) | 单个清晰点，无连线 | 单个清晰点，无连线 ✅ | **通过** |
| 第3次点击 | (750, 380) | 单个清晰点，无连线 | 单个清晰点，无连线 ✅ | **通过** |
| 第4次点击 | (200, 450) | 单个清晰点，无连线 | 单个清晰点，无连线 ✅ | **通过** |
| 第5次点击 | (950, 180) | 单个清晰点，无连线 | 单个清晰点，无连线 ✅ | **通过** |
| Clear按钮 | — | 清空画板 | 成功清空画板 ✅ | **通过** |
| 近距离点击 | (400, 350) + (450, 350) | 两个独立点，无连线 | 两个独立点，无连线 ✅ | **通过** |

### 结论
**✅ 签名板点击绘制功能工作正常！**

- 每次单击鼠标（不拖动）只产生**一个清晰的圆点**
- 多次点击在不同位置只留下**独立的点**，点与点之间**无任何连接线**
- 即使两次点击位置非常接近（仅50像素间距），也正确显示为两个**独立分开的点**
- **Clear 按钮**功能正常，能完整清除画板
- **未发现视觉异常或功能缺陷**，点击绘制行为完全符合预期
Evaluating task result...

==================================================
Task: 测试signature_pad签名板的点击绘制功能。浏览器已打开 http://localhost:3000/example/。步骤：1. 找到签名画板区域。2. 用鼠标在画板上快速点击（不拖动）来绘制一个点。3. 观察画板上是否只出现一个清晰的单点。4. 重复多次在不同位置轻触点击，验证每次轻触只产生一个点而不是多余标记。始终在浏览器内操作，禁止打开Terminal或其他应用程序。
Status: COMPLETED
Total steps: 10
Last action: DONE
Last reasoning: **Second Round Click 2 Result (close proximity test)**: ✅ Two separate dots appear at (400, 349) and (450, 349) — they are very close together (only 50px apart) but are displayed as **two distinct separate dots with NO connecting line** between them. This is excellent behavior — confirming that even nearby click positions produce only isolated dots.

---

## 📋 Test Summary: signature_pad 点击绘制功能测试报告

### 测试环境
- **URL**: http://localhost:3000/example/
- **应用**: Signature Pad demo
- **测试日期**: 2026年4月18日

### 测试结果

| 测试项 | 点击位置 | 预期结果 | 实际结果 | 状态 |
|--------|----------|----------|----------|------|
| 第1次点击 | (300, 280) | 单个清晰点 | 单个清晰点 ✅ | **通过** |
| 第2次点击 | (550, 200) | 单个清晰点，无连线 | 单个清晰点，无连线 ✅ | **通过** |
| 第3次点击 | (750, 380) | 单个清晰点，无连线 | 单个清晰点，无连线 ✅ | **通过** |
| 第4次点击 | (200, 450) | 单个清晰点，无连线 | 单个清晰点，无连线 ✅ | **通过** |
| 第5次点击 | (950, 180) | 单个清晰点，无连线 | 单个清晰点，无连线 ✅ | **通过** |
| Clear按钮 | — | 清空画板 | 成功清空画板 ✅ | **通过** |
| 近距离点击 | (400, 350) + (450, 350) | 两个独立点，无连线 | 两个独立点，无连线 ✅ | **通过** |

### 结论
**✅ 签名板点击绘制功能工作正常！**

- 每次单击鼠标（不拖动）只产生**一个清晰的圆点**
- 多次点击在不同位置只留下**独立的点**，点与点之间**无任何连接线**
- 即使两次点击位置非常接近（仅50像素间距），也正确显示为两个**独立分开的点**
- **Clear 按钮**功能正常，能完整清除画板
- **未发现视觉异常或功能缺陷**，点击绘制行为完全符合预期

==================================================

UI window closed
