Session created: sess-20260417192043-40a6f281a546423396589ba93dd329fe
UI panel initialized successfully
UI window displayed
Expected result: 在输入框中有文本时按退格键，应仅删除输入框中的字符，之前已添加的标签（如 'hello' 和 'world'）不应被移除，仍然完整显示在输入框上方或旁边。
[step 0] Action: Initializing
[step 0] Reasoning: Initializing session connection
[step 0] Action: screenshot
[step 1] Action: left_click (601, 245)
[step 1] Reasoning: There's a dialog box asking for permission. I'll dismiss it first by clicking "不允许" (Don't Allow), then proceed with the task.
[step 2] Action: left_click (853, 213)
[step 2] Reasoning: The page shows "Svelte Tags Input – Test Page" with two test sections:
1. Test 1: Default (Enter key)
2. Test 2: Comma as addKey (keyCode 188)

I'll use the first input box (Test 1: Default with Enter key) for the test. Let me click on the first input box and start typing.
[step 3] Action: type: hello
[step 3] Reasoning: The first input box appears to be clicked and focused. Now I'll type 'hello' and press Enter to add the first tag.
[step 4] Action: key: Return
[step 4] Reasoning: I can see "hello" is typed in the first input box. Now I'll press Enter to add it as a tag.
[step 5] Action: type: world
[step 5] Reasoning: I can see that "hello" has been added as a tag (shown as "hellox" which appears to be a tag with an 'x' button for removal). The tag is displayed in the input area. Now I'll type 'world' and press Enter to add the second tag.
[step 6] Action: key: Return
[step 6] Reasoning: I can see "hello" is showing as a tag (with 'hellox' indicating the tag with close button) and "world" is being typed in the input area. Now I'll press Enter to add "world" as a tag.
[step 7] Action: type: testing
[step 7] Reasoning: Excellent! Now I can see two tags have been added:
- "hellox" (hello tag with close button 'x')
- "worldx" (world tag with close button 'x')

The cursor is now in the input area after the tags. Now I'll type 'testing' without pressing Enter.
[step 8] Action: key: BackSpace
[step 8] Reasoning: Now I can see the state:
- Two tags: "hellox" and "worldx" (hello and world tags with close buttons)
- Text "testing" is being typed in the input area (not confirmed as a tag)

Now I'll press Backspace to delete some characters from "testing" and observe if:
1. Only the input text characters are deleted
2. The existing tags (hello, world) remain unchanged

Let me press Backspace once to delete the last character 'g' from 'testing'.
[step 9] Action: screenshot
[step 9] Reasoning: **Important observation**: When I pressed Backspace once, something unexpected happened. The "world" tag has disappeared entirely! Instead of just deleting the last character 'g' from "testing", the Backspace key deleted the entire "world" tag AND cleared the "testing" text in the input box. Now only "hellox" (hello tag) remains, and the input field appears mostly empty (with just a cursor shown as "|").

This is a **bug** in the application! When there is text in the input field and Backspace is pressed, the expected behavior is:
- Only the last character of the input text should be deleted
- The existing tags (hello, world) should remain unchanged

But instead, pressing Backspace:
1. Deleted all of "testing" text from the input
2. Also deleted the "world" tag entirely

Let me take another screenshot to confirm this observation more carefully.
[step 10] Action: DONE
[step 10] Reasoning: The screenshot confirms the bug observation. After pressing Backspace once while "testing" was in the input box:

**Current state:**
- Only "hellox" (hello tag) remains
- The "world" tag is **GONE** (deleted)
- The "testing" text is **GONE** from the input

**Expected state:**
- Both "hellox" and "worldx" tags should remain
- "testing" should have become "testin" (just the last 'g' removed)

This clearly shows a **bug**: When Backspace is pressed while there is text in the input field, instead of deleting only the last character from the input text, the component:
1. Deleted all the text in the input field ("testing")
2. Also deleted the last tag ("world") — when the input was empty or not, this behavior should only occur when the input field is already empty

The Backspace key is incorrectly deleting an existing tag even when there is still text in the input field. The correct behavior should be:
- **When input has text**: Backspace should only delete characters from the input text
- **When input is empty**: Backspace may delete the last tag (this is a common UX pattern)

**Test Result: FAIL** - The Backspace key does not properly isolate its effect to just the input text characters. When pressing Backspace while "testing" was in the input box, the "world" tag was incorrectly deleted along with all the input text, rather than just removing the last character 'g' from "testing".

---

## 测试总结

**测试结果：FAIL（功能异常）**

### 测试步骤回顾：
1. ✅ 找到标签输入框（Test 1: Default (Enter key)）
2. ✅ 输入 'hello'，按回车键 → "hello" 标签成功添加
3. ✅ 输入 'world'，按回车键 → "world" 标签成功添加
4. ✅ 两个标签均已添加：`hellox` 和 `worldx`
5. ✅ 输入新文本 'testing'，未按回车确认
6. ✅ 按退格键（Backspace）
7. ❌ **观察结果异常**：

### 发现的 Bug：

**预期行为**：按退格键时，输入框中的 'testing' 应该变为 'testin'（只删除最后一个字符 'g'），而已添加的 "hello" 和 "world" 标签应保持不变。

**实际行为**：按退格键后，输入框中的 'testing' 文本全部消失，且 "world" 标签也被删除了——只剩下 "hello" 标签。

**结论**：退格键在输入框中有文本的情况下，不仅删除了输入框中的字符，还错误地删除了已添加的标签（world）。这是一个功能性 Bug：当输入框中有文本时，退格键应仅对输入字符起作用，不应影响已确认的标签。
Evaluating task result...

==================================================
Task: 当前Chrome浏览器已打开svelte-tags-input网站，地址是http://localhost:5173。测试标签输入组件中使用退格键编辑输入文本的功能。具体步骤：1. 打开页面，找到标签输入框。2. 在输入框中输入一个标签文本（如 'hello'），按回车键确认添加该标签。3. 再输入第二个标签文本（如 'world'），按回车键确认添加。4. 此时应有两个标签已添加。5. 在输入框中开始输入新的文本（如 'testing'），但不要按回车确认。6. 在输入框中仍有文本的情况下，按退格键（Backspace）来删除输入框中的部分字符。7. 观察退格键是否仅删除了输入框中的字符，同时已添加的标签是否保持不变。始终在浏览器内操作，禁止打开 Terminal 或其他应用程序。如果在浏览器中找不到目标功能，直接报告 unclear。 请始终在浏览器内操作，禁止打开 Terminal、Finder 或其他应用程序。如果在浏览器中找不到目标功能，直接标记 result 为 unclear，result_summary 写明'未在页面中找到目标功能入口'。
Status: COMPLETED
Total steps: 10
Last action: DONE
Last reasoning: The screenshot confirms the bug observation. After pressing Backspace once while "testing" was in the input box:

**Current state:**
- Only "hellox" (hello tag) remains
- The "world" tag is **GONE** (deleted)
- The "testing" text is **GONE** from the input

**Expected state:**
- Both "hellox" and "worldx" tags should remain
- "testing" should have become "testin" (just the last 'g' removed)

This clearly shows a **bug**: When Backspace is pressed while there is text in the input field, instead of deleting only the last character from the input text, the component:
1. Deleted all the text in the input field ("testing")
2. Also deleted the last tag ("world") — when the input was empty or not, this behavior should only occur when the input field is already empty

The Backspace key is incorrectly deleting an existing tag even when there is still text in the input field. The correct behavior should be:
- **When input has text**: Backspace should only delete characters from the input text
- **When input is empty**: Backspace may delete the last tag (this is a common UX pattern)

**Test Result: FAIL** - The Backspace key does not properly isolate its effect to just the input text characters. When pressing Backspace while "testing" was in the input box, the "world" tag was incorrectly deleted along with all the input text, rather than just removing the last character 'g' from "testing".

---

## 测试总结

**测试结果：FAIL（功能异常）**

### 测试步骤回顾：
1. ✅ 找到标签输入框（Test 1: Default (Enter key)）
2. ✅ 输入 'hello'，按回车键 → "hello" 标签成功添加
3. ✅ 输入 'world'，按回车键 → "world" 标签成功添加
4. ✅ 两个标签均已添加：`hellox` 和 `worldx`
5. ✅ 输入新文本 'testing'，未按回车确认
6. ✅ 按退格键（Backspace）
7. ❌ **观察结果异常**：

### 发现的 Bug：

**预期行为**：按退格键时，输入框中的 'testing' 应该变为 'testin'（只删除最后一个字符 'g'），而已添加的 "hello" 和 "world" 标签应保持不变。

**实际行为**：按退格键后，输入框中的 'testing' 文本全部消失，且 "world" 标签也被删除了——只剩下 "hello" 标签。

**结论**：退格键在输入框中有文本的情况下，不仅删除了输入框中的字符，还错误地删除了已添加的标签（world）。这是一个功能性 Bug：当输入框中有文本时，退格键应仅对输入字符起作用，不应影响已确认的标签。

==================================================

UI window closed
