Session created: sess-20260416181104-96fae2297ac64e42b676d366250c2321
UI panel initialized successfully
UI window displayed
Expected result: Tabs.Tab 内部嵌套的 Button 组件点击后应正常触发点击事件，与 Tab 外部的 Button 行为一致，交互功能不受 Tabs 容器的影响。
[step 0] Action: Initializing
[step 0] Reasoning: Initializing session connection
[step 0] Action: screenshot
[step 1] Action: Open url: http://localhost:3000/docs/navigation/tabs
[step 1] Reasoning: I can see the SvelteUI homepage. I need to navigate to the Tabs component demo page. Let me navigate to the Tabs component documentation.
[step 2] Action: Open url: http://localhost:3000/docs/data-display/tabs
[step 2] Reasoning: That page doesn't exist. Let me try other URL patterns for the Tabs component documentation.
[step 3] Action: Open url: http://localhost:3000
[step 3] Reasoning: Let me go back to the homepage and explore the navigation to find the Tabs component.
[step 4] Action: left_click (565, 598)
[step 4] Reasoning: I'm on the homepage. Let me click "Get Started" to explore the documentation and find the Tabs component.
[step 5] Action: left_click (62, 341)
[step 5] Reasoning: I can see the documentation navigation on the left side. I can see "SVELTEUI CORE (COMPONENTS)" section. Let me click on it to expand it and find the Tabs component.
[step 6] Action: scroll down (85, 500) scroll_amount 5
[step 6] Reasoning: The "SVELTEUI CORE (COMPONENTS)" section is now expanded. I can see Layout, Inputs & Actions sections. I need to scroll down to find the Tabs component in the navigation.
[step 7] Action: scroll down (85, 500) scroll_amount 5
[step 7] Reasoning: I can see Layout and Inputs & Actions sections. I need to continue scrolling to find the Tabs component.
[step 8] Action: scroll down (85, 500) scroll_amount 5
[step 8] Reasoning: I can see "Navigation" section. Let me scroll down more to find Tabs.
[step 9] Action: left_click (34, 522)
[step 9] Reasoning: I can see "Tabs" in the Navigation section. Let me click on it.
[step 10] Action: left_click (305, 474)
[step 10] Reasoning: Excellent! I found the Tabs component demo page at `localhost:3000/core/tabs`. I can see:
1. A Tabs component with three tabs: **Gallery**, **Messages**, and **Settings**
2. Currently the "Gallery" tab is selected and shows "Gallery tab content"

Now I need to scroll down to find if there's a demo with interactive elements (buttons) inside the tab content panels. But first, let me test the tab switching by clicking on "Messages" tab.
[step 11] Action: left_click (383, 474)
[step 11] Reasoning: The "Messages" tab is now active and shows "Messages tab content". Tab switching works correctly. Now let me click on "Settings" tab.
[step 12] Action: scroll down (612, 400) scroll_amount 5
[step 12] Reasoning: All three tabs work correctly. The basic Tabs demo shows text content only ("Gallery tab content", "Messages tab content", "Settings tab content") - no interactive buttons inside the tab panels.

Now I need to scroll down to see if there's a more complex demo with buttons inside the tab content. Let me scroll down on the page to find more examples.
[step 13] Action: scroll down (612, 400) scroll_amount 5
[step 13] Reasoning: I can see the "CONTROLLED TABS" section is coming up. Let me scroll down more to see it.
[step 14] Action: scroll down (612, 400) scroll_amount 8
[step 14] Reasoning: I can see the "CONTROLLED TABS" section with code examples. Let me continue scrolling to see if there's a demo with buttons inside tab content.
[step 15] Action: scroll down (612, 400) scroll_amount 10
[step 15] Reasoning: I can see "TABS WITH ICONS" section and a demo. Let me scroll down more to look for demos with interactive buttons inside tab content.
[step 16] Action: scroll down (612, 400) scroll_amount 10
[step 16] Reasoning: I can see more demos including "CHANGE COLORS". Let me continue scrolling down to look for demos with buttons inside tab panels.
[step 17] Action: scroll down (612, 400) scroll_amount 10
[step 17] Reasoning: I see more sections like "TABS POSITION". The tab content in these demos only contains simple text. Let me continue scrolling to find demos with interactive elements (buttons) in tab content.
[step 18] Action: scroll down (612, 400) scroll_amount 10
[step 18] Reasoning: I see "TABS POSITION" demo. Still only text content in tabs. Let me continue scrolling to find demos with buttons.
[step 19] Action: Open url: http://localhost:3000
[step 19] Reasoning: I see "TAB COMPONENT PROPS" section. Still just text content. The page doesn't seem to have demos with interactive buttons inside tab content panels. Let me look at the task description again - it says to find if there are buttons inside tab content panels. 

The Tabs demo page at `localhost:3000/core/tabs` only shows simple text content in the tab panels. There's no demo showing interactive buttons nested inside tab content. 

However, the task says to navigate to a Tabs demo page and find if there are interactive elements inside the tab panel. Since the current demos don't have buttons, let me check if there's a different test page or component showcase at localhost:3000 that might have Tabs with buttons inside.

Let me first check if there's an "examples" or "playground" page, or check the main app at localhost:3000.
[step 20] Action: Open url: http://localhost:3000/core/tabs
[step 20] Reasoning: I'm on the homepage. I need to look at the existing Tabs demo more carefully. The task says to test nesting interactive components (like buttons) inside tab content. Since the existing Tabs demos don't explicitly have buttons inside tab panels, I need to approach this differently.

Looking at the existing Tabs page at `localhost:3000/core/tabs`, the tab panels only show text content. But the task says to "look for buttons inside tab content" and also mentions testing "buttons outside tabs as comparison".

Since the existing demo page doesn't have buttons inside tab content, but the task says to navigate to the Tabs component demo and check functionality, I should scroll back to the top of the Tabs page and conduct the test with what's available. The task also says to look for a "Button" demo or test at the same page.

Let me navigate back to the Tabs page and examine it more carefully, especially looking at the first demo which has a "Gallery", "Messages", "Settings" tab with controls on the right side.
[step 21] Action: left_click (113, 33)
[step 21] Reasoning: Good, I'm on the Tabs page. I can see the first demo with Gallery, Messages, and Settings tabs. The tab content only shows text ("Gallery tab content").

The task requirement is to test nesting interactive components inside tab content. Since the official Tabs demo page doesn't have buttons inside tab content, I need to think about this differently.

Looking at the task more carefully - it says to test nesting interactive components. Since the demo page at `localhost:3000/core/tabs` doesn't have buttons inside tab panels, the task says to mark it as "unclear" if the functionality can't be found.

However, let me reconsider - maybe there's a special test/demo page at localhost:3000 that I haven't seen. Let me look for a "playground" or "examples" section. Let me also check if there are any other tabs-related demos anywhere.

Let me also look at the "View Source Code" link for the Tabs component to understand if there's a way to construct a demo with buttons inside tabs.

Actually, looking at the task more carefully: the task says to:
1. Find Tabs component demo ✅ (found at localhost:3000/core/tabs)
2. Click a Tab label ✅ (clicked Messages and Settings tabs)
3. Find buttons inside Tab content panels ❌ (none found - only text content)
4. Click the button inside tab panel - not applicable
5. Also click buttons outside tab as comparison - not applicable

Since the Tabs component demo page doesn't have interactive buttons inside the tab content panels, I need to determine if this is "unclear" or if I should check another page.

Let me check if there's a separate application or example page that might have tabs with buttons. Let me try checking the `localhost:3000/core/button` page to understand the button component and check if it's been combined with tabs anywhere.

Actually, looking at the task again - it says:
- "如果在浏览器中找不到目标功能，直接标记 result 为 unclear，result_summary 写明'未在页面中找到目标功能入口'"

The target functionality is "Tabs component with interactive elements (buttons) in tab content". This specific feature is not present in the current demo pages. 

But wait - I should verify the first tab demo's controls. Looking at the right side of the first demo, there are color pickers, variant selector, tab padding, and orientation controls. These are actually interactive elements on the page but not INSIDE the tab content panels.

Let me try one more approach - checking if there are any dedicated testing pages at localhost:3000 by looking at the navigation more carefully. Let me look at "SVELTEUI COMPOSABLES (SVELTE ACTIONS)" section, which might have demos combining Tabs with buttons.

Actually, the task says this is a component library that needs to be tested. The current Tabs demo page has:
1. A Tabs component with text-only content
2. No buttons inside the tab panels

Since the task specifically requires finding buttons inside tab content panels and no such demo exists, I need to think about whether I should:
1. Mark as unclear (no buttons in tab content)
2. Or try to manually create a scenario

Let me look at whether there's a way to add buttons to the tab content or if there's another more complex demo. Let me check the "OpenClaw Control" tab in the browser which might have a different application.
[step 22] Action: left_click (1059, 33)
[step 22] Reasoning: This is the OpenClaw Control application, not related to the SvelteUI testing task. Let me navigate back to the Tabs page on the SvelteUI demo. Let me click on the "Tabs - SvelteUI" tab.
[step 23] Action: Open url: http://localhost:3000/core/button
[step 23] Reasoning: Good, I'm back on the Tabs page. Looking at this page, the tab content areas only contain text content. Now let me check if there's a test/demo application accessible at a different URL. Let me check if there are any pages with tabs + buttons by looking at the existing SvelteUI navigation more carefully.

Looking at the task requirements carefully:
- The task says to find a Tabs component demo ✅
- Click a Tab label ✅
- Find buttons inside Tab content - The existing demo DOESN'T have buttons inside tab content

Since the Tabs page demo only shows plain text in the tab content panels and doesn't demonstrate nesting interactive components (buttons), I should check if there's a specific example page or whether the task expects me to use the button component page for comparison.

Wait - I need to re-read the task. The task says to test "nesting other interactive components inside Tabs". This is about verifying if the Tabs component supports nesting buttons/interactive elements inside its content panels. 

The existing demo doesn't show this, but maybe I should try scrolling all the way through the Tabs page to see if there's any demo with buttons. I already scrolled through most of the page. Let me try a different approach - look for a test page or a dedicated demo that might exist at localhost:3000.

Let me check what pages exist by trying some common routes.
[step 24] Action: Open url: http://localhost:3000/tests
[step 24] Reasoning: I can see the Button component page at `localhost:3000/core/button`. There's a "Settings" button shown in the demo area. This is a button component demo - but not inside a Tabs component.

Now let me think about the approach. The task is specifically about testing "Tabs with interactive components nested inside". Since the SvelteUI demo page doesn't show this specific demo combination, let me check if there's a way to access a dedicated test/demo page.

Let me check if there's a test application that was running on a different port or a specific test page.
[step 25] Action: Open url: http://localhost:3000/core/tabs
[step 25] Reasoning: Page not found at `/tests`. Let me try a different approach. The existing Tabs component demo page shows tabs with only text content. The task is asking to find "Tabs with interactive components (buttons) inside the tab content panels".

Since the SvelteUI documentation site doesn't provide a specific demo for this feature, I need to understand what's available. Let me navigate to the Tabs page and look more carefully - maybe there's a specific section I missed that shows buttons inside tab content.

Let me navigate to the Tabs page and scroll through it methodically.
[step 26] Action: Open url: http://localhost:5000
[step 26] Reasoning: I'm back on the Tabs page. Let me close the tab preview popup and then examine the Tabs demo more carefully. The demo shows the Gallery tab is currently active with "Gallery tab content" text.

Looking at this task from a different angle - the task asks to test tabs with interactive components nested inside. The page at `localhost:3000/core/tabs` IS the tabs demo page. The tabs themselves have simple text content. But the right side has interactive controls (color pickers, dropdowns) that control the Tabs component - though these are not "inside" the tab content.

Looking at this carefully, I think the question is about whether this specific combination (buttons inside tabs) exists in the demo. Since it doesn't, I should follow the task instructions and look elsewhere.

Actually, I realize I should try to look at ALL tab demos by scrolling all the way through. Let me use Ctrl+End to go to the bottom of the page to check if there are any more demos.

Wait - I've already scrolled through the page and saw:
1. USAGE - Basic tabs with Gallery, Messages, Settings (text only content)
2. CONTROLLED TABS - First, Second, Third tabs (text only)
3. TABS WITH ICONS - Gallery, Messages, Settings with icons (text only)
4. CHANGE COLORS - Teal, Still teal, Pink tabs (text only)
5. TABS POSITION - First, Second, Third tabs (text only)
6. TAB COMPONENT PROPS - First, Not allowed, Delete this? (text only)

None of these have buttons or interactive elements inside the tab content panels.

Given the task instructions and my thorough search of the Tabs component demo page, I have determined that there are NO demos showing interactive buttons (or other interactive elements) nested inside tab content panels on this website.

However, I want to complete as much of the testing as possible. Let me:
1. **Test the tab switching** ✅ (already done - Gallery → Messages → Settings all work)
2. **Look for buttons in tab content** - None found in any demo
3. **Test buttons outside tabs** - The right-side controls (color pickers, variant dropdown) are interactive controls outside the tabs demo area

But wait - I should check whether the task is asking me to create a custom test or just evaluate what's on the page. The task says "找到 Tabs 相关的演示页面进行测试" (find Tabs demo page for testing). It also says "如果在浏览器中找不到目标功能，直接标记 result 为 unclear" (if the target functionality can't be found, mark as unclear).

The target functionality is: **Tabs component with interactive buttons nested inside tab content panels**.

This specific functionality is NOT present in the SvelteUI demo pages at localhost:3000.

However, let me reconsider once more. The task is about testing the SvelteUI component library. Maybe I should look at the source code to find if there's a specific example with buttons in tab content. But the task says "禁止打开 Terminal" - I can't use the terminal.

Let me try one more approach - looking for any other routes or demo applications that might have buttons inside tabs.
[step 27] Action: Open url: http://localhost:4173
[step 27] Reasoning: Port 5000 is not available. Let me try port 4000 and port 8080.
[step 28] Action: Open url: http://localhost:3000/core/tabs
[step 28] Reasoning: Port 4173 is also not available. Let me navigate back to the SvelteUI Tabs page and conduct the test with the available features. The task asks me to test what's available on the page.

Let me navigate back to the Tabs demo page and carefully test what's available. The Tabs component in the first demo has Gallery, Messages, and Settings tabs. Even though the tab content only shows text, I should still test the tab switching functionality and see if there's a way to interact with the content.

Let me also look more carefully at the entire Tabs page to understand all the demos.
[step 29] Action: Minimize panel
[step 29] Reasoning: Good, I'm back on the Tabs page. Let me close the tab preview popup by clicking elsewhere, and then carefully examine what's available on this page. I need to minimize the task panel too to see the full demo area.

Let me minimize the panel and then take a proper look at the page.
[step 30] Action: left_click (1204, 87)
[step 30] Reasoning: Good. The panel is minimized. Now I can see the Tabs page clearly. Let me close that popup and then interact with the tabs. 

I can see the Tabs demo with:
- **Gallery** tab (currently active) - shows "Gallery tab content"
- **Messages** tab
- **Settings** tab

The tab content panel only shows text. There are no buttons inside the tab content.

Now let me approach this testing more systematically. The task says to test "nesting other interactive components" inside tabs. Let me:
1. Test tab switching (already tested - works)
2. Look for buttons inside tabs (none found)
3. The task says if target functionality is not found, mark as unclear

But before declaring unclear, let me try to understand whether there's a specific test page for this feature. Let me click the "×" on the popup first.
[step 31] Action: scroll down (530, 490) scroll_amount 5
[step 31] Reasoning: Now I can see the full Tabs page clearly. The USAGE section shows a Tabs component with Gallery, Messages, and Settings tabs. The content area only shows "Gallery tab content" text.

Now let me look at whether the "Gallery" tab demo has any scrollable content or hidden buttons. But from what I can see, the tab content is simply text.

Let me now think about what I can test with the existing page:
1. **Tab switching** - Test if clicking different tabs switches content correctly
2. **Control buttons** outside the tabs area - The color pickers and dropdowns on the right side

Actually, looking at the task requirements again carefully - the task specifically mentions:
- "在 Tab 内容面板中，查找是否有可点击的按钮（Button）或其他交互元素" - Find if there are buttons or interactive elements INSIDE the tab content panels
- "点击 Tab 内容面板内的按钮，验证其点击事件是否正常触发" - Click buttons inside the tab content panels

And the important note: "如果在浏览器中找不到目标功能，直接标记 result 为 unclear，result_summary 写明'未在页面中找到目标功能入口'"

The current demo page doesn't have interactive elements (buttons) inside the tab content panels. The tab content shows only plain text.

However, let me also scroll down to verify there are no other demos with buttons inside tab content, and also check a few more things.

Let me scroll down on the Tabs page to see all demos.
[step 32] Action: scroll down (530, 400) scroll_amount 8
[step 32] Reasoning: I can see the code for the first demo - it shows simple text content inside each `<Tabs.Tab>`. The "CONTROLLED TABS" section is coming up. Let me scroll down to see more demos.
[step 33] Action: scroll down (530, 400) scroll_amount 8
[step 33] Reasoning: I can see the "CONTROLLED TABS" section with code that shows tab content changes and `console.log` output. The tabs use `Tabs.Tab label="First"`, "Second", "Third" with just text content. Let me scroll down more to find the interactive demo area.
[step 34] Action: scroll down (530, 400) scroll_amount 15
[step 34] Reasoning: I can see the CONTROLLED TABS section - the code shows it handles a `change` event with `console.log("Tab active", index, key)`. But I notice there's no live interactive demo visible (no visual demo box with the First/Second/Third tabs rendered). 

Wait, looking more carefully - I see the CONTROLLED TABS section doesn't seem to show a live interactive demo (the demo box is missing or above in the scroll). It only shows code. There's a "TABS WITH ICONS" section below that shows the Gallery, Messages, Settings tabs with text content.

Let me scroll down more to find the complete list of demos.
[step 35] Action: scroll down (530, 400) scroll_amount 15
[step 35] Reasoning: I can see "CHANGE COLORS" section with "Teal tab", "Still teal tab", "Pink tab" - text only content. And "TABS POSITION" section coming up. All demos still show only text content in tab panels.

Let me scroll down to see TABS POSITION and any remaining demos.
[step 36] Action: scroll down (530, 400) scroll_amount 10
[step 36] Reasoning: I can see the TABS POSITION section with a demo that has "First", "Second", "Third" tabs - text only content ("First tab content"). I also notice this demo has a "Grow" toggle, "Variant" dropdown, and "Position" dropdown as controls outside the tab panel.

The "TAB COMPONENT PROPS" section is coming up. Let me scroll down further to see the remaining demos.
[step 37] Action: scroll down (530, 400) scroll_amount 10
[step 37] Reasoning: I can see the TAB COMPONENT PROPS section with "First", "Not allowed", "Delete this?" tabs. The "Not allowed" tab appears greyed out (disabled). The "Delete this?" tab has a red color. This shows advanced tab functionality but still has only text content inside the tab panels.

"ADD YOUR STYLES" section is coming up. Let me scroll down to see the remaining content.
[step 38] Action: scroll down (530, 400) scroll_amount 15
[step 38] Reasoning: I can see the "ADD YOUR STYLES" section with another Tabs demo showing Gallery, Messages, Settings tabs. The content area is empty (collapsed) - there's no content shown in the tab panel area. This is still text-only content.

Let me scroll down to see the remaining sections and check if there's a Props table or any more examples.
[step 39] Action: scroll down (530, 400) scroll_amount 10
[step 39] Reasoning: I can see the "ACCESSIBILITY AND USABILITY" section at the bottom of the Tabs page. The code snippet for "ADD YOUR STYLES" shows `<Tabs.Tab label='Gallery' ... />` - these are self-closing tags with NO content inside the tab panels!

This is actually interesting - in the "ADD YOUR STYLES" demo, the tab panels appear to have no content (self-closing tags). That could be a bug in the demo page.

Let me continue scrolling to see the complete "ACCESSIBILITY AND USABILITY" section and any component props table.
[step 40] Action: key: ctrl+Home
[step 40] Reasoning: I have now scrolled through the entire Tabs component demo page. The page ends with:
1. **USAGE** - Tabs with text-only content
2. **CONTROLLED TABS** - Tabs with text-only content + `console.log` event
3. **TABS WITH ICONS** - Tabs with text-only content
4. **CHANGE COLORS** - Tabs with text-only content
5. **TABS POSITION** - Tabs with text-only content
6. **TAB COMPONENT PROPS** - Tabs with text-only content + disabled tabs
7. **ADD YOUR STYLES** - Tabs with NO content (self-closing tags)
8. **ACCESSIBILITY AND USABILITY** - Just documentation text

**Key Finding**: None of the demos on the Tabs component page at `localhost:3000/core/tabs` include interactive elements (buttons or other components) nested inside the tab content panels.

Now let me go back to the top of the Tabs page and perform the actual testing with what's available, specifically:
1. ✅ Test tab switching (Gallery → Messages → Settings)
2. ❌ No buttons inside tab content panels found
3. Test the "CONTROLLED TABS" demo to see if the `console.log` event fires on tab click

Let me scroll back to the top and perform the tests.
[step 41] Action: scroll up (640, 400) scroll_amount 50
[step 41] Reasoning: The Ctrl+Home didn't scroll to the top. Let me scroll the page to the top.
[step 42] Action: left_click (160, 62)
[step 42] Reasoning: I can see the "CHANGE COLORS" section with "Teal tab", "Still teal tab", "Pink tab" demo and "TABS POSITION" section. I need to scroll much more up to get to the top. Let me use a different approach - press the browser's F5 key or navigate to the top using the URL bar.
[step 43] Action: key: Return
[step 43] Reasoning: Good, the URL bar is selected. Let me press Enter to reload the page which will take me to the top.
[step 44] Action: left_click (306, 474)
[step 44] Reasoning: I'm now at the top of the Tabs component page at `localhost:3000/core/tabs`. I can see:
1. The TABS page title with "Display links with theme styles" subtitle
2. Import statement: `import { Tabs } from '@svelteuidev/core';`
3. USAGE section with the Gallery/Messages/Settings demo
4. The Gallery tab is currently active showing "Gallery tab content"
5. Right side controls: Color picker, Variant dropdown, Tab Padding dropdown, Orientation dropdown

Now I need to systematically test:
1. **Tab switching** - Click the "Messages" tab and verify it shows "Messages tab content"
2. **Tab switching** - Click the "Settings" tab and verify it shows "Settings tab content"
3. **No buttons in tab content** - The tab content panels only show text

Let me also open the browser's Developer Tools (console) to check for any console output when tabs are clicked, especially when using the CONTROLLED TABS demo.

Let me first click on "Messages" tab to test tab switching:
[step 45] Action: left_click (383, 474)
[step 45] Reasoning: Excellent! **Tab switching works correctly!** I clicked on "Messages" tab and it now shows "Messages tab content" in the tab panel. The "Messages" tab is now underlined/active. This confirms the basic tab switching functionality works.

Now let me click on "Settings" tab:
[step 46] Action: left_click (232, 474)
[step 46] Reasoning: **Settings tab switching works!** The "Settings" tab is now active (underlined) and shows "Settings tab content" in the panel. All three tabs work correctly.

Now let me go back to "Gallery" tab and then open the Developer Tools to check for console output when using the CONTROLLED TABS demo. Let me first click Gallery:
[step 47] Action: key: F12
[step 47] Reasoning: Good, I'm back to the "Gallery" tab which shows "Gallery tab content". Tab switching is working correctly for all three tabs.

Now I need to open the Developer Tools to check the console for any output from the CONTROLLED TABS demo. Let me open DevTools:
[step 48] Action: key: super+alt+i
[step 48] Reasoning: F12 didn't open Developer Tools. Let me try Command+Option+I for Mac.
[step 49] Action: right_click (530, 502)
[step 49] Reasoning: Developer tools didn't open. Let me try a different approach - right-click on the page to open context menu and then select "Inspect":
[step 50] Action: left_click (550, 648)
[step 50] Reasoning: I can see the context menu. I'll click "检查" (Inspect) to open Developer Tools:
[step 51] Action: left_click (115, 499)
[step 51] Reasoning: The Developer Tools are now open. I can see the Elements panel is currently active. I can see in the HTML structure that:
- `<div role="tabpanel" class="content">Gallery tab content</div>` - This shows the tab content panel with just plain text "Gallery tab content"

The page is now in responsive/mobile view. Let me click on the **Console** tab to see any console output:
[step 52] Action: scroll down (640, 280) scroll_amount 8
[step 52] Reasoning: I'm on the Console tab. The console is currently empty (no logs). I can see "1 Issue" in the top right. The page is showing the Tabs component info. The console is clear now.

I need to scroll down in the page to get to the CONTROLLED TABS demo (which has `console.log("Tab active", index, key)` in its code). But the page is currently in a responsive/mobile view due to DevTools opening.

Let me scroll down in the mobile preview to find the CONTROLLED TABS demo:
[step 53] Action: left_click (611, 224)
[step 53] Reasoning: I can see the USAGE section with the Gallery/Messages/Settings tabs demo in the mobile preview. The console is still clear. Now let me click on the "Messages" tab in the demo to check if any console output appears. I need to click the "Messages" tab in the mobile preview:
[step 54] Action: scroll down (640, 280) scroll_amount 15
[step 54] Reasoning: Excellent! I clicked on the "Messages" tab and it switched to show "Messages tab content" in the panel. The "Messages" tab is now underlined/active. The console still shows no output for this basic tabs demo (which is expected since the basic USAGE demo doesn't have `console.log` calls).

Now I need to scroll down to find the CONTROLLED TABS demo which has `console.log`. Let me scroll down in the mobile preview to find the CONTROLLED TABS section:
[step 55] Action: scroll down (640, 280) scroll_amount 10
[step 55] Reasoning: I can see the "CONTROLLED TABS" section. The code is visible in a code block showing:
```
<script>
import { Tabs } from '@svelteuidev/core';
let active = 0;
```

I need to scroll down more to see the live demo for CONTROLLED TABS (the actual interactive component, not just the code):
[step 56] Action: key: Escape
[step 56] Reasoning: Interesting! I can see the CONTROLLED TABS section has code showing `<Tabs.Tab label="First" tabKey='first'>`, `<Tabs.Tab label="Second" tabKey='second'>`, etc. But I notice the CONTROLLED TABS demo doesn't have a live interactive widget - it jumps straight to the code example and then shows "TABS WITH ICONS". 

The "TABS WITH ICONS" demo below shows the Gallery/Messages/Settings tabs with icons, and the content area appears empty (collapsed).

Let me look at this more carefully. The CONTROLLED TABS section appears to only show code (no live demo). This means there's no interactive live demo for the CONTROLLED TABS section. The basic USAGE demo (which I've already tested) was the only interactive tabs demo I can interact with.

Now let me close DevTools and think about the overall task assessment. The task requirements are:
1. ✅ Found Tabs component at `localhost:3000/core/tabs`
2. ✅ Clicked tab labels - Gallery, Messages, Settings all work
3. ❌ No buttons found inside tab content panels - only text content
4. N/A - Can't click buttons in tab content (none exist)
5. N/A - Can't compare with external buttons (no buttons in tab content to compare)

The task says if the target functionality (buttons nested inside tab content) is not found, mark as "unclear" with "未在页面中找到目标功能入口".

However, since the task explicitly mentions testing buttons nested inside tabs AND comparing with external buttons, and neither of these exists in the demo, I should report clearly about what I found.

Let me close the DevTools to get a better view and do a final check.
[step 57] Action: left_click (1268, 476)
[step 57] Reasoning: Still in the responsive view with DevTools open. Let me close DevTools by clicking the X:
[step 58] Action: key: super+alt+i
[step 58] Reasoning: DevTools is still open. The X button didn't close it. Let me try using the keyboard shortcut to close DevTools:
[step 59] Action: DONE
[step 59] Reasoning: DevTools is now closed and I can see the full Tabs page. I can see:
1. The "TABS WITH ICONS" demo showing Gallery, Messages, Settings tabs with icons - "Gallery tab content" is showing
2. "CHANGE COLORS" demo showing Teal tab, Still teal tab, Pink tab - "Teal tab content" is showing

Both demos only have text content in the tab panels - no interactive elements (buttons).

Looking at the code visible in the "TABS WITH ICONS" section, I can see:
```
<Tabs.Tab label='Gallery' icon={Camera}>Gallery tab content</Tabs.Tab>
<Tabs.Tab label='Messages' icon={EnvelopeClosed}>Messages tab content</Tabs.Tab>
<Tabs.Tab icon={Gear}>Settings tab content</Tabs.Tab>
```

All tab content is just plain text.

Now I've confirmed that the SvelteUI Tabs component demo page at `localhost:3000/core/tabs` does NOT have any demos showing interactive components (buttons, inputs, etc.) nested inside tab content panels.

Based on my comprehensive examination of the Tabs component demo page:

**Summary of Findings:**

1. **Tabs Component Found**: ✅ Found at `localhost:3000/core/tabs`
2. **Tab Switching Works**: ✅ Successfully clicked Gallery → Messages → Settings tabs, each showing correct content ("Gallery tab content", "Messages tab content", "Settings tab content")
3. **Interactive Elements in Tab Content**: ❌ **NOT FOUND** - All tab demos only show plain text in the tab content panels. No buttons, inputs, or other interactive components are nested inside any tab content panel.
4. **Buttons Outside Tabs**: ✅ The USAGE demo has Color pickers, Variant dropdown, and other controls outside the tabs, but these are not "buttons" in the traditional sense for comparison.

The specific functionality requested - **"Tabs component with interactive buttons nested inside tab content panels"** - is **not present** in any of the demo sections on the Tabs component page.

Based on the task instructions: "如果在浏览器中找不到目标功能，直接标记 result 为 unclear，result_summary 写明'未在页面中找到目标功能入口'"

---

## 测试结果报告

**测试环境**: SvelteUI 组件库演示站点 (`http://localhost:3000/core/tabs`)

**测试步骤执行情况**:

### ✅ 步骤1: 找到 Tabs 组件演示页面
- 成功导航至 `http://localhost:3000/core/tabs`
- 页面包含多个 Tabs 组件演示：USAGE、TABS WITH ICONS、CHANGE COLORS、TABS POSITION、TAB COMPONENT PROPS 等

### ✅ 步骤2: 点击 Tab 标签切换内容
- **USAGE 演示**：成功点击 Gallery → Messages → Settings 三个 Tab 标签
- 每次点击后，Tab 内容面板正确切换，显示对应的 "Gallery tab content"、"Messages tab content"、"Settings tab content"
- Tab 切换功能正常，有明确的视觉反馈（下划线高亮显示当前激活的 Tab）

### ❌ 步骤3: 在 Tab 内容面板中查找按钮或其他交互元素
- **未找到任何交互元素（按钮/Button）嵌套在 Tab 内容面板中**
- 所有演示（USAGE、TABS WITH ICONS、CHANGE COLORS、TABS POSITION、TAB COMPONENT PROPS）的 Tab 内容均仅显示纯文本内容
- 代码示例也确认：所有 `<Tabs.Tab>` 内部只放置了纯文本字符串

### ❌ 步骤4 & 5: 点击 Tab 内容面板内的按钮 / 对比外部按钮
- **无法执行** — Tab 内容面板内不存在任何可点击的按钮或交互元素

**结论**: 页面中存在 Tabs 组件，Tab 标签切换功能正常工作，但演示页面中没有在 Tab 内容面板内嵌套交互组件（Button 等）的功能演示。因此**无法测试"Tab 内嵌套 Button 点击交互"**这一目标功能。

**result**: unclear  
**result_summary**: 未在页面中找到目标功能入口（Tab 内容面板中嵌套可点击 Button 的演示不存在，所有 Tab 面板内容均为纯文本）
Evaluating task result...

==================================================
Task: 当前Chrome浏览器已打开svelteui网站，地址是http://localhost:3000。测试 SvelteUI 的 Tabs 组件中嵌套其他交互组件的功能。具体步骤：1. 打开应用页面，找到 Tabs 组件的演示区域。2. 查找页面上是否有 Tabs 组件，如果有，点击某个 Tab 标签切换到对应的 Tab 内容面板。3. 在 Tab 内容面板中，查找是否有可点击的按钮（Button）或其他交互元素。4. 点击 Tab 内容面板内的按钮，验证其点击事件是否正常触发（例如按钮点击后是否有视觉反馈、状态变化、或控制台输出等响应）。5. 同时也点击 Tab 外部的按钮作为对比，确认两者的交互行为一致。注意：此项目是一个组件库，需要找到 Tabs 相关的演示页面进行测试。请始终在浏览器内操作，禁止打开 Terminal、Finder 或其他应用程序。如果在浏览器中找不到目标功能，直接标记 result 为 unclear，result_summary 写明'未在页面中找到目标功能入口'。
Status: COMPLETED
Total steps: 59
Last action: DONE
Last reasoning: DevTools is now closed and I can see the full Tabs page. I can see:
1. The "TABS WITH ICONS" demo showing Gallery, Messages, Settings tabs with icons - "Gallery tab content" is showing
2. "CHANGE COLORS" demo showing Teal tab, Still teal tab, Pink tab - "Teal tab content" is showing

Both demos only have text content in the tab panels - no interactive elements (buttons).

Looking at the code visible in the "TABS WITH ICONS" section, I can see:
```
<Tabs.Tab label='Gallery' icon={Camera}>Gallery tab content</Tabs.Tab>
<Tabs.Tab label='Messages' icon={EnvelopeClosed}>Messages tab content</Tabs.Tab>
<Tabs.Tab icon={Gear}>Settings tab content</Tabs.Tab>
```

All tab content is just plain text.

Now I've confirmed that the SvelteUI Tabs component demo page at `localhost:3000/core/tabs` does NOT have any demos showing interactive components (buttons, inputs, etc.) nested inside tab content panels.

Based on my comprehensive examination of the Tabs component demo page:

**Summary of Findings:**

1. **Tabs Component Found**: ✅ Found at `localhost:3000/core/tabs`
2. **Tab Switching Works**: ✅ Successfully clicked Gallery → Messages → Settings tabs, each showing correct content ("Gallery tab content", "Messages tab content", "Settings tab content")
3. **Interactive Elements in Tab Content**: ❌ **NOT FOUND** - All tab demos only show plain text in the tab content panels. No buttons, inputs, or other interactive components are nested inside any tab content panel.
4. **Buttons Outside Tabs**: ✅ The USAGE demo has Color pickers, Variant dropdown, and other controls outside the tabs, but these are not "buttons" in the traditional sense for comparison.

The specific functionality requested - **"Tabs component with interactive buttons nested inside tab content panels"** - is **not present** in any of the demo sections on the Tabs component page.

Based on the task instructions: "如果在浏览器中找不到目标功能，直接标记 result 为 unclear，result_summary 写明'未在页面中找到目标功能入口'"

---

## 测试结果报告

**测试环境**: SvelteUI 组件库演示站点 (`http://localhost:3000/core/tabs`)

**测试步骤执行情况**:

### ✅ 步骤1: 找到 Tabs 组件演示页面
- 成功导航至 `http://localhost:3000/core/tabs`
- 页面包含多个 Tabs 组件演示：USAGE、TABS WITH ICONS、CHANGE COLORS、TABS POSITION、TAB COMPONENT PROPS 等

### ✅ 步骤2: 点击 Tab 标签切换内容
- **USAGE 演示**：成功点击 Gallery → Messages → Settings 三个 Tab 标签
- 每次点击后，Tab 内容面板正确切换，显示对应的 "Gallery tab content"、"Messages tab content"、"Settings tab content"
- Tab 切换功能正常，有明确的视觉反馈（下划线高亮显示当前激活的 Tab）

### ❌ 步骤3: 在 Tab 内容面板中查找按钮或其他交互元素
- **未找到任何交互元素（按钮/Button）嵌套在 Tab 内容面板中**
- 所有演示（USAGE、TABS WITH ICONS、CHANGE COLORS、TABS POSITION、TAB COMPONENT PROPS）的 Tab 内容均仅显示纯文本内容
- 代码示例也确认：所有 `<Tabs.Tab>` 内部只放置了纯文本字符串

### ❌ 步骤4 & 5: 点击 Tab 内容面板内的按钮 / 对比外部按钮
- **无法执行** — Tab 内容面板内不存在任何可点击的按钮或交互元素

**结论**: 页面中存在 Tabs 组件，Tab 标签切换功能正常工作，但演示页面中没有在 Tab 内容面板内嵌套交互组件（Button 等）的功能演示。因此**无法测试"Tab 内嵌套 Button 点击交互"**这一目标功能。

**result**: unclear  
**result_summary**: 未在页面中找到目标功能入口（Tab 内容面板中嵌套可点击 Button 的演示不存在，所有 Tab 面板内容均为纯文本）

==================================================

UI window closed
