Session created: sess-20260416172759-94de578c38904e288286aca28d9aabbb
UI panel initialized successfully
UI window displayed
Expected result: NativeSelect 组件在页面加载和刷新时，应直接显示 placeholder 文本，不应出现先闪烁显示列表第一项再切换为 placeholder 的现象。
[step 0] Action: Initializing
[step 0] Reasoning: Initializing session connection
[step 0] Action: screenshot
[step 1] Action: Open url: http://localhost:3000/docs/inputs/native-select
[step 1] Reasoning: I can see the SvelteUI website is loaded. I need to navigate to the NativeSelect component documentation. Let me navigate to it directly.
[step 2] Action: Open url: http://localhost:3000
[step 2] Reasoning: The page is not found. Let me try navigating to the home page first to explore the navigation structure.
[step 3] Action: left_click (565, 598)
[step 3] Reasoning: I'm on the SvelteUI home page. Let me click "Get Started" to explore the documentation, or I can try to find the NativeSelect component. Let me click on "Get Started" to see the docs navigation.
[step 4] Action: left_click (63, 341)
[step 4] Reasoning: I can see the documentation page with a navigation sidebar. I need to find the NativeSelect component. I can see "SVELTEUI CORE (COMPONENTS)" in the sidebar. Let me click on it to expand it.
[step 5] Action: scroll down (85, 500) scroll_amount 3
[step 5] Reasoning: The SVELTEUI CORE (COMPONENTS) section is now expanded. I can see Layout components and an "Inputs & Actions" section. I need to scroll down to find NativeSelect. Let me scroll down in the sidebar to find it.
[step 6] Action: scroll down (85, 500) scroll_amount 3
[step 6] Reasoning: I can see "Inputs & Actions" section with ActionIcon, Button, Checkbox, Input listed. I need to scroll more to find NativeSelect.
[step 7] Action: left_click (49, 588)
[step 7] Reasoning: I can now see "NativeSelect" in the sidebar. Let me click on it.
[step 8] Action: screenshot
[step 8] Reasoning: Excellent! I found the NativeSelect documentation page at `localhost:3000/core/native-select`. I can see:

1. There's a demo on the left showing a NativeSelect component with a label "Select your favorite framework/library" and description "This is anonymous"
2. On the right side, there are configuration options including a "Placeholder" field with value "Pick one"
3. **The NativeSelect component is currently displaying "Svelte" as the selected value**, not the placeholder "Pick one"

This is already interesting - the NativeSelect is showing "Svelte" (first option) instead of "Pick one" (the placeholder). Let me observe this more carefully. The placeholder field on the right shows "Pick one" but the component displays "Svelte". 

Let me scroll down to see if the placeholder is visible or if the component is showing the first option. Let me also take a closer look at the NativeSelect component.
[step 9] Action: key: F5
[step 9] Reasoning: I can clearly see the issue. The NativeSelect component on the left side of the demo shows "Svelte" as the current value, even though:
- The placeholder is set to "Pick one" (visible in the right panel)
- No option should be pre-selected when a placeholder is provided

**Key observation**: The NativeSelect component is displaying "Svelte" (the first option) instead of "Pick one" (the placeholder text). This is a bug - when a placeholder is defined, it should be shown as the initial displayed value.

Let me now refresh the page to observe the behavior during page load, as the task requires.
[step 10] Action: key: cmd+shift+r
[step 10] Reasoning: After pressing F5 to refresh, the page loaded and again shows "Svelte" in the NativeSelect component instead of "Pick one" placeholder. The page appeared to reload quickly (it's a SvelteKit SSR app, so the refresh was fast).

Let me do a hard refresh with Cmd+Shift+R to ensure a clean load, and watch carefully.
[step 11] Action: left_click (524, 602)
[step 11] Reasoning: After a hard refresh (Cmd+Shift+R), the page loaded and again immediately shows "Svelte" in the NativeSelect dropdown, not "Pick one" (the placeholder). 

**Critical Bug Observed**: The NativeSelect component consistently displays "Svelte" (the first option from the options list) instead of the configured placeholder "Pick one". Even after multiple refreshes, the component never shows the placeholder text.

Let me do one more refresh to verify, and also check whether the placeholder even appears in the HTML/select element by examining the component more carefully. Let me click on the NativeSelect dropdown to see what options are available.
[step 12] Action: key: Escape
[step 12] Reasoning: Now I can see the NativeSelect dropdown is open, showing the options: "Svelte" (currently selected/highlighted in blue), "React", and "Vue". There should be a "Pick one" placeholder option at the top, but I don't see it in the visible dropdown options. Let me scroll up in the dropdown to see if there's a placeholder option.

The key issue is: **"Svelte" is shown as selected (with blue highlight), and no "Pick one" placeholder is visible** in the dropdown list. The placeholder ("Pick one") should appear as the first option (disabled/grayed) when no value is selected.

Let me press Escape to close this dropdown and do another refresh to test again.
[step 13] Action: key: F5
[step 13] Reasoning: The dropdown is closed again. The NativeSelect still shows "Svelte" as the selected value. Let me do one more refresh to confirm the behavior is consistent.
[step 14] Action: key: cmd+shift+r
[step 14] Reasoning: After yet another refresh (F5), the NativeSelect component consistently shows "Svelte" instead of "Pick one" (the placeholder). The behavior is reproducible across multiple refreshes.

Let me do one more refresh with Cmd+Shift+R (hard refresh) to definitively confirm the bug.
[step 15] Action: DONE
[step 15] Reasoning: The bug is consistently reproducible. After every refresh (both F5 and Cmd+Shift+R hard refresh), the NativeSelect component immediately shows "Svelte" instead of "Pick one" (the configured placeholder).

**Summary of findings:**

**Bug Confirmed**: The NativeSelect component's `placeholder` functionality is broken. 

- **Expected behavior**: When a `placeholder` value ("Pick one") is set and no value is pre-selected, the NativeSelect component should display the placeholder text ("Pick one") as the initial state of the dropdown.
- **Actual behavior**: The NativeSelect component always displays "Svelte" (the first option in the options list) regardless of the placeholder being set to "Pick one". The placeholder text never appears as the displayed value in the dropdown.
- **Consistency**: This behavior is consistent across multiple page refreshes (F5 soft refresh and Cmd+Shift+R hard refresh), confirming it's a definitive bug and not a transient rendering issue.
- **Additional observation**: When the dropdown is opened, only the actual options (Svelte, React, Vue) appear - there is no "Pick one" placeholder option visible in the dropdown list either.

This is a **functional bug** in the NativeSelect component - the placeholder prop is not being properly rendered as the initial selected state of the native select element.

---

**测试结果报告**

**发现的Bug**: NativeSelect 组件的 `placeholder` 功能存在严重缺陷。

**测试步骤与观察**:
1. 导航至 `localhost:3000/core/native-select` 页面，找到 NativeSelect 演示组件
2. 右侧配置面板中 Placeholder 字段设置为 "Pick one"
3. **问题**: NativeSelect 组件在页面加载完成后**始终显示 "Svelte"（选项列表中的第一个选项）**，而非期望的占位文本 "Pick one"
4. 经过4次刷新（包括2次 F5 软刷新和2次 Cmd+Shift+R 硬刷新），每次页面加载后 NativeSelect 都立即显示 "Svelte"，从未显示 "Pick one" 占位符
5. 打开下拉框时，选项列表中也没有出现 "Pick one" 占位项，只有 Svelte、React、Vue 三个选项
6. "Svelte" 在下拉列表中以蓝色高亮显示，表明它被选中为当前值

**结论**: NativeSelect 组件的 `placeholder` prop 未能正确实现其功能——当 placeholder 配置了值且无预选值时，组件应显示 placeholder 文本，但实际上组件忽略了 placeholder 配置，直接将第一个选项作为当前值显示。这是一个**功能性 Bug**，与任何页面加载时序无关——无论何时刷新，placeholder 都从未显示过。
Evaluating task result...

==================================================
Task: 当前Chrome浏览器已打开svelteui网站，地址是http://localhost:3000。测试 NativeSelect 组件的 placeholder 功能。步骤：1. 在浏览器中打开应用页面，找到包含 NativeSelect 组件的演示或文档页面。2. 观察 NativeSelect 组件在页面加载完成时是否正确显示 placeholder 文本（如 'Pick one' 或类似占位提示文字）。3. 刷新页面，仔细观察 NativeSelect 组件在页面加载过程中显示的内容，确认组件从一开始就显示 placeholder 值，而不是先短暂显示选项列表中的第一个选项再切换为 placeholder。4. 多次刷新页面重复验证此行为。请始终在浏览器内操作，禁止打开 Terminal、Finder 或其他应用程序。如果在浏览器中找不到目标功能，直接标记 result 为 unclear，result_summary 写明'未在页面中找到目标功能入口'。
Status: COMPLETED
Total steps: 15
Last action: DONE
Last reasoning: The bug is consistently reproducible. After every refresh (both F5 and Cmd+Shift+R hard refresh), the NativeSelect component immediately shows "Svelte" instead of "Pick one" (the configured placeholder).

**Summary of findings:**

**Bug Confirmed**: The NativeSelect component's `placeholder` functionality is broken. 

- **Expected behavior**: When a `placeholder` value ("Pick one") is set and no value is pre-selected, the NativeSelect component should display the placeholder text ("Pick one") as the initial state of the dropdown.
- **Actual behavior**: The NativeSelect component always displays "Svelte" (the first option in the options list) regardless of the placeholder being set to "Pick one". The placeholder text never appears as the displayed value in the dropdown.
- **Consistency**: This behavior is consistent across multiple page refreshes (F5 soft refresh and Cmd+Shift+R hard refresh), confirming it's a definitive bug and not a transient rendering issue.
- **Additional observation**: When the dropdown is opened, only the actual options (Svelte, React, Vue) appear - there is no "Pick one" placeholder option visible in the dropdown list either.

This is a **functional bug** in the NativeSelect component - the placeholder prop is not being properly rendered as the initial selected state of the native select element.

---

**测试结果报告**

**发现的Bug**: NativeSelect 组件的 `placeholder` 功能存在严重缺陷。

**测试步骤与观察**:
1. 导航至 `localhost:3000/core/native-select` 页面，找到 NativeSelect 演示组件
2. 右侧配置面板中 Placeholder 字段设置为 "Pick one"
3. **问题**: NativeSelect 组件在页面加载完成后**始终显示 "Svelte"（选项列表中的第一个选项）**，而非期望的占位文本 "Pick one"
4. 经过4次刷新（包括2次 F5 软刷新和2次 Cmd+Shift+R 硬刷新），每次页面加载后 NativeSelect 都立即显示 "Svelte"，从未显示 "Pick one" 占位符
5. 打开下拉框时，选项列表中也没有出现 "Pick one" 占位项，只有 Svelte、React、Vue 三个选项
6. "Svelte" 在下拉列表中以蓝色高亮显示，表明它被选中为当前值

**结论**: NativeSelect 组件的 `placeholder` prop 未能正确实现其功能——当 placeholder 配置了值且无预选值时，组件应显示 placeholder 文本，但实际上组件忽略了 placeholder 配置，直接将第一个选项作为当前值显示。这是一个**功能性 Bug**，与任何页面加载时序无关——无论何时刷新，placeholder 都从未显示过。

==================================================

UI window closed
