Session created: sess-20260416184309-04a7ddb5c5394ea580cc72a0887a4634
UI panel initialized successfully
UI window displayed
Expected result: Modal 弹窗在 SvelteUIProvider 正确包裹应用的情况下能够正常打开、显示内容并关闭，浏览器控制台不应出现任何关于 SvelteUIProvider 的错误信息。
[step 0] Action: Initializing
[step 0] Reasoning: Initializing session connection
[step 0] Action: screenshot
[step 1] Action: key: F12
[step 1] Reasoning: 页面已正常加载，显示SvelteUI首页。现在我需要导航到Modal组件的演示页面。让我先检查控制台错误，然后查找Modal相关的演示页面。
[step 2] Action: left_click (114, 499)
[step 2] Reasoning: DevTools已打开，控制台显示"No Issues"（无错误）。现在让我查看控制台选项卡，确认没有错误，然后导航到Modal演示页面。
[step 3] Action: key: F12
[step 3] Reasoning: 控制台显示"No Issues"，没有任何错误信息。现在我需要导航到Modal演示页面。让我先关闭DevTools，然后寻找Modal相关的页面链接。
[step 4] Action: Open url: http://localhost:3000/docs/overlay/modal
[step 4] Reasoning: DevTools已关闭。现在页面正常显示首页。我需要导航到Modal相关的演示页面。让我尝试直接访问Modal相关的URL路径，或者点击"Get Started"按钮来找到文档。
[step 5] Action: Open url: http://localhost:3000
[step 5] Reasoning: 这个URL不存在。让我尝试其他路径，或者先点击"Get Started"按钮来了解文档结构。
[step 6] Action: left_click (564, 524)
[step 6] Reasoning: 好的，首页已加载。现在让我点击"Get Started"按钮，看看能否找到文档结构，然后找到Modal演示页面。
[step 7] Action: left_click (85, 341)
[step 7] Reasoning: 太好了！现在我可以看到文档结构，左侧有导航菜单。我需要找到"SVELTEUI CORE (COMPONENTS)"部分来找到Modal组件。让我点击展开它。
[step 8] Action: scroll down (85, 500) scroll_amount 3
[step 8] Reasoning: "SVELTEUI CORE (COMPONENTS)"已展开，显示了各种组件类别。我需要向下滚动左侧导航来找到Modal组件（通常在Overlay/弹出相关的部分）。
[step 9] Action: scroll down (85, 500) scroll_amount 3
[step 9] Reasoning: 我可以看到左侧导航中有"Inputs & Actions"部分，现在继续向下滚动寻找Modal组件（可能在"Overlay"或其他分类下）。
[step 10] Action: scroll down (85, 500) scroll_amount 3
[step 10] Reasoning: 我可以看到"Inputs & Actions"部分有ActionIcon, Button, Checkbox, Input, InputWrapper, NativeSelect, NumberInput, Switch等组件。继续向下滚动寻找Modal相关组件。
[step 11] Action: scroll down (85, 500) scroll_amount 3
[step 11] Reasoning: 现在我看到了"Navigation"部分。继续向下滚动，寻找Modal相关的Overlay部分。
[step 12] Action: scroll down (85, 500) scroll_amount 3
[step 12] Reasoning: 我看到了Navigation部分（Anchor, Burger, Seo, Tabs）和"Data Display"部分正在加载。继续向下滚动寻找Modal（通常在Overlay部分）。
[step 13] Action: scroll down (85, 500) scroll_amount 3
[step 13] Reasoning: 现在看到"Data Display"部分（Badge, Card, Image）。继续向下滚动寻找Overlay/Modal部分。
[step 14] Action: scroll down (85, 500) scroll_amount 3
[step 14] Reasoning: 我看到Data Display部分有Badge, Card, Image, Kbd, ThemeIcon, Timeline，还有"Feedback"部分。但没有看到Overlay/Modal。看来左侧导航中没有专门的Modal组件。让我继续向下滚动查看"Feedback"部分的内容，或者寻找其他途径。
[step 15] Action: scroll down (85, 500) scroll_amount 3
[step 15] Reasoning: 现在看到"Feedback"部分有Alert, Loader, Notification, Progress等。让我继续向下滚动，看看是否有Modal相关的部分。
[step 16] Action: scroll down (85, 500) scroll_amount 2
[step 16] Reasoning: 我找到了"Overlay"部分！我可以看到有Affix和Menu两个组件。让我继续向下滚动，查看是否有Modal组件在Overlay部分。
[step 17] Action: left_click (36, 597)
[step 17] Reasoning: 找到了！在"Overlay"部分下面，我可以看到Modal组件的链接。让我点击"Modal"链接。
[step 18] Action: key: F12
[step 18] Reasoning: 我找到了Modal页面（localhost:3000/core/modal）！我可以看到：

1. ✅ 页面成功加载了Modal组件的文档页面
2. 页面显示有重要提示：使用Modal组件时需要将应用包裹在`SvelteUIProvider`中
3. 有一个"Open Modal"按钮可以测试Modal

注意我也看到代码片段中有注释 `<!-- Modal Content -->`，这是一个需要关注的点。

现在让我：
1. 先打开控制台检查错误
2. 然后点击"Open Modal"按钮

让我先检查控制台，然后点击Open Modal按钮。
[step 19] Action: key: F12
[step 19] Reasoning: 很好！DevTools已打开，显示Console选项卡，"No Issues"表示目前没有任何控制台错误。页面在Modal文档页面上正常加载。

现在我需要：
1. 关闭DevTools（或保留它来监控错误）
2. 点击"Open Modal"按钮

让我先关闭DevTools，然后点击Open Modal按钮，同时监控控制台。实际上，让我保留DevTools，但需要先关闭它以便能看到完整页面，然后点击Open Modal按钮。

让我直接关闭DevTools，点击Open Modal按钮，然后重新打开DevTools来检查控制台。
[step 20] Action: left_click (614, 471)
[step 20] Reasoning: 现在可以清楚看到Modal页面，其中有"Open Modal"按钮。我还注意到代码示例中有：
- `<!-- Modal Content -->` 这是一个HTML注释，说明示例中Modal内容可能是空的

现在我要点击"Open Modal"按钮来测试Modal弹窗是否正常工作。

**视觉观察**：
- 页面布局正常
- "Important!"警告框显示需要将应用包裹在SvelteUIProvider中
- 代码示例中的Modal内容部分是HTML注释 `<!-- Modal Content -->`，这可能预示着Modal打开后内容区域为空

让我点击"Open Modal"按钮：
[step 21] Action: key: F12
[step 21] Reasoning: **关键发现**：我点击了"Open Modal"按钮，但**Modal弹窗没有显示**！页面看起来和之前完全一样，没有出现任何弹窗。这可能是Modal组件的一个bug。

让我等待一下看看是否有延迟，然后再尝试一次，同时打开控制台来检查错误。
[step 22] Action: left_click (303, 533)
[step 22] Reasoning: **重大发现！** 在控制台底部，我可以看到一个明显的红色错误信息：

```
Uncaught (in promise) Error: Wrap your app in the SvelteUIProvider, or provide a sufficent target throught the "target={''}" prop
    at $$self.$$.update (Modal.svelte:41:15)
```

这正是我们需要测试的！错误信息说明：
1. **Modal弹窗未显示** - 因为应用没有被SvelteUIProvider包裹
2. **控制台出现了SvelteUIProvider相关的错误** - 错误信息明确指出需要将应用包裹在SvelteUIProvider中

这表明Modal组件在没有SvelteUIProvider包裹的情况下抛出了错误，而且这个错误导致Modal无法正常显示。

现在让我截图记录这个错误，然后关闭DevTools来确认Modal是否确实没有显示。

让我先仔细查看错误信息并截图记录：
[step 23] Action: scroll up (640, 300) scroll_amount 2
[step 23] Reasoning: 我可以清楚地看到控制台中的错误信息：

```
Uncaught (in promise) Error: Wrap your app in the SvelteUIProvider, or provide a sufficent target throught the "target={''}" prop
    at $$self.$$.update (Modal.svelte:41:15)
```

这是一个非常重要的发现！控制台右上角显示"1"个错误（红色圆圈）。

**错误分析**：
- 这个演示页面本身应该已经被`SvelteUIProvider`包裹了（因为这是SvelteUI自己的文档网站）
- 然而Modal仍然报错说没有SvelteUIProvider
- 这表明Modal弹窗无法找到正确的SvelteUIProvider上下文，或者文档网站的Modal演示区域没有被正确包裹

让我再尝试点击"Open Modal"按钮确认结果（在DevTools打开状态下进行），观察Modal是否出现：
[step 24] Action: key: F12
[step 24] Reasoning: 我现在看到的是左侧导航菜单视图（因为设备视图是在移动端模式），主内容区域显示了导航链接。控制台仍然显示错误：

```
Uncaught (in promise) Error: Wrap your app in the SvelteUIProvider, or provide a sufficent target throught the "target={''}" prop
```

现在让我向下滚动主内容区域来查找"Open Modal"按钮，以便再次尝试点击：

实际上我现在看到的是在响应式模式（491x400）下，点击了左侧菜单，所以主内容区显示的是导航菜单。让我找到正确的"Open Modal"按钮位置。

让我先关闭DevTools，然后清楚地查看页面并找到按钮：
[step 25] Action: left_click (614, 471)
[step 25] Reasoning: 好的，现在DevTools已关闭，我可以看到Modal页面完整显示，有"Open Modal"按钮。我已经确认：

1. ✅ **步骤1完成**：页面正常加载（localhost:3000/core/modal）
2. ✅ **步骤2完成**：找到了"Open Modal"按钮（在Modal演示页面中）
3. ✅ **步骤3完成**：点击了"Open Modal"按钮
4. ❌ **步骤4失败**：Modal弹窗没有显示（按钮点击后页面没有变化，没有弹窗出现）
5. ❌ **步骤5发现问题**：控制台有关于SvelteUIProvider的错误信息：`Uncaught (in promise) Error: Wrap your app in the SvelteUIProvider, or provide a sufficent target throught the "target={''}" prop`
6. **步骤6无法完成**：由于Modal没有打开，无法测试关闭功能

**视觉观察**：
- 代码示例中的Modal内容是HTML注释 `<!-- Modal Content -->`，说明示例中Modal没有实际内容

**Bug发现**：
SvelteUI文档网站的Modal演示功能存在bug。当点击"Open Modal"按钮时：
- Modal弹窗没有显示
- 控制台抛出了`Uncaught (in promise) Error: Wrap your app in the SvelteUIProvider`的错误

这说明SvelteUI文档网站的Modal演示组件没有被正确的SvelteUIProvider包裹（或者SvelteUIProvider上下文无法被Modal组件访问），导致Modal无法正常工作。

让我再尝试一次点击"Open Modal"按钮，确认这个问题是可重现的：
[step 26] Action: DONE
[step 26] Reasoning: 第二次点击"Open Modal"按钮后，页面依然没有显示任何Modal弹窗。这**确认了bug是可重现的**。

**完整测试报告总结：**

## 测试结果

### ✅ 步骤1：页面加载
- 成功导航到 `http://localhost:3000/core/modal` (Modal演示页面)
- 页面正常加载，显示Modal组件文档

### ✅ 步骤2：查找Modal触发按钮
- 在Modal文档页面中找到了"Open Modal"按钮（位于USAGE部分的演示区域）

### ✅ 步骤3：点击按钮
- 点击了"Open Modal"按钮

### ❌ 步骤4：验证Modal显示
- **Modal弹窗未显示** - 点击按钮后页面无任何变化，没有出现弹窗

### ❌ 步骤5：检查控制台错误
- **发现严重的SvelteUIProvider错误**：
  ```
  Uncaught (in promise) Error: Wrap your app in the SvelteUIProvider, or provide a sufficent target throught the "target={''}" prop
      at $$self.$$.update (Modal.svelte:41:15)
  ```
- 控制台错误明确指出Modal组件找不到SvelteUIProvider包裹

### ❌ 步骤6：关闭Modal
- 无法测试关闭功能，因为Modal从未成功打开

### 视觉观察的其他问题：
- 代码示例中Modal的内容部分是HTML注释 `<!-- Modal Content -->`，这意味着即使Modal成功打开，内容也会是空的/HTML注释形式

**结论：SvelteUI文档网站的Modal演示存在bug** - 点击"Open Modal"按钮时，Modal无法正常显示，同时控制台抛出`SvelteUIProvider`相关的错误，表明文档网站的Modal演示组件没有被正确的SvelteUIProvider上下文包裹。这是一个**功能性bug**，Modal组件在SvelteUIProvider包裹下的正常工作流程测试**失败**。
Evaluating task result...

==================================================
Task: 当前Chrome浏览器已打开svelteui网站，地址是http://localhost:3000。测试 SvelteUI 的 Modal 组件在 SvelteUIProvider 包裹下的正常工作流程。步骤：1. 打开应用首页，确认页面正常加载且没有控制台错误。2. 查找页面上是否有可以触发 Modal 打开的按钮（如果首页没有 Modal 示例，尝试导航到 Modal 相关的演示页面）。3. 点击按钮打开 Modal 弹窗。4. 验证 Modal 弹窗是否成功显示内容（而非显示为空白或 HTML 注释）。5. 检查浏览器控制台是否有关于 SvelteUIProvider 的错误信息。6. 点击关闭按钮或点击 Modal 外部区域关闭弹窗，验证 Modal 能正常关闭。请始终在浏览器内操作，禁止打开 Terminal、Finder 或其他应用程序。如果在浏览器中找不到目标功能，直接标记 result 为 unclear，result_summary 写明'未在页面中找到目标功能入口'。
Status: COMPLETED
Total steps: 26
Last action: DONE
Last reasoning: 第二次点击"Open Modal"按钮后，页面依然没有显示任何Modal弹窗。这**确认了bug是可重现的**。

**完整测试报告总结：**

## 测试结果

### ✅ 步骤1：页面加载
- 成功导航到 `http://localhost:3000/core/modal` (Modal演示页面)
- 页面正常加载，显示Modal组件文档

### ✅ 步骤2：查找Modal触发按钮
- 在Modal文档页面中找到了"Open Modal"按钮（位于USAGE部分的演示区域）

### ✅ 步骤3：点击按钮
- 点击了"Open Modal"按钮

### ❌ 步骤4：验证Modal显示
- **Modal弹窗未显示** - 点击按钮后页面无任何变化，没有出现弹窗

### ❌ 步骤5：检查控制台错误
- **发现严重的SvelteUIProvider错误**：
  ```
  Uncaught (in promise) Error: Wrap your app in the SvelteUIProvider, or provide a sufficent target throught the "target={''}" prop
      at $$self.$$.update (Modal.svelte:41:15)
  ```
- 控制台错误明确指出Modal组件找不到SvelteUIProvider包裹

### ❌ 步骤6：关闭Modal
- 无法测试关闭功能，因为Modal从未成功打开

### 视觉观察的其他问题：
- 代码示例中Modal的内容部分是HTML注释 `<!-- Modal Content -->`，这意味着即使Modal成功打开，内容也会是空的/HTML注释形式

**结论：SvelteUI文档网站的Modal演示存在bug** - 点击"Open Modal"按钮时，Modal无法正常显示，同时控制台抛出`SvelteUIProvider`相关的错误，表明文档网站的Modal演示组件没有被正确的SvelteUIProvider上下文包裹。这是一个**功能性bug**，Modal组件在SvelteUIProvider包裹下的正常工作流程测试**失败**。

==================================================

UI window closed
