Session created: sess-20260416164234-cb37b8ac6e464d77af2708f64d8e3cfb
UI panel initialized successfully
UI window displayed
Expected result: 鼠标悬停在使用 Popper 组件的元素上时，弹出层应正常显示且定位正确，浏览器控制台不应出现 TypeError 错误，页面交互流畅无崩溃。
[step 0] Action: Initializing
[step 0] Reasoning: Initializing session connection
[step 0] Action: screenshot
[step 1] Action: left_click (638, 400)
[step 1] Reasoning: I can see the SvelteUI website is open. I need to navigate to find a Popper component demo. Let me first click somewhere to dismiss the tooltip, then look for a navigation to find the Popper/Tooltip component.
[step 2] Action: Open url: http://localhost:3000/docs/miscellaneous/popper
[step 2] Reasoning: I can see the SvelteUI homepage. I need to navigate to the Popper component documentation. Let me try to navigate directly to the Popper component page.
[step 3] Action: left_click (293, 33)
[step 3] Reasoning: The page not found at `/docs/miscellaneous/popper`. Let me try other URL patterns and also go back to the original tab to explore the navigation.
[step 4] Action: left_click (564, 428)
[step 4] Reasoning: Good, I'm back on the homepage. I notice there's no visible navigation sidebar. Let me look for a navigation menu or try clicking "Get Started" to see the docs structure.
[step 5] Action: scroll down (85, 400) scroll_amount 5
[step 5] Reasoning: I can now see the documentation with a left sidebar. I can see various categories including "Theming", "Changelog", etc. I need to scroll down in the sidebar to find a "Popper" component or "Overlay" section. Let me scroll down to see more options.
[step 6] Action: scroll down (85, 400) scroll_amount 5
[step 6] Reasoning: I can see "SvelteUI Core" section appearing with Layout items like AppShell, Container, Center. Let me continue scrolling down to find Popper or Tooltip components.
[step 7] Action: scroll down (85, 400) scroll_amount 5
[step 7] Reasoning: I can see more items now - "Inputs & Actions" section with ActionIcon, Button. I can also see Layout items. Let me continue scrolling to find Popper or Overlay components.
[step 8] Action: scroll down (85, 400) scroll_amount 5
[step 8] Reasoning: I can see more components now - Inputs & Actions section with Button, Checkbox, Input, InputWrapper, NativeSelect, NumberInput, Switch. Let me continue scrolling to find Popper component.
[step 9] Action: scroll down (85, 400) scroll_amount 5
[step 9] Reasoning: I can see more sections: Navigation (Anchor, Burger, Seo) and "Data Display" is appearing. Let me continue scrolling to find Popper or Overlay section.
[step 10] Action: scroll down (85, 400) scroll_amount 5
[step 10] Reasoning: I can see "Data Display" section with Badge, Card, Image, Kbd, ThemeIcon and also "Feedback" section. Let me continue scrolling to find Popper/Overlay.
[step 11] Action: scroll down (85, 400) scroll_amount 3
[step 11] Reasoning: Excellent! I can now see an "Overlay" section in the sidebar with "Affix", "Overlay", and "Tooltip" items. Let me scroll down a little more to see if there's a "Popper" item as well.
[step 12] Action: left_click (47, 524)
[step 12] Reasoning: I can see the "Overlay" section has: Affix, Overlay, and Tooltip. There's no specific "Popper" item in the sidebar. According to the task, I should look at the Tooltip component since it likely uses Popper internally. Let me click on "Tooltip" in the sidebar.
[step 13] Action: scroll down (640, 400) scroll_amount 3
[step 13] Reasoning: I found the Tooltip page at `localhost:3000/core/tooltip`. I can see there's a demo showing a "Label" button with a "tooltip" popup. The Tooltip component likely uses Popper internally. I can see there are options for Color, Radius, Position, and Placement.

Now let me scroll down on this page to see if there are more demos including one with `withArrow` settings.
[step 14] Action: mouse_move (505, 429)
[step 14] Reasoning: Excellent! I can now see the Tooltip demo with a "With arrow" toggle at the bottom. I can see:
- A Label button with a "tooltip" popup visible
- Options for Color, Radius, Position, Placement
- **"With arrow"** toggle that is currently **ON** (blue toggle)

The task is to test the Popper component **without arrow** (withArrow = false). I need to:
1. First hover over the "Label" button to see the current tooltip behavior with arrow
2. Then toggle "With arrow" to OFF
3. Hover over the button again to test without arrow

Let me first hover over the "Label" button to see the tooltip.
[step 15] Action: mouse_move (505, 429)
[step 15] Reasoning: The tooltip is already showing with the "tooltip" text visible next to the "Label" button. It seems the tooltip is always visible in the demo (possibly a persistent display for demo purposes). I can see the "With arrow" toggle is ON (blue).

Now let me hover directly over the "Label" button to trigger any hover-dependent behavior and observe what happens.
[step 16] Action: left_click (886, 573)
[step 16] Reasoning: I can see the tooltip is displayed next to the "Label" button. The demo shows the tooltip is always visible in the preview for demonstration. Now let me toggle the "With arrow" toggle to OFF to test with `withArrow = false`.

Let me click on the "With arrow" toggle to turn it off.
[step 17] Action: mouse_move (505, 429)
[step 17] Reasoning: I can see that the "With arrow" toggle is now OFF (gray/inactive). The tooltip still shows "tooltip" next to the "Label" button. The toggle has been successfully turned off (withArrow = false).

Now let me observe the tooltip more carefully. Looking at the demo, I can see:
- The "Label" button with the tooltip ("tooltip") is still visible
- The toggle "With arrow" is now OFF (gray)

Let me hover over the "Label" button to test the tooltip hover behavior with `withArrow = false`.
[step 18] Action: key: F12
[step 18] Reasoning: I can see the tooltip is still being displayed. The "Label" button shows the "tooltip" text next to it. The "With arrow" toggle is now OFF (gray). The tooltip is still visible and showing correctly. 

Let me take a closer look at the tooltip area. I need to zoom in to see whether there's actually an arrow or not in the tooltip. Let me scroll up a bit to see the demo area more clearly.

Let me look at the tooltip in the demo area. I notice the tooltip popup shows "tooltip" next to the "Label" button. The tooltip is positioned to the right of the "Label" button. With "With arrow" OFF, there should be no arrow/caret visible on the tooltip.

Now let me check the browser console for any JavaScript errors. Let me open DevTools.
[step 19] Action: left_click (640, 533)
[step 19] Reasoning: I can see important information! The DevTools Console shows:
- **28 errors** (the red "28" indicator at the top right of the console area)
- **"Uncaught (in promise) ReferenceError: process is not defined"** at `floating-ui.core.esm.js:97`

This is a JavaScript error in the `floating-ui.core.esm.js` file, which is the library used by the Popper component. The error "process is not defined" suggests that this browser-based library is trying to use Node.js's `process` global variable which doesn't exist in the browser environment.

Also I can see the tooltip ("tooltip") is still displaying next to the "Label" button even with the error.

Let me click on the console error to see more details.
[step 20] Action: left_click (1199, 533)
[step 20] Reasoning: I can see the console error is:
- **"Uncaught (in promise) ReferenceError: process is not defined"** 
- at `computePosition$1 (floating-ui.core.esm.js:97:24)`

This error is from the `floating-ui` library (which is the Popper equivalent used by SvelteUI). The error "process is not defined" means the floating-ui library is referencing `process.env.NODE_ENV` or similar Node.js-specific variable inside browser code.

There are **28 errors** in the console. Let me check if there are more specific details. Let me look at the full error by clicking on the link to the source.

Let me first close DevTools and check if the tooltip is properly displayed without an arrow in the demo area. The tooltip already seems to show without issues visually. Let me close DevTools and check more carefully.

Let me also check the console for any errors related to the Popper component specifically. Let me click on "floating-ui.core.esm.js:97" to see more details about the error.
[step 21] Action: left_click (114, 499)
[step 21] Reasoning: Now I can see the source code of the error in `floating-ui.core.esm.js`. The error is at **line 97**:

```javascript
if (process.env.NODE_ENV !== "production") {
```

This is line 97 in the floating-ui library where it checks `process.env.NODE_ENV`. The `process` variable is a Node.js global that doesn't exist in the browser by default. The error message in the console also shows:
```
console.error(['Floating UI: 'platform' property was not passed to config. If you', 'want to use Floating UI on the web, install @floating-ui/dom', 'instead of the /core package. Otherwise, you can create yo...
```

This is a **significant bug**: The Floating UI library is incorrectly importing from `@floating-ui/core` instead of `@floating-ui/dom`. The `/core` package is meant for headless environments (non-browser), while the `/dom` package is designed for browser usage. This causes:
1. `process is not defined` error (Node.js global in browser code)
2. Missing `platform` configuration for proper DOM positioning

Let me go back to the Console tab to see all the errors more clearly.
[step 22] Action: left_click (15, 533)
[step 22] Reasoning: I can see the console showing:
- **28 errors** in red
- "Uncaught (in promise) ReferenceError: process is not defined" at `floating-ui.core.esm.js:97:24`

The error occurs 28 times. Let me expand the error to see the full stack trace and understand if there's more info.

Let me click on the error to expand it and see the full stack trace.
[step 23] Action: key: F12
[step 23] Reasoning: I can see the error. The error icon on the left (▶) can expand the error. Let me click on it to expand and see the full stack trace. But the currently visible information is:
- 28 errors of type: **"Uncaught (in promise) ReferenceError: process is not defined"** at `floating-ui.core.esm.js:97:24`

Now let me hover over the "Label" button in the demo area to test the tooltip hover behavior with `withArrow = false`. Let me first close DevTools to see the full demo.

Let me close DevTools first.
[step 24] Action: mouse_move (505, 428)
[step 24] Reasoning: DevTools is closed. I can see the full page now. The Tooltip demo shows:
- The "Label" button with the tooltip ("tooltip") visible
- The "With arrow" toggle is now OFF (gray - withArrow = false)

Looking at the demo closely, I notice:
1. The tooltip "tooltip" appears right next to the "Label" button 
2. The "With arrow" toggle is clearly OFF (gray)

Now let me carefully hover over the "Label" button in the demo area to test hover behavior. The demo area shows the Label button at approximately coordinate (505, 428). Let me hover over it precisely.
[step 25] Action: Open url: http://localhost:3000
[step 25] Reasoning: The tooltip is still showing "tooltip" next to the "Label" button. Looking at the demo more carefully:
- The "Label" button is visible on the left
- The "tooltip" popup appears to the right of the "Label" button
- The "With arrow" toggle is OFF (gray)

Looking at the tooltip popup, it appears to be a small dark box with "tooltip" text. Without the arrow, there should be no triangle/arrow indicator pointing from the tooltip to the button.

Now I need to verify if the `withArrow = false` is working correctly. Looking at the tooltip popup in the demo area - it shows "tooltip" text in what appears to be a dark background. Let me zoom into the demo area to check if there's an arrow or not.

Let me use the browser's zoom capabilities to get a closer look. First, let me take a screenshot and look carefully at the tooltip.

Looking at the current screenshot, the tooltip shows "tooltip" text appearing immediately to the right of the "Label" button. The positioning seems to be quite close/overlapping with no visible arrow.

Now let me check more carefully if there's a Popper-specific page. Let me also check the AppShell with the theme switching button as mentioned in the task.

Let me navigate to the homepage to look at the theme-switching button area.
[step 26] Action: left_click (169, 32)
[step 26] Reasoning: I see the SvelteUI homepage is loaded. I can see the homepage with "Create applications in less time than ever before" headline. I notice there's no visible theme-switching button or AppShell navigation in the homepage.

Let me scroll down to see if there's an AppShell demo or any Popper-related component on the homepage.

Also, I notice a Google Translate bar appeared at the top. Let me dismiss it first.

Looking at the task description, it says to look for a Popper component in the **AppShell** area with a theme-switching button. Let me look at the AppShell section.

Let me first close the translation bar and then look at the top navigation bar for any icon buttons.
[step 27] Action: left_click (609, 33)
[step 27] Reasoning: A tooltip popped up showing "OpenClaw Control" when I hovered over the first tab! Let me click somewhere else to dismiss this and go back to the SvelteUI tab.

Let me click on the SvelteUI homepage tab.
[step 28] Action: left_click (566, 428)
[step 28] Reasoning: I'm now on the SvelteUI homepage (`localhost:3000`). I can see the homepage with the "Create applications in less time than ever before" headline. Looking at the top navigation, I can see the SvelteUI logo but no visible theme-switching button.

Let me scroll up to see if there are any icon buttons or navigation elements that might use Popper/Tooltip components.

Let me look at the top navigation bar more carefully. I can see:
- SvelteUI logo on the left
- "BETA" badge

Let me go to the "Get Started" documentation section to look at the AppShell component and any theme-switching functionality.
[step 29] Action: scroll down (85, 400) scroll_amount 10
[step 29] Reasoning: I'm now on the Introduction page. I can see the left sidebar navigation. Looking at the navigation, I can see there's no separate "Popper" page listed. 

Looking at the task requirements, I've already found the Tooltip component page (which uses Popper internally). Let me now go back to that Tooltip page and test more thoroughly with the `withArrow = false` setting.

But first, let me check if there's a separate Popper component. Let me scroll down in the sidebar to look for it, or navigate directly to the Tooltip page.

Let me scroll down in the left sidebar to find any "Popper" or "Overlay" section.
[step 30] Action: left_click (51, 407)
[step 30] Reasoning: I can see the sidebar navigation now shows:
- "Layout" section with AppShell, Container, Center, Group, SimpleGrid, Space, Stack
- "Inputs & Actions" with ActionIcon, Button

Let me click on "AppShell" to check if there's a Popper/Tooltip interaction there.
[step 31] Action: mouse_move (1006, 481)
[step 31] Reasoning: I can see the AppShell component page. The AppShell demo shows a basic layout with:
- Header "SvelteUI Core" with a gear icon (⚙) on the right
- Navbar with "Home Page" and "Test Page" links  
- Main content area showing "This is the main content"

I can see there's a **gear icon** (⚙) button in the upper right of the AppShell demo. This is likely the theme-switching button mentioned in the task! Let me hover over this gear icon to see if it has a Popper/Tooltip popup.

Let me hover over the gear icon.
[step 32] Action: key: F12
[step 32] Reasoning: Excellent! **I found a Popper/Tooltip interaction!** When I hovered over the gear icon (⚙) in the AppShell demo header, it changed to show a keyboard shortcut tooltip: **"⌘ + J"** appeared in a dark box!

This is the Popper component being used! The tooltip shows "⌘ + J" (Command + J) keyboard shortcut, which appears when hovering over what was previously the gear icon. The tooltip appears without an arrow - it's just a small dark box with the text "⌘ + J".

This confirms:
1. The Popper component is used here in the AppShell header
2. The tooltip shows "⌘ + J" (keyboard shortcut for theme toggle)
3. The tooltip appears without an arrow - this appears to be a `withArrow = false` configuration

Let me check the browser console to see if there are any errors when this tooltip shows. Let me open DevTools.
[step 33] Action: key: F12
[step 33] Reasoning: Now I can see the DevTools console with important information:

1. **15 errors** (previously it was 28, now it's 15 - possibly related to page navigation)
2. The console shows **2 instances** of the same error:
   - "Uncaught (in promise) ReferenceError: process is not defined" at `floating-ui.core.esm.js:97`
   - Another "Uncaught (in promise) ReferenceError: process is not defined" - and the second one has additional details: "Show ignore-listed frames"

These errors are from the `floating-ui.core.esm.js` library at line 97. The floating-ui library is trying to use `process.env.NODE_ENV` which is a Node.js global variable and doesn't exist in browser environments.

Now I can see that the tooltip demo in the AppShell page shows the header with the icon buttons (Discord, GitHub). The page is now showing the AppShell documentation.

Let me now hover over the gear icon in the AppShell demo to trigger the Popper tooltip and check if errors are being generated at that time. Let me scroll down to see the demo area.
[step 34] Action: mouse_move (640, 400)
[step 34] Reasoning: Now I can see the AppShell demo with the tooltip already showing "⌘ + J" on the gear/settings button in the header. The tooltip is displayed as a small dark rectangular box with "⌘ + J" text - **no arrow visible**, which confirms it's using `withArrow = false`.

The tooltip is still displayed (it seems persistent). I can see:
- Header area: "SvelteUI Core" + "⌘ + J" tooltip visible (hovering over the button)
- The tooltip shows as a dark box without any arrow

Let me also check - looking at the header area in the demo, I see:
- Left: hamburger menu icon (≡) and SvelteUI Core text
- Right: "⌘ + J" tooltip (which is currently displaying)

Wait, looking more carefully - the "⌘ + J" text appears to be the tooltip itself, which is positioned in the header area. It appears to still be showing from my previous hover. Let me move the mouse away and then back to the button to observe the hover behavior more clearly.

Let me now hover over the theme toggle button (the gear icon) in the AppShell demo to verify the Popper popup behavior.
[step 35] Action: mouse_move (1006, 481)
[step 35] Reasoning: Now I can see the AppShell demo without the tooltip showing. The gear icon (⚙) is visible in the header on the right side. Now let me hover over the gear icon to trigger the Popper tooltip.
[step 36] Action: key: F12
[step 36] Reasoning: The Popper tooltip is working! When I hover over the gear icon (⚙) in the AppShell header, the tooltip shows "⌘ + J" in a dark rectangular box. I can clearly observe:

1. **Tooltip appears**: The "⌘ + J" text appears in a dark box (showing the keyboard shortcut for theme toggle)
2. **No arrow**: The tooltip appears as a simple rectangular dark box **without any arrow/caret** - confirming `withArrow = false` behavior
3. **Positioning**: The tooltip is positioned below/adjacent to the button

Now let me check if the console was logging errors during this hover interaction. Let me open DevTools.
[step 37] Action: key: ctrl+l
[step 37] Reasoning: This is very important! The console now shows **61 errors** (up from 15 earlier!). Each hover interaction over the Popper component is generating new errors. I can see:

1. First error (already existed): "Uncaught (in promise) ReferenceError: process is not defined" - at `computePosition$1` in `floating-ui.core.esm.js:97`
2. Second occurrence (×27): Same error
3. Third occurrence (×57): Same error  
4. Fourth occurrence: Same error with "Show ignore-listed frames"

The error count is increasing every time I hover over the button because each hover triggers the Popper positioning calculation which calls `computePosition$1` from `floating-ui.core.esm.js`, and that function fails with "process is not defined".

Let me note:
- The error count went from **15 to 61** (increase of 46 errors during my hover interactions)
- Each hover event is generating multiple "process is not defined" errors
- The errors originate from `floating-ui.core.esm.js:97` - where `process.env.NODE_ENV` is being checked

This is a **critical bug**: The Popper component (via floating-ui) is generating `ReferenceError: process is not defined` every time it tries to calculate the popup position. This means the Popper component's positioning function is broken in the browser environment because it's using the Node.js-specific `process` global.

Let me clear the console and then perform a fresh hover to clearly see the errors generated.
[step 38] Action: key: F12
[step 38] Reasoning: The console is now cleared. I can see "No Issues" displayed in the top right corner of the console panel. Now let me scroll up the page within the responsive view and click on the gear icon to trigger the Popper popup.

The DevTools has resized the page to a mobile-responsive view (400px wide). The demo shows the AppShell with:
- Header with hamburger menu (≡), SvelteUI logo, Discord, and GitHub icons
- No gear icon visible in this mobile view

Let me now close DevTools and access the gear icon properly.
[step 39] Action: mouse_move (500, 400)
[step 39] Reasoning: I can see the AppShell demo is still showing "⌘ + J" tooltip because it's still in hover state. The tooltip is visible in the header section of the AppShell demo. The tooltip shows "⌘ + J" in a dark rectangular box without any arrow.

Now let me open the DevTools again with the console already cleared to see if hovering over the gear icon generates new errors. Let me move the mouse away first and then hover back.

Let me first move mouse away from the gear icon area, then open DevTools, and then hover over the gear icon.
[step 40] Action: key: F12
[step 40] Reasoning: Now the tooltip is gone and I can see the gear icon (⚙) in the AppShell demo header again. The tooltip disappeared when I moved the mouse away from the gear icon, confirming that the Popper component is **hover-triggered** (only shows on mouseover).

Now let me open DevTools with the console cleared, hover over the gear icon, and observe any new errors.
[step 41] Action: key: F12
[step 41] Reasoning: Now I can see that even though the console was cleared before, there are now **29 new errors** appearing. The console shows:

1. Error 1: "Uncaught (in promise) ReferenceError: process is not defined" at `computePosition$1 (floating-ui.core.esm.js:97:3)` - **this is from the hover I just did**
2. Error 2: "Uncaught (in promise) ReferenceError: process is not defined" at `computePosition$1 (floating-ui.core.esm.js:97:3)` - **same error**

Total: **29 errors** from just the hover interaction. These errors are being generated by the Popper component's positioning calculation function.

Now let me look at the page more carefully. The DevTools is in responsive mode showing 400px wide view. The AppShell demo in the responsive view doesn't show the gear icon (it's the mobile view with hamburger menu). The gear icon is actually in the full desktop view at `localhost:3000/core/app-shell`.

Let me also look at the Tooltip component page to test with the `withArrow` toggle. Let me navigate back to the Tooltip page.

Let me close DevTools and navigate to the Tooltip component page.
[step 42] Action: left_click (271, 33)
[step 42] Reasoning: Good. DevTools is closed. I can see the AppShell page with the gear icon (⚙) visible. Now let me navigate to the Tooltip tab that was already open. I can see there's a "Tooltip — SvelteUI" tab in the browser tabs.

Let me click on the Tooltip tab.
[step 43] Action: mouse_move (506, 429)
[step 43] Reasoning: I'm now on the Tooltip component page at `localhost:3000/core/tooltip`. I can see:

1. **The Tooltip demo** - Shows a "Label" button with a "tooltip" popup appearing on the right side
2. **Options panel** on the right:
   - Label: "Label"
   - Color: Multiple color swatches
   - Radius: "xs"
   - Position: "Bottom"
   - Placement: "Start"
   - **"With arrow"** toggle - Currently **OFF** (gray/inactive)

So the `withArrow` is currently **OFF** (false)! This is exactly what we want to test. I can see the tooltip is displaying - the "tooltip" text appears to the right side of the "Label" button.

Let me now hover over the "Label" button to trigger the tooltip hover interaction and check the behavior.

Looking at the demo area, the "Label" button is at approximately coordinate (506, 429). The "tooltip" popup appears at approximately coordinate (536, 429). Let me hover over the "Label" button.
[step 44] Action: key: F12
[step 44] Reasoning: I can see the Tooltip demo. Looking at the demo:

1. The **"Label" button** is visible on the left in the demo area
2. The **"tooltip" popup** appears to the right of the "Label" button as a dark rounded rectangle
3. **"With arrow" toggle is OFF** (gray/inactive) - confirming `withArrow = false`

Looking at the tooltip rendering:
- The tooltip shows "tooltip" text in a dark bubble
- The tooltip appears to the **right side** of the "Label" button (but wait - the Position is set to "Bottom" and Placement is "Start"...)
- There's **no arrow/caret** visible on the tooltip - consistent with `withArrow = false`

However, I notice a **visual anomaly**: The tooltip is positioned to the **right of** the "Label" button, but the settings show Position: "Bottom" and Placement: "Start". If the position were "Bottom", the tooltip should appear below the "Label" button, not to the right. This might be a positioning bug in the Popper component.

Let me check the console for errors. Let me open DevTools again to verify.
[step 45] Action: key: F12
[step 45] Reasoning: Now I have a comprehensive view of the issue. In the DevTools Console I can see:

1. **64 errors total** (increased again)
2. Three more error entries visible:
   - Error (×28): "Uncaught (in promise) ReferenceError: process is not defined" at `computePosition$1 (floating-ui.core.esm.js:97:3)`
   - Error (×12): Same error
   - Error (×24): Same error

The Tooltip demo shows in the mobile responsive view at the bottom of the frame, with "Label" button and "tooltip" popup visible.

Looking at the Tooltip demo in the responsive view, I can see the tooltip shows "tooltip" text appearing to the right of the "Label" button. The tooltip is **at the bottom of the frame**, positioned alongside the "Label" button.

**Key findings:**

1. **JavaScript Errors**: The Popper component generates `ReferenceError: process is not defined` errors every time it tries to calculate tooltip position. This error comes from `floating-ui.core.esm.js:97` where `process.env.NODE_ENV` is referenced. This is a **critical bug** - the floating-ui/core library is designed for non-browser (Node.js) environments, but the SvelteUI Popper component is using it in the browser context.

2. **Tooltip Display (Partial Functionality)**: Despite the JavaScript errors, the tooltip **does visually appear** when hovering - it shows "tooltip" text next to the "Label" button. However, the positioning may be incorrect (it appears next to instead of below the button when Position is set to "Bottom").

3. **withArrow = false**: The tooltip appears without an arrow (no caret/triangle visible), which is the expected behavior when `withArrow = false`.

4. **Positioning Bug**: The tooltip appears to be positioned incorrectly - with Position: "Bottom", the tooltip should appear below the button, but it appears to the right/side of it.

Let me close DevTools and verify the tooltip positioning more carefully.
[step 46] Action: mouse_move (640, 300)
[step 46] Reasoning: Now I can see the Tooltip demo clearly. Looking at the demo:

1. **"Label" button** - appears at the left side of the demo area
2. **"tooltip" popup** - appears to the **RIGHT** of the "Label" button as a dark rounded rectangle

**Critical Positioning Bug Identified:**
- Position setting: **"Bottom"** 
- Expected behavior: tooltip should appear **BELOW** the "Label" button
- Actual behavior: tooltip appears to the **RIGHT** of the "Label" button (inline/horizontal positioning)

This is clearly incorrect positioning. The Popper component's `computePosition` function from `floating-ui.core.esm.js` is failing because of the `process is not defined` error, which means it cannot properly calculate the tooltip's position. Instead of appearing below the button (as configured with "Bottom" position), the tooltip appears to the right of the button.

The "With arrow" toggle is **OFF** (gray) - confirming `withArrow = false`.

Let me also move the mouse AWAY from the demo area to see if the tooltip hides, confirming hover behavior.
[step 47] Action: left_click (591, 33)
[step 47] Reasoning: I notice that even when the mouse is not hovering over the "Label" button (I moved to coordinate (640, 300) which is the top part of the page), **the tooltip is still visible**. The "Label" button and "tooltip" popup are still showing. This means the **tooltip stays visible permanently** in the demo - it doesn't hide when the mouse moves away.

Wait, I remember that the Tooltip component demo in SvelteUI documentation typically shows the tooltip in a persistent "always visible" state for demonstration purposes. This is not a bug but a feature of the demo.

However, the tooltip positioning bug I identified (appearing to the right instead of below with "Bottom" position setting) remains concerning. This is likely caused by the `process is not defined` error that prevents the Popper's `computePosition` function from working correctly.

Let me now also quickly check if the tooltip behavior on the AppShell page was correct. Let me go back to the AppShell page to re-test the hover interaction there.

Let me do a final comprehensive test. Let me navigate to the AppShell page and carefully hover over the gear icon to see the Popper behavior.
[step 48] Action: mouse_move (1006, 481)
[step 48] Reasoning: I'm on the AppShell page again. I can see the AppShell demo with the header showing "SvelteUI Core" and the gear icon (⚙) at the top right of the demo. Now let me hover over the gear icon to test the Popper tooltip popup.

The gear icon is at approximately (1006, 481). Let me hover over it.
[step 49] Action: key: F12
[step 49] Reasoning: I can see the **Popper tooltip is working** in the AppShell demo! When I hover over the gear icon (⚙), a dark tooltip appears showing **"⌘ + J"** (Command + J keyboard shortcut). 

Looking at the tooltip:
- It appears in a **dark rectangular box** at position (1015, 481) - right where the gear icon is
- The tooltip shows "⌘ + J" text
- **No arrow visible** - the tooltip is just a plain dark box without any arrow/caret pointing to the button
- This confirms `withArrow = false` behavior in the AppShell's Popper component

The tooltip is **correctly positioned** here - it overlaps or is positioned adjacent to the gear icon. This is the Popper component working with `withArrow = false`.

Now let me open DevTools to check if the hover on this button is also generating errors.
[step 50] Action: key: F12
[step 50] Reasoning: The DevTools console now shows **70 errors** (increased from 64). The console shows:

1. Error (×28): "Uncaught (in promise) ReferenceError: process is not defined" at `computePosition$1 (floating-ui.core.esm.js:97:3)`
2. Error (×7): Same error
3. Error: Same error with "Show ignore-listed frames" option

The error count increased by **6** (from 64 to 70) - which represents the new errors generated from hovering over the gear icon in the AppShell demo.

**Summary of findings:**

## Test Results Summary

**Component Tested:** Popper component (via Tooltip component and AppShell theme toggle button) with `withArrow = false`

### ✅ Positive Findings:
1. **Tooltip visually appears**: The tooltip popup shows "tooltip" text or "⌘ + J" text when hovering over the respective buttons
2. **No arrow displayed**: When `withArrow = false` (toggle OFF), the tooltip appears as a plain dark rectangular box without any arrow/caret - correct behavior
3. **Page does not crash**: Despite JavaScript errors, the page continues to function without crashing

### ❌ Critical Bugs Found:

1. **JavaScript Error: `ReferenceError: process is not defined`**
   - Source: `floating-ui.core.esm.js:97:24` → `computePosition$1` function
   - **Every hover interaction** generates multiple errors (each hover generates ~6-29 errors)
   - Root cause: The SvelteUI Popper component uses `@floating-ui/core` (designed for Node.js/non-browser environments) instead of `@floating-ui/dom` (designed for browser environments). The `@floating-ui/core` package references `process.env.NODE_ENV` which doesn't exist in browsers.
   - Total errors observed: **70+ errors** across all interactions

2. **Incorrect Tooltip Positioning**
   - In the Tooltip demo, with Position set to "Bottom", the tooltip appears to the **RIGHT** of the "Label" button instead of **BELOW** it
   - This is caused by the `computePosition` function failing due to the `process is not defined` error, preventing proper position calculation

3. **Visual Anomaly: Tooltip Persistently Visible**
   - In the Tooltip demo, the tooltip appears to always be visible regardless of mouse hover state (possibly intentional for demo, but worth noting)

Let me close DevTools and provide a final summary.
[step 51] Action: DONE
[step 51] Reasoning: The testing is now complete. I can see the AppShell demo with the **"⌘ + J" tooltip** visible in the header - showing the Popper component working (the tooltip appeared when I was hovering over the gear icon earlier).

Here is the comprehensive test report:

---

## 🧪 Popper 组件测试报告（withArrow = false）

### 测试环境
- **URL**: `http://localhost:3000`
- **组件**: Popper（通过 Tooltip 和 AppShell 主题切换按钮测试）
- **测试配置**: `withArrow = false`（无箭头模式）

### 测试步骤执行情况

**步骤1**: ✅ 成功访问应用首页，并找到 AppShell 演示区域  
**步骤2**: ✅ 找到了两个使用 Popper 组件的交互元素：
- AppShell 演示中的齿轮图标按钮（主题切换，显示 "⌘ + J" 工具提示）
- Tooltip 组件页面（`localhost:3000/core/tooltip`）的 Label 按钮

**步骤3**: ⚠️ 弹出层能够视觉上显示，但存在严重 JavaScript 错误

---

### 🔴 发现的关键 Bug

#### Bug 1：严重的 JavaScript 运行时错误
- **错误类型**: `Uncaught (in promise) ReferenceError: process is not defined`
- **错误位置**: `floating-ui.core.esm.js:97:24` → `computePosition$1()` 函数
- **触发时机**: 每次悬停触发 Popper 定位计算时都会发生
- **错误频率**: 整个测试过程中累计产生 **70+ 个错误**
- **根本原因**: SvelteUI 的 Popper 组件使用了 `@floating-ui/core`（面向 Node.js/非浏览器环境的库），而该库内部使用了 `process.env.NODE_ENV`——这是 Node.js 的全局变量，在浏览器环境中不存在。应改用 `@floating-ui/dom`（面向浏览器的版本）。

#### Bug 2：Tooltip 定位错误
- **症状**: 在 Tooltip 演示页面（`localhost:3000/core/tooltip`），设置 Position 为 "Bottom" 时，工具提示应显示在按钮下方，但实际显示在按钮右侧
- **原因**: 由于 `computePosition` 函数因 `process is not defined` 错误而无法正常工作，导致位置计算失败

---

### ✅ 正常工作的功能

1. **弹出层能显示**: 工具提示在视觉上能够正确显示（显示 "tooltip" 文本或 "⌘ + J"）
2. **无箭头模式正常**: `withArrow = false` 时，工具提示以纯深色矩形框显示，无箭头/三角形指向器
3. **页面未崩溃**: 尽管存在 JavaScript 错误，页面仍可继续使用，未发生白屏或崩溃

---

### 📋 测试结论
- **result**: FAIL（功能部分可用，但存在严重 JavaScript 错误）
- **result_summary**: Popper 组件在 `withArrow = false` 时能显示弹出层，但每次触发定位计算时均抛出 `ReferenceError: process is not defined`（源自 `floating-ui.core.esm.js:97`），这是因为使用了不适合浏览器环境的 `@floating-ui/core` 包。此外，Tooltip 组件存在定位错误，Position 设为 "Bottom" 时工具提示显示在按钮右侧而非下方，判定为应用存在功能性 Bug。
Evaluating task result...

==================================================
Task: 当前Chrome浏览器已打开svelteui网站，地址是http://localhost:3000。测试 Popper 组件在不带箭头（withArrow 为 false）时的悬停弹出功能。操作步骤：1. 打开应用首页，寻找包含 Popper 或 Tooltip 功能的演示区域（例如 AppShell 中的主题切换按钮或类似的悬停触发元素）。2. 找到一个使用了 Popper 组件的交互元素（如主题切换图标按钮），将鼠标悬停在该元素上。3. 观察是否能正常显示弹出层内容，页面不应出现任何 JavaScript 错误或崩溃。4. 如果页面上有 Popper 相关的演示组件，尝试与之交互，确认弹出层能正确定位和显示。请始终在浏览器内操作，禁止打开 Terminal、Finder 或其他应用程序。如果在浏览器中找不到目标功能，直接标记 result 为 unclear，result_summary 写明'未在页面中找到目标功能入口'。
Status: COMPLETED
Total steps: 51
Last action: DONE
Last reasoning: The testing is now complete. I can see the AppShell demo with the **"⌘ + J" tooltip** visible in the header - showing the Popper component working (the tooltip appeared when I was hovering over the gear icon earlier).

Here is the comprehensive test report:

---

## 🧪 Popper 组件测试报告（withArrow = false）

### 测试环境
- **URL**: `http://localhost:3000`
- **组件**: Popper（通过 Tooltip 和 AppShell 主题切换按钮测试）
- **测试配置**: `withArrow = false`（无箭头模式）

### 测试步骤执行情况

**步骤1**: ✅ 成功访问应用首页，并找到 AppShell 演示区域  
**步骤2**: ✅ 找到了两个使用 Popper 组件的交互元素：
- AppShell 演示中的齿轮图标按钮（主题切换，显示 "⌘ + J" 工具提示）
- Tooltip 组件页面（`localhost:3000/core/tooltip`）的 Label 按钮

**步骤3**: ⚠️ 弹出层能够视觉上显示，但存在严重 JavaScript 错误

---

### 🔴 发现的关键 Bug

#### Bug 1：严重的 JavaScript 运行时错误
- **错误类型**: `Uncaught (in promise) ReferenceError: process is not defined`
- **错误位置**: `floating-ui.core.esm.js:97:24` → `computePosition$1()` 函数
- **触发时机**: 每次悬停触发 Popper 定位计算时都会发生
- **错误频率**: 整个测试过程中累计产生 **70+ 个错误**
- **根本原因**: SvelteUI 的 Popper 组件使用了 `@floating-ui/core`（面向 Node.js/非浏览器环境的库），而该库内部使用了 `process.env.NODE_ENV`——这是 Node.js 的全局变量，在浏览器环境中不存在。应改用 `@floating-ui/dom`（面向浏览器的版本）。

#### Bug 2：Tooltip 定位错误
- **症状**: 在 Tooltip 演示页面（`localhost:3000/core/tooltip`），设置 Position 为 "Bottom" 时，工具提示应显示在按钮下方，但实际显示在按钮右侧
- **原因**: 由于 `computePosition` 函数因 `process is not defined` 错误而无法正常工作，导致位置计算失败

---

### ✅ 正常工作的功能

1. **弹出层能显示**: 工具提示在视觉上能够正确显示（显示 "tooltip" 文本或 "⌘ + J"）
2. **无箭头模式正常**: `withArrow = false` 时，工具提示以纯深色矩形框显示，无箭头/三角形指向器
3. **页面未崩溃**: 尽管存在 JavaScript 错误，页面仍可继续使用，未发生白屏或崩溃

---

### 📋 测试结论
- **result**: FAIL（功能部分可用，但存在严重 JavaScript 错误）
- **result_summary**: Popper 组件在 `withArrow = false` 时能显示弹出层，但每次触发定位计算时均抛出 `ReferenceError: process is not defined`（源自 `floating-ui.core.esm.js:97`），这是因为使用了不适合浏览器环境的 `@floating-ui/core` 包。此外，Tooltip 组件存在定位错误，Position 设为 "Bottom" 时工具提示显示在按钮右侧而非下方，判定为应用存在功能性 Bug。

==================================================

UI window closed
