Session created: sess-20260419035454-60401174799e4530a66657e52d28207f
UI panel initialized successfully
UI window displayed
Expected result: 使用逗号键添加标签时，标签内容应完整保留（如 test@example.com 不应被截断为 test@example.co），且逗号不应残留在输入框中，输入框应被清空以便继续输入下一个标签。
[step 0] Action: Initializing
[step 0] Reasoning: Initializing session connection
[step 0] Action: screenshot
[step 1] Action: left_click (601, 263)
[step 1] Reasoning: I can see the test page is open and there's a dialog asking about network permissions. Let me dismiss it first by clicking "不允许" (Don't allow), then interact with the Test 2 input field.
[step 2] Action: left_click (1113, 278)
[step 2] Reasoning: The dialog has been dismissed. I can see the page with:
- Test 1: Default (Enter key) - with an input field
- Test 2: Comma as addKey (keyCode 188) - with an input field

Now let me click on the Test 2 input field and type an email address.
[step 3] Action: type: test@example.com
[step 3] Reasoning: The Test 2 input field appears to be focused (I can see it's highlighted). Now let me type the email address "test@example.com".
[step 4] Action: key: comma
[step 4] Reasoning: I can see "test@example.com" has been typed in the Test 2 input field. Now I'll press the comma key to trigger the tag addition.
[step 5] Action: type: ,
[step 5] Reasoning: Let me use the type action instead to press the comma key:
[step 6] Action: screenshot
[step 6] Reasoning: I can see the input field now shows "test@example.com," - the comma was typed but **the tag was NOT created**. The comma key press did not trigger the tag addition - instead, the comma character was simply appended to the text in the input field. This is a **bug** - the comma key should trigger tag creation, but instead it's just typing the comma character.

Let me take a closer look at the current state of the page to confirm what I see.
[step 7] Action: triple_click
[step 7] Reasoning: I can clearly confirm the bug: The Test 2 input field shows "test@example.com," - the comma key was typed as a literal character instead of triggering tag creation. No tag was created.

However, I should note that the `type` action simulates keyboard typing which may not trigger keydown/keyup events the same way a physical key press would. Let me try using a different approach - let me clear the input field and try again using a keyboard key press simulation. Let me first clear the current text, then try again.

Let me try clearing the field first and using a different method:
[step 8] Action: key: Delete
[step 8] Reasoning: The text in the input field is selected. Now let me delete it and type the email again, then use a keyboard key press (not type) for the comma. Let me use `key` action with the actual key code.
[step 9] Action: type: test@example.com
[step 9] Reasoning: The input field is now cleared. Now let me type the email address and then use the `key` action with the comma key name to simulate a proper keydown event:
[step 10] Action: key: KP_Separator
[step 10] Reasoning: "test@example.com" is now in the Test 2 input field. Now let me try using the `key` action with the xdotool key syntax for comma. The xdotool key name for comma is "comma":

Wait, the `key` action failed with "comma" earlier. Let me try with the actual comma character using a different approach. In xdotool, the comma key might be represented differently. Let me try "period" style or just use the character directly:
[step 11] Action: screenshot
[step 12] Action: key: F12
[step 12] Reasoning: The input still shows "test@example.com". Looking at this more carefully, both the `type ","` approach and the `key` approach need to be tested. The `type ","` action previously resulted in the comma being typed as text. The issue might be related to how the svelte-tags-input component handles the comma key event.

Looking at the title "Test 2: Comma as addKey (keyCode 188)" - the app expects keyCode 188, which is the comma key. The `type` action may use a different event system. Let me try using the JavaScript console to check, or let me try a different approach.

The `type` action simulates typing which should trigger keydown events. But since we already saw the comma was appended to the text (rather than creating a tag), this indicates either:
1. The application has a bug where it doesn't handle the comma keydown event properly 
2. OR the `type` action doesn't fire keydown events that the component listens to

The fact that the first test showed "test@example.com," in the input field is a potential bug. Let me check the page source or try the browser console to understand better. But since we can only operate in browser, let me try using the browser's JavaScript console via F12.

Actually, wait - let me re-examine. The `type` action in the tool documentation says it types text. This might not fire keydown events in the same way. The component likely listens to `keydown` events. Let me try using the JavaScript console to manually dispatch a keydown event with keyCode 188:
[step 13] Action: left_click (640, 483)
[step 13] Reasoning: DevTools is now open. I can see the Console tab. I can also see the Test 2 input field still has "test@example.com". I notice there's an error "Failed to load resource: the server responded with a status of 404 (Not Found)" which may be a minor issue.

Now let me look at the page more closely. I can see:
- Test 2 input field has "test@example.com" 

Now let me try clicking on the console and using JavaScript to check the source code of the component to understand how it handles keydown events. Let me click on the console input:
[step 14] Action: type: document.querySel...
[step 14] Reasoning: Good, I can see the console prompt is active. Let me first close DevTools and try a different approach - I'll use the console to dispatch a keydown event with keyCode 188 on the Test 2 input field. Let me type a JavaScript command:
[step 15] Action: key: Return
[step 15] Reasoning: I can see the JavaScript command has been typed in the console. Let me press Enter to execute it:
[step 16] Action: key: F12
[step 16] Reasoning: Interesting! The JavaScript returned `true` which means the event was dispatched, but looking at the page, the Test 2 input still shows "test@example.com" without creating a tag. But wait - looking at the input more carefully, the input seems highlighted/selected but no tag was created.

However, I notice the input text changed slightly - it looks like "test@example.cox" or similar. Let me zoom in. The event dispatched returned `true` but the tag wasn't created. Let me close DevTools and examine the page more carefully:
[step 17] Action: Minimize panel
[step 17] Reasoning: Now I can see something very interesting! Looking at the Test 2 section, I can see what appears to be:
- A tag-like element showing "test@example.cox" (possibly "test@example.com" displayed as a tag) followed by an empty input field

Wait, looking more carefully - it seems like after the JavaScript keydown event was dispatched, a TAG was created! The element "test@example.cox" seems to be a tag (shown with a dark background/outline), and there's a cursor/input field after it. But it shows "cox" at the end, which is concerning - it might be "com" truncated or the display is cutting off.

Let me zoom in on the Test 2 area to see it more clearly:
[step 18] Action: key: F5
[step 18] Reasoning: Excellent! Now I can see the full page clearly. Looking at the Test 2 section:
- A tag has been created showing "test@example.cox" (with a dark/inverted appearance indicating it's a tag element)
- There's an empty input field cursor after the tag

**This is a bug!** The tag shows "test@example.cox" instead of "test@example.com". The last character 'm' has been changed to 'x'. This is the **bug #1: the tag content is incorrect - the last character is wrong** (shows "cox" instead of "com").

Wait - let me reconsider. The JavaScript I dispatched used `key: ','` and also the event type was `keydown`. Maybe what happened is that when the keydown was dispatched from console (focus not on the input), it may have affected a different element, or the rendering is just cutting off. Let me check what the tag actually contains.

But this was dispatched programmatically. The key issue is: when we did `type ","` originally, the tag was NOT created (the comma was just typed as text). The JavaScript event dispatch DID seem to create a tag (the tag is visible now), but the content shows "test@example.cox" instead of "test@example.com".

Wait - I think what I see is the tag "test@example.com" but the rendering at this resolution is showing "cox" as an artifact. The "m" might look like "x" at small font size. Let me zoom in using browser zoom to see more clearly.

Actually, looking at the screenshot more carefully: "test@example.cox" - the last part says "cox" not "com". The font at this resolution should still distinguish "m" from "x". This is either:
1. A display bug where the last character was cut off and replaced
2. The actual content was corrupted

But wait - let me reconsider what happened with my testing. When I originally typed "test@example.com" and then typed ",", the comma was appended to the input (not creating a tag). Then I used JavaScript to dispatch a keydown event. 

However, looking at the approach - the event was dispatched on `document.querySelectorAll('input')[1]` which is the second input. This should be the Test 2 input. The event triggered tag creation.

The question is whether the tag content is correct. The display shows "test@example.cox" - this could be:
- A visual rendering issue at this zoom level
- An actual bug where "m" becomes "x"

Let me zoom in using Ctrl+= to increase the browser zoom level and see the tag content more clearly.

Actually, let me hover over the tag or inspect it. Let me use the DevTools to check the actual content of the tag element. But first, let me re-examine this with a fresh start to properly test the functionality. Let me reload the page and try again with the actual `type` interface.

But actually, I already discovered important information:
1. When typing `test@example.com` and then using `type ","`, the comma was appended as text - **no tag was created**. This indicates the `keydown` event from `type` action doesn't work the same way.
2. When using JavaScript to dispatch a `keydown` event with keyCode 188, a tag WAS created, but the content appeared to be "test@example.cox" (possible truncation issue)

The core issue I need to properly test is whether the `type ","` properly triggers the keydown event for the tag component. Since the component likely uses Svelte's event binding on keydown, let me try a different approach.

Let me reload the page and try the actual user interaction properly:

Actually, let me reconsider the test requirements. The task says to test comma key adding functionality. The `type` action DOES type characters into the field AND should trigger keydown/keyup events. The fact that the comma was just appended to the text (rather than creating a tag) suggests there's a BUG in the application.

But wait - I need to make sure I'm testing correctly. Let me reload the page and do the test fresh, carefully observing each step. Let me use `key` action with the proper xdotool syntax. For the comma, the xdotool key name is actually just the character itself or might be mapped differently. 

Actually, the `key` action says "This supports xdotool's `key` syntax." In xdotool, the comma key would be referred to as `comma`. But it failed with that. Let me check if it's just a rendering issue on my end. 

Looking back at the error: `ERROR: ValueError: comma` - this seems like the action implementation doesn't support "comma" as a key name. But the docs say it supports xdotool syntax... 

Let me try another approach - I'll use the key action with the ASCII code approach. In xdotool, you can use key names. Let me just try with the character reference:

Actually, the better approach here is to reload the page and properly test by clicking in the Test 2 input, typing the email, and then pressing the comma key using `type ","`. The first test already showed the behavior: the comma was appended to text and no tag was created.

Let me reload the page, test it cleanly, and document the bugs:
[step 19] Action: key: ctrl+shift+r
[step 19] Reasoning: Interesting! The page has been reloaded but the Test 2 area still shows "test@example.cox" as a tag! This suggests that the state was preserved (or the page reloaded with the state cached). Wait, but this is a web application - Svelte state shouldn't survive a page reload. 

Actually, this might be showing the tag from before - wait, F5 might not have fully reloaded. The tag "test@example.cox" is still visible. Let me hard reload:
[step 20] Action: key: F12
[step 20] Reasoning: The page still shows "test@example.cox" with a cursor after the tag. This is very strange - even after a hard reload, the tag is still there. This could mean:
1. The app persists state in localStorage or sessionStorage
2. The page didn't actually reload

Wait - looking at the URL bar, it shows "192.168.43.133:8080/index.html" but with the "不安全" indicator. The fact that the tag persisted after F5 and Ctrl+Shift+R suggests either the Svelte app is persisting state, OR the page didn't reload.

Let me try navigating directly to the URL to force a full reload:

Actually wait - looking at the "test@example.cox" more carefully, it shows that the tag was INDEED created when I dispatched the JavaScript event. But the content says "cox" instead of "com". 

Let me use DevTools to check the actual content of the tag element. Let me open DevTools again and inspect:
[step 21] Action: left_click (640, 483)
[step 21] Reasoning: Now I can see the DevTools is open with Console. I can see the tag "test@example.cox" in the Test 2 area. Let me check the actual DOM content of this tag using the console. Let me click on the console and query the tag content:
[step 22] Action: left_click (640, 483)
[step 23] Action: left_click (14, 483)
[step 23] Reasoning: The console prompt doesn't seem to be activating. Let me try clicking directly on the ">" prompt area:
[step 24] Action: left_click (640, 482)
[step 24] Reasoning: I can see the tag "test@example.cox" is still showing. The console prompt (>) is visible. Let me type a command to check the actual DOM content. Let me click precisely on the console input area and type:
[step 25] Action: left_click (115, 430)
[step 25] Reasoning: The console doesn't seem to be focused. Let me try clicking directly in the console area below the error message:
[step 26] Action: left_click (200, 482)
[step 26] Reasoning: I need to click on the console input (the area after the `>` symbol) to type a command. Let me try clicking more precisely:
[step 27] Action: left_click (67, 430)
[step 27] Reasoning: The console still doesn't seem to be focused. I notice the tag in Test 2 shows "test@example.cox". Let me zoom into that area to be sure. Let me look at the tag content more carefully. The key question is: does the tag show "com" (correct) or "cox" (bug)?

Let me look at the tag element using the Elements tab instead. Let me click on the Elements tab:
[step 28] Action: left_click (40, 509)
[step 28] Reasoning: Now I can see the Elements tab is showing the DOM. I can see the HTML structure. I need to navigate to find the tag element. I can see the page has:
- `<h1>Svelte Tags Input – Test Page</h1>`
- `<h2>Test 1: Default (Enter key)</h2>`
- `<div id="app1">...</div>`

Let me use the Inspect tool to click on the "test@example.cox" tag in the preview to jump to that element. Let me click on the inspect cursor icon:

Actually, let me use the console instead. Let me click on the Console tab:
[step 29] Action: left_click (400, 560)
[step 29] Reasoning: The bottom pane now shows the Console tab. I can see the `>` prompt in the console. Let me click directly on the `>` prompt line or right below it to focus the console input:
[step 30] Action: key: F12
[step 30] Reasoning: The console still shows the `>` prompt but I can't type in it. The console input might be below the visible area or the cursor isn't placed there. Let me try a different approach - let me close DevTools and navigate to the URL to properly reload the page:
[step 31] Action: scroll up (1000, 278) scroll_amount 3
[step 31] Reasoning: Excellent! Now I can see the full page clearly. The DevTools is closed and I can see:
- **Test 1: Default (Enter key)** - has an empty input field
- **Test 2: Comma as addKey (keyCode 188)** - shows a tag "test@example.cox" and what appears to be an input area after it

The tag clearly shows "test@example.cox" - this is a **BUG**! The tag content should be "test@example.com" but it shows "test@example.cox" - the last character "m" has been corrupted to "x". This is very suspicious.

Let me zoom in on the Test 2 area to confirm what I'm seeing:
[step 32] Action: Open url: http://192.168.43.133:8080/index.html
[step 32] Reasoning: Now I can see more clearly! The Test 2 section shows:
- A tag displayed as "test@example.cox" (with black background/border styling indicating it's a tag element)
- After the tag, there's an empty input field with cursor (shown by the blinking cursor `|`)

The tag clearly shows "test@example.cox" - I can now confirm that this is showing "cox" at the end, not "com". However, I need to reconsider - is this really "cox" or could it be a rendering artifact?

Looking at the font rendering, at this size, "m" and "x" are distinctly different letters, and the tag clearly shows "cox". This is a **BUG** where the last character "m" of "com" was replaced with "x".

Wait - let me re-examine my testing process. The tag was created using a JavaScript dispatch. The issue might be that:
1. The JavaScript keydown dispatch triggered the tag creation, but the content was corrupted
2. OR the JavaScript keydown event also somehow modified the last character

Actually, let me think again... When I dispatched the JavaScript event from the console, the console had focus (not the Test 2 input). But I dispatched it specifically on `document.querySelectorAll('input')[1]`. The event should have been created from the input's current value at that time.

At the time of dispatch:
- The input contained "test@example.com" (typed originally)
- But then when I triple-clicked and deleted, and retyped "test@example.com"... wait, did I type all of it correctly?

Actually, when I typed "test@example.com" the first time, then used `type ","` which appended a comma, then triple-clicked, deleted, and re-typed "test@example.com" - the second time was fine. Then I dispatched the keydown event. But the tag shows "cox" instead of "com".

One possible explanation: when I dispatched the keydown event from the console, the console itself might have captured some keystrokes that affected the result. Specifically, the `x` character in the devtools command I typed might have been somehow mixed in.

But this is speculation. The fact remains that the tag content is "test@example.cox" not "test@example.com".

Let me now do a fresh test by reloading the page completely using the address bar:
[step 33] Action: left_click (1113, 278)
[step 33] Reasoning: The page is now freshly loaded in a new tab. I can see:
- Test 1: Default (Enter key) - empty input
- Test 2: Comma as addKey (keyCode 188) - empty input

Both inputs are clean. Now let me properly test the functionality. I'll click on the Test 2 input field:
[step 34] Action: type: test@example.com
[step 34] Reasoning: The Test 2 input field is now focused (I can see it has a blue border/outline). Now let me type the email address "test@example.com":
[step 35] Action: type: ,
[step 35] Reasoning: The Test 2 input field now shows "test@example.com" correctly. The email is typed completely and correctly. Now I need to press the comma key to trigger tag creation. Let me use the `type` action with just the comma:
[step 36] Action: key: F12
[step 36] Reasoning: I can clearly see **BUG #1 Confirmed**: After pressing the comma key, the input field now shows **"test@example.com,"** - the comma was simply appended to the text as a character. **No tag was created**. The input field was NOT cleared. The comma was treated as a regular character, not as a tag-add trigger.

This is the main bug: **The comma key (keyCode 188) is NOT triggering tag creation in the Test 2 input field**. Instead, the comma character is being inserted into the text, resulting in:
- ❌ **BUG**: No tag was created from "test@example.com"  
- ❌ **BUG**: The input field was NOT cleared (still shows "test@example.com,")
- ❌ **BUG**: The comma character remained in the input (residual comma)

Now let me try a different approach. The `type` action might not trigger `keydown` events that the component is listening to. Let me try using the browser's JavaScript console to execute the actual interaction. Let me use DevTools:

Actually, wait. Let me think about what's happening here. The `type` action in this test framework simulates keyboard input via xdotool. The component uses Svelte's `on:keydown` event handler. The `type` action in xdotool DOES generate keydown events. The fact that the comma character appeared in the input field means the keydown event WAS fired (otherwise the input wouldn't be updated), but the component's handler didn't match it to keyCode 188.

This could be a bug in the component where:
1. The keydown event handler is not matching keyCode 188 correctly
2. The component uses `e.keyCode` but the event might have a different property set
3. The handler might be checking for the wrong keyCode

Wait, but when I dispatched the JavaScript keydown event manually from the console earlier with `keyCode: 188`, it DID create a tag! That means the component IS listening to `keydown` with `keyCode: 188`. 

The difference is that the `type` action might produce `keypress` events with different keyCode values, or the `keydown` event might fire with `keyCode: 188` for comma, but the `input` event fires first and the character appears in the field.

Actually, looking at this more carefully - the component might handle the key correctly but the browser's default input handling also happens. The component may need to call `event.preventDefault()` to stop the comma from being inserted. If the component doesn't call `preventDefault()` on the keydown event for the comma, the comma gets typed AND the tag creation logic runs.

But in our test, NO TAG was created - only the comma was inserted. This suggests the keydown handler is NOT matching the comma when typed via `type` action.

Let me try using DevTools console to check the actual behavior. Let me open DevTools and try typing in the console:
[step 37] Action: left_click (640, 542)
[step 37] Reasoning: Now I can see the DevTools with both Elements and Console tabs. The Test 2 input field shows "test@example.com," (the comma was appended). I can see the `>` console prompt at the bottom. 

I notice there's a small circle (●) next to the input in Test 2 - this is the cursor/caret indicator showing the input is still focused.

Now let me click on the console prompt area to focus it and type a command to check the input value. Let me click right after the `>` symbol:
[step 38] Action: left_click (40, 509)
[step 38] Reasoning: The console still shows the `>` prompt. The console input is not responding to clicks. Let me try clicking directly on the Console tab first and then on the prompt:
[step 39] Action: type: document.querySel...
[step 39] Reasoning: Now I can see the console cursor is blinking (`> |`) - the console input is now focused! I can see "test@example.com," in the Test 2 input field. Now let me type a command to check the input value and also to understand the component behavior. Let me first check what's in the input and then test the keydown behavior:
[step 40] Action: left_click (640, 570)
[step 40] Reasoning: Excellent! Now I can see the console output! The command `document.querySelectorAll('input')[1].value` returned **`'test@example.com,'`** - this confirms:

1. The Test 2 input field currently contains "test@example.com," (the comma was appended as text)
2. No tag was created from the comma press

This is a clear **BUG** - the comma key press did NOT create a tag, instead it was typed as a character into the input field.

Now let me look at the source code to understand how the component handles keydown events. Let me check the component source by looking at the JS files:

Wait, I also notice in the console output that the value is shown as `'test@example.com,'` - confirmed the comma is there as plain text.

Let me now test if the keydown event with keyCode 188 would work by dispatching it programmatically. This will help us distinguish between:
- The `type` action not firing keydown events properly
- The component itself not working with comma keys

Let me first clear the input and then use JavaScript to set the value and fire the event:
[step 41] Action: left_click (640, 580)
[step 41] Reasoning: I can see the console showing the value 'test@example.com,' (the Test 2 input field still shows the email with comma appended). The console input is now at the bottom. Let me click on the empty area at the bottom of the console (below the output) to get a new console input:
[step 42] Action: left_click (114, 430)
[step 42] Reasoning: The console area shows the previous command and result, but I need to get a new console input. The console doesn't seem to show a new `>` prompt. Let me try clicking in the Console tab to focus it:
[step 43] Action: left_click (640, 560)
[step 43] Reasoning: Now I can see the Console tab clearly. I can see the previous command and result:
- Command: `document.querySelectorAll('input')[1].value`
- Result: `'test@example.com,'` (shown in red/pink highlighting)

The console area is now large and accessible. I can see a `>` prompt at the top left. Let me click on the console area at the bottom (below the result) to get a new input:
[step 44] Action: left_click (15, 465)
[step 44] Reasoning: The console still shows the same content without a new input prompt. The console input must be at the very bottom. Let me look more carefully. I see the `>` at the top but the console cursor must have moved below. Let me use Ctrl+L to clear the console and then get a fresh prompt:
[step 45] Action: scroll down (640, 560) scroll_amount 3
[step 45] Reasoning: The console still shows only the previous result. The console cursor is likely at the very bottom below the visible area or is not accepting input. Let me try a different approach - I'll click on the `>` symbol at the top of the console to navigate to the input:

Let me try scrolling down in the console area first to see if there's an input prompt below:
[step 46] Action: key: Escape
[step 46] Reasoning: I can see the console still shows the same content. The console input is not visible as a separate element. It seems the console input is the area BELOW the last result ('test@example.com,'). Let me try clicking precisely on the `>` indicator at the top left to get the console input into focus, and then use the keyboard to navigate to the input line:

Looking at the console carefully, the layout seems to be:
- Line 1: `> document.querySelectorAll('input')[1].value` (the command, with `>` at left)
- Line 2: `< 'test@example.com,'` (the result, with `<` at left, shown in pink)

The console input must be somewhere below. Let me try pressing Escape and then clicking on the console area, or try using keyboard shortcuts to bring up the console input. Let me try pressing Escape then clicking:
[step 47] Action: left_click (158, 430)
[step 47] Reasoning: The console still shows the same output. Looking at the Test 2 input in the page preview, it clearly shows "test@example.com," with the comma appended. 

Let me take a different approach. I've already confirmed the bug through the console query that the value is "test@example.com,". Now let me check the JavaScript source code to understand why the keydown event isn't working. Let me look at the Sources tab to find the component source:

Actually, let me focus on what I know. The key finding is that when I type "test@example.com" in the Test 2 input and then press comma (via `type ","` action), the comma is appended to the text as a literal character and no tag is created. This confirms there is a bug.

Let me now look at the source files to understand the root cause. Let me click on Sources tab:
[step 48] Action: left_click (55, 497)
[step 48] Reasoning: Now I can see the Sources tab showing:
- top
  - 192.168.43.133:8080
    - dist (folder)
    - index.html

I can see there's a `dist` folder. Let me expand it to find the JavaScript files:
[step 49] Action: left_click (26, 497)
[step 49] Reasoning: I see the dist folder is not expanded. Let me click on the triangle/arrow next to "dist" to expand it:
[step 50] Action: left_click (71, 512)
[step 50] Reasoning: Now I can see the `dist` folder is expanded and contains `index.js`. Let me click on `index.js` to open the JavaScript source file and look at the keydown handler:
[step 51] Action: left_click (640, 560)
[step 51] Reasoning: Excellent! The `index.js` file is now open in the Sources panel. I can see the bundled JavaScript source code. I need to find the keydown handler. Let me use Ctrl+F to search for "keyCode" or "keydown" in the source:
[step 52] Action: key: ctrl+f
[step 52] Reasoning: Good, now I have the source code panel focused (I can see "Line 10, Column 6" in the status bar). Let me use Ctrl+F to search for keydown or keyCode:
[step 53] Action: left_click (700, 560)
[step 53] Reasoning: The Ctrl+F didn't open a search box. The focus might not be in the source code editor. The status bar shows "Line 11, Column 1" indicating the cursor is in the source code. Let me try clicking directly in the source code area:
[step 54] Action: key: ctrl+f
[step 54] Reasoning: I'm at line 10, column 6. Let me try Ctrl+F again to open the search panel in the source code editor:
[step 55] Action: left_click (114, 430)
[step 55] Reasoning: The search bar still didn't open. Looking at the source code, I need to look at this from a different angle. Instead of searching the source code, let me go back to the Console tab and try to properly test the behavior.

Let me switch back to Console tab and properly run JavaScript to:
1. Clear the Test 2 input
2. Set the value to "test@example.com"  
3. Fire a keydown event with keyCode 188

This will tell us if the component logic works correctly vs the `type` action issue:
[step 56] Action: left_click (400, 490)
[step 56] Reasoning: Good, I'm back on the Console tab. I can see the previous command and result. The console shows:
- Command: `document.querySelectorAll('input')[1].value`
- Result: `'test@example.com,'` (in pink/red)

And the Test 2 input field shows "test@example.com," (the comma was appended).

Now I need to interact with the console. The issue is that the console input is not visible. Let me try clicking precisely on the area BELOW the result line (the `< 'test@example.com,'` line) where the new input prompt should be:
[step 57] Action: key: ctrl+a
[step 57] Reasoning: I notice the cursor is now on the previous command line! The console is highlighted and I can see a cursor at the end of `document.querySelectorAll('input')[1].value`. Clicking on the `<` line showed the previous command in the input (this is the console input at the top). 

Now the console input area seems to be at the TOP (the `>` line). Let me try to type a new command. First let me select all in the console input and replace it:
[step 58] Action: key: F12
[step 58] Reasoning: I see the console has the previous command still there. The console layout in this Chrome DevTools seems to have the input at the top (line starting with `>`). The console prompt behavior here is different from standard Chrome DevTools layout - normally it's at the bottom.

Looking at the top of the console section, I can see:
- `> document.querySelectorAll('input')[1].value` - this is the PREVIOUS command at the top
- `< 'test@example.com,'` - this is the result below it

Actually, looking at this more carefully, I think this is a reversed console layout. Let me try clicking on the `>` area at the top and then typing the next command:

Wait, looking at the structure again with fresh eyes:
- The `>` at the left side of the FIRST line indicates the PROMPT for a new command
- The content `document.querySelectorAll('input')[1].value` might be what was already in the prompt when I previously focused it

OR the `>` indicates that line IS the PREVIOUS command (input direction indicator), and the `<` line is the output.

In standard Chrome DevTools, the console layout has:
- All previous commands and results above
- The input prompt at the BOTTOM

The input prompt might be BELOW the visible area but the console area is very short and the content is exactly filling the visible space. Let me try to resize the DevTools to make it taller:

Actually, let me take a totally different approach. Instead of fighting with the console, let me close DevTools and directly test the interaction properly. I know from the test:

**CONFIRMED BUGS:**
1. When typing `test@example.com` and pressing comma key via `type ","`, the comma is appended as text - **NO TAG IS CREATED**. This is a bug.
2. The input field was NOT cleared after comma press
3. The comma character remained in the input as plain text

This is sufficient to document the bug. Let me now close DevTools and try the test from the clean perspective - let me use the other opened tab (the one that wasn't affected by our testing):
[step 59] Action: left_click (283, 33)
[step 59] Reasoning: Now I can see the full page clearly without DevTools. The Test 2 input shows "test@example.com," very clearly with a cursor at the end. 

I can see:
- **Test 1: Default (Enter key)** - empty input field ✓
- **Test 2: Comma as addKey (keyCode 188)** - input shows "test@example.com," - the comma was appended as text, NO TAG was created ✗

This is very clear now. The bug is confirmed: **pressing the comma key (via `type ","`) does NOT create a tag in Test 2. The comma is simply appended as a text character to the input field.**

Now let me try the other tab (the first one) to see if it has a clean state. Let me switch to the first "Svelte Tags Input - Test" tab:
[step 60] Action: key: ctrl+equal
[step 60] Reasoning: This is the first tab - and it shows the tag "test@example.cox" in the Test 2 section! This confirms that the first tab has the tag I created earlier using JavaScript dispatch. The tag is shown with a dark/inverted styling (black background, white text) and reads "test@example.cox".

Now I can clearly see both tabs:
- **First tab**: Test 2 shows a tag "test@example.cox" (created by JavaScript dispatch - and shows wrong content "cox" instead of "com")
- **Second tab**: Test 2 shows "test@example.com," in the input (comma was appended as text, no tag created)

This confirms multiple bugs:
1. **Bug #1**: The comma key press via user typing does NOT trigger tag creation (comma is appended as text)
2. **Bug #2**: When the JavaScript keydown event IS dispatched, the tag is created but with WRONG content ("test@example.cox" instead of "test@example.com") - the last character 'm' becomes 'x' or some corruption

Wait, looking at the first tab again - the tag shows "test@example.cox". Let me zoom in to confirm this more clearly. Let me use Ctrl+= to zoom in:

Actually, I can clearly read "test@example.cox" in this screenshot. The tag content IS "cox" not "com". This is a separate bug from the comma key not working.

Actually wait - let me reconsider. When I dispatched the JavaScript keydown event from the console, the value I was triggering was `document.querySelectorAll('input')[1].value`. At the time of dispatch, the input had ALREADY been cleared and retyped. But I need to confirm what was in the input when the event fired. 

At the time of the JavaScript dispatch:
1. Initial state: Input had "test@example.com" (first typing)
2. I used `type ","` - comma appended, input became "test@example.com,"
3. I triple-clicked → selected all text
4. I pressed Delete → input cleared
5. I typed "test@example.com" again → input had "test@example.com"
6. Then I dispatched JavaScript keydown with keyCode 188

But the tag shows "test@example.cox" not "test@example.com". This is suspicious. Unless... the DevTools console was stealing key events. When I was using the console (which had focus), typing `dispatchEvent(...)`, the last character typed in the console command was `x` (from `bubbles: true`)). Could the console have also been typing into the input? No, the console had focus, not the input.

Actually wait - let me check if "cox" is a visual rendering artifact of "com" at this resolution. Let me zoom in using Ctrl+Plus:
[step 61] Action: key: ctrl+plus
[step 62] Action: left_click (1113, 278)
[step 63] Action: key: Escape
[step 63] Reasoning: A right-click context menu appeared. But more importantly, I can now see the tag content more clearly! The tag in Test 2 shows **"test@example.cox"** - it definitely says "cox" not "com". The context menu also shows some options including "检查" (Inspect) which could help me verify.

Also, I notice this is labeled as a tag element (it has the dark background/border styling typical of svelte-tags-input). The tag shows "test@example.cox" which is incorrect - it should be "test@example.com".

Let me dismiss the context menu and think about this:

Looking at what I see in both tabs:
1. First tab: Tag "test@example.cox" was created - this was done via JavaScript dispatch
2. Second tab: Input has "test@example.com," - comma was appended as text

The "cox" in the first tab was likely created when I dispatched the JavaScript event AND the console was typing "x" as part of `bubbles: true` into the input at the same time. But wait, the input should have had focus taken away when I clicked on the console...

Actually, I wonder if the input originally had "test@example.com" and when I dispatched the keydown event from the console, the component read the input value and created a tag from it. But how did "m" become "x"? Unless the component reads the value BEFORE the last character is properly committed... or there's a race condition.

But regardless, this is getting complicated. Let me close the context menu and try a completely fresh approach on a fresh tab to confirm the bugs:
[step 64] Action: key: F12
[step 64] Reasoning: Now I can CLEARLY see the first tab. The Test 2 shows:
- A dark-background element labeled **"test@example.cox"** - this is the TAG that was created
- After the tag, there's an empty input field (with cursor blinking at position after the tag)

The tag clearly says **"test@example.cox"** - the letters "c-o-x" are very clear. This is a bug where the tag content is wrong (should be "test@example.com" with 'm', but shows 'x' instead).

However, let me reconsider how this happened. This tag was created by my JavaScript console dispatch. The input had "test@example.com" at the time. Let me check if this was created correctly by inspecting the tag content with DevTools. Let me click on "检查" (inspect) to open DevTools on this element:

Actually, let me try to investigate more. The key question is: did the JavaScript dispatch create a tag correctly from "test@example.com", or was there corruption? Let me open DevTools and use the Elements panel to check the actual DOM content of the tag:
[step 65] Action: left_click (640, 482)
[step 65] Reasoning: DevTools is now open. I can see the Console tab is active. I notice:
1. The Test 2 area clearly shows a tag **"test@example.cox"** (with a small delete button 'x' after it - that's the delete/remove button for the tag)
2. The Console shows "Failed to load resource: the server responded with a status of 404 (Not Found)"
3. There's a new `>` prompt at the bottom of the console area

Wait! I need to reconsider what I see in the Test 2 area. Let me look more carefully:
- There's a tag element with **"test@example.cox"** text - this is the tag content
- After the tag, there's a small circle/dot, which might be the tag DELETE button (the 'x' close button on the tag)

Actually, looking even more carefully - the text in the tag says **"test@example.cox"** and after it there's a small circle (which is the delete button for the tag). Let me zoom in on this using the Elements inspector to see the actual HTML.

But wait - I see a `>` prompt at the bottom of the Console. This is a FRESH console prompt! Let me click on it to focus and type a command to check the tag content:
[step 66] Action: left_click (20, 483)
[step 66] Reasoning: Now I can see the console more clearly. There's:
- An error message: "Failed to load resource: the server responded with a status of 404 (Not Found)"
- A `>` prompt at the bottom left

**IMPORTANT VISUAL OBSERVATION**: Looking at the Test 2 area in the page preview, I can see the tag shows "test@example.cox" - this is still "cox" not "com".

Wait, I now notice something crucial! Looking at the tag content in the Test 2 area:
- The tag shows: **test@example.cox**

The `x` might actually be the **delete button** of the tag! The svelte-tags-input library typically shows tags with a small "×" (times/cross symbol) next to the tag content as a close/delete button. 

So the actual tag content might be "test@example.co" and the "x" at the end is the delete button! The complete display would be: `[test@example.co][x]` where `[x]` is the delete button.

**THIS IS BUG #1 (Confirmed!)**: The tag was created with "test@example.co" instead of "test@example.com" - the last character 'm' was lost! This is the "missing last character" bug described in the test requirements!

Let me verify this by clicking on the console prompt and checking the DOM:
[step 67] Action: type: document.querySel...
[step 67] Reasoning: The console shows `>` at the bottom and I can see the tag "test@example.cox" in the preview area. The cursor is now after the `>` in the console input. Let me type a query to check the actual tag content:
[step 68] Action: key: F12
[step 68] Reasoning: **EXCELLENT! This is the definitive answer!**

The console output shows:
- Command: `document.querySelector('.svelte-tags-input-tag').textContent`
- Result: **`'test@example.co ×'`** (shown in pink)

The actual tag content is **`'test@example.co ×'`** - which means:
1. The tag was created with **"test@example.co"** - the last character 'm' was **MISSING** (truncated)!
2. The **×** (close/delete button) is part of the textContent of the tag element

This is the critical **Bug #1 CONFIRMED**: When the comma key creates a tag from the input "test@example.com", the last character 'm' is dropped/truncated - the tag only contains "test@example.co" (without the final 'm').

BUT WAIT - looking at the console result more carefully: `'test@example.co ×'` - the result shows "test@example.co" followed by a space and × (times symbol). The "×" is the delete button that's rendered inside the tag element (as part of the tag UI). The ACTUAL email content is "test@example.co" - the **'m' is missing!**

This confirms the bug from the task description: "新创建的标签内容应该是完整的 test@example.com，没有丢失最后一个字符" (The new tag content should be the complete test@example.com, without losing the last character).

**BUG CONFIRMED**: The tag is created without the last character 'm'. The tag shows "test@example.co" instead of "test@example.com".

Now let me also check the second bug (comma remaining in input after tag creation) and the overall behavior from the SECOND TAB (which has the natural `type ","` behavior). But first, let me note that this first tab shows the tag was created (via JavaScript), but the content is truncated.

Let me now go to the SECOND tab and check the state there:

Actually, looking at what I know:
1. **First tab**: Tag was created via JavaScript dispatch from console. The tag content is "test@example.co×" where × is the delete button, meaning the actual email is "test@example.co" - **missing the last 'm'** character. **BUG #1 CONFIRMED.**

2. **Second tab**: Input has "test@example.com," - comma was appended as text, NO TAG was created. The comma key press via `type ","` did NOT create a tag. This could be a separate bug where the keydown event triggered by the testing tool doesn't have the right keyCode.

BUT - looking at the second tab behavior in context of what we know:
- The comma WAS written as text (which means keydown fired but keyCode might not be 188)
- The tag was NOT created (confirming the comma key trigger doesn't work)

Let me now verify what happens on a fresh page with the proper user interaction. The test in the second tab with `type ","` showed the comma being typed as text. This might be a test tool limitation OR a real bug.

Actually, based on the task description, the known bugs to verify are:
1. Tag content should be complete (not missing last char)
2. Comma should clear input after tag creation  
3. Second tag (hello@world.com) should work correctly

The second tab already showed that the comma key press (via `type ","`) doesn't create a tag at all. But the JavaScript dispatch test (first tab) shows that when the keydown event IS dispatched with keyCode 188, a tag IS created, but with truncated content (missing last 'm').

Let me now verify the comma residue issue. Looking at the second tab, the input has "test@example.com," - after pressing comma, the comma remains in the input as text. BUT if we're testing with the actual JavaScript dispatch method, after tag creation, we need to check if the input is cleared.

From the first tab, after the JavaScript dispatch created a tag, the input appeared empty (there was a cursor after the tag but no text visible). So the input WAS cleared after tag creation via JavaScript dispatch.

Let me close DevTools and switch to the second tab to do a fresh test:
[step 69] Action: left_click (453, 33)
[step 69] Reasoning: Now I can clearly see the page. The first tab (currently active) shows:
- **Test 2**: A tag "test@example.cox" is displayed - but based on my console investigation, the ACTUAL tag content is "test@example.co" with × being the delete button!

**The display is: `[test@example.co][×]`** where `×` is the close/delete button rendered after the tag text.

This is **BUG #1 CONFIRMED**: The tag content is "test@example.co" - the last character 'm' was dropped when creating the tag.

Now I need to understand the full picture:
1. The comma key (via JavaScript dispatch) DOES trigger tag creation
2. But the tag is created with the LAST CHARACTER MISSING (the 'm' from 'com' is dropped)
3. The input IS cleared after tag creation (the input area after the tag is empty)

Now let me switch to the second tab and check the behavior of the comma key via `type ","`:
[step 70] Action: key: F12
[step 70] Reasoning: The second tab clearly shows:
- **Test 2: Comma as addKey (keyCode 188)** - input shows "test@example.com," (cursor at end)
- **NO TAG was created** - the comma was simply typed as text into the input

Now I need to understand whether this second-tab behavior (comma typed as text, no tag created) is the expected application behavior or a test tool artifact.

The key insight from comparing the two tests:
1. **JavaScript keydown dispatch** (first tab): Creates a tag (but with missing last character 'm')
2. **`type ","` tool action** (second tab): Does NOT create a tag; comma is typed as plain text

The question is whether the `type` action fires proper `keydown` events. Based on the xdotool documentation, `type` does fire keydown, keypress, and keyup events for each character. So the comma should trigger the keydown event on the input.

BUT - there could be an issue with keyCode. When xdotool types a comma, the `keydown` event's `keyCode` might be 188, but in some environments, special characters might be handled differently. The component checks for `keyCode 188`, but if the actual event has a different keyCode property, the check would fail.

Actually, let me think about this differently. The component in Test 2 says "keyCode 188". If I use `type ","`, the keydown event should have keyCode 188 (since comma = keyCode 188 in traditional JavaScript). If the component checks `e.keyCode === 188`, it should match.

BUT - if the input field also receives the character (comma is typed into the field), then either:
a) The component didn't call `event.preventDefault()` → the character was typed AND the tag was supposed to be created (but wasn't)
b) The component's keydown handler didn't match → no tag creation, but the character was inserted

The fact that NO TAG was created and the comma WAS inserted strongly suggests option (b) - the keydown handler didn't match when the comma was pressed via `type` action.

This is suspicious. Let me now try to investigate by opening DevTools on the second tab and using the console to properly dispatch the keydown event with comma keyCode to see if it behaves like the first tab:

Actually, I've already gathered enough evidence. Let me now consolidate my findings and determine if the behavior in the second tab (typing via `type ","` action) reveals the actual application bug, or if it's a test tool limitation.

Given that:
1. The TASK says to "test the comma-as-addKey feature" 
2. The TASK expects the comma to create a tag
3. When I use `type ","`, the comma is inserted as text and NO tag is created
4. When JavaScript keydown with keyCode 188 is dispatched, a tag IS created (but with truncated content)

The most reasonable interpretation is:
- **BUG #1 (Primary, critical)**: When the comma key triggers tag creation, the **last character of the input is truncated**. The tag "test@example.com" is created as "test@example.co" (missing final 'm').
- **BUG #2 (Secondary)**: The comma key press via normal typing does NOT trigger tag creation in some scenarios.

Wait, actually let me reconsider again. Looking at the second tab test with `type ","`:
- Input had "test@example.com"
- After `type ","`, input shows "test@example.com,"
- **No tag was created**

This COULD mean the component uses the keydown event but the `type` action's keydown for comma doesn't have keyCode 188. Let me test this by clicking in the SECOND TAB's input field and checking if the keydown event fires with the correct keyCode.

Actually, I think the most important test I need to do now is:
1. Close DevTools
2. Clear the second tab's Test 2 input
3. Click on the Test 2 input  
4. Type "test@example.com"
5. Press the comma key
6. Check if the tag is created and if the content is complete

But I've already done this twice (both with `type ","`) and the result is always: comma appended as text, no tag created.

The difference I see is that the `type` action's comma might not generate the correct keyCode for this component. When I JavaScript-dispatched the event with explicit `keyCode: 188`, the tag WAS created (but with truncated content).

This suggests the main bug to report is **Bug #1: tag content truncation** (missing last character when creating a tag). The comma key mechanism itself works when the event has the correct keyCode (188), but the content is incomplete.

Now, for a proper test, I need to actually simulate what a REAL USER would do (not the JavaScript dispatch). The `type ","` tool action is the closest to what a real user would do (pressing the comma key), and in that scenario, NO TAG is created.

Let me do one more test to verify. Let me open a fresh page and try the comma key press using the DevTools console on the SECOND tab to confirm that when the keydown with keyCode 188 fires, a tag is created but truncated:

Actually, let me just do a clean, complete test on the second tab. The current state of the second tab is:
- Input: "test@example.com," (cursor at end)

Let me clear the input and try again, this time using the DevTools console approach on this tab to properly trigger the keydown event:
[step 71] Action: left_click (20, 465)
[step 71] Reasoning: DevTools is now open on the second tab. I can see:
- Console tab is active (currently empty - fresh console for this tab)
- Test 2 input shows "test@example.com," 
- `>` prompt is visible at the bottom of the console

The console has a fresh `>` prompt (this tab's DevTools was just opened, no previous history). Let me click on the `>` prompt to focus it and type a command to:
1. First check the current value
2. Then clear the input and set a proper value
3. Dispatch the keydown event and check the result

Let me click on the console area to focus it:
[step 72] Action: type: var inp = documen...
[step 72] Reasoning: I can see the console now has a cursor (blinking `|`) after the `>` prompt - the console is focused! Now let me type a command to first clear the input field and set the value to "test@example.com", then dispatch the keydown event and check if a tag is created:
[step 73] Action: key: Return
[step 73] Reasoning: I can see the command has been typed in the console (shown in the bottom line). The Test 2 input still shows "test@example.com," (the previous state). Now let me press Enter to execute this command:
[step 74] Action: left_click (20, 497)
[step 74] Reasoning: The command executed and returned `true`. Now I can see:
- **Test 2 input now shows "test@example.com"** (without the comma) - the input value was properly set via JavaScript!
- The input is now focused (the input field has focus from the JavaScript)

Now I need to dispatch the keydown event with keyCode 188 (comma). Let me click on the new `>` prompt at the bottom and type the next command:
[step 75] Action: left_click (640, 497)
[step 75] Reasoning: I can see a new `>` prompt at the bottom. The Test 2 input shows "test@example.com" (properly set to just the email without comma). Now let me dispatch the keydown event with keyCode 188 to simulate pressing the comma key. I'll click on the new `>` prompt area:
[step 76] Action: type: document.querySel...
[step 76] Reasoning: I can see the console cursor is now at the new `>` prompt (cursor `|` visible). The Test 2 input shows "test@example.com" (without comma). Now let me dispatch the keydown event with keyCode 188:
[step 77] Action: key: Return
[step 77] Reasoning: I can see the keydown dispatch command is typed in the console. The Test 2 input still shows "test@example.com" (waiting for the event to fire). Now let me press Enter to execute:
[step 78] Action: left_click (20, 527)
[step 78] Reasoning: **CRITICAL BUG CONFIRMED AGAIN!** 

The console shows:
- Command: `document.querySelectorAll('input')[1].dispatchEvent(new KeyboardEvent('keydown', {keyCode: 188, which: 188, key: ',', bubbles: true}))`
- Result: `true`

And looking at the Test 2 area in the page preview:
- **A tag has been created showing "test@example.cox"** (dark background/border)
- After the tag, there's an empty input area (cursor/empty input visible)

**The tag was created BUT the content is "test@example.cox" = "test@example.co" + "×" (delete button)**

This is the same bug I confirmed earlier! The tag content is **"test@example.co"** (missing the final 'm'). The last character 'm' is consistently dropped when the comma key creates a tag.

Also, I can now confirm:
- **Bug #2 Status**: After the keydown dispatch, the **input IS cleared** (the area after the tag shows as empty, not containing the original text or a comma character)
- **Bug #1 CONFIRMED**: The tag content is "test@example.co" (missing 'm') - the last character is dropped

Now let me also check with the console if the input is truly empty. Let me click on the new `>` prompt:
[step 79] Action: left_click (640, 527)
[step 79] Reasoning: The console shows the same state. Now let me check the actual input field value and the tag content. Let me click on the `>` at the bottom:
[step 80] Action: type: document.querySel...
[step 80] Reasoning: Good, the console still shows the same state. The `>` at the bottom is visible but I need to focus it. Looking at the console more carefully, I see the console currently has a cursor positioned at the `>` line at the bottom. Let me type the command to check both the tag content and input value:

==================================================
Task: 当前Chrome浏览器已打开 svelte-tags-input 测试页面，地址是 http://192.168.43.133:8080/index.html。测试标签输入组件使用逗号作为添加键的功能。页面上有两个标签输入框：Test 1（默认 Enter 键）和 Test 2（逗号作为 addKey）。在 Test 2 的输入框中输入一个完整的邮箱地址（例如 test@example.com），然后按下逗号键（,）来触发标签添加。验证以下几点：1）新创建的标签内容应该是完整的 test@example.com，没有丢失最后一个字符；2）按下逗号后输入框应该被清空，不应该残留逗号字符在输入框中；3）可以继续输入第二个标签（例如 hello@world.com）并再次用逗号确认，检查标签内容是否完整正确。始终在浏览器内操作，禁止打开 Terminal 或其他应用程序。如果在浏览器中找不到目标功能，直接报告 unclear。 请始终在浏览器内操作，禁止打开 Terminal、Finder 或其他应用程序。如果在浏览器中找不到目标功能，直接标记 result 为 unclear，result_summary 写明未在页面中找到目标功能入口。
Status: STOPPED_BY_USER
Total steps: 80
Last action: type: document.querySel...
Last reasoning: Good, the console still shows the same state. The `>` at the bottom is visible but I need to focus it. Looking at the console more carefully, I see the console currently has a cursor positioned at the `>` line at the bottom. Let me type the command to check both the tag content and input value:

==================================================

UI window closed
