Session created: sess-20260416233649-48dbeacb45114b068d3fb8cec4301250
UI panel initialized successfully
UI window displayed
Expected result: Dropdown下拉菜单点击触发按钮后正常展开，点击菜单外部区域后下拉菜单应立即收起关闭，多次操作行为一致且稳定。
[step 0] Action: Initializing
[step 0] Reasoning: Initializing session connection
[step 0] Action: screenshot
[step 1] Action: Minimize panel
[step 1] Reasoning: I can see the tabler-react application homepage. I can see there's a user avatar area in the top right corner (Jane Pearson / Administrator) which likely contains a dropdown. Let me first minimize the task panel to get a better view, then test the dropdown functionality.
[step 2] Action: left_click (1205, 88)
[step 2] Reasoning: I can see the page clearly now. There's a Google Translate popup that appeared. I can see the user avatar area (Jane Pearson / Administrator) in the top right corner. Let me close the Google Translate popup first by clicking elsewhere, then proceed to test the dropdown.

Let me navigate to the Components page to find a Dropdown component example, or I can test with the user avatar dropdown in the top right.

Let me first close the Google Translate bar by clicking the X button:
[step 3] Action: left_click (399, 139)
[step 3] Reasoning: The Google Translate bar is now closed. I can clearly see the tabler-react homepage. I can see:
1. The user avatar area (Jane Pearson / Administrator) in the top right - this should be a dropdown
2. The navigation menu has "Components" which might have dropdown examples

Let me first navigate to the Components page to find dedicated Dropdown component examples, which would be more comprehensive for testing:
[step 4] Action: left_click (640, 400)
[step 4] Reasoning: Excellent! I can see that clicking "Components" in the navigation has opened a dropdown menu with options: Maps, Icons, Store, Blog. This is actually a Dropdown component itself! I can observe that:

1. **Step 2 completed**: The "Components" dropdown successfully expanded showing Maps, Icons, Store, Blog options.

Now let me test Step 3 - clicking outside the dropdown to close it:
[step 5] Action: left_click (640, 500)
[step 5] Reasoning: **Bug detected!** I clicked on an empty area (coordinate 640, 400) which is outside the dropdown menu, but the dropdown **did NOT close**. The dropdown is still showing with Maps, Icons, Store, Blog options. This is a bug - clicking outside the dropdown should close it.

Let me try clicking in a different empty area to confirm this is actually a bug:
[step 6] Action: left_click (399, 139)
[step 6] Reasoning: **Bug confirmed!** After clicking outside the dropdown twice (on the page content area at coordinates 640,400 and 640,500), the "Components" dropdown menu is **still visible and not closing**. This is a clear bug - the dropdown does not close when clicking outside of it.

Let me try clicking the "Components" button again to see if it toggles the dropdown:
[step 7] Action: Open url: http://localhost:3000/interface/
[step 7] Reasoning: Clicking "Components" again successfully closed the dropdown. The dropdown is now closed. Now let me also test the user avatar dropdown in the top right corner. Let me also look for a dedicated Dropdown component demo page. Let me first navigate to http://localhost:3000 to look for a more specific Dropdown demo page:
[step 8] Action: Open url: http://localhost:3000
[step 8] Reasoning: That page returned a 404 error. Let me navigate back to the home page and look for a dropdown component page. Let me check what routes are available:
[step 9] Action: left_click (329, 139)
[step 9] Reasoning: Good, I'm back on the homepage. Now let me look at the "Interface" link - it might contain Dropdown component examples. Let me hover over it to see if it's a link or dropdown:
[step 10] Action: left_click (700, 400)
[step 10] Reasoning: The "Interface" dropdown opened showing: Cards Design, Charts, Pricing Cards. Now let me test clicking outside this dropdown to see if the same bug exists:
[step 11] Action: left_click (329, 139)
[step 11] Reasoning: **Bug confirmed again!** The "Interface" dropdown also does NOT close when clicking outside of it (clicked at 700, 400 which is in the main content area). The dropdown still shows Cards Design, Charts, Pricing Cards.

Now let me try clicking the "Interface" button again to toggle/close it:
[step 12] Action: left_click (985, 99)
[step 12] Reasoning: Good, clicking the "Interface" button again closed the dropdown. Now let me also test the user avatar dropdown in the top right corner (Jane Pearson / Administrator):

**Step 1 & 2**: Let me click on the user avatar area to open its dropdown:
[step 13] Action: left_click (400, 400)
[step 13] Reasoning: Excellent! The user avatar dropdown has opened successfully! It shows:
- Profile
- Settings
- Inbox (with a badge showing "6")
- Message
- Need help?
- Sign out

**Step 2 completed**: The user avatar dropdown expanded normally with all the menu items visible.

Now let me **Step 3**: Click outside the dropdown to see if it closes properly:
[step 14] Action: left_click (640, 200)
[step 14] Reasoning: **Bug confirmed again!** The user avatar dropdown (Profile, Settings, Inbox, Message, Need help?, Sign out) is **still visible** after clicking outside at coordinate (400, 400) in the main content area. I can see a tooltip "Purchases 7" appeared from hovering over the chart, but the dropdown menu remains open.

This is the same bug - clicking outside a dropdown does NOT close it. Let me try clicking in a different area to further confirm:
[step 15] Action: left_click (985, 99)
[step 15] Reasoning: **Bug confirmed a second time for the user avatar dropdown!** After clicking at (640, 200) which is in the "Dashboard" heading area, completely outside the dropdown, the user dropdown menu **still remains open**.

Now let me click the avatar button again to test toggling behavior (Step 4 - re-opening):
[step 16] Action: left_click (985, 99)
[step 16] Reasoning: Good - clicking the user avatar button again successfully closed the dropdown (toggle behavior works). Now let me **Step 4**: Click the avatar again to re-open the dropdown:
[step 17] Action: left_click (300, 500)
[step 17] Reasoning: **Step 4 completed**: The dropdown re-opened successfully after clicking the avatar button again, showing Profile, Settings, Inbox (6), Message, Need help?, Sign out.

Now let me **Step 5**: Repeat the outside click to verify consistency of the bug:
[step 18] Action: DONE
[step 18] Reasoning: **Step 5 completed - Bug consistently confirmed!** After clicking at (300, 500) which is in the content area (table rows area), the dropdown **still remains open**. The behavior is 100% consistent - clicking outside the dropdown does NOT close it.

Let me now provide a comprehensive summary of all test findings:

---

## 🧪 Dropdown组件交互测试报告

### 测试结果总结

#### ✅ 正常行为（PASS）

1. **Step 1**: 成功找到Dropdown下拉菜单
   - 导航栏中的 "Interface" 下拉菜单（包含 Cards Design, Charts, Pricing Cards）
   - 导航栏中的 "Components" 下拉菜单（包含 Maps, Icons, Store, Blog）
   - 右上角用户头像下拉菜单（包含 Profile, Settings, Inbox, Message, Need help?, Sign out）

2. **Step 2**: 点击触发按钮 → **下拉菜单正常展开** ✅
   - 用户头像下拉菜单正常展开，显示6个菜单项
   - 导航栏下拉菜单正常展开显示

3. **Step 4**: 再次点击触发按钮 → **下拉菜单可以再次正常展开** ✅
   - Toggle（切换）行为正常工作

#### ❌ 发现严重Bug（FAIL）

**🐛 Bug: 点击外部区域无法关闭下拉菜单**

- **Step 3 - 第一次验证**: 
  - 在"Interface"导航下拉菜单展开时，点击页面内容区域 (640, 400)、(640, 500) → **下拉菜单未关闭** ❌
  - 在用户头像下拉菜单展开时，点击页面内容区域 (400, 400)、(640, 200) → **下拉菜单未关闭** ❌

- **Step 5 - 第二次验证（一致性确认）**:
  - 在用户头像下拉菜单展开时，点击表格内容区域 (300, 500) → **下拉菜单仍未关闭** ❌
  - 行为完全一致，bug可100%稳定复现

**影响范围**: 所有Dropdown组件（导航栏下拉菜单、用户头像下拉菜单）均存在此问题

**预期行为**: 点击下拉菜单外部任意区域应触发菜单关闭（即 "click outside" / "blur" 关闭机制）

**实际行为**: 点击外部区域无效，菜单保持展开状态，只能通过再次点击触发按钮来关闭（toggle方式）

**严重程度**: 高 - 这是Dropdown组件的核心交互行为，影响所有使用Dropdown的用户操作流程
Evaluating task result...

==================================================
Task: 当前Chrome浏览器已打开tabler-react应用首页，地址是http://localhost:3000。测试Dropdown下拉菜单组件的交互行为。步骤：1. 在页面上找到一个Dropdown下拉菜单（页面右上角有用户头像区域可能包含dropdown，或者页面内容中有dropdown示例按钮）；2. 点击Dropdown触发按钮，确认下拉菜单能正常展开显示；3. 在下拉菜单展开状态下，点击下拉菜单外部的空白区域或其他元素，观察下拉菜单是否能正常收起关闭；4. 再次点击Dropdown触发按钮，确认菜单可以再次正常展开；5. 重复点击外部区域关闭的操作，验证关闭行为的一致性。始终在浏览器内操作，禁止打开Terminal、Finder或其他应用程序。
Status: COMPLETED
Total steps: 18
Last action: DONE
Last reasoning: **Step 5 completed - Bug consistently confirmed!** After clicking at (300, 500) which is in the content area (table rows area), the dropdown **still remains open**. The behavior is 100% consistent - clicking outside the dropdown does NOT close it.

Let me now provide a comprehensive summary of all test findings:

---

## 🧪 Dropdown组件交互测试报告

### 测试结果总结

#### ✅ 正常行为（PASS）

1. **Step 1**: 成功找到Dropdown下拉菜单
   - 导航栏中的 "Interface" 下拉菜单（包含 Cards Design, Charts, Pricing Cards）
   - 导航栏中的 "Components" 下拉菜单（包含 Maps, Icons, Store, Blog）
   - 右上角用户头像下拉菜单（包含 Profile, Settings, Inbox, Message, Need help?, Sign out）

2. **Step 2**: 点击触发按钮 → **下拉菜单正常展开** ✅
   - 用户头像下拉菜单正常展开，显示6个菜单项
   - 导航栏下拉菜单正常展开显示

3. **Step 4**: 再次点击触发按钮 → **下拉菜单可以再次正常展开** ✅
   - Toggle（切换）行为正常工作

#### ❌ 发现严重Bug（FAIL）

**🐛 Bug: 点击外部区域无法关闭下拉菜单**

- **Step 3 - 第一次验证**: 
  - 在"Interface"导航下拉菜单展开时，点击页面内容区域 (640, 400)、(640, 500) → **下拉菜单未关闭** ❌
  - 在用户头像下拉菜单展开时，点击页面内容区域 (400, 400)、(640, 200) → **下拉菜单未关闭** ❌

- **Step 5 - 第二次验证（一致性确认）**:
  - 在用户头像下拉菜单展开时，点击表格内容区域 (300, 500) → **下拉菜单仍未关闭** ❌
  - 行为完全一致，bug可100%稳定复现

**影响范围**: 所有Dropdown组件（导航栏下拉菜单、用户头像下拉菜单）均存在此问题

**预期行为**: 点击下拉菜单外部任意区域应触发菜单关闭（即 "click outside" / "blur" 关闭机制）

**实际行为**: 点击外部区域无效，菜单保持展开状态，只能通过再次点击触发按钮来关闭（toggle方式）

**严重程度**: 高 - 这是Dropdown组件的核心交互行为，影响所有使用Dropdown的用户操作流程

==================================================

UI window closed
