Session created: sess-20260417120013-8bbc68da61a74756b9f3bfc8828796e4
UI panel initialized successfully
UI window displayed
Expected result: 宏调用中未加引号但包含冒号(:)字符的参数应能被正确解析，宏应正常渲染输出结果，而不是出现解析错误或参数丢失的情况。
[step 0] Action: Initializing
[step 0] Reasoning: Initializing session connection
[step 0] Action: screenshot
[step 1] Action: left_click (1081, 306)
[step 1] Reasoning: I can see TiddlyWiki is open. I need to create a new tiddler with a macro call that has an unquoted parameter containing a colon (:). Let me click the "+" button to create a new tiddler.
[step 2] Action: triple_click
[step 2] Reasoning: A new tiddler editor is open. I need to:
1. First, give the tiddler a name
2. Then add macro content with an unquoted parameter containing a colon

Let me first set a title for this tiddler, then add the content. I'll first create a simple macro definition tiddler and then test it. But actually, let me first use an existing macro to test. TiddlyWiki has built-in macros. Let me use a simple approach - I'll create a tiddler that uses a macro call with an unquoted parameter containing a colon.

First, let me give the tiddler a title:
[step 3] Action: type: MacroColonTest
[step 3] Reasoning: The title field is selected. Let me type a new title:
[step 4] Action: left_click (537, 280)
[step 4] Reasoning: The tiddler is now named "MacroColonTest". Now I need to click on the text area and add macro content. I'll need to define a macro and then call it with an unquoted parameter containing a colon. 

Let me click on the text area to start typing the content:
[step 5] Action: type: \define testmacro...
[step 5] Reasoning: The text area is ready for input. Now I'll type the macro definition and then the macro call. I'll create a simple macro that echoes its parameter, and then call it with an unquoted parameter containing a colon (like `$:/some/path`):
[step 6] Action: left_click (1004, 143)
[step 6] Reasoning: I can see the tiddler content has been entered:
- Line 1: `\define testmacro(param) param value is: $param$`
- Line 3: `<<testmacro $:/some/path>>`

This defines a macro `testmacro` with a parameter called `param`, and then calls it with an unquoted value `$:/some/path` (which contains a colon). Now let me save this tiddler by clicking the checkmark button:
[step 7] Action: left_click (980, 143)
[step 7] Reasoning: The tiddler has been saved and is now displayed. I can see the "MacroColonTest" tiddler, and the content shows:

**"param value is:"**

This is a critical finding! The macro was called with `<<testmacro $:/some/path>>`, and the rendered output shows only "param value is:" - the parameter value `$:/some/path` (which contains a colon) is **NOT being rendered**. The `$param$` variable is empty or not being passed correctly.

This indicates that the unquoted parameter containing a colon character (`:`) in the macro call is NOT working correctly - the value `$:/some/path` was not properly parsed as the parameter value.

Let me zoom in to get a better look at the rendered content:
[step 8] Action: left_click (979, 143)
[step 8] Reasoning: I can see the editor is open again showing the content. The editor shows:
- `\define testmacro(param) param value is: $param$`
- `<<testmacro $:/some/path>>`

I can see the task panel confirms "param value is:" was shown without the actual parameter value. Let me click the discard button to go back to the rendered view to examine the output more carefully:
[step 9] Action: left_click (980, 143)
[step 9] Reasoning: Now I can clearly see the rendered result of the "MacroColonTest" tiddler. The content shows:

**"param value is:"**

This is the rendered output. The macro `testmacro` was called with `$:/some/path` as an unquoted parameter, but the rendered text shows that `$param$` was empty - the value `$:/some/path` was NOT passed correctly to the macro.

This confirms a **bug**: when a macro is called with an unquoted parameter containing a colon (`:`) character (like `$:/some/path`), the parameter value is not being correctly parsed and passed to the macro. The expected output should have been "param value is: $:/some/path" but instead it shows "param value is:" with no value.

Let me also verify by checking if there's any difference if I compare with a quoted version. Let me edit the tiddler to add a comparison with a quoted parameter:
[step 10] Action: left_click (183, 285)
[step 10] Reasoning: The editor is open again. I can see the current content. Let me update it to also include a quoted version for comparison. I'll click at the end of line 3 and add a new line with a quoted parameter call:
[step 11] Action: key: End
[step 11] Reasoning: I can see the cursor is now at the end of line 3 (`<<testmacro $:/some/path>>`). Let me add a new line with a quoted parameter for comparison:
[step 12] Action: scroll up (537, 400) scroll_amount 10
[step 12] Reasoning: It seems pressing the "End" key navigated to a different part of the page. The view has changed. Let me scroll up to find the MacroColonTest tiddler and its editor:
[step 13] Action: scroll up (537, 400) scroll_amount 20
[step 13] Reasoning: This page seems to be showing different tiddlers. The URL in the address bar shows Draft of MacroColonTest still. Let me scroll to the top to find the draft editor:
[step 14] Action: scroll up (537, 400) scroll_amount 20
[step 14] Reasoning: I need to continue scrolling up to find the draft editor for MacroColonTest:
[step 15] Action: Open url: http://localhost:8080/#MacroColonTest
[step 15] Reasoning: The page has a lot of content and I need to navigate back to the MacroColonTest tiddler. Rather than scrolling infinitely, let me directly navigate to the MacroColonTest tiddler by clicking on it in the URL or searching for it. The URL still shows the Draft of MacroColonTest. Let me click the address bar and navigate directly:
[step 16] Action: left_click (980, 143)
[step 16] Reasoning: Now I can clearly see the "MacroColonTest" tiddler in its rendered view. The content shows:

**"param value is:"**

This is the key finding! The macro was defined as:
- `\define testmacro(param) param value is: $param$`

And called with an unquoted parameter containing a colon:
- `<<testmacro $:/some/path>>`

The expected output should be: **"param value is: $:/some/path"**

But the actual output is: **"param value is:"** (the parameter value is empty/missing)

This confirms that in TiddlyWiki, when a macro is called with an unquoted parameter that contains a colon (`:`) character (like `$:/some/path`), the parameter value is **NOT correctly parsed**. The colon character appears to break the unquoted parameter parsing.

I also notice at the bottom of the screen there's a "Draft of 'MacroColonTest'" indicator, suggesting there's still a draft version of the tiddler.

Let me also verify this further by editing the tiddler to add a comparison with a quoted version to confirm that quoted parameters with colons work correctly:
[step 17] Action: left_click (537, 285)
[step 17] Reasoning: The editor is open. I can see the content:
- `\define testmacro(param) param value is: $param$`
- `<<testmacro $:/some/path>>`

Now let me add a new line with a quoted version for comparison. I'll click at the end of line 3 and add a new line:
[step 18] Action: key: ctrl+End
[step 18] Reasoning: Now I'm in the editor, with the cursor in line 3 (`<<testmacro $:/some/path>>`). Let me press End to go to the end of the line, then add a new line with a quoted version:
[step 19] Action: left_click (537, 285)
[step 19] Reasoning: Good, I can see the cursor is now at the end of line 3. Now let me add a new line with a quoted version for comparison:
[step 20] Action: left_click (185, 285)
[step 20] Reasoning: Now I can see the text area is active with cursor in it. Let me click at the end of `<<testmacro $:/some/path>>` line and then add new content. First, let me click right after the `>>` at the end of line 3:
[step 21] Action: key: cmd+End
[step 21] Reasoning: Now I'm in the editor with the cursor positioned in the text. Let me use keyboard shortcuts to navigate to the end of the content and add the quoted version comparison. I'll press Cmd+End (Mac equivalent) to go to end of textarea:
[step 22] Action: type: 
<<testmacro "$:/...
[step 22] Reasoning: Good, the cursor appears to be at the end of the text. Now let me add a new line with a quoted version for comparison:
[step 23] Action: left_click (1004, 143)
[step 23] Reasoning: I can see the editor now has three lines:
1. `\define testmacro(param) param value is: $param$`
2. `<<testmacro $:/some/path>>`
3. `<<testmacro "$:/some/path">>`

Line 2 is the unquoted version (with colon in unquoted parameter), and line 3 is the quoted version (with the same path in quoted parameter). Now let me save this tiddler:
[step 24] Action: DONE
[step 24] Reasoning: Now I can clearly see the rendered output of the "MacroColonTest" tiddler:

**Line 1:** `param value is:` ← (unquoted parameter: `<<testmacro $:/some/path>>`)
**Line 2:** `param value is: $:/some/path` ← (quoted parameter: `<<testmacro "$:/some/path">>`)

This confirms the bug! The comparison clearly shows:

1. **Unquoted parameter with colon** (`<<testmacro $:/some/path>>`): The parameter value `$:/some/path` is **NOT rendered**. The output is just "param value is:" with nothing after the colon.

2. **Quoted parameter with colon** (`<<testmacro "$:/some/path">>`): The parameter value `$:/some/path` **IS rendered correctly**. The output is "param value is: $:/some/path" (shown as a link in blue).

Note: I can also see the `$:/some/path` text is rendered as a tiddler link (shown in blue/orange color), which means TiddlyWiki correctly identified it as a tiddler path, but the issue is that when unquoted, the parameter was not passed to the macro at all.

**Summary of Test Results:**

The test confirms a **bug in TiddlyWiki's macro parameter parsing**: when a macro is called with an **unquoted parameter value that contains a colon (`:`) character** (e.g., `$:/some/path`), the parameter value is **NOT correctly parsed** and is **not passed to the macro**. The macro receives an empty string for that parameter.

However, when the same parameter value is **quoted** (e.g., `"$:/some/path"`), it is correctly parsed and passed to the macro.

This means:
- ✅ Quoted parameters with colons: Work correctly
- ❌ Unquoted parameters with colons: Do NOT work correctly (parameter is empty/missing)
Evaluating task result...

==================================================
Task: 当前Chrome浏览器已打开tiddlywiki网站，地址是http://localhost:8080。测试TiddlyWiki中宏(macro)调用时，未加引号的参数中包含冒号(:)字符是否能正常工作。具体步骤：1. 打开TiddlyWiki页面；2. 创建一个新的tiddler，在内容中输入一个宏调用，其中某个参数值包含冒号字符且不加引号，例如类似 <<macroname paramvalue $:/some/path/>> 的格式；3. 验证宏调用是否能正确解析并渲染参数中包含冒号的未加引号值。可以通过创建tiddler并在wikitext中使用包含冒号路径作为未加引号参数的宏调用来验证。请始终在浏览器内操作，禁止打开 Terminal、Finder 或其他应用程序。如果在浏览器中找不到目标功能，直接标记 result 为 unclear，result_summary 写明'未在页面中找到目标功能入口'。
Status: COMPLETED
Total steps: 24
Last action: DONE
Last reasoning: Now I can clearly see the rendered output of the "MacroColonTest" tiddler:

**Line 1:** `param value is:` ← (unquoted parameter: `<<testmacro $:/some/path>>`)
**Line 2:** `param value is: $:/some/path` ← (quoted parameter: `<<testmacro "$:/some/path">>`)

This confirms the bug! The comparison clearly shows:

1. **Unquoted parameter with colon** (`<<testmacro $:/some/path>>`): The parameter value `$:/some/path` is **NOT rendered**. The output is just "param value is:" with nothing after the colon.

2. **Quoted parameter with colon** (`<<testmacro "$:/some/path">>`): The parameter value `$:/some/path` **IS rendered correctly**. The output is "param value is: $:/some/path" (shown as a link in blue).

Note: I can also see the `$:/some/path` text is rendered as a tiddler link (shown in blue/orange color), which means TiddlyWiki correctly identified it as a tiddler path, but the issue is that when unquoted, the parameter was not passed to the macro at all.

**Summary of Test Results:**

The test confirms a **bug in TiddlyWiki's macro parameter parsing**: when a macro is called with an **unquoted parameter value that contains a colon (`:`) character** (e.g., `$:/some/path`), the parameter value is **NOT correctly parsed** and is **not passed to the macro**. The macro receives an empty string for that parameter.

However, when the same parameter value is **quoted** (e.g., `"$:/some/path"`), it is correctly parsed and passed to the macro.

This means:
- ✅ Quoted parameters with colons: Work correctly
- ❌ Unquoted parameters with colons: Do NOT work correctly (parameter is empty/missing)

==================================================

UI window closed
