Session created: sess-20260417192515-e1c8a020fa8d48fba9b0ab0f5ae7fe7e
UI panel initialized successfully
UI window displayed
Expected result: 使用 Alt+Backspace 删除一个单词后，继续输入新字符时，新字符应正确追加在已有空格之后，空格不会被新输入的字符替换掉，单词之间保持正常的空格间隔。
[step 0] Action: Initializing
[step 0] Reasoning: Initializing session connection
[step 0] Action: screenshot
[step 1] Action: left_click (828, 200)
[step 1] Reasoning: I can see the Trix Editor Test page with a rich text editor. Let me click on the editor to focus it, then type the test text.
[step 2] Action: type: hello world test
[step 2] Reasoning: The editor is focused (I can see the cursor in the editor). Now let me type "hello world test":
[step 3] Action: key: alt+BackSpace
[step 3] Reasoning: The text "hello world test" has been successfully typed in the editor. Now I need to use Alt+Backspace to delete the last word "test". On macOS, Option+Backspace deletes the word before the cursor.
[step 4] Action: type: new
[step 4] Reasoning: After pressing Alt+Backspace, the word "test" has been deleted. I can see the editor now shows "hello world " with a trailing space after "world". The cursor appears to be after the space (I can see "hello world |" with the cursor). 

Now let me observe carefully - the text shows "hello world " with what appears to be a space remaining after "world". Let me zoom in to verify the exact state, then type "new" to see how it inserts.
[step 5] Action: DONE
[step 5] Reasoning: The test has been completed successfully. Here's my analysis of the results:

## 测试结果分析

### 操作步骤回顾：

1. **✅ 找到并聚焦 Trix 编辑器** - 成功点击编辑器区域，光标出现在编辑器中。

2. **✅ 输入文本 "hello world test"** - 文本成功输入到编辑器中，显示 "hello world test"。

3. **✅ 使用 Alt+Backspace 删除最后一个单词** - 按下 Alt+Backspace 后，"test" 被删除，编辑器显示 "hello world "（world 后面保留了一个空格）。

4. **✅ 观察空格保留情况** - 删除 "test" 后，光标前面的空格被保留了（光标位置在 "hello world " 的末尾，空格保留正常）。

5. **✅ 继续输入 "new"** - 输入 "new" 后，最终文本显示为 **"hello world new"**。

6. **✅ 检查最终文本** - 最终结果为 "hello world new"，单词之间的空格正常，"new" 正确地插入在了空格之后，而不是替换掉前一个单词后的空格。

### 最终结论：

**功能正常！** Trix 编辑器中：
- Alt+Backspace（Option+Backspace）能正确删除光标前的最后一个单词 "test"
- 删除后，光标前面的空格被正确保留（"hello world " 保留了空格）
- 继续输入 "new" 后，文本正确拼接为 "hello world new"
- 单词之间的空格保持正常，没有出现空格缺失或多余空格的问题

该功能**工作正常**，键盘快捷键删除单词后继续输入的功能表现符合预期。
Evaluating task result...

==================================================
Task: 当前Chrome浏览器已打开trix网站，地址是http://localhost:3000。测试 Trix 编辑器中使用键盘快捷键删除单词后继续输入的功能。具体步骤：1. 打开页面，找到 Trix 富文本编辑器区域并点击聚焦。2. 在编辑器中输入多个单词，例如输入 hello world test。3. 使用 Alt+Backspace 键（模拟 option+backspace）删除最后一个单词。4. 观察删除后光标前面是否保留了空格。5. 继续输入新的字符，例如输入 new。6. 检查新输入的字符是否正确插入在空格之后，而不是替换掉前一个单词后面的空格。确认最终文本中单词之间的空格保持正常，输入内容正确拼接。始终在浏览器内操作，禁止打开 Terminal 或其他应用程序。如果在浏览器中找不到目标功能，直接报告 unclear。 请始终在浏览器内操作，禁止打开 Terminal、Finder 或其他应用程序。如果在浏览器中找不到目标功能，直接标记 result 为 unclear，result_summary 写明未在页面中找到目标功能入口。
Status: COMPLETED
Total steps: 5
Last action: DONE
Last reasoning: The test has been completed successfully. Here's my analysis of the results:

## 测试结果分析

### 操作步骤回顾：

1. **✅ 找到并聚焦 Trix 编辑器** - 成功点击编辑器区域，光标出现在编辑器中。

2. **✅ 输入文本 "hello world test"** - 文本成功输入到编辑器中，显示 "hello world test"。

3. **✅ 使用 Alt+Backspace 删除最后一个单词** - 按下 Alt+Backspace 后，"test" 被删除，编辑器显示 "hello world "（world 后面保留了一个空格）。

4. **✅ 观察空格保留情况** - 删除 "test" 后，光标前面的空格被保留了（光标位置在 "hello world " 的末尾，空格保留正常）。

5. **✅ 继续输入 "new"** - 输入 "new" 后，最终文本显示为 **"hello world new"**。

6. **✅ 检查最终文本** - 最终结果为 "hello world new"，单词之间的空格正常，"new" 正确地插入在了空格之后，而不是替换掉前一个单词后的空格。

### 最终结论：

**功能正常！** Trix 编辑器中：
- Alt+Backspace（Option+Backspace）能正确删除光标前的最后一个单词 "test"
- 删除后，光标前面的空格被正确保留（"hello world " 保留了空格）
- 继续输入 "new" 后，文本正确拼接为 "hello world new"
- 单词之间的空格保持正常，没有出现空格缺失或多余空格的问题

该功能**工作正常**，键盘快捷键删除单词后继续输入的功能表现符合预期。

==================================================

UI window closed
