Session created: sess-20260417193118-e877fa16317f4d06af4a206c220f595a
UI panel initialized successfully
UI window displayed
Expected result: 当在链接编辑弹出框打开状态下点击图片附件时，链接编辑弹出框应自动关闭，工具栏应正确更新为反映当前图片附件选中状态的按钮，而非继续显示链接的格式按钮。
[step 0] Action: Initializing
[step 0] Reasoning: Initializing session connection
[step 0] Action: screenshot
[step 1] Action: left_click (764, 183)
[step 1] Reasoning: I can see the Trix editor with:
1. A "Basecamp" link in the text
2. An image below the text
3. The toolbar with various formatting buttons including a link button (chain icon)

Let me start by clicking on the "Basecamp" link to select it.
[step 2] Action: double_click (764, 183)
[step 2] Reasoning: I can see the link button in the toolbar appears to be highlighted/active (it looks darker/selected), suggesting the cursor is now positioned in or near the "Basecamp" link. I need to select the link text first. Let me double-click on the "Basecamp" text to select it, or I can try to select all the link text by clicking and dragging.

Let me double-click on "Basecamp" to select the word:
[step 3] Action: left_click (703, 151)
[step 3] Reasoning: I can see "Basecamp" is now selected (highlighted in blue). The link button in the toolbar also appears to be active/highlighted. Now I need to click the link edit button (chain icon) in the toolbar to open the link editing popup. The link button appears to be the chain icon at position approximately (703, 151).
[step 4] Action: left_click (852, 337)
[step 4] Reasoning: The link editing popup has opened, showing:
- An input field with "https://basecamp.com"
- "Link" and "Unlink" buttons

Now I need to click on the image in the editor while keeping this popup open. The image is at approximately (852, 337). Let me click on it now.
[step 5] Action: screenshot
[step 5] Reasoning: Excellent! After clicking on the image, I can observe the following:

1. **The link editing popup has closed** - the popup with the "https://basecamp.com" input field and "Link/Unlink" buttons is no longer visible.

2. **The image is now selected** - I can see a selection indicator (the "×" button) at the top of the image, and the image appears to have a blue/highlighted border, indicating it's been selected as an attachment.

3. **The toolbar state** - Let me examine the toolbar more closely. The toolbar still shows the same buttons, and I need to check if the link button (chain icon at position ~703, 151) is still highlighted/active or not, and if there are attachment-specific controls visible.

Looking at the toolbar, I can see the link button (chain icon) still appears to be highlighted in blue/active. This needs further examination. Let me take a closer screenshot to see the toolbar state more clearly.
[step 6] Action: Minimize panel
[step 6] Reasoning: Now I can see the current state clearly. Let me analyze the toolbar and what's happening:

**Current State After Clicking the Image:**

1. **Link editing popup**: ✅ The popup has closed (the input field with "https://basecamp.com" and Link/Unlink buttons is gone)

2. **Image selected**: ✅ The image appears selected (blue border visible, and there's an "×" button at the top of the image)

3. **Toolbar state**: The toolbar shows the standard formatting buttons (B, I, S, chain link, text alignment buttons, etc.). The **link button (chain icon) appears to still be highlighted/active in blue**, which may indicate an issue.

Let me zoom in on the toolbar to get a better view of the button states.
[step 7] Action: left_click (640, 183)
[step 7] Reasoning: Now I can see the full toolbar clearly. Let me analyze the toolbar state after clicking the image:

**Toolbar Analysis:**
- **B** (Bold) - appears normal/inactive
- **I** (Italic) - appears normal/inactive  
- **S** (Strikethrough) - appears normal/inactive
- **🔗 (Link button)** - appears to be **highlighted/active in blue** (the chain link icon has a blue/teal background)
- The text alignment and list buttons appear normal/inactive
- Undo/Redo buttons are visible at the right

**Issue Observed**: The link button (chain icon) in the toolbar still appears to be highlighted/active (blue state) even though the image is selected. When an image attachment is selected, the toolbar should ideally reflect the attachment state, not the link state. The link button should be de-activated/non-highlighted when an image attachment is selected.

Let me compare this with the initial state (before any interaction) to confirm this is a bug. Let me also check if maybe the link button just always looks that way. Let me click somewhere else to deselect everything and observe the baseline toolbar state.

**Wait** - Actually, looking more carefully at the screenshots:
- In the initial screenshot, the link button was in its normal (inactive) state
- After clicking the Basecamp link and then clicking the link edit button, the link button became highlighted
- Now after clicking the image, the link button STILL appears highlighted

This suggests the toolbar is **not correctly updating** when switching from a link selection context to an image attachment context.

The expected behavior when an image attachment is selected:
1. The link editing popup should close ✅ (it did close)
2. The link button should become inactive/de-highlighted ❌ (it appears to still be active)
3. The toolbar should show attachment-appropriate controls (like the attachment button should be active, or attachment-specific controls should appear)

Let me click elsewhere to reset and compare the toolbar states more carefully.
[step 8] Action: left_click (852, 337)
[step 8] Reasoning: Now I can see the baseline state when cursor is placed in normal text (before the "Basecamp" link). The toolbar shows all buttons in their normal/inactive state:
- B, I, S - all inactive (no highlight)
- **Link button (chain icon) - inactive (no blue highlight)**
- All other buttons appear normal

Now let me repeat the test steps to confirm what I saw earlier. Let me click on the Basecamp link, then the link edit button, and then the image, and observe carefully.

Let me now click the image to see how the toolbar looks when the image is selected from this clean state (without going through the link dialog first):
[step 9] Action: left_click (640, 183)
[step 9] Reasoning: This is very informative. When I click the image directly (without going through the link dialog flow), the toolbar shows:
- **B, I, S, and the link button are all grayed out/disabled** - this is the expected behavior for an image attachment selected state
- The text formatting buttons are disabled because you can't apply text formatting to an image attachment
- The image has a blue selection border and an "×" deletion button

This is the **correct/expected toolbar state** when an image is selected.

Now let me go back and redo the test with the link dialog flow. Let me click away first, then redo the sequence:
1. Select "Basecamp" link
2. Click link edit button → popup opens
3. Click the image → observe toolbar

Let me click away from the image first:
[step 10] Action: double_click (764, 183)
[step 10] Reasoning: Good, now I'm back to the baseline state. Now let me carefully redo the test sequence - first double-click the Basecamp link to select it:
[step 11] Action: left_click (703, 151)
[step 11] Reasoning: Good - "Basecamp" is selected (highlighted) and the link button in the toolbar is now highlighted/active. Now let me click the link edit button to open the popup:
[step 12] Action: left_click (852, 337)
[step 12] Reasoning: The link editing popup is open again showing "https://basecamp.com" with "Link" and "Unlink" buttons. The link button in the toolbar is highlighted/active (blue background).

Now, with the popup open, I'll click on the image:
[step 13] Action: DONE
[step 13] Reasoning: This confirms the bug. Let me now compare the two states carefully:

**Comparison of toolbar states:**

1. **Expected state when image is selected** (directly clicked without going through link dialog):
   - B, I, S, Link button all **grayed out/disabled** (as seen in the previous clean-state test)

2. **Actual state when image is selected after going through link dialog**:
   - The **link button remains highlighted/active (blue)** - it is NOT grayed out
   - The B, I, S buttons appear to be in a normal (not disabled, but also not highlighted) state
   - The image IS selected (blue border + "×" button visible)

**Bug Confirmed**: After clicking the image while the link editing popup was open, the toolbar does NOT correctly update. Specifically:
- ✅ The link editing popup did close
- ✅ The image was selected (blue border and "×" visible)
- ❌ The **link button remained highlighted/active** instead of being grayed out like it should be when an image attachment is selected
- ❌ The B, I, S, Link buttons are NOT all grayed out as they should be for an attachment selection state

The toolbar is not properly reflecting the current selection state (image attachment), and instead appears to be showing leftover link-active state from the previous link interaction.

Here is my comprehensive test report:

---

## 测试结果报告

### 测试步骤执行情况

**步骤1** ✅ 找到了 Trix 编辑器区域，内容包含：
- 文本 "Hello this is a test. Visit Basecamp for more info."
- 一张图片附件（下方）

**步骤2** ✅ 双击 "Basecamp" 链接成功选中了该文本（文字高亮显示），工具栏链接按钮变为激活/高亮状态

**步骤3** ✅ 点击工具栏中的链接编辑按钮，成功打开了链接编辑弹出框，显示 "https://basecamp.com" 输入框及 "Link"/"Unlink" 按钮

**步骤4** ✅ 在链接编辑弹出框仍然显示的情况下，点击了编辑器中的图片

**步骤5 - 观察工具栏状态** ❌ **发现 BUG**

### 发现的 Bug

**问题**：点击图片后，工具栏状态没有正确更新。

**预期行为**（正常直接点击图片时的行为）：
- 链接编辑弹出框关闭 ✅
- 图片被选中（蓝色边框 + "×" 删除按钮）✅
- 工具栏的 B、I、S、链接按钮全部变为**灰色/禁用状态**（因为这些文字格式不适用于图片附件）✅

**实际行为**（通过链接弹出框流程后点击图片时）：
- 链接编辑弹出框关闭 ✅
- 图片被选中 ✅
- **链接按钮（chain icon）仍然保持高亮/激活状态（蓝色）** ❌
- 工具栏的 B、I、S 按钮没有像预期那样变为灰色禁用状态 ❌

### 结论

**测试结果：FAIL**

当在链接编辑弹出框打开的情况下点击图片时，工具栏状态没有正确更新。具体表现为：链接按钮仍然保持高亮激活状态，而不是像正常选中图片时那样变为灰色禁用状态。这说明 Trix 编辑器在关闭链接编辑弹出框并切换到图片附件选中状态时，工具栏的状态更新逻辑存在缺陷。
Evaluating task result...

==================================================
Task: 当前Chrome浏览器已打开trix网站，地址是http://localhost:3000。测试在 Trix 富文本编辑器中，先选中一个链接并打开链接编辑弹出框，然后在不关闭该弹出框的情况下点击编辑器中的图片附件，验证工具栏状态是否正确更新。具体步骤：1. 打开页面后找到 Trix 编辑器区域；2. 在编辑器内容中找到一个链接（例如 Basecamp 链接），点击该链接使其被选中；3. 点击链接编辑按钮，打开链接编辑弹出框/对话框；4. 在链接编辑弹出框仍然显示的情况下，点击编辑器中的一张图片；5. 观察工具栏状态：链接编辑弹出框应该关闭，工具栏按钮应该反映当前选中的图片附件状态，而不是继续显示链接相关的格式/样式按钮。始终在浏览器内操作，禁止打开 Terminal 或其他应用程序。如果在浏览器中找不到目标功能，直接报告 unclear。 请始终在浏览器内操作，禁止打开 Terminal、Finder 或其他应用程序。如果在浏览器中找不到目标功能，直接标记 result 为 unclear，result_summary 写明未在页面中找到目标功能入口。
Status: COMPLETED
Total steps: 13
Last action: DONE
Last reasoning: This confirms the bug. Let me now compare the two states carefully:

**Comparison of toolbar states:**

1. **Expected state when image is selected** (directly clicked without going through link dialog):
   - B, I, S, Link button all **grayed out/disabled** (as seen in the previous clean-state test)

2. **Actual state when image is selected after going through link dialog**:
   - The **link button remains highlighted/active (blue)** - it is NOT grayed out
   - The B, I, S buttons appear to be in a normal (not disabled, but also not highlighted) state
   - The image IS selected (blue border + "×" button visible)

**Bug Confirmed**: After clicking the image while the link editing popup was open, the toolbar does NOT correctly update. Specifically:
- ✅ The link editing popup did close
- ✅ The image was selected (blue border and "×" visible)
- ❌ The **link button remained highlighted/active** instead of being grayed out like it should be when an image attachment is selected
- ❌ The B, I, S, Link buttons are NOT all grayed out as they should be for an attachment selection state

The toolbar is not properly reflecting the current selection state (image attachment), and instead appears to be showing leftover link-active state from the previous link interaction.

Here is my comprehensive test report:

---

## 测试结果报告

### 测试步骤执行情况

**步骤1** ✅ 找到了 Trix 编辑器区域，内容包含：
- 文本 "Hello this is a test. Visit Basecamp for more info."
- 一张图片附件（下方）

**步骤2** ✅ 双击 "Basecamp" 链接成功选中了该文本（文字高亮显示），工具栏链接按钮变为激活/高亮状态

**步骤3** ✅ 点击工具栏中的链接编辑按钮，成功打开了链接编辑弹出框，显示 "https://basecamp.com" 输入框及 "Link"/"Unlink" 按钮

**步骤4** ✅ 在链接编辑弹出框仍然显示的情况下，点击了编辑器中的图片

**步骤5 - 观察工具栏状态** ❌ **发现 BUG**

### 发现的 Bug

**问题**：点击图片后，工具栏状态没有正确更新。

**预期行为**（正常直接点击图片时的行为）：
- 链接编辑弹出框关闭 ✅
- 图片被选中（蓝色边框 + "×" 删除按钮）✅
- 工具栏的 B、I、S、链接按钮全部变为**灰色/禁用状态**（因为这些文字格式不适用于图片附件）✅

**实际行为**（通过链接弹出框流程后点击图片时）：
- 链接编辑弹出框关闭 ✅
- 图片被选中 ✅
- **链接按钮（chain icon）仍然保持高亮/激活状态（蓝色）** ❌
- 工具栏的 B、I、S 按钮没有像预期那样变为灰色禁用状态 ❌

### 结论

**测试结果：FAIL**

当在链接编辑弹出框打开的情况下点击图片时，工具栏状态没有正确更新。具体表现为：链接按钮仍然保持高亮激活状态，而不是像正常选中图片时那样变为灰色禁用状态。这说明 Trix 编辑器在关闭链接编辑弹出框并切换到图片附件选中状态时，工具栏的状态更新逻辑存在缺陷。

==================================================

UI window closed
