Session created: sess-20260419020249-7f42d7f795434e6a8117fc503427a6dd
UI panel initialized successfully
UI window displayed
Expected result: 日期选择器清除按钮图标应正常渲染显示，不应出现图片加载失败或空白，点击后应能成功清除已选日期。
[step 0] Action: Initializing
[step 0] Reasoning: Initializing session connection
[step 0] Action: screenshot
[step 1] Action: left_click (604, 33)
[step 1] Reasoning: I can see the page is showing a compilation error. The page shows "Failed to compile." with a SassError. However, I notice there are other tabs open. Let me check the other tabs to see if there's a working instance of the vue-hotel-datepicker.
[step 2] Action: key: F5
[step 2] Reasoning: I see the page is still showing the compilation error. I'm currently on the "vue-hotel-datepicker v4.0" tab. Let me try refreshing the page to see if it compiles successfully now, or check if the page loads properly.
[step 3] Action: wait
[step 3] Reasoning: The page still shows the compilation error. The error is a SassError: "50% and 1.1875 are incompatible" at line 848 of the scss file. This is a build-time error. Let me wait a moment and try refreshing again to see if the development server has recompiled.
[step 4] Action: left_click (291, 33)
[step 4] Reasoning: The page still has the compilation error. The error indicates an issue in the SCSS file that is preventing the application from compiling. However, let me check the other open tabs to see if there's another version of the page that's working. I see there are other tabs open (with "[;]" title). Let me check those.
[step 5] Action: left_click (449, 33)
[step 5] Reasoning: This tab shows "[::]:8080" with "ERR_EMPTY_RESPONSE" - it's not working. Let me check the other tab.
[step 6] Action: left_click (604, 33)
[step 6] Reasoning: Both other tabs show the same "[::]:8080" address with ERR_EMPTY_RESPONSE. The only functioning tab is the "vue-hotel-datepicker v4.0" at localhost:8080, but it shows a compilation error. 

Despite the compilation error shown in the browser overlay, the Vue development server sometimes still serves the app (the error overlay is overlaid on top of the actual app). Let me go back to the main tab and try to dismiss the error overlay, or look if the app content is behind the error.

Let me go back to the main vue-hotel-datepicker tab and see if I can interact with the page beneath the error overlay.
[step 7] Action: key: Escape
[step 7] Reasoning: The page shows "Failed to compile." error in the webpack dev server overlay. This is actually the webpack error overlay - this is NOT the browser's error page, it's an error shown by the dev server overlay. In Vue CLI development, when this happens, there's actually still an app underneath the error overlay. 

However, in this case, the error is in the SCSS file which means the CSS couldn't be compiled, so the app may or may not be visible underneath.

Let me try pressing Escape key to dismiss the error overlay, which is a common behavior in webpack dev server error overlays.
[step 8] Action: key: F12
[step 8] Reasoning: The ESC key didn't dismiss the overlay. This is the actual webpack dev error overlay. Looking at the error more carefully:

```
SassError: 50% and 1.1875 are incompatible.
848         width: calc(50% - 1.1875);
```

This is a SCSS compilation error. The issue is in the SCSS file - `calc(50% - 1.1875)` is being processed by Sass and Sass is treating it as a subtraction operation which fails because the units are incompatible. This is a known issue with newer versions of Sass.

However, looking at the page title "vue-hotel-datepicker v4.0" - this still loaded as a tab title, which means there might be some JavaScript working. Let me try using the browser's JavaScript console to see if there's any Vue app running underneath.

Actually, looking at this situation more carefully - the compilation error from webpack means the application bundle couldn't be built. This error is in the CSS/SCSS compilation phase. 

Wait - this might be a Vue CLI 4.x behavior where the overlay shows errors but the app might still be partially functional if JavaScript compiled successfully and only CSS failed. Let me try clicking somewhere on the page to see if there's any interactive content underneath.

Let me try using the browser's developer console to interact with the page and check if there's a Vue app underneath.
[step 9] Action: key: F12
[step 9] Reasoning: Interesting! The DevTools opened and I can see the Console panel. The error overlay is still showing in the middle of the screen, but I can see in the console area:
- "You are running Vue in development mode."
- There are some errors in the console

This confirms that Vue IS running, and the JavaScript app is loaded! The error is in the SCSS compilation (CSS), but the JavaScript/Vue app might still be functional. The error overlay is a webpack overlay showing above the app.

I can see the page is in responsive mode (500 x 506). The Vue app did load (we can see "You are running Vue in development mode." message). Let me close DevTools and try to interact with the page to see if there's any content beneath the error overlay. 

Let me close the DevTools and try clicking beneath the error overlay to see if there's a date picker component.
[step 10] Action: key: F12
[step 10] Reasoning: The Vue app is running in development mode. This dark overlay IS the webpack error overlay displayed on top of the Vue app. The error overlay is covering the actual page content. 

Looking at this more carefully - in Vue CLI projects, when there's an SCSS compilation error, the webpack-dev-server shows this error overlay. However, the fact that we can see "You are running Vue in development mode." in the console suggests that the JavaScript bundle DID load.

But since this is a CSS compilation error, the styles aren't loaded, and the error overlay is blocking the content. The page title shows "vue-hotel-datepicker v4.0" which suggests the HTML was served.

Let me try to use JavaScript in the console to find and interact with the datepicker even though the overlay is shown. Let me open DevTools again and use the Console to check the DOM.

Actually, wait - looking at this again. The error overlay fills the entire viewport. The Vue app might have content behind it. Let me try to use the DevTools to:
1. Find the error overlay element
2. Remove it to see what's behind it

Let me open DevTools and use the console.
[step 11] Action: left_click (640, 625)
[step 11] Reasoning: Good, DevTools is open. I can see the error overlay in the top section of the page. Let me use the console to try to remove the error overlay. I'll type a JavaScript command to find and remove the overlay element.
[step 12] Action: left_click (640, 624)
[step 12] Reasoning: I need to click on the console input area at the bottom. Let me click on the ">" prompt area at the bottom of the console.
[step 13] Action: type: document.getEleme...
[step 13] Reasoning: I can see the console input area at the bottom (there's a ">" prompt visible). Let me type a JavaScript command to remove the webpack error overlay. In webpack dev server, the error overlay is typically an iframe or a div with specific attributes.
[step 14] Action: key: Return
[step 14] Reasoning: I can see the command has been typed in the console. Let me press Enter to execute it.
[step 15] Action: key: F12
[step 15] Reasoning: Excellent! The error overlay has been removed! Now the page is mostly white/blank. The page content area is showing in the viewport. The error overlay was indeed an iframe that I removed. But the page still appears mostly blank/white. The Vue app content should be there but it's not visible - possibly because the CSS failed to compile.

However, let me close DevTools to see the full page and check if there's any content rendered.
[step 16] Action: key: F12
[step 16] Reasoning: The page is completely blank/white. The error overlay has been removed but the Vue app content is not visible because the CSS didn't compile (which means the styles are not loaded, but actually the real issue might be that the JavaScript bundle also failed to load some parts properly).

Wait - I removed iframes which might have been the Vue app content too! Actually no, the main app content would be in the main document, not in iframes. 

Let me try to use the DevTools to look at the DOM structure and see what's actually there.

Actually, the page appears completely blank. The CSS compilation error means the stylesheet couldn't be extracted/loaded, but the JavaScript should still work. However, without proper CSS, the component might be there but completely unstyled and possibly hidden.

Let me open DevTools and check the DOM structure to see if the Vue app content is there.
[step 17] Action: left_click (67, 483)
[step 17] Reasoning: I can see the page is in responsive mode (500 x 506) but the content is blank. Let me switch to Elements tab to check what's in the DOM.
[step 18] Action: left_click (19, 502)
[step 18] Reasoning: I can see the Elements panel shows `<body>` and partial content. I can see `html`, `body`, and there appears to be something in the DOM. Let me expand the DOM tree to see what's there.
[step 19] Action: left_click (39, 538)
[step 19] Reasoning: I can see the body is highlighted but the DOM tree shows `<body>` with no visible children. The body is showing 500x506 but it's basically empty (no Vue app content rendered).

The issue is clear: The SCSS compilation error caused the webpack build to fail, and although the Vue runtime loaded (showing "You are running Vue in development mode."), the actual component failed to mount or render because the module system failed to process the CSS.

Let me check the Elements panel more carefully to see if there's any app content inside the body.

Let me click on the `<body>` element to see its children.

Let me try a different approach. Let me use the Console tab to check if the Vue app has rendered any DOM elements.
[step 20] Action: left_click (640, 643)
[step 20] Reasoning: I'm on the Console tab now. Let me type a command to check the DOM structure and look for any datepicker elements.
[step 21] Action: left_click (640, 643)
[step 22] Action: left_click (39, 538)
[step 22] Reasoning: Let me click on the Console tab first and then click on the input area.
[step 23] Action: left_click (25, 643)
[step 23] Reasoning: I see there's a ">" at the bottom left of the console. Let me click right next to it to focus the console input.
[step 24] Action: type: document.body.inn...
[step 24] Reasoning: I can see the cursor is now in the console input area (there's a blinking cursor visible at ">" prompt at the bottom). Let me now type a command to check the DOM and look for the datepicker.
[step 25] Action: key: Return
[step 25] Reasoning: I can see the result at the bottom! It's showing the innerHTML output. I can see:
- `<n>` ... "We're sorry but vue-hotel-datepicker-3 doesn't work properly without JavaScript enabled. Please enable it to\n ... continue.</strong>\n ... </noscript>\n <div id="app"></div> ... <script type="text/javascript" src="/assets/js/chunk-vendors...`

This means the Vue app has `<div id="app"></div>` which is EMPTY! The Vue app failed to mount. The `<noscript>` fallback message is showing, and `<div id="app">` is empty.

This confirms that the Vue application failed to mount/render. The SCSS compilation failure caused the webpack bundle to throw an error, preventing the Vue app from mounting.

The page shows the webpack dev server iframe overlay because the module build failed. Now let me try a different approach - I'll turn off the device emulation mode and see the full page, or try to directly navigate to a working URL.

Wait, let me re-read the task: The task says the page is at http://localhost:8080 and this is a bughunt/testing task. The page has a compilation error which is actually ONE of the bugs. But let me check if there's more to this - maybe I need to exit the responsive mode and check the full desktop view.

Actually, looking at the screen again - the page is in "Responsive" mode (500×506) which is the Chrome DevTools device emulation. This is constraining the view. Let me exit this mode first to see the full page.

Also, I noticed that the `<div id="app">` is empty which means Vue didn't mount. But we can see from the console that "You are running Vue in development mode." message appeared - this is from the Vue runtime. So Vue runtime loaded but the app component failed to mount due to the SCSS error causing a module loading failure.

Let me try to switch from Responsive mode back to normal desktop view and try refreshing.

Let me use the "Responsive" dropdown to switch to desktop.
[step 26] Action: key: F12
[step 26] Reasoning: Now I can see the innerHTML output more clearly. The output shows:
```
\n <noscript>\n    <strong>We're sorry but vue-hotel-datepicker-3 doesn't work properly without JavaScript enabled. Please enable it to\n    continue.</strong>\n </noscript>\n <div id="app"></div>\n<script type="text/javascript" src="/assets/js/chunk-vendors.js">\x3C/script>\n<script type="text/javascript" src="/assets/js/app.js">\x3C/script>\n\n
```

This confirms:
1. `<div id="app"></div>` is EMPTY - Vue did not mount the app
2. The scripts `/assets/js/chunk-vendors.js` and `/assets/js/app.js` are referenced

The Vue app failed to mount because the SCSS compilation error prevented webpack from generating the proper output. This is a fundamental build error.

However, I'm now thinking - maybe I should exit the device emulation mode and check the full page again. The page was showing the webpack error overlay earlier which means the page DID load. Let me exit responsive mode.

Let me also try to understand the situation better. The page shows `<div id="app"></div>` empty. This means the app.js that was loaded was one that contained the error handling, not the actual Vue app bundle. The webpack dev server serves a special error page when compilation fails.

Wait - I notice that the scripts referenced are `/assets/js/chunk-vendors.js` and `/assets/js/app.js` - these are the bundled files. If webpack failed to compile, these files might still be from a previous successful build or might contain error-throwing code.

Let me check if these files exist and can be accessed. But first, let me think about the overall situation:

1. The webpack dev server shows a compilation error (SassError in SCSS)
2. The Vue app doesn't render (`<div id="app">` is empty)
3. The task asks to test the clear button icon feature of the datepicker

The compilation error is a bug in the SCSS that prevents the app from loading. I need to report this finding.

But wait - maybe I should try to exit the DevTools device emulation mode and see if there's a way to make the app work. Let me try to close the DevTools first and see if the page shows differently in normal (non-responsive) mode.

Actually, I see that the "Responsive" mode in the top bar is the device emulation feature. Let me try to click the responsive button to toggle it off.

Let me close the DevTools to get a better view.
[step 27] Action: key: ctrl+shift+r
[step 27] Reasoning: Good, DevTools is closed. The page is blank/white. No content at all. The device emulation mode is also off now (no device emulation toolbar). 

Wait - I notice the page is in a regular browser window (no emulation toolbar). The page is at localhost:8080 and shows completely blank content. 

Let me try refreshing the page to see if the webpack dev server has since fixed the compilation issue.
[step 28] Action: wait
[step 28] Reasoning: The page is still completely blank. The Ctrl+Shift+R (hard reload) didn't change anything - still showing a blank white page. Let me wait a moment and try reloading.
[step 29] Action: Open url: http://localhost:8080
[step 29] Reasoning: Still blank. Let me now navigate directly to localhost:8080 using the address bar to try a fresh page load.
[step 30] Action: left_click (604, 33)
[step 30] Reasoning: Now I can see the full error page clearly! The page shows:

**"Failed to compile."**

The error details:
- File: `./src/assets/scss/index.scss`
- Error: `Module build failed (from ./node_modules/mini-css-extract-plugin/dist/loader.js)`
- `ModuleBuildError: Module build failed (from ./node_modules/sass-loader/dist/cjs.js):`
- **`SassError: 50% and 1.1875 are incompatible.`**
- Line 848: `width: calc(50% - 1.1875);`

This is the actual webpack error page (not an overlay over the Vue app). This is being served directly as HTML by the webpack dev server when compilation fails.

The error is clear:
- In `./src/assets/scss/index.scss` at line 848
- The SCSS is using `calc(50% - 1.1875)` without proper units
- Sass/dart-sass treats this as a subtraction expression and fails because `50%` and `1.1875` (unitless) are incompatible

This is a **bug in the SCSS file** - the `calc()` expression has a value `1.1875` without units (should probably be `1.1875rem` or `1.1875em` or some other unit).

Now a new tab opened with the same error. This is the webpack dev server error page.

The application **cannot run** because of this SCSS compilation error. The Vue hotel datepicker cannot be tested in its current state because the page fails to compile.

However, I realize that the earlier behavior (with the responsive mode and dark overlay) was a different tab that may have had a cached version. Let me check - when I visited earlier, the page had a dark background error overlay (webpack HMR error overlay), which appears when webpack dev server is running in hot module replacement mode. The new tab shows the actual error page without the overlay.

The key finding here is:
1. **There is a critical bug**: The SCSS file at `./src/assets/scss/index.scss` line 848 has an invalid `calc()` expression: `width: calc(50% - 1.1875)` - the value `1.1875` is missing a CSS unit (e.g., `rem`, `px`, `em`). This causes a SassError because newer Sass versions try to calculate `50% - 1.1875` as a Sass operation and fail due to incompatible units.

2. **The application cannot be loaded** - the Vue hotel datepicker cannot be rendered because the webpack build fails due to this SCSS error.

3. **The datepicker cannot be tested** as described in the task (click input, select dates, check clear button) because the app doesn't load.

Let me check if there's a cached/built version of the page available. Let me navigate back to the original tab and see if the previously displayed (with error overlay) tab had something workable. The previous behavior showed "You are running Vue in development mode" in the console, which means at some point the JavaScript DID load. This might be from a previous successful build.

Let me go back to the original tab.
[step 31] Action: key: F5
[step 31] Reasoning: I switched back to the original tab (now showing "vue-hotel-datepicker v4.0" but blank). Earlier when I removed the error overlay iframe, it made the page blank. Let me try to reload this specific tab to get a fresh state.

Wait - I remember now. Earlier when the DevTools was open, I removed the webpack error overlay iframe by running JavaScript. That left the page with the Vue app content area, but the Vue app itself had an empty `<div id="app">`. After closing DevTools, the page became completely blank. 

The original tab IS the same as the new tab - both pointing to localhost:8080. When I reloaded it shows the error page (as in the new tab), but on this original tab (which I modified with JS), it shows blank because the iframe overlay (the actual error page) was removed.

Let me try refreshing this tab to restore it to a proper state.
[step 32] Action: left_click (762, 33)
[step 32] Reasoning: The page still shows blank after refresh. This is very strange. This tab seems to be in a broken state after I removed the iframes. The tab still shows "vue-hotel-datepicker v4.0" as title (it was updated to the page title before the JS manipulation). 

The webpack dev server is serving the error page as an iframe in the main document. When I removed the iframes, I also removed the actual content from this tab. Let me try doing a hard reload (Cmd+Shift+R) to clear cache and reload properly.

Wait - actually, I need to reconsider. When I ran `document.querySelectorAll('iframe').forEach(f => f.remove())`, I removed ALL iframes from the page. The webpack dev server error overlay is injected as an iframe using webpack-dev-server-client. The actual page content might have been served in the main document body, not an iframe. But as we saw from `document.body.innerHTML`, the body only had `<div id="app"></div>` empty.

The issue is:
- Webpack fails to compile → webpack-dev-server serves a special error page
- The special error page shows the compilation error details directly in the page body (not as an overlay iframe)
- The Vue app (`<div id="app">`) didn't mount because the JavaScript bundle couldn't run (it failed to import the SCSS module)

This means the app is fundamentally broken and cannot be tested.

However, I wonder - is it possible that there's a pre-built version somewhere? Let me check if there's a `dist` or `public` directory that has a built version. But wait - the task says the dev server is running at localhost:8080, so that's what we need to test.

Let me try one more thing - look at the new tab which shows the error page properly.
[step 33] Action: left_click (604, 33)
[step 33] Reasoning: Now I can clearly see the compilation error page on the new tab. This is the actual webpack dev server error page showing the SCSS compilation failure. The page is dark-themed and shows the full stack trace.

I can see:
- **"Failed to compile."** in red
- `./src/assets/scss/index.scss`
- `SassError: 50% and 1.1875 are incompatible.`
- Line 848: `width: calc(50% - 1.1875);`

The project is at `/Users/worker02/bughunt/repos/vue-hotel-datepicker`.

This confirms the application cannot be loaded or tested in its current state due to this SCSS compilation error. The bug is in the SCSS file where `calc(50% - 1.1875)` should have proper CSS units for the `1.1875` value (like `1.1875rem`).

Let me now try to understand if there's any way to work around this. The task mentioned specifically to test "清除按钮图标显示功能" (clear button icon display feature). Given the current state, the application cannot render.

However, I need to try harder - maybe there's something else I can try. Let me look at the earlier experience where the error overlay was an iframe that could be dismissed. That means the webpack dev server WAS serving the main page content (with `<div id="app">`) and the error was shown as an overlay. 

Wait - let me think about this again. When I first visited localhost:8080, the page:
1. Showed a dark overlay with the compilation error  
2. Had the app title "vue-hotel-datepicker v4.0" as the tab title
3. The `<div id="app">` was empty

When I visited the NEW tab (also localhost:8080), it showed the webpack error page (dark background, text content).

These two tabs showed different behaviors - one had the error as an overlay (iframe injection) and the other showed the error as the page content directly. This could be because of how the webpack dev server handles the error reporting (HMR overlay vs. served error page).

In the first case (with HMR overlay), the page was served from the Vue app's `index.html`, and the error was injected as an overlay. The Vue app was there but empty. In the second case, webpack dev server served the raw error output.

But in both cases, `<div id="app">` is empty and the Vue app doesn't render.

Let me now check if maybe this is a compilation issue that happened recently, and the webpack dev server might have had a successful previous build in memory. But since I see `<div id="app">` is empty in the first case, the Vue app truly didn't render.

Actually, wait. I need to reconsider whether "50% and 1.1875 are incompatible" is actually a fatal error or could be something that still allows the page to load (just with incorrect CSS). Let me check: In Sass, when you use `calc()`, newer Sass versions (dart-sass) parse the `calc()` expression and validate the math. If `1.1875` has no units and `50%` has units, Sass treats `calc(50% - 1.1875)` as invalid math.

However, this error is in sass-loader during webpack compilation, which means webpack FAILED to compile this file. When webpack fails to compile a module, the entire bundle fails (unless it's handled with error boundaries in webpack config). In this case, it's a CSS module that webpack cannot compile, so the entire JavaScript bundle (which imports CSS via mini-css-extract-plugin) fails.

This is why the Vue app doesn't render - the JavaScript bundle failed to load properly.

At this point, I must declare that the application **cannot be tested** due to the build compilation error. The clear button icon feature cannot be tested because the application itself doesn't render.

However, let me attempt one more approach - can I view the source code to understand what the clear button is supposed to look like? Looking at the source code path: `/Users/worker02/bughunt/repos/vue-hotel-datepicker/src/assets/scss/index.scss`

Actually, the task says "禁止打开Terminal/Finder" (do not open Terminal/Finder), so I can't fix the SCSS file.

But wait - I should consider one more option. The error is at line 848 in the SCSS file. Can I use the browser's DevTools to examine the source code and understand the clear button feature? Even though the app doesn't render, maybe looking at the SCSS tells me something about the clear button icon.

Actually, let me try a completely different approach. Let me check if the webpack-dev-server has a source map feature where I can browse the source files directly.

Actually, let me revisit the task requirements:
1. Check if datepicker renders ✓ (It doesn't - page fails to compile)
2. Click datepicker input to open calendar ✗ (Cannot do - app doesn't render)
3. Select check-in and check-out dates ✗
4. Check if clear button appears ✗
5. Check if clear button icon displays properly ✗
6. Click clear button ✗

Since the application fails to compile and cannot render, I cannot perform steps 2-6 of the testing process.

But wait - I want to make absolutely sure. Let me check the webpack dev server source files to see if there's a way to examine the component source. Maybe the app was previously compiled and there's something in the browser cache.

Actually, let me try one more thing - check if the webpack dev server served ANY JavaScript files successfully. Let me look at the network tab to see what was loaded.

Actually, I think I should just report what I found. The application has a compilation error that prevents it from being tested. This IS itself a bug finding. Let me summarize the findings:

**Bug Found**: The SCSS compilation error in `./src/assets/scss/index.scss` at line 848 prevents the Vue application from loading. The error is:
- `SassError: 50% and 1.1875 are incompatible`
- Line 848: `width: calc(50% - 1.1875);`
- The `1.1875` value is missing a CSS unit (likely should be `1.1875rem`, `1.1875em`, or similar)

This is a **critical bug** that makes the entire application non-functional.

However, the task specifically asks to test the "clear button icon display feature". Since I cannot access the app, let me try to look at the compiled bundle or source files through the Network panel to see if the clear button source is accessible.

Actually wait, let me re-read the error. In the initial screenshots when the page was in DevTools responsive mode, I saw the dark error overlay (NOT the webpack error page). That was the webpack HMR (Hot Module Replacement) error overlay injected via JavaScript. This overlay is usually injected by `webpack-dev-server-client` and appears on top of the app page.

The presence of the HMR overlay means: webpack DETECTED an error in the current build, but the page was serving content from a PREVIOUS SUCCESSFUL BUILD (or the current build failed at CSS level but JS still loaded partially).

This is important! If the page had a previously successful build, the JavaScript might have loaded from cache or the webpack dev server's memory. Let me go back to the first tab and try to interact with the page content behind the overlay.

Let me go back to the original tab and try using the browser console to check if Vue has mounted.
[step 34] Action: key: F12
[step 34] Reasoning: I'm back on the original tab which is showing blank. The page title is "vue-hotel-datepicker v4.0" and the page content is blank. This was caused by my earlier JS manipulation where I removed all iframes.

Let me try opening the DevTools console and directly examining if there's a Vue app instance.
[step 35] Action: left_click (25, 643)
[step 35] Reasoning: I can see DevTools is open with:
- Elements tab showing the DOM: `<head>...</head>` and `<body>` 
- Console showing the same errors as before (sass errors) and "You are running Vue in development mode."
- The Elements panel shows `<body>` with `$0` selector

Looking at the Elements panel, I can see `<body>` is highlighted. The DOM shows there's a body element. Let me check what's inside the body by expanding the DOM tree in the Elements panel.

The console still shows "You are running Vue in development mode." which means the Vue runtime DID load. Let me check if the Vue app mounted by typing in the console.
[step 36] Action: type: document.querySel...
[step 36] Reasoning: I can see the console input is at the bottom (I can see the ">" prompt with cursor). Let me type a command to check if Vue is mounted and if there's an app instance.
[step 37] Action: key: Return
[step 37] Reasoning: I can see the command was typed at the bottom. I can see there's a result showing below: `< undefined` which means `document.querySelector('#app').__vue__` is `undefined`. This means the Vue app didn't mount on `#app`.

Wait, I can see at the very bottom there appears to be a result starting with `< undefined` or something similar. Let me press Enter to evaluate and see the result.

Wait - looking at the bottom of the console, I can see `document.querySelector('#app').__vue__` followed by what looks like `< und...` which starts to show a result.

Actually, I can see the command is already being executed (I see "document.querySelector('#app').__vue__" in the console area at the bottom). Let me press Enter to see the result.
[step 38] Action: left_click (25, 643)
[step 38] Reasoning: I can now clearly see the result:

```
> document.querySelector('#app').__vue__
< undefined
```

This confirms that `document.querySelector('#app').__vue__` is `undefined`, which means the Vue app did NOT mount on the `#app` element. The Vue runtime is loaded (as evidenced by "You are running Vue in development mode.") but the app failed to mount.

However, wait - I notice there's a `#app` element in the DOM (otherwise `querySelector('#app')` would return `null` and `.__vue__` would throw a TypeError, not return `undefined`). The `undefined` result means `#app` exists but has no Vue instance attached to it.

Actually in Vue 2, `.$mount()` attaches the Vue instance to `element.__vue__`. If it's `undefined`, it means Vue hasn't been mounted on that element. In Vue 3, the API is different (`__vue_app__` instead of `__vue__`).

Let me check for Vue 3:

Actually, let me check the DOM structure with a simpler command to see what's actually in the body:
[step 39] Action: type: document.querySel...
[step 39] Reasoning: Good, I can see the console prompt is ready. The result shows `< undefined` confirming the Vue app is not mounted. Let me try checking `document.querySelector('#app').__vue_app__` (Vue 3 syntax) and also check `document.body.children`:
[step 40] Action: key: Return
[step 40] Reasoning: I can see the command `document.querySelector('#app').__vue_app__` was typed and appears to already be executing. I can see the result at the bottom of the console - it seems to be showing `undefined` again (or something else). Let me press Enter to evaluate.
[step 41] Action: DONE
[step 41] Reasoning: Now I can clearly see both console results:

```
> document.querySelector('#app').__vue__
< undefined

> document.querySelector('#app').__vue_app__
< undefined
```

Both Vue 2 (`__vue__`) and Vue 3 (`__vue_app__`) API checks return `undefined`. The Vue app is definitely NOT mounted.

This is a complete failure of the application. The SCSS compilation error in webpack prevents the JavaScript bundle from loading properly, which prevents Vue from mounting the application.

At this point, I've confirmed that:

1. **The application fails to compile** due to `SassError: 50% and 1.1875 are incompatible` in `./src/assets/scss/index.scss` at line 848
2. **The Vue app does not mount** - `document.querySelector('#app').__vue__` and `__vue_app__` are both `undefined`
3. **The page renders no content** - the datepicker component is not visible
4. **Testing of the clear button icon feature is impossible** because the application itself doesn't render

This is a critical bug that completely prevents the application from functioning. The root cause is a SCSS syntax error where `calc(50% - 1.1875)` has an incompatible unit combination that newer versions of Sass cannot process.

Based on my thorough investigation, here is my complete test report:

---

## 测试报告：vue-hotel-datepicker 清除按钮图标显示功能

### 测试结果：❌ FAIL

### 发现的Bug

#### Bug 1（严重）：SCSS编译错误导致应用程序无法启动

**类型**: 严重错误（Fatal Compilation Error）

**描述**: 应用程序由于SCSS文件编译失败而无法加载。页面显示webpack编译错误。

**错误详情**:
```
Failed to compile.

./src/assets/scss/index.scss
Module build failed (from ./node_modules/mini-css-extract-plugin/dist/loader.js):
ModuleBuildError: Module build failed (from ./node_modules/sass-loader/dist/cjs.js):
SassError: 50% and 1.1875 are incompatible.

848 │         width: calc(50% - 1.1875);
    │                    ^^^^^^^^^^^^
```

**根本原因**: 在`./src/assets/scss/index.scss`第848行，`calc(50% - 1.1875)`中的`1.1875`缺少CSS单位（应该是`1.1875rem`、`1.1875px`等）。较新版本的Sass（dart-sass）将`calc()`内的表达式作为Sass数学运算处理，导致`50%`和无单位数字`1.1875`不兼容的错误。

**影响**: 整个应用程序无法运行：
- Webpack构建失败
- Vue应用程序无法挂载（`document.querySelector('#app').__vue_app__` 返回 `undefined`）
- 页面内容为空白
- 日期选择器组件无法渲染

### 测试步骤执行结果

| 步骤 | 操作 | 预期结果 | 实际结果 | 状态 |
|------|------|----------|----------|------|
| 1 | 观察页面是否正常渲染 | 日期选择器组件可见 | 页面显示SCSS编译错误，日期选择器不可见 | ❌ FAIL |
| 2 | 点击输入框打开日历 | 日历面板弹出 | 无法操作（页面无内容） | ❌ 无法执行 |
| 3 | 选择入住/退房日期 | 日期范围选择完成 | 无法操作 | ❌ 无法执行 |
| 4 | 观察清除按钮是否出现 | 出现叉号图标 | 无法观察（组件未渲染） | ❌ 无法执行 |
| 5 | 检查清除按钮图标显示 | 图标正常显示 | 无法检查 | ❌ 无法执行 |
| 6 | 点击清除按钮验证功能 | 日期被清除 | 无法操作 | ❌ 无法执行 |

### 结论

由于`./src/assets/scss/index.scss`第848行存在SCSS语法错误（`calc(50% - 1.1875)`中缺少单位），导致整个应用程序无法编译和运行。清除按钮图标显示功能的测试**完全无法进行**。

**建议修复**: 将第848行的`width: calc(50% - 1.1875);`修改为正确的带单位值，例如`width: calc(50% - 1.1875rem);`（根据设计意图选择合适的单位）。
Evaluating task result...

==================================================
Task: 当前Chrome已打开vue-hotel-datepicker示例页面，地址是http://localhost:8080。测试清除按钮图标显示功能。步骤：1. 观察页面上是否有日期选择器组件正常渲染；2. 点击日期选择器输入框打开日历面板；3. 在日历中选择入住日期和退房日期完成日期范围选择；4. 选择完成后观察是否出现清除按钮（关闭/叉号图标）；5. 检查清除按钮图标是否正常显示（不是空白或破损）；6. 点击清除按钮验证是否能正常清除已选日期。禁止打开Terminal/Finder。
Status: COMPLETED
Total steps: 41
Last action: DONE
Last reasoning: Now I can clearly see both console results:

```
> document.querySelector('#app').__vue__
< undefined

> document.querySelector('#app').__vue_app__
< undefined
```

Both Vue 2 (`__vue__`) and Vue 3 (`__vue_app__`) API checks return `undefined`. The Vue app is definitely NOT mounted.

This is a complete failure of the application. The SCSS compilation error in webpack prevents the JavaScript bundle from loading properly, which prevents Vue from mounting the application.

At this point, I've confirmed that:

1. **The application fails to compile** due to `SassError: 50% and 1.1875 are incompatible` in `./src/assets/scss/index.scss` at line 848
2. **The Vue app does not mount** - `document.querySelector('#app').__vue__` and `__vue_app__` are both `undefined`
3. **The page renders no content** - the datepicker component is not visible
4. **Testing of the clear button icon feature is impossible** because the application itself doesn't render

This is a critical bug that completely prevents the application from functioning. The root cause is a SCSS syntax error where `calc(50% - 1.1875)` has an incompatible unit combination that newer versions of Sass cannot process.

Based on my thorough investigation, here is my complete test report:

---

## 测试报告：vue-hotel-datepicker 清除按钮图标显示功能

### 测试结果：❌ FAIL

### 发现的Bug

#### Bug 1（严重）：SCSS编译错误导致应用程序无法启动

**类型**: 严重错误（Fatal Compilation Error）

**描述**: 应用程序由于SCSS文件编译失败而无法加载。页面显示webpack编译错误。

**错误详情**:
```
Failed to compile.

./src/assets/scss/index.scss
Module build failed (from ./node_modules/mini-css-extract-plugin/dist/loader.js):
ModuleBuildError: Module build failed (from ./node_modules/sass-loader/dist/cjs.js):
SassError: 50% and 1.1875 are incompatible.

848 │         width: calc(50% - 1.1875);
    │                    ^^^^^^^^^^^^
```

**根本原因**: 在`./src/assets/scss/index.scss`第848行，`calc(50% - 1.1875)`中的`1.1875`缺少CSS单位（应该是`1.1875rem`、`1.1875px`等）。较新版本的Sass（dart-sass）将`calc()`内的表达式作为Sass数学运算处理，导致`50%`和无单位数字`1.1875`不兼容的错误。

**影响**: 整个应用程序无法运行：
- Webpack构建失败
- Vue应用程序无法挂载（`document.querySelector('#app').__vue_app__` 返回 `undefined`）
- 页面内容为空白
- 日期选择器组件无法渲染

### 测试步骤执行结果

| 步骤 | 操作 | 预期结果 | 实际结果 | 状态 |
|------|------|----------|----------|------|
| 1 | 观察页面是否正常渲染 | 日期选择器组件可见 | 页面显示SCSS编译错误，日期选择器不可见 | ❌ FAIL |
| 2 | 点击输入框打开日历 | 日历面板弹出 | 无法操作（页面无内容） | ❌ 无法执行 |
| 3 | 选择入住/退房日期 | 日期范围选择完成 | 无法操作 | ❌ 无法执行 |
| 4 | 观察清除按钮是否出现 | 出现叉号图标 | 无法观察（组件未渲染） | ❌ 无法执行 |
| 5 | 检查清除按钮图标显示 | 图标正常显示 | 无法检查 | ❌ 无法执行 |
| 6 | 点击清除按钮验证功能 | 日期被清除 | 无法操作 | ❌ 无法执行 |

### 结论

由于`./src/assets/scss/index.scss`第848行存在SCSS语法错误（`calc(50% - 1.1875)`中缺少单位），导致整个应用程序无法编译和运行。清除按钮图标显示功能的测试**完全无法进行**。

**建议修复**: 将第848行的`width: calc(50% - 1.1875);`修改为正确的带单位值，例如`width: calc(50% - 1.1875rem);`（根据设计意图选择合适的单位）。

==================================================

UI window closed
