Session created: sess-20260418085125-9f9fb8675a444ebca7b316334b9aa68d
UI panel initialized successfully
UI window displayed
Expected result: 下载功能应正常工作（点击后开始下载或弹出保存对话框），打印功能应正常触发（弹出浏览器的打印对话框），控制台不应有与下载/打印相关的未捕获错误。
[step 0] Action: Initializing
[step 0] Reasoning: Initializing session connection
[step 0] Action: screenshot
[step 1] Action: left_click (291, 33)
[step 1] Reasoning: I can see there's a Chrome browser with two tabs. The current tab shows a "Cancer Research Integrated Informatics System" FAQ page, and there's another tab labeled "Vite App" which is likely the vue-pdf-monorepo website at localhost:5173. Let me click on the Vite App tab.
[step 2] Action: Open url: http://localhost:5173
[step 2] Reasoning: It seems the page didn't change to the Vite App tab. The display still shows the FAQ page. Let me navigate directly to localhost:5173.
[step 3] Action: left_click (452, 33)
[step 3] Reasoning: I can see that a new tab "Vite App" was opened (the third tab in the browser). Let me click on it to navigate to it.
[step 4] Action: left_click (640, 62)
[step 4] Reasoning: The page still shows the FAQ content, but the address bar shows localhost:5173 - it seems the content area hasn't updated. Let me try clicking directly on the address bar and navigating to localhost:5173 to force a page load.
[step 5] Action: key: Return
[step 5] Reasoning: Good, I can see the address bar is now active and showing "localhost:5173". The page content still shows the FAQ. Let me press Enter to navigate to it.
[step 6] Action: screenshot
[step 6] Reasoning: The page still shows the same FAQ content. This is strange - the address bar shows localhost:5173 but the page shows the CRIIS FAQ content. It seems this FAQ page IS the content being served at localhost:5173, or the browser is loading data from the first tab. Let me wait a moment and take another screenshot to see if the page has loaded.
[step 7] Action: scroll down (640, 400) scroll_amount 5
[step 7] Reasoning: I see this tab's current URL is localhost:5173 but showing the CRIIS FAQ content. Wait - looking at the tab title "Vite App" at the top and the address bar showing "localhost:5173", but the content shows "Cancer Research Integrated Informatics System (CRIIS) - Frequently Asked Questions". 

This is very confusing - it's possible the FAQ page IS what's hosted at localhost:5173. However, the task mentions "vue-pdf-monorepo" website. Let me scroll down to see if there's more content below the FAQ, or perhaps this FAQ is embedded in a PDF viewer that I'm missing. Actually wait - looking at the page more carefully, this might be a PDF being rendered as a PDF viewer! The content "Cancer Research Integrated Informatics System (CRIIS) - Frequently Asked Questions" looks like it could be PDF content being displayed by the vue-pdf component.

Let me scroll down to find any buttons or controls below this content.
[step 8] Action: key: ctrl+Home
[step 8] Reasoning: I can now see more of the content which appears to be a table of contents for a PDF document. This content looks like it's actually a PDF being rendered. The page is still at localhost:5173 and this appears to be a PDF viewer showing document content. Let me scroll to the top first to see if there are any navigation controls or buttons for the PDF viewer.
[step 9] Action: scroll up (640, 400) scroll_amount 10
[step 9] Reasoning: The ctrl+Home shortcut didn't scroll to the top. It seems the page might be loaded inside an iframe or the page has some special scrolling behavior. The content still shows the table of contents for the PDF. Let me try scrolling up to see if there are navigation controls above.

Wait - looking at this more carefully, this appears to be the "Vite App" tab at localhost:5173, and the content IS a PDF being displayed. However, the page doesn't seem to have any visible download/print buttons in the visible area. The Vite App tab seems to be showing the same FAQ content.

Let me try scrolling up in this tab to see if there are controls at the top.
[step 10] Action: right_click (640, 400)
[step 10] Reasoning: Good, I scrolled back to the top. The page at localhost:5173 shows a PDF being rendered with "Cancer Research Integrated Informatics System (CRIIS) - Frequently Asked Questions" as its content. This page has no visible navigation bar, header, or buttons for the vue-pdf component's download or print functionality.

This seems unusual - a vue-pdf-monorepo demo would typically have a UI with buttons. Let me check if there's something else going on. Perhaps this "Vite App" is actually showing the PDF in a different way, or there might be a navigation menu or controls that I'm not seeing.

Wait - looking at the second tab labeled "Vite App" - this is the tab at localhost:5173. But the content shown APPEARS to be raw PDF rendered content without any surrounding UI controls. Let me check whether there might be something hidden or if this is actually the correct vue-pdf demo page showing a PDF document directly.

Let me try to look at the page source or open the developer tools to understand the structure better. Actually, let me first try right-clicking on the page to see the context menu.
[step 11] Action: left_click (659, 628)
[step 11] Reasoning: I can see the context menu appeared. I can see options like "显示网页源代码" (View page source) and "检查" (Inspect). Let me click "显示网页源代码" to see what's in the HTML source of this page.

Actually, let me first close this context menu by pressing Escape and then click on "检查" (Inspect) to open developer tools to understand the page structure better.
[step 12] Action: left_click (115, 574)
[step 12] Reasoning: The DevTools are now open. I can see the Elements panel showing the HTML structure. I can see there's a `<div id="app" data-v-app>` element which confirms this is a Vue application. The content appears to be rendered within a Vue app structure.

Looking at the page, it seems the PDF is being displayed but without the typical vue-pdf-monorepo demo interface controls. This might mean that the vue-pdf component is directly rendering the PDF content.

Let me check the Console tab to see if there are any errors or relevant information.
[step 13] Action: left_click (640, 620)
[step 13] Reasoning: I'm now in the Console panel. It shows "No Issues" and "4 hidden" but no visible errors. The console area is mostly empty. Let me expand the console to see if there are any existing log messages or errors. Let me also look at the page more carefully. 

Looking at the page, this seems to be a vue-pdf-monorepo demo that's displaying a PDF document directly. The page appears to be just showing the PDF content without any visible buttons. But the task says the page is about the vue-pdf component's download and print functionality.

Let me look more carefully at the page structure. The page is at localhost:5173 which should be the vue-pdf-monorepo demo site. But the content looks like plain text from a PDF, not the expected UI with download/print buttons.

Wait - I notice the "Vite App" tab (the second Vite App tab at position 3) is the one I've been viewing. Let me check if there's something more specific about what's loaded. Let me check the console for any messages.
[step 14] Action: left_click (1131, 574)
[step 14] Reasoning: I can see the console is active and ready for input. Looking at the current state:
- The page at localhost:5173 shows a PDF document with FAQ content
- There's a Vue app structure (div#app with data-v-app)
- No errors in the console

This doesn't look like what I'd expect from a vue-pdf-monorepo demo page with download and print buttons. Let me look at the actual URL more carefully, and also investigate whether there's a navigation to a specific demo page. 

Let me close DevTools and look at the original "Vite App" tab that was already open (the second tab) to see if that has different content.
[step 15] Action: left_click (291, 33)
[step 15] Reasoning: Good, the DevTools panel closed. I can see at the bottom status bar it says "localhost:5173/#" which suggests there's a hash-based routing in the Vue application. The page appears to be a Vue app showing a PDF document.

Now I notice the second "Vite App" tab was already existing before I opened a new one. Let me click on the original "Vite App" tab (the second tab in the list labeled "Vite App" with a "P" icon).
[step 16] Action: key: F12
[step 16] Reasoning: I see that both tabs appear to show the same content - the CRIIS FAQ page. Both "Vite App" tabs are at localhost:5173. This content IS the vue-pdf-monorepo demo showing a PDF.

Now looking at this situation more carefully, it seems like the entire visible area is the PDF content being rendered by vue-pdf. The PDF content IS the "Cancer Research Integrated Informatics System (CRIIS) - Frequently Asked Questions" document. But there are no visible download or print buttons.

The vue-pdf-monorepo demo typically has buttons for download and print. Let me look at this page more carefully. Perhaps the download and print buttons are hidden or not implemented. Let me look at the page by accessing a sub-route or by scrolling to find buttons.

Actually, I notice the URL shows just "localhost:5173" with no specific route. Let me check if there are routes like `/download` or if this is a single-page demo. The vue-pdf-monorepo has demo pages - maybe there's a navigation or sidebar I'm missing.

Wait - I need to look at the page more carefully! This page seems to be showing the PDF document content DIRECTLY without any wrapper or controls. This could mean the demo page is just showing the PDF inline, or there's a different structure. 

Let me open the DevTools to inspect the page structure more carefully and look at what routes exist.
[step 17] Action: left_click (67, 574)
[step 17] Reasoning: Good, the DevTools are open. Let me look at the Elements tab to understand the page structure better. Let me switch to Elements tab.
[step 18] Action: left_click (15, 631)
[step 18] Reasoning: I can see the Elements panel showing:
- `<!DOCTYPE html>`
- `<html lang="en">`
- `<head>...</head>`
- `<body>`... 
- `<div id="app" data-v-app>...</div>`
- `<script type="module" src="/main.ts"></script>`

This confirms it's a Vue app. I can see `<div id="app" data-v-app>` which is the root Vue container. Let me expand it to see the inner structure. Let me click on the arrow/triangle to expand the `<div id="app">`.
[step 19] Action: left_click (115, 574)
[step 19] Reasoning: I see the `div#app` element is highlighted (1264x792) but it looks collapsed or the content isn't expanded. I can see there's a comment `<!-- -->` inside the div. The div has `data-v-app` attribute. Let me try to use the console to investigate the Vue router and find out what routes are available. Let me click on the Console tab.
[step 20] Action: left_click (640, 630)
[step 20] Reasoning: The console is showing no issues. I notice the console area (below the "No Issues" text) appears to be empty with no error messages. 

Wait - I notice something very important! Looking at the top of the console, it says "No Issues" and "4 hidden". But the page content appears to be the PDF displayed as an HTML page. 

This is actually VERY strange. The `div#app` had `<!-- -->` inside - this means there's NO rendered content from Vue! The page might be showing the PDF's text content through the browser's built-in PDF renderer, and the Vue app might have failed to render.

Actually wait - looking at the page content again, I see it's styled HTML text with colors (the title is in teal/green, "Frequently Asked Questions" is in a teal color). This looks like it could be Vue-rendered HTML content, not a raw PDF.

Let me check the page source. The content with styled headers suggests it IS Vue-rendered HTML. The `div#app` with `<!-- -->` might actually have children that I didn't see.

Let me try the console to see if the Vue app is mounted and check for any routes.
[step 21] Action: type: document.querySel...
[step 21] Reasoning: Good, I can see the console input is active (cursor blinking at bottom). Let me type a command to look at the document structure and check for any buttons or interactive elements on the page.
[step 22] Action: key: Return
[step 22] Reasoning: Excellent! The console shows the result: `< NodeList []` - which means there are NO buttons on this page! The page has zero button elements. This confirms that the page does NOT have download or print buttons visible.

Now I need to understand what the page structure is. This is a vue-pdf-monorepo demo that appears to be showing just the PDF content with no interactive controls (download/print buttons). 

Let me try to check if there are any other interactive elements that might serve as download/print functionality. Let me also check for any Vue router configuration.
[step 23] Action: type: document.querySel...
[step 23] Reasoning: The result confirms `NodeList []` - no buttons on the page. Let me also check if there are navigation links or routes available in the vue router.
[step 24] Action: key: Return
[step 24] Reasoning: Interesting! I can see at the bottom: `NodeList(26) [a#pdfjs_internal_id_614R, a#pdfjs_internal_id_612R, a#pdfjs_internal_id_610R, a#pdfjs_internal_id_608R...]`

This is very revealing! The page contains elements with IDs like `pdfjs_internal_id_*` which are part of the PDF.js renderer. The page is actually rendering a PDF using PDF.js! This means the content "Cancer Research Integrated Informatics System (CRIIS) - Frequently Asked Questions" is indeed a PDF being rendered.

However, this is the vue-pdf-monorepo - so the PDF.js is being used to render the PDF through the Vue component. The links visible are internal PDF page navigation links. 

But the key finding is: **there are NO download or print buttons (no `button` elements) on this page**. The PDF viewer seems to be rendering the document only, without the download/print toolbar controls.

This might be a different page/route. Let me check what routes might be available by looking at the Vue router. Let me type in the console to explore.
[step 25] Action: left_click (136, 62)
[step 25] Reasoning: I can now see the full result in the console:
```
NodeList(26) [a#pdfjs_internal_id_614R, a#pdfjs_internal_id_612R, a#pdfjs_internal_id_610R, a#pdfjs_internal_id_608R, a#pdfjs_internal_id_606R, a#pdfjs_internal_id_604R, a#pdfjs_internal_id_602R, a#pdfjs_internal_id_600R, a#pdfjs_internal_id_598R, a#pdfjs_internal_id_596R, a#pdfjs_internal_id_594R, a#pdfjs_internal_id_592R, a#pdfjs_internal_id_590R, a#pdfjs_internal_id_588R, a#pdfjs_internal_id_586R, a#pdfjs_internal_id_584R, a#pdfjs_internal_id_582R, a#pdfjs_internal_id_580R, a#pdfjs_internal_id_578R, a#pdfjs_internal_id_576R, a#pdfjs_internal_id_574R, a#pdfjs_internal_id_572R, a#pdfjs_internal_id_570R, a#pdfjs_internal_id_568R, a#pdfjs_internal_id_566R, a#pdfjs_internal_id_564R]
```

These are 26 internal PDF.js anchor links. This confirms the PDF.js viewer is rendering the PDF. This looks like the page might be showing the document in an embedded PDF reader.

But where are the download and print buttons? The vue-pdf-monorepo should have some interface. Let me check if there's maybe a different route or page that has the download/print functionality. Let me check if there are any other sub-pages available.

Let me try navigating to different paths that might exist in the vue-pdf-monorepo.
[step 26] Action: triple_click
[step 26] Reasoning: I can see the address bar is active with "localhost:5173" and there's a dropdown. Let me type a different URL to check if there are sub-routes available. I'll try the common vue-pdf-monorepo playground routes.
[step 27] Action: key: Escape
[step 27] Reasoning: Good, the address bar is selected showing "localhost:5173". Let me look at the page more carefully. The page seems to be displaying PDF content without any additional controls. 

Looking at this situation - the vue-pdf-monorepo is a monorepo with multiple packages. The demo at localhost:5173 appears to be showing a PDF rendered via Vue-PDF with PDF.js. However, there are no download or print buttons visible.

Let me check the Sources tab to understand what JavaScript files and what the app structure looks like. But first, let me scroll up on the current page to see if there's any navigation at the very top that I might have missed.
[step 28] Action: screenshot
[step 28] Reasoning: I can see the page at localhost:5173 shows the CRIIS FAQ document rendered as HTML-like PDF content. The page starts from the very top with "Cancer Research Integrated Informatics System (CRIIS) - Frequently Asked Questions" heading. There's no navigation bar or control panel visible above this content.

Let me scroll up on the page content (not the console) to see if there are any controls at the top that are hidden. First, let me click on the page content area (not the DevTools) to make the page focused, and then scroll up.

Wait - the page content IS the PDF. The very top of the visible area shows "Cancer Research Integrated Informatics System (CRIIS)" which is the title. There's nothing above it - the PDF starts at the top of the page.

This is a vue-pdf-monorepo demo that:
1. Renders a PDF document (CRIIS FAQ)
2. Does NOT have visible download or print buttons
3. Contains PDF.js internal links for navigation within the PDF

Now let me check if the Second "Vite App" tab (the one at position 2) has different content from the first "Vite App" tab (at position 3). Wait - I think both "Vite App" tabs are both at localhost:5173. Let me look at them again.

Looking at the browser tabs, there appear to be 3 tabs:
1. "api.open5e.com/v2/species/" (first tab)
2. "Vite App" (second tab with "P" icon - localhost:5173) 
3. "Vite App" (third tab with "P" icon - localhost:5173)

Wait - that doesn't make sense to have two identical tabs. Let me check what the second Vite App tab contains.

Now, given what I know:
1. No buttons found on the current page
2. PDF.js internal links present (PDF is rendering)
3. The page at localhost:5173 shows a PDF document directly
4. There may be another tab or route with different content

Let me check the third tab (the new Vite App tab I opened) to see if it's the same or different.

Actually wait - looking back at the screenshots, I see THREE tabs:
- Tab 1: api.open5e.com (species)
- Tab 2: "Vite App" with P logo
- Tab 3: "Vite App" with P logo (the one currently active)

The "P" in both tabs is the pink P logo. They both say "Vite App". Both are at localhost:5173. 

BUT WAIT - are these two different apps? Could one be at localhost:5173 and another at a different port? Let me click on the second tab (the middle one) to check.

Let me take a screenshot to see the current state first.
[step 29] Action: left_click (291, 33)
[step 29] Reasoning: Good, the current state shows the "Vite App" tab at localhost:5173 with the CRIIS FAQ PDF content. The DevTools are open at the bottom. 

Now let me click on the second "Vite App" tab to see what's there.
[step 30] Action: left_click (159, 574)
[step 30] Reasoning: Both "Vite App" tabs show the same content at localhost:5173. Both display the same CRIIS FAQ document. This confirms there's only one app running, and both tabs point to the same URL. The address bar shows "localhost:5173" for the current tab.

Now let me look at the second "Vite App" tab more carefully. Looking at the tab bar, I can see:
- Tab 1: api.open5e.com 
- Tab 2: "Vite App" (with P logo) - this is selected (highlighted darker)
- Tab 3: "Vite App" (with P logo)

Both "Vite App" tabs have the same content. This means the vue-pdf-monorepo at localhost:5173 is ONLY showing the PDF document without any UI controls for download/print.

However, I should also check if there are maybe hidden controls that appear on hover, or if the PDF needs to fully load before controls appear. Let me check the console for any errors and also look at the Source code to understand what routes/pages exist.

Let me click on the "Sources" tab in the DevTools to explore the app structure.
[step 31] Action: left_click (22, 631)
[step 31] Reasoning: Now I can see the Sources tab showing the file structure. I can see:
- `@vite` (collapsed)
- `node_modules/vite/de...` (collapsed)
- `{index}` - this seems to be the entry HTML
- `App.vue`
- `App.vue` (another file?)

Let me expand the source tree to find what routes/pages exist. I can see a file tree on the left. Let me expand it by clicking on the parent folder.
[step 32] Action: left_click (65, 647)
[step 32] Reasoning: I can see the sources now. The `{index}` file is open and showing the HTML source. Let me scroll down in the source panel to see the full HTML content. But first, let me look at the source tree to see what files are available. I need to click on the tree to expand it.

Let me click on the App.vue file to see what the main app component looks like.
[step 33] Action: scroll down (550, 625) scroll_amount 3
[step 33] Reasoning: Excellent! Now I can see the App.vue source code! Looking at the visible lines:

Line 2: `<!-- Use this component to play with the main components -->`
Line 3: `<script setup lang="ts">`
Line 4: `import pdf14 from '@samples/issue26.pdf';`
Line 5: `import { VuePDF, usePDF } from '@tato30/vue-pdf';`

This is very revealing! The App.vue imports:
- `pdf14` from `@samples/issue26.pdf` (a PDF file)
- `VuePDF, usePDF` from `@tato30/vue-pdf` (the vue-pdf component)

This confirms that the app is using the `@tato30/vue-pdf` package to render a PDF. Let me scroll down in the source code to see the rest of the component and understand what controls (download/print) are implemented.
[step 34] Action: scroll up (550, 625) scroll_amount 5
[step 34] Reasoning: I can now see more of the App.vue source code:
- Line 12: `<VuePDF :pdf="pdf" annotation-layer />`
- Line 13: `</div>`
- Line 14: `</template>`
- Line 15: (empty)

Let me scroll up a bit in the source panel to see the complete App.vue code to understand if there are any download/print functionalities.
[step 35] Action: scroll down (550, 625) scroll_amount 3
[step 35] Reasoning: Now I can see the App.vue from the beginning:
- Line 1: `<!-- eslint-disable unused-imports/no-unused-imports -->`
- Line 2: `<!-- Use this component to play with the main components -->`
- Line 3: `<script setup lang="ts">`
- Line 4: `import pdf14 from '@samples/issue26.pdf';`

The comment says "Use this component to play with the main components". This is a basic test/playground component. Let me scroll down to see the rest of the template to confirm it only has `<VuePDF :pdf="pdf" annotation-layer />` and no download/print buttons.
[step 36] Action: scroll down (80, 620) scroll_amount 3
[step 36] Reasoning: Now I can see the template section of App.vue:
- Line 10: `<template>`
- Line 11: `<div>`
- Line 12: `<VuePDF :pdf="pdf" annotation-layer />`
- Line 13: `</div>`
- Line 14: `</template>`

This confirms the current App.vue **only renders the PDF using `<VuePDF>` without any download or print buttons**. The app is essentially a minimal demo that just shows the PDF.

However, the task mentions that this is a "vue-pdf-monorepo" - meaning there might be OTHER packages in the monorepo. There might be different demo pages or components. But the current app at localhost:5173 is just a playground/test for rendering the PDF.

Let me check if there are other files in the source tree, specifically looking for files related to download or print functionality. Let me look at the left panel source tree more carefully.

Let me also check if there's a second "App.vue" file at the bottom of the tree. I noticed earlier there was another "App.vue" (possibly App.vue with different number).

Let me scroll up in the source tree to see all available files.
[step 37] Action: left_click (65, 608)
[step 37] Reasoning: Now I can see more files in the source tree:
- `App.vue` (first one)
- `App.vue` (second one - different)
- `main.ts`
- `main.ts` (from source map)
- `pdf.worker.min.mjs`

There are two `App.vue` files listed. Let me click on the second `App.vue` to see what it contains - it might be a different version with download/print functionality.
[step 38] Action: left_click (65, 640)
[step 38] Reasoning: I can see the second App.vue file is now opened. The visible content shows:
- Line 4: `const _id_main = 74_...one_defineComponent(tt`
- Line 5: `name: "App",`
- There's a "Source map loaded" notification at the bottom

There's also a notification saying "Source map loaded | Don't show again". This second App.vue is a compiled/bundled version (the actual running code). 

Looking at the file tree:
- `{index}` 
- `App: http://localhost:5173/`
- `App.vue` (the source file)
- `main.ts`

This tells me that the "App" entry shows the compiled JavaScript, while "App.vue" shows the original source. Both contain the same component.

Now I need to understand if there are other pages or routes that might have download/print buttons. The vue-pdf-monorepo might have different demo pages accessible at different routes.

Wait - let me check the `@tato30/vue-pdf` package. It includes `usePDF` which returns a `download` and `print` method. Maybe the demo page uses these in the console rather than as buttons. OR maybe the app I'm looking at is NOT the right demo page.

Looking at the source tree, the app at localhost:5173 only has `App.vue` which renders just `<VuePDF :pdf="pdf" annotation-layer />`. No buttons.

Let me try switching the App.vue to include the download/print functionality by looking at the vue-pdf documentation and checking if there's a different URL for the demos. Perhaps the monorepo has multiple sub-apps running on different ports.

Actually, looking at the task description again: "打开应用首页，找到 PDF 查看器相关的演示页面". The task says to "find the PDF viewer related demo page". This implies the home page might have navigation to multiple demo pages. But the current app only shows the PDF directly without any navigation.

Let me check if there are any sub-routes available. Let me try visiting some common paths.

But wait - the app.vue shows only `VuePDF` without any router. This is a simple Vue app without Vue Router. So there are no sub-routes.

The conclusion is clear: **The current demo at localhost:5173 does NOT have download or print buttons**. The page only renders the PDF document without any interactive controls for download or print.

Let me close the DevTools and verify this by looking at the actual rendered page one more time.

Actually, wait - let me look more carefully at the vue-pdf documentation. The `usePDF` hook in `@tato30/vue-pdf` returns:
- `pdf` - the PDF object
- `pages` - number of pages
- And possibly `download` and `print` functions

But these would need to be connected to UI buttons. If App.vue doesn't implement these, they won't be visible on the page.

Let me check the `usePDF` usage in App.vue. Let me click on the App.vue source file to see all its contents.
[step 39] Action: left_click (65, 625)
[step 39] Reasoning: I see that I clicked on the same "App.vue" file which shows the compiled version (second App.vue). Now I can see in the source tree:
- `{index}`
- `App.vue` (first - the source)
- `App.vue` (second - compiled, currently selected)
- `main.ts`

Let me click on the first `App.vue` (the source file) to see the full source code.
[step 40] Action: scroll up (550, 625) scroll_amount 5
[step 40] Reasoning: Now I can see the App.vue source file. It shows the template part:
- Line 10: `<template>`
- Line 11: `<div>`
- Line 12: `<VuePDF :pdf="pdf" annotation-layer />`
- Line 13: `</div>`
- Line 14: `</template>`

The template only has `<VuePDF :pdf="pdf" annotation-layer />` with no download/print buttons!

Now let me see the full script section by scrolling up in the source.
[step 41] Action: scroll down (550, 625) scroll_amount 2
[step 41] Reasoning: Now I can see the beginning of the App.vue file:
- Line 1: `<!-- eslint-disable unused-imports/no-unused-imports -->`
- Line 2: `<!-- Use this component to play with the main components -->`
- Line 3: `<script setup lang="ts">`
- Line 4: `import pdf14 from '@samples/issue26.pdf';`

And in the content panel below, I can see:
- Line 10: `<template>`
- Line 11: `<div>`
- Line 12: `<VuePDF :pdf="pdf" annotation-layer />`

Let me scroll down a little to see lines 5-9 (the rest of the script section).
[step 42] Action: left_click (114, 574)
[step 42] Reasoning: Now I can see the full App.vue script section:
- Line 7: `const { pdf } = usePDF(pdf14)`
- Line 8: `</script>`
- Line 9: (empty)
- Line 10: `<template>`

So the complete App.vue is:
```vue
<!-- eslint-disable unused-imports/no-unused-imports -->
<!-- Use this component to play with the main components -->
<script setup lang="ts">
import pdf14 from '@samples/issue26.pdf';
import { VuePDF, usePDF } from '@tato30/vue-pdf';
// (missing line 6 - probably empty or another import)
const { pdf } = usePDF(pdf14)
</script>

<template>
  <div>
    <VuePDF :pdf="pdf" annotation-layer />
  </div>
</template>
```

**CONFIRMED**: The App.vue only uses `const { pdf } = usePDF(pdf14)` - it destructures ONLY `pdf` from `usePDF`, without `download` or `print`. The template has NO download or print buttons.

This means the current application at localhost:5173 does **NOT** expose any download or print buttons in the UI.

Now let me check if there's perhaps a different app in the monorepo running at a different port. The task says the address is http://localhost:5173. Let me also check the console for any errors.

Let me switch to the Console tab to check for errors and also look at the full console output.
[step 43] Action: left_click (29, 592)
[step 43] Reasoning: Now I can see the Console tab. The console shows:
- `NodeList(26) [a#pdfjs_internal_id_614R, a#pdfjs_internal_id_612R, ...]` - This is the result from my earlier command that queried for all `a, nav, [role="navigation"]` elements.
- The filter bar shows "No Issues" and "4 hidden"

There are no error messages in the console! The page loaded successfully with no JavaScript errors. The console only shows the results of my earlier `document.querySelectorAll()` commands.

Now let me click on the clear console button and then look at fresh console output to verify no hidden errors.

Wait, looking at the "No Issues" label and "4 hidden" - this might mean 4 items are filtered. Let me check if there are any hidden errors. Let me click on the "4 hidden" text to see what's hidden.

Actually, the "No Issues" is in the Issues panel context, and "4 hidden" refers to hidden console messages (like verbose or debug level). Let me check if there are any errors by looking at the console more carefully. I can see the console panel is showing previous query results.

Let me clear the console and re-check for errors.
[step 44] Action: left_click (640, 630)
[step 44] Reasoning: The console has been cleared and now shows "No Issues" with a completely empty console area. This confirms:
1. **No JavaScript errors** in the console
2. **No uncaught errors** 
3. The PDF is rendering correctly (the content shows the CRIIS FAQ document)

However, the key finding remains: **there are NO download or print buttons** on this page. The App.vue only renders `<VuePDF :pdf="pdf" annotation-layer />` without any download or print controls.

Let me now check if there might be additional routes or pages available. The task says to "find the PDF viewer related demo page". Perhaps this current app at localhost:5173 is not the full demo - maybe there's a playground app or documentation site with download/print demos at a different location.

Let me check the Workspace tab in the Sources panel to see if there are multiple apps.

Actually, let me try a different approach - let me check if the vue-pdf-monorepo has other sub-apps by looking at the current page's URL and trying known paths. Let me also check if there's a main navigation or router.

Wait, the task says "当前Chrome浏览器已打开vue-pdf-monorepo网站，地址是http://localhost:5173" - the Chrome browser has ALREADY OPENED the vue-pdf-monorepo website at http://localhost:5173. So this IS the correct application.

The critical finding based on my thorough investigation:

1. ✅ The app at localhost:5173 is the vue-pdf-monorepo
2. ✅ A PDF is being displayed (CRIIS FAQ document via PDF.js + VuePDF)
3. ✅ PDF loads and renders correctly
4. ❌ **NO download button found on the page**
5. ❌ **NO print button found on the page**
6. ✅ Console shows "No Issues" - no JavaScript errors

The App.vue source code confirms the app only uses basic VuePDF rendering without download/print functionality implemented. The `usePDF` hook is used but only `pdf` is destructured (not `download` or `print` functions).

Since the task specifically asks to test "download" and "print" buttons but these do not exist in the application, I should report this as "unclear" with the explanation that the target functionality entry points were not found on the page.

Let me do one final check to make sure I haven't missed anything - let me look at all interactive elements on the page.
[step 45] Action: type: document.querySel...
[step 45] Reasoning: The console is empty and the cursor is active. Let me check all interactive elements including any elements with click handlers that might serve as download/print functionality.
[step 46] Action: DONE
[step 46] Reasoning: The console result shows:
```
< NodeList []
```

This confirms **absolutely no buttons, onclick handlers, download links, or interactive elements** related to download/print exist on the page.

The query returned an empty `NodeList []`, meaning there are:
- NO `<button>` elements
- NO `[onclick]` attributes
- NO `[data-action]` attributes
- NO `input[type="button"]` elements
- NO `a[download]` elements

**Final Conclusion:**

The vue-pdf-monorepo application at `http://localhost:5173` does NOT have download or print buttons/functionality exposed in the UI. The application:
1. Successfully renders a PDF document (CRIIS FAQ) using vue-pdf
2. Has no JavaScript errors in the console
3. Does NOT implement download or print buttons

The `App.vue` source code confirms this - it only renders `<VuePDF :pdf="pdf" annotation-layer />` without any download/print controls.

Based on the task instructions: "如果在浏览器中找不到目标功能，直接标记 result 为 unclear，result_summary 写明'未在页面中找到目标功能入口'."

The result should be marked as **unclear** because the download and print functionality entry points (buttons) were not found on the page.

---

## 测试结果报告

### 测试环境
- **URL**: http://localhost:5173
- **应用**: vue-pdf-monorepo (Vite App)
- **测试时间**: 2026-04-18 09:00

### 测试步骤执行结果

**步骤1 - 打开应用首页，找到 PDF 查看器相关的演示页面：**
✅ 已访问 http://localhost:5173，页面显示一个 PDF 文档（Cancer Research Integrated Informatics System (CRIIS) - Frequently Asked Questions），这是 vue-pdf 组件渲染的 PDF 内容。

**步骤2 - 等待 PDF 文档完全加载并正常显示：**
✅ PDF 文档已完全加载并正常显示，包含目录、正文等内容，PDF.js 渲染正常。

**步骤3 - 找到下载（download）按钮并点击：**
❌ **未找到下载按钮**。通过 `document.querySelectorAll('button, [onclick], [data-action], input[type="button"], a[download]')` 查询结果为空 `NodeList []`，页面上不存在任何下载按钮或下载链接。

**步骤4 - 找到打印（print）按钮并点击：**
❌ **未找到打印按钮**。页面上不存在任何打印按钮或打印功能入口。

**步骤5 - 观察浏览器控制台错误信息：**
✅ 控制台显示 "No Issues"，无任何未捕获错误。

### 代码分析

通过 DevTools Sources 面板查看 `App.vue` 源码：
```vue
<script setup lang="ts">
import pdf14 from '@samples/issue26.pdf';
import { VuePDF, usePDF } from '@tato30/vue-pdf';
const { pdf } = usePDF(pdf14)  // 仅解构了 pdf，未获取 download/print 方法
</script>

<template>
  <div>
    <VuePDF :pdf="pdf" annotation-layer />  <!-- 无下载/打印按钮 -->
  </div>
</template>
```

`usePDF()` 提供 `download` 和 `print` 功能，但当前 `App.vue` 未实现这些功能的 UI 入口（按钮）。

### 结论

| 项目 | 结果 |
|------|------|
| PDF 加载 | ✅ 正常 |
| 控制台错误 | ✅ 无错误 |
| 下载功能按钮 | ❌ 未在页面中找到 |
| 打印功能按钮 | ❌ 未在页面中找到 |

**result: unclear**  
**result_summary: 未在页面中找到目标功能入口** — 当前 localhost:5173 的 vue-pdf-monorepo 演示页面仅渲染 PDF 文档内容（`<VuePDF :pdf="pdf" annotation-layer />`），未实现 download（下载）和 print（打印）按钮。源码确认 `usePDF()` 中仅解构了 `pdf`，未获取 `download`/`print` 方法，页面上不存在任何下载或打印功能的 UI 入口。浏览器控制台无任何 JavaScript 错误。
Evaluating task result...

==================================================
Task: 当前Chrome浏览器已打开vue-pdf-monorepo网站，地址是http://localhost:5173。测试 vue-pdf 组件的 download 和 print 功能。步骤：1. 打开应用首页，找到 PDF 查看器相关的演示页面；2. 等待 PDF 文档完全加载并正常显示；3. 找到页面上的下载（download）按钮并点击，验证下载功能是否正常执行且无报错；4. 找到页面上的打印（print）按钮并点击，验证打印功能是否正常触发且无报错；5. 观察浏览器控制台是否有任何未捕获的错误信息。请始终在浏览器内操作，禁止打开 Terminal、Finder 或其他应用程序。如果在浏览器中找不到目标功能，直接标记 result 为 unclear，result_summary 写明'未在页面中找到目标功能入口'。
Status: COMPLETED
Total steps: 46
Last action: DONE
Last reasoning: The console result shows:
```
< NodeList []
```

This confirms **absolutely no buttons, onclick handlers, download links, or interactive elements** related to download/print exist on the page.

The query returned an empty `NodeList []`, meaning there are:
- NO `<button>` elements
- NO `[onclick]` attributes
- NO `[data-action]` attributes
- NO `input[type="button"]` elements
- NO `a[download]` elements

**Final Conclusion:**

The vue-pdf-monorepo application at `http://localhost:5173` does NOT have download or print buttons/functionality exposed in the UI. The application:
1. Successfully renders a PDF document (CRIIS FAQ) using vue-pdf
2. Has no JavaScript errors in the console
3. Does NOT implement download or print buttons

The `App.vue` source code confirms this - it only renders `<VuePDF :pdf="pdf" annotation-layer />` without any download/print controls.

Based on the task instructions: "如果在浏览器中找不到目标功能，直接标记 result 为 unclear，result_summary 写明'未在页面中找到目标功能入口'."

The result should be marked as **unclear** because the download and print functionality entry points (buttons) were not found on the page.

---

## 测试结果报告

### 测试环境
- **URL**: http://localhost:5173
- **应用**: vue-pdf-monorepo (Vite App)
- **测试时间**: 2026-04-18 09:00

### 测试步骤执行结果

**步骤1 - 打开应用首页，找到 PDF 查看器相关的演示页面：**
✅ 已访问 http://localhost:5173，页面显示一个 PDF 文档（Cancer Research Integrated Informatics System (CRIIS) - Frequently Asked Questions），这是 vue-pdf 组件渲染的 PDF 内容。

**步骤2 - 等待 PDF 文档完全加载并正常显示：**
✅ PDF 文档已完全加载并正常显示，包含目录、正文等内容，PDF.js 渲染正常。

**步骤3 - 找到下载（download）按钮并点击：**
❌ **未找到下载按钮**。通过 `document.querySelectorAll('button, [onclick], [data-action], input[type="button"], a[download]')` 查询结果为空 `NodeList []`，页面上不存在任何下载按钮或下载链接。

**步骤4 - 找到打印（print）按钮并点击：**
❌ **未找到打印按钮**。页面上不存在任何打印按钮或打印功能入口。

**步骤5 - 观察浏览器控制台错误信息：**
✅ 控制台显示 "No Issues"，无任何未捕获错误。

### 代码分析

通过 DevTools Sources 面板查看 `App.vue` 源码：
```vue
<script setup lang="ts">
import pdf14 from '@samples/issue26.pdf';
import { VuePDF, usePDF } from '@tato30/vue-pdf';
const { pdf } = usePDF(pdf14)  // 仅解构了 pdf，未获取 download/print 方法
</script>

<template>
  <div>
    <VuePDF :pdf="pdf" annotation-layer />  <!-- 无下载/打印按钮 -->
  </div>
</template>
```

`usePDF()` 提供 `download` 和 `print` 功能，但当前 `App.vue` 未实现这些功能的 UI 入口（按钮）。

### 结论

| 项目 | 结果 |
|------|------|
| PDF 加载 | ✅ 正常 |
| 控制台错误 | ✅ 无错误 |
| 下载功能按钮 | ❌ 未在页面中找到 |
| 打印功能按钮 | ❌ 未在页面中找到 |

**result: unclear**  
**result_summary: 未在页面中找到目标功能入口** — 当前 localhost:5173 的 vue-pdf-monorepo 演示页面仅渲染 PDF 文档内容（`<VuePDF :pdf="pdf" annotation-layer />`），未实现 download（下载）和 print（打印）按钮。源码确认 `usePDF()` 中仅解构了 `pdf`，未获取 `download`/`print` 方法，页面上不存在任何下载或打印功能的 UI 入口。浏览器控制台无任何 JavaScript 错误。

==================================================

UI window closed
