Session created: sess-20260418101224-1055099134ab43e1b0b25ec4b1864fe2
UI panel initialized successfully
UI window displayed
Expected result: 访问不存在的路由时，应用应显示专门设计的404页面，包含友好提示信息，而非空白内容或仅有页脚。
[step 0] Action: Initializing
[step 0] Reasoning: Initializing session connection
[step 0] Action: screenshot
[step 1] Action: left_click (1201, 33)
[step 1] Reasoning: I can see the current state. The browser is already showing the `/iughdfugh` tab (localhost:3000/iughdfugh). I can see the page only shows "WanderLust" in the header/navbar area, but the rest of the content area is completely blank - no 404 message, no "Page Not Found" text, no footer either. 

Let me first check the homepage tab to confirm the app is running normally, then come back to analyze the 404 page behavior.
[step 2] Action: left_click (1089, 33)
[step 2] Reasoning: It seems I'm still on the same tab. Let me look at the tab bar more carefully. I can see two "Wanderlust" tabs on the right side of the tab bar. Let me click on the first Wanderlust tab (which should be the homepage at localhost:3000).
[step 3] Action: left_click (1201, 33)
[step 3] Reasoning: Now I can see the homepage (localhost:3000) is working properly. It shows:
- The "WanderLust" navbar at the top
- A hero section with "Journey Beyond Horizons" heading and a beautiful beach/travel image
- "What's hot? Featured Posts" section
- "Discover by topic - Categories" section with Travel, Nature, City tags
- "What's new? Latest Posts" section

The homepage is functioning normally. Now let me switch to the `/iughdfugh` tab to observe the 404 behavior.
[step 4] Action: scroll down (540, 400) scroll_amount 5
[step 4] Reasoning: Now I'm on the `localhost:3000/iughdfugh` tab. Let me scroll down to check if there's any content below that might not be visible, and also check the full page state.
[step 5] Action: DONE
[step 5] Reasoning: The page is completely blank below the navbar. There's no footer, no 404 message, no "Page Not Found" text - just an empty white page with only the "WanderLust" navbar at the top. This is a clear indication that the application **does NOT have a proper 404 error page** for undefined routes.

## 测试结果总结

### 步骤1：首页验证 ✅
- 访问 `localhost:3000` - 应用正常运行
- 显示完整的首页内容：WanderLust 导航栏、英雄区域（"Journey Beyond Horizons"）、"Featured Posts"、"Categories"（Travel/Nature/City）、"Latest Posts" 等内容

### 步骤2 & 3：未定义路由测试 ❌ **发现Bug**

**访问 `localhost:3000/iughdfugh`（未定义路由）时：**

| 期望行为 | 实际行为 |
|---------|---------|
| 显示友好的404错误页面，包含"404"、"Page Not Found"等提示文字 | **仅显示导航栏（WanderLust），其余内容区域完全空白** |

### 🐛 Bug报告

**问题类型：** 功能缺陷（Functional Bug）

**描述：** Wanderlust 应用对未定义路由（如 `/iughdfugh`）没有实现404错误处理页面。

**实际表现：**
- 页面只渲染了顶部导航栏（"WanderLust"）
- 内容区域完全空白（无任何文字、图片、提示信息）
- 没有页脚
- 没有任何404相关提示（无"404"数字、无"Page Not Found"、无"页面不存在"等文字）

**预期表现：** 应该显示一个友好的404错误页面，告知用户所访问的页面不存在，并提供返回首页的链接

**严重程度：** 中等（Medium）- 影响用户体验，访问错误路由时用户得不到任何有效反馈
Evaluating task result...

==================================================
Task: 当前Chrome浏览器已打开wanderlust应用，有两个标签页：http://localhost:3000（首页）和http://localhost:3000/iughdfugh（不存在的路由）。测试应用对未定义路由的处理能力。步骤：1. 先查看首页标签确认应用正常运行；2. 切换到/iughdfugh标签页；3. 观察页面是否显示友好的404页面（如包含404、Page Not Found等文字），还是显示空白页面或仅显示页脚。始终在浏览器内操作，禁止打开Terminal或其他应用程序。
Status: COMPLETED
Total steps: 5
Last action: DONE
Last reasoning: The page is completely blank below the navbar. There's no footer, no 404 message, no "Page Not Found" text - just an empty white page with only the "WanderLust" navbar at the top. This is a clear indication that the application **does NOT have a proper 404 error page** for undefined routes.

## 测试结果总结

### 步骤1：首页验证 ✅
- 访问 `localhost:3000` - 应用正常运行
- 显示完整的首页内容：WanderLust 导航栏、英雄区域（"Journey Beyond Horizons"）、"Featured Posts"、"Categories"（Travel/Nature/City）、"Latest Posts" 等内容

### 步骤2 & 3：未定义路由测试 ❌ **发现Bug**

**访问 `localhost:3000/iughdfugh`（未定义路由）时：**

| 期望行为 | 实际行为 |
|---------|---------|
| 显示友好的404错误页面，包含"404"、"Page Not Found"等提示文字 | **仅显示导航栏（WanderLust），其余内容区域完全空白** |

### 🐛 Bug报告

**问题类型：** 功能缺陷（Functional Bug）

**描述：** Wanderlust 应用对未定义路由（如 `/iughdfugh`）没有实现404错误处理页面。

**实际表现：**
- 页面只渲染了顶部导航栏（"WanderLust"）
- 内容区域完全空白（无任何文字、图片、提示信息）
- 没有页脚
- 没有任何404相关提示（无"404"数字、无"Page Not Found"、无"页面不存在"等文字）

**预期表现：** 应该显示一个友好的404错误页面，告知用户所访问的页面不存在，并提供返回首页的链接

**严重程度：** 中等（Medium）- 影响用户体验，访问错误路由时用户得不到任何有效反馈

==================================================

UI window closed
