Session created: sess-20260416193422-2c9f358198284aa0b9b065ca6f98f851
UI panel initialized successfully
UI window displayed
Expected result: 点击Become an Ambassador now按钮后应跳转到有效的GitHub页面AMBASSADOR_PROGRAM.md，不出现404错误。
[step 0] Action: Initializing
[step 0] Reasoning: Initializing session connection
[step 0] Action: Open url: http://localhost:3000/community/ambassadors
[step 1] Action: screenshot
[step 1] Reasoning: 页面正在加载中，让我等待一下再截图查看。
[step 2] Action: Open app: Google Chrome
[step 2] Reasoning: Chrome 浏览器似乎在后台，我需要打开它。让我尝试打开 Chrome 应用程序。
[step 3] Action: key: ctrl+F2
[step 3] Reasoning: Chrome 似乎在后台运行但没有显示窗口。让我点击 Dock 中的 Chrome 图标或使用 Dock 来激活它。
[step 4] Action: left_click (349, 9)
[step 4] Reasoning: 我看到 Chrome 菜单栏在顶部显示，但 Chrome 窗口没有显示。让我点击 "窗口" 菜单来查看已打开的窗口。
[step 5] Action: left_click (349, 9)
[step 5] Reasoning: 让我点击 "窗口" 菜单项：
[step 6] Action: key: super
[step 6] Reasoning: Chrome 的窗口没有显示，菜单也没有打开。这看起来像是一个渲染问题。让我尝试新建一个 Chrome 窗口：
[step 7] Action: key: cmd+n
[step 7] Reasoning: Chrome 处于活跃状态（菜单栏显示 Chrome），但窗口没有显示。让我使用 Cmd+N 新建窗口：
[step 8] Action: wait
[step 8] Reasoning: 窗口还是没有出现。这可能是因为 Chrome 的窗口被移动到了屏幕外或者渲染问题。让我等待一下：
[step 9] Action: left_click (91, 9)
[step 9] Reasoning: Chrome 窗口仍未显示。让我尝试点击 "文件" 菜单中的 "新建窗口"：
[step 10] Action: key: ctrl+Up
[step 10] Reasoning: 菜单栏点击没有打开下拉菜单。这很奇怪。Chrome 菜单栏在顶部显示但点击没有响应。可能 Chrome 窗口本身被隐藏了但 macOS 显示的是系统菜单栏。让我尝试使用 Mission Control（F3/Ctrl+Up）查看所有窗口：
[step 11] Action: key: cmd+Tab
[step 11] Reasoning: 我注意到屏幕上显示的是一张海景图（桌面背景），Chrome 菜单栏显示在顶部但 Chrome 窗口本身不可见。这可能是窗口最小化或移出了屏幕范围。让我尝试点击 Dock 中的 Chrome 图标来恢复窗口。Dock 通常在底部，但由于桌面图像遮挡，我无法看到 Dock。

让我尝试 Cmd+Tab 切换到 Chrome：
[step 12] Action: left_click (640, 360)
[step 12] Reasoning: Chrome 窗口无法显示。我注意到任务状态面板显示 "Running"。让我看看是否能通过 "窗口" 菜单中找到现有窗口。让我首先尝试 Cmd+M 来取消最小化：

让我尝试点击屏幕中间，因为 Chrome 窗口可能在后面：
[step 13] Action: left_click (349, 9)
[step 13] Reasoning: Chrome 窗口没有显示。尽管 Chrome 菜单栏显示在顶部，窗口本身不可见。让我尝试通过 "窗口" > "最小化的窗口" 来查找。首先，让我点击菜单栏中的 "窗口"：
[step 14] Action: key: cmd+l
[step 14] Reasoning: 我发现当我点击菜单栏项目时，下拉菜单没有显示。这可能是因为截图工具的问题或者系统渲染问题。让我等待片刻后看是否有变化：

实际上，我想到了一件事：这可能是因为 macOS 的菜单点击需要精确在菜单标题上，但我可能点击的不够精确。让我再试一次，这次更精确地点击 "窗口" 菜单：

等等，我观察到一件重要的事：这个截图显示的始终是同一个状态，且 Chrome 菜单栏一直显示在顶部。这可能意味着 Chrome 有一个不可见的窗口，或者窗口被放到了桌面背景图像后面。

让我直接尝试 Cmd+L 来进入 Chrome 地址栏（如果 Chrome 有一个活跃窗口的话）：
[step 15] Action: mouse_move (640, 710)
[step 15] Reasoning: 还是没有任何变化。Chrome 窗口可能被最小化到 Dock 中了。让我尝试 Spotlight 搜索打开 Chrome 窗口。由于任务要求不打开 Terminal、Finder 等，让我尝试另一种方式。

让我尝试使用 "显示" 菜单来全屏显示 Chrome 窗口，或者通过 "窗口" 菜单：

实际上，在 macOS 中，当 Dock 不可见时，我可以通过拖动鼠标到屏幕底部来显示 Dock。让我试试：
[step 16] Action: key: cmd+space
[step 16] Reasoning: Dock 也没有出现。这似乎是一个 macOS 环境问题。注意到 Chrome 菜单栏一直在顶部，但 Chrome 窗口和 Dock 都不可见。

实际上，我想到了一个关键点：`open_url` 工具可能会打开 Chrome，但由于 Chrome 窗口透明或不可见，所以我看不到它。让我尝试通过菜单栏来打开新窗口：

我注意到上方的状态面板有 "Running..." 的状态，说明系统在运行中。让我尝试 Spotlight 来打开 Chrome：
[step 17] Action: wait
[step 17] Reasoning: Spotlight 也没有出现。这是一个很奇怪的情况。Chrome 是活跃的（顶部菜单栏显示 Chrome），但没有任何窗口显示，所有键盘快捷键似乎都不起作用。

让我思考一下：这可能是因为系统渲染只显示桌面背景，而 Chrome 窗口实际上在某个看不见的地方。让我尝试在当前状态下使用 `open_url` 工具，这应该能够打开一个 Chrome 窗口：

实际上，`open_url` 已经被调用过并且响应是成功的。问题是 Chrome 窗口可能在系统显示层面有问题。

让我再等几秒钟后重试：
[step 18] Action: Open app: Google Chrome
[step 18] Reasoning: 我看到屏幕始终显示同一个桌面背景画面，没有任何变化。Chrome 菜单栏一直显示在顶部，但 Chrome 窗口不可见。让我尝试通过 `open_app` 再次启动 Chrome，并等待更长时间：
[step 19] Action: left_click (91, 9)
[step 19] Reasoning: Chrome 还是没有显示窗口。既然 Chrome 作为活跃应用程序出现在菜单栏，但没有显示窗口，我的猜测是 Chrome 在全屏模式下或者窗口在不同的桌面/空间中。

让我尝试通过菜单栏操作：

1. 先点击 `文件` 菜单，这是菜单栏左边第二个选项，在 "Chrome" 之后：
[step 20] Action: cursor_position
[step 20] Reasoning: 菜单点击仍然没有效果。我注意到这个系统的截图工具存在某些限制，可能我看到的只是桌面的一张静态快照，而实际上 Chrome 窗口是在某个层面运行的，但不在截图中显示。

我尝试一个不同的方法 - 让我双击桌面（点击桌面中央，这应该会切换焦点），然后点击 Dock 中的 Chrome 图标：

让我检查一下实际的屏幕分辨率与截图分辨率的关系。截图显示 1280x720，但 macOS 系统通常的屏幕分辨率更高。让我注意到 "output_image" 的坐标与 cursor_position 的坐标可能不同。让我先获取当前鼠标位置：
[step 21] Action: left_click (349, 9)
[step 21] Reasoning: 好的，`cursor_position` 不是有效的操作。

让我理解一下情况：Chrome 的菜单栏显示在顶部，说明 Chrome 是活跃的，但 Chrome 的主窗口在截图里不可见。截图的分辨率是 1280x720。

让我尝试 "窗口" 菜单来访问最小化的 Chrome 窗口：

==================================================
Task: 当前Chrome浏览器已打开@asyncapi/website网站，地址是http://localhost:3000。测试AsyncAPI社区大使页面底部横幅中的Become an Ambassador now按钮的链接功能。步骤：1.在浏览器中访问/community/ambassadors页面；2.向下滚动页面找到底部横幅区域；3.找到紫色的Become an Ambassador now按钮并点击；4.验证点击后跳转的页面是否正常加载不是404。请始终在浏览器内操作，禁止打开Terminal、Finder或其他应用程序。如果找不到目标功能直接标记result为unclear。
Status: STOPPED_BY_USER
Total steps: 21
Last action: left_click (349, 9)
Last reasoning: 好的，`cursor_position` 不是有效的操作。

让我理解一下情况：Chrome 的菜单栏显示在顶部，说明 Chrome 是活跃的，但 Chrome 的主窗口在截图里不可见。截图的分辨率是 1280x720。

让我尝试 "窗口" 菜单来访问最小化的 Chrome 窗口：

==================================================

UI window closed
