Session created: sess-20260417023356-8d6d7a6bf404445cae2afdce6e136106
UI panel initialized successfully
UI window displayed
Expected result: 点击AsyncAPI-Directory by APIs.guru卡片的Visit Website链接后应能跳转到有效的APIs.guru相关页面，不出现404或其他错误。
[step 0] Action: Initializing
[step 0] Reasoning: Initializing session connection
[step 0] Action: screenshot
[step 1] Action: left_click (1206, 88)
[step 1] Reasoning: I can see the Tools page is already loaded at localhost:3000/tools. I can see the "AsyncAPI-Directory by APIs.guru" card in the APIs section. Let me close the translation popup first and then scroll down to find the Visit Website button on that card.
[step 2] Action: scroll down (634, 560) scroll_amount 3
[step 2] Reasoning: Good, the translation popup is closed. I can see the "AsyncAPI-Directory by APIs.guru" card. I need to scroll down to see the "Visit Website" button on this card.
[step 3] Action: left_click (698, 631)
[step 3] Reasoning: I can now see the "AsyncAPI-Directory by APIs.guru" card with the "Visit Website" button at the bottom. Let me click on it to test the external link.
[step 4] Action: screenshot
[step 4] Reasoning: A new tab opened but it's showing "about:blank" while it's loading. Let me wait for it to complete loading.
[step 5] Action: DONE
[step 5] Reasoning: The page has loaded and it's showing a **404: Page not found** error. The URL navigated to is `apis.guru/asyncapi-directory`, and the page displays:

- "404: Page not found"
- "Sorry, we've misplaced that URL or it's pointing to something that doesn't exist."
- "We have moved to the APIs.guru domain recently. Check out migration guide."

**Test Result: FAIL**

The "Visit Website" button on the "AsyncAPI-Directory by APIs.guru" tool card navigates to `https://apis.guru/asyncapi-directory`, which returns a **404 Page Not Found** error. The link is broken/outdated — the APIs.guru website mentions they have "moved to the APIs.guru domain recently" and suggests checking a migration guide. This is a bug in the AsyncAPI website: the external link for the AsyncAPI-Directory by APIs.guru tool card points to an invalid/outdated URL that no longer exists.
Evaluating task result...

==================================================
Task: 当前Chrome浏览器已打开@asyncapi/website网站，地址是http://localhost:3000。测试Tools页面中APIs.guru AsyncAPI Directory工具卡片的外部链接。步骤：1.导航到/tools页面；2.找到名为AsyncAPI-Directory by APIs.guru的工具卡片；3.点击该卡片上的Visit Website按钮或链接；4.验证点击后是否能导航到有效的外部页面（非404）。请始终在浏览器内操作，禁止打开Terminal、Finder或其他应用程序。如果找不到目标功能直接标记result为unclear。
Status: COMPLETED
Total steps: 5
Last action: DONE
Last reasoning: The page has loaded and it's showing a **404: Page not found** error. The URL navigated to is `apis.guru/asyncapi-directory`, and the page displays:

- "404: Page not found"
- "Sorry, we've misplaced that URL or it's pointing to something that doesn't exist."
- "We have moved to the APIs.guru domain recently. Check out migration guide."

**Test Result: FAIL**

The "Visit Website" button on the "AsyncAPI-Directory by APIs.guru" tool card navigates to `https://apis.guru/asyncapi-directory`, which returns a **404 Page Not Found** error. The link is broken/outdated — the APIs.guru website mentions they have "moved to the APIs.guru domain recently" and suggests checking a migration guide. This is a bug in the AsyncAPI website: the external link for the AsyncAPI-Directory by APIs.guru tool card points to an invalid/outdated URL that no longer exists.

==================================================

UI window closed
