Session created: sess-20260417030344-3ef0d9934ff04227ab1c39b71f734992
UI panel initialized successfully
UI window displayed
Expected result: Swag Store相关链接应指向正确的目标页面，点击后能正常跳转，不会出现404或无效页面。
[step 0] Action: Initializing
[step 0] Reasoning: Initializing session connection
[step 0] Action: Open url: http://localhost:3000/finance
[step 1] Action: left_click (940, 187)
[step 1] Reasoning: 页面有一个 "Recoverable Error"（可恢复错误），显示 "Text content does not match server-rendered HTML."。让我关闭这个错误提示并继续查看页面内容。
[step 2] Action: left_click (640, 62)
[step 2] Reasoning: 点击错误提示的关闭按钮后，页面跳转到了 nextjs.org 的调试页面。这不是我想要的。让我导航回 localhost:3000/finance 页面。
[step 3] Action: type: http://localhost:...
[step 3] Reasoning: 我现在在 nextjs.org 的调试页面，需要导航回 localhost:3000/finance。让我在地址栏输入正确的地址。
[step 4] Action: left_click (640, 89)
[step 4] Reasoning: 我可以看到地址栏已经输入了 http://localhost:3000/finance，并且显示了一个建议 "AsyncAPI Finance Summary - http://localhost:3000/finance"。页面已经加载完成。让我点击那个建议或者按 Enter 键。
[step 5] Action: key: Escape
[step 5] Reasoning: 页面加载了，但又出现了 "Recoverable Error" 提示框（"Text content does not match server-rendered HTML."）。这是一个视觉/功能异常，但页面内容应该仍然可以访问。页面内容在后面（被模糊）。

我需要关闭或绕过这个错误提示。我看到错误框右上角有一些按钮。让我尝试点击右边的 X 按钮（第三个图标）来关闭这个错误框，但之前点击它导致跳转到了 nextjs.org。让我尝试点击旁边的其他按钮，或者直接按 Escape 键。
[step 6] Action: scroll down (640, 400) scroll_amount 10
[step 6] Reasoning: 按 Escape 键关闭了错误提示框，现在我可以看到 "AsyncAPI Financial Summary" 页面的内容。页面显示了：
- 标题：AsyncAPI Financial Summary
- 一些捐款渠道信息
- "Become a Sponsor" 按钮
- "Ways to Support Us?" 部分
- "Sponsorship Tiers" 部分（向下滚动）

现在我需要向下滚动找到 "Expense Breakdown"（费用明细）部分，并找到与 Swag Store 相关的条目。
[step 7] Action: scroll down (640, 400) scroll_amount 10
[step 7] Reasoning: 我看到了 "Sponsorship Tiers" 部分，显示了不同赞助级别的金额和福利。继续向下滚动以找到 "Expense Breakdown"（费用明细）部分。
[step 8] Action: scroll down (640, 400) scroll_amount 10
[step 8] Reasoning: 我看到了 "Other Forms Of Financial Support" 部分，包括 Employee involvement、Service provision 和 Event organization 卡片。继续向下滚动查找 "Expense Breakdown" 部分。
[step 9] Action: scroll down (640, 400) scroll_amount 5
[step 9] Reasoning: 我找到了 "Expense Breakdown"（费用明细）部分！我可以看到：
- Mentorship Program
- Bounty Program
- Events

还需要继续向下滚动以查找 Swag Store 相关条目。
[step 10] Action: scroll down (640, 400) scroll_amount 5
[step 10] Reasoning: 我看到了 "Expense Breakdown" 部分，有三个卡片：Mentorship Program、Bounty Program 和 Events。下面还有更多内容（可以看到底部有更多图标）。继续向下滚动找 Swag Store。
[step 11] Action: scroll down (640, 400) scroll_amount 3
[step 11] Reasoning: 我找到了 "Swag Store" 条目！在 "Expense Breakdown" 部分的第二行，左边第一个卡片就是 **Swag Store**。

我注意到状态栏（底部）显示了一个链接地址：`https://github.com/orgs/asyncapi/discussions/541#discussioncomment-5462792`，这似乎是当鼠标悬停在某个地方时显示的链接。

Swag Store 卡片的描述是："Creating a swag store for seamless distribution to contributors, mentees, ambassadors, and community members. Store profits can fund complimentary swag expenses."

我需要向下滚动一点来看看 Swag Store 卡片中是否有可点击的链接，或者先点击 Swag Store 相关链接。让我先向下滚动一点看看是否有更多内容。

但首先，让我检查 Swag Store 卡片是否有链接。我需要查看下方是否有链接文本。
[step 12] Action: mouse_move (432, 424)
[step 12] Reasoning: 现在我可以清楚地看到 "Swag Store" 卡片，但卡片内没有明显的链接文本。让我检查一下这个卡片的图标或标题是否是可点击的链接。我看到底部状态栏显示了 `https://github.com/orgs/asyncapi/discussions/515`，这说明 Swag Store 区域有一个隐藏的链接。

让我鼠标悬停在 Swag Store 卡片的不同区域，找到可点击的链接。
[step 13] Action: mouse_move (433, 390)
[step 13] Reasoning: 很好！现在我可以看到状态栏显示了 `https://www.store.asyncapi.com/collections/all-products`，这说明 Swag Store 卡片内的某个元素（可能是图标）包含了一个指向 `https://www.store.asyncapi.com/collections/all-products` 的链接。

**视觉观察**：Swag Store 卡片的图标（编辑/铅笔图标）看起来是一个链接。让我鼠标悬停在图标上确认。

现在让我点击 Swag Store 卡片中带链接的元素（图标）。
[step 14] Action: left_click (433, 390)
[step 14] Reasoning: 状态栏持续显示 `https://www.store.asyncapi.com/collections/all-products`，说明 Swag Store 卡片（包括图标）是一个指向该 URL 的链接。

现在我需要点击这个链接来测试它是否可以正常访问。让我点击 Swag Store 卡片的图标或标题。
[step 15] Action: wait
[step 15] Reasoning: 链接被点击后打开了一个新标签页，当前显示 `about:blank`，并且正在加载中（地址栏还在转动）。让我等待页面加载完成。
[step 16] Action: DONE
[step 16] Reasoning: 页面已加载完成。结果显示：

**页面内容**：
- URL：`store.asyncapi.com/collections/all-products`
- 标题/错误信息："Something went wrong."
- 说明："What happened? - This store is unavailable"
- 没有 404 错误，而是 "This store is unavailable"（商店不可用）

**分析**：
- Swag Store 链接指向的是 `https://www.store.asyncapi.com/collections/all-products`
- 该链接没有出现 404 错误，但显示了 "Something went wrong. This store is unavailable"
- 这是 Shopify 商店的错误页面，说明商店目前无法访问/已被暂停

**视觉观察**：页面有一个警告三角图标，显示 "Something went wrong." 和 "This store is unavailable"，这是 Shopify 商店不可用时的标准错误页面。

让我进一步检查一下这个问题的性质——任务要求验证链接是否指向 "asyncapi.com 域名下的有效页面"。虽然 URL 是 `store.asyncapi.com`（asyncapi.com 的子域名），但页面显示商店不可用，不能算是有效页面。

让我截图总结当前状态。

**测试结果总结**：

1. ✅ 成功导航到 `/finance` 页面
2. ✅ 成功找到 "Expense Breakdown"（费用明细）部分
3. ✅ 成功找到 **Swag Store** 相关条目，其链接指向 `https://www.store.asyncapi.com/collections/all-products`
4. ❌ 点击链接后，该页面显示 **"Something went wrong. This store is unavailable"**（商店不可用），即该链接指向的页面**无法正常访问**

**结论**：Swag Store 链接（`https://www.store.asyncapi.com/collections/all-products`）虽然指向 asyncapi.com 子域名，但页面无法正常访问，显示商店不可用错误。这属于**链接跳转目标不可访问**的 BUG。

---

## 测试报告

### 测试步骤执行结果

| 步骤 | 操作 | 结果 |
|------|------|------|
| 1 | 导航到 `/finance` 页面 | ✅ 成功，但页面出现 "Recoverable Error: Text content does not match server-rendered HTML"（页面内容仍可访问） |
| 2 | 找到 Expense Breakdown 部分 | ✅ 成功找到，位于页面中部 |
| 3 | 找到 Swag Store 条目并点击链接 | ✅ 成功找到 Swag Store 卡片，链接指向 `https://www.store.asyncapi.com/collections/all-products` |
| 4 | 验证链接目标地址 | ❌ **失败**：页面显示 "Something went wrong. This store is unavailable"（商店不可用），无法正常访问 |

### 发现的问题

**功能 BUG（严重）**：
- Swag Store 链接 `https://www.store.asyncapi.com/collections/all-products` 指向的商店已下线/不可用，用户点击后看到 "This store is unavailable" 错误页面，而非有效内容页面。虽然不是 404 错误，但实际上该链接目标已无法正常使用，属于**链接指向失效页面**的问题。

**视觉/功能异常**：
- `/finance` 页面加载时触发 Next.js "Recoverable Error"：`Text content does not match server-rendered HTML`，这是服务端渲染与客户端渲染内容不一致的问题。
- Swag Store 卡片图标显示的是铅笔/编辑图标，而非购物袋或商店图标，图标语义与内容不符（视觉异常）。

**测试判定：FAIL** — Swag Store 链接跳转后目标页面不可访问（"This store is unavailable"），该链接存在失效问题。
Evaluating task result...

==================================================
Task: 当前Chrome浏览器已打开@asyncapi/website网站，地址是http://localhost:3000。测试与Swag Store相关的链接是否正确跳转。步骤：1.导航到/finance页面；2.在页面中找到费用明细（Expense Breakdown）部分；3.找到Swag Store相关条目并点击其中的链接；4.验证该链接指向的目标地址是否正确可访问，应指向asyncapi.com域名下的有效页面，不应出现404。请始终在浏览器内操作，禁止打开Terminal、Finder或其他应用程序。如果找不到目标功能直接标记result为unclear。
Status: COMPLETED
Total steps: 16
Last action: DONE
Last reasoning: 页面已加载完成。结果显示：

**页面内容**：
- URL：`store.asyncapi.com/collections/all-products`
- 标题/错误信息："Something went wrong."
- 说明："What happened? - This store is unavailable"
- 没有 404 错误，而是 "This store is unavailable"（商店不可用）

**分析**：
- Swag Store 链接指向的是 `https://www.store.asyncapi.com/collections/all-products`
- 该链接没有出现 404 错误，但显示了 "Something went wrong. This store is unavailable"
- 这是 Shopify 商店的错误页面，说明商店目前无法访问/已被暂停

**视觉观察**：页面有一个警告三角图标，显示 "Something went wrong." 和 "This store is unavailable"，这是 Shopify 商店不可用时的标准错误页面。

让我进一步检查一下这个问题的性质——任务要求验证链接是否指向 "asyncapi.com 域名下的有效页面"。虽然 URL 是 `store.asyncapi.com`（asyncapi.com 的子域名），但页面显示商店不可用，不能算是有效页面。

让我截图总结当前状态。

**测试结果总结**：

1. ✅ 成功导航到 `/finance` 页面
2. ✅ 成功找到 "Expense Breakdown"（费用明细）部分
3. ✅ 成功找到 **Swag Store** 相关条目，其链接指向 `https://www.store.asyncapi.com/collections/all-products`
4. ❌ 点击链接后，该页面显示 **"Something went wrong. This store is unavailable"**（商店不可用），即该链接指向的页面**无法正常访问**

**结论**：Swag Store 链接（`https://www.store.asyncapi.com/collections/all-products`）虽然指向 asyncapi.com 子域名，但页面无法正常访问，显示商店不可用错误。这属于**链接跳转目标不可访问**的 BUG。

---

## 测试报告

### 测试步骤执行结果

| 步骤 | 操作 | 结果 |
|------|------|------|
| 1 | 导航到 `/finance` 页面 | ✅ 成功，但页面出现 "Recoverable Error: Text content does not match server-rendered HTML"（页面内容仍可访问） |
| 2 | 找到 Expense Breakdown 部分 | ✅ 成功找到，位于页面中部 |
| 3 | 找到 Swag Store 条目并点击链接 | ✅ 成功找到 Swag Store 卡片，链接指向 `https://www.store.asyncapi.com/collections/all-products` |
| 4 | 验证链接目标地址 | ❌ **失败**：页面显示 "Something went wrong. This store is unavailable"（商店不可用），无法正常访问 |

### 发现的问题

**功能 BUG（严重）**：
- Swag Store 链接 `https://www.store.asyncapi.com/collections/all-products` 指向的商店已下线/不可用，用户点击后看到 "This store is unavailable" 错误页面，而非有效内容页面。虽然不是 404 错误，但实际上该链接目标已无法正常使用，属于**链接指向失效页面**的问题。

**视觉/功能异常**：
- `/finance` 页面加载时触发 Next.js "Recoverable Error"：`Text content does not match server-rendered HTML`，这是服务端渲染与客户端渲染内容不一致的问题。
- Swag Store 卡片图标显示的是铅笔/编辑图标，而非购物袋或商店图标，图标语义与内容不符（视觉异常）。

**测试判定：FAIL** — Swag Store 链接跳转后目标页面不可访问（"This store is unavailable"），该链接存在失效问题。

==================================================

UI window closed
