Session created: sess-20260416220047-4df36ac731b34f30bd268cd7e9c0b048
UI panel initialized successfully
UI window displayed
Expected result: 作者Quetzalli Writes的头像图片应正常加载显示，不应出现破损图片图标或404错误。
[step 0] Action: Initializing
[step 0] Reasoning: Initializing session connection
[step 0] Action: Open url: http://localhost:3000/blog/google-season-of-docs-2022
[step 1] Action: key: Escape
[step 1] Reasoning: 页面出现了一个 Runtime Error（Next.js hydration error）。让我关闭这个错误弹窗，查看页面底层内容。
[step 2] Action: screenshot
[step 2] Reasoning: 现在可以看到页面内容了。我注意到作者信息区域中，"Quetzalli Writes" 旁边有一个头像图片区域，看起来显示的是一个破损或加载失败的图片图标（左侧显示了一个小图标，带有"Que+"文字）。让我放大查看这个区域。
[step 3] Action: key: ctrl+shift+i
[step 3] Reasoning: 我可以清楚地看到作者信息区域。在 "Quetzalli Writes" 的左侧，有一个头像图片区域，显示的是一个破损图片图标（可以看到带有"Que+"文字的小图标，这是图片加载失败时的典型表现）。让我放大该区域来更清楚地确认。
[step 4] Action: key: super+alt+i
[step 4] Reasoning: DevTools 没有打开。让我使用 Command+Option+I 来打开 Chrome DevTools。
[step 5] Action: left_click (968, 541)
[step 5] Reasoning: DevTools 已成功打开。我可以清楚地看到以下关键信息：

1. **控制台中有错误**：在 Console 标签页中，有一条红色错误信息：`"Failed to load resource: the server responded canela-quetzalli.webp with a status of 404 (Not Found)"`

2. **作者头像区域**：在页面左侧，"Quetzalli Writes" 旁边的头像位置显示的是一个破损图片图标（可以看到小的破损图片图标）。

让我放大查看 Console 中的错误详情。
[step 6] Action: left_click (1041, 132)
[step 6] Reasoning: 我已经可以看到很重要的错误信息。让我点击 Console 标签来查看完整的错误日志。
[step 7] Action: scroll down (1100, 600) scroll_amount 3
[step 7] Reasoning: 现在我可以看到 Console 中的完整错误信息。让我仔细分析这些错误：

1. **最关键的错误**（底部红色）：`"Failed to load resource: the server responded canela-quetzalli.webp with a status of 404 (Not Found)"` - 这明确表明 Quetzalli Writes 的头像图片文件（canela-quetzalli.webp）加载失败，服务器返回 404 错误。

2. **Hydration Error**：`"Uncaught Error: Hydration failed because the initial UI does not match what was rendered on the server."` - React 服务端渲染水合错误。

3. **另一个 Error**：`"Uncaught Error: There was an error while hydrating. Because the error happened outside of a Suspense boundary, the entire root will switch to client rendering."` - 水合错误导致整个根组件切换到客户端渲染。

让我放大查看底部 404 错误的完整 URL。
[step 8] Action: left_click (1131, 132)
[step 8] Reasoning: 我已经收集到了足够的信息。让我现在检查 Network 标签来确认图片请求的状态。
[step 9] Action: left_click (1109, 203)
[step 9] Reasoning: Network 标签页打开了，但显示"Currently recording network activity"（需要重新加载页面）。让我点击 "Img" 过滤器然后重新加载页面，以便查看图片请求的状态。
[step 10] Action: key: super+r
[step 10] Reasoning: 我已选择了 "Img" 过滤器。现在让我重新加载页面以捕获网络请求。
[step 11] Action: left_click (779, 204)
[step 11] Reasoning: 现在我得到了非常清晰的信息！在 Network 标签的 "Img" 过滤器下，我可以看到：

**Network 请求列表中的关键信息：**
1. `SeasonofDocs_Logo.webp` - 状态 304（成功，来自缓存）
2. `feedback-card.webp` - 状态 304（成功）
3. `docs-community-discussions...` - 状态 304（成功）
4. `netlify-color-bg.svg` - 状态 [failed]
5. **`canela-quetzalli.webp` - 状态 404（！！失败）** - 这正是 Quetzalli Writes 的头像图片！
6. `netlify-color-bg.svg` - 状态 [failed]

**Console 底部也确认**：`GET http://localhost:3000/canela-quetzalli.webp 404 (Not Found)` - 头像文件完全不存在于服务器上。

让我关闭 Runtime Error 弹窗以便更清楚地看到页面，同时截图确认头像图片破损状态。
[step 12] Action: left_click (1055, 35)
[step 12] Reasoning: 点击关闭按钮意外地打开了一个新标签页。让我回到目标页面标签。
[step 13] Action: key: Escape
[step 13] Reasoning: 我现在可以清楚地看到所有必要的信息。让我按下 Escape 键关闭 Runtime Error 弹窗。
[step 14] Action: mouse_move (200, 252)
[step 14] Reasoning: 现在页面清晰可见，同时 Network 面板也显示了所有关键信息。让我放大作者头像区域，以便更清楚地确认头像显示状态。
[step 15] Action: screenshot
[step 15] Reasoning: 现在我有了完整的证据。让我截取一张最终截图来全面确认所有信息。
[step 16] Action: DONE
[step 16] Reasoning: 测试完成。以下是完整的测试报告：

---

## 📋 测试报告：博客页面作者头像图片加载测试

### 测试页面
`http://localhost:3000/blog/google-season-of-docs-2022`

### 测试结果：**❌ 图片加载失败（存在 BUG）**

---

### 🔍 详细发现

#### 1. 作者头像图片显示状态
- **作者**：Quetzalli Writes
- **头像图片状态**：❌ **破损图片图标**（图片未能正常显示）
- 在作者 "Quetzalli Writes" 左侧的头像位置，显示的是一个破损图片图标（带有 "Que+" 文字的降级显示），而非正常的头像图片

#### 2. Network 面板确认（图片请求记录）
| 文件名 | 状态 | 类型 |
|--------|------|------|
| SeasonofDocs_Logo.webp | ✅ 304 | webp |
| feedback-card.webp | ✅ 304 | webp |
| docs-community-discussions... | ✅ 304 | webp |
| **canela-quetzalli.webp** | ❌ **404** | text/html |
| netlify-color-bg.svg | ❌ [failed] | - |

#### 3. Console 错误信息
- **主要错误**：`GET http://localhost:3000/canela-quetzalli.webp 404 (Not Found)` — 头像图片文件不存在于服务器上
- **附加错误**：`Failed to load resource: the server responded canela-quetzalli.webp with a status of 404 (Not Found)`
- **Hydration Error**：`Uncaught Error: Hydration failed because the initial UI does not match what was rendered on the server.`（React 服务端渲染水合错误，可能与图片路径问题相关）

---

### 🐛 Bug 总结

**Bug 类型**：图片资源 404 错误  
**影响范围**：作者 Quetzalli Writes 的头像图片（`canela-quetzalli.webp`）  
**根本原因**：头像图片文件 `canela-quetzalli.webp` 在服务器上不存在（404 Not Found），图片路径配置错误或图片文件缺失  
**视觉表现**：作者信息区域显示破损图片图标，而非正确的作者头像  
**结论**：Quetzalli Writes 的头像图片**未能正常显示**，存在图片加载失败的 BUG
Evaluating task result...

==================================================
Task: 当前Chrome浏览器已打开@asyncapi/website网站，地址是http://localhost:3000。测试博客页面中作者头像图片的加载情况。步骤：1.导航到/blog/google-season-of-docs-2022页面；2.查看文章页面中作者信息区域；3.确认作者Quetzalli Writes的头像图片是否正常显示（不是破损图片图标）；4.观察页面上是否有图片加载失败的迹象。请始终在浏览器内操作，禁止打开Terminal、Finder或其他应用程序。如果找不到目标功能直接标记result为unclear。
Status: COMPLETED
Total steps: 16
Last action: DONE
Last reasoning: 测试完成。以下是完整的测试报告：

---

## 📋 测试报告：博客页面作者头像图片加载测试

### 测试页面
`http://localhost:3000/blog/google-season-of-docs-2022`

### 测试结果：**❌ 图片加载失败（存在 BUG）**

---

### 🔍 详细发现

#### 1. 作者头像图片显示状态
- **作者**：Quetzalli Writes
- **头像图片状态**：❌ **破损图片图标**（图片未能正常显示）
- 在作者 "Quetzalli Writes" 左侧的头像位置，显示的是一个破损图片图标（带有 "Que+" 文字的降级显示），而非正常的头像图片

#### 2. Network 面板确认（图片请求记录）
| 文件名 | 状态 | 类型 |
|--------|------|------|
| SeasonofDocs_Logo.webp | ✅ 304 | webp |
| feedback-card.webp | ✅ 304 | webp |
| docs-community-discussions... | ✅ 304 | webp |
| **canela-quetzalli.webp** | ❌ **404** | text/html |
| netlify-color-bg.svg | ❌ [failed] | - |

#### 3. Console 错误信息
- **主要错误**：`GET http://localhost:3000/canela-quetzalli.webp 404 (Not Found)` — 头像图片文件不存在于服务器上
- **附加错误**：`Failed to load resource: the server responded canela-quetzalli.webp with a status of 404 (Not Found)`
- **Hydration Error**：`Uncaught Error: Hydration failed because the initial UI does not match what was rendered on the server.`（React 服务端渲染水合错误，可能与图片路径问题相关）

---

### 🐛 Bug 总结

**Bug 类型**：图片资源 404 错误  
**影响范围**：作者 Quetzalli Writes 的头像图片（`canela-quetzalli.webp`）  
**根本原因**：头像图片文件 `canela-quetzalli.webp` 在服务器上不存在（404 Not Found），图片路径配置错误或图片文件缺失  
**视觉表现**：作者信息区域显示破损图片图标，而非正确的作者头像  
**结论**：Quetzalli Writes 的头像图片**未能正常显示**，存在图片加载失败的 BUG

==================================================

UI window closed
