Session created: sess-20260416225910-8efba9cd2d664bb3961e00c122b2b4ce
UI panel initialized successfully
UI window displayed
Expected result: RSS Feed链接应正常可点击，点击后应能正确访问RSS XML内容，不应出现404错误。
[step 0] Action: Initializing
[step 0] Reasoning: Initializing session connection
[step 0] Action: screenshot
[step 1] Action: left_click (1221, 90)
[step 1] Reasoning: I can see the blog page is already open at `localhost:3000/blog`. I can see the RSS Feed link in the text "We have an RSS Feed, too!". Let me close the Google Translate popup and then click on the RSS Feed link.
[step 2] Action: left_click (671, 272)
[step 2] Reasoning: The Google Translate popup is closed. Now I can clearly see the RSS Feed link in the blog page. I can see:
- The blog page is at `localhost:3000/blog` ✓
- There's text "We have an 🔶 RSS Feed, too!" with the RSS Feed text as a clickable link ✓
- The RSS icon and "RSS Feed" text are visible

Now let me click on the RSS Feed link to test if it navigates correctly to `/rss.xml`.
[step 3] Action: DONE
[step 3] Reasoning: The RSS Feed link works correctly. Here's what I observed:

## 测试结果总结

### ✅ 测试通过

**步骤验证：**

1. **博客页面 `/blog`** ✅ - 页面已成功加载，显示 "Welcome to our blog!" 标题
2. **RSS Feed 链接存在且可见** ✅ - 在博客页面中找到了文本 "We have an 🔶 RSS Feed, too!"，其中 "RSS Feed" 是一个可点击的链接，带有 RSS 图标
3. **链接正确导航** ✅ - 点击 RSS Feed 链接后，浏览器成功导航到 `localhost:3000/rss.xml`
4. **返回有效 XML 内容** ✅ - 页面显示了完整有效的 XML 内容，包含：
   - RSS/Atom feed 头部信息（`xmlns:atom="http://www.w3.org/2005/Atom" version="2.0"`）
   - 频道标题：`AsyncAPI Initiative Blog RSS Feed`
   - 多篇博客文章条目（Monthly Community Update, AsyncAPI Spec 3.1.0 Release Notes, 等）
5. **无 404 错误** ✅ - 没有出现 404 错误页面

**视觉观察：**
- 博客页面中前两个 Featured 文章卡片的图片未能加载（显示为空白），这可能是一个视觉 bug（图片加载失败）
- 其余功能和布局正常

**结论：** RSS Feed 链接功能工作正常，点击后能正确导航到 `/rss.xml` 并返回有效的 XML 内容。**不存在 404 bug**。
Evaluating task result...

==================================================
Task: 当前Chrome浏览器已打开@asyncapi/website网站，地址是http://localhost:3000。测试博客页面中RSS Feed链接的功能和行为。步骤：1.打开/blog页面；2.在页面中找到RSS Feed链接；3.确认该链接存在且可见；4.点击RSS Feed链接，确认能正确导航到/rss.xml并返回有效XML内容；5.如果点击后出现404错误页面则说明存在bug。请始终在浏览器内操作，禁止打开Terminal、Finder或其他应用程序。如果找不到目标功能直接标记result为unclear。
Status: COMPLETED
Total steps: 3
Last action: DONE
Last reasoning: The RSS Feed link works correctly. Here's what I observed:

## 测试结果总结

### ✅ 测试通过

**步骤验证：**

1. **博客页面 `/blog`** ✅ - 页面已成功加载，显示 "Welcome to our blog!" 标题
2. **RSS Feed 链接存在且可见** ✅ - 在博客页面中找到了文本 "We have an 🔶 RSS Feed, too!"，其中 "RSS Feed" 是一个可点击的链接，带有 RSS 图标
3. **链接正确导航** ✅ - 点击 RSS Feed 链接后，浏览器成功导航到 `localhost:3000/rss.xml`
4. **返回有效 XML 内容** ✅ - 页面显示了完整有效的 XML 内容，包含：
   - RSS/Atom feed 头部信息（`xmlns:atom="http://www.w3.org/2005/Atom" version="2.0"`）
   - 频道标题：`AsyncAPI Initiative Blog RSS Feed`
   - 多篇博客文章条目（Monthly Community Update, AsyncAPI Spec 3.1.0 Release Notes, 等）
5. **无 404 错误** ✅ - 没有出现 404 错误页面

**视觉观察：**
- 博客页面中前两个 Featured 文章卡片的图片未能加载（显示为空白），这可能是一个视觉 bug（图片加载失败）
- 其余功能和布局正常

**结论：** RSS Feed 链接功能工作正常，点击后能正确导航到 `/rss.xml` 并返回有效的 XML 内容。**不存在 404 bug**。

==================================================

UI window closed
