Session created: sess-20260416233548-ea75c480372e4e27b69b767464f7caa9
UI panel initialized successfully
UI window displayed
Expected result: 切换语言后搜索按钮显示文本应立即更新为对应语言内容，无需刷新页面，搜索功能在切换后仍可正常使用。
[step 0] Action: Initializing
[step 0] Reasoning: Initializing session connection
[step 0] Action: screenshot
[step 1] Action: left_click (1221, 90)
[step 1] Reasoning: I can see the AsyncAPI website is open at localhost:3000/en. I can see:
1. The homepage is loaded
2. There's a search button showing "Quick search... ⌘ K" 
3. There's a language selector in the navigation bar showing "English"
4. There's also a Google Translate popup in the top right corner (which I'll ignore as it's a browser feature, not the website's language switching)

Let me first close the Google Translate popup and then look at the website's language switcher more carefully.
[step 2] Action: left_click (905, 110)
[step 2] Reasoning: Good, the Google Translate popup is closed. Now I can clearly see:
1. The homepage is at localhost:3000/en
2. There's a language selector in the navigation bar showing "English" with a dropdown icon
3. There's a search button showing "Quick search... ⌘ K" in the hero section
4. There's also a search icon (magnifying glass) in the navigation bar

Let me note the current search button text: **"Quick search... ⌘ K"**

Now let me click on the language dropdown to see available language options.
[step 3] Action: left_click (889, 138)
[step 3] Reasoning: I can see the language dropdown has opened with three options:
1. **English** (currently selected, shown with a checkmark)
2. **Deutsch** (German)
3. **简体中文** (Simplified Chinese)

The current search button text is **"Quick search... ⌘ K"**

Now let me switch to **简体中文** (Simplified Chinese) to test if the search button text updates accordingly.
[step 4] Action: left_click (695, 352)
[step 4] Reasoning: Excellent! The page has switched to Simplified Chinese (简体中文). I can observe:

1. **URL changed**: from `localhost:3000/en` to `localhost:3000/zh_cn` ✅
2. **Page content translated**: The main heading now shows "构建未来的 事件驱动架构（EDA）" (Chinese) ✅
3. **Language selector updated**: Now shows "简体中文" ✅
4. **"Read the docs" button translated**: Now shows "阅读文档" ✅
5. **🐛 BUG FOUND**: The search button still shows **"Quick search... ⌘ K"** in English, even though the page has been switched to Chinese! This is a bug - the search button text was NOT updated when the language was switched.

This is a clear visual/functional bug: The Algolia search button text does not update when switching languages. The page content, navigation text, and other elements are translated correctly, but the search button remains in English ("Quick search... ⌘ K") instead of being translated to Chinese.

Now let me click the search button to confirm it still functions (even though the text isn't translated):
[step 5] Action: key: Escape
[step 5] Reasoning: The search functionality is working after the language switch - the Algolia search modal has opened. However, I can observe additional issues:

**🐛 BUG #1 (Confirmed)**: The search button on the homepage still shows **"Quick search... ⌘ K"** in English (visible in the background behind the modal), even after switching to Chinese (简体中文). The button text was NOT translated.

**🐛 BUG #2 (Observed in the search modal)**:
- The search modal placeholder text shows **"Search resources"** in English, not in Chinese
- The keyboard shortcut hints say "to select", "to navigate", "to close" - all in English, not translated
- The "No recent searches" text is in English

**✅ Search functionality itself works**: The search modal opens correctly after language switching.

Let me also check the navbar search icon to see if it has the same issue:
[step 6] Action: left_click (905, 110)
[step 6] Reasoning: Now I can clearly confirm the bug. The page is in Chinese (简体中文) mode with:
- URL: `localhost:3000/zh_cn`
- Language selector showing: "简体中文" ✅
- Main heading in Chinese: "构建未来的 事件驱动架构（EDA）" ✅
- "Read the docs" button translated to Chinese: "阅读文档" ✅
- Other text on the page in Chinese ✅

But the **search button still shows "Quick search... ⌘ K" in English** ❌ - This confirms the bug.

Let me now also test with the German language to further validate the bug:
[step 7] Action: left_click (888, 90)
[step 7] Reasoning: The language dropdown is showing again with:
- English
- Deutsch
- 简体中文 (currently selected with checkmark)

Let me click on "Deutsch" to test with German:
[step 8] Action: DONE
[step 8] Reasoning: The page has switched to German (Deutsch). I can confirm:

1. **URL changed**: from `localhost:3000/zh_cn` to `localhost:3000/de` ✅
2. **Language selector shows**: "Deutsch" ✅
3. **Main heading is in German**: "Aufbau der Zukunft der Ereignisgesteuerte Architekturen (EDA)" ✅
4. **"Read the docs" button is in German**: "Lesen Sie die Dokumente" ✅
5. **Subtitle text is in German**: "Open-Source-Tools zur einfachen Erstellung und Wartung Ihrer ereignisgesteuerten Architektur..." ✅

But again:
**🐛 BUG CONFIRMED**: The search button STILL shows **"Quick search... ⌘ K"** in English! It has NOT been translated to German. It should show something like "Schnellsuche..." or a German equivalent.

This conclusively proves the bug: **The Algolia search button text does not update when switching languages**. The text remains in English regardless of the selected language.

---

## 📋 Test Results Summary

### Test: Language Switching & Algolia Search Button Update

**Test Steps Completed:**
1. ✅ Opened homepage at `localhost:3000/en`
2. ✅ Found language switcher in the navigation bar (dropdown with English, Deutsch, 简体中文)
3. ✅ Switched to 简体中文 (Simplified Chinese) → URL: `localhost:3000/zh_cn`
4. ✅ Switched to Deutsch (German) → URL: `localhost:3000/de`
5. ✅ Clicked search button to confirm it still functions

---

### 🐛 Bugs Found:

**BUG #1 - CRITICAL (Functional/i18n Bug):**
- **Description**: The Algolia search button text **does NOT update** when switching languages
- **Expected**: Button should show localized text (e.g., "快速搜索..." in Chinese, "Schnellsuche..." in German)
- **Actual**: Button always shows **"Quick search... ⌘ K"** (English) regardless of the selected language
- **Steps to Reproduce**: Switch language from English to Chinese or German → Search button remains in English
- **Result**: **FAIL** ❌

**BUG #2 - (Search Modal i18n Bug):**
- **Description**: The Algolia search modal UI (placeholder text, keyboard shortcut labels, "No recent searches" text) also remains in English when language is switched to Chinese
- **Expected**: All search UI elements should be localized
- **Actual**: Modal shows English text ("Search resources", "No recent searches", "to select", "to navigate", "to close")
- **Result**: **FAIL** ❌

**Search Functionality After Language Switch:**
- ✅ The search button is still clickable and opens the search modal after language switching
- ✅ The Algolia search functionality itself works (modal opens, "Search by Algolia" displayed)
Evaluating task result...

==================================================
Task: 当前Chrome浏览器已打开@asyncapi/website网站，地址是http://localhost:3000。测试语言切换后Algolia搜索按钮是否正确更新。步骤：1.打开首页；2.找到语言切换选项（导航栏或页脚）；3.切换到另一种语言；4.观察搜索按钮文本是否随语言切换实时更新（无需刷新页面）；5.点击搜索按钮确认搜索功能在语言切换后仍正常工作。请始终在浏览器内操作，禁止打开Terminal、Finder或其他应用程序。如果找不到语言切换功能或搜索按钮直接标记result为unclear。
Status: COMPLETED
Total steps: 8
Last action: DONE
Last reasoning: The page has switched to German (Deutsch). I can confirm:

1. **URL changed**: from `localhost:3000/zh_cn` to `localhost:3000/de` ✅
2. **Language selector shows**: "Deutsch" ✅
3. **Main heading is in German**: "Aufbau der Zukunft der Ereignisgesteuerte Architekturen (EDA)" ✅
4. **"Read the docs" button is in German**: "Lesen Sie die Dokumente" ✅
5. **Subtitle text is in German**: "Open-Source-Tools zur einfachen Erstellung und Wartung Ihrer ereignisgesteuerten Architektur..." ✅

But again:
**🐛 BUG CONFIRMED**: The search button STILL shows **"Quick search... ⌘ K"** in English! It has NOT been translated to German. It should show something like "Schnellsuche..." or a German equivalent.

This conclusively proves the bug: **The Algolia search button text does not update when switching languages**. The text remains in English regardless of the selected language.

---

## 📋 Test Results Summary

### Test: Language Switching & Algolia Search Button Update

**Test Steps Completed:**
1. ✅ Opened homepage at `localhost:3000/en`
2. ✅ Found language switcher in the navigation bar (dropdown with English, Deutsch, 简体中文)
3. ✅ Switched to 简体中文 (Simplified Chinese) → URL: `localhost:3000/zh_cn`
4. ✅ Switched to Deutsch (German) → URL: `localhost:3000/de`
5. ✅ Clicked search button to confirm it still functions

---

### 🐛 Bugs Found:

**BUG #1 - CRITICAL (Functional/i18n Bug):**
- **Description**: The Algolia search button text **does NOT update** when switching languages
- **Expected**: Button should show localized text (e.g., "快速搜索..." in Chinese, "Schnellsuche..." in German)
- **Actual**: Button always shows **"Quick search... ⌘ K"** (English) regardless of the selected language
- **Steps to Reproduce**: Switch language from English to Chinese or German → Search button remains in English
- **Result**: **FAIL** ❌

**BUG #2 - (Search Modal i18n Bug):**
- **Description**: The Algolia search modal UI (placeholder text, keyboard shortcut labels, "No recent searches" text) also remains in English when language is switched to Chinese
- **Expected**: All search UI elements should be localized
- **Actual**: Modal shows English text ("Search resources", "No recent searches", "to select", "to navigate", "to close")
- **Result**: **FAIL** ❌

**Search Functionality After Language Switch:**
- ✅ The search button is still clickable and opens the search modal after language switching
- ✅ The Algolia search functionality itself works (modal opens, "Search by Algolia" displayed)

==================================================

UI window closed
